{"uid":"e671bbc916be6f37","name":"Search for existing project test","fullName":"tests.workspaces_test.TestWorkspaces#test_search_project","historyId":"89e36300939846c9ff65d6b54eed8329","time":{"start":1719019052112,"stop":1719019052112,"duration":0},"description":"Search for an existing project","descriptionHtml":"<p>Search for an existing project</p>\n","status":"broken","statusMessage":"selenium.common.exceptions.TimeoutException: Message: \nStacktrace:\n#0 0x56371f74e6aa <unknown>\n#1 0x56371f4310dc <unknown>\n#2 0x56371f47d931 <unknown>\n#3 0x56371f47da21 <unknown>\n#4 0x56371f4c2234 <unknown>\n#5 0x56371f4a089d <unknown>\n#6 0x56371f4bf5c3 <unknown>\n#7 0x56371f4a0613 <unknown>\n#8 0x56371f4704f7 <unknown>\n#9 0x56371f470e4e <unknown>\n#10 0x56371f71487b <unknown>\n#11 0x56371f718921 <unknown>\n#12 0x56371f70036e <unknown>\n#13 0x56371f719482 <unknown>\n#14 0x56371f6e4ccf <unknown>\n#15 0x56371f73e0a8 <unknown>\n#16 0x56371f73e280 <unknown>\n#17 0x56371f74d7dc <unknown>\n#18 0x7fb181a94ac3 <unknown>","statusTrace":"self = <tests.workspaces_test.TestWorkspaces object at 0x7fc165e69b80>\n\n    @pytest.fixture(autouse=True)\n    def setup_method_fixture(self):\n>       login(self.about_page, self.login_page)\n\ntests/workspaces_test.py:25: \n_ _ _ _ _ _ _ _ _ _ _ _ _ _ _ _ _ _ _ _ _ _ _ _ _ _ _ _ _ _ _ _ _ _ _ _ _ _ _ _ \ntests/workspaces_test.py:15: in login\n    about_page.click_login_link()\npages/about_page.py:20: in click_login_link\n    self.click(self.LOGIN_LINK)\npages/base_page.py:60: in click\n    el: WebElement = self.wait.until(\n_ _ _ _ _ _ _ _ _ _ _ _ _ _ _ _ _ _ _ _ _ _ _ _ _ _ _ _ _ _ _ _ _ _ _ _ _ _ _ _ \n\nself = <selenium.webdriver.support.wait.WebDriverWait (session=\"917b5aa50da9c380406c1c25b800a3ea\")>\nmethod = <function element_to_be_clickable.<locals>._predicate at 0x7fc16535ec00>\nmessage = ''\n\n    def until(self, method: Callable[[D], Union[Literal[False], T]], message: str = \"\") -> T:\n        \"\"\"Calls the method provided with the driver as an argument until the \\\n        return value does not evaluate to ``False``.\n    \n        :param method: callable(WebDriver)\n        :param message: optional message for :exc:`TimeoutException`\n        :returns: the result of the last call to `method`\n        :raises: :exc:`selenium.common.exceptions.TimeoutException` if timeout occurs\n        \"\"\"\n        screen = None\n        stacktrace = None\n    \n        end_time = time.monotonic() + self._timeout\n        while True:\n            try:\n                value = method(self._driver)\n                if value:\n                    return value\n            except self._ignored_exceptions as exc:\n                screen = getattr(exc, \"screen\", None)\n                stacktrace = getattr(exc, \"stacktrace\", None)\n            time.sleep(self._poll)\n            if time.monotonic() > end_time:\n                break\n>       raise TimeoutException(message, screen, stacktrace)\nE       selenium.common.exceptions.TimeoutException: Message: \nE       Stacktrace:\nE       #0 0x56371f74e6aa <unknown>\nE       #1 0x56371f4310dc <unknown>\nE       #2 0x56371f47d931 <unknown>\nE       #3 0x56371f47da21 <unknown>\nE       #4 0x56371f4c2234 <unknown>\nE       #5 0x56371f4a089d <unknown>\nE       #6 0x56371f4bf5c3 <unknown>\nE       #7 0x56371f4a0613 <unknown>\nE       #8 0x56371f4704f7 <unknown>\nE       #9 0x56371f470e4e <unknown>\nE       #10 0x56371f71487b <unknown>\nE       #11 0x56371f718921 <unknown>\nE       #12 0x56371f70036e <unknown>\nE       #13 0x56371f719482 <unknown>\nE       #14 0x56371f6e4ccf <unknown>\nE       #15 0x56371f73e0a8 <unknown>\nE       #16 0x56371f73e280 <unknown>\nE       #17 0x56371f74d7dc <unknown>\nE       #18 0x7fb181a94ac3 <unknown>\n\n.venv/lib/python3.12/site-packages/selenium/webdriver/support/wait.py:105: TimeoutException","flaky":false,"newFailed":false,"newBroken":false,"newPassed":false,"retriesCount":0,"retriesStatusChange":false,"beforeStages":[{"name":"setup_method_fixture","time":{"start":1719019053516,"stop":1719019063859,"duration":10343},"status":"broken","statusMessage":"selenium.common.exceptions.TimeoutException: Message: \nStacktrace:\n#0 0x56371f74e6aa <unknown>\n#1 0x56371f4310dc <unknown>\n#2 0x56371f47d931 <unknown>\n#3 0x56371f47da21 <unknown>\n#4 0x56371f4c2234 <unknown>\n#5 0x56371f4a089d <unknown>\n#6 0x56371f4bf5c3 <unknown>\n#7 0x56371f4a0613 <unknown>\n#8 0x56371f4704f7 <unknown>\n#9 0x56371f470e4e <unknown>\n#10 0x56371f71487b <unknown>\n#11 0x56371f718921 <unknown>\n#12 0x56371f70036e <unknown>\n#13 0x56371f719482 <unknown>\n#14 0x56371f6e4ccf <unknown>\n#15 0x56371f73e0a8 <unknown>\n#16 0x56371f73e280 <unknown>\n#17 0x56371f74d7dc <unknown>\n#18 0x7fb181a94ac3 <unknown>\n\n","statusTrace":"  File \"/home/runner/work/Selenium-Python-Example/Selenium-Python-Example/.venv/lib/python3.12/site-packages/pluggy/_callers.py\", line 167, in _multicall\n    teardown.throw(outcome._exception)\n  File \"/home/runner/work/Selenium-Python-Example/Selenium-Python-Example/.venv/lib/python3.12/site-packages/_pytest/setuponly.py\", line 36, in pytest_fixture_setup\n    return (yield)\n            ^^^^^\n  File \"/home/runner/work/Selenium-Python-Example/Selenium-Python-Example/.venv/lib/python3.12/site-packages/pluggy/_callers.py\", line 103, in _multicall\n    res = hook_impl.function(*args)\n          ^^^^^^^^^^^^^^^^^^^^^^^^^\n  File \"/home/runner/work/Selenium-Python-Example/Selenium-Python-Example/.venv/lib/python3.12/site-packages/_pytest/fixtures.py\", line 1122, in pytest_fixture_setup\n    result = call_fixture_func(fixturefunc, request, kwargs)\n             ^^^^^^^^^^^^^^^^^^^^^^^^^^^^^^^^^^^^^^^^^^^^^^^\n  File \"/home/runner/work/Selenium-Python-Example/Selenium-Python-Example/.venv/lib/python3.12/site-packages/_pytest/fixtures.py\", line 884, in call_fixture_func\n    fixture_result = fixturefunc(**kwargs)\n                     ^^^^^^^^^^^^^^^^^^^^^\n  File \"/home/runner/work/Selenium-Python-Example/Selenium-Python-Example/tests/workspaces_test.py\", line 25, in setup_method_fixture\n    login(self.about_page, self.login_page)\n  File \"/home/runner/work/Selenium-Python-Example/Selenium-Python-Example/tests/workspaces_test.py\", line 15, in login\n    about_page.click_login_link()\n  File \"/home/runner/work/Selenium-Python-Example/Selenium-Python-Example/.venv/lib/python3.12/site-packages/allure_commons/_allure.py\", line 192, in impl\n    return func(*a, **kw)\n           ^^^^^^^^^^^^^^\n  File \"/home/runner/work/Selenium-Python-Example/Selenium-Python-Example/pages/about_page.py\", line 20, in click_login_link\n    self.click(self.LOGIN_LINK)\n  File \"/home/runner/work/Selenium-Python-Example/Selenium-Python-Example/pages/base_page.py\", line 60, in click\n    el: WebElement = self.wait.until(\n                     ^^^^^^^^^^^^^^^^\n  File \"/home/runner/work/Selenium-Python-Example/Selenium-Python-Example/.venv/lib/python3.12/site-packages/selenium/webdriver/support/wait.py\", line 105, in until\n    raise TimeoutException(message, screen, stacktrace)\n","steps":[{"name":"Click Login link","time":{"start":1719019053516,"stop":1719019063858,"duration":10342},"status":"broken","statusMessage":"selenium.common.exceptions.TimeoutException: Message: \nStacktrace:\n#0 0x56371f74e6aa <unknown>\n#1 0x56371f4310dc <unknown>\n#2 0x56371f47d931 <unknown>\n#3 0x56371f47da21 <unknown>\n#4 0x56371f4c2234 <unknown>\n#5 0x56371f4a089d <unknown>\n#6 0x56371f4bf5c3 <unknown>\n#7 0x56371f4a0613 <unknown>\n#8 0x56371f4704f7 <unknown>\n#9 0x56371f470e4e <unknown>\n#10 0x56371f71487b <unknown>\n#11 0x56371f718921 <unknown>\n#12 0x56371f70036e <unknown>\n#13 0x56371f719482 <unknown>\n#14 0x56371f6e4ccf <unknown>\n#15 0x56371f73e0a8 <unknown>\n#16 0x56371f73e280 <unknown>\n#17 0x56371f74d7dc <unknown>\n#18 0x7fb181a94ac3 <unknown>\n\n","statusTrace":"  File \"/home/runner/work/Selenium-Python-Example/Selenium-Python-Example/.venv/lib/python3.12/site-packages/allure_commons/_allure.py\", line 192, in impl\n    return func(*a, **kw)\n           ^^^^^^^^^^^^^^\n  File \"/home/runner/work/Selenium-Python-Example/Selenium-Python-Example/pages/about_page.py\", line 20, in click_login_link\n    self.click(self.LOGIN_LINK)\n  File \"/home/runner/work/Selenium-Python-Example/Selenium-Python-Example/pages/base_page.py\", line 60, in click\n    el: WebElement = self.wait.until(\n                     ^^^^^^^^^^^^^^^^\n  File \"/home/runner/work/Selenium-Python-Example/Selenium-Python-Example/.venv/lib/python3.12/site-packages/selenium/webdriver/support/wait.py\", line 105, in until\n    raise TimeoutException(message, screen, stacktrace)\n","steps":[],"attachments":[],"parameters":[],"shouldDisplayMessage":true,"stepsCount":0,"attachmentsCount":0,"hasContent":true,"attachmentStep":false}],"attachments":[],"parameters":[],"shouldDisplayMessage":false,"stepsCount":1,"attachmentsCount":0,"hasContent":true,"attachmentStep":false}],"testStage":{"description":"Search for an existing project","status":"broken","statusMessage":"selenium.common.exceptions.TimeoutException: Message: \nStacktrace:\n#0 0x56371f74e6aa <unknown>\n#1 0x56371f4310dc <unknown>\n#2 0x56371f47d931 <unknown>\n#3 0x56371f47da21 <unknown>\n#4 0x56371f4c2234 <unknown>\n#5 0x56371f4a089d <unknown>\n#6 0x56371f4bf5c3 <unknown>\n#7 0x56371f4a0613 <unknown>\n#8 0x56371f4704f7 <unknown>\n#9 0x56371f470e4e <unknown>\n#10 0x56371f71487b <unknown>\n#11 0x56371f718921 <unknown>\n#12 0x56371f70036e <unknown>\n#13 0x56371f719482 <unknown>\n#14 0x56371f6e4ccf <unknown>\n#15 0x56371f73e0a8 <unknown>\n#16 0x56371f73e280 <unknown>\n#17 0x56371f74d7dc <unknown>\n#18 0x7fb181a94ac3 <unknown>","statusTrace":"self = <tests.workspaces_test.TestWorkspaces object at 0x7fc165e69b80>\n\n    @pytest.fixture(autouse=True)\n    def setup_method_fixture(self):\n>       login(self.about_page, self.login_page)\n\ntests/workspaces_test.py:25: \n_ _ _ _ _ _ _ _ _ _ _ _ _ _ _ _ _ _ _ _ _ _ _ _ _ _ _ _ _ _ _ _ _ _ _ _ _ _ _ _ \ntests/workspaces_test.py:15: in login\n    about_page.click_login_link()\npages/about_page.py:20: in click_login_link\n    self.click(self.LOGIN_LINK)\npages/base_page.py:60: in click\n    el: WebElement = self.wait.until(\n_ _ _ _ _ _ _ _ _ _ _ _ _ _ _ _ _ _ _ _ _ _ _ _ _ _ _ _ _ _ _ _ _ _ _ _ _ _ _ _ \n\nself = <selenium.webdriver.support.wait.WebDriverWait (session=\"917b5aa50da9c380406c1c25b800a3ea\")>\nmethod = <function element_to_be_clickable.<locals>._predicate at 0x7fc16535ec00>\nmessage = ''\n\n    def until(self, method: Callable[[D], Union[Literal[False], T]], message: str = \"\") -> T:\n        \"\"\"Calls the method provided with the driver as an argument until the \\\n        return value does not evaluate to ``False``.\n    \n        :param method: callable(WebDriver)\n        :param message: optional message for :exc:`TimeoutException`\n        :returns: the result of the last call to `method`\n        :raises: :exc:`selenium.common.exceptions.TimeoutException` if timeout occurs\n        \"\"\"\n        screen = None\n        stacktrace = None\n    \n        end_time = time.monotonic() + self._timeout\n        while True:\n            try:\n                value = method(self._driver)\n                if value:\n                    return value\n            except self._ignored_exceptions as exc:\n                screen = getattr(exc, \"screen\", None)\n                stacktrace = getattr(exc, \"stacktrace\", None)\n            time.sleep(self._poll)\n            if time.monotonic() > end_time:\n                break\n>       raise TimeoutException(message, screen, stacktrace)\nE       selenium.common.exceptions.TimeoutException: Message: \nE       Stacktrace:\nE       #0 0x56371f74e6aa <unknown>\nE       #1 0x56371f4310dc <unknown>\nE       #2 0x56371f47d931 <unknown>\nE       #3 0x56371f47da21 <unknown>\nE       #4 0x56371f4c2234 <unknown>\nE       #5 0x56371f4a089d <unknown>\nE       #6 0x56371f4bf5c3 <unknown>\nE       #7 0x56371f4a0613 <unknown>\nE       #8 0x56371f4704f7 <unknown>\nE       #9 0x56371f470e4e <unknown>\nE       #10 0x56371f71487b <unknown>\nE       #11 0x56371f718921 <unknown>\nE       #12 0x56371f70036e <unknown>\nE       #13 0x56371f719482 <unknown>\nE       #14 0x56371f6e4ccf <unknown>\nE       #15 0x56371f73e0a8 <unknown>\nE       #16 0x56371f73e280 <unknown>\nE       #17 0x56371f74d7dc <unknown>\nE       #18 0x7fb181a94ac3 <unknown>\n\n.venv/lib/python3.12/site-packages/selenium/webdriver/support/wait.py:105: TimeoutException","steps":[{"name":"public ip address","time":{"start":1719019063872,"stop":1719019063896,"duration":24},"status":"passed","steps":[],"attachments":[{"uid":"9c30c296b6831a7b","name":"HTTP logs of http://checkip.amazonaws.com/","source":"9c30c296b6831a7b.txt","type":"text/plain","size":359}],"parameters":[],"shouldDisplayMessage":false,"stepsCount":0,"attachmentsCount":1,"hasContent":true,"attachmentStep":false}],"attachments":[{"uid":"9ece8c9c77e93a64","name":"Cookies","source":"9ece8c9c77e93a64.json","type":"application/json","size":3582},{"uid":"947316e8a32fc279","name":"Session Storage","source":"947316e8a32fc279.json","type":"application/json","size":359},{"uid":"6b82ea6125082479","name":"Local Storage","source":"6b82ea6125082479.json","type":"application/json","size":294},{"uid":"f47309ccae85b128","name":"Console Logs","source":"f47309ccae85b128.json","type":"application/json","size":2},{"uid":"f65f7a9c5926750b","name":"Full Page Screenshot","source":"f65f7a9c5926750b.png","type":"image/png","size":5695915},{"uid":"97ca8853044a693f","name":"URL","source":"97ca8853044a693f.uri","type":"text/uri-list","size":23},{"uid":"485167ea13b96eaf","name":"Network Logs","source":"485167ea13b96eaf.json","type":"application/json","size":66173}],"parameters":[],"shouldDisplayMessage":true,"stepsCount":1,"attachmentsCount":8,"hasContent":true,"attachmentStep":false},"afterStages":[],"labels":[{"name":"severity","value":"normal"},{"name":"epic","value":"Workspaces"},{"name":"story","value":"WorkSpaces Creation and Editing Functionality"},{"name":"tag","value":"run(order=6)"},{"name":"parentSuite","value":"tests"},{"name":"suite","value":"workspaces_test"},{"name":"subSuite","value":"TestWorkspaces"},{"name":"host","value":"fv-az1117-234"},{"name":"thread","value":"2385-MainThread"},{"name":"framework","value":"pytest"},{"name":"language","value":"cpython3"},{"name":"package","value":"tests.workspaces_test"},{"name":"resultFormat","value":"allure2"}],"parameters":[],"links":[],"hidden":false,"retry":false,"extra":{"severity":"normal","retries":[],"categories":[{"name":"Test defects","matchedStatuses":[],"flaky":false}],"tags":["run(order=6)"]},"source":"e671bbc916be6f37.json","parameterValues":[]}