{"uid":"cc8fba8e6de78165","name":"Login with invalid credentials test","fullName":"tests.login_test.TestLogin#test_invalid_login","historyId":"9bbc2729137fa409b9bc8067987e1d0d","time":{"start":1695604242021,"stop":1695604252359,"duration":10338},"description":"invalid login","descriptionHtml":"<p>invalid login</p>\n","status":"broken","statusMessage":"selenium.common.exceptions.TimeoutException: Message: \nStacktrace:\n#0 0x56015ca666c3 <unknown>\n#1 0x56015c73c1e7 <unknown>\n#2 0x56015c783566 <unknown>\n#3 0x56015c783651 <unknown>\n#4 0x56015c7c0a74 <unknown>\n#5 0x56015c7a50ed <unknown>\n#6 0x56015c7be322 <unknown>\n#7 0x56015c7a4e93 <unknown>\n#8 0x56015c777934 <unknown>\n#9 0x56015c77871e <unknown>\n#10 0x56015ca2bcc8 <unknown>\n#11 0x56015ca2fc00 <unknown>\n#12 0x56015ca3a1ac <unknown>\n#13 0x56015ca30818 <unknown>\n#14 0x56015c9fd28f <unknown>\n#15 0x56015ca54e98 <unknown>\n#16 0x56015ca55069 <unknown>\n#17 0x56015ca65853 <unknown>\n#18 0x7f11d0c94b43 <unknown>","statusTrace":"self = <tests.login_test.TestLogin object at 0x7f85a714b690>\nemail = 'elias@gmail.com', password = '12345Tr'\njson_data = {'forgot_password': {'error_message': \"We can't find a user with that e-mail address.\", 'success_message': 'A reset li...you page', 'name': 'test', 'new_name': 'another test', 'no_project_found_msg': 'No project matches the criteria', ...}}\n\n    @allure.description(\"invalid login\")\n    @allure.title(\"Login with invalid credentials test\")\n    @pytest.mark.parametrize(\"email, password\", users)\n    @pytest.mark.run(order=3)\n    def test_invalid_login(self, email: str, password: str, json_data: dict):\n>       self.about_page.click_login_link()\n\ntests/login_test.py:24: \n_ _ _ _ _ _ _ _ _ _ _ _ _ _ _ _ _ _ _ _ _ _ _ _ _ _ _ _ _ _ _ _ _ _ _ _ _ _ _ _ \npages/about_page.py:20: in click_login_link\n    self.click(self.LOGIN_LINK)\npages/base_page.py:38: in click\n    el: WebElement = self.wait.until(\n_ _ _ _ _ _ _ _ _ _ _ _ _ _ _ _ _ _ _ _ _ _ _ _ _ _ _ _ _ _ _ _ _ _ _ _ _ _ _ _ \n\nself = <selenium.webdriver.support.wait.WebDriverWait (session=\"53243e4966df48344f20b0ab3d9a6507\")>\nmethod = <function element_to_be_clickable.<locals>._predicate at 0x7f85a7001a80>\nmessage = ''\n\n    def until(self, method, message: str = \"\"):\n        \"\"\"Calls the method provided with the driver as an argument until the \\\n        return value does not evaluate to ``False``.\n    \n        :param method: callable(WebDriver)\n        :param message: optional message for :exc:`TimeoutException`\n        :returns: the result of the last call to `method`\n        :raises: :exc:`selenium.common.exceptions.TimeoutException` if timeout occurs\n        \"\"\"\n        screen = None\n        stacktrace = None\n    \n        end_time = time.monotonic() + self._timeout\n        while True:\n            try:\n                value = method(self._driver)\n                if value:\n                    return value\n            except self._ignored_exceptions as exc:\n                screen = getattr(exc, \"screen\", None)\n                stacktrace = getattr(exc, \"stacktrace\", None)\n            time.sleep(self._poll)\n            if time.monotonic() > end_time:\n                break\n>       raise TimeoutException(message, screen, stacktrace)\nE       selenium.common.exceptions.TimeoutException: Message: \nE       Stacktrace:\nE       #0 0x56015ca666c3 <unknown>\nE       #1 0x56015c73c1e7 <unknown>\nE       #2 0x56015c783566 <unknown>\nE       #3 0x56015c783651 <unknown>\nE       #4 0x56015c7c0a74 <unknown>\nE       #5 0x56015c7a50ed <unknown>\nE       #6 0x56015c7be322 <unknown>\nE       #7 0x56015c7a4e93 <unknown>\nE       #8 0x56015c777934 <unknown>\nE       #9 0x56015c77871e <unknown>\nE       #10 0x56015ca2bcc8 <unknown>\nE       #11 0x56015ca2fc00 <unknown>\nE       #12 0x56015ca3a1ac <unknown>\nE       #13 0x56015ca30818 <unknown>\nE       #14 0x56015c9fd28f <unknown>\nE       #15 0x56015ca54e98 <unknown>\nE       #16 0x56015ca55069 <unknown>\nE       #17 0x56015ca65853 <unknown>\nE       #18 0x7f11d0c94b43 <unknown>\n\n.venv/lib/python3.11/site-packages/selenium/webdriver/support/wait.py:95: TimeoutException","flaky":false,"newFailed":false,"newBroken":false,"newPassed":false,"retriesCount":0,"retriesStatusChange":false,"beforeStages":[{"name":"_verify_url","time":{"start":1695604158059,"stop":1695604158060,"duration":1},"status":"passed","steps":[],"attachments":[],"parameters":[],"shouldDisplayMessage":false,"stepsCount":0,"attachmentsCount":0,"hasContent":false},{"name":"base_url","time":{"start":1695604158059,"stop":1695604158059,"duration":0},"status":"passed","steps":[],"attachments":[],"parameters":[],"shouldDisplayMessage":false,"stepsCount":0,"attachmentsCount":0,"hasContent":false},{"name":"secret_data","time":{"start":1695604158061,"stop":1695604158061,"duration":0},"status":"passed","steps":[],"attachments":[],"parameters":[],"shouldDisplayMessage":false,"stepsCount":0,"attachmentsCount":0,"hasContent":false},{"name":"json_data","time":{"start":1695604158061,"stop":1695604158061,"duration":0},"status":"passed","steps":[],"attachments":[],"parameters":[],"shouldDisplayMessage":false,"stepsCount":0,"attachmentsCount":0,"hasContent":false}],"testStage":{"description":"invalid login","status":"broken","statusMessage":"selenium.common.exceptions.TimeoutException: Message: \nStacktrace:\n#0 0x56015ca666c3 <unknown>\n#1 0x56015c73c1e7 <unknown>\n#2 0x56015c783566 <unknown>\n#3 0x56015c783651 <unknown>\n#4 0x56015c7c0a74 <unknown>\n#5 0x56015c7a50ed <unknown>\n#6 0x56015c7be322 <unknown>\n#7 0x56015c7a4e93 <unknown>\n#8 0x56015c777934 <unknown>\n#9 0x56015c77871e <unknown>\n#10 0x56015ca2bcc8 <unknown>\n#11 0x56015ca2fc00 <unknown>\n#12 0x56015ca3a1ac <unknown>\n#13 0x56015ca30818 <unknown>\n#14 0x56015c9fd28f <unknown>\n#15 0x56015ca54e98 <unknown>\n#16 0x56015ca55069 <unknown>\n#17 0x56015ca65853 <unknown>\n#18 0x7f11d0c94b43 <unknown>","statusTrace":"self = <tests.login_test.TestLogin object at 0x7f85a714b690>\nemail = 'elias@gmail.com', password = '12345Tr'\njson_data = {'forgot_password': {'error_message': \"We can't find a user with that e-mail address.\", 'success_message': 'A reset li...you page', 'name': 'test', 'new_name': 'another test', 'no_project_found_msg': 'No project matches the criteria', ...}}\n\n    @allure.description(\"invalid login\")\n    @allure.title(\"Login with invalid credentials test\")\n    @pytest.mark.parametrize(\"email, password\", users)\n    @pytest.mark.run(order=3)\n    def test_invalid_login(self, email: str, password: str, json_data: dict):\n>       self.about_page.click_login_link()\n\ntests/login_test.py:24: \n_ _ _ _ _ _ _ _ _ _ _ _ _ _ _ _ _ _ _ _ _ _ _ _ _ _ _ _ _ _ _ _ _ _ _ _ _ _ _ _ \npages/about_page.py:20: in click_login_link\n    self.click(self.LOGIN_LINK)\npages/base_page.py:38: in click\n    el: WebElement = self.wait.until(\n_ _ _ _ _ _ _ _ _ _ _ _ _ _ _ _ _ _ _ _ _ _ _ _ _ _ _ _ _ _ _ _ _ _ _ _ _ _ _ _ \n\nself = <selenium.webdriver.support.wait.WebDriverWait (session=\"53243e4966df48344f20b0ab3d9a6507\")>\nmethod = <function element_to_be_clickable.<locals>._predicate at 0x7f85a7001a80>\nmessage = ''\n\n    def until(self, method, message: str = \"\"):\n        \"\"\"Calls the method provided with the driver as an argument until the \\\n        return value does not evaluate to ``False``.\n    \n        :param method: callable(WebDriver)\n        :param message: optional message for :exc:`TimeoutException`\n        :returns: the result of the last call to `method`\n        :raises: :exc:`selenium.common.exceptions.TimeoutException` if timeout occurs\n        \"\"\"\n        screen = None\n        stacktrace = None\n    \n        end_time = time.monotonic() + self._timeout\n        while True:\n            try:\n                value = method(self._driver)\n                if value:\n                    return value\n            except self._ignored_exceptions as exc:\n                screen = getattr(exc, \"screen\", None)\n                stacktrace = getattr(exc, \"stacktrace\", None)\n            time.sleep(self._poll)\n            if time.monotonic() > end_time:\n                break\n>       raise TimeoutException(message, screen, stacktrace)\nE       selenium.common.exceptions.TimeoutException: Message: \nE       Stacktrace:\nE       #0 0x56015ca666c3 <unknown>\nE       #1 0x56015c73c1e7 <unknown>\nE       #2 0x56015c783566 <unknown>\nE       #3 0x56015c783651 <unknown>\nE       #4 0x56015c7c0a74 <unknown>\nE       #5 0x56015c7a50ed <unknown>\nE       #6 0x56015c7be322 <unknown>\nE       #7 0x56015c7a4e93 <unknown>\nE       #8 0x56015c777934 <unknown>\nE       #9 0x56015c77871e <unknown>\nE       #10 0x56015ca2bcc8 <unknown>\nE       #11 0x56015ca2fc00 <unknown>\nE       #12 0x56015ca3a1ac <unknown>\nE       #13 0x56015ca30818 <unknown>\nE       #14 0x56015c9fd28f <unknown>\nE       #15 0x56015ca54e98 <unknown>\nE       #16 0x56015ca55069 <unknown>\nE       #17 0x56015ca65853 <unknown>\nE       #18 0x7f11d0c94b43 <unknown>\n\n.venv/lib/python3.11/site-packages/selenium/webdriver/support/wait.py:95: TimeoutException","steps":[{"name":"Click Login link","time":{"start":1695604242021,"stop":1695604252358,"duration":10337},"status":"broken","statusMessage":"selenium.common.exceptions.TimeoutException: Message: \nStacktrace:\n#0 0x56015ca666c3 <unknown>\n#1 0x56015c73c1e7 <unknown>\n#2 0x56015c783566 <unknown>\n#3 0x56015c783651 <unknown>\n#4 0x56015c7c0a74 <unknown>\n#5 0x56015c7a50ed <unknown>\n#6 0x56015c7be322 <unknown>\n#7 0x56015c7a4e93 <unknown>\n#8 0x56015c777934 <unknown>\n#9 0x56015c77871e <unknown>\n#10 0x56015ca2bcc8 <unknown>\n#11 0x56015ca2fc00 <unknown>\n#12 0x56015ca3a1ac <unknown>\n#13 0x56015ca30818 <unknown>\n#14 0x56015c9fd28f <unknown>\n#15 0x56015ca54e98 <unknown>\n#16 0x56015ca55069 <unknown>\n#17 0x56015ca65853 <unknown>\n#18 0x7f11d0c94b43 <unknown>\n\n","statusTrace":"  File \"/home/runner/work/Selenium-Python-Example/Selenium-Python-Example/.venv/lib/python3.11/site-packages/allure_commons/_allure.py\", line 192, in impl\n    return func(*a, **kw)\n           ^^^^^^^^^^^^^^\n  File \"/home/runner/work/Selenium-Python-Example/Selenium-Python-Example/pages/about_page.py\", line 20, in click_login_link\n    self.click(self.LOGIN_LINK)\n  File \"/home/runner/work/Selenium-Python-Example/Selenium-Python-Example/pages/base_page.py\", line 38, in click\n    el: WebElement = self.wait.until(\n                     ^^^^^^^^^^^^^^^^\n  File \"/home/runner/work/Selenium-Python-Example/Selenium-Python-Example/.venv/lib/python3.11/site-packages/selenium/webdriver/support/wait.py\", line 95, in until\n    raise TimeoutException(message, screen, stacktrace)\n","steps":[],"attachments":[],"parameters":[],"shouldDisplayMessage":true,"stepsCount":0,"attachmentsCount":0,"hasContent":true}],"attachments":[{"uid":"c940f90ffd6ff9d2","name":"public ip address","source":"c940f90ffd6ff9d2.txt","type":"text/plain","size":11},{"uid":"7f318a93b8e72eab","name":"Cookies","source":"7f318a93b8e72eab.json","type":"application/json","size":2018},{"uid":"138a34834b4e21bb","name":"Session Storage","source":"138a34834b4e21bb.json","type":"application/json","size":333},{"uid":"20e1dffe783cce95","name":"Local Storage","source":"20e1dffe783cce95.json","type":"application/json","size":208},{"uid":"44b6e8ec1f6ebbe6","name":"Console Logs","source":"44b6e8ec1f6ebbe6.json","type":"application/json","size":2},{"uid":"4fbab13e8329866a","name":"Full Page Screenshot","source":"4fbab13e8329866a.png","type":"image/png","size":2750087},{"uid":"20567df4d8d206ab","name":"URL","source":"20567df4d8d206ab.uri","type":"text/uri-list","size":23},{"uid":"57e2cd346427d25a","name":"Network Logs","source":"57e2cd346427d25a.json","type":"application/json","size":23021}],"parameters":[],"shouldDisplayMessage":true,"stepsCount":1,"attachmentsCount":8,"hasContent":true},"afterStages":[],"labels":[{"name":"feature","value":"Login"},{"name":"severity","value":"blocker"},{"name":"epic","value":"Security"},{"name":"tag","value":"run(order=3)"},{"name":"tag","value":"security"},{"name":"parentSuite","value":"tests"},{"name":"suite","value":"login_test"},{"name":"subSuite","value":"TestLogin"},{"name":"host","value":"fv-az564-351"},{"name":"thread","value":"2177-MainThread"},{"name":"framework","value":"pytest"},{"name":"language","value":"cpython3"},{"name":"package","value":"tests.login_test"},{"name":"resultFormat","value":"allure2"}],"parameters":[{"name":"email","value":"'elias@gmail.com'"},{"name":"password","value":"'12345Tr'"}],"links":[],"hidden":false,"retry":false,"extra":{"severity":"blocker","retries":[],"categories":[{"name":"Test defects","matchedStatuses":[],"flaky":false}],"tags":["run(order=3)","security"]},"source":"cc8fba8e6de78165.json","parameterValues":["'elias@gmail.com'","'12345Tr'"]}