{"uid":"11ca8d8ca1aee275","name":"Login with invalid credentials test","fullName":"tests.login_test.TestLogin#test_invalid_login","historyId":"9bbc2729137fa409b9bc8067987e1d0d","time":{"start":1731635001301,"stop":1731635011428,"duration":10127},"description":"invalid login","descriptionHtml":"<p>invalid login</p>\n","status":"broken","statusMessage":"selenium.common.exceptions.TimeoutException: Message: \nStacktrace:\n#0 0x5592168f913a <unknown>\n#1 0x559216414460 <unknown>\n#2 0x559216460f96 <unknown>\n#3 0x559216461221 <unknown>\n#4 0x5592164a65d4 <unknown>\n#5 0x55921648503d <unknown>\n#6 0x5592164a3af6 <unknown>\n#7 0x559216484db3 <unknown>\n#8 0x559216453c10 <unknown>\n#9 0x559216454bee <unknown>\n#10 0x5592168c53cb <unknown>\n#11 0x5592168c9368 <unknown>\n#12 0x5592168b2eec <unknown>\n#13 0x5592168c9ee7 <unknown>\n#14 0x55921689813f <unknown>\n#15 0x5592168e7858 <unknown>\n#16 0x5592168e7a20 <unknown>\n#17 0x5592168f7fb6 <unknown>\n#18 0x7f6bd3094ac3 <unknown>","statusTrace":"self = <tests.login_test.TestLogin object at 0x7f6c0cb8c2f0>\nemail = 'elias@gmail.com', password = '12345Tr'\ndata = Data(forgot_password=ForgotPassword(error_message=\"We can't find a user with that e-mail address.\", success_message='A...ct='Non Existing', page_title='My Workspace', project_name='test project', project_type='quiz', template_type='Blank'))\n\n    @allure.description(\"invalid login\")\n    @allure.title(\"Login with invalid credentials test\")\n    @pytest.mark.parametrize(\"email, password\", users)\n    @pytest.mark.run(order=3)\n    def test_invalid_login(self, email: str, password: str, data: Data):\n>       self.about_page.click_login_link()\n\ntests/login_test.py:26: \n_ _ _ _ _ _ _ _ _ _ _ _ _ _ _ _ _ _ _ _ _ _ _ _ _ _ _ _ _ _ _ _ _ _ _ _ _ _ _ _ \npages/about_page.py:20: in click_login_link\n    self.click(self.LOGIN_LINK)\npages/base_page.py:60: in click\n    el: WebElement = self.wait.until(\n_ _ _ _ _ _ _ _ _ _ _ _ _ _ _ _ _ _ _ _ _ _ _ _ _ _ _ _ _ _ _ _ _ _ _ _ _ _ _ _ \n\nself = <selenium.webdriver.support.wait.WebDriverWait (session=\"f2aee473628d645af90be5d44421412b\")>\nmethod = <function element_to_be_clickable.<locals>._predicate at 0x7f6c0c8e44a0>\nmessage = ''\n\n    def until(self, method: Callable[[D], Union[Literal[False], T]], message: str = \"\") -> T:\n        \"\"\"Calls the method provided with the driver as an argument until the \\\n        return value does not evaluate to ``False``.\n    \n        :param method: callable(WebDriver)\n        :param message: optional message for :exc:`TimeoutException`\n        :returns: the result of the last call to `method`\n        :raises: :exc:`selenium.common.exceptions.TimeoutException` if timeout occurs\n        \"\"\"\n        screen = None\n        stacktrace = None\n    \n        end_time = time.monotonic() + self._timeout\n        while True:\n            try:\n                value = method(self._driver)\n                if value:\n                    return value\n            except self._ignored_exceptions as exc:\n                screen = getattr(exc, \"screen\", None)\n                stacktrace = getattr(exc, \"stacktrace\", None)\n            if time.monotonic() > end_time:\n                break\n            time.sleep(self._poll)\n>       raise TimeoutException(message, screen, stacktrace)\nE       selenium.common.exceptions.TimeoutException: Message: \nE       Stacktrace:\nE       #0 0x5592168f913a <unknown>\nE       #1 0x559216414460 <unknown>\nE       #2 0x559216460f96 <unknown>\nE       #3 0x559216461221 <unknown>\nE       #4 0x5592164a65d4 <unknown>\nE       #5 0x55921648503d <unknown>\nE       #6 0x5592164a3af6 <unknown>\nE       #7 0x559216484db3 <unknown>\nE       #8 0x559216453c10 <unknown>\nE       #9 0x559216454bee <unknown>\nE       #10 0x5592168c53cb <unknown>\nE       #11 0x5592168c9368 <unknown>\nE       #12 0x5592168b2eec <unknown>\nE       #13 0x5592168c9ee7 <unknown>\nE       #14 0x55921689813f <unknown>\nE       #15 0x5592168e7858 <unknown>\nE       #16 0x5592168e7a20 <unknown>\nE       #17 0x5592168f7fb6 <unknown>\nE       #18 0x7f6bd3094ac3 <unknown>\n\n.venv/lib/python3.12/site-packages/selenium/webdriver/support/wait.py:105: TimeoutException","flaky":false,"newFailed":false,"newBroken":false,"newPassed":false,"retriesCount":0,"retriesStatusChange":false,"beforeStages":[{"name":"session_request","time":{"start":1731634953652,"stop":1731634953653,"duration":1},"status":"passed","steps":[],"attachments":[],"parameters":[],"shouldDisplayMessage":false,"stepsCount":0,"attachmentsCount":0,"hasContent":false,"attachmentStep":false},{"name":"base_url","time":{"start":1731634953652,"stop":1731634953652,"duration":0},"status":"passed","steps":[],"attachments":[],"parameters":[],"shouldDisplayMessage":false,"stepsCount":0,"attachmentsCount":0,"hasContent":false,"attachmentStep":false},{"name":"_verify_url","time":{"start":1731634953652,"stop":1731634953652,"duration":0},"status":"passed","steps":[],"attachments":[],"parameters":[],"shouldDisplayMessage":false,"stepsCount":0,"attachmentsCount":0,"hasContent":false,"attachmentStep":false},{"name":"data","time":{"start":1731634953653,"stop":1731634953654,"duration":1},"status":"passed","steps":[],"attachments":[],"parameters":[],"shouldDisplayMessage":false,"stepsCount":0,"attachmentsCount":0,"hasContent":false,"attachmentStep":false}],"testStage":{"description":"invalid login","status":"broken","statusMessage":"selenium.common.exceptions.TimeoutException: Message: \nStacktrace:\n#0 0x5592168f913a <unknown>\n#1 0x559216414460 <unknown>\n#2 0x559216460f96 <unknown>\n#3 0x559216461221 <unknown>\n#4 0x5592164a65d4 <unknown>\n#5 0x55921648503d <unknown>\n#6 0x5592164a3af6 <unknown>\n#7 0x559216484db3 <unknown>\n#8 0x559216453c10 <unknown>\n#9 0x559216454bee <unknown>\n#10 0x5592168c53cb <unknown>\n#11 0x5592168c9368 <unknown>\n#12 0x5592168b2eec <unknown>\n#13 0x5592168c9ee7 <unknown>\n#14 0x55921689813f <unknown>\n#15 0x5592168e7858 <unknown>\n#16 0x5592168e7a20 <unknown>\n#17 0x5592168f7fb6 <unknown>\n#18 0x7f6bd3094ac3 <unknown>","statusTrace":"self = <tests.login_test.TestLogin object at 0x7f6c0cb8c2f0>\nemail = 'elias@gmail.com', password = '12345Tr'\ndata = Data(forgot_password=ForgotPassword(error_message=\"We can't find a user with that e-mail address.\", success_message='A...ct='Non Existing', page_title='My Workspace', project_name='test project', project_type='quiz', template_type='Blank'))\n\n    @allure.description(\"invalid login\")\n    @allure.title(\"Login with invalid credentials test\")\n    @pytest.mark.parametrize(\"email, password\", users)\n    @pytest.mark.run(order=3)\n    def test_invalid_login(self, email: str, password: str, data: Data):\n>       self.about_page.click_login_link()\n\ntests/login_test.py:26: \n_ _ _ _ _ _ _ _ _ _ _ _ _ _ _ _ _ _ _ _ _ _ _ _ _ _ _ _ _ _ _ _ _ _ _ _ _ _ _ _ \npages/about_page.py:20: in click_login_link\n    self.click(self.LOGIN_LINK)\npages/base_page.py:60: in click\n    el: WebElement = self.wait.until(\n_ _ _ _ _ _ _ _ _ _ _ _ _ _ _ _ _ _ _ _ _ _ _ _ _ _ _ _ _ _ _ _ _ _ _ _ _ _ _ _ \n\nself = <selenium.webdriver.support.wait.WebDriverWait (session=\"f2aee473628d645af90be5d44421412b\")>\nmethod = <function element_to_be_clickable.<locals>._predicate at 0x7f6c0c8e44a0>\nmessage = ''\n\n    def until(self, method: Callable[[D], Union[Literal[False], T]], message: str = \"\") -> T:\n        \"\"\"Calls the method provided with the driver as an argument until the \\\n        return value does not evaluate to ``False``.\n    \n        :param method: callable(WebDriver)\n        :param message: optional message for :exc:`TimeoutException`\n        :returns: the result of the last call to `method`\n        :raises: :exc:`selenium.common.exceptions.TimeoutException` if timeout occurs\n        \"\"\"\n        screen = None\n        stacktrace = None\n    \n        end_time = time.monotonic() + self._timeout\n        while True:\n            try:\n                value = method(self._driver)\n                if value:\n                    return value\n            except self._ignored_exceptions as exc:\n                screen = getattr(exc, \"screen\", None)\n                stacktrace = getattr(exc, \"stacktrace\", None)\n            if time.monotonic() > end_time:\n                break\n            time.sleep(self._poll)\n>       raise TimeoutException(message, screen, stacktrace)\nE       selenium.common.exceptions.TimeoutException: Message: \nE       Stacktrace:\nE       #0 0x5592168f913a <unknown>\nE       #1 0x559216414460 <unknown>\nE       #2 0x559216460f96 <unknown>\nE       #3 0x559216461221 <unknown>\nE       #4 0x5592164a65d4 <unknown>\nE       #5 0x55921648503d <unknown>\nE       #6 0x5592164a3af6 <unknown>\nE       #7 0x559216484db3 <unknown>\nE       #8 0x559216453c10 <unknown>\nE       #9 0x559216454bee <unknown>\nE       #10 0x5592168c53cb <unknown>\nE       #11 0x5592168c9368 <unknown>\nE       #12 0x5592168b2eec <unknown>\nE       #13 0x5592168c9ee7 <unknown>\nE       #14 0x55921689813f <unknown>\nE       #15 0x5592168e7858 <unknown>\nE       #16 0x5592168e7a20 <unknown>\nE       #17 0x5592168f7fb6 <unknown>\nE       #18 0x7f6bd3094ac3 <unknown>\n\n.venv/lib/python3.12/site-packages/selenium/webdriver/support/wait.py:105: TimeoutException","steps":[{"name":"Click Login link","time":{"start":1731635001301,"stop":1731635011428,"duration":10127},"status":"broken","statusMessage":"selenium.common.exceptions.TimeoutException: Message: \nStacktrace:\n#0 0x5592168f913a <unknown>\n#1 0x559216414460 <unknown>\n#2 0x559216460f96 <unknown>\n#3 0x559216461221 <unknown>\n#4 0x5592164a65d4 <unknown>\n#5 0x55921648503d <unknown>\n#6 0x5592164a3af6 <unknown>\n#7 0x559216484db3 <unknown>\n#8 0x559216453c10 <unknown>\n#9 0x559216454bee <unknown>\n#10 0x5592168c53cb <unknown>\n#11 0x5592168c9368 <unknown>\n#12 0x5592168b2eec <unknown>\n#13 0x5592168c9ee7 <unknown>\n#14 0x55921689813f <unknown>\n#15 0x5592168e7858 <unknown>\n#16 0x5592168e7a20 <unknown>\n#17 0x5592168f7fb6 <unknown>\n#18 0x7f6bd3094ac3 <unknown>\n\n","statusTrace":"  File \"/home/runner/work/Selenium-Python-Example/Selenium-Python-Example/.venv/lib/python3.12/site-packages/allure_commons/_allure.py\", line 192, in impl\n    return func(*a, **kw)\n           ^^^^^^^^^^^^^^\n  File \"/home/runner/work/Selenium-Python-Example/Selenium-Python-Example/pages/about_page.py\", line 20, in click_login_link\n    self.click(self.LOGIN_LINK)\n  File \"/home/runner/work/Selenium-Python-Example/Selenium-Python-Example/pages/base_page.py\", line 60, in click\n    el: WebElement = self.wait.until(\n                     ^^^^^^^^^^^^^^^^\n  File \"/home/runner/work/Selenium-Python-Example/Selenium-Python-Example/.venv/lib/python3.12/site-packages/selenium/webdriver/support/wait.py\", line 105, in until\n    raise TimeoutException(message, screen, stacktrace)\n","steps":[],"attachments":[],"parameters":[],"shouldDisplayMessage":true,"stepsCount":0,"attachmentsCount":0,"hasContent":true,"attachmentStep":false},{"name":"public ip address","time":{"start":1731635011436,"stop":1731635011522,"duration":86},"status":"passed","steps":[],"attachments":[{"uid":"a1a311513a76561b","name":"HTTP logs of http://checkip.amazonaws.com/","source":"a1a311513a76561b.txt","type":"text/plain","size":359}],"parameters":[],"shouldDisplayMessage":false,"stepsCount":0,"attachmentsCount":1,"hasContent":true,"attachmentStep":false}],"attachments":[{"uid":"b2ae035bd79eae3a","name":"Cookies","source":"b2ae035bd79eae3a.json","type":"application/json","size":3586},{"uid":"88f990912711bb6","name":"Session Storage","source":"88f990912711bb6.json","type":"application/json","size":359},{"uid":"a6510bfceed88b2d","name":"Local Storage","source":"a6510bfceed88b2d.json","type":"application/json","size":780},{"uid":"3e153d6ad32f87b1","name":"Console Logs","source":"3e153d6ad32f87b1.json","type":"application/json","size":236},{"uid":"8499c3d55819e4e0","name":"Full Page Screenshot","source":"8499c3d55819e4e0.png","type":"image/png","size":4313616},{"uid":"4725ee93809b51a5","name":"URL","source":"4725ee93809b51a5.uri","type":"text/uri-list","size":23},{"uid":"f7e84010140f9a65","name":"Network Logs","source":"f7e84010140f9a65.json","type":"application/json","size":5837463}],"parameters":[],"shouldDisplayMessage":true,"stepsCount":2,"attachmentsCount":8,"hasContent":true,"attachmentStep":false},"afterStages":[{"name":"session_request::0","time":{"start":1731635128480,"stop":1731635128480,"duration":0},"status":"passed","steps":[],"attachments":[],"parameters":[],"shouldDisplayMessage":false,"stepsCount":0,"attachmentsCount":0,"hasContent":false,"attachmentStep":false}],"labels":[{"name":"severity","value":"blocker"},{"name":"feature","value":"Login"},{"name":"epic","value":"Security"},{"name":"tag","value":"run(order=3)"},{"name":"tag","value":"security"},{"name":"parentSuite","value":"tests"},{"name":"suite","value":"login_test"},{"name":"subSuite","value":"TestLogin"},{"name":"host","value":"fv-az1427-203"},{"name":"thread","value":"1870-MainThread"},{"name":"framework","value":"pytest"},{"name":"language","value":"cpython3"},{"name":"package","value":"tests.login_test"},{"name":"resultFormat","value":"allure2"}],"parameters":[{"name":"email","value":"'elias@gmail.com'"},{"name":"password","value":"'12345Tr'"}],"links":[],"hidden":false,"retry":false,"extra":{"severity":"blocker","retries":[],"categories":[{"name":"Test defects","matchedStatuses":[],"flaky":false}],"tags":["run(order=3)","security"]},"source":"11ca8d8ca1aee275.json","parameterValues":["'elias@gmail.com'","'12345Tr'"]}