{"uid":"de03373ee778fcdf","name":"Create new workspace test","fullName":"tests.workspaces_test.TestWorkspaces#test_create_new_workspace","historyId":"e1f088bc30a040de4100d958931562b3","time":{"start":1697937198628,"stop":1697937198628,"duration":0},"description":"Create new Workspace","descriptionHtml":"<p>Create new Workspace</p>\n","status":"broken","statusMessage":"selenium.common.exceptions.TimeoutException: Message: \nStacktrace:\n#0 0x5575fb809fb3 <unknown>\n#1 0x5575fb4dd4a7 <unknown>\n#2 0x5575fb524dd6 <unknown>\n#3 0x5575fb524ec1 <unknown>\n#4 0x5575fb562354 <unknown>\n#5 0x5575fb54696d <unknown>\n#6 0x5575fb55fc02 <unknown>\n#7 0x5575fb546713 <unknown>\n#8 0x5575fb51918b <unknown>\n#9 0x5575fb519f7e <unknown>\n#10 0x5575fb7cf8d8 <unknown>\n#11 0x5575fb7d3800 <unknown>\n#12 0x5575fb7ddcfc <unknown>\n#13 0x5575fb7d4418 <unknown>\n#14 0x5575fb7a142f <unknown>\n#15 0x5575fb7f84e8 <unknown>\n#16 0x5575fb7f86b4 <unknown>\n#17 0x5575fb809143 <unknown>\n#18 0x7f60ff494ac3 <unknown>","statusTrace":"self = <tests.workspaces_test.TestWorkspaces object at 0x7f301e804650>\n\n    @pytest.fixture(autouse=True)\n    def setup_method_fixture(self):\n>       login(self.about_page, self.login_page)\n\ntests/workspaces_test.py:24: \n_ _ _ _ _ _ _ _ _ _ _ _ _ _ _ _ _ _ _ _ _ _ _ _ _ _ _ _ _ _ _ _ _ _ _ _ _ _ _ _ \ntests/workspaces_test.py:14: in login\n    about_page.click_login_link()\npages/about_page.py:20: in click_login_link\n    self.click(self.LOGIN_LINK)\npages/base_page.py:38: in click\n    el: WebElement = self.wait.until(\n_ _ _ _ _ _ _ _ _ _ _ _ _ _ _ _ _ _ _ _ _ _ _ _ _ _ _ _ _ _ _ _ _ _ _ _ _ _ _ _ \n\nself = <selenium.webdriver.support.wait.WebDriverWait (session=\"d5b46c1ecd82432998436f6d7d91680c\")>\nmethod = <function element_to_be_clickable.<locals>._predicate at 0x7f301f1d8720>\nmessage = ''\n\n    def until(self, method, message: str = \"\"):\n        \"\"\"Calls the method provided with the driver as an argument until the \\\n        return value does not evaluate to ``False``.\n    \n        :param method: callable(WebDriver)\n        :param message: optional message for :exc:`TimeoutException`\n        :returns: the result of the last call to `method`\n        :raises: :exc:`selenium.common.exceptions.TimeoutException` if timeout occurs\n        \"\"\"\n        screen = None\n        stacktrace = None\n    \n        end_time = time.monotonic() + self._timeout\n        while True:\n            try:\n                value = method(self._driver)\n                if value:\n                    return value\n            except self._ignored_exceptions as exc:\n                screen = getattr(exc, \"screen\", None)\n                stacktrace = getattr(exc, \"stacktrace\", None)\n            time.sleep(self._poll)\n            if time.monotonic() > end_time:\n                break\n>       raise TimeoutException(message, screen, stacktrace)\nE       selenium.common.exceptions.TimeoutException: Message: \nE       Stacktrace:\nE       #0 0x5575fb809fb3 <unknown>\nE       #1 0x5575fb4dd4a7 <unknown>\nE       #2 0x5575fb524dd6 <unknown>\nE       #3 0x5575fb524ec1 <unknown>\nE       #4 0x5575fb562354 <unknown>\nE       #5 0x5575fb54696d <unknown>\nE       #6 0x5575fb55fc02 <unknown>\nE       #7 0x5575fb546713 <unknown>\nE       #8 0x5575fb51918b <unknown>\nE       #9 0x5575fb519f7e <unknown>\nE       #10 0x5575fb7cf8d8 <unknown>\nE       #11 0x5575fb7d3800 <unknown>\nE       #12 0x5575fb7ddcfc <unknown>\nE       #13 0x5575fb7d4418 <unknown>\nE       #14 0x5575fb7a142f <unknown>\nE       #15 0x5575fb7f84e8 <unknown>\nE       #16 0x5575fb7f86b4 <unknown>\nE       #17 0x5575fb809143 <unknown>\nE       #18 0x7f60ff494ac3 <unknown>\n\n.venv/lib/python3.11/site-packages/selenium/webdriver/support/wait.py:95: TimeoutException","flaky":false,"newFailed":false,"newBroken":false,"newPassed":false,"retriesCount":0,"retriesStatusChange":false,"beforeStages":[{"name":"base_url","time":{"start":1697937217248,"stop":1697937217248,"duration":0},"status":"passed","steps":[],"attachments":[],"parameters":[],"shouldDisplayMessage":false,"stepsCount":0,"attachmentsCount":0,"hasContent":false},{"name":"_verify_url","time":{"start":1697937217248,"stop":1697937217248,"duration":0},"status":"passed","steps":[],"attachments":[],"parameters":[],"shouldDisplayMessage":false,"stepsCount":0,"attachmentsCount":0,"hasContent":false},{"name":"setup_method_fixture","time":{"start":1697937217248,"stop":1697937227576,"duration":10328},"status":"broken","statusMessage":"selenium.common.exceptions.TimeoutException: Message: \nStacktrace:\n#0 0x5575fb809fb3 <unknown>\n#1 0x5575fb4dd4a7 <unknown>\n#2 0x5575fb524dd6 <unknown>\n#3 0x5575fb524ec1 <unknown>\n#4 0x5575fb562354 <unknown>\n#5 0x5575fb54696d <unknown>\n#6 0x5575fb55fc02 <unknown>\n#7 0x5575fb546713 <unknown>\n#8 0x5575fb51918b <unknown>\n#9 0x5575fb519f7e <unknown>\n#10 0x5575fb7cf8d8 <unknown>\n#11 0x5575fb7d3800 <unknown>\n#12 0x5575fb7ddcfc <unknown>\n#13 0x5575fb7d4418 <unknown>\n#14 0x5575fb7a142f <unknown>\n#15 0x5575fb7f84e8 <unknown>\n#16 0x5575fb7f86b4 <unknown>\n#17 0x5575fb809143 <unknown>\n#18 0x7f60ff494ac3 <unknown>\n\n","statusTrace":"  File \"/home/runner/work/Selenium-Python-Example/Selenium-Python-Example/.venv/lib/python3.11/site-packages/pluggy/_callers.py\", line 80, in _multicall\n    res = hook_impl.function(*args)\n          ^^^^^^^^^^^^^^^^^^^^^^^^^\n  File \"/home/runner/work/Selenium-Python-Example/Selenium-Python-Example/.venv/lib/python3.11/site-packages/_pytest/fixtures.py\", line 1123, in pytest_fixture_setup\n    result = call_fixture_func(fixturefunc, request, kwargs)\n             ^^^^^^^^^^^^^^^^^^^^^^^^^^^^^^^^^^^^^^^^^^^^^^^\n  File \"/home/runner/work/Selenium-Python-Example/Selenium-Python-Example/.venv/lib/python3.11/site-packages/_pytest/fixtures.py\", line 902, in call_fixture_func\n    fixture_result = fixturefunc(**kwargs)\n                     ^^^^^^^^^^^^^^^^^^^^^\n  File \"/home/runner/work/Selenium-Python-Example/Selenium-Python-Example/tests/workspaces_test.py\", line 24, in setup_method_fixture\n    login(self.about_page, self.login_page)\n  File \"/home/runner/work/Selenium-Python-Example/Selenium-Python-Example/tests/workspaces_test.py\", line 14, in login\n    about_page.click_login_link()\n  File \"/home/runner/work/Selenium-Python-Example/Selenium-Python-Example/.venv/lib/python3.11/site-packages/allure_commons/_allure.py\", line 192, in impl\n    return func(*a, **kw)\n           ^^^^^^^^^^^^^^\n  File \"/home/runner/work/Selenium-Python-Example/Selenium-Python-Example/pages/about_page.py\", line 20, in click_login_link\n    self.click(self.LOGIN_LINK)\n  File \"/home/runner/work/Selenium-Python-Example/Selenium-Python-Example/pages/base_page.py\", line 38, in click\n    el: WebElement = self.wait.until(\n                     ^^^^^^^^^^^^^^^^\n  File \"/home/runner/work/Selenium-Python-Example/Selenium-Python-Example/.venv/lib/python3.11/site-packages/selenium/webdriver/support/wait.py\", line 95, in until\n    raise TimeoutException(message, screen, stacktrace)\n","steps":[{"name":"Click Login link","time":{"start":1697937217249,"stop":1697937227575,"duration":10326},"status":"broken","statusMessage":"selenium.common.exceptions.TimeoutException: Message: \nStacktrace:\n#0 0x5575fb809fb3 <unknown>\n#1 0x5575fb4dd4a7 <unknown>\n#2 0x5575fb524dd6 <unknown>\n#3 0x5575fb524ec1 <unknown>\n#4 0x5575fb562354 <unknown>\n#5 0x5575fb54696d <unknown>\n#6 0x5575fb55fc02 <unknown>\n#7 0x5575fb546713 <unknown>\n#8 0x5575fb51918b <unknown>\n#9 0x5575fb519f7e <unknown>\n#10 0x5575fb7cf8d8 <unknown>\n#11 0x5575fb7d3800 <unknown>\n#12 0x5575fb7ddcfc <unknown>\n#13 0x5575fb7d4418 <unknown>\n#14 0x5575fb7a142f <unknown>\n#15 0x5575fb7f84e8 <unknown>\n#16 0x5575fb7f86b4 <unknown>\n#17 0x5575fb809143 <unknown>\n#18 0x7f60ff494ac3 <unknown>\n\n","statusTrace":"  File \"/home/runner/work/Selenium-Python-Example/Selenium-Python-Example/.venv/lib/python3.11/site-packages/allure_commons/_allure.py\", line 192, in impl\n    return func(*a, **kw)\n           ^^^^^^^^^^^^^^\n  File \"/home/runner/work/Selenium-Python-Example/Selenium-Python-Example/pages/about_page.py\", line 20, in click_login_link\n    self.click(self.LOGIN_LINK)\n  File \"/home/runner/work/Selenium-Python-Example/Selenium-Python-Example/pages/base_page.py\", line 38, in click\n    el: WebElement = self.wait.until(\n                     ^^^^^^^^^^^^^^^^\n  File \"/home/runner/work/Selenium-Python-Example/Selenium-Python-Example/.venv/lib/python3.11/site-packages/selenium/webdriver/support/wait.py\", line 95, in until\n    raise TimeoutException(message, screen, stacktrace)\n","steps":[],"attachments":[],"parameters":[],"shouldDisplayMessage":true,"stepsCount":0,"attachmentsCount":0,"hasContent":true}],"attachments":[],"parameters":[],"shouldDisplayMessage":false,"stepsCount":1,"attachmentsCount":0,"hasContent":true},{"name":"json_data","time":{"start":1697937217248,"stop":1697937217248,"duration":0},"status":"passed","steps":[],"attachments":[],"parameters":[],"shouldDisplayMessage":false,"stepsCount":0,"attachmentsCount":0,"hasContent":false}],"testStage":{"description":"Create new Workspace","status":"broken","statusMessage":"selenium.common.exceptions.TimeoutException: Message: \nStacktrace:\n#0 0x5575fb809fb3 <unknown>\n#1 0x5575fb4dd4a7 <unknown>\n#2 0x5575fb524dd6 <unknown>\n#3 0x5575fb524ec1 <unknown>\n#4 0x5575fb562354 <unknown>\n#5 0x5575fb54696d <unknown>\n#6 0x5575fb55fc02 <unknown>\n#7 0x5575fb546713 <unknown>\n#8 0x5575fb51918b <unknown>\n#9 0x5575fb519f7e <unknown>\n#10 0x5575fb7cf8d8 <unknown>\n#11 0x5575fb7d3800 <unknown>\n#12 0x5575fb7ddcfc <unknown>\n#13 0x5575fb7d4418 <unknown>\n#14 0x5575fb7a142f <unknown>\n#15 0x5575fb7f84e8 <unknown>\n#16 0x5575fb7f86b4 <unknown>\n#17 0x5575fb809143 <unknown>\n#18 0x7f60ff494ac3 <unknown>","statusTrace":"self = <tests.workspaces_test.TestWorkspaces object at 0x7f301e804650>\n\n    @pytest.fixture(autouse=True)\n    def setup_method_fixture(self):\n>       login(self.about_page, self.login_page)\n\ntests/workspaces_test.py:24: \n_ _ _ _ _ _ _ _ _ _ _ _ _ _ _ _ _ _ _ _ _ _ _ _ _ _ _ _ _ _ _ _ _ _ _ _ _ _ _ _ \ntests/workspaces_test.py:14: in login\n    about_page.click_login_link()\npages/about_page.py:20: in click_login_link\n    self.click(self.LOGIN_LINK)\npages/base_page.py:38: in click\n    el: WebElement = self.wait.until(\n_ _ _ _ _ _ _ _ _ _ _ _ _ _ _ _ _ _ _ _ _ _ _ _ _ _ _ _ _ _ _ _ _ _ _ _ _ _ _ _ \n\nself = <selenium.webdriver.support.wait.WebDriverWait (session=\"d5b46c1ecd82432998436f6d7d91680c\")>\nmethod = <function element_to_be_clickable.<locals>._predicate at 0x7f301f1d8720>\nmessage = ''\n\n    def until(self, method, message: str = \"\"):\n        \"\"\"Calls the method provided with the driver as an argument until the \\\n        return value does not evaluate to ``False``.\n    \n        :param method: callable(WebDriver)\n        :param message: optional message for :exc:`TimeoutException`\n        :returns: the result of the last call to `method`\n        :raises: :exc:`selenium.common.exceptions.TimeoutException` if timeout occurs\n        \"\"\"\n        screen = None\n        stacktrace = None\n    \n        end_time = time.monotonic() + self._timeout\n        while True:\n            try:\n                value = method(self._driver)\n                if value:\n                    return value\n            except self._ignored_exceptions as exc:\n                screen = getattr(exc, \"screen\", None)\n                stacktrace = getattr(exc, \"stacktrace\", None)\n            time.sleep(self._poll)\n            if time.monotonic() > end_time:\n                break\n>       raise TimeoutException(message, screen, stacktrace)\nE       selenium.common.exceptions.TimeoutException: Message: \nE       Stacktrace:\nE       #0 0x5575fb809fb3 <unknown>\nE       #1 0x5575fb4dd4a7 <unknown>\nE       #2 0x5575fb524dd6 <unknown>\nE       #3 0x5575fb524ec1 <unknown>\nE       #4 0x5575fb562354 <unknown>\nE       #5 0x5575fb54696d <unknown>\nE       #6 0x5575fb55fc02 <unknown>\nE       #7 0x5575fb546713 <unknown>\nE       #8 0x5575fb51918b <unknown>\nE       #9 0x5575fb519f7e <unknown>\nE       #10 0x5575fb7cf8d8 <unknown>\nE       #11 0x5575fb7d3800 <unknown>\nE       #12 0x5575fb7ddcfc <unknown>\nE       #13 0x5575fb7d4418 <unknown>\nE       #14 0x5575fb7a142f <unknown>\nE       #15 0x5575fb7f84e8 <unknown>\nE       #16 0x5575fb7f86b4 <unknown>\nE       #17 0x5575fb809143 <unknown>\nE       #18 0x7f60ff494ac3 <unknown>\n\n.venv/lib/python3.11/site-packages/selenium/webdriver/support/wait.py:95: TimeoutException","steps":[],"attachments":[{"uid":"6f60134860f93443","name":"public ip address","source":"6f60134860f93443.txt","type":"text/plain","size":12},{"uid":"a0735095fcbd87fe","name":"Cookies","source":"a0735095fcbd87fe.json","type":"application/json","size":2504},{"uid":"28d09ff227dbf254","name":"Session Storage","source":"28d09ff227dbf254.json","type":"application/json","size":2},{"uid":"4a0c986781ce1ec2","name":"Local Storage","source":"4a0c986781ce1ec2.json","type":"application/json","size":208},{"uid":"c6fadcebc504991f","name":"Console Logs","source":"c6fadcebc504991f.json","type":"application/json","size":249},{"uid":"75a2661f7a53dd60","name":"Full Page Screenshot","source":"75a2661f7a53dd60.png","type":"image/png","size":714221},{"uid":"ba9f947d525d74d7","name":"URL","source":"ba9f947d525d74d7.uri","type":"text/uri-list","size":23},{"uid":"6e63022cac442b76","name":"Network Logs","source":"6e63022cac442b76.json","type":"application/json","size":2}],"parameters":[],"shouldDisplayMessage":true,"stepsCount":0,"attachmentsCount":8,"hasContent":true},"afterStages":[],"labels":[{"name":"story","value":"WorkSpaces Creation and Editing Functionality"},{"name":"epic","value":"Workspaces"},{"name":"severity","value":"normal"},{"name":"tag","value":"run(order=1)"},{"name":"parentSuite","value":"tests"},{"name":"suite","value":"workspaces_test"},{"name":"subSuite","value":"TestWorkspaces"},{"name":"host","value":"fv-az364-440"},{"name":"thread","value":"2120-MainThread"},{"name":"framework","value":"pytest"},{"name":"language","value":"cpython3"},{"name":"package","value":"tests.workspaces_test"},{"name":"resultFormat","value":"allure2"}],"parameters":[],"links":[],"hidden":false,"retry":false,"extra":{"severity":"normal","retries":[],"categories":[{"name":"Test defects","matchedStatuses":[],"flaky":false}],"tags":["run(order=1)"]},"source":"de03373ee778fcdf.json","parameterValues":[]}