{"uid":"4447cb6bcb22045d","name":"Forgot Password with valid email test","fullName":"tests.test_forgot_password.TestForgotPassword#test_valid_email","historyId":"ad76d87e5a831f6b00837c8ab7fbb24e","time":{"start":1679678205261,"stop":1679678215835,"duration":10574},"description":"Forgot password with a valid email address","descriptionHtml":"<p>Forgot password with a valid email address</p>\n","status":"broken","statusMessage":"selenium.common.exceptions.TimeoutException: Message: \nStacktrace:\n#0 0x55e2e278c243 <unknown>\n#1 0x55e2e25507a6 <unknown>\n#2 0x55e2e258d64d <unknown>\n#3 0x55e2e258d761 <unknown>\n#4 0x55e2e25c8da4 <unknown>\n#5 0x55e2e25ae0ad <unknown>\n#6 0x55e2e25c6932 <unknown>\n#7 0x55e2e25ade53 <unknown>\n#8 0x55e2e25809ea <unknown>\n#9 0x55e2e2581b2e <unknown>\n#10 0x55e2e27e0d5e <unknown>\n#11 0x55e2e27e4a80 <unknown>\n#12 0x55e2e27c68b0 <unknown>\n#13 0x55e2e27e5b63 <unknown>\n#14 0x55e2e27b7f75 <unknown>\n#15 0x55e2e2808998 <unknown>\n#16 0x55e2e2808b27 <unknown>\n#17 0x55e2e2823c23 <unknown>\n#18 0x7f314fd97b43 <unknown>","statusTrace":"self = <tests.test_forgot_password.TestForgotPassword object at 0x7f5297c0db70>\n\n    @allure.description(\"Forgot password with a valid email address\")\n    @allure.title(\"Forgot Password with valid email test\")\n    def test_valid_email(self):\n        email = self.config_reader.config_section_dict(\"Base Url\")[\"username\"]\n>       self.pages['about_page'].click_login_link()\n\ntests/test_forgot_password.py:18: \n_ _ _ _ _ _ _ _ _ _ _ _ _ _ _ _ _ _ _ _ _ _ _ _ _ _ _ _ _ _ _ _ _ _ _ _ _ _ _ _ \npages/about_page.py:17: in click_login_link\n    self.click(self.LOGIN_LINK)\npages/base_page.py:17: in click\n    el: WebElement = self._wait.until(expected_conditions.element_to_be_clickable(webelement))\n_ _ _ _ _ _ _ _ _ _ _ _ _ _ _ _ _ _ _ _ _ _ _ _ _ _ _ _ _ _ _ _ _ _ _ _ _ _ _ _ \n\nself = <selenium.webdriver.support.wait.WebDriverWait (session=\"8a6556efc738124d0cab4ec65269c30c\")>\nmethod = <function element_to_be_clickable.<locals>._predicate at 0x7f5297b572e0>\nmessage = ''\n\n    def until(self, method, message: str = \"\"):\n        \"\"\"Calls the method provided with the driver as an argument until the \\\n        return value does not evaluate to ``False``.\n    \n        :param method: callable(WebDriver)\n        :param message: optional message for :exc:`TimeoutException`\n        :returns: the result of the last call to `method`\n        :raises: :exc:`selenium.common.exceptions.TimeoutException` if timeout occurs\n        \"\"\"\n        screen = None\n        stacktrace = None\n    \n        end_time = time.monotonic() + self._timeout\n        while True:\n            try:\n                value = method(self._driver)\n                if value:\n                    return value\n            except self._ignored_exceptions as exc:\n                screen = getattr(exc, \"screen\", None)\n                stacktrace = getattr(exc, \"stacktrace\", None)\n            time.sleep(self._poll)\n            if time.monotonic() > end_time:\n                break\n>       raise TimeoutException(message, screen, stacktrace)\nE       selenium.common.exceptions.TimeoutException: Message: \nE       Stacktrace:\nE       #0 0x55e2e278c243 <unknown>\nE       #1 0x55e2e25507a6 <unknown>\nE       #2 0x55e2e258d64d <unknown>\nE       #3 0x55e2e258d761 <unknown>\nE       #4 0x55e2e25c8da4 <unknown>\nE       #5 0x55e2e25ae0ad <unknown>\nE       #6 0x55e2e25c6932 <unknown>\nE       #7 0x55e2e25ade53 <unknown>\nE       #8 0x55e2e25809ea <unknown>\nE       #9 0x55e2e2581b2e <unknown>\nE       #10 0x55e2e27e0d5e <unknown>\nE       #11 0x55e2e27e4a80 <unknown>\nE       #12 0x55e2e27c68b0 <unknown>\nE       #13 0x55e2e27e5b63 <unknown>\nE       #14 0x55e2e27b7f75 <unknown>\nE       #15 0x55e2e2808998 <unknown>\nE       #16 0x55e2e2808b27 <unknown>\nE       #17 0x55e2e2823c23 <unknown>\nE       #18 0x7f314fd97b43 <unknown>\n\n/opt/hostedtoolcache/Python/3.10.10/x64/lib/python3.10/site-packages/selenium/webdriver/support/wait.py:95: TimeoutException","flaky":false,"newFailed":false,"newBroken":false,"newPassed":false,"retriesCount":0,"retriesStatusChange":false,"beforeStages":[{"name":"prep_properties","time":{"start":1679677988504,"stop":1679677988505,"duration":1},"status":"passed","steps":[],"attachments":[],"parameters":[],"stepsCount":0,"attachmentsCount":0,"shouldDisplayMessage":false,"hasContent":false},{"name":"write_allure_environment","time":{"start":1679677988505,"stop":1679677988505,"duration":0},"status":"passed","steps":[],"attachments":[],"parameters":[],"stepsCount":0,"attachmentsCount":0,"shouldDisplayMessage":false,"hasContent":false},{"name":"create_driver","time":{"start":1679678199395,"stop":1679678205259,"duration":5864},"status":"passed","steps":[],"attachments":[],"parameters":[],"stepsCount":0,"attachmentsCount":0,"shouldDisplayMessage":false,"hasContent":false},{"name":"injector","time":{"start":1679678205260,"stop":1679678205260,"duration":0},"status":"passed","steps":[],"attachments":[],"parameters":[],"stepsCount":0,"attachmentsCount":0,"shouldDisplayMessage":false,"hasContent":false},{"name":"pages","time":{"start":1679678205260,"stop":1679678205260,"duration":0},"status":"passed","steps":[],"attachments":[],"parameters":[],"stepsCount":0,"attachmentsCount":0,"shouldDisplayMessage":false,"hasContent":false}],"testStage":{"description":"Forgot password with a valid email address","status":"broken","statusMessage":"selenium.common.exceptions.TimeoutException: Message: \nStacktrace:\n#0 0x55e2e278c243 <unknown>\n#1 0x55e2e25507a6 <unknown>\n#2 0x55e2e258d64d <unknown>\n#3 0x55e2e258d761 <unknown>\n#4 0x55e2e25c8da4 <unknown>\n#5 0x55e2e25ae0ad <unknown>\n#6 0x55e2e25c6932 <unknown>\n#7 0x55e2e25ade53 <unknown>\n#8 0x55e2e25809ea <unknown>\n#9 0x55e2e2581b2e <unknown>\n#10 0x55e2e27e0d5e <unknown>\n#11 0x55e2e27e4a80 <unknown>\n#12 0x55e2e27c68b0 <unknown>\n#13 0x55e2e27e5b63 <unknown>\n#14 0x55e2e27b7f75 <unknown>\n#15 0x55e2e2808998 <unknown>\n#16 0x55e2e2808b27 <unknown>\n#17 0x55e2e2823c23 <unknown>\n#18 0x7f314fd97b43 <unknown>","statusTrace":"self = <tests.test_forgot_password.TestForgotPassword object at 0x7f5297c0db70>\n\n    @allure.description(\"Forgot password with a valid email address\")\n    @allure.title(\"Forgot Password with valid email test\")\n    def test_valid_email(self):\n        email = self.config_reader.config_section_dict(\"Base Url\")[\"username\"]\n>       self.pages['about_page'].click_login_link()\n\ntests/test_forgot_password.py:18: \n_ _ _ _ _ _ _ _ _ _ _ _ _ _ _ _ _ _ _ _ _ _ _ _ _ _ _ _ _ _ _ _ _ _ _ _ _ _ _ _ \npages/about_page.py:17: in click_login_link\n    self.click(self.LOGIN_LINK)\npages/base_page.py:17: in click\n    el: WebElement = self._wait.until(expected_conditions.element_to_be_clickable(webelement))\n_ _ _ _ _ _ _ _ _ _ _ _ _ _ _ _ _ _ _ _ _ _ _ _ _ _ _ _ _ _ _ _ _ _ _ _ _ _ _ _ \n\nself = <selenium.webdriver.support.wait.WebDriverWait (session=\"8a6556efc738124d0cab4ec65269c30c\")>\nmethod = <function element_to_be_clickable.<locals>._predicate at 0x7f5297b572e0>\nmessage = ''\n\n    def until(self, method, message: str = \"\"):\n        \"\"\"Calls the method provided with the driver as an argument until the \\\n        return value does not evaluate to ``False``.\n    \n        :param method: callable(WebDriver)\n        :param message: optional message for :exc:`TimeoutException`\n        :returns: the result of the last call to `method`\n        :raises: :exc:`selenium.common.exceptions.TimeoutException` if timeout occurs\n        \"\"\"\n        screen = None\n        stacktrace = None\n    \n        end_time = time.monotonic() + self._timeout\n        while True:\n            try:\n                value = method(self._driver)\n                if value:\n                    return value\n            except self._ignored_exceptions as exc:\n                screen = getattr(exc, \"screen\", None)\n                stacktrace = getattr(exc, \"stacktrace\", None)\n            time.sleep(self._poll)\n            if time.monotonic() > end_time:\n                break\n>       raise TimeoutException(message, screen, stacktrace)\nE       selenium.common.exceptions.TimeoutException: Message: \nE       Stacktrace:\nE       #0 0x55e2e278c243 <unknown>\nE       #1 0x55e2e25507a6 <unknown>\nE       #2 0x55e2e258d64d <unknown>\nE       #3 0x55e2e258d761 <unknown>\nE       #4 0x55e2e25c8da4 <unknown>\nE       #5 0x55e2e25ae0ad <unknown>\nE       #6 0x55e2e25c6932 <unknown>\nE       #7 0x55e2e25ade53 <unknown>\nE       #8 0x55e2e25809ea <unknown>\nE       #9 0x55e2e2581b2e <unknown>\nE       #10 0x55e2e27e0d5e <unknown>\nE       #11 0x55e2e27e4a80 <unknown>\nE       #12 0x55e2e27c68b0 <unknown>\nE       #13 0x55e2e27e5b63 <unknown>\nE       #14 0x55e2e27b7f75 <unknown>\nE       #15 0x55e2e2808998 <unknown>\nE       #16 0x55e2e2808b27 <unknown>\nE       #17 0x55e2e2823c23 <unknown>\nE       #18 0x7f314fd97b43 <unknown>\n\n/opt/hostedtoolcache/Python/3.10.10/x64/lib/python3.10/site-packages/selenium/webdriver/support/wait.py:95: TimeoutException","steps":[{"name":"Click Login link","time":{"start":1679678205261,"stop":1679678215834,"duration":10573},"status":"broken","statusMessage":"selenium.common.exceptions.TimeoutException: Message: \nStacktrace:\n#0 0x55e2e278c243 <unknown>\n#1 0x55e2e25507a6 <unknown>\n#2 0x55e2e258d64d <unknown>\n#3 0x55e2e258d761 <unknown>\n#4 0x55e2e25c8da4 <unknown>\n#5 0x55e2e25ae0ad <unknown>\n#6 0x55e2e25c6932 <unknown>\n#7 0x55e2e25ade53 <unknown>\n#8 0x55e2e25809ea <unknown>\n#9 0x55e2e2581b2e <unknown>\n#10 0x55e2e27e0d5e <unknown>\n#11 0x55e2e27e4a80 <unknown>\n#12 0x55e2e27c68b0 <unknown>\n#13 0x55e2e27e5b63 <unknown>\n#14 0x55e2e27b7f75 <unknown>\n#15 0x55e2e2808998 <unknown>\n#16 0x55e2e2808b27 <unknown>\n#17 0x55e2e2823c23 <unknown>\n#18 0x7f314fd97b43 <unknown>\n\n","statusTrace":"  File \"/opt/hostedtoolcache/Python/3.10.10/x64/lib/python3.10/site-packages/allure_commons/_allure.py\", line 192, in impl\n    return func(*a, **kw)\n  File \"/home/runner/work/Selenium-Python-Example/Selenium-Python-Example/pages/about_page.py\", line 17, in click_login_link\n    self.click(self.LOGIN_LINK)\n  File \"/home/runner/work/Selenium-Python-Example/Selenium-Python-Example/pages/base_page.py\", line 17, in click\n    el: WebElement = self._wait.until(expected_conditions.element_to_be_clickable(webelement))\n  File \"/opt/hostedtoolcache/Python/3.10.10/x64/lib/python3.10/site-packages/selenium/webdriver/support/wait.py\", line 95, in until\n    raise TimeoutException(message, screen, stacktrace)\n","steps":[],"attachments":[],"parameters":[],"stepsCount":0,"attachmentsCount":0,"shouldDisplayMessage":true,"hasContent":true}],"attachments":[],"parameters":[],"stepsCount":1,"attachmentsCount":0,"shouldDisplayMessage":true,"hasContent":true},"afterStages":[{"name":"create_driver::0","time":{"start":1679678215846,"stop":1679678215848,"duration":2},"status":"broken","statusMessage":"TypeError: 'module' object is not callable\n","statusTrace":"  File \"/opt/hostedtoolcache/Python/3.10.10/x64/lib/python3.10/site-packages/allure_commons/_allure.py\", line 221, in __call__\n    return self._fixture_function(*args, **kwargs)\n  File \"/opt/hostedtoolcache/Python/3.10.10/x64/lib/python3.10/site-packages/_pytest/fixtures.py\", line 917, in _teardown_yield_fixture\n    next(it)\n  File \"/home/runner/work/Selenium-Python-Example/Selenium-Python-Example/tests/conftest.py\", line 117, in create_driver\n    allure.attach(body=Image.open(Screenshot().full_Screenshot(driver, image_name=f\"{datetime.now().strftime('%Y-%m-%d-%H-%M-%S')}.png\")),\n","steps":[],"attachments":[],"parameters":[],"stepsCount":0,"attachmentsCount":0,"shouldDisplayMessage":true,"hasContent":true},{"name":"write_allure_environment::0","time":{"start":1679678250459,"stop":1679678250477,"duration":18},"status":"broken","statusMessage":"TypeError: HEAD is a detached symbolic reference as it points to '3fd7ce3a048b98229347443b2b0bb33551e89c6e'\n","statusTrace":"  File \"/opt/hostedtoolcache/Python/3.10.10/x64/lib/python3.10/site-packages/allure_commons/_allure.py\", line 221, in __call__\n    return self._fixture_function(*args, **kwargs)\n  File \"/opt/hostedtoolcache/Python/3.10.10/x64/lib/python3.10/site-packages/_pytest/fixtures.py\", line 917, in _teardown_yield_fixture\n    next(it)\n  File \"/home/runner/work/Selenium-Python-Example/Selenium-Python-Example/tests/conftest.py\", line 55, in write_allure_environment\n    \"Branch\": repo.active_branch.name\n  File \"/opt/hostedtoolcache/Python/3.10.10/x64/lib/python3.10/site-packages/git/repo/base.py\", line 896, in active_branch\n    return self.head.reference\n  File \"/opt/hostedtoolcache/Python/3.10.10/x64/lib/python3.10/site-packages/git/refs/symbolic.py\", line 309, in _get_reference\n    raise TypeError(\"%s is a detached symbolic reference as it points to %r\" % (self, sha))\n","steps":[],"attachments":[],"parameters":[],"stepsCount":0,"attachmentsCount":0,"shouldDisplayMessage":true,"hasContent":true}],"labels":[{"name":"epic","value":"Security"},{"name":"story","value":"Forgot Password Feature's Functionality"},{"name":"severity","value":"critical"},{"name":"tag","value":"security"},{"name":"parentSuite","value":"tests"},{"name":"suite","value":"test_forgot_password"},{"name":"subSuite","value":"TestForgotPassword"},{"name":"host","value":"fv-az257-304"},{"name":"thread","value":"2216-MainThread"},{"name":"framework","value":"pytest"},{"name":"language","value":"cpython3"},{"name":"package","value":"tests.test_forgot_password"},{"name":"resultFormat","value":"allure2"}],"parameters":[],"links":[],"hidden":false,"retry":false,"extra":{"severity":"critical","retries":[],"categories":[{"name":"Test defects","matchedStatuses":[],"flaky":false}],"tags":["security"]},"source":"4447cb6bcb22045d.json","parameterValues":[]}