{"uid":"3fddf18b7454e3f4","name":"Delete existing workspace","fullName":"tests.workspaces_test.TestWorkspaces#test_delete_workspace","historyId":"085ae9bea926da8512f07258dfb5df8c","time":{"start":1718155083959,"stop":1718155083959,"duration":0},"description":"Delete an existing workspace","descriptionHtml":"<p>Delete an existing workspace</p>\n","status":"broken","statusMessage":"selenium.common.exceptions.TimeoutException: Message: \nStacktrace:\n#0 0x561651453e3a <unknown>\n#1 0x56165113d45c <unknown>\n#2 0x5616511895b5 <unknown>\n#3 0x561651189671 <unknown>\n#4 0x5616511cdf14 <unknown>\n#5 0x5616511ac4dd <unknown>\n#6 0x5616511cb2cc <unknown>\n#7 0x5616511ac253 <unknown>\n#8 0x56165117c1c7 <unknown>\n#9 0x56165117cb3e <unknown>\n#10 0x56165141a27b <unknown>\n#11 0x56165141e327 <unknown>\n#12 0x561651406dae <unknown>\n#13 0x56165141edf2 <unknown>\n#14 0x5616513eb74f <unknown>\n#15 0x561651443128 <unknown>\n#16 0x5616514432fb <unknown>\n#17 0x561651452f6c <unknown>\n#18 0x7fcfa6c94ac3 <unknown>","statusTrace":"self = <tests.workspaces_test.TestWorkspaces object at 0x7fa754f16e10>\n\n    @pytest.fixture(autouse=True)\n    def setup_method_fixture(self):\n>       login(self.about_page, self.login_page)\n\ntests/workspaces_test.py:25: \n_ _ _ _ _ _ _ _ _ _ _ _ _ _ _ _ _ _ _ _ _ _ _ _ _ _ _ _ _ _ _ _ _ _ _ _ _ _ _ _ \ntests/workspaces_test.py:15: in login\n    about_page.click_login_link()\npages/about_page.py:20: in click_login_link\n    self.click(self.LOGIN_LINK)\npages/base_page.py:60: in click\n    el: WebElement = self.wait.until(\n_ _ _ _ _ _ _ _ _ _ _ _ _ _ _ _ _ _ _ _ _ _ _ _ _ _ _ _ _ _ _ _ _ _ _ _ _ _ _ _ \n\nself = <selenium.webdriver.support.wait.WebDriverWait (session=\"e12aff89ceba7dc6d91f8efac99df5f2\")>\nmethod = <function element_to_be_clickable.<locals>._predicate at 0x7fa754fa63e0>\nmessage = ''\n\n    def until(self, method: Callable[[D], Union[Literal[False], T]], message: str = \"\") -> T:\n        \"\"\"Calls the method provided with the driver as an argument until the \\\n        return value does not evaluate to ``False``.\n    \n        :param method: callable(WebDriver)\n        :param message: optional message for :exc:`TimeoutException`\n        :returns: the result of the last call to `method`\n        :raises: :exc:`selenium.common.exceptions.TimeoutException` if timeout occurs\n        \"\"\"\n        screen = None\n        stacktrace = None\n    \n        end_time = time.monotonic() + self._timeout\n        while True:\n            try:\n                value = method(self._driver)\n                if value:\n                    return value\n            except self._ignored_exceptions as exc:\n                screen = getattr(exc, \"screen\", None)\n                stacktrace = getattr(exc, \"stacktrace\", None)\n            time.sleep(self._poll)\n            if time.monotonic() > end_time:\n                break\n>       raise TimeoutException(message, screen, stacktrace)\nE       selenium.common.exceptions.TimeoutException: Message: \nE       Stacktrace:\nE       #0 0x561651453e3a <unknown>\nE       #1 0x56165113d45c <unknown>\nE       #2 0x5616511895b5 <unknown>\nE       #3 0x561651189671 <unknown>\nE       #4 0x5616511cdf14 <unknown>\nE       #5 0x5616511ac4dd <unknown>\nE       #6 0x5616511cb2cc <unknown>\nE       #7 0x5616511ac253 <unknown>\nE       #8 0x56165117c1c7 <unknown>\nE       #9 0x56165117cb3e <unknown>\nE       #10 0x56165141a27b <unknown>\nE       #11 0x56165141e327 <unknown>\nE       #12 0x561651406dae <unknown>\nE       #13 0x56165141edf2 <unknown>\nE       #14 0x5616513eb74f <unknown>\nE       #15 0x561651443128 <unknown>\nE       #16 0x5616514432fb <unknown>\nE       #17 0x561651452f6c <unknown>\nE       #18 0x7fcfa6c94ac3 <unknown>\n\n.venv/lib/python3.12/site-packages/selenium/webdriver/support/wait.py:105: TimeoutException","flaky":false,"newFailed":false,"newBroken":false,"newPassed":false,"retriesCount":0,"retriesStatusChange":false,"beforeStages":[{"name":"setup_method_fixture","time":{"start":1718155085594,"stop":1718155096005,"duration":10411},"status":"broken","statusMessage":"selenium.common.exceptions.TimeoutException: Message: \nStacktrace:\n#0 0x561651453e3a <unknown>\n#1 0x56165113d45c <unknown>\n#2 0x5616511895b5 <unknown>\n#3 0x561651189671 <unknown>\n#4 0x5616511cdf14 <unknown>\n#5 0x5616511ac4dd <unknown>\n#6 0x5616511cb2cc <unknown>\n#7 0x5616511ac253 <unknown>\n#8 0x56165117c1c7 <unknown>\n#9 0x56165117cb3e <unknown>\n#10 0x56165141a27b <unknown>\n#11 0x56165141e327 <unknown>\n#12 0x561651406dae <unknown>\n#13 0x56165141edf2 <unknown>\n#14 0x5616513eb74f <unknown>\n#15 0x561651443128 <unknown>\n#16 0x5616514432fb <unknown>\n#17 0x561651452f6c <unknown>\n#18 0x7fcfa6c94ac3 <unknown>\n\n","statusTrace":"  File \"/home/runner/work/Selenium-Python-Example/Selenium-Python-Example/.venv/lib/python3.12/site-packages/pluggy/_callers.py\", line 167, in _multicall\n    teardown.throw(outcome._exception)\n  File \"/home/runner/work/Selenium-Python-Example/Selenium-Python-Example/.venv/lib/python3.12/site-packages/_pytest/setuponly.py\", line 36, in pytest_fixture_setup\n    return (yield)\n            ^^^^^\n  File \"/home/runner/work/Selenium-Python-Example/Selenium-Python-Example/.venv/lib/python3.12/site-packages/pluggy/_callers.py\", line 103, in _multicall\n    res = hook_impl.function(*args)\n          ^^^^^^^^^^^^^^^^^^^^^^^^^\n  File \"/home/runner/work/Selenium-Python-Example/Selenium-Python-Example/.venv/lib/python3.12/site-packages/_pytest/fixtures.py\", line 1122, in pytest_fixture_setup\n    result = call_fixture_func(fixturefunc, request, kwargs)\n             ^^^^^^^^^^^^^^^^^^^^^^^^^^^^^^^^^^^^^^^^^^^^^^^\n  File \"/home/runner/work/Selenium-Python-Example/Selenium-Python-Example/.venv/lib/python3.12/site-packages/_pytest/fixtures.py\", line 884, in call_fixture_func\n    fixture_result = fixturefunc(**kwargs)\n                     ^^^^^^^^^^^^^^^^^^^^^\n  File \"/home/runner/work/Selenium-Python-Example/Selenium-Python-Example/tests/workspaces_test.py\", line 25, in setup_method_fixture\n    login(self.about_page, self.login_page)\n  File \"/home/runner/work/Selenium-Python-Example/Selenium-Python-Example/tests/workspaces_test.py\", line 15, in login\n    about_page.click_login_link()\n  File \"/home/runner/work/Selenium-Python-Example/Selenium-Python-Example/.venv/lib/python3.12/site-packages/allure_commons/_allure.py\", line 192, in impl\n    return func(*a, **kw)\n           ^^^^^^^^^^^^^^\n  File \"/home/runner/work/Selenium-Python-Example/Selenium-Python-Example/pages/about_page.py\", line 20, in click_login_link\n    self.click(self.LOGIN_LINK)\n  File \"/home/runner/work/Selenium-Python-Example/Selenium-Python-Example/pages/base_page.py\", line 60, in click\n    el: WebElement = self.wait.until(\n                     ^^^^^^^^^^^^^^^^\n  File \"/home/runner/work/Selenium-Python-Example/Selenium-Python-Example/.venv/lib/python3.12/site-packages/selenium/webdriver/support/wait.py\", line 105, in until\n    raise TimeoutException(message, screen, stacktrace)\n","steps":[{"name":"Click Login link","time":{"start":1718155085594,"stop":1718155096005,"duration":10411},"status":"broken","statusMessage":"selenium.common.exceptions.TimeoutException: Message: \nStacktrace:\n#0 0x561651453e3a <unknown>\n#1 0x56165113d45c <unknown>\n#2 0x5616511895b5 <unknown>\n#3 0x561651189671 <unknown>\n#4 0x5616511cdf14 <unknown>\n#5 0x5616511ac4dd <unknown>\n#6 0x5616511cb2cc <unknown>\n#7 0x5616511ac253 <unknown>\n#8 0x56165117c1c7 <unknown>\n#9 0x56165117cb3e <unknown>\n#10 0x56165141a27b <unknown>\n#11 0x56165141e327 <unknown>\n#12 0x561651406dae <unknown>\n#13 0x56165141edf2 <unknown>\n#14 0x5616513eb74f <unknown>\n#15 0x561651443128 <unknown>\n#16 0x5616514432fb <unknown>\n#17 0x561651452f6c <unknown>\n#18 0x7fcfa6c94ac3 <unknown>\n\n","statusTrace":"  File \"/home/runner/work/Selenium-Python-Example/Selenium-Python-Example/.venv/lib/python3.12/site-packages/allure_commons/_allure.py\", line 192, in impl\n    return func(*a, **kw)\n           ^^^^^^^^^^^^^^\n  File \"/home/runner/work/Selenium-Python-Example/Selenium-Python-Example/pages/about_page.py\", line 20, in click_login_link\n    self.click(self.LOGIN_LINK)\n  File \"/home/runner/work/Selenium-Python-Example/Selenium-Python-Example/pages/base_page.py\", line 60, in click\n    el: WebElement = self.wait.until(\n                     ^^^^^^^^^^^^^^^^\n  File \"/home/runner/work/Selenium-Python-Example/Selenium-Python-Example/.venv/lib/python3.12/site-packages/selenium/webdriver/support/wait.py\", line 105, in until\n    raise TimeoutException(message, screen, stacktrace)\n","steps":[],"attachments":[],"parameters":[],"shouldDisplayMessage":true,"stepsCount":0,"attachmentsCount":0,"hasContent":true,"attachmentStep":false}],"attachments":[],"parameters":[],"shouldDisplayMessage":false,"stepsCount":1,"attachmentsCount":0,"hasContent":true,"attachmentStep":false}],"testStage":{"description":"Delete an existing workspace","status":"broken","statusMessage":"selenium.common.exceptions.TimeoutException: Message: \nStacktrace:\n#0 0x561651453e3a <unknown>\n#1 0x56165113d45c <unknown>\n#2 0x5616511895b5 <unknown>\n#3 0x561651189671 <unknown>\n#4 0x5616511cdf14 <unknown>\n#5 0x5616511ac4dd <unknown>\n#6 0x5616511cb2cc <unknown>\n#7 0x5616511ac253 <unknown>\n#8 0x56165117c1c7 <unknown>\n#9 0x56165117cb3e <unknown>\n#10 0x56165141a27b <unknown>\n#11 0x56165141e327 <unknown>\n#12 0x561651406dae <unknown>\n#13 0x56165141edf2 <unknown>\n#14 0x5616513eb74f <unknown>\n#15 0x561651443128 <unknown>\n#16 0x5616514432fb <unknown>\n#17 0x561651452f6c <unknown>\n#18 0x7fcfa6c94ac3 <unknown>","statusTrace":"self = <tests.workspaces_test.TestWorkspaces object at 0x7fa754f16e10>\n\n    @pytest.fixture(autouse=True)\n    def setup_method_fixture(self):\n>       login(self.about_page, self.login_page)\n\ntests/workspaces_test.py:25: \n_ _ _ _ _ _ _ _ _ _ _ _ _ _ _ _ _ _ _ _ _ _ _ _ _ _ _ _ _ _ _ _ _ _ _ _ _ _ _ _ \ntests/workspaces_test.py:15: in login\n    about_page.click_login_link()\npages/about_page.py:20: in click_login_link\n    self.click(self.LOGIN_LINK)\npages/base_page.py:60: in click\n    el: WebElement = self.wait.until(\n_ _ _ _ _ _ _ _ _ _ _ _ _ _ _ _ _ _ _ _ _ _ _ _ _ _ _ _ _ _ _ _ _ _ _ _ _ _ _ _ \n\nself = <selenium.webdriver.support.wait.WebDriverWait (session=\"e12aff89ceba7dc6d91f8efac99df5f2\")>\nmethod = <function element_to_be_clickable.<locals>._predicate at 0x7fa754fa63e0>\nmessage = ''\n\n    def until(self, method: Callable[[D], Union[Literal[False], T]], message: str = \"\") -> T:\n        \"\"\"Calls the method provided with the driver as an argument until the \\\n        return value does not evaluate to ``False``.\n    \n        :param method: callable(WebDriver)\n        :param message: optional message for :exc:`TimeoutException`\n        :returns: the result of the last call to `method`\n        :raises: :exc:`selenium.common.exceptions.TimeoutException` if timeout occurs\n        \"\"\"\n        screen = None\n        stacktrace = None\n    \n        end_time = time.monotonic() + self._timeout\n        while True:\n            try:\n                value = method(self._driver)\n                if value:\n                    return value\n            except self._ignored_exceptions as exc:\n                screen = getattr(exc, \"screen\", None)\n                stacktrace = getattr(exc, \"stacktrace\", None)\n            time.sleep(self._poll)\n            if time.monotonic() > end_time:\n                break\n>       raise TimeoutException(message, screen, stacktrace)\nE       selenium.common.exceptions.TimeoutException: Message: \nE       Stacktrace:\nE       #0 0x561651453e3a <unknown>\nE       #1 0x56165113d45c <unknown>\nE       #2 0x5616511895b5 <unknown>\nE       #3 0x561651189671 <unknown>\nE       #4 0x5616511cdf14 <unknown>\nE       #5 0x5616511ac4dd <unknown>\nE       #6 0x5616511cb2cc <unknown>\nE       #7 0x5616511ac253 <unknown>\nE       #8 0x56165117c1c7 <unknown>\nE       #9 0x56165117cb3e <unknown>\nE       #10 0x56165141a27b <unknown>\nE       #11 0x56165141e327 <unknown>\nE       #12 0x561651406dae <unknown>\nE       #13 0x56165141edf2 <unknown>\nE       #14 0x5616513eb74f <unknown>\nE       #15 0x561651443128 <unknown>\nE       #16 0x5616514432fb <unknown>\nE       #17 0x561651452f6c <unknown>\nE       #18 0x7fcfa6c94ac3 <unknown>\n\n.venv/lib/python3.12/site-packages/selenium/webdriver/support/wait.py:105: TimeoutException","steps":[{"name":"public ip address","time":{"start":1718155096018,"stop":1718155096049,"duration":31},"status":"passed","steps":[],"attachments":[{"uid":"ae0be38d6b4d9fe4","name":"HTTP logs of http://checkip.amazonaws.com/","source":"ae0be38d6b4d9fe4.txt","type":"text/plain","size":357}],"parameters":[],"shouldDisplayMessage":false,"stepsCount":0,"attachmentsCount":1,"hasContent":true,"attachmentStep":false}],"attachments":[{"uid":"d19fae888e360057","name":"Cookies","source":"d19fae888e360057.json","type":"application/json","size":3644},{"uid":"ca719f9f8ba2506b","name":"Session Storage","source":"ca719f9f8ba2506b.json","type":"application/json","size":358},{"uid":"a220874104e741cd","name":"Local Storage","source":"a220874104e741cd.json","type":"application/json","size":294},{"uid":"b361722f1006572e","name":"Console Logs","source":"b361722f1006572e.json","type":"application/json","size":7163},{"uid":"c7aeefa2921a0592","name":"Full Page Screenshot","source":"c7aeefa2921a0592.png","type":"image/png","size":5696115},{"uid":"cef133d2267904d0","name":"URL","source":"cef133d2267904d0.uri","type":"text/uri-list","size":23},{"uid":"1b1b57cf5f8c3ae3","name":"Network Logs","source":"1b1b57cf5f8c3ae3.json","type":"application/json","size":941601}],"parameters":[],"shouldDisplayMessage":true,"stepsCount":1,"attachmentsCount":8,"hasContent":true,"attachmentStep":false},"afterStages":[],"labels":[{"name":"severity","value":"normal"},{"name":"epic","value":"Workspaces"},{"name":"story","value":"WorkSpaces Creation and Editing Functionality"},{"name":"tag","value":"run(order=3)"},{"name":"parentSuite","value":"tests"},{"name":"suite","value":"workspaces_test"},{"name":"subSuite","value":"TestWorkspaces"},{"name":"host","value":"fv-az1788-696"},{"name":"thread","value":"2348-MainThread"},{"name":"framework","value":"pytest"},{"name":"language","value":"cpython3"},{"name":"package","value":"tests.workspaces_test"},{"name":"resultFormat","value":"allure2"}],"parameters":[],"links":[],"hidden":false,"retry":false,"extra":{"severity":"normal","retries":[],"categories":[{"name":"Test defects","matchedStatuses":[],"flaky":false}],"tags":["run(order=3)"]},"source":"3fddf18b7454e3f4.json","parameterValues":[]}