{"uid":"89596d7b5f05741d","name":"Exception test","fullName":"tests.test_forgot_password.TestForgotPassword#test_expected_exception_on_page_title","historyId":"061c5b0976c95aa1a24ea00f0e67c641","time":{"start":1676016388533,"stop":1676016402577,"duration":14044},"description":"Exception catching","descriptionHtml":"<p>Exception catching</p>\n","status":"broken","statusMessage":"selenium.common.exceptions.TimeoutException: Message: \nStacktrace:\n#0 0x558d9c0d0303 <unknown>\n#1 0x558d9bea4d37 <unknown>\n#2 0x558d9bee15b2 <unknown>\n#3 0x558d9bee16c1 <unknown>\n#4 0x558d9bf1bb34 <unknown>\n#5 0x558d9bf019ad <unknown>\n#6 0x558d9bf1988c <unknown>\n#7 0x558d9bf01753 <unknown>\n#8 0x558d9bed4a14 <unknown>\n#9 0x558d9bed5b7e <unknown>\n#10 0x558d9c11f32e <unknown>\n#11 0x558d9c122c0e <unknown>\n#12 0x558d9c105610 <unknown>\n#13 0x558d9c123c23 <unknown>\n#14 0x558d9c0f7545 <unknown>\n#15 0x558d9c1446a8 <unknown>\n#16 0x558d9c144836 <unknown>\n#17 0x558d9c15fd13 <unknown>\n#18 0x7f8143befb43 <unknown>","statusTrace":"self = <tests.test_forgot_password.TestForgotPassword object at 0x7f05f1fcaee0>\n\n    @allure.description(\"Exception catching\")\n    @allure.title(\"Exception test\")\n    def test_expected_exception_on_page_title(self):\n        self.pages['about_page'].click_login_link()\n        self.pages['login_page'].click_forgot_password()\n        with pytest.raises(AssertionError) as e:\n>           assert self.pages['forgot_password_page'].get_page_title() == \"something else\"\n\ntests/test_forgot_password.py:40: \n_ _ _ _ _ _ _ _ _ _ _ _ _ _ _ _ _ _ _ _ _ _ _ _ _ _ _ _ _ _ _ _ _ _ _ _ _ _ _ _ \npages/forgot_password_page.py:32: in get_page_title\n    return self.get_text(self.PAGE_TITLE)\npages/base_page.py:39: in get_text\n    el: WebElement = self._wait.until(expected_conditions.visibility_of_element_located(webelement))\n_ _ _ _ _ _ _ _ _ _ _ _ _ _ _ _ _ _ _ _ _ _ _ _ _ _ _ _ _ _ _ _ _ _ _ _ _ _ _ _ \n\nself = <selenium.webdriver.support.wait.WebDriverWait (session=\"9bd9395d42ca2869fbfb8553e3f49aa0\")>\nmethod = <function visibility_of_element_located.<locals>._predicate at 0x7f05f1e0d280>\nmessage = ''\n\n    def until(self, method, message: str = \"\"):\n        \"\"\"Calls the method provided with the driver as an argument until the \\\n        return value does not evaluate to ``False``.\n    \n        :param method: callable(WebDriver)\n        :param message: optional message for :exc:`TimeoutException`\n        :returns: the result of the last call to `method`\n        :raises: :exc:`selenium.common.exceptions.TimeoutException` if timeout occurs\n        \"\"\"\n        screen = None\n        stacktrace = None\n    \n        end_time = time.monotonic() + self._timeout\n        while True:\n            try:\n                value = method(self._driver)\n                if value:\n                    return value\n            except self._ignored_exceptions as exc:\n                screen = getattr(exc, \"screen\", None)\n                stacktrace = getattr(exc, \"stacktrace\", None)\n            time.sleep(self._poll)\n            if time.monotonic() > end_time:\n                break\n>       raise TimeoutException(message, screen, stacktrace)\nE       selenium.common.exceptions.TimeoutException: Message: \nE       Stacktrace:\nE       #0 0x558d9c0d0303 <unknown>\nE       #1 0x558d9bea4d37 <unknown>\nE       #2 0x558d9bee15b2 <unknown>\nE       #3 0x558d9bee16c1 <unknown>\nE       #4 0x558d9bf1bb34 <unknown>\nE       #5 0x558d9bf019ad <unknown>\nE       #6 0x558d9bf1988c <unknown>\nE       #7 0x558d9bf01753 <unknown>\nE       #8 0x558d9bed4a14 <unknown>\nE       #9 0x558d9bed5b7e <unknown>\nE       #10 0x558d9c11f32e <unknown>\nE       #11 0x558d9c122c0e <unknown>\nE       #12 0x558d9c105610 <unknown>\nE       #13 0x558d9c123c23 <unknown>\nE       #14 0x558d9c0f7545 <unknown>\nE       #15 0x558d9c1446a8 <unknown>\nE       #16 0x558d9c144836 <unknown>\nE       #17 0x558d9c15fd13 <unknown>\nE       #18 0x7f8143befb43 <unknown>\n\n/opt/hostedtoolcache/Python/3.9.16/x64/lib/python3.9/site-packages/selenium/webdriver/support/wait.py:95: TimeoutException","flaky":false,"newFailed":false,"newBroken":false,"newPassed":false,"retriesCount":0,"retriesStatusChange":false,"beforeStages":[{"name":"prep_properties","time":{"start":1676016290435,"stop":1676016290435,"duration":0},"status":"passed","steps":[],"attachments":[],"parameters":[],"stepsCount":0,"attachmentsCount":0,"shouldDisplayMessage":false,"hasContent":false},{"name":"write_allure_environment","time":{"start":1676016290435,"stop":1676016290435,"duration":0},"status":"passed","steps":[],"attachments":[],"parameters":[],"stepsCount":0,"attachmentsCount":0,"shouldDisplayMessage":false,"hasContent":false},{"name":"create_driver","time":{"start":1676016385945,"stop":1676016388531,"duration":2586},"status":"passed","steps":[],"attachments":[],"parameters":[],"stepsCount":0,"attachmentsCount":0,"shouldDisplayMessage":false,"hasContent":false},{"name":"pages","time":{"start":1676016388532,"stop":1676016388532,"duration":0},"status":"passed","steps":[],"attachments":[],"parameters":[],"stepsCount":0,"attachmentsCount":0,"shouldDisplayMessage":false,"hasContent":false},{"name":"injector","time":{"start":1676016388532,"stop":1676016388532,"duration":0},"status":"passed","steps":[],"attachments":[],"parameters":[],"stepsCount":0,"attachmentsCount":0,"shouldDisplayMessage":false,"hasContent":false}],"testStage":{"description":"Exception catching","status":"broken","statusMessage":"selenium.common.exceptions.TimeoutException: Message: \nStacktrace:\n#0 0x558d9c0d0303 <unknown>\n#1 0x558d9bea4d37 <unknown>\n#2 0x558d9bee15b2 <unknown>\n#3 0x558d9bee16c1 <unknown>\n#4 0x558d9bf1bb34 <unknown>\n#5 0x558d9bf019ad <unknown>\n#6 0x558d9bf1988c <unknown>\n#7 0x558d9bf01753 <unknown>\n#8 0x558d9bed4a14 <unknown>\n#9 0x558d9bed5b7e <unknown>\n#10 0x558d9c11f32e <unknown>\n#11 0x558d9c122c0e <unknown>\n#12 0x558d9c105610 <unknown>\n#13 0x558d9c123c23 <unknown>\n#14 0x558d9c0f7545 <unknown>\n#15 0x558d9c1446a8 <unknown>\n#16 0x558d9c144836 <unknown>\n#17 0x558d9c15fd13 <unknown>\n#18 0x7f8143befb43 <unknown>","statusTrace":"self = <tests.test_forgot_password.TestForgotPassword object at 0x7f05f1fcaee0>\n\n    @allure.description(\"Exception catching\")\n    @allure.title(\"Exception test\")\n    def test_expected_exception_on_page_title(self):\n        self.pages['about_page'].click_login_link()\n        self.pages['login_page'].click_forgot_password()\n        with pytest.raises(AssertionError) as e:\n>           assert self.pages['forgot_password_page'].get_page_title() == \"something else\"\n\ntests/test_forgot_password.py:40: \n_ _ _ _ _ _ _ _ _ _ _ _ _ _ _ _ _ _ _ _ _ _ _ _ _ _ _ _ _ _ _ _ _ _ _ _ _ _ _ _ \npages/forgot_password_page.py:32: in get_page_title\n    return self.get_text(self.PAGE_TITLE)\npages/base_page.py:39: in get_text\n    el: WebElement = self._wait.until(expected_conditions.visibility_of_element_located(webelement))\n_ _ _ _ _ _ _ _ _ _ _ _ _ _ _ _ _ _ _ _ _ _ _ _ _ _ _ _ _ _ _ _ _ _ _ _ _ _ _ _ \n\nself = <selenium.webdriver.support.wait.WebDriverWait (session=\"9bd9395d42ca2869fbfb8553e3f49aa0\")>\nmethod = <function visibility_of_element_located.<locals>._predicate at 0x7f05f1e0d280>\nmessage = ''\n\n    def until(self, method, message: str = \"\"):\n        \"\"\"Calls the method provided with the driver as an argument until the \\\n        return value does not evaluate to ``False``.\n    \n        :param method: callable(WebDriver)\n        :param message: optional message for :exc:`TimeoutException`\n        :returns: the result of the last call to `method`\n        :raises: :exc:`selenium.common.exceptions.TimeoutException` if timeout occurs\n        \"\"\"\n        screen = None\n        stacktrace = None\n    \n        end_time = time.monotonic() + self._timeout\n        while True:\n            try:\n                value = method(self._driver)\n                if value:\n                    return value\n            except self._ignored_exceptions as exc:\n                screen = getattr(exc, \"screen\", None)\n                stacktrace = getattr(exc, \"stacktrace\", None)\n            time.sleep(self._poll)\n            if time.monotonic() > end_time:\n                break\n>       raise TimeoutException(message, screen, stacktrace)\nE       selenium.common.exceptions.TimeoutException: Message: \nE       Stacktrace:\nE       #0 0x558d9c0d0303 <unknown>\nE       #1 0x558d9bea4d37 <unknown>\nE       #2 0x558d9bee15b2 <unknown>\nE       #3 0x558d9bee16c1 <unknown>\nE       #4 0x558d9bf1bb34 <unknown>\nE       #5 0x558d9bf019ad <unknown>\nE       #6 0x558d9bf1988c <unknown>\nE       #7 0x558d9bf01753 <unknown>\nE       #8 0x558d9bed4a14 <unknown>\nE       #9 0x558d9bed5b7e <unknown>\nE       #10 0x558d9c11f32e <unknown>\nE       #11 0x558d9c122c0e <unknown>\nE       #12 0x558d9c105610 <unknown>\nE       #13 0x558d9c123c23 <unknown>\nE       #14 0x558d9c0f7545 <unknown>\nE       #15 0x558d9c1446a8 <unknown>\nE       #16 0x558d9c144836 <unknown>\nE       #17 0x558d9c15fd13 <unknown>\nE       #18 0x7f8143befb43 <unknown>\n\n/opt/hostedtoolcache/Python/3.9.16/x64/lib/python3.9/site-packages/selenium/webdriver/support/wait.py:95: TimeoutException","steps":[{"name":"Click Login link","time":{"start":1676016388534,"stop":1676016390751,"duration":2217},"status":"passed","steps":[],"attachments":[],"parameters":[],"stepsCount":0,"attachmentsCount":0,"shouldDisplayMessage":false,"hasContent":false},{"name":"Click Forgot Password link","time":{"start":1676016390751,"stop":1676016391503,"duration":752},"status":"passed","steps":[],"attachments":[],"parameters":[],"stepsCount":0,"attachmentsCount":0,"shouldDisplayMessage":false,"hasContent":false},{"name":"Get Forgot password page title","time":{"start":1676016391503,"stop":1676016402577,"duration":11074},"status":"broken","statusMessage":"selenium.common.exceptions.TimeoutException: Message: \nStacktrace:\n#0 0x558d9c0d0303 <unknown>\n#1 0x558d9bea4d37 <unknown>\n#2 0x558d9bee15b2 <unknown>\n#3 0x558d9bee16c1 <unknown>\n#4 0x558d9bf1bb34 <unknown>\n#5 0x558d9bf019ad <unknown>\n#6 0x558d9bf1988c <unknown>\n#7 0x558d9bf01753 <unknown>\n#8 0x558d9bed4a14 <unknown>\n#9 0x558d9bed5b7e <unknown>\n#10 0x558d9c11f32e <unknown>\n#11 0x558d9c122c0e <unknown>\n#12 0x558d9c105610 <unknown>\n#13 0x558d9c123c23 <unknown>\n#14 0x558d9c0f7545 <unknown>\n#15 0x558d9c1446a8 <unknown>\n#16 0x558d9c144836 <unknown>\n#17 0x558d9c15fd13 <unknown>\n#18 0x7f8143befb43 <unknown>\n\n","statusTrace":"  File \"/opt/hostedtoolcache/Python/3.9.16/x64/lib/python3.9/site-packages/allure_commons/_allure.py\", line 192, in impl\n    return func(*a, **kw)\n  File \"/home/runner/work/Selenium-Python-Example/Selenium-Python-Example/pages/forgot_password_page.py\", line 32, in get_page_title\n    return self.get_text(self.PAGE_TITLE)\n  File \"/home/runner/work/Selenium-Python-Example/Selenium-Python-Example/pages/base_page.py\", line 39, in get_text\n    el: WebElement = self._wait.until(expected_conditions.visibility_of_element_located(webelement))\n  File \"/opt/hostedtoolcache/Python/3.9.16/x64/lib/python3.9/site-packages/selenium/webdriver/support/wait.py\", line 95, in until\n    raise TimeoutException(message, screen, stacktrace)\n","steps":[],"attachments":[],"parameters":[],"stepsCount":0,"attachmentsCount":0,"shouldDisplayMessage":true,"hasContent":true}],"attachments":[],"parameters":[],"stepsCount":3,"attachmentsCount":0,"shouldDisplayMessage":true,"hasContent":true},"afterStages":[{"name":"create_driver::0","time":{"start":1676016402587,"stop":1676016402792,"duration":205},"status":"passed","steps":[],"attachments":[{"uid":"ae00e5106c4fa0fb","name":"Screenshot","source":"ae00e5106c4fa0fb.png","type":"image/png","size":59545},{"uid":"56c7079bfb872dda","name":"public ip address","source":"56c7079bfb872dda.txt","type":"text/plain","size":14},{"uid":"4ddc633423a4ca1e","name":"Cookies","source":"4ddc633423a4ca1e.json","type":"application/json","size":3694},{"uid":"9abd8763b4dab062","name":"Session Storage","source":"9abd8763b4dab062.json","type":"application/json","size":45},{"uid":"4c9b32bf505aff0f","name":"Local Storage","source":"4c9b32bf505aff0f.json","type":"application/json","size":2},{"uid":"4bdce57aac85bf61","name":"Console Logs","source":"4bdce57aac85bf61.json","type":"application/json","size":1420}],"parameters":[],"stepsCount":0,"attachmentsCount":6,"shouldDisplayMessage":false,"hasContent":true},{"name":"write_allure_environment::0","time":{"start":1676016402796,"stop":1676016402810,"duration":14},"status":"passed","steps":[],"attachments":[],"parameters":[],"stepsCount":0,"attachmentsCount":0,"shouldDisplayMessage":false,"hasContent":false}],"labels":[{"name":"epic","value":"Security"},{"name":"severity","value":"critical"},{"name":"story","value":"Forgot Password Feature's Functionality"},{"name":"tag","value":"security"},{"name":"parentSuite","value":"tests"},{"name":"suite","value":"test_forgot_password"},{"name":"subSuite","value":"TestForgotPassword"},{"name":"host","value":"fv-az193-447"},{"name":"thread","value":"2105-MainThread"},{"name":"framework","value":"pytest"},{"name":"language","value":"cpython3"},{"name":"package","value":"tests.test_forgot_password"},{"name":"resultFormat","value":"allure2"}],"parameters":[],"links":[],"hidden":false,"retry":false,"extra":{"severity":"critical","retries":[],"categories":[{"name":"Test defects","matchedStatuses":[],"flaky":false}],"tags":["security"]},"source":"89596d7b5f05741d.json","parameterValues":[]}