{"uid":"a71533b2be6ae67d","name":"Create new workspace test","fullName":"tests.test_workspaces.TestWorkspaces#test_create_new_workspace","historyId":"e6e849a753ae10f50b3b38fac5a7fa8e","time":{"start":1688754769119,"stop":1688754769119,"duration":0},"description":"Create new Workspace","descriptionHtml":"<p>Create new Workspace</p>\n","status":"broken","statusMessage":"selenium.common.exceptions.TimeoutException: Message: \nStacktrace:\n#0 0x560dcdece4e3 <unknown>\n#1 0x560dcdbfdc76 <unknown>\n#2 0x560dcdc39c96 <unknown>\n#3 0x560dcdc39dc1 <unknown>\n#4 0x560dcdc737f4 <unknown>\n#5 0x560dcdc5903d <unknown>\n#6 0x560dcdc7130e <unknown>\n#7 0x560dcdc58de3 <unknown>\n#8 0x560dcdc2e2dd <unknown>\n#9 0x560dcdc2f34e <unknown>\n#10 0x560dcde8e3e4 <unknown>\n#11 0x560dcde923d7 <unknown>\n#12 0x560dcde9cb20 <unknown>\n#13 0x560dcde93023 <unknown>\n#14 0x560dcde611aa <unknown>\n#15 0x560dcdeb76b8 <unknown>\n#16 0x560dcdeb7847 <unknown>\n#17 0x560dcdec7243 <unknown>\n#18 0x7f6048e05b43 <unknown>","statusTrace":"self = <tests.test_workspaces.TestWorkspaces object at 0x7f2c8e659390>\nrequest = <SubRequest 'setup_method_fixture' for <Function test_create_new_workspace>>\n\n    @pytest.fixture(autouse=True)\n    def setup_method_fixture(self, request):\n>       login(request, self.about_page, self.login_page)\n\ntests/test_workspaces.py:27: \n_ _ _ _ _ _ _ _ _ _ _ _ _ _ _ _ _ _ _ _ _ _ _ _ _ _ _ _ _ _ _ _ _ _ _ _ _ _ _ _ \ntests/test_workspaces.py:16: in login\n    about_page.click_login_link()\npages/about_page.py:19: in click_login_link\n    self.click(self.LOGIN_LINK)\npages/base_page.py:34: in click\n    el: WebElement = self.wait.until(expected_conditions.element_to_be_clickable(locator))\n_ _ _ _ _ _ _ _ _ _ _ _ _ _ _ _ _ _ _ _ _ _ _ _ _ _ _ _ _ _ _ _ _ _ _ _ _ _ _ _ \n\nself = <selenium.webdriver.support.wait.WebDriverWait (session=\"1b289afc2b47a1e93a46ad46b11c547e\")>\nmethod = <function element_to_be_clickable.<locals>._predicate at 0x7f2c8e6532e0>\nmessage = ''\n\n    def until(self, method, message: str = \"\"):\n        \"\"\"Calls the method provided with the driver as an argument until the \\\n        return value does not evaluate to ``False``.\n    \n        :param method: callable(WebDriver)\n        :param message: optional message for :exc:`TimeoutException`\n        :returns: the result of the last call to `method`\n        :raises: :exc:`selenium.common.exceptions.TimeoutException` if timeout occurs\n        \"\"\"\n        screen = None\n        stacktrace = None\n    \n        end_time = time.monotonic() + self._timeout\n        while True:\n            try:\n                value = method(self._driver)\n                if value:\n                    return value\n            except self._ignored_exceptions as exc:\n                screen = getattr(exc, \"screen\", None)\n                stacktrace = getattr(exc, \"stacktrace\", None)\n            time.sleep(self._poll)\n            if time.monotonic() > end_time:\n                break\n>       raise TimeoutException(message, screen, stacktrace)\nE       selenium.common.exceptions.TimeoutException: Message: \nE       Stacktrace:\nE       #0 0x560dcdece4e3 <unknown>\nE       #1 0x560dcdbfdc76 <unknown>\nE       #2 0x560dcdc39c96 <unknown>\nE       #3 0x560dcdc39dc1 <unknown>\nE       #4 0x560dcdc737f4 <unknown>\nE       #5 0x560dcdc5903d <unknown>\nE       #6 0x560dcdc7130e <unknown>\nE       #7 0x560dcdc58de3 <unknown>\nE       #8 0x560dcdc2e2dd <unknown>\nE       #9 0x560dcdc2f34e <unknown>\nE       #10 0x560dcde8e3e4 <unknown>\nE       #11 0x560dcde923d7 <unknown>\nE       #12 0x560dcde9cb20 <unknown>\nE       #13 0x560dcde93023 <unknown>\nE       #14 0x560dcde611aa <unknown>\nE       #15 0x560dcdeb76b8 <unknown>\nE       #16 0x560dcdeb7847 <unknown>\nE       #17 0x560dcdec7243 <unknown>\nE       #18 0x7f6048e05b43 <unknown>\n\n.venv/lib/python3.11/site-packages/selenium/webdriver/support/wait.py:95: TimeoutException","flaky":false,"newFailed":false,"newBroken":false,"newPassed":false,"retriesCount":0,"retriesStatusChange":false,"beforeStages":[{"name":"json_data","time":{"start":1688754755781,"stop":1688754755781,"duration":0},"status":"passed","steps":[],"attachments":[],"parameters":[],"stepsCount":0,"attachmentsCount":0,"shouldDisplayMessage":false,"hasContent":false},{"name":"setup_method_fixture","time":{"start":1688754771224,"stop":1688754781516,"duration":10292},"status":"broken","statusMessage":"selenium.common.exceptions.TimeoutException: Message: \nStacktrace:\n#0 0x560dcdece4e3 <unknown>\n#1 0x560dcdbfdc76 <unknown>\n#2 0x560dcdc39c96 <unknown>\n#3 0x560dcdc39dc1 <unknown>\n#4 0x560dcdc737f4 <unknown>\n#5 0x560dcdc5903d <unknown>\n#6 0x560dcdc7130e <unknown>\n#7 0x560dcdc58de3 <unknown>\n#8 0x560dcdc2e2dd <unknown>\n#9 0x560dcdc2f34e <unknown>\n#10 0x560dcde8e3e4 <unknown>\n#11 0x560dcde923d7 <unknown>\n#12 0x560dcde9cb20 <unknown>\n#13 0x560dcde93023 <unknown>\n#14 0x560dcde611aa <unknown>\n#15 0x560dcdeb76b8 <unknown>\n#16 0x560dcdeb7847 <unknown>\n#17 0x560dcdec7243 <unknown>\n#18 0x7f6048e05b43 <unknown>\n\n","statusTrace":"  File \"/home/runner/work/Selenium-Python-Example/Selenium-Python-Example/.venv/lib/python3.11/site-packages/pluggy/_callers.py\", line 80, in _multicall\n    res = hook_impl.function(*args)\n          ^^^^^^^^^^^^^^^^^^^^^^^^^\n  File \"/home/runner/work/Selenium-Python-Example/Selenium-Python-Example/.venv/lib/python3.11/site-packages/_pytest/fixtures.py\", line 1123, in pytest_fixture_setup\n    result = call_fixture_func(fixturefunc, request, kwargs)\n             ^^^^^^^^^^^^^^^^^^^^^^^^^^^^^^^^^^^^^^^^^^^^^^^\n  File \"/home/runner/work/Selenium-Python-Example/Selenium-Python-Example/.venv/lib/python3.11/site-packages/_pytest/fixtures.py\", line 902, in call_fixture_func\n    fixture_result = fixturefunc(**kwargs)\n                     ^^^^^^^^^^^^^^^^^^^^^\n  File \"/home/runner/work/Selenium-Python-Example/Selenium-Python-Example/tests/test_workspaces.py\", line 27, in setup_method_fixture\n    login(request, self.about_page, self.login_page)\n  File \"/home/runner/work/Selenium-Python-Example/Selenium-Python-Example/tests/test_workspaces.py\", line 16, in login\n    about_page.click_login_link()\n  File \"/home/runner/work/Selenium-Python-Example/Selenium-Python-Example/.venv/lib/python3.11/site-packages/allure_commons/_allure.py\", line 192, in impl\n    return func(*a, **kw)\n           ^^^^^^^^^^^^^^\n  File \"/home/runner/work/Selenium-Python-Example/Selenium-Python-Example/pages/about_page.py\", line 19, in click_login_link\n    self.click(self.LOGIN_LINK)\n  File \"/home/runner/work/Selenium-Python-Example/Selenium-Python-Example/pages/base_page.py\", line 34, in click\n    el: WebElement = self.wait.until(expected_conditions.element_to_be_clickable(locator))\n                     ^^^^^^^^^^^^^^^^^^^^^^^^^^^^^^^^^^^^^^^^^^^^^^^^^^^^^^^^^^^^^^^^^^^^^\n  File \"/home/runner/work/Selenium-Python-Example/Selenium-Python-Example/.venv/lib/python3.11/site-packages/selenium/webdriver/support/wait.py\", line 95, in until\n    raise TimeoutException(message, screen, stacktrace)\n","steps":[{"name":"Click Login link","time":{"start":1688754771224,"stop":1688754781515,"duration":10291},"status":"broken","statusMessage":"selenium.common.exceptions.TimeoutException: Message: \nStacktrace:\n#0 0x560dcdece4e3 <unknown>\n#1 0x560dcdbfdc76 <unknown>\n#2 0x560dcdc39c96 <unknown>\n#3 0x560dcdc39dc1 <unknown>\n#4 0x560dcdc737f4 <unknown>\n#5 0x560dcdc5903d <unknown>\n#6 0x560dcdc7130e <unknown>\n#7 0x560dcdc58de3 <unknown>\n#8 0x560dcdc2e2dd <unknown>\n#9 0x560dcdc2f34e <unknown>\n#10 0x560dcde8e3e4 <unknown>\n#11 0x560dcde923d7 <unknown>\n#12 0x560dcde9cb20 <unknown>\n#13 0x560dcde93023 <unknown>\n#14 0x560dcde611aa <unknown>\n#15 0x560dcdeb76b8 <unknown>\n#16 0x560dcdeb7847 <unknown>\n#17 0x560dcdec7243 <unknown>\n#18 0x7f6048e05b43 <unknown>\n\n","statusTrace":"  File \"/home/runner/work/Selenium-Python-Example/Selenium-Python-Example/.venv/lib/python3.11/site-packages/allure_commons/_allure.py\", line 192, in impl\n    return func(*a, **kw)\n           ^^^^^^^^^^^^^^\n  File \"/home/runner/work/Selenium-Python-Example/Selenium-Python-Example/pages/about_page.py\", line 19, in click_login_link\n    self.click(self.LOGIN_LINK)\n  File \"/home/runner/work/Selenium-Python-Example/Selenium-Python-Example/pages/base_page.py\", line 34, in click\n    el: WebElement = self.wait.until(expected_conditions.element_to_be_clickable(locator))\n                     ^^^^^^^^^^^^^^^^^^^^^^^^^^^^^^^^^^^^^^^^^^^^^^^^^^^^^^^^^^^^^^^^^^^^^\n  File \"/home/runner/work/Selenium-Python-Example/Selenium-Python-Example/.venv/lib/python3.11/site-packages/selenium/webdriver/support/wait.py\", line 95, in until\n    raise TimeoutException(message, screen, stacktrace)\n","steps":[],"attachments":[],"parameters":[],"stepsCount":0,"attachmentsCount":0,"shouldDisplayMessage":true,"hasContent":true}],"attachments":[],"parameters":[],"stepsCount":1,"attachmentsCount":0,"shouldDisplayMessage":false,"hasContent":true}],"testStage":{"description":"Create new Workspace","status":"broken","statusMessage":"selenium.common.exceptions.TimeoutException: Message: \nStacktrace:\n#0 0x560dcdece4e3 <unknown>\n#1 0x560dcdbfdc76 <unknown>\n#2 0x560dcdc39c96 <unknown>\n#3 0x560dcdc39dc1 <unknown>\n#4 0x560dcdc737f4 <unknown>\n#5 0x560dcdc5903d <unknown>\n#6 0x560dcdc7130e <unknown>\n#7 0x560dcdc58de3 <unknown>\n#8 0x560dcdc2e2dd <unknown>\n#9 0x560dcdc2f34e <unknown>\n#10 0x560dcde8e3e4 <unknown>\n#11 0x560dcde923d7 <unknown>\n#12 0x560dcde9cb20 <unknown>\n#13 0x560dcde93023 <unknown>\n#14 0x560dcde611aa <unknown>\n#15 0x560dcdeb76b8 <unknown>\n#16 0x560dcdeb7847 <unknown>\n#17 0x560dcdec7243 <unknown>\n#18 0x7f6048e05b43 <unknown>","statusTrace":"self = <tests.test_workspaces.TestWorkspaces object at 0x7f2c8e659390>\nrequest = <SubRequest 'setup_method_fixture' for <Function test_create_new_workspace>>\n\n    @pytest.fixture(autouse=True)\n    def setup_method_fixture(self, request):\n>       login(request, self.about_page, self.login_page)\n\ntests/test_workspaces.py:27: \n_ _ _ _ _ _ _ _ _ _ _ _ _ _ _ _ _ _ _ _ _ _ _ _ _ _ _ _ _ _ _ _ _ _ _ _ _ _ _ _ \ntests/test_workspaces.py:16: in login\n    about_page.click_login_link()\npages/about_page.py:19: in click_login_link\n    self.click(self.LOGIN_LINK)\npages/base_page.py:34: in click\n    el: WebElement = self.wait.until(expected_conditions.element_to_be_clickable(locator))\n_ _ _ _ _ _ _ _ _ _ _ _ _ _ _ _ _ _ _ _ _ _ _ _ _ _ _ _ _ _ _ _ _ _ _ _ _ _ _ _ \n\nself = <selenium.webdriver.support.wait.WebDriverWait (session=\"1b289afc2b47a1e93a46ad46b11c547e\")>\nmethod = <function element_to_be_clickable.<locals>._predicate at 0x7f2c8e6532e0>\nmessage = ''\n\n    def until(self, method, message: str = \"\"):\n        \"\"\"Calls the method provided with the driver as an argument until the \\\n        return value does not evaluate to ``False``.\n    \n        :param method: callable(WebDriver)\n        :param message: optional message for :exc:`TimeoutException`\n        :returns: the result of the last call to `method`\n        :raises: :exc:`selenium.common.exceptions.TimeoutException` if timeout occurs\n        \"\"\"\n        screen = None\n        stacktrace = None\n    \n        end_time = time.monotonic() + self._timeout\n        while True:\n            try:\n                value = method(self._driver)\n                if value:\n                    return value\n            except self._ignored_exceptions as exc:\n                screen = getattr(exc, \"screen\", None)\n                stacktrace = getattr(exc, \"stacktrace\", None)\n            time.sleep(self._poll)\n            if time.monotonic() > end_time:\n                break\n>       raise TimeoutException(message, screen, stacktrace)\nE       selenium.common.exceptions.TimeoutException: Message: \nE       Stacktrace:\nE       #0 0x560dcdece4e3 <unknown>\nE       #1 0x560dcdbfdc76 <unknown>\nE       #2 0x560dcdc39c96 <unknown>\nE       #3 0x560dcdc39dc1 <unknown>\nE       #4 0x560dcdc737f4 <unknown>\nE       #5 0x560dcdc5903d <unknown>\nE       #6 0x560dcdc7130e <unknown>\nE       #7 0x560dcdc58de3 <unknown>\nE       #8 0x560dcdc2e2dd <unknown>\nE       #9 0x560dcdc2f34e <unknown>\nE       #10 0x560dcde8e3e4 <unknown>\nE       #11 0x560dcde923d7 <unknown>\nE       #12 0x560dcde9cb20 <unknown>\nE       #13 0x560dcde93023 <unknown>\nE       #14 0x560dcde611aa <unknown>\nE       #15 0x560dcdeb76b8 <unknown>\nE       #16 0x560dcdeb7847 <unknown>\nE       #17 0x560dcdec7243 <unknown>\nE       #18 0x7f6048e05b43 <unknown>\n\n.venv/lib/python3.11/site-packages/selenium/webdriver/support/wait.py:95: TimeoutException","steps":[],"attachments":[{"uid":"365a8664acfcb9ad","name":"Full Page Screenshot","source":"365a8664acfcb9ad.png","type":"image/png","size":2759801},{"uid":"f4e446ea98303b18","name":"URL","source":"f4e446ea98303b18.uri","type":"text/uri-list","size":23},{"uid":"41607cd8f4d765d1","name":"public ip address","source":"41607cd8f4d765d1.txt","type":"text/plain","size":12},{"uid":"2521e7d54690eb0c","name":"Cookies","source":"2521e7d54690eb0c.json","type":"application/json","size":3280},{"uid":"65f20d41637535b","name":"Session Storage","source":"65f20d41637535b.json","type":"application/json","size":2},{"uid":"bca2c3c0e51990a9","name":"Local Storage","source":"bca2c3c0e51990a9.json","type":"application/json","size":208},{"uid":"1066d838ffd4ca28","name":"Console Logs","source":"1066d838ffd4ca28.json","type":"application/json","size":2},{"uid":"8ec923fad8924a26","name":"Network Logs","source":"8ec923fad8924a26.json","type":"application/json","size":47510}],"parameters":[],"stepsCount":0,"attachmentsCount":8,"shouldDisplayMessage":true,"hasContent":true},"afterStages":[],"labels":[{"name":"epic","value":"Workspaces"},{"name":"severity","value":"normal"},{"name":"story","value":"WorkSpaces Creation and Editing Functionality"},{"name":"tag","value":"run(order=1)"},{"name":"parentSuite","value":"tests"},{"name":"suite","value":"test_workspaces"},{"name":"subSuite","value":"TestWorkspaces"},{"name":"host","value":"fv-az552-460"},{"name":"thread","value":"2318-MainThread"},{"name":"framework","value":"pytest"},{"name":"language","value":"cpython3"},{"name":"package","value":"tests.test_workspaces"},{"name":"resultFormat","value":"allure2"}],"parameters":[],"links":[],"hidden":false,"retry":false,"extra":{"severity":"normal","retries":[],"categories":[{"name":"Test defects","matchedStatuses":[],"flaky":false}],"tags":["run(order=1)"]},"source":"a71533b2be6ae67d.json","parameterValues":[]}