{"uid":"b352f86c9102827f","name":"Add project to workspace test","fullName":"tests.workspaces_test.TestWorkspaces#test_add_project_to_workspace","historyId":"557b6733f5784cd469824aeac0e8ff06","time":{"start":1708477805288,"stop":1708477805288,"duration":0},"description":"Selecting and adding a project to workspace","descriptionHtml":"<p>Selecting and adding a project to workspace</p>\n","status":"broken","statusMessage":"selenium.common.exceptions.TimeoutException: Message: \nStacktrace:\n#0 0x55caa59acd93 <unknown>\n#1 0x55caa5690337 <unknown>\n#2 0x55caa56dbd60 <unknown>\n#3 0x55caa56dbe51 <unknown>\n#4 0x55caa571fbc4 <unknown>\n#5 0x55caa56fe46d <unknown>\n#6 0x55caa571d12d <unknown>\n#7 0x55caa56fe1e3 <unknown>\n#8 0x55caa56ce135 <unknown>\n#9 0x55caa56cf13e <unknown>\n#10 0x55caa5970e4b <unknown>\n#11 0x55caa5974dfa <unknown>\n#12 0x55caa595d6d5 <unknown>\n#13 0x55caa5975a6f <unknown>\n#14 0x55caa594169f <unknown>\n#15 0x55caa599a098 <unknown>\n#16 0x55caa599a262 <unknown>\n#17 0x55caa59abf34 <unknown>\n#18 0x7f8231c94ac3 <unknown>","statusTrace":"self = <tests.workspaces_test.TestWorkspaces object at 0x7fb921fc49e0>\n\n    @pytest.fixture(autouse=True)\n    def setup_method_fixture(self):\n>       login(self.about_page, self.login_page)\n\ntests/workspaces_test.py:25: \n_ _ _ _ _ _ _ _ _ _ _ _ _ _ _ _ _ _ _ _ _ _ _ _ _ _ _ _ _ _ _ _ _ _ _ _ _ _ _ _ \ntests/workspaces_test.py:15: in login\n    about_page.click_login_link()\npages/about_page.py:20: in click_login_link\n    self.click(self.LOGIN_LINK)\npages/base_page.py:60: in click\n    el: WebElement = self.wait.until(\n_ _ _ _ _ _ _ _ _ _ _ _ _ _ _ _ _ _ _ _ _ _ _ _ _ _ _ _ _ _ _ _ _ _ _ _ _ _ _ _ \n\nself = <selenium.webdriver.support.wait.WebDriverWait (session=\"a29e9cd3cee2d4b1252d98d1dc29c9e1\")>\nmethod = <function element_to_be_clickable.<locals>._predicate at 0x7fb921d2c7c0>\nmessage = ''\n\n    def until(self, method: Callable[[D], Union[Literal[False], T]], message: str = \"\") -> T:\n        \"\"\"Calls the method provided with the driver as an argument until the \\\n        return value does not evaluate to ``False``.\n    \n        :param method: callable(WebDriver)\n        :param message: optional message for :exc:`TimeoutException`\n        :returns: the result of the last call to `method`\n        :raises: :exc:`selenium.common.exceptions.TimeoutException` if timeout occurs\n        \"\"\"\n        screen = None\n        stacktrace = None\n    \n        end_time = time.monotonic() + self._timeout\n        while True:\n            try:\n                value = method(self._driver)\n                if value:\n                    return value\n            except self._ignored_exceptions as exc:\n                screen = getattr(exc, \"screen\", None)\n                stacktrace = getattr(exc, \"stacktrace\", None)\n            time.sleep(self._poll)\n            if time.monotonic() > end_time:\n                break\n>       raise TimeoutException(message, screen, stacktrace)\nE       selenium.common.exceptions.TimeoutException: Message: \nE       Stacktrace:\nE       #0 0x55caa59acd93 <unknown>\nE       #1 0x55caa5690337 <unknown>\nE       #2 0x55caa56dbd60 <unknown>\nE       #3 0x55caa56dbe51 <unknown>\nE       #4 0x55caa571fbc4 <unknown>\nE       #5 0x55caa56fe46d <unknown>\nE       #6 0x55caa571d12d <unknown>\nE       #7 0x55caa56fe1e3 <unknown>\nE       #8 0x55caa56ce135 <unknown>\nE       #9 0x55caa56cf13e <unknown>\nE       #10 0x55caa5970e4b <unknown>\nE       #11 0x55caa5974dfa <unknown>\nE       #12 0x55caa595d6d5 <unknown>\nE       #13 0x55caa5975a6f <unknown>\nE       #14 0x55caa594169f <unknown>\nE       #15 0x55caa599a098 <unknown>\nE       #16 0x55caa599a262 <unknown>\nE       #17 0x55caa59abf34 <unknown>\nE       #18 0x7f8231c94ac3 <unknown>\n\n.venv/lib/python3.12/site-packages/selenium/webdriver/support/wait.py:105: TimeoutException","flaky":false,"newFailed":false,"newBroken":false,"newPassed":false,"retriesCount":0,"retriesStatusChange":false,"beforeStages":[{"name":"base_url","time":{"start":1708477706322,"stop":1708477706322,"duration":0},"status":"passed","steps":[],"attachments":[],"parameters":[],"shouldDisplayMessage":false,"stepsCount":0,"attachmentsCount":0,"hasContent":false,"attachmentStep":false},{"name":"_verify_url","time":{"start":1708477706322,"stop":1708477706322,"duration":0},"status":"passed","steps":[],"attachments":[],"parameters":[],"shouldDisplayMessage":false,"stepsCount":0,"attachmentsCount":0,"hasContent":false,"attachmentStep":false},{"name":"data","time":{"start":1708477706323,"stop":1708477706323,"duration":0},"status":"passed","steps":[],"attachments":[],"parameters":[],"shouldDisplayMessage":false,"stepsCount":0,"attachmentsCount":0,"hasContent":false,"attachmentStep":false},{"name":"setup_method_fixture","time":{"start":1708477807382,"stop":1708477817651,"duration":10269},"status":"broken","statusMessage":"selenium.common.exceptions.TimeoutException: Message: \nStacktrace:\n#0 0x55caa59acd93 <unknown>\n#1 0x55caa5690337 <unknown>\n#2 0x55caa56dbd60 <unknown>\n#3 0x55caa56dbe51 <unknown>\n#4 0x55caa571fbc4 <unknown>\n#5 0x55caa56fe46d <unknown>\n#6 0x55caa571d12d <unknown>\n#7 0x55caa56fe1e3 <unknown>\n#8 0x55caa56ce135 <unknown>\n#9 0x55caa56cf13e <unknown>\n#10 0x55caa5970e4b <unknown>\n#11 0x55caa5974dfa <unknown>\n#12 0x55caa595d6d5 <unknown>\n#13 0x55caa5975a6f <unknown>\n#14 0x55caa594169f <unknown>\n#15 0x55caa599a098 <unknown>\n#16 0x55caa599a262 <unknown>\n#17 0x55caa59abf34 <unknown>\n#18 0x7f8231c94ac3 <unknown>\n\n","statusTrace":"  File \"/home/runner/work/Selenium-Python-Example/Selenium-Python-Example/.venv/lib/python3.12/site-packages/pluggy/_callers.py\", line 137, in _multicall\n    teardown.throw(outcome._exception)\n  File \"/home/runner/work/Selenium-Python-Example/Selenium-Python-Example/.venv/lib/python3.12/site-packages/_pytest/setuponly.py\", line 36, in pytest_fixture_setup\n    return (yield)\n            ^^^^^\n  File \"/home/runner/work/Selenium-Python-Example/Selenium-Python-Example/.venv/lib/python3.12/site-packages/pluggy/_callers.py\", line 77, in _multicall\n    res = hook_impl.function(*args)\n          ^^^^^^^^^^^^^^^^^^^^^^^^^\n  File \"/home/runner/work/Selenium-Python-Example/Selenium-Python-Example/.venv/lib/python3.12/site-packages/_pytest/fixtures.py\", line 1149, in pytest_fixture_setup\n    result = call_fixture_func(fixturefunc, request, kwargs)\n             ^^^^^^^^^^^^^^^^^^^^^^^^^^^^^^^^^^^^^^^^^^^^^^^\n  File \"/home/runner/work/Selenium-Python-Example/Selenium-Python-Example/.venv/lib/python3.12/site-packages/_pytest/fixtures.py\", line 923, in call_fixture_func\n    fixture_result = fixturefunc(**kwargs)\n                     ^^^^^^^^^^^^^^^^^^^^^\n  File \"/home/runner/work/Selenium-Python-Example/Selenium-Python-Example/tests/workspaces_test.py\", line 25, in setup_method_fixture\n    login(self.about_page, self.login_page)\n  File \"/home/runner/work/Selenium-Python-Example/Selenium-Python-Example/tests/workspaces_test.py\", line 15, in login\n    about_page.click_login_link()\n  File \"/home/runner/work/Selenium-Python-Example/Selenium-Python-Example/.venv/lib/python3.12/site-packages/allure_commons/_allure.py\", line 192, in impl\n    return func(*a, **kw)\n           ^^^^^^^^^^^^^^\n  File \"/home/runner/work/Selenium-Python-Example/Selenium-Python-Example/pages/about_page.py\", line 20, in click_login_link\n    self.click(self.LOGIN_LINK)\n  File \"/home/runner/work/Selenium-Python-Example/Selenium-Python-Example/pages/base_page.py\", line 60, in click\n    el: WebElement = self.wait.until(\n                     ^^^^^^^^^^^^^^^^\n  File \"/home/runner/work/Selenium-Python-Example/Selenium-Python-Example/.venv/lib/python3.12/site-packages/selenium/webdriver/support/wait.py\", line 105, in until\n    raise TimeoutException(message, screen, stacktrace)\n","steps":[{"name":"Click Login link","time":{"start":1708477807382,"stop":1708477817650,"duration":10268},"status":"broken","statusMessage":"selenium.common.exceptions.TimeoutException: Message: \nStacktrace:\n#0 0x55caa59acd93 <unknown>\n#1 0x55caa5690337 <unknown>\n#2 0x55caa56dbd60 <unknown>\n#3 0x55caa56dbe51 <unknown>\n#4 0x55caa571fbc4 <unknown>\n#5 0x55caa56fe46d <unknown>\n#6 0x55caa571d12d <unknown>\n#7 0x55caa56fe1e3 <unknown>\n#8 0x55caa56ce135 <unknown>\n#9 0x55caa56cf13e <unknown>\n#10 0x55caa5970e4b <unknown>\n#11 0x55caa5974dfa <unknown>\n#12 0x55caa595d6d5 <unknown>\n#13 0x55caa5975a6f <unknown>\n#14 0x55caa594169f <unknown>\n#15 0x55caa599a098 <unknown>\n#16 0x55caa599a262 <unknown>\n#17 0x55caa59abf34 <unknown>\n#18 0x7f8231c94ac3 <unknown>\n\n","statusTrace":"  File \"/home/runner/work/Selenium-Python-Example/Selenium-Python-Example/.venv/lib/python3.12/site-packages/allure_commons/_allure.py\", line 192, in impl\n    return func(*a, **kw)\n           ^^^^^^^^^^^^^^\n  File \"/home/runner/work/Selenium-Python-Example/Selenium-Python-Example/pages/about_page.py\", line 20, in click_login_link\n    self.click(self.LOGIN_LINK)\n  File \"/home/runner/work/Selenium-Python-Example/Selenium-Python-Example/pages/base_page.py\", line 60, in click\n    el: WebElement = self.wait.until(\n                     ^^^^^^^^^^^^^^^^\n  File \"/home/runner/work/Selenium-Python-Example/Selenium-Python-Example/.venv/lib/python3.12/site-packages/selenium/webdriver/support/wait.py\", line 105, in until\n    raise TimeoutException(message, screen, stacktrace)\n","steps":[],"attachments":[],"parameters":[],"shouldDisplayMessage":true,"stepsCount":0,"attachmentsCount":0,"hasContent":true,"attachmentStep":false}],"attachments":[],"parameters":[],"shouldDisplayMessage":false,"stepsCount":1,"attachmentsCount":0,"hasContent":true,"attachmentStep":false}],"testStage":{"description":"Selecting and adding a project to workspace","status":"broken","statusMessage":"selenium.common.exceptions.TimeoutException: Message: \nStacktrace:\n#0 0x55caa59acd93 <unknown>\n#1 0x55caa5690337 <unknown>\n#2 0x55caa56dbd60 <unknown>\n#3 0x55caa56dbe51 <unknown>\n#4 0x55caa571fbc4 <unknown>\n#5 0x55caa56fe46d <unknown>\n#6 0x55caa571d12d <unknown>\n#7 0x55caa56fe1e3 <unknown>\n#8 0x55caa56ce135 <unknown>\n#9 0x55caa56cf13e <unknown>\n#10 0x55caa5970e4b <unknown>\n#11 0x55caa5974dfa <unknown>\n#12 0x55caa595d6d5 <unknown>\n#13 0x55caa5975a6f <unknown>\n#14 0x55caa594169f <unknown>\n#15 0x55caa599a098 <unknown>\n#16 0x55caa599a262 <unknown>\n#17 0x55caa59abf34 <unknown>\n#18 0x7f8231c94ac3 <unknown>","statusTrace":"self = <tests.workspaces_test.TestWorkspaces object at 0x7fb921fc49e0>\n\n    @pytest.fixture(autouse=True)\n    def setup_method_fixture(self):\n>       login(self.about_page, self.login_page)\n\ntests/workspaces_test.py:25: \n_ _ _ _ _ _ _ _ _ _ _ _ _ _ _ _ _ _ _ _ _ _ _ _ _ _ _ _ _ _ _ _ _ _ _ _ _ _ _ _ \ntests/workspaces_test.py:15: in login\n    about_page.click_login_link()\npages/about_page.py:20: in click_login_link\n    self.click(self.LOGIN_LINK)\npages/base_page.py:60: in click\n    el: WebElement = self.wait.until(\n_ _ _ _ _ _ _ _ _ _ _ _ _ _ _ _ _ _ _ _ _ _ _ _ _ _ _ _ _ _ _ _ _ _ _ _ _ _ _ _ \n\nself = <selenium.webdriver.support.wait.WebDriverWait (session=\"a29e9cd3cee2d4b1252d98d1dc29c9e1\")>\nmethod = <function element_to_be_clickable.<locals>._predicate at 0x7fb921d2c7c0>\nmessage = ''\n\n    def until(self, method: Callable[[D], Union[Literal[False], T]], message: str = \"\") -> T:\n        \"\"\"Calls the method provided with the driver as an argument until the \\\n        return value does not evaluate to ``False``.\n    \n        :param method: callable(WebDriver)\n        :param message: optional message for :exc:`TimeoutException`\n        :returns: the result of the last call to `method`\n        :raises: :exc:`selenium.common.exceptions.TimeoutException` if timeout occurs\n        \"\"\"\n        screen = None\n        stacktrace = None\n    \n        end_time = time.monotonic() + self._timeout\n        while True:\n            try:\n                value = method(self._driver)\n                if value:\n                    return value\n            except self._ignored_exceptions as exc:\n                screen = getattr(exc, \"screen\", None)\n                stacktrace = getattr(exc, \"stacktrace\", None)\n            time.sleep(self._poll)\n            if time.monotonic() > end_time:\n                break\n>       raise TimeoutException(message, screen, stacktrace)\nE       selenium.common.exceptions.TimeoutException: Message: \nE       Stacktrace:\nE       #0 0x55caa59acd93 <unknown>\nE       #1 0x55caa5690337 <unknown>\nE       #2 0x55caa56dbd60 <unknown>\nE       #3 0x55caa56dbe51 <unknown>\nE       #4 0x55caa571fbc4 <unknown>\nE       #5 0x55caa56fe46d <unknown>\nE       #6 0x55caa571d12d <unknown>\nE       #7 0x55caa56fe1e3 <unknown>\nE       #8 0x55caa56ce135 <unknown>\nE       #9 0x55caa56cf13e <unknown>\nE       #10 0x55caa5970e4b <unknown>\nE       #11 0x55caa5974dfa <unknown>\nE       #12 0x55caa595d6d5 <unknown>\nE       #13 0x55caa5975a6f <unknown>\nE       #14 0x55caa594169f <unknown>\nE       #15 0x55caa599a098 <unknown>\nE       #16 0x55caa599a262 <unknown>\nE       #17 0x55caa59abf34 <unknown>\nE       #18 0x7f8231c94ac3 <unknown>\n\n.venv/lib/python3.12/site-packages/selenium/webdriver/support/wait.py:105: TimeoutException","steps":[],"attachments":[{"uid":"cbb91faa373a98f3","name":"public ip address","source":"cbb91faa373a98f3.txt","type":"text/plain","size":12},{"uid":"d061d2be469ccfdf","name":"Cookies","source":"d061d2be469ccfdf.json","type":"application/json","size":3874},{"uid":"dd4249211cf7fe60","name":"Session Storage","source":"dd4249211cf7fe60.json","type":"application/json","size":359},{"uid":"6b83936dcfa1e753","name":"Local Storage","source":"6b83936dcfa1e753.json","type":"application/json","size":208},{"uid":"5d6df5a4cdf4497f","name":"Console Logs","source":"5d6df5a4cdf4497f.json","type":"application/json","size":1521},{"uid":"8e3b04b8940cce47","name":"Full Page Screenshot","source":"8e3b04b8940cce47.png","type":"image/png","size":6186996},{"uid":"9ccc1af61d7403e2","name":"URL","source":"9ccc1af61d7403e2.uri","type":"text/uri-list","size":23},{"uid":"a944657e29dff9c9","name":"Network Logs","source":"a944657e29dff9c9.json","type":"application/json","size":23210}],"parameters":[],"shouldDisplayMessage":true,"stepsCount":0,"attachmentsCount":8,"hasContent":true,"attachmentStep":false},"afterStages":[],"labels":[{"name":"epic","value":"Workspaces"},{"name":"severity","value":"normal"},{"name":"story","value":"WorkSpaces Creation and Editing Functionality"},{"name":"tag","value":"run(order=5)"},{"name":"parentSuite","value":"tests"},{"name":"suite","value":"workspaces_test"},{"name":"subSuite","value":"TestWorkspaces"},{"name":"host","value":"fv-az1493-921"},{"name":"thread","value":"3902-MainThread"},{"name":"framework","value":"pytest"},{"name":"language","value":"cpython3"},{"name":"package","value":"tests.workspaces_test"},{"name":"resultFormat","value":"allure2"}],"parameters":[],"links":[],"hidden":false,"retry":false,"extra":{"severity":"normal","retries":[],"categories":[{"name":"Test defects","matchedStatuses":[],"flaky":false}],"tags":["run(order=5)"]},"source":"b352f86c9102827f.json","parameterValues":[]}