{"uid":"49d323b4e1861f7d","name":"Number of projects displayed in page test","fullName":"tests.workspaces_test.TestWorkspaces#test_number_of_existing_projects","historyId":"34e866e263d4a1ed453e065aefe8091d","time":{"start":1714353219114,"stop":1714353219114,"duration":0},"description":"Compare between the actual number of projects seen on page and the number shown in workspaces block","descriptionHtml":"<p>Compare between the actual number of projects seen on page and the number shown in workspaces block</p>\n","status":"broken","statusMessage":"selenium.common.exceptions.TimeoutException: Message: \nStacktrace:\n#0 0x55cb8aad2e33 <unknown>\n#1 0x55cb8a7c2567 <unknown>\n#2 0x55cb8a80d27d <unknown>\n#3 0x55cb8a80d331 <unknown>\n#4 0x55cb8a850624 <unknown>\n#5 0x55cb8a82f38d <unknown>\n#6 0x55cb8a84dae2 <unknown>\n#7 0x55cb8a82f103 <unknown>\n#8 0x55cb8a8001ba <unknown>\n#9 0x55cb8a800b8e <unknown>\n#10 0x55cb8aa9759b <unknown>\n#11 0x55cb8aa9b34b <unknown>\n#12 0x55cb8aa83681 <unknown>\n#13 0x55cb8aa9beb2 <unknown>\n#14 0x55cb8aa686af <unknown>\n#15 0x55cb8aac2428 <unknown>\n#16 0x55cb8aac2600 <unknown>\n#17 0x55cb8aad1f84 <unknown>\n#18 0x7f81da094ac3 <unknown>","statusTrace":"self = <tests.workspaces_test.TestWorkspaces object at 0x7f757ba2bb60>\n\n    @pytest.fixture(autouse=True)\n    def setup_method_fixture(self):\n>       login(self.about_page, self.login_page)\n\ntests/workspaces_test.py:25: \n_ _ _ _ _ _ _ _ _ _ _ _ _ _ _ _ _ _ _ _ _ _ _ _ _ _ _ _ _ _ _ _ _ _ _ _ _ _ _ _ \ntests/workspaces_test.py:15: in login\n    about_page.click_login_link()\npages/about_page.py:20: in click_login_link\n    self.click(self.LOGIN_LINK)\npages/base_page.py:60: in click\n    el: WebElement = self.wait.until(\n_ _ _ _ _ _ _ _ _ _ _ _ _ _ _ _ _ _ _ _ _ _ _ _ _ _ _ _ _ _ _ _ _ _ _ _ _ _ _ _ \n\nself = <selenium.webdriver.support.wait.WebDriverWait (session=\"3f157b36660eaf840a6169906db54b44\")>\nmethod = <function element_to_be_clickable.<locals>._predicate at 0x7f757b74c680>\nmessage = ''\n\n    def until(self, method: Callable[[D], Union[Literal[False], T]], message: str = \"\") -> T:\n        \"\"\"Calls the method provided with the driver as an argument until the \\\n        return value does not evaluate to ``False``.\n    \n        :param method: callable(WebDriver)\n        :param message: optional message for :exc:`TimeoutException`\n        :returns: the result of the last call to `method`\n        :raises: :exc:`selenium.common.exceptions.TimeoutException` if timeout occurs\n        \"\"\"\n        screen = None\n        stacktrace = None\n    \n        end_time = time.monotonic() + self._timeout\n        while True:\n            try:\n                value = method(self._driver)\n                if value:\n                    return value\n            except self._ignored_exceptions as exc:\n                screen = getattr(exc, \"screen\", None)\n                stacktrace = getattr(exc, \"stacktrace\", None)\n            time.sleep(self._poll)\n            if time.monotonic() > end_time:\n                break\n>       raise TimeoutException(message, screen, stacktrace)\nE       selenium.common.exceptions.TimeoutException: Message: \nE       Stacktrace:\nE       #0 0x55cb8aad2e33 <unknown>\nE       #1 0x55cb8a7c2567 <unknown>\nE       #2 0x55cb8a80d27d <unknown>\nE       #3 0x55cb8a80d331 <unknown>\nE       #4 0x55cb8a850624 <unknown>\nE       #5 0x55cb8a82f38d <unknown>\nE       #6 0x55cb8a84dae2 <unknown>\nE       #7 0x55cb8a82f103 <unknown>\nE       #8 0x55cb8a8001ba <unknown>\nE       #9 0x55cb8a800b8e <unknown>\nE       #10 0x55cb8aa9759b <unknown>\nE       #11 0x55cb8aa9b34b <unknown>\nE       #12 0x55cb8aa83681 <unknown>\nE       #13 0x55cb8aa9beb2 <unknown>\nE       #14 0x55cb8aa686af <unknown>\nE       #15 0x55cb8aac2428 <unknown>\nE       #16 0x55cb8aac2600 <unknown>\nE       #17 0x55cb8aad1f84 <unknown>\nE       #18 0x7f81da094ac3 <unknown>\n\n.venv/lib/python3.12/site-packages/selenium/webdriver/support/wait.py:105: TimeoutException","flaky":false,"newFailed":false,"newBroken":false,"newPassed":false,"retriesCount":0,"retriesStatusChange":false,"beforeStages":[{"name":"base_url","time":{"start":1714353137833,"stop":1714353137834,"duration":1},"status":"passed","steps":[],"attachments":[],"parameters":[],"shouldDisplayMessage":false,"stepsCount":0,"attachmentsCount":0,"hasContent":false,"attachmentStep":false},{"name":"_verify_url","time":{"start":1714353137834,"stop":1714353137834,"duration":0},"status":"passed","steps":[],"attachments":[],"parameters":[],"shouldDisplayMessage":false,"stepsCount":0,"attachmentsCount":0,"hasContent":false,"attachmentStep":false},{"name":"session_request","time":{"start":1714353137834,"stop":1714353137834,"duration":0},"status":"passed","steps":[],"attachments":[],"parameters":[],"shouldDisplayMessage":false,"stepsCount":0,"attachmentsCount":0,"hasContent":false,"attachmentStep":false},{"name":"setup_method_fixture","time":{"start":1714353220441,"stop":1714353230790,"duration":10349},"status":"broken","statusMessage":"selenium.common.exceptions.TimeoutException: Message: \nStacktrace:\n#0 0x55cb8aad2e33 <unknown>\n#1 0x55cb8a7c2567 <unknown>\n#2 0x55cb8a80d27d <unknown>\n#3 0x55cb8a80d331 <unknown>\n#4 0x55cb8a850624 <unknown>\n#5 0x55cb8a82f38d <unknown>\n#6 0x55cb8a84dae2 <unknown>\n#7 0x55cb8a82f103 <unknown>\n#8 0x55cb8a8001ba <unknown>\n#9 0x55cb8a800b8e <unknown>\n#10 0x55cb8aa9759b <unknown>\n#11 0x55cb8aa9b34b <unknown>\n#12 0x55cb8aa83681 <unknown>\n#13 0x55cb8aa9beb2 <unknown>\n#14 0x55cb8aa686af <unknown>\n#15 0x55cb8aac2428 <unknown>\n#16 0x55cb8aac2600 <unknown>\n#17 0x55cb8aad1f84 <unknown>\n#18 0x7f81da094ac3 <unknown>\n\n","statusTrace":"  File \"/home/runner/work/Selenium-Python-Example/Selenium-Python-Example/.venv/lib/python3.12/site-packages/pluggy/_callers.py\", line 166, in _multicall\n    teardown.throw(outcome._exception)\n  File \"/home/runner/work/Selenium-Python-Example/Selenium-Python-Example/.venv/lib/python3.12/site-packages/_pytest/setuponly.py\", line 36, in pytest_fixture_setup\n    return (yield)\n            ^^^^^\n  File \"/home/runner/work/Selenium-Python-Example/Selenium-Python-Example/.venv/lib/python3.12/site-packages/pluggy/_callers.py\", line 102, in _multicall\n    res = hook_impl.function(*args)\n          ^^^^^^^^^^^^^^^^^^^^^^^^^\n  File \"/home/runner/work/Selenium-Python-Example/Selenium-Python-Example/.venv/lib/python3.12/site-packages/_pytest/fixtures.py\", line 1132, in pytest_fixture_setup\n    result = call_fixture_func(fixturefunc, request, kwargs)\n             ^^^^^^^^^^^^^^^^^^^^^^^^^^^^^^^^^^^^^^^^^^^^^^^\n  File \"/home/runner/work/Selenium-Python-Example/Selenium-Python-Example/.venv/lib/python3.12/site-packages/_pytest/fixtures.py\", line 913, in call_fixture_func\n    fixture_result = fixturefunc(**kwargs)\n                     ^^^^^^^^^^^^^^^^^^^^^\n  File \"/home/runner/work/Selenium-Python-Example/Selenium-Python-Example/tests/workspaces_test.py\", line 25, in setup_method_fixture\n    login(self.about_page, self.login_page)\n  File \"/home/runner/work/Selenium-Python-Example/Selenium-Python-Example/tests/workspaces_test.py\", line 15, in login\n    about_page.click_login_link()\n  File \"/home/runner/work/Selenium-Python-Example/Selenium-Python-Example/.venv/lib/python3.12/site-packages/allure_commons/_allure.py\", line 192, in impl\n    return func(*a, **kw)\n           ^^^^^^^^^^^^^^\n  File \"/home/runner/work/Selenium-Python-Example/Selenium-Python-Example/pages/about_page.py\", line 20, in click_login_link\n    self.click(self.LOGIN_LINK)\n  File \"/home/runner/work/Selenium-Python-Example/Selenium-Python-Example/pages/base_page.py\", line 60, in click\n    el: WebElement = self.wait.until(\n                     ^^^^^^^^^^^^^^^^\n  File \"/home/runner/work/Selenium-Python-Example/Selenium-Python-Example/.venv/lib/python3.12/site-packages/selenium/webdriver/support/wait.py\", line 105, in until\n    raise TimeoutException(message, screen, stacktrace)\n","steps":[{"name":"Click Login link","time":{"start":1714353220441,"stop":1714353230790,"duration":10349},"status":"broken","statusMessage":"selenium.common.exceptions.TimeoutException: Message: \nStacktrace:\n#0 0x55cb8aad2e33 <unknown>\n#1 0x55cb8a7c2567 <unknown>\n#2 0x55cb8a80d27d <unknown>\n#3 0x55cb8a80d331 <unknown>\n#4 0x55cb8a850624 <unknown>\n#5 0x55cb8a82f38d <unknown>\n#6 0x55cb8a84dae2 <unknown>\n#7 0x55cb8a82f103 <unknown>\n#8 0x55cb8a8001ba <unknown>\n#9 0x55cb8a800b8e <unknown>\n#10 0x55cb8aa9759b <unknown>\n#11 0x55cb8aa9b34b <unknown>\n#12 0x55cb8aa83681 <unknown>\n#13 0x55cb8aa9beb2 <unknown>\n#14 0x55cb8aa686af <unknown>\n#15 0x55cb8aac2428 <unknown>\n#16 0x55cb8aac2600 <unknown>\n#17 0x55cb8aad1f84 <unknown>\n#18 0x7f81da094ac3 <unknown>\n\n","statusTrace":"  File \"/home/runner/work/Selenium-Python-Example/Selenium-Python-Example/.venv/lib/python3.12/site-packages/allure_commons/_allure.py\", line 192, in impl\n    return func(*a, **kw)\n           ^^^^^^^^^^^^^^\n  File \"/home/runner/work/Selenium-Python-Example/Selenium-Python-Example/pages/about_page.py\", line 20, in click_login_link\n    self.click(self.LOGIN_LINK)\n  File \"/home/runner/work/Selenium-Python-Example/Selenium-Python-Example/pages/base_page.py\", line 60, in click\n    el: WebElement = self.wait.until(\n                     ^^^^^^^^^^^^^^^^\n  File \"/home/runner/work/Selenium-Python-Example/Selenium-Python-Example/.venv/lib/python3.12/site-packages/selenium/webdriver/support/wait.py\", line 105, in until\n    raise TimeoutException(message, screen, stacktrace)\n","steps":[],"attachments":[],"parameters":[],"shouldDisplayMessage":true,"stepsCount":0,"attachmentsCount":0,"hasContent":true,"attachmentStep":false}],"attachments":[],"parameters":[],"shouldDisplayMessage":false,"stepsCount":1,"attachmentsCount":0,"hasContent":true,"attachmentStep":false}],"testStage":{"description":"Compare between the actual number of projects seen on page and the number shown in workspaces block","status":"broken","statusMessage":"selenium.common.exceptions.TimeoutException: Message: \nStacktrace:\n#0 0x55cb8aad2e33 <unknown>\n#1 0x55cb8a7c2567 <unknown>\n#2 0x55cb8a80d27d <unknown>\n#3 0x55cb8a80d331 <unknown>\n#4 0x55cb8a850624 <unknown>\n#5 0x55cb8a82f38d <unknown>\n#6 0x55cb8a84dae2 <unknown>\n#7 0x55cb8a82f103 <unknown>\n#8 0x55cb8a8001ba <unknown>\n#9 0x55cb8a800b8e <unknown>\n#10 0x55cb8aa9759b <unknown>\n#11 0x55cb8aa9b34b <unknown>\n#12 0x55cb8aa83681 <unknown>\n#13 0x55cb8aa9beb2 <unknown>\n#14 0x55cb8aa686af <unknown>\n#15 0x55cb8aac2428 <unknown>\n#16 0x55cb8aac2600 <unknown>\n#17 0x55cb8aad1f84 <unknown>\n#18 0x7f81da094ac3 <unknown>","statusTrace":"self = <tests.workspaces_test.TestWorkspaces object at 0x7f757ba2bb60>\n\n    @pytest.fixture(autouse=True)\n    def setup_method_fixture(self):\n>       login(self.about_page, self.login_page)\n\ntests/workspaces_test.py:25: \n_ _ _ _ _ _ _ _ _ _ _ _ _ _ _ _ _ _ _ _ _ _ _ _ _ _ _ _ _ _ _ _ _ _ _ _ _ _ _ _ \ntests/workspaces_test.py:15: in login\n    about_page.click_login_link()\npages/about_page.py:20: in click_login_link\n    self.click(self.LOGIN_LINK)\npages/base_page.py:60: in click\n    el: WebElement = self.wait.until(\n_ _ _ _ _ _ _ _ _ _ _ _ _ _ _ _ _ _ _ _ _ _ _ _ _ _ _ _ _ _ _ _ _ _ _ _ _ _ _ _ \n\nself = <selenium.webdriver.support.wait.WebDriverWait (session=\"3f157b36660eaf840a6169906db54b44\")>\nmethod = <function element_to_be_clickable.<locals>._predicate at 0x7f757b74c680>\nmessage = ''\n\n    def until(self, method: Callable[[D], Union[Literal[False], T]], message: str = \"\") -> T:\n        \"\"\"Calls the method provided with the driver as an argument until the \\\n        return value does not evaluate to ``False``.\n    \n        :param method: callable(WebDriver)\n        :param message: optional message for :exc:`TimeoutException`\n        :returns: the result of the last call to `method`\n        :raises: :exc:`selenium.common.exceptions.TimeoutException` if timeout occurs\n        \"\"\"\n        screen = None\n        stacktrace = None\n    \n        end_time = time.monotonic() + self._timeout\n        while True:\n            try:\n                value = method(self._driver)\n                if value:\n                    return value\n            except self._ignored_exceptions as exc:\n                screen = getattr(exc, \"screen\", None)\n                stacktrace = getattr(exc, \"stacktrace\", None)\n            time.sleep(self._poll)\n            if time.monotonic() > end_time:\n                break\n>       raise TimeoutException(message, screen, stacktrace)\nE       selenium.common.exceptions.TimeoutException: Message: \nE       Stacktrace:\nE       #0 0x55cb8aad2e33 <unknown>\nE       #1 0x55cb8a7c2567 <unknown>\nE       #2 0x55cb8a80d27d <unknown>\nE       #3 0x55cb8a80d331 <unknown>\nE       #4 0x55cb8a850624 <unknown>\nE       #5 0x55cb8a82f38d <unknown>\nE       #6 0x55cb8a84dae2 <unknown>\nE       #7 0x55cb8a82f103 <unknown>\nE       #8 0x55cb8a8001ba <unknown>\nE       #9 0x55cb8a800b8e <unknown>\nE       #10 0x55cb8aa9759b <unknown>\nE       #11 0x55cb8aa9b34b <unknown>\nE       #12 0x55cb8aa83681 <unknown>\nE       #13 0x55cb8aa9beb2 <unknown>\nE       #14 0x55cb8aa686af <unknown>\nE       #15 0x55cb8aac2428 <unknown>\nE       #16 0x55cb8aac2600 <unknown>\nE       #17 0x55cb8aad1f84 <unknown>\nE       #18 0x7f81da094ac3 <unknown>\n\n.venv/lib/python3.12/site-packages/selenium/webdriver/support/wait.py:105: TimeoutException","steps":[{"name":"public ip address","time":{"start":1714353230803,"stop":1714353230891,"duration":88},"status":"passed","steps":[],"attachments":[{"uid":"c987968d0aa9c16a","name":"HTTP logs of http://checkip.amazonaws.com/","source":"c987968d0aa9c16a.txt","type":"text/plain","size":358}],"parameters":[],"shouldDisplayMessage":false,"stepsCount":0,"attachmentsCount":1,"hasContent":true,"attachmentStep":false}],"attachments":[{"uid":"99ed9ba7e2cd6ab8","name":"Cookies","source":"99ed9ba7e2cd6ab8.json","type":"application/json","size":3638},{"uid":"442c88e6ac042315","name":"Session Storage","source":"442c88e6ac042315.json","type":"application/json","size":359},{"uid":"7e86f78e988cd7d4","name":"Local Storage","source":"7e86f78e988cd7d4.json","type":"application/json","size":350},{"uid":"6d397d7baa41270","name":"Console Logs","source":"6d397d7baa41270.json","type":"application/json","size":8157},{"uid":"3124e4d948d8afbe","name":"Full Page Screenshot","source":"3124e4d948d8afbe.png","type":"image/png","size":6246649},{"uid":"9c6dd486d71b5f40","name":"URL","source":"9c6dd486d71b5f40.uri","type":"text/uri-list","size":23},{"uid":"e97fbff5525abeb4","name":"Network Logs","source":"e97fbff5525abeb4.json","type":"application/json","size":841701}],"parameters":[],"shouldDisplayMessage":true,"stepsCount":1,"attachmentsCount":8,"hasContent":true,"attachmentStep":false},"afterStages":[{"name":"session_request::0","time":{"start":1714353402386,"stop":1714353402386,"duration":0},"status":"passed","steps":[],"attachments":[],"parameters":[],"shouldDisplayMessage":false,"stepsCount":0,"attachmentsCount":0,"hasContent":false,"attachmentStep":false}],"labels":[{"name":"story","value":"WorkSpaces Creation and Editing Functionality"},{"name":"severity","value":"normal"},{"name":"epic","value":"Workspaces"},{"name":"tag","value":"run(order=4)"},{"name":"parentSuite","value":"tests"},{"name":"suite","value":"workspaces_test"},{"name":"subSuite","value":"TestWorkspaces"},{"name":"host","value":"fv-az1205-525"},{"name":"thread","value":"2461-MainThread"},{"name":"framework","value":"pytest"},{"name":"language","value":"cpython3"},{"name":"package","value":"tests.workspaces_test"},{"name":"resultFormat","value":"allure2"}],"parameters":[],"links":[],"hidden":false,"retry":false,"extra":{"severity":"normal","retries":[],"categories":[{"name":"Test defects","matchedStatuses":[],"flaky":false}],"tags":["run(order=4)"]},"source":"49d323b4e1861f7d.json","parameterValues":[]}