{"uid":"33cf93cb3e2bfa2d","name":"Forgot Password with valid email test","fullName":"tests.forgot_password_test.TestForgotPassword#test_valid_email","historyId":"d6dde1715fb973c93e423cd6a34e3dff","time":{"start":1716772727156,"stop":1716772737484,"duration":10328},"description":"Forgot password with a valid email address","descriptionHtml":"<p>Forgot password with a valid email address</p>\n","status":"broken","statusMessage":"selenium.common.exceptions.TimeoutException: Message: \nStacktrace:\n#0 0x55d5438f9eca <unknown>\n#1 0x55d5435e345c <unknown>\n#2 0x55d54362f5b5 <unknown>\n#3 0x55d54362f671 <unknown>\n#4 0x55d543673f14 <unknown>\n#5 0x55d5436524dd <unknown>\n#6 0x55d5436712cc <unknown>\n#7 0x55d543652253 <unknown>\n#8 0x55d5436221c7 <unknown>\n#9 0x55d543622b3e <unknown>\n#10 0x55d5438c030b <unknown>\n#11 0x55d5438c43b7 <unknown>\n#12 0x55d5438ace3e <unknown>\n#13 0x55d5438c4e82 <unknown>\n#14 0x55d5438917df <unknown>\n#15 0x55d5438e91b8 <unknown>\n#16 0x55d5438e938b <unknown>\n#17 0x55d5438f8ffc <unknown>\n#18 0x7f8e68494ac3 <unknown>","statusTrace":"self = <tests.forgot_password_test.TestForgotPassword object at 0x7f0a5733fc80>\ndata = Data(forgot_password=ForgotPassword(error_message=\"We can't find a user with that e-mail address.\", success_message='A...ct='Non Existing', page_title='My Workspace', project_name='test project', project_type='quiz', template_type='Blank'))\n\n    @allure.description(\"Forgot password with a valid email address\")\n    @allure.title(\"Forgot Password with valid email test\")\n    def test_valid_email(self, data: Data):\n>       self.about_page.click_login_link()\n\ntests/forgot_password_test.py:22: \n_ _ _ _ _ _ _ _ _ _ _ _ _ _ _ _ _ _ _ _ _ _ _ _ _ _ _ _ _ _ _ _ _ _ _ _ _ _ _ _ \npages/about_page.py:20: in click_login_link\n    self.click(self.LOGIN_LINK)\npages/base_page.py:60: in click\n    el: WebElement = self.wait.until(\n_ _ _ _ _ _ _ _ _ _ _ _ _ _ _ _ _ _ _ _ _ _ _ _ _ _ _ _ _ _ _ _ _ _ _ _ _ _ _ _ \n\nself = <selenium.webdriver.support.wait.WebDriverWait (session=\"23096434e8b60ef43cb60608c92596a7\")>\nmethod = <function element_to_be_clickable.<locals>._predicate at 0x7f0a572059e0>\nmessage = ''\n\n    def until(self, method: Callable[[D], Union[Literal[False], T]], message: str = \"\") -> T:\n        \"\"\"Calls the method provided with the driver as an argument until the \\\n        return value does not evaluate to ``False``.\n    \n        :param method: callable(WebDriver)\n        :param message: optional message for :exc:`TimeoutException`\n        :returns: the result of the last call to `method`\n        :raises: :exc:`selenium.common.exceptions.TimeoutException` if timeout occurs\n        \"\"\"\n        screen = None\n        stacktrace = None\n    \n        end_time = time.monotonic() + self._timeout\n        while True:\n            try:\n                value = method(self._driver)\n                if value:\n                    return value\n            except self._ignored_exceptions as exc:\n                screen = getattr(exc, \"screen\", None)\n                stacktrace = getattr(exc, \"stacktrace\", None)\n            time.sleep(self._poll)\n            if time.monotonic() > end_time:\n                break\n>       raise TimeoutException(message, screen, stacktrace)\nE       selenium.common.exceptions.TimeoutException: Message: \nE       Stacktrace:\nE       #0 0x55d5438f9eca <unknown>\nE       #1 0x55d5435e345c <unknown>\nE       #2 0x55d54362f5b5 <unknown>\nE       #3 0x55d54362f671 <unknown>\nE       #4 0x55d543673f14 <unknown>\nE       #5 0x55d5436524dd <unknown>\nE       #6 0x55d5436712cc <unknown>\nE       #7 0x55d543652253 <unknown>\nE       #8 0x55d5436221c7 <unknown>\nE       #9 0x55d543622b3e <unknown>\nE       #10 0x55d5438c030b <unknown>\nE       #11 0x55d5438c43b7 <unknown>\nE       #12 0x55d5438ace3e <unknown>\nE       #13 0x55d5438c4e82 <unknown>\nE       #14 0x55d5438917df <unknown>\nE       #15 0x55d5438e91b8 <unknown>\nE       #16 0x55d5438e938b <unknown>\nE       #17 0x55d5438f8ffc <unknown>\nE       #18 0x7f8e68494ac3 <unknown>\n\n.venv/lib/python3.12/site-packages/selenium/webdriver/support/wait.py:105: TimeoutException","flaky":false,"newFailed":false,"newBroken":false,"newPassed":false,"retriesCount":0,"retriesStatusChange":false,"beforeStages":[],"testStage":{"description":"Forgot password with a valid email address","status":"broken","statusMessage":"selenium.common.exceptions.TimeoutException: Message: \nStacktrace:\n#0 0x55d5438f9eca <unknown>\n#1 0x55d5435e345c <unknown>\n#2 0x55d54362f5b5 <unknown>\n#3 0x55d54362f671 <unknown>\n#4 0x55d543673f14 <unknown>\n#5 0x55d5436524dd <unknown>\n#6 0x55d5436712cc <unknown>\n#7 0x55d543652253 <unknown>\n#8 0x55d5436221c7 <unknown>\n#9 0x55d543622b3e <unknown>\n#10 0x55d5438c030b <unknown>\n#11 0x55d5438c43b7 <unknown>\n#12 0x55d5438ace3e <unknown>\n#13 0x55d5438c4e82 <unknown>\n#14 0x55d5438917df <unknown>\n#15 0x55d5438e91b8 <unknown>\n#16 0x55d5438e938b <unknown>\n#17 0x55d5438f8ffc <unknown>\n#18 0x7f8e68494ac3 <unknown>","statusTrace":"self = <tests.forgot_password_test.TestForgotPassword object at 0x7f0a5733fc80>\ndata = Data(forgot_password=ForgotPassword(error_message=\"We can't find a user with that e-mail address.\", success_message='A...ct='Non Existing', page_title='My Workspace', project_name='test project', project_type='quiz', template_type='Blank'))\n\n    @allure.description(\"Forgot password with a valid email address\")\n    @allure.title(\"Forgot Password with valid email test\")\n    def test_valid_email(self, data: Data):\n>       self.about_page.click_login_link()\n\ntests/forgot_password_test.py:22: \n_ _ _ _ _ _ _ _ _ _ _ _ _ _ _ _ _ _ _ _ _ _ _ _ _ _ _ _ _ _ _ _ _ _ _ _ _ _ _ _ \npages/about_page.py:20: in click_login_link\n    self.click(self.LOGIN_LINK)\npages/base_page.py:60: in click\n    el: WebElement = self.wait.until(\n_ _ _ _ _ _ _ _ _ _ _ _ _ _ _ _ _ _ _ _ _ _ _ _ _ _ _ _ _ _ _ _ _ _ _ _ _ _ _ _ \n\nself = <selenium.webdriver.support.wait.WebDriverWait (session=\"23096434e8b60ef43cb60608c92596a7\")>\nmethod = <function element_to_be_clickable.<locals>._predicate at 0x7f0a572059e0>\nmessage = ''\n\n    def until(self, method: Callable[[D], Union[Literal[False], T]], message: str = \"\") -> T:\n        \"\"\"Calls the method provided with the driver as an argument until the \\\n        return value does not evaluate to ``False``.\n    \n        :param method: callable(WebDriver)\n        :param message: optional message for :exc:`TimeoutException`\n        :returns: the result of the last call to `method`\n        :raises: :exc:`selenium.common.exceptions.TimeoutException` if timeout occurs\n        \"\"\"\n        screen = None\n        stacktrace = None\n    \n        end_time = time.monotonic() + self._timeout\n        while True:\n            try:\n                value = method(self._driver)\n                if value:\n                    return value\n            except self._ignored_exceptions as exc:\n                screen = getattr(exc, \"screen\", None)\n                stacktrace = getattr(exc, \"stacktrace\", None)\n            time.sleep(self._poll)\n            if time.monotonic() > end_time:\n                break\n>       raise TimeoutException(message, screen, stacktrace)\nE       selenium.common.exceptions.TimeoutException: Message: \nE       Stacktrace:\nE       #0 0x55d5438f9eca <unknown>\nE       #1 0x55d5435e345c <unknown>\nE       #2 0x55d54362f5b5 <unknown>\nE       #3 0x55d54362f671 <unknown>\nE       #4 0x55d543673f14 <unknown>\nE       #5 0x55d5436524dd <unknown>\nE       #6 0x55d5436712cc <unknown>\nE       #7 0x55d543652253 <unknown>\nE       #8 0x55d5436221c7 <unknown>\nE       #9 0x55d543622b3e <unknown>\nE       #10 0x55d5438c030b <unknown>\nE       #11 0x55d5438c43b7 <unknown>\nE       #12 0x55d5438ace3e <unknown>\nE       #13 0x55d5438c4e82 <unknown>\nE       #14 0x55d5438917df <unknown>\nE       #15 0x55d5438e91b8 <unknown>\nE       #16 0x55d5438e938b <unknown>\nE       #17 0x55d5438f8ffc <unknown>\nE       #18 0x7f8e68494ac3 <unknown>\n\n.venv/lib/python3.12/site-packages/selenium/webdriver/support/wait.py:105: TimeoutException","steps":[{"name":"Click Login link","time":{"start":1716772727156,"stop":1716772737483,"duration":10327},"status":"broken","statusMessage":"selenium.common.exceptions.TimeoutException: Message: \nStacktrace:\n#0 0x55d5438f9eca <unknown>\n#1 0x55d5435e345c <unknown>\n#2 0x55d54362f5b5 <unknown>\n#3 0x55d54362f671 <unknown>\n#4 0x55d543673f14 <unknown>\n#5 0x55d5436524dd <unknown>\n#6 0x55d5436712cc <unknown>\n#7 0x55d543652253 <unknown>\n#8 0x55d5436221c7 <unknown>\n#9 0x55d543622b3e <unknown>\n#10 0x55d5438c030b <unknown>\n#11 0x55d5438c43b7 <unknown>\n#12 0x55d5438ace3e <unknown>\n#13 0x55d5438c4e82 <unknown>\n#14 0x55d5438917df <unknown>\n#15 0x55d5438e91b8 <unknown>\n#16 0x55d5438e938b <unknown>\n#17 0x55d5438f8ffc <unknown>\n#18 0x7f8e68494ac3 <unknown>\n\n","statusTrace":"  File \"/home/runner/work/Selenium-Python-Example/Selenium-Python-Example/.venv/lib/python3.12/site-packages/allure_commons/_allure.py\", line 192, in impl\n    return func(*a, **kw)\n           ^^^^^^^^^^^^^^\n  File \"/home/runner/work/Selenium-Python-Example/Selenium-Python-Example/pages/about_page.py\", line 20, in click_login_link\n    self.click(self.LOGIN_LINK)\n  File \"/home/runner/work/Selenium-Python-Example/Selenium-Python-Example/pages/base_page.py\", line 60, in click\n    el: WebElement = self.wait.until(\n                     ^^^^^^^^^^^^^^^^\n  File \"/home/runner/work/Selenium-Python-Example/Selenium-Python-Example/.venv/lib/python3.12/site-packages/selenium/webdriver/support/wait.py\", line 105, in until\n    raise TimeoutException(message, screen, stacktrace)\n","steps":[],"attachments":[],"parameters":[],"shouldDisplayMessage":true,"stepsCount":0,"attachmentsCount":0,"hasContent":true,"attachmentStep":false},{"name":"public ip address","time":{"start":1716772737494,"stop":1716772737632,"duration":138},"status":"passed","steps":[],"attachments":[{"uid":"101d911ec78e1843","name":"HTTP logs of http://checkip.amazonaws.com/","source":"101d911ec78e1843.txt","type":"text/plain","size":356}],"parameters":[],"shouldDisplayMessage":false,"stepsCount":0,"attachmentsCount":1,"hasContent":true,"attachmentStep":false}],"attachments":[{"uid":"db1dcc63856ad55","name":"Cookies","source":"db1dcc63856ad55.json","type":"application/json","size":3637},{"uid":"4028839f6049f04d","name":"Session Storage","source":"4028839f6049f04d.json","type":"application/json","size":359},{"uid":"ae20c74015eb9942","name":"Local Storage","source":"ae20c74015eb9942.json","type":"application/json","size":294},{"uid":"b0bbcaecb1c74974","name":"Console Logs","source":"b0bbcaecb1c74974.json","type":"application/json","size":6729},{"uid":"146b77745e18f34d","name":"Full Page Screenshot","source":"146b77745e18f34d.png","type":"image/png","size":5696115},{"uid":"961d2b5e4c2f42ce","name":"URL","source":"961d2b5e4c2f42ce.uri","type":"text/uri-list","size":23},{"uid":"246ef572428925e5","name":"Network Logs","source":"246ef572428925e5.json","type":"application/json","size":868585}],"parameters":[],"shouldDisplayMessage":true,"stepsCount":2,"attachmentsCount":8,"hasContent":true,"attachmentStep":false},"afterStages":[],"labels":[{"name":"suite","value":"Custom suite"},{"name":"subSuite","value":"Custom sub suite"},{"name":"parentSuite","value":"Custom parent suite"},{"name":"epic","value":"Security"},{"name":"severity","value":"critical"},{"name":"story","value":"Forgot Password Feature's Functionality"},{"name":"tag","value":"security"},{"name":"host","value":"fv-az1493-192"},{"name":"thread","value":"2444-MainThread"},{"name":"framework","value":"pytest"},{"name":"language","value":"cpython3"},{"name":"package","value":"tests.forgot_password_test"},{"name":"resultFormat","value":"allure2"}],"parameters":[],"links":[],"hidden":false,"retry":false,"extra":{"severity":"critical","retries":[],"categories":[{"name":"Test defects","matchedStatuses":[],"flaky":false}],"tags":["security"]},"source":"33cf93cb3e2bfa2d.json","parameterValues":[]}