{"uid":"75ba78e9c0e5ceba","name":"Login with valid credentials test","fullName":"tests.test_login.TestLogin#test_valid_login","historyId":"e7f254b9bfd5f2bc8d4a1ffa6dc7aebb","time":{"start":1692752764323,"stop":1692752774566,"duration":10243},"description":"valid login","descriptionHtml":"<p>valid login</p>\n","status":"broken","statusMessage":"selenium.common.exceptions.TimeoutException: Message: \nStacktrace:\n#0 0x558980ab3613 <unknown>\n#1 0x5589807df537 <unknown>\n#2 0x55898081df53 <unknown>\n#3 0x55898081e041 <unknown>\n#4 0x5589808592a4 <unknown>\n#5 0x55898083ea5d <unknown>\n#6 0x558980856d09 <unknown>\n#7 0x55898083e803 <unknown>\n#8 0x55898081268b <unknown>\n#9 0x55898081342e <unknown>\n#10 0x558980a74c28 <unknown>\n#11 0x558980a78af7 <unknown>\n#12 0x558980a8301c <unknown>\n#13 0x558980a79723 <unknown>\n#14 0x558980a48457 <unknown>\n#15 0x558980a9d628 <unknown>\n#16 0x558980a9d7b7 <unknown>\n#17 0x558980aac483 <unknown>\n#18 0x7fd4b054cb43 <unknown>","statusTrace":"self = <tests.test_login.TestLogin object at 0x7f7ebb8d59d0>\nsecret_data = {'email': 'elias123@gmail.com', 'password': 'El123456789'}\njson_data = {'forgot_password': {'error_message': \"We can't find a user with that e-mail address.\", 'success_message': 'A reset li...you page', 'name': 'test', 'new_name': 'another test', 'no_project_found_msg': 'No project matches the criteria', ...}}\n\n    @allure.description(\"valid login\")\n    @allure.title(\"Login with valid credentials test\")\n    @pytest.mark.run(order=1)\n    def test_valid_login(self, secret_data: dict, json_data: dict):\n>       self.about_page.click_login_link()\n\ntests/test_login.py:36: \n_ _ _ _ _ _ _ _ _ _ _ _ _ _ _ _ _ _ _ _ _ _ _ _ _ _ _ _ _ _ _ _ _ _ _ _ _ _ _ _ \npages/about_page.py:20: in click_login_link\n    self.click(self.LOGIN_LINK)\npages/base_page.py:38: in click\n    el: WebElement = self.wait.until(\n_ _ _ _ _ _ _ _ _ _ _ _ _ _ _ _ _ _ _ _ _ _ _ _ _ _ _ _ _ _ _ _ _ _ _ _ _ _ _ _ \n\nself = <selenium.webdriver.support.wait.WebDriverWait (session=\"60658244746efbeed17b0f5a86ad8374\")>\nmethod = <function element_to_be_clickable.<locals>._predicate at 0x7f7ebb8e4fe0>\nmessage = ''\n\n    def until(self, method, message: str = \"\"):\n        \"\"\"Calls the method provided with the driver as an argument until the \\\n        return value does not evaluate to ``False``.\n    \n        :param method: callable(WebDriver)\n        :param message: optional message for :exc:`TimeoutException`\n        :returns: the result of the last call to `method`\n        :raises: :exc:`selenium.common.exceptions.TimeoutException` if timeout occurs\n        \"\"\"\n        screen = None\n        stacktrace = None\n    \n        end_time = time.monotonic() + self._timeout\n        while True:\n            try:\n                value = method(self._driver)\n                if value:\n                    return value\n            except self._ignored_exceptions as exc:\n                screen = getattr(exc, \"screen\", None)\n                stacktrace = getattr(exc, \"stacktrace\", None)\n            time.sleep(self._poll)\n            if time.monotonic() > end_time:\n                break\n>       raise TimeoutException(message, screen, stacktrace)\nE       selenium.common.exceptions.TimeoutException: Message: \nE       Stacktrace:\nE       #0 0x558980ab3613 <unknown>\nE       #1 0x5589807df537 <unknown>\nE       #2 0x55898081df53 <unknown>\nE       #3 0x55898081e041 <unknown>\nE       #4 0x5589808592a4 <unknown>\nE       #5 0x55898083ea5d <unknown>\nE       #6 0x558980856d09 <unknown>\nE       #7 0x55898083e803 <unknown>\nE       #8 0x55898081268b <unknown>\nE       #9 0x55898081342e <unknown>\nE       #10 0x558980a74c28 <unknown>\nE       #11 0x558980a78af7 <unknown>\nE       #12 0x558980a8301c <unknown>\nE       #13 0x558980a79723 <unknown>\nE       #14 0x558980a48457 <unknown>\nE       #15 0x558980a9d628 <unknown>\nE       #16 0x558980a9d7b7 <unknown>\nE       #17 0x558980aac483 <unknown>\nE       #18 0x7fd4b054cb43 <unknown>\n\n.venv/lib/python3.11/site-packages/selenium/webdriver/support/wait.py:95: TimeoutException","flaky":false,"newFailed":false,"newBroken":false,"newPassed":false,"retriesCount":0,"retriesStatusChange":false,"beforeStages":[{"name":"base_url","time":{"start":1692752764322,"stop":1692752764322,"duration":0},"status":"passed","steps":[],"attachments":[],"parameters":[],"stepsCount":0,"attachmentsCount":0,"shouldDisplayMessage":false,"hasContent":false},{"name":"_verify_url","time":{"start":1692752764322,"stop":1692752764322,"duration":0},"status":"passed","steps":[],"attachments":[],"parameters":[],"stepsCount":0,"attachmentsCount":0,"shouldDisplayMessage":false,"hasContent":false},{"name":"json_data","time":{"start":1692752764323,"stop":1692752764323,"duration":0},"status":"passed","steps":[],"attachments":[],"parameters":[],"stepsCount":0,"attachmentsCount":0,"shouldDisplayMessage":false,"hasContent":false},{"name":"secret_data","time":{"start":1692752764323,"stop":1692752764323,"duration":0},"status":"passed","steps":[],"attachments":[],"parameters":[],"stepsCount":0,"attachmentsCount":0,"shouldDisplayMessage":false,"hasContent":false}],"testStage":{"description":"valid login","status":"broken","statusMessage":"selenium.common.exceptions.TimeoutException: Message: \nStacktrace:\n#0 0x558980ab3613 <unknown>\n#1 0x5589807df537 <unknown>\n#2 0x55898081df53 <unknown>\n#3 0x55898081e041 <unknown>\n#4 0x5589808592a4 <unknown>\n#5 0x55898083ea5d <unknown>\n#6 0x558980856d09 <unknown>\n#7 0x55898083e803 <unknown>\n#8 0x55898081268b <unknown>\n#9 0x55898081342e <unknown>\n#10 0x558980a74c28 <unknown>\n#11 0x558980a78af7 <unknown>\n#12 0x558980a8301c <unknown>\n#13 0x558980a79723 <unknown>\n#14 0x558980a48457 <unknown>\n#15 0x558980a9d628 <unknown>\n#16 0x558980a9d7b7 <unknown>\n#17 0x558980aac483 <unknown>\n#18 0x7fd4b054cb43 <unknown>","statusTrace":"self = <tests.test_login.TestLogin object at 0x7f7ebb8d59d0>\nsecret_data = {'email': 'elias123@gmail.com', 'password': 'El123456789'}\njson_data = {'forgot_password': {'error_message': \"We can't find a user with that e-mail address.\", 'success_message': 'A reset li...you page', 'name': 'test', 'new_name': 'another test', 'no_project_found_msg': 'No project matches the criteria', ...}}\n\n    @allure.description(\"valid login\")\n    @allure.title(\"Login with valid credentials test\")\n    @pytest.mark.run(order=1)\n    def test_valid_login(self, secret_data: dict, json_data: dict):\n>       self.about_page.click_login_link()\n\ntests/test_login.py:36: \n_ _ _ _ _ _ _ _ _ _ _ _ _ _ _ _ _ _ _ _ _ _ _ _ _ _ _ _ _ _ _ _ _ _ _ _ _ _ _ _ \npages/about_page.py:20: in click_login_link\n    self.click(self.LOGIN_LINK)\npages/base_page.py:38: in click\n    el: WebElement = self.wait.until(\n_ _ _ _ _ _ _ _ _ _ _ _ _ _ _ _ _ _ _ _ _ _ _ _ _ _ _ _ _ _ _ _ _ _ _ _ _ _ _ _ \n\nself = <selenium.webdriver.support.wait.WebDriverWait (session=\"60658244746efbeed17b0f5a86ad8374\")>\nmethod = <function element_to_be_clickable.<locals>._predicate at 0x7f7ebb8e4fe0>\nmessage = ''\n\n    def until(self, method, message: str = \"\"):\n        \"\"\"Calls the method provided with the driver as an argument until the \\\n        return value does not evaluate to ``False``.\n    \n        :param method: callable(WebDriver)\n        :param message: optional message for :exc:`TimeoutException`\n        :returns: the result of the last call to `method`\n        :raises: :exc:`selenium.common.exceptions.TimeoutException` if timeout occurs\n        \"\"\"\n        screen = None\n        stacktrace = None\n    \n        end_time = time.monotonic() + self._timeout\n        while True:\n            try:\n                value = method(self._driver)\n                if value:\n                    return value\n            except self._ignored_exceptions as exc:\n                screen = getattr(exc, \"screen\", None)\n                stacktrace = getattr(exc, \"stacktrace\", None)\n            time.sleep(self._poll)\n            if time.monotonic() > end_time:\n                break\n>       raise TimeoutException(message, screen, stacktrace)\nE       selenium.common.exceptions.TimeoutException: Message: \nE       Stacktrace:\nE       #0 0x558980ab3613 <unknown>\nE       #1 0x5589807df537 <unknown>\nE       #2 0x55898081df53 <unknown>\nE       #3 0x55898081e041 <unknown>\nE       #4 0x5589808592a4 <unknown>\nE       #5 0x55898083ea5d <unknown>\nE       #6 0x558980856d09 <unknown>\nE       #7 0x55898083e803 <unknown>\nE       #8 0x55898081268b <unknown>\nE       #9 0x55898081342e <unknown>\nE       #10 0x558980a74c28 <unknown>\nE       #11 0x558980a78af7 <unknown>\nE       #12 0x558980a8301c <unknown>\nE       #13 0x558980a79723 <unknown>\nE       #14 0x558980a48457 <unknown>\nE       #15 0x558980a9d628 <unknown>\nE       #16 0x558980a9d7b7 <unknown>\nE       #17 0x558980aac483 <unknown>\nE       #18 0x7fd4b054cb43 <unknown>\n\n.venv/lib/python3.11/site-packages/selenium/webdriver/support/wait.py:95: TimeoutException","steps":[{"name":"Click Login link","time":{"start":1692752764327,"stop":1692752774565,"duration":10238},"status":"broken","statusMessage":"selenium.common.exceptions.TimeoutException: Message: \nStacktrace:\n#0 0x558980ab3613 <unknown>\n#1 0x5589807df537 <unknown>\n#2 0x55898081df53 <unknown>\n#3 0x55898081e041 <unknown>\n#4 0x5589808592a4 <unknown>\n#5 0x55898083ea5d <unknown>\n#6 0x558980856d09 <unknown>\n#7 0x55898083e803 <unknown>\n#8 0x55898081268b <unknown>\n#9 0x55898081342e <unknown>\n#10 0x558980a74c28 <unknown>\n#11 0x558980a78af7 <unknown>\n#12 0x558980a8301c <unknown>\n#13 0x558980a79723 <unknown>\n#14 0x558980a48457 <unknown>\n#15 0x558980a9d628 <unknown>\n#16 0x558980a9d7b7 <unknown>\n#17 0x558980aac483 <unknown>\n#18 0x7fd4b054cb43 <unknown>\n\n","statusTrace":"  File \"/home/runner/work/Selenium-Python-Example/Selenium-Python-Example/.venv/lib/python3.11/site-packages/allure_commons/_allure.py\", line 192, in impl\n    return func(*a, **kw)\n           ^^^^^^^^^^^^^^\n  File \"/home/runner/work/Selenium-Python-Example/Selenium-Python-Example/pages/about_page.py\", line 20, in click_login_link\n    self.click(self.LOGIN_LINK)\n  File \"/home/runner/work/Selenium-Python-Example/Selenium-Python-Example/pages/base_page.py\", line 38, in click\n    el: WebElement = self.wait.until(\n                     ^^^^^^^^^^^^^^^^\n  File \"/home/runner/work/Selenium-Python-Example/Selenium-Python-Example/.venv/lib/python3.11/site-packages/selenium/webdriver/support/wait.py\", line 95, in until\n    raise TimeoutException(message, screen, stacktrace)\n","steps":[],"attachments":[],"parameters":[],"stepsCount":0,"attachmentsCount":0,"shouldDisplayMessage":true,"hasContent":true}],"attachments":[{"uid":"ea662494e1c1f214","name":"public ip address","source":"ea662494e1c1f214.txt","type":"text/plain","size":15},{"uid":"6138dd0935ec7518","name":"Cookies","source":"6138dd0935ec7518.json","type":"application/json","size":1237},{"uid":"bcc717bbc511a808","name":"Session Storage","source":"bcc717bbc511a808.json","type":"application/json","size":2},{"uid":"990caa4e48b3de1f","name":"Local Storage","source":"990caa4e48b3de1f.json","type":"application/json","size":208},{"uid":"ec93b529c0b1fd6b","name":"Console Logs","source":"ec93b529c0b1fd6b.json","type":"application/json","size":4954},{"uid":"ce11b9d0a8641874","name":"Full Page Screenshot","source":"ce11b9d0a8641874.png","type":"image/png","size":3231993},{"uid":"5b1f2bf06432707e","name":"URL","source":"5b1f2bf06432707e.uri","type":"text/uri-list","size":23},{"uid":"a3cfc1dd923ebde3","name":"Network Logs","source":"a3cfc1dd923ebde3.json","type":"application/json","size":28295}],"parameters":[],"stepsCount":1,"attachmentsCount":8,"shouldDisplayMessage":true,"hasContent":true},"afterStages":[],"labels":[{"name":"severity","value":"blocker"},{"name":"epic","value":"Security"},{"name":"feature","value":"Login"},{"name":"tag","value":"run(order=1)"},{"name":"tag","value":"security"},{"name":"parentSuite","value":"tests"},{"name":"suite","value":"test_login"},{"name":"subSuite","value":"TestLogin"},{"name":"host","value":"fv-az555-132"},{"name":"thread","value":"2213-MainThread"},{"name":"framework","value":"pytest"},{"name":"language","value":"cpython3"},{"name":"package","value":"tests.test_login"},{"name":"resultFormat","value":"allure2"}],"parameters":[],"links":[],"hidden":false,"retry":false,"extra":{"severity":"blocker","retries":[],"categories":[{"name":"Test defects","matchedStatuses":[],"flaky":false}],"tags":["security","run(order=1)"]},"source":"75ba78e9c0e5ceba.json","parameterValues":[]}