{"uid":"7481ddadb3c36302","name":"Exception test","fullName":"tests.forgot_password_test.TestForgotPassword#test_expected_exception_on_page_title","historyId":"288cd0030c92ba34b4ff4b58ed8ec476","time":{"start":1736818010639,"stop":1736818020948,"duration":10309},"description":"Exception catching","descriptionHtml":"<p>Exception catching</p>\n","status":"broken","statusMessage":"selenium.common.exceptions.TimeoutException: Message: \nStacktrace:\n#0 0x55a96d1848fa <unknown>\n#1 0x55a96cc95d20 <unknown>\n#2 0x55a96cce4a66 <unknown>\n#3 0x55a96cce4d01 <unknown>\n#4 0x55a96cd2a184 <unknown>\n#5 0x55a96cd08b1d <unknown>\n#6 0x55a96cd27560 <unknown>\n#7 0x55a96cd08893 <unknown>\n#8 0x55a96ccd730d <unknown>\n#9 0x55a96ccd832e <unknown>\n#10 0x55a96d15100b <unknown>\n#11 0x55a96d154f97 <unknown>\n#12 0x55a96d13d71c <unknown>\n#13 0x55a96d155b17 <unknown>\n#14 0x55a96d1226cf <unknown>\n#15 0x55a96d1736b8 <unknown>\n#16 0x55a96d173880 <unknown>\n#17 0x55a96d183776 <unknown>\n#18 0x7f3708a9ca94 <unknown>\n#19 0x7f3708b29c3c <unknown>","statusTrace":"self = <tests.forgot_password_test.TestForgotPassword object at 0x7f8bb33e4ad0>\n\n    @allure.description(\"Exception catching\")\n    @allure.title(\"Exception test\")\n    @allure.link(\"github.com/allure-examples/\", name=\"Allure Examples\")\n    @allure.issue(\"github.com/allure-examples/allure-examples/issues/1\", name=\"ISSUE-1\")\n    @allure.testcase(\n        \"github.com/allure-examples/allure-examples/issues/2\", name=\"TESTCASE-2\"\n    )\n    def test_expected_exception_on_page_title(self):\n>       self.about_page.click_login_link()\n\ntests/forgot_password_test.py:53: \n_ _ _ _ _ _ _ _ _ _ _ _ _ _ _ _ _ _ _ _ _ _ _ _ _ _ _ _ _ _ _ _ _ _ _ _ _ _ _ _ \npages/about_page.py:20: in click_login_link\n    self.click(self.LOGIN_LINK)\npages/base_page.py:60: in click\n    el: WebElement = self.wait.until(\n_ _ _ _ _ _ _ _ _ _ _ _ _ _ _ _ _ _ _ _ _ _ _ _ _ _ _ _ _ _ _ _ _ _ _ _ _ _ _ _ \n\nself = <selenium.webdriver.support.wait.WebDriverWait (session=\"1b7f8248ca1deaee88e65b7e829c44fd\")>\nmethod = <function element_to_be_clickable.<locals>._predicate at 0x7f8bb11b1c60>\nmessage = ''\n\n    def until(self, method: Callable[[D], Union[Literal[False], T]], message: str = \"\") -> T:\n        \"\"\"Calls the method provided with the driver as an argument until the \\\n        return value does not evaluate to ``False``.\n    \n        :param method: callable(WebDriver)\n        :param message: optional message for :exc:`TimeoutException`\n        :returns: the result of the last call to `method`\n        :raises: :exc:`selenium.common.exceptions.TimeoutException` if timeout occurs\n        \"\"\"\n        screen = None\n        stacktrace = None\n    \n        end_time = time.monotonic() + self._timeout\n        while True:\n            try:\n                value = method(self._driver)\n                if value:\n                    return value\n            except self._ignored_exceptions as exc:\n                screen = getattr(exc, \"screen\", None)\n                stacktrace = getattr(exc, \"stacktrace\", None)\n            if time.monotonic() > end_time:\n                break\n            time.sleep(self._poll)\n>       raise TimeoutException(message, screen, stacktrace)\nE       selenium.common.exceptions.TimeoutException: Message: \nE       Stacktrace:\nE       #0 0x55a96d1848fa <unknown>\nE       #1 0x55a96cc95d20 <unknown>\nE       #2 0x55a96cce4a66 <unknown>\nE       #3 0x55a96cce4d01 <unknown>\nE       #4 0x55a96cd2a184 <unknown>\nE       #5 0x55a96cd08b1d <unknown>\nE       #6 0x55a96cd27560 <unknown>\nE       #7 0x55a96cd08893 <unknown>\nE       #8 0x55a96ccd730d <unknown>\nE       #9 0x55a96ccd832e <unknown>\nE       #10 0x55a96d15100b <unknown>\nE       #11 0x55a96d154f97 <unknown>\nE       #12 0x55a96d13d71c <unknown>\nE       #13 0x55a96d155b17 <unknown>\nE       #14 0x55a96d1226cf <unknown>\nE       #15 0x55a96d1736b8 <unknown>\nE       #16 0x55a96d173880 <unknown>\nE       #17 0x55a96d183776 <unknown>\nE       #18 0x7f3708a9ca94 <unknown>\nE       #19 0x7f3708b29c3c <unknown>\n\n.venv/lib/python3.12/site-packages/selenium/webdriver/support/wait.py:105: TimeoutException","flaky":false,"newFailed":false,"newBroken":false,"newPassed":false,"retriesCount":0,"retriesStatusChange":false,"beforeStages":[{"name":"_verify_url","time":{"start":1736817995484,"stop":1736817995484,"duration":0},"status":"passed","steps":[],"attachments":[],"parameters":[],"shouldDisplayMessage":false,"stepsCount":0,"attachmentsCount":0,"hasContent":false,"attachmentStep":false},{"name":"session_request","time":{"start":1736817995484,"stop":1736817995484,"duration":0},"status":"passed","steps":[],"attachments":[],"parameters":[],"shouldDisplayMessage":false,"stepsCount":0,"attachmentsCount":0,"hasContent":false,"attachmentStep":false},{"name":"base_url","time":{"start":1736817995484,"stop":1736817995484,"duration":0},"status":"passed","steps":[],"attachments":[],"parameters":[],"shouldDisplayMessage":false,"stepsCount":0,"attachmentsCount":0,"hasContent":false,"attachmentStep":false}],"testStage":{"description":"Exception catching","status":"broken","statusMessage":"selenium.common.exceptions.TimeoutException: Message: \nStacktrace:\n#0 0x55a96d1848fa <unknown>\n#1 0x55a96cc95d20 <unknown>\n#2 0x55a96cce4a66 <unknown>\n#3 0x55a96cce4d01 <unknown>\n#4 0x55a96cd2a184 <unknown>\n#5 0x55a96cd08b1d <unknown>\n#6 0x55a96cd27560 <unknown>\n#7 0x55a96cd08893 <unknown>\n#8 0x55a96ccd730d <unknown>\n#9 0x55a96ccd832e <unknown>\n#10 0x55a96d15100b <unknown>\n#11 0x55a96d154f97 <unknown>\n#12 0x55a96d13d71c <unknown>\n#13 0x55a96d155b17 <unknown>\n#14 0x55a96d1226cf <unknown>\n#15 0x55a96d1736b8 <unknown>\n#16 0x55a96d173880 <unknown>\n#17 0x55a96d183776 <unknown>\n#18 0x7f3708a9ca94 <unknown>\n#19 0x7f3708b29c3c <unknown>","statusTrace":"self = <tests.forgot_password_test.TestForgotPassword object at 0x7f8bb33e4ad0>\n\n    @allure.description(\"Exception catching\")\n    @allure.title(\"Exception test\")\n    @allure.link(\"github.com/allure-examples/\", name=\"Allure Examples\")\n    @allure.issue(\"github.com/allure-examples/allure-examples/issues/1\", name=\"ISSUE-1\")\n    @allure.testcase(\n        \"github.com/allure-examples/allure-examples/issues/2\", name=\"TESTCASE-2\"\n    )\n    def test_expected_exception_on_page_title(self):\n>       self.about_page.click_login_link()\n\ntests/forgot_password_test.py:53: \n_ _ _ _ _ _ _ _ _ _ _ _ _ _ _ _ _ _ _ _ _ _ _ _ _ _ _ _ _ _ _ _ _ _ _ _ _ _ _ _ \npages/about_page.py:20: in click_login_link\n    self.click(self.LOGIN_LINK)\npages/base_page.py:60: in click\n    el: WebElement = self.wait.until(\n_ _ _ _ _ _ _ _ _ _ _ _ _ _ _ _ _ _ _ _ _ _ _ _ _ _ _ _ _ _ _ _ _ _ _ _ _ _ _ _ \n\nself = <selenium.webdriver.support.wait.WebDriverWait (session=\"1b7f8248ca1deaee88e65b7e829c44fd\")>\nmethod = <function element_to_be_clickable.<locals>._predicate at 0x7f8bb11b1c60>\nmessage = ''\n\n    def until(self, method: Callable[[D], Union[Literal[False], T]], message: str = \"\") -> T:\n        \"\"\"Calls the method provided with the driver as an argument until the \\\n        return value does not evaluate to ``False``.\n    \n        :param method: callable(WebDriver)\n        :param message: optional message for :exc:`TimeoutException`\n        :returns: the result of the last call to `method`\n        :raises: :exc:`selenium.common.exceptions.TimeoutException` if timeout occurs\n        \"\"\"\n        screen = None\n        stacktrace = None\n    \n        end_time = time.monotonic() + self._timeout\n        while True:\n            try:\n                value = method(self._driver)\n                if value:\n                    return value\n            except self._ignored_exceptions as exc:\n                screen = getattr(exc, \"screen\", None)\n                stacktrace = getattr(exc, \"stacktrace\", None)\n            if time.monotonic() > end_time:\n                break\n            time.sleep(self._poll)\n>       raise TimeoutException(message, screen, stacktrace)\nE       selenium.common.exceptions.TimeoutException: Message: \nE       Stacktrace:\nE       #0 0x55a96d1848fa <unknown>\nE       #1 0x55a96cc95d20 <unknown>\nE       #2 0x55a96cce4a66 <unknown>\nE       #3 0x55a96cce4d01 <unknown>\nE       #4 0x55a96cd2a184 <unknown>\nE       #5 0x55a96cd08b1d <unknown>\nE       #6 0x55a96cd27560 <unknown>\nE       #7 0x55a96cd08893 <unknown>\nE       #8 0x55a96ccd730d <unknown>\nE       #9 0x55a96ccd832e <unknown>\nE       #10 0x55a96d15100b <unknown>\nE       #11 0x55a96d154f97 <unknown>\nE       #12 0x55a96d13d71c <unknown>\nE       #13 0x55a96d155b17 <unknown>\nE       #14 0x55a96d1226cf <unknown>\nE       #15 0x55a96d1736b8 <unknown>\nE       #16 0x55a96d173880 <unknown>\nE       #17 0x55a96d183776 <unknown>\nE       #18 0x7f3708a9ca94 <unknown>\nE       #19 0x7f3708b29c3c <unknown>\n\n.venv/lib/python3.12/site-packages/selenium/webdriver/support/wait.py:105: TimeoutException","steps":[{"name":"Click Login link","time":{"start":1736818010639,"stop":1736818020947,"duration":10308},"status":"broken","statusMessage":"selenium.common.exceptions.TimeoutException: Message: \nStacktrace:\n#0 0x55a96d1848fa <unknown>\n#1 0x55a96cc95d20 <unknown>\n#2 0x55a96cce4a66 <unknown>\n#3 0x55a96cce4d01 <unknown>\n#4 0x55a96cd2a184 <unknown>\n#5 0x55a96cd08b1d <unknown>\n#6 0x55a96cd27560 <unknown>\n#7 0x55a96cd08893 <unknown>\n#8 0x55a96ccd730d <unknown>\n#9 0x55a96ccd832e <unknown>\n#10 0x55a96d15100b <unknown>\n#11 0x55a96d154f97 <unknown>\n#12 0x55a96d13d71c <unknown>\n#13 0x55a96d155b17 <unknown>\n#14 0x55a96d1226cf <unknown>\n#15 0x55a96d1736b8 <unknown>\n#16 0x55a96d173880 <unknown>\n#17 0x55a96d183776 <unknown>\n#18 0x7f3708a9ca94 <unknown>\n#19 0x7f3708b29c3c <unknown>\n\n","statusTrace":"  File \"/home/runner/work/Selenium-Python-Example/Selenium-Python-Example/.venv/lib/python3.12/site-packages/allure_commons/_allure.py\", line 192, in impl\n    return func(*a, **kw)\n           ^^^^^^^^^^^^^^\n  File \"/home/runner/work/Selenium-Python-Example/Selenium-Python-Example/pages/about_page.py\", line 20, in click_login_link\n    self.click(self.LOGIN_LINK)\n  File \"/home/runner/work/Selenium-Python-Example/Selenium-Python-Example/pages/base_page.py\", line 60, in click\n    el: WebElement = self.wait.until(\n                     ^^^^^^^^^^^^^^^^\n  File \"/home/runner/work/Selenium-Python-Example/Selenium-Python-Example/.venv/lib/python3.12/site-packages/selenium/webdriver/support/wait.py\", line 105, in until\n    raise TimeoutException(message, screen, stacktrace)\n","steps":[],"attachments":[],"parameters":[],"shouldDisplayMessage":true,"stepsCount":0,"attachmentsCount":0,"hasContent":true,"attachmentStep":false},{"name":"public ip address","time":{"start":1736818020964,"stop":1736818021029,"duration":65},"status":"passed","steps":[],"attachments":[{"uid":"ce6ec60867537ab4","name":"HTTP logs of http://checkip.amazonaws.com/","source":"ce6ec60867537ab4.txt","type":"text/plain","size":356}],"parameters":[],"shouldDisplayMessage":false,"stepsCount":0,"attachmentsCount":1,"hasContent":true,"attachmentStep":false}],"attachments":[{"uid":"93167a67ffb9b03","name":"Cookies","source":"93167a67ffb9b03.json","type":"application/json","size":3586},{"uid":"aa86f9226ad89fc","name":"Session Storage","source":"aa86f9226ad89fc.json","type":"application/json","size":359},{"uid":"c0c4c26a1e0b3ab8","name":"Local Storage","source":"c0c4c26a1e0b3ab8.json","type":"application/json","size":791},{"uid":"8b322b8a88edbdcc","name":"Console Logs","source":"8b322b8a88edbdcc.json","type":"application/json","size":236},{"uid":"ad17147ff309e4f","name":"Full Page Screenshot","source":"ad17147ff309e4f.png","type":"image/png","size":4099521},{"uid":"7b4c236b3388ab04","name":"URL","source":"7b4c236b3388ab04.uri","type":"text/uri-list","size":23},{"uid":"18a285b3457459e2","name":"Network Logs","source":"18a285b3457459e2.json","type":"application/json","size":5961466}],"parameters":[],"shouldDisplayMessage":true,"stepsCount":2,"attachmentsCount":8,"hasContent":true,"attachmentStep":false},"afterStages":[{"name":"session_request::0","time":{"start":1736818072406,"stop":1736818072406,"duration":0},"status":"passed","steps":[],"attachments":[],"parameters":[],"shouldDisplayMessage":false,"stepsCount":0,"attachmentsCount":0,"hasContent":false,"attachmentStep":false}],"labels":[{"name":"subSuite","value":"Custom sub suite"},{"name":"epic","value":"Security"},{"name":"parentSuite","value":"Custom parent suite"},{"name":"severity","value":"critical"},{"name":"story","value":"Forgot Password Feature's Functionality"},{"name":"suite","value":"Custom suite"},{"name":"tag","value":"security"},{"name":"host","value":"fv-az1689-947"},{"name":"thread","value":"2001-MainThread"},{"name":"framework","value":"pytest"},{"name":"language","value":"cpython3"},{"name":"package","value":"tests.forgot_password_test"},{"name":"resultFormat","value":"allure2"}],"parameters":[],"links":[{"name":"TESTCASE-2","url":"https://github.com/allure-examples/allure-examples/issues/2","type":"tms"},{"name":"ISSUE-1","url":"https://github.com/allure-examples/allure-examples/issues/1","type":"issue"},{"name":"Allure Examples","url":"https://github.com/allure-examples/","type":"link"}],"hidden":false,"retry":false,"extra":{"severity":"critical","retries":[],"categories":[{"name":"Test defects","matchedStatuses":[],"flaky":false}],"tags":["security"]},"source":"7481ddadb3c36302.json","parameterValues":[]}