{"uid":"3fe109dd7a279b2e","name":"Exception test","fullName":"tests.forgot_password_test.TestForgotPassword#test_expected_exception_on_page_title","historyId":"288cd0030c92ba34b4ff4b58ed8ec476","time":{"start":1704763009748,"stop":1704763020035,"duration":10287},"description":"Exception catching","descriptionHtml":"<p>Exception catching</p>\n","status":"broken","statusMessage":"selenium.common.exceptions.TimeoutException: Message: \nStacktrace:\n#0 0x55b0a8579d33 <unknown>\n#1 0x55b0a8236f87 <unknown>\n#2 0x55b0a8286c0e <unknown>\n#3 0x55b0a8286d11 <unknown>\n#4 0x55b0a82d2004 <unknown>\n#5 0x55b0a82b036d <unknown>\n#6 0x55b0a82cf297 <unknown>\n#7 0x55b0a82b00e3 <unknown>\n#8 0x55b0a8278044 <unknown>\n#9 0x55b0a827944e <unknown>\n#10 0x55b0a853e861 <unknown>\n#11 0x55b0a8542785 <unknown>\n#12 0x55b0a852c285 <unknown>\n#13 0x55b0a854341f <unknown>\n#14 0x55b0a851020f <unknown>\n#15 0x55b0a8567028 <unknown>\n#16 0x55b0a85671f7 <unknown>\n#17 0x55b0a8578ed4 <unknown>\n#18 0x7f4300294ac3 <unknown>","statusTrace":"self = <tests.forgot_password_test.TestForgotPassword object at 0x7fc2b567c2c0>\n\n    @allure.description(\"Exception catching\")\n    @allure.title(\"Exception test\")\n    @allure.link(\"https://github.com/allure-examples/\", name=\"Allure Examples\")\n    @allure.issue(\n        \"https://github.com/allure-examples/allure-examples/issues/1\", name=\"ISSUE-1\"\n    )\n    @allure.testcase(\n        \"https://github.com/allure-examples/allure-examples/issues/2\", name=\"TESTCASE-2\"\n    )\n    def test_expected_exception_on_page_title(self):\n>       self.about_page.click_login_link()\n\ntests/forgot_password_test.py:56: \n_ _ _ _ _ _ _ _ _ _ _ _ _ _ _ _ _ _ _ _ _ _ _ _ _ _ _ _ _ _ _ _ _ _ _ _ _ _ _ _ \npages/about_page.py:20: in click_login_link\n    self.click(self.LOGIN_LINK)\npages/base_page.py:60: in click\n    el: WebElement = self.wait.until(\n_ _ _ _ _ _ _ _ _ _ _ _ _ _ _ _ _ _ _ _ _ _ _ _ _ _ _ _ _ _ _ _ _ _ _ _ _ _ _ _ \n\nself = <selenium.webdriver.support.wait.WebDriverWait (session=\"bdaabbd583e796967365715536726629\")>\nmethod = <function element_to_be_clickable.<locals>._predicate at 0x7fc2b5609d00>\nmessage = ''\n\n    def until(self, method: Callable[[D], Union[Literal[False], T]], message: str = \"\") -> T:\n        \"\"\"Calls the method provided with the driver as an argument until the \\\n        return value does not evaluate to ``False``.\n    \n        :param method: callable(WebDriver)\n        :param message: optional message for :exc:`TimeoutException`\n        :returns: the result of the last call to `method`\n        :raises: :exc:`selenium.common.exceptions.TimeoutException` if timeout occurs\n        \"\"\"\n        screen = None\n        stacktrace = None\n    \n        end_time = time.monotonic() + self._timeout\n        while True:\n            try:\n                value = method(self._driver)\n                if value:\n                    return value\n            except self._ignored_exceptions as exc:\n                screen = getattr(exc, \"screen\", None)\n                stacktrace = getattr(exc, \"stacktrace\", None)\n            time.sleep(self._poll)\n            if time.monotonic() > end_time:\n                break\n>       raise TimeoutException(message, screen, stacktrace)\nE       selenium.common.exceptions.TimeoutException: Message: \nE       Stacktrace:\nE       #0 0x55b0a8579d33 <unknown>\nE       #1 0x55b0a8236f87 <unknown>\nE       #2 0x55b0a8286c0e <unknown>\nE       #3 0x55b0a8286d11 <unknown>\nE       #4 0x55b0a82d2004 <unknown>\nE       #5 0x55b0a82b036d <unknown>\nE       #6 0x55b0a82cf297 <unknown>\nE       #7 0x55b0a82b00e3 <unknown>\nE       #8 0x55b0a8278044 <unknown>\nE       #9 0x55b0a827944e <unknown>\nE       #10 0x55b0a853e861 <unknown>\nE       #11 0x55b0a8542785 <unknown>\nE       #12 0x55b0a852c285 <unknown>\nE       #13 0x55b0a854341f <unknown>\nE       #14 0x55b0a851020f <unknown>\nE       #15 0x55b0a8567028 <unknown>\nE       #16 0x55b0a85671f7 <unknown>\nE       #17 0x55b0a8578ed4 <unknown>\nE       #18 0x7f4300294ac3 <unknown>\n\n.venv/lib/python3.12/site-packages/selenium/webdriver/support/wait.py:105: TimeoutException","flaky":false,"newFailed":false,"newBroken":false,"newPassed":false,"retriesCount":0,"retriesStatusChange":false,"beforeStages":[{"name":"base_url","time":{"start":1704762813614,"stop":1704762813614,"duration":0},"status":"passed","steps":[],"attachments":[],"parameters":[],"shouldDisplayMessage":false,"stepsCount":0,"attachmentsCount":0,"hasContent":false,"attachmentStep":false},{"name":"_verify_url","time":{"start":1704762813614,"stop":1704762813614,"duration":0},"status":"passed","steps":[],"attachments":[],"parameters":[],"shouldDisplayMessage":false,"stepsCount":0,"attachmentsCount":0,"hasContent":false,"attachmentStep":false}],"testStage":{"description":"Exception catching","status":"broken","statusMessage":"selenium.common.exceptions.TimeoutException: Message: \nStacktrace:\n#0 0x55b0a8579d33 <unknown>\n#1 0x55b0a8236f87 <unknown>\n#2 0x55b0a8286c0e <unknown>\n#3 0x55b0a8286d11 <unknown>\n#4 0x55b0a82d2004 <unknown>\n#5 0x55b0a82b036d <unknown>\n#6 0x55b0a82cf297 <unknown>\n#7 0x55b0a82b00e3 <unknown>\n#8 0x55b0a8278044 <unknown>\n#9 0x55b0a827944e <unknown>\n#10 0x55b0a853e861 <unknown>\n#11 0x55b0a8542785 <unknown>\n#12 0x55b0a852c285 <unknown>\n#13 0x55b0a854341f <unknown>\n#14 0x55b0a851020f <unknown>\n#15 0x55b0a8567028 <unknown>\n#16 0x55b0a85671f7 <unknown>\n#17 0x55b0a8578ed4 <unknown>\n#18 0x7f4300294ac3 <unknown>","statusTrace":"self = <tests.forgot_password_test.TestForgotPassword object at 0x7fc2b567c2c0>\n\n    @allure.description(\"Exception catching\")\n    @allure.title(\"Exception test\")\n    @allure.link(\"https://github.com/allure-examples/\", name=\"Allure Examples\")\n    @allure.issue(\n        \"https://github.com/allure-examples/allure-examples/issues/1\", name=\"ISSUE-1\"\n    )\n    @allure.testcase(\n        \"https://github.com/allure-examples/allure-examples/issues/2\", name=\"TESTCASE-2\"\n    )\n    def test_expected_exception_on_page_title(self):\n>       self.about_page.click_login_link()\n\ntests/forgot_password_test.py:56: \n_ _ _ _ _ _ _ _ _ _ _ _ _ _ _ _ _ _ _ _ _ _ _ _ _ _ _ _ _ _ _ _ _ _ _ _ _ _ _ _ \npages/about_page.py:20: in click_login_link\n    self.click(self.LOGIN_LINK)\npages/base_page.py:60: in click\n    el: WebElement = self.wait.until(\n_ _ _ _ _ _ _ _ _ _ _ _ _ _ _ _ _ _ _ _ _ _ _ _ _ _ _ _ _ _ _ _ _ _ _ _ _ _ _ _ \n\nself = <selenium.webdriver.support.wait.WebDriverWait (session=\"bdaabbd583e796967365715536726629\")>\nmethod = <function element_to_be_clickable.<locals>._predicate at 0x7fc2b5609d00>\nmessage = ''\n\n    def until(self, method: Callable[[D], Union[Literal[False], T]], message: str = \"\") -> T:\n        \"\"\"Calls the method provided with the driver as an argument until the \\\n        return value does not evaluate to ``False``.\n    \n        :param method: callable(WebDriver)\n        :param message: optional message for :exc:`TimeoutException`\n        :returns: the result of the last call to `method`\n        :raises: :exc:`selenium.common.exceptions.TimeoutException` if timeout occurs\n        \"\"\"\n        screen = None\n        stacktrace = None\n    \n        end_time = time.monotonic() + self._timeout\n        while True:\n            try:\n                value = method(self._driver)\n                if value:\n                    return value\n            except self._ignored_exceptions as exc:\n                screen = getattr(exc, \"screen\", None)\n                stacktrace = getattr(exc, \"stacktrace\", None)\n            time.sleep(self._poll)\n            if time.monotonic() > end_time:\n                break\n>       raise TimeoutException(message, screen, stacktrace)\nE       selenium.common.exceptions.TimeoutException: Message: \nE       Stacktrace:\nE       #0 0x55b0a8579d33 <unknown>\nE       #1 0x55b0a8236f87 <unknown>\nE       #2 0x55b0a8286c0e <unknown>\nE       #3 0x55b0a8286d11 <unknown>\nE       #4 0x55b0a82d2004 <unknown>\nE       #5 0x55b0a82b036d <unknown>\nE       #6 0x55b0a82cf297 <unknown>\nE       #7 0x55b0a82b00e3 <unknown>\nE       #8 0x55b0a8278044 <unknown>\nE       #9 0x55b0a827944e <unknown>\nE       #10 0x55b0a853e861 <unknown>\nE       #11 0x55b0a8542785 <unknown>\nE       #12 0x55b0a852c285 <unknown>\nE       #13 0x55b0a854341f <unknown>\nE       #14 0x55b0a851020f <unknown>\nE       #15 0x55b0a8567028 <unknown>\nE       #16 0x55b0a85671f7 <unknown>\nE       #17 0x55b0a8578ed4 <unknown>\nE       #18 0x7f4300294ac3 <unknown>\n\n.venv/lib/python3.12/site-packages/selenium/webdriver/support/wait.py:105: TimeoutException","steps":[{"name":"Click Login link","time":{"start":1704763009748,"stop":1704763020035,"duration":10287},"status":"broken","statusMessage":"selenium.common.exceptions.TimeoutException: Message: \nStacktrace:\n#0 0x55b0a8579d33 <unknown>\n#1 0x55b0a8236f87 <unknown>\n#2 0x55b0a8286c0e <unknown>\n#3 0x55b0a8286d11 <unknown>\n#4 0x55b0a82d2004 <unknown>\n#5 0x55b0a82b036d <unknown>\n#6 0x55b0a82cf297 <unknown>\n#7 0x55b0a82b00e3 <unknown>\n#8 0x55b0a8278044 <unknown>\n#9 0x55b0a827944e <unknown>\n#10 0x55b0a853e861 <unknown>\n#11 0x55b0a8542785 <unknown>\n#12 0x55b0a852c285 <unknown>\n#13 0x55b0a854341f <unknown>\n#14 0x55b0a851020f <unknown>\n#15 0x55b0a8567028 <unknown>\n#16 0x55b0a85671f7 <unknown>\n#17 0x55b0a8578ed4 <unknown>\n#18 0x7f4300294ac3 <unknown>\n\n","statusTrace":"  File \"/home/runner/work/Selenium-Python-Example/Selenium-Python-Example/.venv/lib/python3.12/site-packages/allure_commons/_allure.py\", line 192, in impl\n    return func(*a, **kw)\n           ^^^^^^^^^^^^^^\n  File \"/home/runner/work/Selenium-Python-Example/Selenium-Python-Example/pages/about_page.py\", line 20, in click_login_link\n    self.click(self.LOGIN_LINK)\n  File \"/home/runner/work/Selenium-Python-Example/Selenium-Python-Example/pages/base_page.py\", line 60, in click\n    el: WebElement = self.wait.until(\n                     ^^^^^^^^^^^^^^^^\n  File \"/home/runner/work/Selenium-Python-Example/Selenium-Python-Example/.venv/lib/python3.12/site-packages/selenium/webdriver/support/wait.py\", line 105, in until\n    raise TimeoutException(message, screen, stacktrace)\n","steps":[],"attachments":[],"parameters":[],"shouldDisplayMessage":true,"stepsCount":0,"attachmentsCount":0,"hasContent":true,"attachmentStep":false}],"attachments":[{"uid":"6ab838b69307e135","name":"public ip address","source":"6ab838b69307e135.txt","type":"text/plain","size":12},{"uid":"f3727d39022bd802","name":"Cookies","source":"f3727d39022bd802.json","type":"application/json","size":4463},{"uid":"4b6e5fffedabe49b","name":"Session Storage","source":"4b6e5fffedabe49b.json","type":"application/json","size":358},{"uid":"2e441a423cd68d86","name":"Local Storage","source":"2e441a423cd68d86.json","type":"application/json","size":208},{"uid":"8675cf90f083d483","name":"Console Logs","source":"8675cf90f083d483.json","type":"application/json","size":2},{"uid":"25c051eb0fc781a","name":"Full Page Screenshot","source":"25c051eb0fc781a.png","type":"image/png","size":5667046},{"uid":"33ad7fecfe50909b","name":"URL","source":"33ad7fecfe50909b.uri","type":"text/uri-list","size":23},{"uid":"e51830159d71eaf6","name":"Network Logs","source":"e51830159d71eaf6.json","type":"application/json","size":856806}],"parameters":[],"shouldDisplayMessage":true,"stepsCount":1,"attachmentsCount":8,"hasContent":true,"attachmentStep":false},"afterStages":[],"labels":[{"name":"suite","value":"Custom suite"},{"name":"epic","value":"Security"},{"name":"severity","value":"critical"},{"name":"parentSuite","value":"Custom parent suite"},{"name":"subSuite","value":"Custom sub suite"},{"name":"story","value":"Forgot Password Feature's Functionality"},{"name":"tag","value":"security"},{"name":"host","value":"fv-az1501-788"},{"name":"thread","value":"2314-MainThread"},{"name":"framework","value":"pytest"},{"name":"language","value":"cpython3"},{"name":"package","value":"tests.forgot_password_test"},{"name":"resultFormat","value":"allure2"}],"parameters":[],"links":[{"name":"TESTCASE-2","url":"https://github.com/allure-examples/allure-examples/issues/2","type":"tms"},{"name":"ISSUE-1","url":"https://github.com/allure-examples/allure-examples/issues/1","type":"issue"},{"name":"Allure Examples","url":"https://github.com/allure-examples/","type":"link"}],"hidden":false,"retry":false,"extra":{"severity":"critical","retries":[],"categories":[{"name":"Test defects","matchedStatuses":[],"flaky":false}],"tags":["security"]},"source":"3fe109dd7a279b2e.json","parameterValues":[]}