{"uid":"8fe59fe64656639a","name":"Login with valid credentials test","fullName":"tests.login_test.TestLogin#test_valid_login","historyId":"18657c207d70aa57845e0b7f4751c290","time":{"start":1716513461432,"stop":1716513471773,"duration":10341},"description":"valid login","descriptionHtml":"<p>valid login</p>\n","status":"broken","statusMessage":"selenium.common.exceptions.TimeoutException: Message: \nStacktrace:\n#0 0x55dc90a41eca <unknown>\n#1 0x55dc9072b45c <unknown>\n#2 0x55dc907775b5 <unknown>\n#3 0x55dc90777671 <unknown>\n#4 0x55dc907bbf14 <unknown>\n#5 0x55dc9079a4dd <unknown>\n#6 0x55dc907b92cc <unknown>\n#7 0x55dc9079a253 <unknown>\n#8 0x55dc9076a1c7 <unknown>\n#9 0x55dc9076ab3e <unknown>\n#10 0x55dc90a0830b <unknown>\n#11 0x55dc90a0c3b7 <unknown>\n#12 0x55dc909f4e3e <unknown>\n#13 0x55dc90a0ce82 <unknown>\n#14 0x55dc909d97df <unknown>\n#15 0x55dc90a311b8 <unknown>\n#16 0x55dc90a3138b <unknown>\n#17 0x55dc90a40ffc <unknown>\n#18 0x7fb0e0c94ac3 <unknown>","statusTrace":"self = <tests.login_test.TestLogin object at 0x7f66ce774dd0>\ndata = Data(forgot_password=ForgotPassword(error_message=\"We can't find a user with that e-mail address.\", success_message='A...ct='Non Existing', page_title='My Workspace', project_name='test project', project_type='quiz', template_type='Blank'))\n\n    @allure.description(\"valid login\")\n    @allure.title(\"Login with valid credentials test\")\n    @allure.tag(\"Tagged test\")\n    @pytest.mark.flaky(reruns=1)\n    def test_valid_login(self, data: Data):\n        self.about_page.set_geo_location(30.3079823, -97.893803)\n>       self.about_page.click_login_link()\n\ntests/login_test.py:43: \n_ _ _ _ _ _ _ _ _ _ _ _ _ _ _ _ _ _ _ _ _ _ _ _ _ _ _ _ _ _ _ _ _ _ _ _ _ _ _ _ \npages/about_page.py:20: in click_login_link\n    self.click(self.LOGIN_LINK)\npages/base_page.py:60: in click\n    el: WebElement = self.wait.until(\n_ _ _ _ _ _ _ _ _ _ _ _ _ _ _ _ _ _ _ _ _ _ _ _ _ _ _ _ _ _ _ _ _ _ _ _ _ _ _ _ \n\nself = <selenium.webdriver.support.wait.WebDriverWait (session=\"933afe3c4cd992366c22bffcee6cf312\")>\nmethod = <function element_to_be_clickable.<locals>._predicate at 0x7f66cd9a87c0>\nmessage = ''\n\n    def until(self, method: Callable[[D], Union[Literal[False], T]], message: str = \"\") -> T:\n        \"\"\"Calls the method provided with the driver as an argument until the \\\n        return value does not evaluate to ``False``.\n    \n        :param method: callable(WebDriver)\n        :param message: optional message for :exc:`TimeoutException`\n        :returns: the result of the last call to `method`\n        :raises: :exc:`selenium.common.exceptions.TimeoutException` if timeout occurs\n        \"\"\"\n        screen = None\n        stacktrace = None\n    \n        end_time = time.monotonic() + self._timeout\n        while True:\n            try:\n                value = method(self._driver)\n                if value:\n                    return value\n            except self._ignored_exceptions as exc:\n                screen = getattr(exc, \"screen\", None)\n                stacktrace = getattr(exc, \"stacktrace\", None)\n            time.sleep(self._poll)\n            if time.monotonic() > end_time:\n                break\n>       raise TimeoutException(message, screen, stacktrace)\nE       selenium.common.exceptions.TimeoutException: Message: \nE       Stacktrace:\nE       #0 0x55dc90a41eca <unknown>\nE       #1 0x55dc9072b45c <unknown>\nE       #2 0x55dc907775b5 <unknown>\nE       #3 0x55dc90777671 <unknown>\nE       #4 0x55dc907bbf14 <unknown>\nE       #5 0x55dc9079a4dd <unknown>\nE       #6 0x55dc907b92cc <unknown>\nE       #7 0x55dc9079a253 <unknown>\nE       #8 0x55dc9076a1c7 <unknown>\nE       #9 0x55dc9076ab3e <unknown>\nE       #10 0x55dc90a0830b <unknown>\nE       #11 0x55dc90a0c3b7 <unknown>\nE       #12 0x55dc909f4e3e <unknown>\nE       #13 0x55dc90a0ce82 <unknown>\nE       #14 0x55dc909d97df <unknown>\nE       #15 0x55dc90a311b8 <unknown>\nE       #16 0x55dc90a3138b <unknown>\nE       #17 0x55dc90a40ffc <unknown>\nE       #18 0x7fb0e0c94ac3 <unknown>\n\n.venv/lib/python3.12/site-packages/selenium/webdriver/support/wait.py:105: TimeoutException","flaky":false,"newFailed":false,"newBroken":false,"newPassed":false,"retriesCount":0,"retriesStatusChange":false,"beforeStages":[],"testStage":{"description":"valid login","status":"broken","statusMessage":"selenium.common.exceptions.TimeoutException: Message: \nStacktrace:\n#0 0x55dc90a41eca <unknown>\n#1 0x55dc9072b45c <unknown>\n#2 0x55dc907775b5 <unknown>\n#3 0x55dc90777671 <unknown>\n#4 0x55dc907bbf14 <unknown>\n#5 0x55dc9079a4dd <unknown>\n#6 0x55dc907b92cc <unknown>\n#7 0x55dc9079a253 <unknown>\n#8 0x55dc9076a1c7 <unknown>\n#9 0x55dc9076ab3e <unknown>\n#10 0x55dc90a0830b <unknown>\n#11 0x55dc90a0c3b7 <unknown>\n#12 0x55dc909f4e3e <unknown>\n#13 0x55dc90a0ce82 <unknown>\n#14 0x55dc909d97df <unknown>\n#15 0x55dc90a311b8 <unknown>\n#16 0x55dc90a3138b <unknown>\n#17 0x55dc90a40ffc <unknown>\n#18 0x7fb0e0c94ac3 <unknown>","statusTrace":"self = <tests.login_test.TestLogin object at 0x7f66ce774dd0>\ndata = Data(forgot_password=ForgotPassword(error_message=\"We can't find a user with that e-mail address.\", success_message='A...ct='Non Existing', page_title='My Workspace', project_name='test project', project_type='quiz', template_type='Blank'))\n\n    @allure.description(\"valid login\")\n    @allure.title(\"Login with valid credentials test\")\n    @allure.tag(\"Tagged test\")\n    @pytest.mark.flaky(reruns=1)\n    def test_valid_login(self, data: Data):\n        self.about_page.set_geo_location(30.3079823, -97.893803)\n>       self.about_page.click_login_link()\n\ntests/login_test.py:43: \n_ _ _ _ _ _ _ _ _ _ _ _ _ _ _ _ _ _ _ _ _ _ _ _ _ _ _ _ _ _ _ _ _ _ _ _ _ _ _ _ \npages/about_page.py:20: in click_login_link\n    self.click(self.LOGIN_LINK)\npages/base_page.py:60: in click\n    el: WebElement = self.wait.until(\n_ _ _ _ _ _ _ _ _ _ _ _ _ _ _ _ _ _ _ _ _ _ _ _ _ _ _ _ _ _ _ _ _ _ _ _ _ _ _ _ \n\nself = <selenium.webdriver.support.wait.WebDriverWait (session=\"933afe3c4cd992366c22bffcee6cf312\")>\nmethod = <function element_to_be_clickable.<locals>._predicate at 0x7f66cd9a87c0>\nmessage = ''\n\n    def until(self, method: Callable[[D], Union[Literal[False], T]], message: str = \"\") -> T:\n        \"\"\"Calls the method provided with the driver as an argument until the \\\n        return value does not evaluate to ``False``.\n    \n        :param method: callable(WebDriver)\n        :param message: optional message for :exc:`TimeoutException`\n        :returns: the result of the last call to `method`\n        :raises: :exc:`selenium.common.exceptions.TimeoutException` if timeout occurs\n        \"\"\"\n        screen = None\n        stacktrace = None\n    \n        end_time = time.monotonic() + self._timeout\n        while True:\n            try:\n                value = method(self._driver)\n                if value:\n                    return value\n            except self._ignored_exceptions as exc:\n                screen = getattr(exc, \"screen\", None)\n                stacktrace = getattr(exc, \"stacktrace\", None)\n            time.sleep(self._poll)\n            if time.monotonic() > end_time:\n                break\n>       raise TimeoutException(message, screen, stacktrace)\nE       selenium.common.exceptions.TimeoutException: Message: \nE       Stacktrace:\nE       #0 0x55dc90a41eca <unknown>\nE       #1 0x55dc9072b45c <unknown>\nE       #2 0x55dc907775b5 <unknown>\nE       #3 0x55dc90777671 <unknown>\nE       #4 0x55dc907bbf14 <unknown>\nE       #5 0x55dc9079a4dd <unknown>\nE       #6 0x55dc907b92cc <unknown>\nE       #7 0x55dc9079a253 <unknown>\nE       #8 0x55dc9076a1c7 <unknown>\nE       #9 0x55dc9076ab3e <unknown>\nE       #10 0x55dc90a0830b <unknown>\nE       #11 0x55dc90a0c3b7 <unknown>\nE       #12 0x55dc909f4e3e <unknown>\nE       #13 0x55dc90a0ce82 <unknown>\nE       #14 0x55dc909d97df <unknown>\nE       #15 0x55dc90a311b8 <unknown>\nE       #16 0x55dc90a3138b <unknown>\nE       #17 0x55dc90a40ffc <unknown>\nE       #18 0x7fb0e0c94ac3 <unknown>\n\n.venv/lib/python3.12/site-packages/selenium/webdriver/support/wait.py:105: TimeoutException","steps":[{"name":"Click Login link","time":{"start":1716513461436,"stop":1716513471772,"duration":10336},"status":"broken","statusMessage":"selenium.common.exceptions.TimeoutException: Message: \nStacktrace:\n#0 0x55dc90a41eca <unknown>\n#1 0x55dc9072b45c <unknown>\n#2 0x55dc907775b5 <unknown>\n#3 0x55dc90777671 <unknown>\n#4 0x55dc907bbf14 <unknown>\n#5 0x55dc9079a4dd <unknown>\n#6 0x55dc907b92cc <unknown>\n#7 0x55dc9079a253 <unknown>\n#8 0x55dc9076a1c7 <unknown>\n#9 0x55dc9076ab3e <unknown>\n#10 0x55dc90a0830b <unknown>\n#11 0x55dc90a0c3b7 <unknown>\n#12 0x55dc909f4e3e <unknown>\n#13 0x55dc90a0ce82 <unknown>\n#14 0x55dc909d97df <unknown>\n#15 0x55dc90a311b8 <unknown>\n#16 0x55dc90a3138b <unknown>\n#17 0x55dc90a40ffc <unknown>\n#18 0x7fb0e0c94ac3 <unknown>\n\n","statusTrace":"  File \"/home/runner/work/Selenium-Python-Example/Selenium-Python-Example/.venv/lib/python3.12/site-packages/allure_commons/_allure.py\", line 192, in impl\n    return func(*a, **kw)\n           ^^^^^^^^^^^^^^\n  File \"/home/runner/work/Selenium-Python-Example/Selenium-Python-Example/pages/about_page.py\", line 20, in click_login_link\n    self.click(self.LOGIN_LINK)\n  File \"/home/runner/work/Selenium-Python-Example/Selenium-Python-Example/pages/base_page.py\", line 60, in click\n    el: WebElement = self.wait.until(\n                     ^^^^^^^^^^^^^^^^\n  File \"/home/runner/work/Selenium-Python-Example/Selenium-Python-Example/.venv/lib/python3.12/site-packages/selenium/webdriver/support/wait.py\", line 105, in until\n    raise TimeoutException(message, screen, stacktrace)\n","steps":[],"attachments":[],"parameters":[],"shouldDisplayMessage":true,"stepsCount":0,"attachmentsCount":0,"hasContent":true,"attachmentStep":false},{"name":"public ip address","time":{"start":1716513471783,"stop":1716513471801,"duration":18},"status":"passed","steps":[],"attachments":[{"uid":"577c37454c40b6e9","name":"HTTP logs of http://checkip.amazonaws.com/","source":"577c37454c40b6e9.txt","type":"text/plain","size":356}],"parameters":[],"shouldDisplayMessage":false,"stepsCount":0,"attachmentsCount":1,"hasContent":true,"attachmentStep":false}],"attachments":[{"uid":"fb19b8654dace6ea","name":"Cookies","source":"fb19b8654dace6ea.json","type":"application/json","size":3637},{"uid":"aa0bd1ea4ed1e86b","name":"Session Storage","source":"aa0bd1ea4ed1e86b.json","type":"application/json","size":359},{"uid":"7c613f4b4bc0ba2","name":"Local Storage","source":"7c613f4b4bc0ba2.json","type":"application/json","size":294},{"uid":"25d0fc5ac1a8fdc6","name":"Console Logs","source":"25d0fc5ac1a8fdc6.json","type":"application/json","size":6729},{"uid":"6ff4766005dc0905","name":"Full Page Screenshot","source":"6ff4766005dc0905.png","type":"image/png","size":5696115},{"uid":"389e5485b56080c0","name":"URL","source":"389e5485b56080c0.uri","type":"text/uri-list","size":23},{"uid":"bef783496cee079f","name":"Network Logs","source":"bef783496cee079f.json","type":"application/json","size":868057}],"parameters":[],"shouldDisplayMessage":true,"stepsCount":2,"attachmentsCount":8,"hasContent":true,"attachmentStep":false},"afterStages":[],"labels":[{"name":"epic","value":"Security"},{"name":"severity","value":"blocker"},{"name":"feature","value":"Login"},{"name":"tag","value":"Tagged test"},{"name":"tag","value":"flaky(reruns=1)"},{"name":"tag","value":"security"},{"name":"parentSuite","value":"tests"},{"name":"suite","value":"login_test"},{"name":"subSuite","value":"TestLogin"},{"name":"host","value":"fv-az661-983"},{"name":"thread","value":"2426-MainThread"},{"name":"framework","value":"pytest"},{"name":"language","value":"cpython3"},{"name":"package","value":"tests.login_test"},{"name":"resultFormat","value":"allure2"}],"parameters":[],"links":[],"hidden":true,"retry":true,"extra":{"categories":[],"tags":["security","Tagged test","flaky(reruns=1)"]},"source":"8fe59fe64656639a.json","parameterValues":[]}