{"uid":"7ffa782ce26fe35a","name":"Cancel a project deletion","fullName":"tests.test_workspaces.TestWorkspaces#test_cancel_project_deletion","historyId":"c106d6e58d8aebc970792dc5f0640d00","time":{"start":1682696285536,"stop":1682696295824,"duration":10288},"description":"Cancel project deletion","descriptionHtml":"<p>Cancel project deletion</p>\n","status":"broken","statusMessage":"selenium.common.exceptions.TimeoutException: Message: \nStacktrace:\n#0 0x558e2098cfe3 <unknown>\n#1 0x558e206cbd36 <unknown>\n#2 0x558e20708c4d <unknown>\n#3 0x558e20708d61 <unknown>\n#4 0x558e207446a4 <unknown>\n#5 0x558e207298ed <unknown>\n#6 0x558e20742232 <unknown>\n#7 0x558e20729693 <unknown>\n#8 0x558e206fc03a <unknown>\n#9 0x558e206fd17e <unknown>\n#10 0x558e2094edbd <unknown>\n#11 0x558e20952c6c <unknown>\n#12 0x558e2095c4b0 <unknown>\n#13 0x558e20953d63 <unknown>\n#14 0x558e20926c35 <unknown>\n#15 0x558e20977138 <unknown>\n#16 0x558e209772c7 <unknown>\n#17 0x558e20985093 <unknown>\n#18 0x7f643504ab43 <unknown>","statusTrace":"self = <tests.test_workspaces.TestWorkspaces object at 0x7f24cd00cf40>\njson_reader = <utils.json_parser.JsonParser object at 0x7f24cd00d720>\nini_reader = <utils.config_parser.ConfigParserIni object at 0x7f24cd00c850>\n\n    @allure.description(\"Cancel project deletion\")\n    @allure.title(\"Cancel a project deletion\")\n    @pytest.mark.run(order=8)\n    def test_cancel_project_deletion(self, json_reader, ini_reader):\n        about_page = AboutPage(self.driver)\n        login_page = LoginPage(self.driver)\n>       login(ini_reader, about_page, login_page)\n\ntests/test_workspaces.py:137: \n_ _ _ _ _ _ _ _ _ _ _ _ _ _ _ _ _ _ _ _ _ _ _ _ _ _ _ _ _ _ _ _ _ _ _ _ _ _ _ _ \ntests/test_workspaces.py:20: in login\n    about_page.click_login_link()\npages/about_page.py:17: in click_login_link\n    self.click(self.LOGIN_LINK)\npages/base_page.py:17: in click\n    el: WebElement = self._wait.until(expected_conditions.element_to_be_clickable(webelement))\n_ _ _ _ _ _ _ _ _ _ _ _ _ _ _ _ _ _ _ _ _ _ _ _ _ _ _ _ _ _ _ _ _ _ _ _ _ _ _ _ \n\nself = <selenium.webdriver.support.wait.WebDriverWait (session=\"bee8c977c38a91ae547f85a5cdfe736b\")>\nmethod = <function element_to_be_clickable.<locals>._predicate at 0x7f24cd07f250>\nmessage = ''\n\n    def until(self, method, message: str = \"\"):\n        \"\"\"Calls the method provided with the driver as an argument until the \\\n        return value does not evaluate to ``False``.\n    \n        :param method: callable(WebDriver)\n        :param message: optional message for :exc:`TimeoutException`\n        :returns: the result of the last call to `method`\n        :raises: :exc:`selenium.common.exceptions.TimeoutException` if timeout occurs\n        \"\"\"\n        screen = None\n        stacktrace = None\n    \n        end_time = time.monotonic() + self._timeout\n        while True:\n            try:\n                value = method(self._driver)\n                if value:\n                    return value\n            except self._ignored_exceptions as exc:\n                screen = getattr(exc, \"screen\", None)\n                stacktrace = getattr(exc, \"stacktrace\", None)\n            time.sleep(self._poll)\n            if time.monotonic() > end_time:\n                break\n>       raise TimeoutException(message, screen, stacktrace)\nE       selenium.common.exceptions.TimeoutException: Message: \nE       Stacktrace:\nE       #0 0x558e2098cfe3 <unknown>\nE       #1 0x558e206cbd36 <unknown>\nE       #2 0x558e20708c4d <unknown>\nE       #3 0x558e20708d61 <unknown>\nE       #4 0x558e207446a4 <unknown>\nE       #5 0x558e207298ed <unknown>\nE       #6 0x558e20742232 <unknown>\nE       #7 0x558e20729693 <unknown>\nE       #8 0x558e206fc03a <unknown>\nE       #9 0x558e206fd17e <unknown>\nE       #10 0x558e2094edbd <unknown>\nE       #11 0x558e20952c6c <unknown>\nE       #12 0x558e2095c4b0 <unknown>\nE       #13 0x558e20953d63 <unknown>\nE       #14 0x558e20926c35 <unknown>\nE       #15 0x558e20977138 <unknown>\nE       #16 0x558e209772c7 <unknown>\nE       #17 0x558e20985093 <unknown>\nE       #18 0x7f643504ab43 <unknown>\n\n/opt/hostedtoolcache/Python/3.10.11/x64/lib/python3.10/site-packages/selenium/webdriver/support/wait.py:95: TimeoutException","flaky":false,"newFailed":false,"newBroken":false,"newPassed":false,"retriesCount":0,"retriesStatusChange":false,"beforeStages":[{"name":"json_reader","time":{"start":1682696090381,"stop":1682696090381,"duration":0},"status":"passed","steps":[],"attachments":[],"parameters":[],"attachmentsCount":0,"shouldDisplayMessage":false,"hasContent":false,"stepsCount":0},{"name":"ini_reader","time":{"start":1682696090382,"stop":1682696090382,"duration":0},"status":"passed","steps":[],"attachments":[],"parameters":[],"attachmentsCount":0,"shouldDisplayMessage":false,"hasContent":false,"stepsCount":0},{"name":"create_driver","time":{"start":1682696281633,"stop":1682696285536,"duration":3903},"status":"passed","steps":[],"attachments":[],"parameters":[],"attachmentsCount":0,"shouldDisplayMessage":false,"hasContent":false,"stepsCount":0}],"testStage":{"description":"Cancel project deletion","status":"broken","statusMessage":"selenium.common.exceptions.TimeoutException: Message: \nStacktrace:\n#0 0x558e2098cfe3 <unknown>\n#1 0x558e206cbd36 <unknown>\n#2 0x558e20708c4d <unknown>\n#3 0x558e20708d61 <unknown>\n#4 0x558e207446a4 <unknown>\n#5 0x558e207298ed <unknown>\n#6 0x558e20742232 <unknown>\n#7 0x558e20729693 <unknown>\n#8 0x558e206fc03a <unknown>\n#9 0x558e206fd17e <unknown>\n#10 0x558e2094edbd <unknown>\n#11 0x558e20952c6c <unknown>\n#12 0x558e2095c4b0 <unknown>\n#13 0x558e20953d63 <unknown>\n#14 0x558e20926c35 <unknown>\n#15 0x558e20977138 <unknown>\n#16 0x558e209772c7 <unknown>\n#17 0x558e20985093 <unknown>\n#18 0x7f643504ab43 <unknown>","statusTrace":"self = <tests.test_workspaces.TestWorkspaces object at 0x7f24cd00cf40>\njson_reader = <utils.json_parser.JsonParser object at 0x7f24cd00d720>\nini_reader = <utils.config_parser.ConfigParserIni object at 0x7f24cd00c850>\n\n    @allure.description(\"Cancel project deletion\")\n    @allure.title(\"Cancel a project deletion\")\n    @pytest.mark.run(order=8)\n    def test_cancel_project_deletion(self, json_reader, ini_reader):\n        about_page = AboutPage(self.driver)\n        login_page = LoginPage(self.driver)\n>       login(ini_reader, about_page, login_page)\n\ntests/test_workspaces.py:137: \n_ _ _ _ _ _ _ _ _ _ _ _ _ _ _ _ _ _ _ _ _ _ _ _ _ _ _ _ _ _ _ _ _ _ _ _ _ _ _ _ \ntests/test_workspaces.py:20: in login\n    about_page.click_login_link()\npages/about_page.py:17: in click_login_link\n    self.click(self.LOGIN_LINK)\npages/base_page.py:17: in click\n    el: WebElement = self._wait.until(expected_conditions.element_to_be_clickable(webelement))\n_ _ _ _ _ _ _ _ _ _ _ _ _ _ _ _ _ _ _ _ _ _ _ _ _ _ _ _ _ _ _ _ _ _ _ _ _ _ _ _ \n\nself = <selenium.webdriver.support.wait.WebDriverWait (session=\"bee8c977c38a91ae547f85a5cdfe736b\")>\nmethod = <function element_to_be_clickable.<locals>._predicate at 0x7f24cd07f250>\nmessage = ''\n\n    def until(self, method, message: str = \"\"):\n        \"\"\"Calls the method provided with the driver as an argument until the \\\n        return value does not evaluate to ``False``.\n    \n        :param method: callable(WebDriver)\n        :param message: optional message for :exc:`TimeoutException`\n        :returns: the result of the last call to `method`\n        :raises: :exc:`selenium.common.exceptions.TimeoutException` if timeout occurs\n        \"\"\"\n        screen = None\n        stacktrace = None\n    \n        end_time = time.monotonic() + self._timeout\n        while True:\n            try:\n                value = method(self._driver)\n                if value:\n                    return value\n            except self._ignored_exceptions as exc:\n                screen = getattr(exc, \"screen\", None)\n                stacktrace = getattr(exc, \"stacktrace\", None)\n            time.sleep(self._poll)\n            if time.monotonic() > end_time:\n                break\n>       raise TimeoutException(message, screen, stacktrace)\nE       selenium.common.exceptions.TimeoutException: Message: \nE       Stacktrace:\nE       #0 0x558e2098cfe3 <unknown>\nE       #1 0x558e206cbd36 <unknown>\nE       #2 0x558e20708c4d <unknown>\nE       #3 0x558e20708d61 <unknown>\nE       #4 0x558e207446a4 <unknown>\nE       #5 0x558e207298ed <unknown>\nE       #6 0x558e20742232 <unknown>\nE       #7 0x558e20729693 <unknown>\nE       #8 0x558e206fc03a <unknown>\nE       #9 0x558e206fd17e <unknown>\nE       #10 0x558e2094edbd <unknown>\nE       #11 0x558e20952c6c <unknown>\nE       #12 0x558e2095c4b0 <unknown>\nE       #13 0x558e20953d63 <unknown>\nE       #14 0x558e20926c35 <unknown>\nE       #15 0x558e20977138 <unknown>\nE       #16 0x558e209772c7 <unknown>\nE       #17 0x558e20985093 <unknown>\nE       #18 0x7f643504ab43 <unknown>\n\n/opt/hostedtoolcache/Python/3.10.11/x64/lib/python3.10/site-packages/selenium/webdriver/support/wait.py:95: TimeoutException","steps":[{"name":"Click Login link","time":{"start":1682696285537,"stop":1682696295823,"duration":10286},"status":"broken","statusMessage":"selenium.common.exceptions.TimeoutException: Message: \nStacktrace:\n#0 0x558e2098cfe3 <unknown>\n#1 0x558e206cbd36 <unknown>\n#2 0x558e20708c4d <unknown>\n#3 0x558e20708d61 <unknown>\n#4 0x558e207446a4 <unknown>\n#5 0x558e207298ed <unknown>\n#6 0x558e20742232 <unknown>\n#7 0x558e20729693 <unknown>\n#8 0x558e206fc03a <unknown>\n#9 0x558e206fd17e <unknown>\n#10 0x558e2094edbd <unknown>\n#11 0x558e20952c6c <unknown>\n#12 0x558e2095c4b0 <unknown>\n#13 0x558e20953d63 <unknown>\n#14 0x558e20926c35 <unknown>\n#15 0x558e20977138 <unknown>\n#16 0x558e209772c7 <unknown>\n#17 0x558e20985093 <unknown>\n#18 0x7f643504ab43 <unknown>\n\n","statusTrace":"  File \"/opt/hostedtoolcache/Python/3.10.11/x64/lib/python3.10/site-packages/allure_commons/_allure.py\", line 192, in impl\n    return func(*a, **kw)\n  File \"/home/runner/work/Selenium-Python-Example/Selenium-Python-Example/pages/about_page.py\", line 17, in click_login_link\n    self.click(self.LOGIN_LINK)\n  File \"/home/runner/work/Selenium-Python-Example/Selenium-Python-Example/pages/base_page.py\", line 17, in click\n    el: WebElement = self._wait.until(expected_conditions.element_to_be_clickable(webelement))\n  File \"/opt/hostedtoolcache/Python/3.10.11/x64/lib/python3.10/site-packages/selenium/webdriver/support/wait.py\", line 95, in until\n    raise TimeoutException(message, screen, stacktrace)\n","steps":[],"attachments":[],"parameters":[],"attachmentsCount":0,"shouldDisplayMessage":true,"hasContent":true,"stepsCount":0}],"attachments":[{"uid":"e92451ee9072beca","name":"Full Page Screenshot","source":"e92451ee9072beca.png","type":"image/png","size":2646979},{"uid":"63abb9ae32f08561","name":"URL","source":"63abb9ae32f08561.uri","type":"text/uri-list","size":23},{"uid":"7bba331741f35f28","name":"public ip address","source":"7bba331741f35f28.txt","type":"text/plain","size":13},{"uid":"75a5dde3562b3c03","name":"Cookies","source":"75a5dde3562b3c03.json","type":"application/json","size":3524},{"uid":"fa131d8d136856d4","name":"Session Storage","source":"fa131d8d136856d4.json","type":"application/json","size":2},{"uid":"c24be2d17c3c5b65","name":"Local Storage","source":"c24be2d17c3c5b65.json","type":"application/json","size":1400},{"uid":"529ac300b2c8c5a6","name":"Console Logs","source":"529ac300b2c8c5a6.json","type":"application/json","size":5314},{"uid":"e280e3150e590a0","name":"Network Logs","source":"e280e3150e590a0.json","type":"application/json","size":85000}],"parameters":[],"attachmentsCount":8,"shouldDisplayMessage":true,"hasContent":true,"stepsCount":1},"afterStages":[{"name":"create_driver::0","time":{"start":1682696298771,"stop":1682696298836,"duration":65},"status":"passed","steps":[],"attachments":[],"parameters":[],"attachmentsCount":0,"shouldDisplayMessage":false,"hasContent":false,"stepsCount":0}],"labels":[{"name":"severity","value":"normal"},{"name":"epic","value":"Workspaces"},{"name":"story","value":"WorkSpaces Creation and Editing Functionality"},{"name":"tag","value":"run(order=8)"},{"name":"parentSuite","value":"tests"},{"name":"suite","value":"test_workspaces"},{"name":"subSuite","value":"TestWorkspaces"},{"name":"host","value":"fv-az620-293"},{"name":"thread","value":"2262-MainThread"},{"name":"framework","value":"pytest"},{"name":"language","value":"cpython3"},{"name":"package","value":"tests.test_workspaces"},{"name":"resultFormat","value":"allure2"}],"parameters":[],"links":[],"hidden":false,"retry":false,"extra":{"severity":"normal","retries":[],"categories":[{"name":"Test defects","matchedStatuses":[],"flaky":false}],"tags":["run(order=8)"]},"source":"7ffa782ce26fe35a.json","parameterValues":[]}