{"uid":"c81ec8e754d29237","name":"Search for non existing project","fullName":"tests.workspaces_test.TestWorkspaces#test_search_for_non_existing_project","historyId":"ed697c69c4643fc2c746342bc96c6608","time":{"start":1738460444520,"stop":1738460444520,"duration":0},"description":"Search for a non existing project","descriptionHtml":"<p>Search for a non existing project</p>\n","status":"broken","statusMessage":"selenium.common.exceptions.TimeoutException: Message: \nStacktrace:\n#0 0x55d09d802dca <unknown>\n#1 0x55d09d2f93f0 <unknown>\n#2 0x55d09d34910c <unknown>\n#3 0x55d09d349331 <unknown>\n#4 0x55d09d38f154 <unknown>\n#5 0x55d09d36dabd <unknown>\n#6 0x55d09d38c4b3 <unknown>\n#7 0x55d09d36d833 <unknown>\n#8 0x55d09d33a5a0 <unknown>\n#9 0x55d09d33bece <unknown>\n#10 0x55d09d7ccbdb <unknown>\n#11 0x55d09d7d0b67 <unknown>\n#12 0x55d09d7b83bc <unknown>\n#13 0x55d09d7d1727 <unknown>\n#14 0x55d09d79c74f <unknown>\n#15 0x55d09d7f1938 <unknown>\n#16 0x55d09d7f1b00 <unknown>\n#17 0x55d09d801c46 <unknown>\n#18 0x7f71dde9ca94 <unknown>\n#19 0x7f71ddf29c3c <unknown>","statusTrace":"self = <tests.workspaces_test.TestWorkspaces object at 0x7fb854812960>\n\n    @pytest.fixture(autouse=True)\n    def setup_method_fixture(self):\n>       login(self.about_page, self.login_page)\n\ntests/workspaces_test.py:25: \n_ _ _ _ _ _ _ _ _ _ _ _ _ _ _ _ _ _ _ _ _ _ _ _ _ _ _ _ _ _ _ _ _ _ _ _ _ _ _ _ \ntests/workspaces_test.py:15: in login\n    about_page.click_login_link()\npages/about_page.py:20: in click_login_link\n    self.click(self.LOGIN_LINK)\npages/base_page.py:60: in click\n    el: WebElement = self.wait.until(\n_ _ _ _ _ _ _ _ _ _ _ _ _ _ _ _ _ _ _ _ _ _ _ _ _ _ _ _ _ _ _ _ _ _ _ _ _ _ _ _ \n\nself = <selenium.webdriver.support.wait.WebDriverWait (session=\"38a308cbe837e37964995ce9abf99425\")>\nmethod = <function element_to_be_clickable.<locals>._predicate at 0x7fb854678d60>\nmessage = ''\n\n    def until(self, method: Callable[[D], Union[Literal[False], T]], message: str = \"\") -> T:\n        \"\"\"Wait until the method returns a value that is not False.\n    \n        Calls the method provided with the driver as an argument until the\n        return value does not evaluate to ``False``.\n    \n        Parameters:\n        ----------\n        method: callable(WebDriver)\n            - A callable object that takes a WebDriver instance as an argument.\n    \n        message: str\n            - Optional message for :exc:`TimeoutException`\n    \n        Return:\n        -------\n        object: T\n            - The result of the last call to `method`\n    \n        Raises:\n        -------\n        TimeoutException\n            - If 'method' does not return a truthy value within the WebDriverWait\n            object's timeout\n    \n        Example:\n        --------\n        >>> from selenium.webdriver.common.by import By\n        >>> from selenium.webdriver.support.ui import WebDriverWait\n        >>> from selenium.webdriver.support import expected_conditions as EC\n    \n        # Wait until an element is visible on the page\n        >>> wait = WebDriverWait(driver, 10)\n        >>> element = wait.until(EC.visibility_of_element_located((By.ID, \"exampleId\")))\n        >>> print(element.text)\n        \"\"\"\n        screen = None\n        stacktrace = None\n    \n        end_time = time.monotonic() + self._timeout\n        while True:\n            try:\n                value = method(self._driver)\n                if value:\n                    return value\n            except self._ignored_exceptions as exc:\n                screen = getattr(exc, \"screen\", None)\n                stacktrace = getattr(exc, \"stacktrace\", None)\n            if time.monotonic() > end_time:\n                break\n            time.sleep(self._poll)\n>       raise TimeoutException(message, screen, stacktrace)\nE       selenium.common.exceptions.TimeoutException: Message: \nE       Stacktrace:\nE       #0 0x55d09d802dca <unknown>\nE       #1 0x55d09d2f93f0 <unknown>\nE       #2 0x55d09d34910c <unknown>\nE       #3 0x55d09d349331 <unknown>\nE       #4 0x55d09d38f154 <unknown>\nE       #5 0x55d09d36dabd <unknown>\nE       #6 0x55d09d38c4b3 <unknown>\nE       #7 0x55d09d36d833 <unknown>\nE       #8 0x55d09d33a5a0 <unknown>\nE       #9 0x55d09d33bece <unknown>\nE       #10 0x55d09d7ccbdb <unknown>\nE       #11 0x55d09d7d0b67 <unknown>\nE       #12 0x55d09d7b83bc <unknown>\nE       #13 0x55d09d7d1727 <unknown>\nE       #14 0x55d09d79c74f <unknown>\nE       #15 0x55d09d7f1938 <unknown>\nE       #16 0x55d09d7f1b00 <unknown>\nE       #17 0x55d09d801c46 <unknown>\nE       #18 0x7f71dde9ca94 <unknown>\nE       #19 0x7f71ddf29c3c <unknown>\n\n.venv/lib/python3.12/site-packages/selenium/webdriver/support/wait.py:146: TimeoutException","flaky":false,"newFailed":false,"newBroken":false,"newPassed":false,"retriesCount":0,"retriesStatusChange":false,"beforeStages":[{"name":"base_url","time":{"start":1738460323200,"stop":1738460323200,"duration":0},"status":"passed","steps":[],"attachments":[],"parameters":[],"shouldDisplayMessage":false,"stepsCount":0,"attachmentsCount":0,"hasContent":false,"attachmentStep":false},{"name":"data","time":{"start":1738460323200,"stop":1738460323201,"duration":1},"status":"passed","steps":[],"attachments":[],"parameters":[],"shouldDisplayMessage":false,"stepsCount":0,"attachmentsCount":0,"hasContent":false,"attachmentStep":false},{"name":"session_request","time":{"start":1738460323200,"stop":1738460323200,"duration":0},"status":"passed","steps":[],"attachments":[],"parameters":[],"shouldDisplayMessage":false,"stepsCount":0,"attachmentsCount":0,"hasContent":false,"attachmentStep":false},{"name":"_verify_url","time":{"start":1738460323200,"stop":1738460323200,"duration":0},"status":"passed","steps":[],"attachments":[],"parameters":[],"shouldDisplayMessage":false,"stepsCount":0,"attachmentsCount":0,"hasContent":false,"attachmentStep":false},{"name":"setup_method_fixture","time":{"start":1738460446552,"stop":1738460456662,"duration":10110},"status":"broken","statusMessage":"selenium.common.exceptions.TimeoutException: Message: \nStacktrace:\n#0 0x55d09d802dca <unknown>\n#1 0x55d09d2f93f0 <unknown>\n#2 0x55d09d34910c <unknown>\n#3 0x55d09d349331 <unknown>\n#4 0x55d09d38f154 <unknown>\n#5 0x55d09d36dabd <unknown>\n#6 0x55d09d38c4b3 <unknown>\n#7 0x55d09d36d833 <unknown>\n#8 0x55d09d33a5a0 <unknown>\n#9 0x55d09d33bece <unknown>\n#10 0x55d09d7ccbdb <unknown>\n#11 0x55d09d7d0b67 <unknown>\n#12 0x55d09d7b83bc <unknown>\n#13 0x55d09d7d1727 <unknown>\n#14 0x55d09d79c74f <unknown>\n#15 0x55d09d7f1938 <unknown>\n#16 0x55d09d7f1b00 <unknown>\n#17 0x55d09d801c46 <unknown>\n#18 0x7f71dde9ca94 <unknown>\n#19 0x7f71ddf29c3c <unknown>\n\n","statusTrace":"  File \"/home/runner/work/Selenium-Python-Example/Selenium-Python-Example/.venv/lib/python3.12/site-packages/pluggy/_callers.py\", line 167, in _multicall\n    teardown.throw(outcome._exception)\n  File \"/home/runner/work/Selenium-Python-Example/Selenium-Python-Example/.venv/lib/python3.12/site-packages/_pytest/setuponly.py\", line 36, in pytest_fixture_setup\n    return (yield)\n            ^^^^^\n  File \"/home/runner/work/Selenium-Python-Example/Selenium-Python-Example/.venv/lib/python3.12/site-packages/pluggy/_callers.py\", line 103, in _multicall\n    res = hook_impl.function(*args)\n          ^^^^^^^^^^^^^^^^^^^^^^^^^\n  File \"/home/runner/work/Selenium-Python-Example/Selenium-Python-Example/.venv/lib/python3.12/site-packages/_pytest/fixtures.py\", line 1140, in pytest_fixture_setup\n    result = call_fixture_func(fixturefunc, request, kwargs)\n             ^^^^^^^^^^^^^^^^^^^^^^^^^^^^^^^^^^^^^^^^^^^^^^^\n  File \"/home/runner/work/Selenium-Python-Example/Selenium-Python-Example/.venv/lib/python3.12/site-packages/_pytest/fixtures.py\", line 898, in call_fixture_func\n    fixture_result = fixturefunc(**kwargs)\n                     ^^^^^^^^^^^^^^^^^^^^^\n  File \"/home/runner/work/Selenium-Python-Example/Selenium-Python-Example/tests/workspaces_test.py\", line 25, in setup_method_fixture\n    login(self.about_page, self.login_page)\n  File \"/home/runner/work/Selenium-Python-Example/Selenium-Python-Example/tests/workspaces_test.py\", line 15, in login\n    about_page.click_login_link()\n  File \"/home/runner/work/Selenium-Python-Example/Selenium-Python-Example/.venv/lib/python3.12/site-packages/allure_commons/_allure.py\", line 192, in impl\n    return func(*a, **kw)\n           ^^^^^^^^^^^^^^\n  File \"/home/runner/work/Selenium-Python-Example/Selenium-Python-Example/pages/about_page.py\", line 20, in click_login_link\n    self.click(self.LOGIN_LINK)\n  File \"/home/runner/work/Selenium-Python-Example/Selenium-Python-Example/pages/base_page.py\", line 60, in click\n    el: WebElement = self.wait.until(\n                     ^^^^^^^^^^^^^^^^\n  File \"/home/runner/work/Selenium-Python-Example/Selenium-Python-Example/.venv/lib/python3.12/site-packages/selenium/webdriver/support/wait.py\", line 146, in until\n    raise TimeoutException(message, screen, stacktrace)\n","steps":[{"name":"Click Login link","time":{"start":1738460446552,"stop":1738460456661,"duration":10109},"status":"broken","statusMessage":"selenium.common.exceptions.TimeoutException: Message: \nStacktrace:\n#0 0x55d09d802dca <unknown>\n#1 0x55d09d2f93f0 <unknown>\n#2 0x55d09d34910c <unknown>\n#3 0x55d09d349331 <unknown>\n#4 0x55d09d38f154 <unknown>\n#5 0x55d09d36dabd <unknown>\n#6 0x55d09d38c4b3 <unknown>\n#7 0x55d09d36d833 <unknown>\n#8 0x55d09d33a5a0 <unknown>\n#9 0x55d09d33bece <unknown>\n#10 0x55d09d7ccbdb <unknown>\n#11 0x55d09d7d0b67 <unknown>\n#12 0x55d09d7b83bc <unknown>\n#13 0x55d09d7d1727 <unknown>\n#14 0x55d09d79c74f <unknown>\n#15 0x55d09d7f1938 <unknown>\n#16 0x55d09d7f1b00 <unknown>\n#17 0x55d09d801c46 <unknown>\n#18 0x7f71dde9ca94 <unknown>\n#19 0x7f71ddf29c3c <unknown>\n\n","statusTrace":"  File \"/home/runner/work/Selenium-Python-Example/Selenium-Python-Example/.venv/lib/python3.12/site-packages/allure_commons/_allure.py\", line 192, in impl\n    return func(*a, **kw)\n           ^^^^^^^^^^^^^^\n  File \"/home/runner/work/Selenium-Python-Example/Selenium-Python-Example/pages/about_page.py\", line 20, in click_login_link\n    self.click(self.LOGIN_LINK)\n  File \"/home/runner/work/Selenium-Python-Example/Selenium-Python-Example/pages/base_page.py\", line 60, in click\n    el: WebElement = self.wait.until(\n                     ^^^^^^^^^^^^^^^^\n  File \"/home/runner/work/Selenium-Python-Example/Selenium-Python-Example/.venv/lib/python3.12/site-packages/selenium/webdriver/support/wait.py\", line 146, in until\n    raise TimeoutException(message, screen, stacktrace)\n","steps":[],"attachments":[],"parameters":[],"shouldDisplayMessage":true,"stepsCount":0,"attachmentsCount":0,"hasContent":true,"attachmentStep":false}],"attachments":[],"parameters":[],"shouldDisplayMessage":false,"stepsCount":1,"attachmentsCount":0,"hasContent":true,"attachmentStep":false}],"testStage":{"description":"Search for a non existing project","status":"broken","statusMessage":"selenium.common.exceptions.TimeoutException: Message: \nStacktrace:\n#0 0x55d09d802dca <unknown>\n#1 0x55d09d2f93f0 <unknown>\n#2 0x55d09d34910c <unknown>\n#3 0x55d09d349331 <unknown>\n#4 0x55d09d38f154 <unknown>\n#5 0x55d09d36dabd <unknown>\n#6 0x55d09d38c4b3 <unknown>\n#7 0x55d09d36d833 <unknown>\n#8 0x55d09d33a5a0 <unknown>\n#9 0x55d09d33bece <unknown>\n#10 0x55d09d7ccbdb <unknown>\n#11 0x55d09d7d0b67 <unknown>\n#12 0x55d09d7b83bc <unknown>\n#13 0x55d09d7d1727 <unknown>\n#14 0x55d09d79c74f <unknown>\n#15 0x55d09d7f1938 <unknown>\n#16 0x55d09d7f1b00 <unknown>\n#17 0x55d09d801c46 <unknown>\n#18 0x7f71dde9ca94 <unknown>\n#19 0x7f71ddf29c3c <unknown>","statusTrace":"self = <tests.workspaces_test.TestWorkspaces object at 0x7fb854812960>\n\n    @pytest.fixture(autouse=True)\n    def setup_method_fixture(self):\n>       login(self.about_page, self.login_page)\n\ntests/workspaces_test.py:25: \n_ _ _ _ _ _ _ _ _ _ _ _ _ _ _ _ _ _ _ _ _ _ _ _ _ _ _ _ _ _ _ _ _ _ _ _ _ _ _ _ \ntests/workspaces_test.py:15: in login\n    about_page.click_login_link()\npages/about_page.py:20: in click_login_link\n    self.click(self.LOGIN_LINK)\npages/base_page.py:60: in click\n    el: WebElement = self.wait.until(\n_ _ _ _ _ _ _ _ _ _ _ _ _ _ _ _ _ _ _ _ _ _ _ _ _ _ _ _ _ _ _ _ _ _ _ _ _ _ _ _ \n\nself = <selenium.webdriver.support.wait.WebDriverWait (session=\"38a308cbe837e37964995ce9abf99425\")>\nmethod = <function element_to_be_clickable.<locals>._predicate at 0x7fb854678d60>\nmessage = ''\n\n    def until(self, method: Callable[[D], Union[Literal[False], T]], message: str = \"\") -> T:\n        \"\"\"Wait until the method returns a value that is not False.\n    \n        Calls the method provided with the driver as an argument until the\n        return value does not evaluate to ``False``.\n    \n        Parameters:\n        ----------\n        method: callable(WebDriver)\n            - A callable object that takes a WebDriver instance as an argument.\n    \n        message: str\n            - Optional message for :exc:`TimeoutException`\n    \n        Return:\n        -------\n        object: T\n            - The result of the last call to `method`\n    \n        Raises:\n        -------\n        TimeoutException\n            - If 'method' does not return a truthy value within the WebDriverWait\n            object's timeout\n    \n        Example:\n        --------\n        >>> from selenium.webdriver.common.by import By\n        >>> from selenium.webdriver.support.ui import WebDriverWait\n        >>> from selenium.webdriver.support import expected_conditions as EC\n    \n        # Wait until an element is visible on the page\n        >>> wait = WebDriverWait(driver, 10)\n        >>> element = wait.until(EC.visibility_of_element_located((By.ID, \"exampleId\")))\n        >>> print(element.text)\n        \"\"\"\n        screen = None\n        stacktrace = None\n    \n        end_time = time.monotonic() + self._timeout\n        while True:\n            try:\n                value = method(self._driver)\n                if value:\n                    return value\n            except self._ignored_exceptions as exc:\n                screen = getattr(exc, \"screen\", None)\n                stacktrace = getattr(exc, \"stacktrace\", None)\n            if time.monotonic() > end_time:\n                break\n            time.sleep(self._poll)\n>       raise TimeoutException(message, screen, stacktrace)\nE       selenium.common.exceptions.TimeoutException: Message: \nE       Stacktrace:\nE       #0 0x55d09d802dca <unknown>\nE       #1 0x55d09d2f93f0 <unknown>\nE       #2 0x55d09d34910c <unknown>\nE       #3 0x55d09d349331 <unknown>\nE       #4 0x55d09d38f154 <unknown>\nE       #5 0x55d09d36dabd <unknown>\nE       #6 0x55d09d38c4b3 <unknown>\nE       #7 0x55d09d36d833 <unknown>\nE       #8 0x55d09d33a5a0 <unknown>\nE       #9 0x55d09d33bece <unknown>\nE       #10 0x55d09d7ccbdb <unknown>\nE       #11 0x55d09d7d0b67 <unknown>\nE       #12 0x55d09d7b83bc <unknown>\nE       #13 0x55d09d7d1727 <unknown>\nE       #14 0x55d09d79c74f <unknown>\nE       #15 0x55d09d7f1938 <unknown>\nE       #16 0x55d09d7f1b00 <unknown>\nE       #17 0x55d09d801c46 <unknown>\nE       #18 0x7f71dde9ca94 <unknown>\nE       #19 0x7f71ddf29c3c <unknown>\n\n.venv/lib/python3.12/site-packages/selenium/webdriver/support/wait.py:146: TimeoutException","steps":[{"name":"public ip address","time":{"start":1738460456674,"stop":1738460456687,"duration":13},"status":"passed","steps":[],"attachments":[{"uid":"ef686ebe771f9e2c","name":"HTTP logs of http://checkip.amazonaws.com/","source":"ef686ebe771f9e2c.txt","type":"text/plain","size":355}],"parameters":[],"shouldDisplayMessage":false,"stepsCount":0,"attachmentsCount":1,"hasContent":true,"attachmentStep":false}],"attachments":[{"uid":"73f1907c49fbd9f1","name":"Cookies","source":"73f1907c49fbd9f1.json","type":"application/json","size":4382},{"uid":"50862b6c70468ba0","name":"Session Storage","source":"50862b6c70468ba0.json","type":"application/json","size":359},{"uid":"f23e5002e64383d1","name":"Local Storage","source":"f23e5002e64383d1.json","type":"application/json","size":790},{"uid":"814173f2426804c7","name":"Console Logs","source":"814173f2426804c7.json","type":"application/json","size":236},{"uid":"5c8b7e589e5905d3","name":"Full Page Screenshot","source":"5c8b7e589e5905d3.png","type":"image/png","size":4015259},{"uid":"405117d95d08228c","name":"URL","source":"405117d95d08228c.uri","type":"text/uri-list","size":23},{"uid":"c077235a49ac68f6","name":"Network Logs","source":"c077235a49ac68f6.json","type":"application/json","size":6859612}],"parameters":[],"shouldDisplayMessage":true,"stepsCount":1,"attachmentsCount":8,"hasContent":true,"attachmentStep":false},"afterStages":[{"name":"session_request::0","time":{"start":1738460491386,"stop":1738460491386,"duration":0},"status":"passed","steps":[],"attachments":[],"parameters":[],"shouldDisplayMessage":false,"stepsCount":0,"attachmentsCount":0,"hasContent":false,"attachmentStep":false}],"labels":[{"name":"severity","value":"normal"},{"name":"epic","value":"Workspaces"},{"name":"story","value":"WorkSpaces Creation and Editing Functionality"},{"name":"tag","value":"run(order=7)"},{"name":"parentSuite","value":"tests"},{"name":"suite","value":"workspaces_test"},{"name":"subSuite","value":"TestWorkspaces"},{"name":"host","value":"fv-az1959-81"},{"name":"thread","value":"2040-MainThread"},{"name":"framework","value":"pytest"},{"name":"language","value":"cpython3"},{"name":"package","value":"tests.workspaces_test"},{"name":"resultFormat","value":"allure2"}],"parameters":[],"links":[],"hidden":false,"retry":false,"extra":{"severity":"normal","retries":[],"categories":[{"name":"Test defects","matchedStatuses":[],"flaky":false}],"tags":["run(order=7)"]},"source":"c81ec8e754d29237.json","parameterValues":[]}