{"uid":"8b6904e4ebb0774b","name":"Number of projects displayed in page test","fullName":"tests.workspaces_test.TestWorkspaces#test_number_of_existing_projects","historyId":"34e866e263d4a1ed453e065aefe8091d","time":{"start":1712452578560,"stop":1712452578560,"duration":0},"description":"Compare between the actual number of projects seen on page and the number shown in workspaces block","descriptionHtml":"<p>Compare between the actual number of projects seen on page and the number shown in workspaces block</p>\n","status":"broken","statusMessage":"selenium.common.exceptions.TimeoutException: Message: \nStacktrace:\n#0 0x55aa11675993 <unknown>\n#1 0x55aa11370136 <unknown>\n#2 0x55aa113bad48 <unknown>\n#3 0x55aa113bae01 <unknown>\n#4 0x55aa113fde44 <unknown>\n#5 0x55aa113dccfd <unknown>\n#6 0x55aa113fb319 <unknown>\n#7 0x55aa113dca73 <unknown>\n#8 0x55aa113adc93 <unknown>\n#9 0x55aa113ae65e <unknown>\n#10 0x55aa1163a08b <unknown>\n#11 0x55aa1163e005 <unknown>\n#12 0x55aa11628491 <unknown>\n#13 0x55aa1163eb92 <unknown>\n#14 0x55aa1160d9ef <unknown>\n#15 0x55aa11664df8 <unknown>\n#16 0x55aa11664fcb <unknown>\n#17 0x55aa11674ae4 <unknown>\n#18 0x7f24d5494ac3 <unknown>","statusTrace":"self = <tests.workspaces_test.TestWorkspaces object at 0x7f0f6d4de480>\n\n    @pytest.fixture(autouse=True)\n    def setup_method_fixture(self):\n>       login(self.about_page, self.login_page)\n\ntests/workspaces_test.py:25: \n_ _ _ _ _ _ _ _ _ _ _ _ _ _ _ _ _ _ _ _ _ _ _ _ _ _ _ _ _ _ _ _ _ _ _ _ _ _ _ _ \ntests/workspaces_test.py:15: in login\n    about_page.click_login_link()\npages/about_page.py:20: in click_login_link\n    self.click(self.LOGIN_LINK)\npages/base_page.py:60: in click\n    el: WebElement = self.wait.until(\n_ _ _ _ _ _ _ _ _ _ _ _ _ _ _ _ _ _ _ _ _ _ _ _ _ _ _ _ _ _ _ _ _ _ _ _ _ _ _ _ \n\nself = <selenium.webdriver.support.wait.WebDriverWait (session=\"fa552f75c4077d149bd8bd59904797cd\")>\nmethod = <function element_to_be_clickable.<locals>._predicate at 0x7f0f6cba1260>\nmessage = ''\n\n    def until(self, method: Callable[[D], Union[Literal[False], T]], message: str = \"\") -> T:\n        \"\"\"Calls the method provided with the driver as an argument until the \\\n        return value does not evaluate to ``False``.\n    \n        :param method: callable(WebDriver)\n        :param message: optional message for :exc:`TimeoutException`\n        :returns: the result of the last call to `method`\n        :raises: :exc:`selenium.common.exceptions.TimeoutException` if timeout occurs\n        \"\"\"\n        screen = None\n        stacktrace = None\n    \n        end_time = time.monotonic() + self._timeout\n        while True:\n            try:\n                value = method(self._driver)\n                if value:\n                    return value\n            except self._ignored_exceptions as exc:\n                screen = getattr(exc, \"screen\", None)\n                stacktrace = getattr(exc, \"stacktrace\", None)\n            time.sleep(self._poll)\n            if time.monotonic() > end_time:\n                break\n>       raise TimeoutException(message, screen, stacktrace)\nE       selenium.common.exceptions.TimeoutException: Message: \nE       Stacktrace:\nE       #0 0x55aa11675993 <unknown>\nE       #1 0x55aa11370136 <unknown>\nE       #2 0x55aa113bad48 <unknown>\nE       #3 0x55aa113bae01 <unknown>\nE       #4 0x55aa113fde44 <unknown>\nE       #5 0x55aa113dccfd <unknown>\nE       #6 0x55aa113fb319 <unknown>\nE       #7 0x55aa113dca73 <unknown>\nE       #8 0x55aa113adc93 <unknown>\nE       #9 0x55aa113ae65e <unknown>\nE       #10 0x55aa1163a08b <unknown>\nE       #11 0x55aa1163e005 <unknown>\nE       #12 0x55aa11628491 <unknown>\nE       #13 0x55aa1163eb92 <unknown>\nE       #14 0x55aa1160d9ef <unknown>\nE       #15 0x55aa11664df8 <unknown>\nE       #16 0x55aa11664fcb <unknown>\nE       #17 0x55aa11674ae4 <unknown>\nE       #18 0x7f24d5494ac3 <unknown>\n\n.venv/lib/python3.12/site-packages/selenium/webdriver/support/wait.py:105: TimeoutException","flaky":false,"newFailed":false,"newBroken":false,"newPassed":false,"retriesCount":0,"retriesStatusChange":false,"beforeStages":[{"name":"base_url","time":{"start":1712452499608,"stop":1712452499608,"duration":0},"status":"passed","steps":[],"attachments":[],"parameters":[],"shouldDisplayMessage":false,"stepsCount":0,"attachmentsCount":0,"hasContent":false,"attachmentStep":false},{"name":"session_request","time":{"start":1712452499608,"stop":1712452499608,"duration":0},"status":"passed","steps":[],"attachments":[],"parameters":[],"shouldDisplayMessage":false,"stepsCount":0,"attachmentsCount":0,"hasContent":false,"attachmentStep":false},{"name":"_verify_url","time":{"start":1712452499608,"stop":1712452499608,"duration":0},"status":"passed","steps":[],"attachments":[],"parameters":[],"shouldDisplayMessage":false,"stepsCount":0,"attachmentsCount":0,"hasContent":false,"attachmentStep":false},{"name":"setup_method_fixture","time":{"start":1712452579935,"stop":1712452590194,"duration":10259},"status":"broken","statusMessage":"selenium.common.exceptions.TimeoutException: Message: \nStacktrace:\n#0 0x55aa11675993 <unknown>\n#1 0x55aa11370136 <unknown>\n#2 0x55aa113bad48 <unknown>\n#3 0x55aa113bae01 <unknown>\n#4 0x55aa113fde44 <unknown>\n#5 0x55aa113dccfd <unknown>\n#6 0x55aa113fb319 <unknown>\n#7 0x55aa113dca73 <unknown>\n#8 0x55aa113adc93 <unknown>\n#9 0x55aa113ae65e <unknown>\n#10 0x55aa1163a08b <unknown>\n#11 0x55aa1163e005 <unknown>\n#12 0x55aa11628491 <unknown>\n#13 0x55aa1163eb92 <unknown>\n#14 0x55aa1160d9ef <unknown>\n#15 0x55aa11664df8 <unknown>\n#16 0x55aa11664fcb <unknown>\n#17 0x55aa11674ae4 <unknown>\n#18 0x7f24d5494ac3 <unknown>\n\n","statusTrace":"  File \"/home/runner/work/Selenium-Python-Example/Selenium-Python-Example/.venv/lib/python3.12/site-packages/pluggy/_callers.py\", line 166, in _multicall\n    teardown.throw(outcome._exception)\n  File \"/home/runner/work/Selenium-Python-Example/Selenium-Python-Example/.venv/lib/python3.12/site-packages/_pytest/setuponly.py\", line 36, in pytest_fixture_setup\n    return (yield)\n            ^^^^^\n  File \"/home/runner/work/Selenium-Python-Example/Selenium-Python-Example/.venv/lib/python3.12/site-packages/pluggy/_callers.py\", line 102, in _multicall\n    res = hook_impl.function(*args)\n          ^^^^^^^^^^^^^^^^^^^^^^^^^\n  File \"/home/runner/work/Selenium-Python-Example/Selenium-Python-Example/.venv/lib/python3.12/site-packages/_pytest/fixtures.py\", line 1132, in pytest_fixture_setup\n    result = call_fixture_func(fixturefunc, request, kwargs)\n             ^^^^^^^^^^^^^^^^^^^^^^^^^^^^^^^^^^^^^^^^^^^^^^^\n  File \"/home/runner/work/Selenium-Python-Example/Selenium-Python-Example/.venv/lib/python3.12/site-packages/_pytest/fixtures.py\", line 913, in call_fixture_func\n    fixture_result = fixturefunc(**kwargs)\n                     ^^^^^^^^^^^^^^^^^^^^^\n  File \"/home/runner/work/Selenium-Python-Example/Selenium-Python-Example/tests/workspaces_test.py\", line 25, in setup_method_fixture\n    login(self.about_page, self.login_page)\n  File \"/home/runner/work/Selenium-Python-Example/Selenium-Python-Example/tests/workspaces_test.py\", line 15, in login\n    about_page.click_login_link()\n  File \"/home/runner/work/Selenium-Python-Example/Selenium-Python-Example/.venv/lib/python3.12/site-packages/allure_commons/_allure.py\", line 192, in impl\n    return func(*a, **kw)\n           ^^^^^^^^^^^^^^\n  File \"/home/runner/work/Selenium-Python-Example/Selenium-Python-Example/pages/about_page.py\", line 20, in click_login_link\n    self.click(self.LOGIN_LINK)\n  File \"/home/runner/work/Selenium-Python-Example/Selenium-Python-Example/pages/base_page.py\", line 60, in click\n    el: WebElement = self.wait.until(\n                     ^^^^^^^^^^^^^^^^\n  File \"/home/runner/work/Selenium-Python-Example/Selenium-Python-Example/.venv/lib/python3.12/site-packages/selenium/webdriver/support/wait.py\", line 105, in until\n    raise TimeoutException(message, screen, stacktrace)\n","steps":[{"name":"Click Login link","time":{"start":1712452579935,"stop":1712452590193,"duration":10258},"status":"broken","statusMessage":"selenium.common.exceptions.TimeoutException: Message: \nStacktrace:\n#0 0x55aa11675993 <unknown>\n#1 0x55aa11370136 <unknown>\n#2 0x55aa113bad48 <unknown>\n#3 0x55aa113bae01 <unknown>\n#4 0x55aa113fde44 <unknown>\n#5 0x55aa113dccfd <unknown>\n#6 0x55aa113fb319 <unknown>\n#7 0x55aa113dca73 <unknown>\n#8 0x55aa113adc93 <unknown>\n#9 0x55aa113ae65e <unknown>\n#10 0x55aa1163a08b <unknown>\n#11 0x55aa1163e005 <unknown>\n#12 0x55aa11628491 <unknown>\n#13 0x55aa1163eb92 <unknown>\n#14 0x55aa1160d9ef <unknown>\n#15 0x55aa11664df8 <unknown>\n#16 0x55aa11664fcb <unknown>\n#17 0x55aa11674ae4 <unknown>\n#18 0x7f24d5494ac3 <unknown>\n\n","statusTrace":"  File \"/home/runner/work/Selenium-Python-Example/Selenium-Python-Example/.venv/lib/python3.12/site-packages/allure_commons/_allure.py\", line 192, in impl\n    return func(*a, **kw)\n           ^^^^^^^^^^^^^^\n  File \"/home/runner/work/Selenium-Python-Example/Selenium-Python-Example/pages/about_page.py\", line 20, in click_login_link\n    self.click(self.LOGIN_LINK)\n  File \"/home/runner/work/Selenium-Python-Example/Selenium-Python-Example/pages/base_page.py\", line 60, in click\n    el: WebElement = self.wait.until(\n                     ^^^^^^^^^^^^^^^^\n  File \"/home/runner/work/Selenium-Python-Example/Selenium-Python-Example/.venv/lib/python3.12/site-packages/selenium/webdriver/support/wait.py\", line 105, in until\n    raise TimeoutException(message, screen, stacktrace)\n","steps":[],"attachments":[],"parameters":[],"shouldDisplayMessage":true,"stepsCount":0,"attachmentsCount":0,"hasContent":true,"attachmentStep":false}],"attachments":[],"parameters":[],"shouldDisplayMessage":false,"stepsCount":1,"attachmentsCount":0,"hasContent":true,"attachmentStep":false}],"testStage":{"description":"Compare between the actual number of projects seen on page and the number shown in workspaces block","status":"broken","statusMessage":"selenium.common.exceptions.TimeoutException: Message: \nStacktrace:\n#0 0x55aa11675993 <unknown>\n#1 0x55aa11370136 <unknown>\n#2 0x55aa113bad48 <unknown>\n#3 0x55aa113bae01 <unknown>\n#4 0x55aa113fde44 <unknown>\n#5 0x55aa113dccfd <unknown>\n#6 0x55aa113fb319 <unknown>\n#7 0x55aa113dca73 <unknown>\n#8 0x55aa113adc93 <unknown>\n#9 0x55aa113ae65e <unknown>\n#10 0x55aa1163a08b <unknown>\n#11 0x55aa1163e005 <unknown>\n#12 0x55aa11628491 <unknown>\n#13 0x55aa1163eb92 <unknown>\n#14 0x55aa1160d9ef <unknown>\n#15 0x55aa11664df8 <unknown>\n#16 0x55aa11664fcb <unknown>\n#17 0x55aa11674ae4 <unknown>\n#18 0x7f24d5494ac3 <unknown>","statusTrace":"self = <tests.workspaces_test.TestWorkspaces object at 0x7f0f6d4de480>\n\n    @pytest.fixture(autouse=True)\n    def setup_method_fixture(self):\n>       login(self.about_page, self.login_page)\n\ntests/workspaces_test.py:25: \n_ _ _ _ _ _ _ _ _ _ _ _ _ _ _ _ _ _ _ _ _ _ _ _ _ _ _ _ _ _ _ _ _ _ _ _ _ _ _ _ \ntests/workspaces_test.py:15: in login\n    about_page.click_login_link()\npages/about_page.py:20: in click_login_link\n    self.click(self.LOGIN_LINK)\npages/base_page.py:60: in click\n    el: WebElement = self.wait.until(\n_ _ _ _ _ _ _ _ _ _ _ _ _ _ _ _ _ _ _ _ _ _ _ _ _ _ _ _ _ _ _ _ _ _ _ _ _ _ _ _ \n\nself = <selenium.webdriver.support.wait.WebDriverWait (session=\"fa552f75c4077d149bd8bd59904797cd\")>\nmethod = <function element_to_be_clickable.<locals>._predicate at 0x7f0f6cba1260>\nmessage = ''\n\n    def until(self, method: Callable[[D], Union[Literal[False], T]], message: str = \"\") -> T:\n        \"\"\"Calls the method provided with the driver as an argument until the \\\n        return value does not evaluate to ``False``.\n    \n        :param method: callable(WebDriver)\n        :param message: optional message for :exc:`TimeoutException`\n        :returns: the result of the last call to `method`\n        :raises: :exc:`selenium.common.exceptions.TimeoutException` if timeout occurs\n        \"\"\"\n        screen = None\n        stacktrace = None\n    \n        end_time = time.monotonic() + self._timeout\n        while True:\n            try:\n                value = method(self._driver)\n                if value:\n                    return value\n            except self._ignored_exceptions as exc:\n                screen = getattr(exc, \"screen\", None)\n                stacktrace = getattr(exc, \"stacktrace\", None)\n            time.sleep(self._poll)\n            if time.monotonic() > end_time:\n                break\n>       raise TimeoutException(message, screen, stacktrace)\nE       selenium.common.exceptions.TimeoutException: Message: \nE       Stacktrace:\nE       #0 0x55aa11675993 <unknown>\nE       #1 0x55aa11370136 <unknown>\nE       #2 0x55aa113bad48 <unknown>\nE       #3 0x55aa113bae01 <unknown>\nE       #4 0x55aa113fde44 <unknown>\nE       #5 0x55aa113dccfd <unknown>\nE       #6 0x55aa113fb319 <unknown>\nE       #7 0x55aa113dca73 <unknown>\nE       #8 0x55aa113adc93 <unknown>\nE       #9 0x55aa113ae65e <unknown>\nE       #10 0x55aa1163a08b <unknown>\nE       #11 0x55aa1163e005 <unknown>\nE       #12 0x55aa11628491 <unknown>\nE       #13 0x55aa1163eb92 <unknown>\nE       #14 0x55aa1160d9ef <unknown>\nE       #15 0x55aa11664df8 <unknown>\nE       #16 0x55aa11664fcb <unknown>\nE       #17 0x55aa11674ae4 <unknown>\nE       #18 0x7f24d5494ac3 <unknown>\n\n.venv/lib/python3.12/site-packages/selenium/webdriver/support/wait.py:105: TimeoutException","steps":[{"name":"public ip address","time":{"start":1712452590213,"stop":1712452590274,"duration":61},"status":"passed","steps":[],"attachments":[{"uid":"92db3b2eae745599","name":"HTTP logs of http://checkip.amazonaws.com/","source":"92db3b2eae745599.txt","type":"text/plain","size":264}],"parameters":[],"shouldDisplayMessage":false,"stepsCount":0,"attachmentsCount":1,"hasContent":true,"attachmentStep":false}],"attachments":[{"uid":"97d89e78d0cf3db7","name":"Cookies","source":"97d89e78d0cf3db7.json","type":"application/json","size":3096},{"uid":"74070b7ad7b0a532","name":"Session Storage","source":"74070b7ad7b0a532.json","type":"application/json","size":359},{"uid":"54a2c8395be67518","name":"Local Storage","source":"54a2c8395be67518.json","type":"application/json","size":208},{"uid":"d73fce310e3026cd","name":"Console Logs","source":"d73fce310e3026cd.json","type":"application/json","size":653},{"uid":"21a8b200769b226c","name":"Full Page Screenshot","source":"21a8b200769b226c.png","type":"image/png","size":6239653},{"uid":"ee4c1bf89aadcd32","name":"URL","source":"ee4c1bf89aadcd32.uri","type":"text/uri-list","size":23},{"uid":"b177793e4e40be18","name":"Network Logs","source":"b177793e4e40be18.json","type":"application/json","size":23182}],"parameters":[],"shouldDisplayMessage":true,"stepsCount":1,"attachmentsCount":8,"hasContent":true,"attachmentStep":false},"afterStages":[{"name":"session_request::0","time":{"start":1712452754681,"stop":1712452754681,"duration":0},"status":"passed","steps":[],"attachments":[],"parameters":[],"shouldDisplayMessage":false,"stepsCount":0,"attachmentsCount":0,"hasContent":false,"attachmentStep":false}],"labels":[{"name":"epic","value":"Workspaces"},{"name":"severity","value":"normal"},{"name":"story","value":"WorkSpaces Creation and Editing Functionality"},{"name":"tag","value":"run(order=4)"},{"name":"parentSuite","value":"tests"},{"name":"suite","value":"workspaces_test"},{"name":"subSuite","value":"TestWorkspaces"},{"name":"host","value":"fv-az1146-275"},{"name":"thread","value":"2418-MainThread"},{"name":"framework","value":"pytest"},{"name":"language","value":"cpython3"},{"name":"package","value":"tests.workspaces_test"},{"name":"resultFormat","value":"allure2"}],"parameters":[],"links":[],"hidden":false,"retry":false,"extra":{"severity":"normal","retries":[],"categories":[{"name":"Test defects","matchedStatuses":[],"flaky":false}],"tags":["run(order=4)"]},"source":"8b6904e4ebb0774b.json","parameterValues":[]}