{"uid":"8cb8450729349d9d","name":"Cancel a project deletion","fullName":"tests.workspaces_test.TestWorkspaces#test_cancel_project_deletion","historyId":"4e88bda60b0c69cc538a06ace82098c3","time":{"start":1728092261956,"stop":1728092261956,"duration":0},"description":"Cancel project deletion","descriptionHtml":"<p>Cancel project deletion</p>\n","status":"broken","statusMessage":"selenium.common.exceptions.TimeoutException: Message: \nStacktrace:\n#0 0x55c495f7013a <unknown>\n#1 0x55c495c565e0 <unknown>\n#2 0x55c495ca5be8 <unknown>\n#3 0x55c495ca5e81 <unknown>\n#4 0x55c495cec8c4 <unknown>\n#5 0x55c495ccab4d <unknown>\n#6 0x55c495ce9d7d <unknown>\n#7 0x55c495cca8c3 <unknown>\n#8 0x55c495c986b3 <unknown>\n#9 0x55c495c9968e <unknown>\n#10 0x55c495f3ab3b <unknown>\n#11 0x55c495f3eac1 <unknown>\n#12 0x55c495f27335 <unknown>\n#13 0x55c495f3f642 <unknown>\n#14 0x55c495f0c49f <unknown>\n#15 0x55c495f5f038 <unknown>\n#16 0x55c495f5f203 <unknown>\n#17 0x55c495f6ef8c <unknown>\n#18 0x7f4dcc094ac3 <unknown>","statusTrace":"self = <tests.workspaces_test.TestWorkspaces object at 0x7f85b273ec30>\n\n    @pytest.fixture(autouse=True)\n    def setup_method_fixture(self):\n>       login(self.about_page, self.login_page)\n\ntests/workspaces_test.py:25: \n_ _ _ _ _ _ _ _ _ _ _ _ _ _ _ _ _ _ _ _ _ _ _ _ _ _ _ _ _ _ _ _ _ _ _ _ _ _ _ _ \ntests/workspaces_test.py:15: in login\n    about_page.click_login_link()\npages/about_page.py:20: in click_login_link\n    self.click(self.LOGIN_LINK)\npages/base_page.py:60: in click\n    el: WebElement = self.wait.until(\n_ _ _ _ _ _ _ _ _ _ _ _ _ _ _ _ _ _ _ _ _ _ _ _ _ _ _ _ _ _ _ _ _ _ _ _ _ _ _ _ \n\nself = <selenium.webdriver.support.wait.WebDriverWait (session=\"9c98d00209604c7e8d90b7cd5c17da5a\")>\nmethod = <function element_to_be_clickable.<locals>._predicate at 0x7f85b1b63ba0>\nmessage = ''\n\n    def until(self, method: Callable[[D], Union[Literal[False], T]], message: str = \"\") -> T:\n        \"\"\"Calls the method provided with the driver as an argument until the \\\n        return value does not evaluate to ``False``.\n    \n        :param method: callable(WebDriver)\n        :param message: optional message for :exc:`TimeoutException`\n        :returns: the result of the last call to `method`\n        :raises: :exc:`selenium.common.exceptions.TimeoutException` if timeout occurs\n        \"\"\"\n        screen = None\n        stacktrace = None\n    \n        end_time = time.monotonic() + self._timeout\n        while True:\n            try:\n                value = method(self._driver)\n                if value:\n                    return value\n            except self._ignored_exceptions as exc:\n                screen = getattr(exc, \"screen\", None)\n                stacktrace = getattr(exc, \"stacktrace\", None)\n            time.sleep(self._poll)\n            if time.monotonic() > end_time:\n                break\n>       raise TimeoutException(message, screen, stacktrace)\nE       selenium.common.exceptions.TimeoutException: Message: \nE       Stacktrace:\nE       #0 0x55c495f7013a <unknown>\nE       #1 0x55c495c565e0 <unknown>\nE       #2 0x55c495ca5be8 <unknown>\nE       #3 0x55c495ca5e81 <unknown>\nE       #4 0x55c495cec8c4 <unknown>\nE       #5 0x55c495ccab4d <unknown>\nE       #6 0x55c495ce9d7d <unknown>\nE       #7 0x55c495cca8c3 <unknown>\nE       #8 0x55c495c986b3 <unknown>\nE       #9 0x55c495c9968e <unknown>\nE       #10 0x55c495f3ab3b <unknown>\nE       #11 0x55c495f3eac1 <unknown>\nE       #12 0x55c495f27335 <unknown>\nE       #13 0x55c495f3f642 <unknown>\nE       #14 0x55c495f0c49f <unknown>\nE       #15 0x55c495f5f038 <unknown>\nE       #16 0x55c495f5f203 <unknown>\nE       #17 0x55c495f6ef8c <unknown>\nE       #18 0x7f4dcc094ac3 <unknown>\n\n.venv/lib/python3.12/site-packages/selenium/webdriver/support/wait.py:105: TimeoutException","flaky":false,"newFailed":false,"newBroken":false,"newPassed":false,"retriesCount":0,"retriesStatusChange":false,"beforeStages":[{"name":"session_request","time":{"start":1728092125382,"stop":1728092125382,"duration":0},"status":"passed","steps":[],"attachments":[],"parameters":[],"shouldDisplayMessage":false,"stepsCount":0,"attachmentsCount":0,"hasContent":false,"attachmentStep":false},{"name":"base_url","time":{"start":1728092125382,"stop":1728092125382,"duration":0},"status":"passed","steps":[],"attachments":[],"parameters":[],"shouldDisplayMessage":false,"stepsCount":0,"attachmentsCount":0,"hasContent":false,"attachmentStep":false},{"name":"_verify_url","time":{"start":1728092125382,"stop":1728092125382,"duration":0},"status":"passed","steps":[],"attachments":[],"parameters":[],"shouldDisplayMessage":false,"stepsCount":0,"attachmentsCount":0,"hasContent":false,"attachmentStep":false},{"name":"data","time":{"start":1728092125382,"stop":1728092125383,"duration":1},"status":"passed","steps":[],"attachments":[],"parameters":[],"shouldDisplayMessage":false,"stepsCount":0,"attachmentsCount":0,"hasContent":false,"attachmentStep":false},{"name":"setup_method_fixture","time":{"start":1728092263862,"stop":1728092274201,"duration":10339},"status":"broken","statusMessage":"selenium.common.exceptions.TimeoutException: Message: \nStacktrace:\n#0 0x55c495f7013a <unknown>\n#1 0x55c495c565e0 <unknown>\n#2 0x55c495ca5be8 <unknown>\n#3 0x55c495ca5e81 <unknown>\n#4 0x55c495cec8c4 <unknown>\n#5 0x55c495ccab4d <unknown>\n#6 0x55c495ce9d7d <unknown>\n#7 0x55c495cca8c3 <unknown>\n#8 0x55c495c986b3 <unknown>\n#9 0x55c495c9968e <unknown>\n#10 0x55c495f3ab3b <unknown>\n#11 0x55c495f3eac1 <unknown>\n#12 0x55c495f27335 <unknown>\n#13 0x55c495f3f642 <unknown>\n#14 0x55c495f0c49f <unknown>\n#15 0x55c495f5f038 <unknown>\n#16 0x55c495f5f203 <unknown>\n#17 0x55c495f6ef8c <unknown>\n#18 0x7f4dcc094ac3 <unknown>\n\n","statusTrace":"  File \"/home/runner/work/Selenium-Python-Example/Selenium-Python-Example/.venv/lib/python3.12/site-packages/pluggy/_callers.py\", line 167, in _multicall\n    teardown.throw(outcome._exception)\n  File \"/home/runner/work/Selenium-Python-Example/Selenium-Python-Example/.venv/lib/python3.12/site-packages/_pytest/setuponly.py\", line 36, in pytest_fixture_setup\n    return (yield)\n            ^^^^^\n  File \"/home/runner/work/Selenium-Python-Example/Selenium-Python-Example/.venv/lib/python3.12/site-packages/pluggy/_callers.py\", line 103, in _multicall\n    res = hook_impl.function(*args)\n          ^^^^^^^^^^^^^^^^^^^^^^^^^\n  File \"/home/runner/work/Selenium-Python-Example/Selenium-Python-Example/.venv/lib/python3.12/site-packages/_pytest/fixtures.py\", line 1140, in pytest_fixture_setup\n    result = call_fixture_func(fixturefunc, request, kwargs)\n             ^^^^^^^^^^^^^^^^^^^^^^^^^^^^^^^^^^^^^^^^^^^^^^^\n  File \"/home/runner/work/Selenium-Python-Example/Selenium-Python-Example/.venv/lib/python3.12/site-packages/_pytest/fixtures.py\", line 898, in call_fixture_func\n    fixture_result = fixturefunc(**kwargs)\n                     ^^^^^^^^^^^^^^^^^^^^^\n  File \"/home/runner/work/Selenium-Python-Example/Selenium-Python-Example/tests/workspaces_test.py\", line 25, in setup_method_fixture\n    login(self.about_page, self.login_page)\n  File \"/home/runner/work/Selenium-Python-Example/Selenium-Python-Example/tests/workspaces_test.py\", line 15, in login\n    about_page.click_login_link()\n  File \"/home/runner/work/Selenium-Python-Example/Selenium-Python-Example/.venv/lib/python3.12/site-packages/allure_commons/_allure.py\", line 192, in impl\n    return func(*a, **kw)\n           ^^^^^^^^^^^^^^\n  File \"/home/runner/work/Selenium-Python-Example/Selenium-Python-Example/pages/about_page.py\", line 20, in click_login_link\n    self.click(self.LOGIN_LINK)\n  File \"/home/runner/work/Selenium-Python-Example/Selenium-Python-Example/pages/base_page.py\", line 60, in click\n    el: WebElement = self.wait.until(\n                     ^^^^^^^^^^^^^^^^\n  File \"/home/runner/work/Selenium-Python-Example/Selenium-Python-Example/.venv/lib/python3.12/site-packages/selenium/webdriver/support/wait.py\", line 105, in until\n    raise TimeoutException(message, screen, stacktrace)\n","steps":[{"name":"Click Login link","time":{"start":1728092263862,"stop":1728092274200,"duration":10338},"status":"broken","statusMessage":"selenium.common.exceptions.TimeoutException: Message: \nStacktrace:\n#0 0x55c495f7013a <unknown>\n#1 0x55c495c565e0 <unknown>\n#2 0x55c495ca5be8 <unknown>\n#3 0x55c495ca5e81 <unknown>\n#4 0x55c495cec8c4 <unknown>\n#5 0x55c495ccab4d <unknown>\n#6 0x55c495ce9d7d <unknown>\n#7 0x55c495cca8c3 <unknown>\n#8 0x55c495c986b3 <unknown>\n#9 0x55c495c9968e <unknown>\n#10 0x55c495f3ab3b <unknown>\n#11 0x55c495f3eac1 <unknown>\n#12 0x55c495f27335 <unknown>\n#13 0x55c495f3f642 <unknown>\n#14 0x55c495f0c49f <unknown>\n#15 0x55c495f5f038 <unknown>\n#16 0x55c495f5f203 <unknown>\n#17 0x55c495f6ef8c <unknown>\n#18 0x7f4dcc094ac3 <unknown>\n\n","statusTrace":"  File \"/home/runner/work/Selenium-Python-Example/Selenium-Python-Example/.venv/lib/python3.12/site-packages/allure_commons/_allure.py\", line 192, in impl\n    return func(*a, **kw)\n           ^^^^^^^^^^^^^^\n  File \"/home/runner/work/Selenium-Python-Example/Selenium-Python-Example/pages/about_page.py\", line 20, in click_login_link\n    self.click(self.LOGIN_LINK)\n  File \"/home/runner/work/Selenium-Python-Example/Selenium-Python-Example/pages/base_page.py\", line 60, in click\n    el: WebElement = self.wait.until(\n                     ^^^^^^^^^^^^^^^^\n  File \"/home/runner/work/Selenium-Python-Example/Selenium-Python-Example/.venv/lib/python3.12/site-packages/selenium/webdriver/support/wait.py\", line 105, in until\n    raise TimeoutException(message, screen, stacktrace)\n","steps":[],"attachments":[],"parameters":[],"shouldDisplayMessage":true,"stepsCount":0,"attachmentsCount":0,"hasContent":true,"attachmentStep":false}],"attachments":[],"parameters":[],"shouldDisplayMessage":false,"stepsCount":1,"attachmentsCount":0,"hasContent":true,"attachmentStep":false}],"testStage":{"description":"Cancel project deletion","status":"broken","statusMessage":"selenium.common.exceptions.TimeoutException: Message: \nStacktrace:\n#0 0x55c495f7013a <unknown>\n#1 0x55c495c565e0 <unknown>\n#2 0x55c495ca5be8 <unknown>\n#3 0x55c495ca5e81 <unknown>\n#4 0x55c495cec8c4 <unknown>\n#5 0x55c495ccab4d <unknown>\n#6 0x55c495ce9d7d <unknown>\n#7 0x55c495cca8c3 <unknown>\n#8 0x55c495c986b3 <unknown>\n#9 0x55c495c9968e <unknown>\n#10 0x55c495f3ab3b <unknown>\n#11 0x55c495f3eac1 <unknown>\n#12 0x55c495f27335 <unknown>\n#13 0x55c495f3f642 <unknown>\n#14 0x55c495f0c49f <unknown>\n#15 0x55c495f5f038 <unknown>\n#16 0x55c495f5f203 <unknown>\n#17 0x55c495f6ef8c <unknown>\n#18 0x7f4dcc094ac3 <unknown>","statusTrace":"self = <tests.workspaces_test.TestWorkspaces object at 0x7f85b273ec30>\n\n    @pytest.fixture(autouse=True)\n    def setup_method_fixture(self):\n>       login(self.about_page, self.login_page)\n\ntests/workspaces_test.py:25: \n_ _ _ _ _ _ _ _ _ _ _ _ _ _ _ _ _ _ _ _ _ _ _ _ _ _ _ _ _ _ _ _ _ _ _ _ _ _ _ _ \ntests/workspaces_test.py:15: in login\n    about_page.click_login_link()\npages/about_page.py:20: in click_login_link\n    self.click(self.LOGIN_LINK)\npages/base_page.py:60: in click\n    el: WebElement = self.wait.until(\n_ _ _ _ _ _ _ _ _ _ _ _ _ _ _ _ _ _ _ _ _ _ _ _ _ _ _ _ _ _ _ _ _ _ _ _ _ _ _ _ \n\nself = <selenium.webdriver.support.wait.WebDriverWait (session=\"9c98d00209604c7e8d90b7cd5c17da5a\")>\nmethod = <function element_to_be_clickable.<locals>._predicate at 0x7f85b1b63ba0>\nmessage = ''\n\n    def until(self, method: Callable[[D], Union[Literal[False], T]], message: str = \"\") -> T:\n        \"\"\"Calls the method provided with the driver as an argument until the \\\n        return value does not evaluate to ``False``.\n    \n        :param method: callable(WebDriver)\n        :param message: optional message for :exc:`TimeoutException`\n        :returns: the result of the last call to `method`\n        :raises: :exc:`selenium.common.exceptions.TimeoutException` if timeout occurs\n        \"\"\"\n        screen = None\n        stacktrace = None\n    \n        end_time = time.monotonic() + self._timeout\n        while True:\n            try:\n                value = method(self._driver)\n                if value:\n                    return value\n            except self._ignored_exceptions as exc:\n                screen = getattr(exc, \"screen\", None)\n                stacktrace = getattr(exc, \"stacktrace\", None)\n            time.sleep(self._poll)\n            if time.monotonic() > end_time:\n                break\n>       raise TimeoutException(message, screen, stacktrace)\nE       selenium.common.exceptions.TimeoutException: Message: \nE       Stacktrace:\nE       #0 0x55c495f7013a <unknown>\nE       #1 0x55c495c565e0 <unknown>\nE       #2 0x55c495ca5be8 <unknown>\nE       #3 0x55c495ca5e81 <unknown>\nE       #4 0x55c495cec8c4 <unknown>\nE       #5 0x55c495ccab4d <unknown>\nE       #6 0x55c495ce9d7d <unknown>\nE       #7 0x55c495cca8c3 <unknown>\nE       #8 0x55c495c986b3 <unknown>\nE       #9 0x55c495c9968e <unknown>\nE       #10 0x55c495f3ab3b <unknown>\nE       #11 0x55c495f3eac1 <unknown>\nE       #12 0x55c495f27335 <unknown>\nE       #13 0x55c495f3f642 <unknown>\nE       #14 0x55c495f0c49f <unknown>\nE       #15 0x55c495f5f038 <unknown>\nE       #16 0x55c495f5f203 <unknown>\nE       #17 0x55c495f6ef8c <unknown>\nE       #18 0x7f4dcc094ac3 <unknown>\n\n.venv/lib/python3.12/site-packages/selenium/webdriver/support/wait.py:105: TimeoutException","steps":[{"name":"public ip address","time":{"start":1728092274214,"stop":1728092274355,"duration":141},"status":"passed","steps":[],"attachments":[{"uid":"d5e998bb9f43191f","name":"HTTP logs of http://checkip.amazonaws.com/","source":"d5e998bb9f43191f.txt","type":"text/plain","size":356}],"parameters":[],"shouldDisplayMessage":false,"stepsCount":0,"attachmentsCount":1,"hasContent":true,"attachmentStep":false}],"attachments":[{"uid":"f28d09d0c65a2595","name":"Cookies","source":"f28d09d0c65a2595.json","type":"application/json","size":3584},{"uid":"4dfa8cda1046d615","name":"Session Storage","source":"4dfa8cda1046d615.json","type":"application/json","size":359},{"uid":"1c4f0b622e0b8499","name":"Local Storage","source":"1c4f0b622e0b8499.json","type":"application/json","size":350},{"uid":"75bd3a011abc3a76","name":"Console Logs","source":"75bd3a011abc3a76.json","type":"application/json","size":236},{"uid":"ddde9688dfd4c06f","name":"Full Page Screenshot","source":"ddde9688dfd4c06f.png","type":"image/png","size":4627255},{"uid":"33492cb074bdfb93","name":"URL","source":"33492cb074bdfb93.uri","type":"text/uri-list","size":23},{"uid":"1a3c0295bd9894b0","name":"Network Logs","source":"1a3c0295bd9894b0.json","type":"application/json","size":66266}],"parameters":[],"shouldDisplayMessage":true,"stepsCount":1,"attachmentsCount":8,"hasContent":true,"attachmentStep":false},"afterStages":[{"name":"session_request::0","time":{"start":1728092292510,"stop":1728092292510,"duration":0},"status":"passed","steps":[],"attachments":[],"parameters":[],"shouldDisplayMessage":false,"stepsCount":0,"attachmentsCount":0,"hasContent":false,"attachmentStep":false}],"labels":[{"name":"story","value":"WorkSpaces Creation and Editing Functionality"},{"name":"epic","value":"Workspaces"},{"name":"severity","value":"normal"},{"name":"tag","value":"run(order=8)"},{"name":"parentSuite","value":"tests"},{"name":"suite","value":"workspaces_test"},{"name":"subSuite","value":"TestWorkspaces"},{"name":"host","value":"fv-az1148-936"},{"name":"thread","value":"1901-MainThread"},{"name":"framework","value":"pytest"},{"name":"language","value":"cpython3"},{"name":"package","value":"tests.workspaces_test"},{"name":"resultFormat","value":"allure2"}],"parameters":[],"links":[],"hidden":false,"retry":false,"extra":{"severity":"normal","retries":[],"categories":[{"name":"Test defects","matchedStatuses":[],"flaky":false}],"tags":["run(order=8)"]},"source":"8cb8450729349d9d.json","parameterValues":[]}