{"uid":"916b25510b3bbd2","name":"Add project to workspace test","fullName":"tests.test_workspaces.TestWorkspaces#test_add_project_to_workspace","historyId":"fc6ee288c49142976b6c23b6071583ec","time":{"start":1692234402462,"stop":1692234402462,"duration":0},"description":"Selecting and adding a project to workspace","descriptionHtml":"<p>Selecting and adding a project to workspace</p>\n","status":"broken","statusMessage":"selenium.common.exceptions.TimeoutException: Message: \nStacktrace:\n#0 0x564c3514d613 <unknown>\n#1 0x564c34e79537 <unknown>\n#2 0x564c34eb7f53 <unknown>\n#3 0x564c34eb8041 <unknown>\n#4 0x564c34ef32a4 <unknown>\n#5 0x564c34ed8a5d <unknown>\n#6 0x564c34ef0d09 <unknown>\n#7 0x564c34ed8803 <unknown>\n#8 0x564c34eac68b <unknown>\n#9 0x564c34ead42e <unknown>\n#10 0x564c3510ec28 <unknown>\n#11 0x564c35112af7 <unknown>\n#12 0x564c3511d01c <unknown>\n#13 0x564c35113723 <unknown>\n#14 0x564c350e2457 <unknown>\n#15 0x564c35137628 <unknown>\n#16 0x564c351377b7 <unknown>\n#17 0x564c35146483 <unknown>\n#18 0x7fb6c6e51b43 <unknown>","statusTrace":"self = <tests.test_workspaces.TestWorkspaces object at 0x7f9469fe2610>\nrequest = <SubRequest 'setup_method_fixture' for <Function test_add_project_to_workspace>>\n\n    @pytest.fixture(autouse=True)\n    def setup_method_fixture(self, request):\n>       login(request, self.about_page, self.login_page)\n\ntests/test_workspaces.py:26: \n_ _ _ _ _ _ _ _ _ _ _ _ _ _ _ _ _ _ _ _ _ _ _ _ _ _ _ _ _ _ _ _ _ _ _ _ _ _ _ _ \ntests/test_workspaces.py:16: in login\n    about_page.click_login_link()\npages/about_page.py:20: in click_login_link\n    self.click(self.LOGIN_LINK)\npages/base_page.py:38: in click\n    el: WebElement = self.wait.until(\n_ _ _ _ _ _ _ _ _ _ _ _ _ _ _ _ _ _ _ _ _ _ _ _ _ _ _ _ _ _ _ _ _ _ _ _ _ _ _ _ \n\nself = <selenium.webdriver.support.wait.WebDriverWait (session=\"034179ac4d989d1daebce3f7b836f917\")>\nmethod = <function element_to_be_clickable.<locals>._predicate at 0x7f946a03c7c0>\nmessage = ''\n\n    def until(self, method, message: str = \"\"):\n        \"\"\"Calls the method provided with the driver as an argument until the \\\n        return value does not evaluate to ``False``.\n    \n        :param method: callable(WebDriver)\n        :param message: optional message for :exc:`TimeoutException`\n        :returns: the result of the last call to `method`\n        :raises: :exc:`selenium.common.exceptions.TimeoutException` if timeout occurs\n        \"\"\"\n        screen = None\n        stacktrace = None\n    \n        end_time = time.monotonic() + self._timeout\n        while True:\n            try:\n                value = method(self._driver)\n                if value:\n                    return value\n            except self._ignored_exceptions as exc:\n                screen = getattr(exc, \"screen\", None)\n                stacktrace = getattr(exc, \"stacktrace\", None)\n            time.sleep(self._poll)\n            if time.monotonic() > end_time:\n                break\n>       raise TimeoutException(message, screen, stacktrace)\nE       selenium.common.exceptions.TimeoutException: Message: \nE       Stacktrace:\nE       #0 0x564c3514d613 <unknown>\nE       #1 0x564c34e79537 <unknown>\nE       #2 0x564c34eb7f53 <unknown>\nE       #3 0x564c34eb8041 <unknown>\nE       #4 0x564c34ef32a4 <unknown>\nE       #5 0x564c34ed8a5d <unknown>\nE       #6 0x564c34ef0d09 <unknown>\nE       #7 0x564c34ed8803 <unknown>\nE       #8 0x564c34eac68b <unknown>\nE       #9 0x564c34ead42e <unknown>\nE       #10 0x564c3510ec28 <unknown>\nE       #11 0x564c35112af7 <unknown>\nE       #12 0x564c3511d01c <unknown>\nE       #13 0x564c35113723 <unknown>\nE       #14 0x564c350e2457 <unknown>\nE       #15 0x564c35137628 <unknown>\nE       #16 0x564c351377b7 <unknown>\nE       #17 0x564c35146483 <unknown>\nE       #18 0x7fb6c6e51b43 <unknown>\n\n.venv/lib/python3.11/site-packages/selenium/webdriver/support/wait.py:95: TimeoutException","flaky":false,"newFailed":false,"newBroken":false,"newPassed":false,"retriesCount":0,"retriesStatusChange":false,"beforeStages":[{"name":"base_url","time":{"start":1692234279000,"stop":1692234279000,"duration":0},"status":"passed","steps":[],"attachments":[],"parameters":[],"stepsCount":0,"attachmentsCount":0,"shouldDisplayMessage":false,"hasContent":false},{"name":"json_data","time":{"start":1692234279001,"stop":1692234279001,"duration":0},"status":"passed","steps":[],"attachments":[],"parameters":[],"stepsCount":0,"attachmentsCount":0,"shouldDisplayMessage":false,"hasContent":false},{"name":"_verify_url","time":{"start":1692234279001,"stop":1692234279001,"duration":0},"status":"passed","steps":[],"attachments":[],"parameters":[],"stepsCount":0,"attachmentsCount":0,"shouldDisplayMessage":false,"hasContent":false},{"name":"setup_method_fixture","time":{"start":1692234404973,"stop":1692234415246,"duration":10273},"status":"broken","statusMessage":"selenium.common.exceptions.TimeoutException: Message: \nStacktrace:\n#0 0x564c3514d613 <unknown>\n#1 0x564c34e79537 <unknown>\n#2 0x564c34eb7f53 <unknown>\n#3 0x564c34eb8041 <unknown>\n#4 0x564c34ef32a4 <unknown>\n#5 0x564c34ed8a5d <unknown>\n#6 0x564c34ef0d09 <unknown>\n#7 0x564c34ed8803 <unknown>\n#8 0x564c34eac68b <unknown>\n#9 0x564c34ead42e <unknown>\n#10 0x564c3510ec28 <unknown>\n#11 0x564c35112af7 <unknown>\n#12 0x564c3511d01c <unknown>\n#13 0x564c35113723 <unknown>\n#14 0x564c350e2457 <unknown>\n#15 0x564c35137628 <unknown>\n#16 0x564c351377b7 <unknown>\n#17 0x564c35146483 <unknown>\n#18 0x7fb6c6e51b43 <unknown>\n\n","statusTrace":"  File \"/home/runner/work/Selenium-Python-Example/Selenium-Python-Example/.venv/lib/python3.11/site-packages/pluggy/_callers.py\", line 80, in _multicall\n    res = hook_impl.function(*args)\n          ^^^^^^^^^^^^^^^^^^^^^^^^^\n  File \"/home/runner/work/Selenium-Python-Example/Selenium-Python-Example/.venv/lib/python3.11/site-packages/_pytest/fixtures.py\", line 1123, in pytest_fixture_setup\n    result = call_fixture_func(fixturefunc, request, kwargs)\n             ^^^^^^^^^^^^^^^^^^^^^^^^^^^^^^^^^^^^^^^^^^^^^^^\n  File \"/home/runner/work/Selenium-Python-Example/Selenium-Python-Example/.venv/lib/python3.11/site-packages/_pytest/fixtures.py\", line 902, in call_fixture_func\n    fixture_result = fixturefunc(**kwargs)\n                     ^^^^^^^^^^^^^^^^^^^^^\n  File \"/home/runner/work/Selenium-Python-Example/Selenium-Python-Example/tests/test_workspaces.py\", line 26, in setup_method_fixture\n    login(request, self.about_page, self.login_page)\n  File \"/home/runner/work/Selenium-Python-Example/Selenium-Python-Example/tests/test_workspaces.py\", line 16, in login\n    about_page.click_login_link()\n  File \"/home/runner/work/Selenium-Python-Example/Selenium-Python-Example/.venv/lib/python3.11/site-packages/allure_commons/_allure.py\", line 192, in impl\n    return func(*a, **kw)\n           ^^^^^^^^^^^^^^\n  File \"/home/runner/work/Selenium-Python-Example/Selenium-Python-Example/pages/about_page.py\", line 20, in click_login_link\n    self.click(self.LOGIN_LINK)\n  File \"/home/runner/work/Selenium-Python-Example/Selenium-Python-Example/pages/base_page.py\", line 38, in click\n    el: WebElement = self.wait.until(\n                     ^^^^^^^^^^^^^^^^\n  File \"/home/runner/work/Selenium-Python-Example/Selenium-Python-Example/.venv/lib/python3.11/site-packages/selenium/webdriver/support/wait.py\", line 95, in until\n    raise TimeoutException(message, screen, stacktrace)\n","steps":[{"name":"Click Login link","time":{"start":1692234404973,"stop":1692234415245,"duration":10272},"status":"broken","statusMessage":"selenium.common.exceptions.TimeoutException: Message: \nStacktrace:\n#0 0x564c3514d613 <unknown>\n#1 0x564c34e79537 <unknown>\n#2 0x564c34eb7f53 <unknown>\n#3 0x564c34eb8041 <unknown>\n#4 0x564c34ef32a4 <unknown>\n#5 0x564c34ed8a5d <unknown>\n#6 0x564c34ef0d09 <unknown>\n#7 0x564c34ed8803 <unknown>\n#8 0x564c34eac68b <unknown>\n#9 0x564c34ead42e <unknown>\n#10 0x564c3510ec28 <unknown>\n#11 0x564c35112af7 <unknown>\n#12 0x564c3511d01c <unknown>\n#13 0x564c35113723 <unknown>\n#14 0x564c350e2457 <unknown>\n#15 0x564c35137628 <unknown>\n#16 0x564c351377b7 <unknown>\n#17 0x564c35146483 <unknown>\n#18 0x7fb6c6e51b43 <unknown>\n\n","statusTrace":"  File \"/home/runner/work/Selenium-Python-Example/Selenium-Python-Example/.venv/lib/python3.11/site-packages/allure_commons/_allure.py\", line 192, in impl\n    return func(*a, **kw)\n           ^^^^^^^^^^^^^^\n  File \"/home/runner/work/Selenium-Python-Example/Selenium-Python-Example/pages/about_page.py\", line 20, in click_login_link\n    self.click(self.LOGIN_LINK)\n  File \"/home/runner/work/Selenium-Python-Example/Selenium-Python-Example/pages/base_page.py\", line 38, in click\n    el: WebElement = self.wait.until(\n                     ^^^^^^^^^^^^^^^^\n  File \"/home/runner/work/Selenium-Python-Example/Selenium-Python-Example/.venv/lib/python3.11/site-packages/selenium/webdriver/support/wait.py\", line 95, in until\n    raise TimeoutException(message, screen, stacktrace)\n","steps":[],"attachments":[],"parameters":[],"stepsCount":0,"attachmentsCount":0,"shouldDisplayMessage":true,"hasContent":true}],"attachments":[],"parameters":[],"stepsCount":1,"attachmentsCount":0,"shouldDisplayMessage":false,"hasContent":true}],"testStage":{"description":"Selecting and adding a project to workspace","status":"broken","statusMessage":"selenium.common.exceptions.TimeoutException: Message: \nStacktrace:\n#0 0x564c3514d613 <unknown>\n#1 0x564c34e79537 <unknown>\n#2 0x564c34eb7f53 <unknown>\n#3 0x564c34eb8041 <unknown>\n#4 0x564c34ef32a4 <unknown>\n#5 0x564c34ed8a5d <unknown>\n#6 0x564c34ef0d09 <unknown>\n#7 0x564c34ed8803 <unknown>\n#8 0x564c34eac68b <unknown>\n#9 0x564c34ead42e <unknown>\n#10 0x564c3510ec28 <unknown>\n#11 0x564c35112af7 <unknown>\n#12 0x564c3511d01c <unknown>\n#13 0x564c35113723 <unknown>\n#14 0x564c350e2457 <unknown>\n#15 0x564c35137628 <unknown>\n#16 0x564c351377b7 <unknown>\n#17 0x564c35146483 <unknown>\n#18 0x7fb6c6e51b43 <unknown>","statusTrace":"self = <tests.test_workspaces.TestWorkspaces object at 0x7f9469fe2610>\nrequest = <SubRequest 'setup_method_fixture' for <Function test_add_project_to_workspace>>\n\n    @pytest.fixture(autouse=True)\n    def setup_method_fixture(self, request):\n>       login(request, self.about_page, self.login_page)\n\ntests/test_workspaces.py:26: \n_ _ _ _ _ _ _ _ _ _ _ _ _ _ _ _ _ _ _ _ _ _ _ _ _ _ _ _ _ _ _ _ _ _ _ _ _ _ _ _ \ntests/test_workspaces.py:16: in login\n    about_page.click_login_link()\npages/about_page.py:20: in click_login_link\n    self.click(self.LOGIN_LINK)\npages/base_page.py:38: in click\n    el: WebElement = self.wait.until(\n_ _ _ _ _ _ _ _ _ _ _ _ _ _ _ _ _ _ _ _ _ _ _ _ _ _ _ _ _ _ _ _ _ _ _ _ _ _ _ _ \n\nself = <selenium.webdriver.support.wait.WebDriverWait (session=\"034179ac4d989d1daebce3f7b836f917\")>\nmethod = <function element_to_be_clickable.<locals>._predicate at 0x7f946a03c7c0>\nmessage = ''\n\n    def until(self, method, message: str = \"\"):\n        \"\"\"Calls the method provided with the driver as an argument until the \\\n        return value does not evaluate to ``False``.\n    \n        :param method: callable(WebDriver)\n        :param message: optional message for :exc:`TimeoutException`\n        :returns: the result of the last call to `method`\n        :raises: :exc:`selenium.common.exceptions.TimeoutException` if timeout occurs\n        \"\"\"\n        screen = None\n        stacktrace = None\n    \n        end_time = time.monotonic() + self._timeout\n        while True:\n            try:\n                value = method(self._driver)\n                if value:\n                    return value\n            except self._ignored_exceptions as exc:\n                screen = getattr(exc, \"screen\", None)\n                stacktrace = getattr(exc, \"stacktrace\", None)\n            time.sleep(self._poll)\n            if time.monotonic() > end_time:\n                break\n>       raise TimeoutException(message, screen, stacktrace)\nE       selenium.common.exceptions.TimeoutException: Message: \nE       Stacktrace:\nE       #0 0x564c3514d613 <unknown>\nE       #1 0x564c34e79537 <unknown>\nE       #2 0x564c34eb7f53 <unknown>\nE       #3 0x564c34eb8041 <unknown>\nE       #4 0x564c34ef32a4 <unknown>\nE       #5 0x564c34ed8a5d <unknown>\nE       #6 0x564c34ef0d09 <unknown>\nE       #7 0x564c34ed8803 <unknown>\nE       #8 0x564c34eac68b <unknown>\nE       #9 0x564c34ead42e <unknown>\nE       #10 0x564c3510ec28 <unknown>\nE       #11 0x564c35112af7 <unknown>\nE       #12 0x564c3511d01c <unknown>\nE       #13 0x564c35113723 <unknown>\nE       #14 0x564c350e2457 <unknown>\nE       #15 0x564c35137628 <unknown>\nE       #16 0x564c351377b7 <unknown>\nE       #17 0x564c35146483 <unknown>\nE       #18 0x7fb6c6e51b43 <unknown>\n\n.venv/lib/python3.11/site-packages/selenium/webdriver/support/wait.py:95: TimeoutException","steps":[],"attachments":[{"uid":"44453fb2fcefc603","name":"public ip address","source":"44453fb2fcefc603.txt","type":"text/plain","size":13},{"uid":"9d633119ba05abfe","name":"Cookies","source":"9d633119ba05abfe.json","type":"application/json","size":1237},{"uid":"2236a96d9dac8267","name":"Session Storage","source":"2236a96d9dac8267.json","type":"application/json","size":2},{"uid":"f03875f601da85f7","name":"Local Storage","source":"f03875f601da85f7.json","type":"application/json","size":208},{"uid":"9e874cdcc144dc51","name":"Console Logs","source":"9e874cdcc144dc51.json","type":"application/json","size":4954},{"uid":"44440e15180814b6","name":"Full Page Screenshot","source":"44440e15180814b6.png","type":"image/png","size":3162677},{"uid":"499b3d5cdc799d3f","name":"URL","source":"499b3d5cdc799d3f.uri","type":"text/uri-list","size":23},{"uid":"2d618b3eda9fb1a5","name":"Network Logs","source":"2d618b3eda9fb1a5.json","type":"application/json","size":28280}],"parameters":[],"stepsCount":0,"attachmentsCount":8,"shouldDisplayMessage":true,"hasContent":true},"afterStages":[],"labels":[{"name":"severity","value":"normal"},{"name":"epic","value":"Workspaces"},{"name":"story","value":"WorkSpaces Creation and Editing Functionality"},{"name":"tag","value":"run(order=5)"},{"name":"parentSuite","value":"tests"},{"name":"suite","value":"test_workspaces"},{"name":"subSuite","value":"TestWorkspaces"},{"name":"host","value":"fv-az590-232"},{"name":"thread","value":"2109-MainThread"},{"name":"framework","value":"pytest"},{"name":"language","value":"cpython3"},{"name":"package","value":"tests.test_workspaces"},{"name":"resultFormat","value":"allure2"}],"parameters":[],"links":[],"hidden":false,"retry":false,"extra":{"severity":"normal","retries":[],"categories":[{"name":"Test defects","matchedStatuses":[],"flaky":false}],"tags":["run(order=5)"]},"source":"916b25510b3bbd2.json","parameterValues":[]}