{"uid":"995932207da35bb1","name":"Search for non existing project","fullName":"tests.test_workspaces.TestWorkspaces#test_search_for_non_existing_project","historyId":"fd02db7e15fbde7f94675ef36547cabe","time":{"start":1688753371446,"stop":1688753371446,"duration":0},"description":"Search for a non existing project","descriptionHtml":"<p>Search for a non existing project</p>\n","status":"broken","statusMessage":"selenium.common.exceptions.TimeoutException: Message: \nStacktrace:\n#0 0x562d371eb4e3 <unknown>\n#1 0x562d36f1ac76 <unknown>\n#2 0x562d36f56c96 <unknown>\n#3 0x562d36f56dc1 <unknown>\n#4 0x562d36f907f4 <unknown>\n#5 0x562d36f7603d <unknown>\n#6 0x562d36f8e30e <unknown>\n#7 0x562d36f75de3 <unknown>\n#8 0x562d36f4b2dd <unknown>\n#9 0x562d36f4c34e <unknown>\n#10 0x562d371ab3e4 <unknown>\n#11 0x562d371af3d7 <unknown>\n#12 0x562d371b9b20 <unknown>\n#13 0x562d371b0023 <unknown>\n#14 0x562d3717e1aa <unknown>\n#15 0x562d371d46b8 <unknown>\n#16 0x562d371d4847 <unknown>\n#17 0x562d371e4243 <unknown>\n#18 0x7f4341a8fb43 <unknown>","statusTrace":"self = <tests.test_workspaces.TestWorkspaces object at 0x7f0fe57dd950>\nrequest = <SubRequest 'setup_method_fixture' for <Function test_search_for_non_existing_project>>\n\n    @pytest.fixture(autouse=True)\n    def setup_method_fixture(self, request):\n>       login(request, self.about_page, self.login_page)\n\ntests/test_workspaces.py:27: \n_ _ _ _ _ _ _ _ _ _ _ _ _ _ _ _ _ _ _ _ _ _ _ _ _ _ _ _ _ _ _ _ _ _ _ _ _ _ _ _ \ntests/test_workspaces.py:16: in login\n    about_page.click_login_link()\npages/about_page.py:19: in click_login_link\n    self.click(self.LOGIN_LINK)\npages/base_page.py:34: in click\n    el: WebElement = self.wait.until(expected_conditions.element_to_be_clickable(locator))\n_ _ _ _ _ _ _ _ _ _ _ _ _ _ _ _ _ _ _ _ _ _ _ _ _ _ _ _ _ _ _ _ _ _ _ _ _ _ _ _ \n\nself = <selenium.webdriver.support.wait.WebDriverWait (session=\"41e86a59823371e650ff241a1acb114e\")>\nmethod = <function element_to_be_clickable.<locals>._predicate at 0x7f0fe5665120>\nmessage = ''\n\n    def until(self, method, message: str = \"\"):\n        \"\"\"Calls the method provided with the driver as an argument until the \\\n        return value does not evaluate to ``False``.\n    \n        :param method: callable(WebDriver)\n        :param message: optional message for :exc:`TimeoutException`\n        :returns: the result of the last call to `method`\n        :raises: :exc:`selenium.common.exceptions.TimeoutException` if timeout occurs\n        \"\"\"\n        screen = None\n        stacktrace = None\n    \n        end_time = time.monotonic() + self._timeout\n        while True:\n            try:\n                value = method(self._driver)\n                if value:\n                    return value\n            except self._ignored_exceptions as exc:\n                screen = getattr(exc, \"screen\", None)\n                stacktrace = getattr(exc, \"stacktrace\", None)\n            time.sleep(self._poll)\n            if time.monotonic() > end_time:\n                break\n>       raise TimeoutException(message, screen, stacktrace)\nE       selenium.common.exceptions.TimeoutException: Message: \nE       Stacktrace:\nE       #0 0x562d371eb4e3 <unknown>\nE       #1 0x562d36f1ac76 <unknown>\nE       #2 0x562d36f56c96 <unknown>\nE       #3 0x562d36f56dc1 <unknown>\nE       #4 0x562d36f907f4 <unknown>\nE       #5 0x562d36f7603d <unknown>\nE       #6 0x562d36f8e30e <unknown>\nE       #7 0x562d36f75de3 <unknown>\nE       #8 0x562d36f4b2dd <unknown>\nE       #9 0x562d36f4c34e <unknown>\nE       #10 0x562d371ab3e4 <unknown>\nE       #11 0x562d371af3d7 <unknown>\nE       #12 0x562d371b9b20 <unknown>\nE       #13 0x562d371b0023 <unknown>\nE       #14 0x562d3717e1aa <unknown>\nE       #15 0x562d371d46b8 <unknown>\nE       #16 0x562d371d4847 <unknown>\nE       #17 0x562d371e4243 <unknown>\nE       #18 0x7f4341a8fb43 <unknown>\n\n.venv/lib/python3.11/site-packages/selenium/webdriver/support/wait.py:95: TimeoutException","flaky":false,"newFailed":false,"newBroken":false,"newPassed":false,"retriesCount":0,"retriesStatusChange":false,"beforeStages":[{"name":"json_data","time":{"start":1688753216708,"stop":1688753216709,"duration":1},"status":"passed","steps":[],"attachments":[],"parameters":[],"stepsCount":0,"attachmentsCount":0,"shouldDisplayMessage":false,"hasContent":false},{"name":"setup_method_fixture","time":{"start":1688753373661,"stop":1688753384015,"duration":10354},"status":"broken","statusMessage":"selenium.common.exceptions.TimeoutException: Message: \nStacktrace:\n#0 0x562d371eb4e3 <unknown>\n#1 0x562d36f1ac76 <unknown>\n#2 0x562d36f56c96 <unknown>\n#3 0x562d36f56dc1 <unknown>\n#4 0x562d36f907f4 <unknown>\n#5 0x562d36f7603d <unknown>\n#6 0x562d36f8e30e <unknown>\n#7 0x562d36f75de3 <unknown>\n#8 0x562d36f4b2dd <unknown>\n#9 0x562d36f4c34e <unknown>\n#10 0x562d371ab3e4 <unknown>\n#11 0x562d371af3d7 <unknown>\n#12 0x562d371b9b20 <unknown>\n#13 0x562d371b0023 <unknown>\n#14 0x562d3717e1aa <unknown>\n#15 0x562d371d46b8 <unknown>\n#16 0x562d371d4847 <unknown>\n#17 0x562d371e4243 <unknown>\n#18 0x7f4341a8fb43 <unknown>\n\n","statusTrace":"  File \"/home/runner/work/Selenium-Python-Example/Selenium-Python-Example/.venv/lib/python3.11/site-packages/pluggy/_callers.py\", line 39, in _multicall\n    res = hook_impl.function(*args)\n          ^^^^^^^^^^^^^^^^^^^^^^^^^\n  File \"/home/runner/work/Selenium-Python-Example/Selenium-Python-Example/.venv/lib/python3.11/site-packages/_pytest/fixtures.py\", line 1123, in pytest_fixture_setup\n    result = call_fixture_func(fixturefunc, request, kwargs)\n             ^^^^^^^^^^^^^^^^^^^^^^^^^^^^^^^^^^^^^^^^^^^^^^^\n  File \"/home/runner/work/Selenium-Python-Example/Selenium-Python-Example/.venv/lib/python3.11/site-packages/_pytest/fixtures.py\", line 902, in call_fixture_func\n    fixture_result = fixturefunc(**kwargs)\n                     ^^^^^^^^^^^^^^^^^^^^^\n  File \"/home/runner/work/Selenium-Python-Example/Selenium-Python-Example/tests/test_workspaces.py\", line 27, in setup_method_fixture\n    login(request, self.about_page, self.login_page)\n  File \"/home/runner/work/Selenium-Python-Example/Selenium-Python-Example/tests/test_workspaces.py\", line 16, in login\n    about_page.click_login_link()\n  File \"/home/runner/work/Selenium-Python-Example/Selenium-Python-Example/.venv/lib/python3.11/site-packages/allure_commons/_allure.py\", line 192, in impl\n    return func(*a, **kw)\n           ^^^^^^^^^^^^^^\n  File \"/home/runner/work/Selenium-Python-Example/Selenium-Python-Example/pages/about_page.py\", line 19, in click_login_link\n    self.click(self.LOGIN_LINK)\n  File \"/home/runner/work/Selenium-Python-Example/Selenium-Python-Example/pages/base_page.py\", line 34, in click\n    el: WebElement = self.wait.until(expected_conditions.element_to_be_clickable(locator))\n                     ^^^^^^^^^^^^^^^^^^^^^^^^^^^^^^^^^^^^^^^^^^^^^^^^^^^^^^^^^^^^^^^^^^^^^\n  File \"/home/runner/work/Selenium-Python-Example/Selenium-Python-Example/.venv/lib/python3.11/site-packages/selenium/webdriver/support/wait.py\", line 95, in until\n    raise TimeoutException(message, screen, stacktrace)\n","steps":[{"name":"Click Login link","time":{"start":1688753373662,"stop":1688753384015,"duration":10353},"status":"broken","statusMessage":"selenium.common.exceptions.TimeoutException: Message: \nStacktrace:\n#0 0x562d371eb4e3 <unknown>\n#1 0x562d36f1ac76 <unknown>\n#2 0x562d36f56c96 <unknown>\n#3 0x562d36f56dc1 <unknown>\n#4 0x562d36f907f4 <unknown>\n#5 0x562d36f7603d <unknown>\n#6 0x562d36f8e30e <unknown>\n#7 0x562d36f75de3 <unknown>\n#8 0x562d36f4b2dd <unknown>\n#9 0x562d36f4c34e <unknown>\n#10 0x562d371ab3e4 <unknown>\n#11 0x562d371af3d7 <unknown>\n#12 0x562d371b9b20 <unknown>\n#13 0x562d371b0023 <unknown>\n#14 0x562d3717e1aa <unknown>\n#15 0x562d371d46b8 <unknown>\n#16 0x562d371d4847 <unknown>\n#17 0x562d371e4243 <unknown>\n#18 0x7f4341a8fb43 <unknown>\n\n","statusTrace":"  File \"/home/runner/work/Selenium-Python-Example/Selenium-Python-Example/.venv/lib/python3.11/site-packages/allure_commons/_allure.py\", line 192, in impl\n    return func(*a, **kw)\n           ^^^^^^^^^^^^^^\n  File \"/home/runner/work/Selenium-Python-Example/Selenium-Python-Example/pages/about_page.py\", line 19, in click_login_link\n    self.click(self.LOGIN_LINK)\n  File \"/home/runner/work/Selenium-Python-Example/Selenium-Python-Example/pages/base_page.py\", line 34, in click\n    el: WebElement = self.wait.until(expected_conditions.element_to_be_clickable(locator))\n                     ^^^^^^^^^^^^^^^^^^^^^^^^^^^^^^^^^^^^^^^^^^^^^^^^^^^^^^^^^^^^^^^^^^^^^\n  File \"/home/runner/work/Selenium-Python-Example/Selenium-Python-Example/.venv/lib/python3.11/site-packages/selenium/webdriver/support/wait.py\", line 95, in until\n    raise TimeoutException(message, screen, stacktrace)\n","steps":[],"attachments":[],"parameters":[],"stepsCount":0,"attachmentsCount":0,"shouldDisplayMessage":true,"hasContent":true}],"attachments":[],"parameters":[],"stepsCount":1,"attachmentsCount":0,"shouldDisplayMessage":false,"hasContent":true}],"testStage":{"description":"Search for a non existing project","status":"broken","statusMessage":"selenium.common.exceptions.TimeoutException: Message: \nStacktrace:\n#0 0x562d371eb4e3 <unknown>\n#1 0x562d36f1ac76 <unknown>\n#2 0x562d36f56c96 <unknown>\n#3 0x562d36f56dc1 <unknown>\n#4 0x562d36f907f4 <unknown>\n#5 0x562d36f7603d <unknown>\n#6 0x562d36f8e30e <unknown>\n#7 0x562d36f75de3 <unknown>\n#8 0x562d36f4b2dd <unknown>\n#9 0x562d36f4c34e <unknown>\n#10 0x562d371ab3e4 <unknown>\n#11 0x562d371af3d7 <unknown>\n#12 0x562d371b9b20 <unknown>\n#13 0x562d371b0023 <unknown>\n#14 0x562d3717e1aa <unknown>\n#15 0x562d371d46b8 <unknown>\n#16 0x562d371d4847 <unknown>\n#17 0x562d371e4243 <unknown>\n#18 0x7f4341a8fb43 <unknown>","statusTrace":"self = <tests.test_workspaces.TestWorkspaces object at 0x7f0fe57dd950>\nrequest = <SubRequest 'setup_method_fixture' for <Function test_search_for_non_existing_project>>\n\n    @pytest.fixture(autouse=True)\n    def setup_method_fixture(self, request):\n>       login(request, self.about_page, self.login_page)\n\ntests/test_workspaces.py:27: \n_ _ _ _ _ _ _ _ _ _ _ _ _ _ _ _ _ _ _ _ _ _ _ _ _ _ _ _ _ _ _ _ _ _ _ _ _ _ _ _ \ntests/test_workspaces.py:16: in login\n    about_page.click_login_link()\npages/about_page.py:19: in click_login_link\n    self.click(self.LOGIN_LINK)\npages/base_page.py:34: in click\n    el: WebElement = self.wait.until(expected_conditions.element_to_be_clickable(locator))\n_ _ _ _ _ _ _ _ _ _ _ _ _ _ _ _ _ _ _ _ _ _ _ _ _ _ _ _ _ _ _ _ _ _ _ _ _ _ _ _ \n\nself = <selenium.webdriver.support.wait.WebDriverWait (session=\"41e86a59823371e650ff241a1acb114e\")>\nmethod = <function element_to_be_clickable.<locals>._predicate at 0x7f0fe5665120>\nmessage = ''\n\n    def until(self, method, message: str = \"\"):\n        \"\"\"Calls the method provided with the driver as an argument until the \\\n        return value does not evaluate to ``False``.\n    \n        :param method: callable(WebDriver)\n        :param message: optional message for :exc:`TimeoutException`\n        :returns: the result of the last call to `method`\n        :raises: :exc:`selenium.common.exceptions.TimeoutException` if timeout occurs\n        \"\"\"\n        screen = None\n        stacktrace = None\n    \n        end_time = time.monotonic() + self._timeout\n        while True:\n            try:\n                value = method(self._driver)\n                if value:\n                    return value\n            except self._ignored_exceptions as exc:\n                screen = getattr(exc, \"screen\", None)\n                stacktrace = getattr(exc, \"stacktrace\", None)\n            time.sleep(self._poll)\n            if time.monotonic() > end_time:\n                break\n>       raise TimeoutException(message, screen, stacktrace)\nE       selenium.common.exceptions.TimeoutException: Message: \nE       Stacktrace:\nE       #0 0x562d371eb4e3 <unknown>\nE       #1 0x562d36f1ac76 <unknown>\nE       #2 0x562d36f56c96 <unknown>\nE       #3 0x562d36f56dc1 <unknown>\nE       #4 0x562d36f907f4 <unknown>\nE       #5 0x562d36f7603d <unknown>\nE       #6 0x562d36f8e30e <unknown>\nE       #7 0x562d36f75de3 <unknown>\nE       #8 0x562d36f4b2dd <unknown>\nE       #9 0x562d36f4c34e <unknown>\nE       #10 0x562d371ab3e4 <unknown>\nE       #11 0x562d371af3d7 <unknown>\nE       #12 0x562d371b9b20 <unknown>\nE       #13 0x562d371b0023 <unknown>\nE       #14 0x562d3717e1aa <unknown>\nE       #15 0x562d371d46b8 <unknown>\nE       #16 0x562d371d4847 <unknown>\nE       #17 0x562d371e4243 <unknown>\nE       #18 0x7f4341a8fb43 <unknown>\n\n.venv/lib/python3.11/site-packages/selenium/webdriver/support/wait.py:95: TimeoutException","steps":[],"attachments":[{"uid":"bb7b308d084f344","name":"Full Page Screenshot","source":"bb7b308d084f344.png","type":"image/png","size":2759801},{"uid":"83875a10fb613ab5","name":"URL","source":"83875a10fb613ab5.uri","type":"text/uri-list","size":23},{"uid":"64b4703849a7e3e6","name":"public ip address","source":"64b4703849a7e3e6.txt","type":"text/plain","size":13},{"uid":"61a83e5482e48c7b","name":"Cookies","source":"61a83e5482e48c7b.json","type":"application/json","size":3283},{"uid":"1c4111959857b097","name":"Session Storage","source":"1c4111959857b097.json","type":"application/json","size":2},{"uid":"d4c4b59bcbfb3119","name":"Local Storage","source":"d4c4b59bcbfb3119.json","type":"application/json","size":208},{"uid":"8bc3242c6665053","name":"Console Logs","source":"8bc3242c6665053.json","type":"application/json","size":2},{"uid":"c900b12a0d4d0391","name":"Network Logs","source":"c900b12a0d4d0391.json","type":"application/json","size":47545}],"parameters":[],"stepsCount":0,"attachmentsCount":8,"shouldDisplayMessage":true,"hasContent":true},"afterStages":[],"labels":[{"name":"story","value":"WorkSpaces Creation and Editing Functionality"},{"name":"severity","value":"normal"},{"name":"epic","value":"Workspaces"},{"name":"tag","value":"run(order=7)"},{"name":"parentSuite","value":"tests"},{"name":"suite","value":"test_workspaces"},{"name":"subSuite","value":"TestWorkspaces"},{"name":"host","value":"fv-az576-142"},{"name":"thread","value":"2293-MainThread"},{"name":"framework","value":"pytest"},{"name":"language","value":"cpython3"},{"name":"package","value":"tests.test_workspaces"},{"name":"resultFormat","value":"allure2"}],"parameters":[],"links":[],"hidden":false,"retry":false,"extra":{"severity":"normal","retries":[],"categories":[{"name":"Test defects","matchedStatuses":[],"flaky":false}],"tags":["run(order=7)"]},"source":"995932207da35bb1.json","parameterValues":[]}