{"uid":"ccbf31cd7aebef","name":"Rename an existing workspace test","fullName":"tests.test_workspaces.TestWorkspaces#test_rename_workspace","historyId":"d49362deb707221678019bdc76bcec08","time":{"start":1688753261634,"stop":1688753261634,"duration":0},"description":"Rename an existing workspace","descriptionHtml":"<p>Rename an existing workspace</p>\n","status":"broken","statusMessage":"selenium.common.exceptions.TimeoutException: Message: \nStacktrace:\n#0 0x5608ecdb74e3 <unknown>\n#1 0x5608ecae6c76 <unknown>\n#2 0x5608ecb22c96 <unknown>\n#3 0x5608ecb22dc1 <unknown>\n#4 0x5608ecb5c7f4 <unknown>\n#5 0x5608ecb4203d <unknown>\n#6 0x5608ecb5a30e <unknown>\n#7 0x5608ecb41de3 <unknown>\n#8 0x5608ecb172dd <unknown>\n#9 0x5608ecb1834e <unknown>\n#10 0x5608ecd773e4 <unknown>\n#11 0x5608ecd7b3d7 <unknown>\n#12 0x5608ecd85b20 <unknown>\n#13 0x5608ecd7c023 <unknown>\n#14 0x5608ecd4a1aa <unknown>\n#15 0x5608ecda06b8 <unknown>\n#16 0x5608ecda0847 <unknown>\n#17 0x5608ecdb0243 <unknown>\n#18 0x7efc11788b43 <unknown>","statusTrace":"self = <tests.test_workspaces.TestWorkspaces object at 0x7f0fe57dced0>\nrequest = <SubRequest 'setup_method_fixture' for <Function test_rename_workspace>>\n\n    @pytest.fixture(autouse=True)\n    def setup_method_fixture(self, request):\n>       login(request, self.about_page, self.login_page)\n\ntests/test_workspaces.py:27: \n_ _ _ _ _ _ _ _ _ _ _ _ _ _ _ _ _ _ _ _ _ _ _ _ _ _ _ _ _ _ _ _ _ _ _ _ _ _ _ _ \ntests/test_workspaces.py:16: in login\n    about_page.click_login_link()\npages/about_page.py:19: in click_login_link\n    self.click(self.LOGIN_LINK)\npages/base_page.py:34: in click\n    el: WebElement = self.wait.until(expected_conditions.element_to_be_clickable(locator))\n_ _ _ _ _ _ _ _ _ _ _ _ _ _ _ _ _ _ _ _ _ _ _ _ _ _ _ _ _ _ _ _ _ _ _ _ _ _ _ _ \n\nself = <selenium.webdriver.support.wait.WebDriverWait (session=\"bc4a7091b4b345e277b3e4394137656f\")>\nmethod = <function element_to_be_clickable.<locals>._predicate at 0x7f0fe5664360>\nmessage = ''\n\n    def until(self, method, message: str = \"\"):\n        \"\"\"Calls the method provided with the driver as an argument until the \\\n        return value does not evaluate to ``False``.\n    \n        :param method: callable(WebDriver)\n        :param message: optional message for :exc:`TimeoutException`\n        :returns: the result of the last call to `method`\n        :raises: :exc:`selenium.common.exceptions.TimeoutException` if timeout occurs\n        \"\"\"\n        screen = None\n        stacktrace = None\n    \n        end_time = time.monotonic() + self._timeout\n        while True:\n            try:\n                value = method(self._driver)\n                if value:\n                    return value\n            except self._ignored_exceptions as exc:\n                screen = getattr(exc, \"screen\", None)\n                stacktrace = getattr(exc, \"stacktrace\", None)\n            time.sleep(self._poll)\n            if time.monotonic() > end_time:\n                break\n>       raise TimeoutException(message, screen, stacktrace)\nE       selenium.common.exceptions.TimeoutException: Message: \nE       Stacktrace:\nE       #0 0x5608ecdb74e3 <unknown>\nE       #1 0x5608ecae6c76 <unknown>\nE       #2 0x5608ecb22c96 <unknown>\nE       #3 0x5608ecb22dc1 <unknown>\nE       #4 0x5608ecb5c7f4 <unknown>\nE       #5 0x5608ecb4203d <unknown>\nE       #6 0x5608ecb5a30e <unknown>\nE       #7 0x5608ecb41de3 <unknown>\nE       #8 0x5608ecb172dd <unknown>\nE       #9 0x5608ecb1834e <unknown>\nE       #10 0x5608ecd773e4 <unknown>\nE       #11 0x5608ecd7b3d7 <unknown>\nE       #12 0x5608ecd85b20 <unknown>\nE       #13 0x5608ecd7c023 <unknown>\nE       #14 0x5608ecd4a1aa <unknown>\nE       #15 0x5608ecda06b8 <unknown>\nE       #16 0x5608ecda0847 <unknown>\nE       #17 0x5608ecdb0243 <unknown>\nE       #18 0x7efc11788b43 <unknown>\n\n.venv/lib/python3.11/site-packages/selenium/webdriver/support/wait.py:95: TimeoutException","flaky":false,"newFailed":false,"newBroken":false,"newPassed":false,"retriesCount":0,"retriesStatusChange":false,"beforeStages":[{"name":"json_data","time":{"start":1688753216708,"stop":1688753216709,"duration":1},"status":"passed","steps":[],"attachments":[],"parameters":[],"stepsCount":0,"attachmentsCount":0,"shouldDisplayMessage":false,"hasContent":false},{"name":"setup_method_fixture","time":{"start":1688753263943,"stop":1688753274245,"duration":10302},"status":"broken","statusMessage":"selenium.common.exceptions.TimeoutException: Message: \nStacktrace:\n#0 0x5608ecdb74e3 <unknown>\n#1 0x5608ecae6c76 <unknown>\n#2 0x5608ecb22c96 <unknown>\n#3 0x5608ecb22dc1 <unknown>\n#4 0x5608ecb5c7f4 <unknown>\n#5 0x5608ecb4203d <unknown>\n#6 0x5608ecb5a30e <unknown>\n#7 0x5608ecb41de3 <unknown>\n#8 0x5608ecb172dd <unknown>\n#9 0x5608ecb1834e <unknown>\n#10 0x5608ecd773e4 <unknown>\n#11 0x5608ecd7b3d7 <unknown>\n#12 0x5608ecd85b20 <unknown>\n#13 0x5608ecd7c023 <unknown>\n#14 0x5608ecd4a1aa <unknown>\n#15 0x5608ecda06b8 <unknown>\n#16 0x5608ecda0847 <unknown>\n#17 0x5608ecdb0243 <unknown>\n#18 0x7efc11788b43 <unknown>\n\n","statusTrace":"  File \"/home/runner/work/Selenium-Python-Example/Selenium-Python-Example/.venv/lib/python3.11/site-packages/pluggy/_callers.py\", line 39, in _multicall\n    res = hook_impl.function(*args)\n          ^^^^^^^^^^^^^^^^^^^^^^^^^\n  File \"/home/runner/work/Selenium-Python-Example/Selenium-Python-Example/.venv/lib/python3.11/site-packages/_pytest/fixtures.py\", line 1123, in pytest_fixture_setup\n    result = call_fixture_func(fixturefunc, request, kwargs)\n             ^^^^^^^^^^^^^^^^^^^^^^^^^^^^^^^^^^^^^^^^^^^^^^^\n  File \"/home/runner/work/Selenium-Python-Example/Selenium-Python-Example/.venv/lib/python3.11/site-packages/_pytest/fixtures.py\", line 902, in call_fixture_func\n    fixture_result = fixturefunc(**kwargs)\n                     ^^^^^^^^^^^^^^^^^^^^^\n  File \"/home/runner/work/Selenium-Python-Example/Selenium-Python-Example/tests/test_workspaces.py\", line 27, in setup_method_fixture\n    login(request, self.about_page, self.login_page)\n  File \"/home/runner/work/Selenium-Python-Example/Selenium-Python-Example/tests/test_workspaces.py\", line 16, in login\n    about_page.click_login_link()\n  File \"/home/runner/work/Selenium-Python-Example/Selenium-Python-Example/.venv/lib/python3.11/site-packages/allure_commons/_allure.py\", line 192, in impl\n    return func(*a, **kw)\n           ^^^^^^^^^^^^^^\n  File \"/home/runner/work/Selenium-Python-Example/Selenium-Python-Example/pages/about_page.py\", line 19, in click_login_link\n    self.click(self.LOGIN_LINK)\n  File \"/home/runner/work/Selenium-Python-Example/Selenium-Python-Example/pages/base_page.py\", line 34, in click\n    el: WebElement = self.wait.until(expected_conditions.element_to_be_clickable(locator))\n                     ^^^^^^^^^^^^^^^^^^^^^^^^^^^^^^^^^^^^^^^^^^^^^^^^^^^^^^^^^^^^^^^^^^^^^\n  File \"/home/runner/work/Selenium-Python-Example/Selenium-Python-Example/.venv/lib/python3.11/site-packages/selenium/webdriver/support/wait.py\", line 95, in until\n    raise TimeoutException(message, screen, stacktrace)\n","steps":[{"name":"Click Login link","time":{"start":1688753263943,"stop":1688753274245,"duration":10302},"status":"broken","statusMessage":"selenium.common.exceptions.TimeoutException: Message: \nStacktrace:\n#0 0x5608ecdb74e3 <unknown>\n#1 0x5608ecae6c76 <unknown>\n#2 0x5608ecb22c96 <unknown>\n#3 0x5608ecb22dc1 <unknown>\n#4 0x5608ecb5c7f4 <unknown>\n#5 0x5608ecb4203d <unknown>\n#6 0x5608ecb5a30e <unknown>\n#7 0x5608ecb41de3 <unknown>\n#8 0x5608ecb172dd <unknown>\n#9 0x5608ecb1834e <unknown>\n#10 0x5608ecd773e4 <unknown>\n#11 0x5608ecd7b3d7 <unknown>\n#12 0x5608ecd85b20 <unknown>\n#13 0x5608ecd7c023 <unknown>\n#14 0x5608ecd4a1aa <unknown>\n#15 0x5608ecda06b8 <unknown>\n#16 0x5608ecda0847 <unknown>\n#17 0x5608ecdb0243 <unknown>\n#18 0x7efc11788b43 <unknown>\n\n","statusTrace":"  File \"/home/runner/work/Selenium-Python-Example/Selenium-Python-Example/.venv/lib/python3.11/site-packages/allure_commons/_allure.py\", line 192, in impl\n    return func(*a, **kw)\n           ^^^^^^^^^^^^^^\n  File \"/home/runner/work/Selenium-Python-Example/Selenium-Python-Example/pages/about_page.py\", line 19, in click_login_link\n    self.click(self.LOGIN_LINK)\n  File \"/home/runner/work/Selenium-Python-Example/Selenium-Python-Example/pages/base_page.py\", line 34, in click\n    el: WebElement = self.wait.until(expected_conditions.element_to_be_clickable(locator))\n                     ^^^^^^^^^^^^^^^^^^^^^^^^^^^^^^^^^^^^^^^^^^^^^^^^^^^^^^^^^^^^^^^^^^^^^\n  File \"/home/runner/work/Selenium-Python-Example/Selenium-Python-Example/.venv/lib/python3.11/site-packages/selenium/webdriver/support/wait.py\", line 95, in until\n    raise TimeoutException(message, screen, stacktrace)\n","steps":[],"attachments":[],"parameters":[],"stepsCount":0,"attachmentsCount":0,"shouldDisplayMessage":true,"hasContent":true}],"attachments":[],"parameters":[],"stepsCount":1,"attachmentsCount":0,"shouldDisplayMessage":false,"hasContent":true}],"testStage":{"description":"Rename an existing workspace","status":"broken","statusMessage":"selenium.common.exceptions.TimeoutException: Message: \nStacktrace:\n#0 0x5608ecdb74e3 <unknown>\n#1 0x5608ecae6c76 <unknown>\n#2 0x5608ecb22c96 <unknown>\n#3 0x5608ecb22dc1 <unknown>\n#4 0x5608ecb5c7f4 <unknown>\n#5 0x5608ecb4203d <unknown>\n#6 0x5608ecb5a30e <unknown>\n#7 0x5608ecb41de3 <unknown>\n#8 0x5608ecb172dd <unknown>\n#9 0x5608ecb1834e <unknown>\n#10 0x5608ecd773e4 <unknown>\n#11 0x5608ecd7b3d7 <unknown>\n#12 0x5608ecd85b20 <unknown>\n#13 0x5608ecd7c023 <unknown>\n#14 0x5608ecd4a1aa <unknown>\n#15 0x5608ecda06b8 <unknown>\n#16 0x5608ecda0847 <unknown>\n#17 0x5608ecdb0243 <unknown>\n#18 0x7efc11788b43 <unknown>","statusTrace":"self = <tests.test_workspaces.TestWorkspaces object at 0x7f0fe57dced0>\nrequest = <SubRequest 'setup_method_fixture' for <Function test_rename_workspace>>\n\n    @pytest.fixture(autouse=True)\n    def setup_method_fixture(self, request):\n>       login(request, self.about_page, self.login_page)\n\ntests/test_workspaces.py:27: \n_ _ _ _ _ _ _ _ _ _ _ _ _ _ _ _ _ _ _ _ _ _ _ _ _ _ _ _ _ _ _ _ _ _ _ _ _ _ _ _ \ntests/test_workspaces.py:16: in login\n    about_page.click_login_link()\npages/about_page.py:19: in click_login_link\n    self.click(self.LOGIN_LINK)\npages/base_page.py:34: in click\n    el: WebElement = self.wait.until(expected_conditions.element_to_be_clickable(locator))\n_ _ _ _ _ _ _ _ _ _ _ _ _ _ _ _ _ _ _ _ _ _ _ _ _ _ _ _ _ _ _ _ _ _ _ _ _ _ _ _ \n\nself = <selenium.webdriver.support.wait.WebDriverWait (session=\"bc4a7091b4b345e277b3e4394137656f\")>\nmethod = <function element_to_be_clickable.<locals>._predicate at 0x7f0fe5664360>\nmessage = ''\n\n    def until(self, method, message: str = \"\"):\n        \"\"\"Calls the method provided with the driver as an argument until the \\\n        return value does not evaluate to ``False``.\n    \n        :param method: callable(WebDriver)\n        :param message: optional message for :exc:`TimeoutException`\n        :returns: the result of the last call to `method`\n        :raises: :exc:`selenium.common.exceptions.TimeoutException` if timeout occurs\n        \"\"\"\n        screen = None\n        stacktrace = None\n    \n        end_time = time.monotonic() + self._timeout\n        while True:\n            try:\n                value = method(self._driver)\n                if value:\n                    return value\n            except self._ignored_exceptions as exc:\n                screen = getattr(exc, \"screen\", None)\n                stacktrace = getattr(exc, \"stacktrace\", None)\n            time.sleep(self._poll)\n            if time.monotonic() > end_time:\n                break\n>       raise TimeoutException(message, screen, stacktrace)\nE       selenium.common.exceptions.TimeoutException: Message: \nE       Stacktrace:\nE       #0 0x5608ecdb74e3 <unknown>\nE       #1 0x5608ecae6c76 <unknown>\nE       #2 0x5608ecb22c96 <unknown>\nE       #3 0x5608ecb22dc1 <unknown>\nE       #4 0x5608ecb5c7f4 <unknown>\nE       #5 0x5608ecb4203d <unknown>\nE       #6 0x5608ecb5a30e <unknown>\nE       #7 0x5608ecb41de3 <unknown>\nE       #8 0x5608ecb172dd <unknown>\nE       #9 0x5608ecb1834e <unknown>\nE       #10 0x5608ecd773e4 <unknown>\nE       #11 0x5608ecd7b3d7 <unknown>\nE       #12 0x5608ecd85b20 <unknown>\nE       #13 0x5608ecd7c023 <unknown>\nE       #14 0x5608ecd4a1aa <unknown>\nE       #15 0x5608ecda06b8 <unknown>\nE       #16 0x5608ecda0847 <unknown>\nE       #17 0x5608ecdb0243 <unknown>\nE       #18 0x7efc11788b43 <unknown>\n\n.venv/lib/python3.11/site-packages/selenium/webdriver/support/wait.py:95: TimeoutException","steps":[],"attachments":[{"uid":"1b05318dde57a7b3","name":"Full Page Screenshot","source":"1b05318dde57a7b3.png","type":"image/png","size":2759801},{"uid":"44aa9e04c40f5c03","name":"URL","source":"44aa9e04c40f5c03.uri","type":"text/uri-list","size":23},{"uid":"e9e327e6e1f841b0","name":"public ip address","source":"e9e327e6e1f841b0.txt","type":"text/plain","size":13},{"uid":"f5beef18491a1d40","name":"Cookies","source":"f5beef18491a1d40.json","type":"application/json","size":3284},{"uid":"eb127ba6b881e6b6","name":"Session Storage","source":"eb127ba6b881e6b6.json","type":"application/json","size":2},{"uid":"3a1883efb7c8f38f","name":"Local Storage","source":"3a1883efb7c8f38f.json","type":"application/json","size":208},{"uid":"86d8ff2ff709ee02","name":"Console Logs","source":"86d8ff2ff709ee02.json","type":"application/json","size":2},{"uid":"9ab7a1483824125d","name":"Network Logs","source":"9ab7a1483824125d.json","type":"application/json","size":47518}],"parameters":[],"stepsCount":0,"attachmentsCount":8,"shouldDisplayMessage":true,"hasContent":true},"afterStages":[],"labels":[{"name":"story","value":"WorkSpaces Creation and Editing Functionality"},{"name":"severity","value":"normal"},{"name":"epic","value":"Workspaces"},{"name":"tag","value":"run(order=2)"},{"name":"parentSuite","value":"tests"},{"name":"suite","value":"test_workspaces"},{"name":"subSuite","value":"TestWorkspaces"},{"name":"host","value":"fv-az576-142"},{"name":"thread","value":"2293-MainThread"},{"name":"framework","value":"pytest"},{"name":"language","value":"cpython3"},{"name":"package","value":"tests.test_workspaces"},{"name":"resultFormat","value":"allure2"}],"parameters":[],"links":[],"hidden":false,"retry":false,"extra":{"severity":"normal","retries":[],"categories":[{"name":"Test defects","matchedStatuses":[],"flaky":false}],"tags":["run(order=2)"]},"source":"ccbf31cd7aebef.json","parameterValues":[]}