{"uid":"d182b24db6d9ff05","name":"Exception test","fullName":"tests.test_forgot_password.TestForgotPassword#test_expected_exception_on_page_title","historyId":"061c5b0976c95aa1a24ea00f0e67c641","time":{"start":1679667518957,"stop":1679667530074,"duration":11117},"description":"Exception catching","descriptionHtml":"<p>Exception catching</p>\n","status":"broken","statusMessage":"selenium.common.exceptions.TimeoutException: Message: \nStacktrace:\n#0 0x5583fcd06243 <unknown>\n#1 0x5583fcaca7a6 <unknown>\n#2 0x5583fcb0764d <unknown>\n#3 0x5583fcb07761 <unknown>\n#4 0x5583fcb42da4 <unknown>\n#5 0x5583fcb280ad <unknown>\n#6 0x5583fcb40932 <unknown>\n#7 0x5583fcb27e53 <unknown>\n#8 0x5583fcafa9ea <unknown>\n#9 0x5583fcafbb2e <unknown>\n#10 0x5583fcd5ad5e <unknown>\n#11 0x5583fcd5ea80 <unknown>\n#12 0x5583fcd408b0 <unknown>\n#13 0x5583fcd5fb63 <unknown>\n#14 0x5583fcd31f75 <unknown>\n#15 0x5583fcd82998 <unknown>\n#16 0x5583fcd82b27 <unknown>\n#17 0x5583fcd9dc23 <unknown>\n#18 0x7f01736f3b43 <unknown>","statusTrace":"self = <tests.test_forgot_password.TestForgotPassword object at 0x7f2d7d45c130>\n\n    @allure.description(\"Exception catching\")\n    @allure.title(\"Exception test\")\n    def test_expected_exception_on_page_title(self):\n>       self.pages['about_page'].click_login_link()\n\ntests/test_forgot_password.py:37: \n_ _ _ _ _ _ _ _ _ _ _ _ _ _ _ _ _ _ _ _ _ _ _ _ _ _ _ _ _ _ _ _ _ _ _ _ _ _ _ _ \npages/about_page.py:17: in click_login_link\n    self.click(self.LOGIN_LINK)\npages/base_page.py:17: in click\n    el: WebElement = self._wait.until(expected_conditions.element_to_be_clickable(webelement))\n_ _ _ _ _ _ _ _ _ _ _ _ _ _ _ _ _ _ _ _ _ _ _ _ _ _ _ _ _ _ _ _ _ _ _ _ _ _ _ _ \n\nself = <selenium.webdriver.support.wait.WebDriverWait (session=\"5cc402754209c41427cd07d2fec12a68\")>\nmethod = <function element_to_be_clickable.<locals>._predicate at 0x7f2d7d2a7010>\nmessage = ''\n\n    def until(self, method, message: str = \"\"):\n        \"\"\"Calls the method provided with the driver as an argument until the \\\n        return value does not evaluate to ``False``.\n    \n        :param method: callable(WebDriver)\n        :param message: optional message for :exc:`TimeoutException`\n        :returns: the result of the last call to `method`\n        :raises: :exc:`selenium.common.exceptions.TimeoutException` if timeout occurs\n        \"\"\"\n        screen = None\n        stacktrace = None\n    \n        end_time = time.monotonic() + self._timeout\n        while True:\n            try:\n                value = method(self._driver)\n                if value:\n                    return value\n            except self._ignored_exceptions as exc:\n                screen = getattr(exc, \"screen\", None)\n                stacktrace = getattr(exc, \"stacktrace\", None)\n            time.sleep(self._poll)\n            if time.monotonic() > end_time:\n                break\n>       raise TimeoutException(message, screen, stacktrace)\nE       selenium.common.exceptions.TimeoutException: Message: \nE       Stacktrace:\nE       #0 0x5583fcd06243 <unknown>\nE       #1 0x5583fcaca7a6 <unknown>\nE       #2 0x5583fcb0764d <unknown>\nE       #3 0x5583fcb07761 <unknown>\nE       #4 0x5583fcb42da4 <unknown>\nE       #5 0x5583fcb280ad <unknown>\nE       #6 0x5583fcb40932 <unknown>\nE       #7 0x5583fcb27e53 <unknown>\nE       #8 0x5583fcafa9ea <unknown>\nE       #9 0x5583fcafbb2e <unknown>\nE       #10 0x5583fcd5ad5e <unknown>\nE       #11 0x5583fcd5ea80 <unknown>\nE       #12 0x5583fcd408b0 <unknown>\nE       #13 0x5583fcd5fb63 <unknown>\nE       #14 0x5583fcd31f75 <unknown>\nE       #15 0x5583fcd82998 <unknown>\nE       #16 0x5583fcd82b27 <unknown>\nE       #17 0x5583fcd9dc23 <unknown>\nE       #18 0x7f01736f3b43 <unknown>\n\n/opt/hostedtoolcache/Python/3.10.10/x64/lib/python3.10/site-packages/selenium/webdriver/support/wait.py:95: TimeoutException","flaky":false,"newFailed":false,"newBroken":false,"newPassed":false,"retriesCount":0,"retriesStatusChange":false,"beforeStages":[{"name":"prep_properties","time":{"start":1679667282521,"stop":1679667282522,"duration":1},"status":"passed","steps":[],"attachments":[],"parameters":[],"stepsCount":0,"attachmentsCount":0,"shouldDisplayMessage":false,"hasContent":false},{"name":"write_allure_environment","time":{"start":1679667282522,"stop":1679667282522,"duration":0},"status":"passed","steps":[],"attachments":[],"parameters":[],"stepsCount":0,"attachmentsCount":0,"shouldDisplayMessage":false,"hasContent":false},{"name":"create_driver","time":{"start":1679667514059,"stop":1679667518956,"duration":4897},"status":"passed","steps":[],"attachments":[],"parameters":[],"stepsCount":0,"attachmentsCount":0,"shouldDisplayMessage":false,"hasContent":false},{"name":"pages","time":{"start":1679667518956,"stop":1679667518956,"duration":0},"status":"passed","steps":[],"attachments":[],"parameters":[],"stepsCount":0,"attachmentsCount":0,"shouldDisplayMessage":false,"hasContent":false},{"name":"injector","time":{"start":1679667518957,"stop":1679667518957,"duration":0},"status":"passed","steps":[],"attachments":[],"parameters":[],"stepsCount":0,"attachmentsCount":0,"shouldDisplayMessage":false,"hasContent":false}],"testStage":{"description":"Exception catching","status":"broken","statusMessage":"selenium.common.exceptions.TimeoutException: Message: \nStacktrace:\n#0 0x5583fcd06243 <unknown>\n#1 0x5583fcaca7a6 <unknown>\n#2 0x5583fcb0764d <unknown>\n#3 0x5583fcb07761 <unknown>\n#4 0x5583fcb42da4 <unknown>\n#5 0x5583fcb280ad <unknown>\n#6 0x5583fcb40932 <unknown>\n#7 0x5583fcb27e53 <unknown>\n#8 0x5583fcafa9ea <unknown>\n#9 0x5583fcafbb2e <unknown>\n#10 0x5583fcd5ad5e <unknown>\n#11 0x5583fcd5ea80 <unknown>\n#12 0x5583fcd408b0 <unknown>\n#13 0x5583fcd5fb63 <unknown>\n#14 0x5583fcd31f75 <unknown>\n#15 0x5583fcd82998 <unknown>\n#16 0x5583fcd82b27 <unknown>\n#17 0x5583fcd9dc23 <unknown>\n#18 0x7f01736f3b43 <unknown>","statusTrace":"self = <tests.test_forgot_password.TestForgotPassword object at 0x7f2d7d45c130>\n\n    @allure.description(\"Exception catching\")\n    @allure.title(\"Exception test\")\n    def test_expected_exception_on_page_title(self):\n>       self.pages['about_page'].click_login_link()\n\ntests/test_forgot_password.py:37: \n_ _ _ _ _ _ _ _ _ _ _ _ _ _ _ _ _ _ _ _ _ _ _ _ _ _ _ _ _ _ _ _ _ _ _ _ _ _ _ _ \npages/about_page.py:17: in click_login_link\n    self.click(self.LOGIN_LINK)\npages/base_page.py:17: in click\n    el: WebElement = self._wait.until(expected_conditions.element_to_be_clickable(webelement))\n_ _ _ _ _ _ _ _ _ _ _ _ _ _ _ _ _ _ _ _ _ _ _ _ _ _ _ _ _ _ _ _ _ _ _ _ _ _ _ _ \n\nself = <selenium.webdriver.support.wait.WebDriverWait (session=\"5cc402754209c41427cd07d2fec12a68\")>\nmethod = <function element_to_be_clickable.<locals>._predicate at 0x7f2d7d2a7010>\nmessage = ''\n\n    def until(self, method, message: str = \"\"):\n        \"\"\"Calls the method provided with the driver as an argument until the \\\n        return value does not evaluate to ``False``.\n    \n        :param method: callable(WebDriver)\n        :param message: optional message for :exc:`TimeoutException`\n        :returns: the result of the last call to `method`\n        :raises: :exc:`selenium.common.exceptions.TimeoutException` if timeout occurs\n        \"\"\"\n        screen = None\n        stacktrace = None\n    \n        end_time = time.monotonic() + self._timeout\n        while True:\n            try:\n                value = method(self._driver)\n                if value:\n                    return value\n            except self._ignored_exceptions as exc:\n                screen = getattr(exc, \"screen\", None)\n                stacktrace = getattr(exc, \"stacktrace\", None)\n            time.sleep(self._poll)\n            if time.monotonic() > end_time:\n                break\n>       raise TimeoutException(message, screen, stacktrace)\nE       selenium.common.exceptions.TimeoutException: Message: \nE       Stacktrace:\nE       #0 0x5583fcd06243 <unknown>\nE       #1 0x5583fcaca7a6 <unknown>\nE       #2 0x5583fcb0764d <unknown>\nE       #3 0x5583fcb07761 <unknown>\nE       #4 0x5583fcb42da4 <unknown>\nE       #5 0x5583fcb280ad <unknown>\nE       #6 0x5583fcb40932 <unknown>\nE       #7 0x5583fcb27e53 <unknown>\nE       #8 0x5583fcafa9ea <unknown>\nE       #9 0x5583fcafbb2e <unknown>\nE       #10 0x5583fcd5ad5e <unknown>\nE       #11 0x5583fcd5ea80 <unknown>\nE       #12 0x5583fcd408b0 <unknown>\nE       #13 0x5583fcd5fb63 <unknown>\nE       #14 0x5583fcd31f75 <unknown>\nE       #15 0x5583fcd82998 <unknown>\nE       #16 0x5583fcd82b27 <unknown>\nE       #17 0x5583fcd9dc23 <unknown>\nE       #18 0x7f01736f3b43 <unknown>\n\n/opt/hostedtoolcache/Python/3.10.10/x64/lib/python3.10/site-packages/selenium/webdriver/support/wait.py:95: TimeoutException","steps":[{"name":"Click Login link","time":{"start":1679667518958,"stop":1679667530074,"duration":11116},"status":"broken","statusMessage":"selenium.common.exceptions.TimeoutException: Message: \nStacktrace:\n#0 0x5583fcd06243 <unknown>\n#1 0x5583fcaca7a6 <unknown>\n#2 0x5583fcb0764d <unknown>\n#3 0x5583fcb07761 <unknown>\n#4 0x5583fcb42da4 <unknown>\n#5 0x5583fcb280ad <unknown>\n#6 0x5583fcb40932 <unknown>\n#7 0x5583fcb27e53 <unknown>\n#8 0x5583fcafa9ea <unknown>\n#9 0x5583fcafbb2e <unknown>\n#10 0x5583fcd5ad5e <unknown>\n#11 0x5583fcd5ea80 <unknown>\n#12 0x5583fcd408b0 <unknown>\n#13 0x5583fcd5fb63 <unknown>\n#14 0x5583fcd31f75 <unknown>\n#15 0x5583fcd82998 <unknown>\n#16 0x5583fcd82b27 <unknown>\n#17 0x5583fcd9dc23 <unknown>\n#18 0x7f01736f3b43 <unknown>\n\n","statusTrace":"  File \"/opt/hostedtoolcache/Python/3.10.10/x64/lib/python3.10/site-packages/allure_commons/_allure.py\", line 192, in impl\n    return func(*a, **kw)\n  File \"/home/runner/work/Selenium-Python-Example/Selenium-Python-Example/pages/about_page.py\", line 17, in click_login_link\n    self.click(self.LOGIN_LINK)\n  File \"/home/runner/work/Selenium-Python-Example/Selenium-Python-Example/pages/base_page.py\", line 17, in click\n    el: WebElement = self._wait.until(expected_conditions.element_to_be_clickable(webelement))\n  File \"/opt/hostedtoolcache/Python/3.10.10/x64/lib/python3.10/site-packages/selenium/webdriver/support/wait.py\", line 95, in until\n    raise TimeoutException(message, screen, stacktrace)\n","steps":[],"attachments":[],"parameters":[],"stepsCount":0,"attachmentsCount":0,"shouldDisplayMessage":true,"hasContent":true}],"attachments":[],"parameters":[],"stepsCount":1,"attachmentsCount":0,"shouldDisplayMessage":true,"hasContent":true},"afterStages":[{"name":"create_driver::0","time":{"start":1679667530083,"stop":1679667530423,"duration":340},"status":"passed","steps":[],"attachments":[{"uid":"f352ab0e3d28ef64","name":"Screenshot","source":"f352ab0e3d28ef64.png","type":"image/png","size":83334},{"uid":"60eda97709d46825","name":"URL","source":"60eda97709d46825.uri","type":"text/uri-list","size":23},{"uid":"443f64ad2997099a","name":"public ip address","source":"443f64ad2997099a.txt","type":"text/plain","size":13},{"uid":"751b4f7f4ad84792","name":"Cookies","source":"751b4f7f4ad84792.json","type":"application/json","size":3532},{"uid":"29f503c8f8385a9","name":"Session Storage","source":"29f503c8f8385a9.json","type":"application/json","size":2},{"uid":"89183f8cfc51852f","name":"Local Storage","source":"89183f8cfc51852f.json","type":"application/json","size":1605},{"uid":"33d023a87da789c5","name":"Console Logs","source":"33d023a87da789c5.json","type":"application/json","size":5312},{"uid":"c86d809ae883585","name":"Network Logs","source":"c86d809ae883585.json","type":"application/json","size":73197}],"parameters":[],"stepsCount":0,"attachmentsCount":8,"shouldDisplayMessage":false,"hasContent":true},{"name":"write_allure_environment::0","time":{"start":1679667530426,"stop":1679667530433,"duration":7},"status":"passed","steps":[],"attachments":[],"parameters":[],"stepsCount":0,"attachmentsCount":0,"shouldDisplayMessage":false,"hasContent":false}],"labels":[{"name":"epic","value":"Security"},{"name":"story","value":"Forgot Password Feature's Functionality"},{"name":"severity","value":"critical"},{"name":"tag","value":"security"},{"name":"parentSuite","value":"tests"},{"name":"suite","value":"test_forgot_password"},{"name":"subSuite","value":"TestForgotPassword"},{"name":"host","value":"fv-az646-988"},{"name":"thread","value":"2168-MainThread"},{"name":"framework","value":"pytest"},{"name":"language","value":"cpython3"},{"name":"package","value":"tests.test_forgot_password"},{"name":"resultFormat","value":"allure2"}],"parameters":[],"links":[],"hidden":false,"retry":false,"extra":{"severity":"critical","retries":[],"categories":[{"name":"Test defects","matchedStatuses":[],"flaky":false}],"tags":["security"]},"source":"d182b24db6d9ff05.json","parameterValues":[]}