{"uid":"ca2d6dc7ef243ddc","name":"Login with valid credentials test","fullName":"tests.login_test.TestLogin#test_valid_login","historyId":"18657c207d70aa57845e0b7f4751c290","time":{"start":1728783766124,"stop":1728783776618,"duration":10494},"description":"valid login","descriptionHtml":"<p>valid login</p>\n","status":"broken","statusMessage":"selenium.common.exceptions.TimeoutException: Message: \nStacktrace:\n#0 0x55ed3a4f602a <unknown>\n#1 0x55ed3a1dc5e0 <unknown>\n#2 0x55ed3a22bbe8 <unknown>\n#3 0x55ed3a22be81 <unknown>\n#4 0x55ed3a2728c4 <unknown>\n#5 0x55ed3a250b4d <unknown>\n#6 0x55ed3a26fd7d <unknown>\n#7 0x55ed3a2508c3 <unknown>\n#8 0x55ed3a21e6b3 <unknown>\n#9 0x55ed3a21f68e <unknown>\n#10 0x55ed3a4c0a2b <unknown>\n#11 0x55ed3a4c49b1 <unknown>\n#12 0x55ed3a4ad225 <unknown>\n#13 0x55ed3a4c5532 <unknown>\n#14 0x55ed3a49238f <unknown>\n#15 0x55ed3a4e4f28 <unknown>\n#16 0x55ed3a4e50f3 <unknown>\n#17 0x55ed3a4f4e7c <unknown>\n#18 0x7f492a49ca94 <unknown>\n#19 0x7f492a529c3c <unknown>","statusTrace":"self = <tests.login_test.TestLogin object at 0x7f2b95811760>\ndata = Data(forgot_password=ForgotPassword(error_message=\"We can't find a user with that e-mail address.\", success_message='A...ct='Non Existing', page_title='My Workspace', project_name='test project', project_type='quiz', template_type='Blank'))\n\n    @allure.description(\"valid login\")\n    @allure.title(\"Login with valid credentials test\")\n    @allure.tag(\"Tagged test\")\n    @pytest.mark.flaky(reruns=1)\n    def test_valid_login(self, data: Data):\n        self.about_page.set_geo_location(30.3079823, -97.893803)\n>       self.about_page.click_login_link()\n\ntests/login_test.py:43: \n_ _ _ _ _ _ _ _ _ _ _ _ _ _ _ _ _ _ _ _ _ _ _ _ _ _ _ _ _ _ _ _ _ _ _ _ _ _ _ _ \npages/about_page.py:20: in click_login_link\n    self.click(self.LOGIN_LINK)\npages/base_page.py:60: in click\n    el: WebElement = self.wait.until(\n_ _ _ _ _ _ _ _ _ _ _ _ _ _ _ _ _ _ _ _ _ _ _ _ _ _ _ _ _ _ _ _ _ _ _ _ _ _ _ _ \n\nself = <selenium.webdriver.support.wait.WebDriverWait (session=\"00529e69b648867055300b355f552427\")>\nmethod = <function element_to_be_clickable.<locals>._predicate at 0x7f2b94b3d080>\nmessage = ''\n\n    def until(self, method: Callable[[D], Union[Literal[False], T]], message: str = \"\") -> T:\n        \"\"\"Calls the method provided with the driver as an argument until the \\\n        return value does not evaluate to ``False``.\n    \n        :param method: callable(WebDriver)\n        :param message: optional message for :exc:`TimeoutException`\n        :returns: the result of the last call to `method`\n        :raises: :exc:`selenium.common.exceptions.TimeoutException` if timeout occurs\n        \"\"\"\n        screen = None\n        stacktrace = None\n    \n        end_time = time.monotonic() + self._timeout\n        while True:\n            try:\n                value = method(self._driver)\n                if value:\n                    return value\n            except self._ignored_exceptions as exc:\n                screen = getattr(exc, \"screen\", None)\n                stacktrace = getattr(exc, \"stacktrace\", None)\n            time.sleep(self._poll)\n            if time.monotonic() > end_time:\n                break\n>       raise TimeoutException(message, screen, stacktrace)\nE       selenium.common.exceptions.TimeoutException: Message: \nE       Stacktrace:\nE       #0 0x55ed3a4f602a <unknown>\nE       #1 0x55ed3a1dc5e0 <unknown>\nE       #2 0x55ed3a22bbe8 <unknown>\nE       #3 0x55ed3a22be81 <unknown>\nE       #4 0x55ed3a2728c4 <unknown>\nE       #5 0x55ed3a250b4d <unknown>\nE       #6 0x55ed3a26fd7d <unknown>\nE       #7 0x55ed3a2508c3 <unknown>\nE       #8 0x55ed3a21e6b3 <unknown>\nE       #9 0x55ed3a21f68e <unknown>\nE       #10 0x55ed3a4c0a2b <unknown>\nE       #11 0x55ed3a4c49b1 <unknown>\nE       #12 0x55ed3a4ad225 <unknown>\nE       #13 0x55ed3a4c5532 <unknown>\nE       #14 0x55ed3a49238f <unknown>\nE       #15 0x55ed3a4e4f28 <unknown>\nE       #16 0x55ed3a4e50f3 <unknown>\nE       #17 0x55ed3a4f4e7c <unknown>\nE       #18 0x7f492a49ca94 <unknown>\nE       #19 0x7f492a529c3c <unknown>\n\n.venv/lib/python3.12/site-packages/selenium/webdriver/support/wait.py:105: TimeoutException","flaky":false,"newFailed":false,"newBroken":false,"newPassed":false,"retriesCount":0,"retriesStatusChange":false,"beforeStages":[],"testStage":{"description":"valid login","status":"broken","statusMessage":"selenium.common.exceptions.TimeoutException: Message: \nStacktrace:\n#0 0x55ed3a4f602a <unknown>\n#1 0x55ed3a1dc5e0 <unknown>\n#2 0x55ed3a22bbe8 <unknown>\n#3 0x55ed3a22be81 <unknown>\n#4 0x55ed3a2728c4 <unknown>\n#5 0x55ed3a250b4d <unknown>\n#6 0x55ed3a26fd7d <unknown>\n#7 0x55ed3a2508c3 <unknown>\n#8 0x55ed3a21e6b3 <unknown>\n#9 0x55ed3a21f68e <unknown>\n#10 0x55ed3a4c0a2b <unknown>\n#11 0x55ed3a4c49b1 <unknown>\n#12 0x55ed3a4ad225 <unknown>\n#13 0x55ed3a4c5532 <unknown>\n#14 0x55ed3a49238f <unknown>\n#15 0x55ed3a4e4f28 <unknown>\n#16 0x55ed3a4e50f3 <unknown>\n#17 0x55ed3a4f4e7c <unknown>\n#18 0x7f492a49ca94 <unknown>\n#19 0x7f492a529c3c <unknown>","statusTrace":"self = <tests.login_test.TestLogin object at 0x7f2b95811760>\ndata = Data(forgot_password=ForgotPassword(error_message=\"We can't find a user with that e-mail address.\", success_message='A...ct='Non Existing', page_title='My Workspace', project_name='test project', project_type='quiz', template_type='Blank'))\n\n    @allure.description(\"valid login\")\n    @allure.title(\"Login with valid credentials test\")\n    @allure.tag(\"Tagged test\")\n    @pytest.mark.flaky(reruns=1)\n    def test_valid_login(self, data: Data):\n        self.about_page.set_geo_location(30.3079823, -97.893803)\n>       self.about_page.click_login_link()\n\ntests/login_test.py:43: \n_ _ _ _ _ _ _ _ _ _ _ _ _ _ _ _ _ _ _ _ _ _ _ _ _ _ _ _ _ _ _ _ _ _ _ _ _ _ _ _ \npages/about_page.py:20: in click_login_link\n    self.click(self.LOGIN_LINK)\npages/base_page.py:60: in click\n    el: WebElement = self.wait.until(\n_ _ _ _ _ _ _ _ _ _ _ _ _ _ _ _ _ _ _ _ _ _ _ _ _ _ _ _ _ _ _ _ _ _ _ _ _ _ _ _ \n\nself = <selenium.webdriver.support.wait.WebDriverWait (session=\"00529e69b648867055300b355f552427\")>\nmethod = <function element_to_be_clickable.<locals>._predicate at 0x7f2b94b3d080>\nmessage = ''\n\n    def until(self, method: Callable[[D], Union[Literal[False], T]], message: str = \"\") -> T:\n        \"\"\"Calls the method provided with the driver as an argument until the \\\n        return value does not evaluate to ``False``.\n    \n        :param method: callable(WebDriver)\n        :param message: optional message for :exc:`TimeoutException`\n        :returns: the result of the last call to `method`\n        :raises: :exc:`selenium.common.exceptions.TimeoutException` if timeout occurs\n        \"\"\"\n        screen = None\n        stacktrace = None\n    \n        end_time = time.monotonic() + self._timeout\n        while True:\n            try:\n                value = method(self._driver)\n                if value:\n                    return value\n            except self._ignored_exceptions as exc:\n                screen = getattr(exc, \"screen\", None)\n                stacktrace = getattr(exc, \"stacktrace\", None)\n            time.sleep(self._poll)\n            if time.monotonic() > end_time:\n                break\n>       raise TimeoutException(message, screen, stacktrace)\nE       selenium.common.exceptions.TimeoutException: Message: \nE       Stacktrace:\nE       #0 0x55ed3a4f602a <unknown>\nE       #1 0x55ed3a1dc5e0 <unknown>\nE       #2 0x55ed3a22bbe8 <unknown>\nE       #3 0x55ed3a22be81 <unknown>\nE       #4 0x55ed3a2728c4 <unknown>\nE       #5 0x55ed3a250b4d <unknown>\nE       #6 0x55ed3a26fd7d <unknown>\nE       #7 0x55ed3a2508c3 <unknown>\nE       #8 0x55ed3a21e6b3 <unknown>\nE       #9 0x55ed3a21f68e <unknown>\nE       #10 0x55ed3a4c0a2b <unknown>\nE       #11 0x55ed3a4c49b1 <unknown>\nE       #12 0x55ed3a4ad225 <unknown>\nE       #13 0x55ed3a4c5532 <unknown>\nE       #14 0x55ed3a49238f <unknown>\nE       #15 0x55ed3a4e4f28 <unknown>\nE       #16 0x55ed3a4e50f3 <unknown>\nE       #17 0x55ed3a4f4e7c <unknown>\nE       #18 0x7f492a49ca94 <unknown>\nE       #19 0x7f492a529c3c <unknown>\n\n.venv/lib/python3.12/site-packages/selenium/webdriver/support/wait.py:105: TimeoutException","steps":[{"name":"Click Login link","time":{"start":1728783766139,"stop":1728783776618,"duration":10479},"status":"broken","statusMessage":"selenium.common.exceptions.TimeoutException: Message: \nStacktrace:\n#0 0x55ed3a4f602a <unknown>\n#1 0x55ed3a1dc5e0 <unknown>\n#2 0x55ed3a22bbe8 <unknown>\n#3 0x55ed3a22be81 <unknown>\n#4 0x55ed3a2728c4 <unknown>\n#5 0x55ed3a250b4d <unknown>\n#6 0x55ed3a26fd7d <unknown>\n#7 0x55ed3a2508c3 <unknown>\n#8 0x55ed3a21e6b3 <unknown>\n#9 0x55ed3a21f68e <unknown>\n#10 0x55ed3a4c0a2b <unknown>\n#11 0x55ed3a4c49b1 <unknown>\n#12 0x55ed3a4ad225 <unknown>\n#13 0x55ed3a4c5532 <unknown>\n#14 0x55ed3a49238f <unknown>\n#15 0x55ed3a4e4f28 <unknown>\n#16 0x55ed3a4e50f3 <unknown>\n#17 0x55ed3a4f4e7c <unknown>\n#18 0x7f492a49ca94 <unknown>\n#19 0x7f492a529c3c <unknown>\n\n","statusTrace":"  File \"/home/runner/work/Selenium-Python-Example/Selenium-Python-Example/.venv/lib/python3.12/site-packages/allure_commons/_allure.py\", line 192, in impl\n    return func(*a, **kw)\n           ^^^^^^^^^^^^^^\n  File \"/home/runner/work/Selenium-Python-Example/Selenium-Python-Example/pages/about_page.py\", line 20, in click_login_link\n    self.click(self.LOGIN_LINK)\n  File \"/home/runner/work/Selenium-Python-Example/Selenium-Python-Example/pages/base_page.py\", line 60, in click\n    el: WebElement = self.wait.until(\n                     ^^^^^^^^^^^^^^^^\n  File \"/home/runner/work/Selenium-Python-Example/Selenium-Python-Example/.venv/lib/python3.12/site-packages/selenium/webdriver/support/wait.py\", line 105, in until\n    raise TimeoutException(message, screen, stacktrace)\n","steps":[],"attachments":[],"parameters":[],"shouldDisplayMessage":true,"stepsCount":0,"attachmentsCount":0,"hasContent":true,"attachmentStep":false},{"name":"public ip address","time":{"start":1728783776638,"stop":1728783776788,"duration":150},"status":"passed","steps":[],"attachments":[{"uid":"11b38eb1201ad851","name":"HTTP logs of http://checkip.amazonaws.com/","source":"11b38eb1201ad851.txt","type":"text/plain","size":355}],"parameters":[],"shouldDisplayMessage":false,"stepsCount":0,"attachmentsCount":1,"hasContent":true,"attachmentStep":false}],"attachments":[{"uid":"37e967d33f10b48f","name":"Cookies","source":"37e967d33f10b48f.json","type":"application/json","size":3585},{"uid":"e26c44b4db130a57","name":"Session Storage","source":"e26c44b4db130a57.json","type":"application/json","size":359},{"uid":"ed0c546a59841330","name":"Local Storage","source":"ed0c546a59841330.json","type":"application/json","size":350},{"uid":"2f0679945851f41e","name":"Console Logs","source":"2f0679945851f41e.json","type":"application/json","size":236},{"uid":"9846590dd6e62fb5","name":"Full Page Screenshot","source":"9846590dd6e62fb5.png","type":"image/png","size":3684840},{"uid":"c07f0f754e95a18a","name":"URL","source":"c07f0f754e95a18a.uri","type":"text/uri-list","size":23},{"uid":"85ba4107a032362","name":"Network Logs","source":"85ba4107a032362.json","type":"application/json","size":66278}],"parameters":[],"shouldDisplayMessage":true,"stepsCount":2,"attachmentsCount":8,"hasContent":true,"attachmentStep":false},"afterStages":[],"labels":[{"name":"epic","value":"Security"},{"name":"tag","value":"Tagged test"},{"name":"severity","value":"blocker"},{"name":"feature","value":"Login"},{"name":"tag","value":"flaky(reruns=1)"},{"name":"tag","value":"security"},{"name":"parentSuite","value":"tests"},{"name":"suite","value":"login_test"},{"name":"subSuite","value":"TestLogin"},{"name":"host","value":"fv-az1279-910"},{"name":"thread","value":"2246-MainThread"},{"name":"framework","value":"pytest"},{"name":"language","value":"cpython3"},{"name":"package","value":"tests.login_test"},{"name":"resultFormat","value":"allure2"}],"parameters":[],"links":[],"hidden":true,"retry":true,"extra":{"categories":[],"tags":["security","Tagged test","flaky(reruns=1)"]},"source":"ca2d6dc7ef243ddc.json","parameterValues":[]}