{"uid":"27351f9673f0425b","name":"Login with valid credentials test","fullName":"tests.login_test.TestLogin#test_valid_login","historyId":"18657c207d70aa57845e0b7f4751c290","time":{"start":1703553160068,"stop":1703553170266,"duration":10198},"description":"valid login","descriptionHtml":"<p>valid login</p>\n","status":"broken","statusMessage":"selenium.common.exceptions.TimeoutException: Message: \nStacktrace:\n#0 0x563b44b44d33 <unknown>\n#1 0x563b44801f87 <unknown>\n#2 0x563b44851c0e <unknown>\n#3 0x563b44851d11 <unknown>\n#4 0x563b4489d004 <unknown>\n#5 0x563b4487b36d <unknown>\n#6 0x563b4489a297 <unknown>\n#7 0x563b4487b0e3 <unknown>\n#8 0x563b44843044 <unknown>\n#9 0x563b4484444e <unknown>\n#10 0x563b44b09861 <unknown>\n#11 0x563b44b0d785 <unknown>\n#12 0x563b44af7285 <unknown>\n#13 0x563b44b0e41f <unknown>\n#14 0x563b44adb20f <unknown>\n#15 0x563b44b32028 <unknown>\n#16 0x563b44b321f7 <unknown>\n#17 0x563b44b43ed4 <unknown>\n#18 0x7fbbd4294ac3 <unknown>","statusTrace":"self = <tests.login_test.TestLogin object at 0x7f69c889d0d0>\njson_data = {'forgot_password': {'error_message': \"We can't find a user with that e-mail address.\", 'success_message': 'A reset li...you page', 'name': 'test', 'new_name': 'another test', 'no_project_found_msg': 'No project matches the criteria', ...}}\n\n    @allure.description(\"valid login\")\n    @allure.title(\"Login with valid credentials test\")\n    @allure.tag(\"Tagged test\")\n    @pytest.mark.flaky(reruns=1)\n    def test_valid_login(self, json_data: dict):\n>       self.about_page.click_login_link()\n\ntests/login_test.py:42: \n_ _ _ _ _ _ _ _ _ _ _ _ _ _ _ _ _ _ _ _ _ _ _ _ _ _ _ _ _ _ _ _ _ _ _ _ _ _ _ _ \npages/about_page.py:20: in click_login_link\n    self.click(self.LOGIN_LINK)\npages/base_page.py:38: in click\n    el: WebElement = self.wait.until(\n_ _ _ _ _ _ _ _ _ _ _ _ _ _ _ _ _ _ _ _ _ _ _ _ _ _ _ _ _ _ _ _ _ _ _ _ _ _ _ _ \n\nself = <selenium.webdriver.support.wait.WebDriverWait (session=\"1c979b26f99e7e1c69cd88876f105ba4\")>\nmethod = <function element_to_be_clickable.<locals>._predicate at 0x7f69c8968b80>\nmessage = ''\n\n    def until(self, method: Callable[[WebDriver], Union[Literal[False], T]], message: str = \"\") -> T:\n        \"\"\"Calls the method provided with the driver as an argument until the \\\n        return value does not evaluate to ``False``.\n    \n        :param method: callable(WebDriver)\n        :param message: optional message for :exc:`TimeoutException`\n        :returns: the result of the last call to `method`\n        :raises: :exc:`selenium.common.exceptions.TimeoutException` if timeout occurs\n        \"\"\"\n        screen = None\n        stacktrace = None\n    \n        end_time = time.monotonic() + self._timeout\n        while True:\n            try:\n                value = method(self._driver)\n                if value:\n                    return value\n            except self._ignored_exceptions as exc:\n                screen = getattr(exc, \"screen\", None)\n                stacktrace = getattr(exc, \"stacktrace\", None)\n            time.sleep(self._poll)\n            if time.monotonic() > end_time:\n                break\n>       raise TimeoutException(message, screen, stacktrace)\nE       selenium.common.exceptions.TimeoutException: Message: \nE       Stacktrace:\nE       #0 0x563b44b44d33 <unknown>\nE       #1 0x563b44801f87 <unknown>\nE       #2 0x563b44851c0e <unknown>\nE       #3 0x563b44851d11 <unknown>\nE       #4 0x563b4489d004 <unknown>\nE       #5 0x563b4487b36d <unknown>\nE       #6 0x563b4489a297 <unknown>\nE       #7 0x563b4487b0e3 <unknown>\nE       #8 0x563b44843044 <unknown>\nE       #9 0x563b4484444e <unknown>\nE       #10 0x563b44b09861 <unknown>\nE       #11 0x563b44b0d785 <unknown>\nE       #12 0x563b44af7285 <unknown>\nE       #13 0x563b44b0e41f <unknown>\nE       #14 0x563b44adb20f <unknown>\nE       #15 0x563b44b32028 <unknown>\nE       #16 0x563b44b321f7 <unknown>\nE       #17 0x563b44b43ed4 <unknown>\nE       #18 0x7fbbd4294ac3 <unknown>\n\n.venv/lib/python3.11/site-packages/selenium/webdriver/support/wait.py:101: TimeoutException","flaky":false,"newFailed":false,"newBroken":false,"newPassed":false,"retriesCount":1,"retriesStatusChange":false,"beforeStages":[{"name":"_verify_url","time":{"start":1703552972932,"stop":1703552972932,"duration":0},"status":"passed","steps":[],"attachments":[],"parameters":[],"shouldDisplayMessage":false,"stepsCount":0,"attachmentsCount":0,"hasContent":false,"attachmentStep":false},{"name":"base_url","time":{"start":1703552972932,"stop":1703552972932,"duration":0},"status":"passed","steps":[],"attachments":[],"parameters":[],"shouldDisplayMessage":false,"stepsCount":0,"attachmentsCount":0,"hasContent":false,"attachmentStep":false},{"name":"json_data","time":{"start":1703552972932,"stop":1703552972932,"duration":0},"status":"passed","steps":[],"attachments":[],"parameters":[],"shouldDisplayMessage":false,"stepsCount":0,"attachmentsCount":0,"hasContent":false,"attachmentStep":false}],"testStage":{"description":"valid login","status":"broken","statusMessage":"selenium.common.exceptions.TimeoutException: Message: \nStacktrace:\n#0 0x563b44b44d33 <unknown>\n#1 0x563b44801f87 <unknown>\n#2 0x563b44851c0e <unknown>\n#3 0x563b44851d11 <unknown>\n#4 0x563b4489d004 <unknown>\n#5 0x563b4487b36d <unknown>\n#6 0x563b4489a297 <unknown>\n#7 0x563b4487b0e3 <unknown>\n#8 0x563b44843044 <unknown>\n#9 0x563b4484444e <unknown>\n#10 0x563b44b09861 <unknown>\n#11 0x563b44b0d785 <unknown>\n#12 0x563b44af7285 <unknown>\n#13 0x563b44b0e41f <unknown>\n#14 0x563b44adb20f <unknown>\n#15 0x563b44b32028 <unknown>\n#16 0x563b44b321f7 <unknown>\n#17 0x563b44b43ed4 <unknown>\n#18 0x7fbbd4294ac3 <unknown>","statusTrace":"self = <tests.login_test.TestLogin object at 0x7f69c889d0d0>\njson_data = {'forgot_password': {'error_message': \"We can't find a user with that e-mail address.\", 'success_message': 'A reset li...you page', 'name': 'test', 'new_name': 'another test', 'no_project_found_msg': 'No project matches the criteria', ...}}\n\n    @allure.description(\"valid login\")\n    @allure.title(\"Login with valid credentials test\")\n    @allure.tag(\"Tagged test\")\n    @pytest.mark.flaky(reruns=1)\n    def test_valid_login(self, json_data: dict):\n>       self.about_page.click_login_link()\n\ntests/login_test.py:42: \n_ _ _ _ _ _ _ _ _ _ _ _ _ _ _ _ _ _ _ _ _ _ _ _ _ _ _ _ _ _ _ _ _ _ _ _ _ _ _ _ \npages/about_page.py:20: in click_login_link\n    self.click(self.LOGIN_LINK)\npages/base_page.py:38: in click\n    el: WebElement = self.wait.until(\n_ _ _ _ _ _ _ _ _ _ _ _ _ _ _ _ _ _ _ _ _ _ _ _ _ _ _ _ _ _ _ _ _ _ _ _ _ _ _ _ \n\nself = <selenium.webdriver.support.wait.WebDriverWait (session=\"1c979b26f99e7e1c69cd88876f105ba4\")>\nmethod = <function element_to_be_clickable.<locals>._predicate at 0x7f69c8968b80>\nmessage = ''\n\n    def until(self, method: Callable[[WebDriver], Union[Literal[False], T]], message: str = \"\") -> T:\n        \"\"\"Calls the method provided with the driver as an argument until the \\\n        return value does not evaluate to ``False``.\n    \n        :param method: callable(WebDriver)\n        :param message: optional message for :exc:`TimeoutException`\n        :returns: the result of the last call to `method`\n        :raises: :exc:`selenium.common.exceptions.TimeoutException` if timeout occurs\n        \"\"\"\n        screen = None\n        stacktrace = None\n    \n        end_time = time.monotonic() + self._timeout\n        while True:\n            try:\n                value = method(self._driver)\n                if value:\n                    return value\n            except self._ignored_exceptions as exc:\n                screen = getattr(exc, \"screen\", None)\n                stacktrace = getattr(exc, \"stacktrace\", None)\n            time.sleep(self._poll)\n            if time.monotonic() > end_time:\n                break\n>       raise TimeoutException(message, screen, stacktrace)\nE       selenium.common.exceptions.TimeoutException: Message: \nE       Stacktrace:\nE       #0 0x563b44b44d33 <unknown>\nE       #1 0x563b44801f87 <unknown>\nE       #2 0x563b44851c0e <unknown>\nE       #3 0x563b44851d11 <unknown>\nE       #4 0x563b4489d004 <unknown>\nE       #5 0x563b4487b36d <unknown>\nE       #6 0x563b4489a297 <unknown>\nE       #7 0x563b4487b0e3 <unknown>\nE       #8 0x563b44843044 <unknown>\nE       #9 0x563b4484444e <unknown>\nE       #10 0x563b44b09861 <unknown>\nE       #11 0x563b44b0d785 <unknown>\nE       #12 0x563b44af7285 <unknown>\nE       #13 0x563b44b0e41f <unknown>\nE       #14 0x563b44adb20f <unknown>\nE       #15 0x563b44b32028 <unknown>\nE       #16 0x563b44b321f7 <unknown>\nE       #17 0x563b44b43ed4 <unknown>\nE       #18 0x7fbbd4294ac3 <unknown>\n\n.venv/lib/python3.11/site-packages/selenium/webdriver/support/wait.py:101: TimeoutException","steps":[{"name":"Click Login link","time":{"start":1703553160068,"stop":1703553170266,"duration":10198},"status":"broken","statusMessage":"selenium.common.exceptions.TimeoutException: Message: \nStacktrace:\n#0 0x563b44b44d33 <unknown>\n#1 0x563b44801f87 <unknown>\n#2 0x563b44851c0e <unknown>\n#3 0x563b44851d11 <unknown>\n#4 0x563b4489d004 <unknown>\n#5 0x563b4487b36d <unknown>\n#6 0x563b4489a297 <unknown>\n#7 0x563b4487b0e3 <unknown>\n#8 0x563b44843044 <unknown>\n#9 0x563b4484444e <unknown>\n#10 0x563b44b09861 <unknown>\n#11 0x563b44b0d785 <unknown>\n#12 0x563b44af7285 <unknown>\n#13 0x563b44b0e41f <unknown>\n#14 0x563b44adb20f <unknown>\n#15 0x563b44b32028 <unknown>\n#16 0x563b44b321f7 <unknown>\n#17 0x563b44b43ed4 <unknown>\n#18 0x7fbbd4294ac3 <unknown>\n\n","statusTrace":"  File \"/home/runner/work/Selenium-Python-Example/Selenium-Python-Example/.venv/lib/python3.11/site-packages/allure_commons/_allure.py\", line 192, in impl\n    return func(*a, **kw)\n           ^^^^^^^^^^^^^^\n  File \"/home/runner/work/Selenium-Python-Example/Selenium-Python-Example/pages/about_page.py\", line 20, in click_login_link\n    self.click(self.LOGIN_LINK)\n  File \"/home/runner/work/Selenium-Python-Example/Selenium-Python-Example/pages/base_page.py\", line 38, in click\n    el: WebElement = self.wait.until(\n                     ^^^^^^^^^^^^^^^^\n  File \"/home/runner/work/Selenium-Python-Example/Selenium-Python-Example/.venv/lib/python3.11/site-packages/selenium/webdriver/support/wait.py\", line 101, in until\n    raise TimeoutException(message, screen, stacktrace)\n","steps":[],"attachments":[],"parameters":[],"shouldDisplayMessage":true,"stepsCount":0,"attachmentsCount":0,"hasContent":true,"attachmentStep":false}],"attachments":[{"uid":"abc83219b07ee0bd","name":"public ip address","source":"abc83219b07ee0bd.txt","type":"text/plain","size":13},{"uid":"472a54f9287b8b28","name":"Cookies","source":"472a54f9287b8b28.json","type":"application/json","size":4407},{"uid":"e560d06263ab7112","name":"Session Storage","source":"e560d06263ab7112.json","type":"application/json","size":358},{"uid":"7be82df5af4dd776","name":"Local Storage","source":"7be82df5af4dd776.json","type":"application/json","size":208},{"uid":"5aa1dff7300dd4f5","name":"Console Logs","source":"5aa1dff7300dd4f5.json","type":"application/json","size":2},{"uid":"2d2edf22b554dd73","name":"Full Page Screenshot","source":"2d2edf22b554dd73.png","type":"image/png","size":1283197},{"uid":"5f3cd8538520cd3","name":"URL","source":"5f3cd8538520cd3.uri","type":"text/uri-list","size":23},{"uid":"a1feef68e298bcfb","name":"Network Logs","source":"a1feef68e298bcfb.json","type":"application/json","size":22863}],"parameters":[],"shouldDisplayMessage":true,"stepsCount":1,"attachmentsCount":8,"hasContent":true,"attachmentStep":false},"afterStages":[],"labels":[{"name":"severity","value":"blocker"},{"name":"epic","value":"Security"},{"name":"tag","value":"Tagged test"},{"name":"feature","value":"Login"},{"name":"tag","value":"flaky(reruns=1)"},{"name":"tag","value":"security"},{"name":"parentSuite","value":"tests"},{"name":"suite","value":"login_test"},{"name":"subSuite","value":"TestLogin"},{"name":"host","value":"fv-az1543-731"},{"name":"thread","value":"2241-MainThread"},{"name":"framework","value":"pytest"},{"name":"language","value":"cpython3"},{"name":"package","value":"tests.login_test"},{"name":"resultFormat","value":"allure2"}],"parameters":[],"links":[],"hidden":false,"retry":false,"extra":{"severity":"blocker","retries":[{"uid":"3d6023bf120eabfd","status":"broken","statusDetails":"selenium.common.exceptions.TimeoutException: Message: \nStacktrace:\n#0 0x55ebb213ad33 <unknown>\n#1 0x55ebb1df7f87 <unknown>\n#2 0x55ebb1e47c0e <unknown>\n#3 0x55ebb1e47d11 <unknown>\n#4 0x55ebb1e93004 <unknown>\n#5 0x55ebb1e7136d <unknown>\n#6 0x55ebb1e90297 <unknown>\n#7 0x55ebb1e710e3 <unknown>\n#8 0x55ebb1e39044 <unknown>\n#9 0x55ebb1e3a44e <unknown>\n#10 0x55ebb20ff861 <unknown>\n#11 0x55ebb2103785 <unknown>\n#12 0x55ebb20ed285 <unknown>\n#13 0x55ebb210441f <unknown>\n#14 0x55ebb20d120f <unknown>\n#15 0x55ebb2128028 <unknown>\n#16 0x55ebb21281f7 <unknown>\n#17 0x55ebb2139ed4 <unknown>\n#18 0x7f9feec94ac3 <unknown>","time":{"start":1703553147028,"stop":1703553157226,"duration":10198}}],"categories":[{"name":"Test defects","matchedStatuses":[],"flaky":false}],"tags":["security","Tagged test","flaky(reruns=1)"]},"source":"27351f9673f0425b.json","parameterValues":[]}