{"uid":"b031bb2ecfa7a115","name":"Delete existing workspace","fullName":"tests.workspaces_test.TestWorkspaces#test_delete_workspace","historyId":"085ae9bea926da8512f07258dfb5df8c","time":{"start":1697332482575,"stop":1697332482575,"duration":0},"description":"Delete an existing workspace","descriptionHtml":"<p>Delete an existing workspace</p>\n","status":"broken","statusMessage":"selenium.common.exceptions.TimeoutException: Message: \nStacktrace:\n#0 0x56071de536b3 <unknown>\n#1 0x56071db291e7 <unknown>\n#2 0x56071db70566 <unknown>\n#3 0x56071db70651 <unknown>\n#4 0x56071dbada74 <unknown>\n#5 0x56071db920ed <unknown>\n#6 0x56071dbab322 <unknown>\n#7 0x56071db91e93 <unknown>\n#8 0x56071db64934 <unknown>\n#9 0x56071db6571e <unknown>\n#10 0x56071de18cb8 <unknown>\n#11 0x56071de1cbf0 <unknown>\n#12 0x56071de2719c <unknown>\n#13 0x56071de1d808 <unknown>\n#14 0x56071ddea27f <unknown>\n#15 0x56071de41e88 <unknown>\n#16 0x56071de42059 <unknown>\n#17 0x56071de52843 <unknown>\n#18 0x7f7437e94b43 <unknown>","statusTrace":"self = <tests.workspaces_test.TestWorkspaces object at 0x7fbd744e0ad0>\n\n    @pytest.fixture(autouse=True)\n    def setup_method_fixture(self):\n>       login(self.about_page, self.login_page)\n\ntests/workspaces_test.py:24: \n_ _ _ _ _ _ _ _ _ _ _ _ _ _ _ _ _ _ _ _ _ _ _ _ _ _ _ _ _ _ _ _ _ _ _ _ _ _ _ _ \ntests/workspaces_test.py:14: in login\n    about_page.click_login_link()\npages/about_page.py:20: in click_login_link\n    self.click(self.LOGIN_LINK)\npages/base_page.py:38: in click\n    el: WebElement = self.wait.until(\n_ _ _ _ _ _ _ _ _ _ _ _ _ _ _ _ _ _ _ _ _ _ _ _ _ _ _ _ _ _ _ _ _ _ _ _ _ _ _ _ \n\nself = <selenium.webdriver.support.wait.WebDriverWait (session=\"2ca398df1fd0e58a3c6eac2245f0ac21\")>\nmethod = <function element_to_be_clickable.<locals>._predicate at 0x7fbd743e4ae0>\nmessage = ''\n\n    def until(self, method, message: str = \"\"):\n        \"\"\"Calls the method provided with the driver as an argument until the \\\n        return value does not evaluate to ``False``.\n    \n        :param method: callable(WebDriver)\n        :param message: optional message for :exc:`TimeoutException`\n        :returns: the result of the last call to `method`\n        :raises: :exc:`selenium.common.exceptions.TimeoutException` if timeout occurs\n        \"\"\"\n        screen = None\n        stacktrace = None\n    \n        end_time = time.monotonic() + self._timeout\n        while True:\n            try:\n                value = method(self._driver)\n                if value:\n                    return value\n            except self._ignored_exceptions as exc:\n                screen = getattr(exc, \"screen\", None)\n                stacktrace = getattr(exc, \"stacktrace\", None)\n            time.sleep(self._poll)\n            if time.monotonic() > end_time:\n                break\n>       raise TimeoutException(message, screen, stacktrace)\nE       selenium.common.exceptions.TimeoutException: Message: \nE       Stacktrace:\nE       #0 0x56071de536b3 <unknown>\nE       #1 0x56071db291e7 <unknown>\nE       #2 0x56071db70566 <unknown>\nE       #3 0x56071db70651 <unknown>\nE       #4 0x56071dbada74 <unknown>\nE       #5 0x56071db920ed <unknown>\nE       #6 0x56071dbab322 <unknown>\nE       #7 0x56071db91e93 <unknown>\nE       #8 0x56071db64934 <unknown>\nE       #9 0x56071db6571e <unknown>\nE       #10 0x56071de18cb8 <unknown>\nE       #11 0x56071de1cbf0 <unknown>\nE       #12 0x56071de2719c <unknown>\nE       #13 0x56071de1d808 <unknown>\nE       #14 0x56071ddea27f <unknown>\nE       #15 0x56071de41e88 <unknown>\nE       #16 0x56071de42059 <unknown>\nE       #17 0x56071de52843 <unknown>\nE       #18 0x7f7437e94b43 <unknown>\n\n.venv/lib/python3.11/site-packages/selenium/webdriver/support/wait.py:95: TimeoutException","flaky":false,"newFailed":false,"newBroken":false,"newPassed":false,"retriesCount":0,"retriesStatusChange":false,"beforeStages":[{"name":"base_url","time":{"start":1697332430320,"stop":1697332430321,"duration":1},"status":"passed","steps":[],"attachments":[],"parameters":[],"shouldDisplayMessage":false,"stepsCount":0,"attachmentsCount":0,"hasContent":false},{"name":"_verify_url","time":{"start":1697332430321,"stop":1697332430321,"duration":0},"status":"passed","steps":[],"attachments":[],"parameters":[],"shouldDisplayMessage":false,"stepsCount":0,"attachmentsCount":0,"hasContent":false},{"name":"setup_method_fixture","time":{"start":1697332484736,"stop":1697332495096,"duration":10360},"status":"broken","statusMessage":"selenium.common.exceptions.TimeoutException: Message: \nStacktrace:\n#0 0x56071de536b3 <unknown>\n#1 0x56071db291e7 <unknown>\n#2 0x56071db70566 <unknown>\n#3 0x56071db70651 <unknown>\n#4 0x56071dbada74 <unknown>\n#5 0x56071db920ed <unknown>\n#6 0x56071dbab322 <unknown>\n#7 0x56071db91e93 <unknown>\n#8 0x56071db64934 <unknown>\n#9 0x56071db6571e <unknown>\n#10 0x56071de18cb8 <unknown>\n#11 0x56071de1cbf0 <unknown>\n#12 0x56071de2719c <unknown>\n#13 0x56071de1d808 <unknown>\n#14 0x56071ddea27f <unknown>\n#15 0x56071de41e88 <unknown>\n#16 0x56071de42059 <unknown>\n#17 0x56071de52843 <unknown>\n#18 0x7f7437e94b43 <unknown>\n\n","statusTrace":"  File \"/home/runner/work/Selenium-Python-Example/Selenium-Python-Example/.venv/lib/python3.11/site-packages/pluggy/_callers.py\", line 80, in _multicall\n    res = hook_impl.function(*args)\n          ^^^^^^^^^^^^^^^^^^^^^^^^^\n  File \"/home/runner/work/Selenium-Python-Example/Selenium-Python-Example/.venv/lib/python3.11/site-packages/_pytest/fixtures.py\", line 1123, in pytest_fixture_setup\n    result = call_fixture_func(fixturefunc, request, kwargs)\n             ^^^^^^^^^^^^^^^^^^^^^^^^^^^^^^^^^^^^^^^^^^^^^^^\n  File \"/home/runner/work/Selenium-Python-Example/Selenium-Python-Example/.venv/lib/python3.11/site-packages/_pytest/fixtures.py\", line 902, in call_fixture_func\n    fixture_result = fixturefunc(**kwargs)\n                     ^^^^^^^^^^^^^^^^^^^^^\n  File \"/home/runner/work/Selenium-Python-Example/Selenium-Python-Example/tests/workspaces_test.py\", line 24, in setup_method_fixture\n    login(self.about_page, self.login_page)\n  File \"/home/runner/work/Selenium-Python-Example/Selenium-Python-Example/tests/workspaces_test.py\", line 14, in login\n    about_page.click_login_link()\n  File \"/home/runner/work/Selenium-Python-Example/Selenium-Python-Example/.venv/lib/python3.11/site-packages/allure_commons/_allure.py\", line 192, in impl\n    return func(*a, **kw)\n           ^^^^^^^^^^^^^^\n  File \"/home/runner/work/Selenium-Python-Example/Selenium-Python-Example/pages/about_page.py\", line 20, in click_login_link\n    self.click(self.LOGIN_LINK)\n  File \"/home/runner/work/Selenium-Python-Example/Selenium-Python-Example/pages/base_page.py\", line 38, in click\n    el: WebElement = self.wait.until(\n                     ^^^^^^^^^^^^^^^^\n  File \"/home/runner/work/Selenium-Python-Example/Selenium-Python-Example/.venv/lib/python3.11/site-packages/selenium/webdriver/support/wait.py\", line 95, in until\n    raise TimeoutException(message, screen, stacktrace)\n","steps":[{"name":"Click Login link","time":{"start":1697332484736,"stop":1697332495095,"duration":10359},"status":"broken","statusMessage":"selenium.common.exceptions.TimeoutException: Message: \nStacktrace:\n#0 0x56071de536b3 <unknown>\n#1 0x56071db291e7 <unknown>\n#2 0x56071db70566 <unknown>\n#3 0x56071db70651 <unknown>\n#4 0x56071dbada74 <unknown>\n#5 0x56071db920ed <unknown>\n#6 0x56071dbab322 <unknown>\n#7 0x56071db91e93 <unknown>\n#8 0x56071db64934 <unknown>\n#9 0x56071db6571e <unknown>\n#10 0x56071de18cb8 <unknown>\n#11 0x56071de1cbf0 <unknown>\n#12 0x56071de2719c <unknown>\n#13 0x56071de1d808 <unknown>\n#14 0x56071ddea27f <unknown>\n#15 0x56071de41e88 <unknown>\n#16 0x56071de42059 <unknown>\n#17 0x56071de52843 <unknown>\n#18 0x7f7437e94b43 <unknown>\n\n","statusTrace":"  File \"/home/runner/work/Selenium-Python-Example/Selenium-Python-Example/.venv/lib/python3.11/site-packages/allure_commons/_allure.py\", line 192, in impl\n    return func(*a, **kw)\n           ^^^^^^^^^^^^^^\n  File \"/home/runner/work/Selenium-Python-Example/Selenium-Python-Example/pages/about_page.py\", line 20, in click_login_link\n    self.click(self.LOGIN_LINK)\n  File \"/home/runner/work/Selenium-Python-Example/Selenium-Python-Example/pages/base_page.py\", line 38, in click\n    el: WebElement = self.wait.until(\n                     ^^^^^^^^^^^^^^^^\n  File \"/home/runner/work/Selenium-Python-Example/Selenium-Python-Example/.venv/lib/python3.11/site-packages/selenium/webdriver/support/wait.py\", line 95, in until\n    raise TimeoutException(message, screen, stacktrace)\n","steps":[],"attachments":[],"parameters":[],"shouldDisplayMessage":true,"stepsCount":0,"attachmentsCount":0,"hasContent":true}],"attachments":[],"parameters":[],"shouldDisplayMessage":false,"stepsCount":1,"attachmentsCount":0,"hasContent":true}],"testStage":{"description":"Delete an existing workspace","status":"broken","statusMessage":"selenium.common.exceptions.TimeoutException: Message: \nStacktrace:\n#0 0x56071de536b3 <unknown>\n#1 0x56071db291e7 <unknown>\n#2 0x56071db70566 <unknown>\n#3 0x56071db70651 <unknown>\n#4 0x56071dbada74 <unknown>\n#5 0x56071db920ed <unknown>\n#6 0x56071dbab322 <unknown>\n#7 0x56071db91e93 <unknown>\n#8 0x56071db64934 <unknown>\n#9 0x56071db6571e <unknown>\n#10 0x56071de18cb8 <unknown>\n#11 0x56071de1cbf0 <unknown>\n#12 0x56071de2719c <unknown>\n#13 0x56071de1d808 <unknown>\n#14 0x56071ddea27f <unknown>\n#15 0x56071de41e88 <unknown>\n#16 0x56071de42059 <unknown>\n#17 0x56071de52843 <unknown>\n#18 0x7f7437e94b43 <unknown>","statusTrace":"self = <tests.workspaces_test.TestWorkspaces object at 0x7fbd744e0ad0>\n\n    @pytest.fixture(autouse=True)\n    def setup_method_fixture(self):\n>       login(self.about_page, self.login_page)\n\ntests/workspaces_test.py:24: \n_ _ _ _ _ _ _ _ _ _ _ _ _ _ _ _ _ _ _ _ _ _ _ _ _ _ _ _ _ _ _ _ _ _ _ _ _ _ _ _ \ntests/workspaces_test.py:14: in login\n    about_page.click_login_link()\npages/about_page.py:20: in click_login_link\n    self.click(self.LOGIN_LINK)\npages/base_page.py:38: in click\n    el: WebElement = self.wait.until(\n_ _ _ _ _ _ _ _ _ _ _ _ _ _ _ _ _ _ _ _ _ _ _ _ _ _ _ _ _ _ _ _ _ _ _ _ _ _ _ _ \n\nself = <selenium.webdriver.support.wait.WebDriverWait (session=\"2ca398df1fd0e58a3c6eac2245f0ac21\")>\nmethod = <function element_to_be_clickable.<locals>._predicate at 0x7fbd743e4ae0>\nmessage = ''\n\n    def until(self, method, message: str = \"\"):\n        \"\"\"Calls the method provided with the driver as an argument until the \\\n        return value does not evaluate to ``False``.\n    \n        :param method: callable(WebDriver)\n        :param message: optional message for :exc:`TimeoutException`\n        :returns: the result of the last call to `method`\n        :raises: :exc:`selenium.common.exceptions.TimeoutException` if timeout occurs\n        \"\"\"\n        screen = None\n        stacktrace = None\n    \n        end_time = time.monotonic() + self._timeout\n        while True:\n            try:\n                value = method(self._driver)\n                if value:\n                    return value\n            except self._ignored_exceptions as exc:\n                screen = getattr(exc, \"screen\", None)\n                stacktrace = getattr(exc, \"stacktrace\", None)\n            time.sleep(self._poll)\n            if time.monotonic() > end_time:\n                break\n>       raise TimeoutException(message, screen, stacktrace)\nE       selenium.common.exceptions.TimeoutException: Message: \nE       Stacktrace:\nE       #0 0x56071de536b3 <unknown>\nE       #1 0x56071db291e7 <unknown>\nE       #2 0x56071db70566 <unknown>\nE       #3 0x56071db70651 <unknown>\nE       #4 0x56071dbada74 <unknown>\nE       #5 0x56071db920ed <unknown>\nE       #6 0x56071dbab322 <unknown>\nE       #7 0x56071db91e93 <unknown>\nE       #8 0x56071db64934 <unknown>\nE       #9 0x56071db6571e <unknown>\nE       #10 0x56071de18cb8 <unknown>\nE       #11 0x56071de1cbf0 <unknown>\nE       #12 0x56071de2719c <unknown>\nE       #13 0x56071de1d808 <unknown>\nE       #14 0x56071ddea27f <unknown>\nE       #15 0x56071de41e88 <unknown>\nE       #16 0x56071de42059 <unknown>\nE       #17 0x56071de52843 <unknown>\nE       #18 0x7f7437e94b43 <unknown>\n\n.venv/lib/python3.11/site-packages/selenium/webdriver/support/wait.py:95: TimeoutException","steps":[],"attachments":[{"uid":"77d71284fb0867","name":"public ip address","source":"77d71284fb0867.txt","type":"text/plain","size":12},{"uid":"b6aad18359bc5a58","name":"Cookies","source":"b6aad18359bc5a58.json","type":"application/json","size":2018},{"uid":"762af3730580040e","name":"Session Storage","source":"762af3730580040e.json","type":"application/json","size":333},{"uid":"10ec087f1d792259","name":"Local Storage","source":"10ec087f1d792259.json","type":"application/json","size":208},{"uid":"e8ce765f3b8da680","name":"Console Logs","source":"e8ce765f3b8da680.json","type":"application/json","size":2},{"uid":"225685ea7b8e2ae7","name":"Full Page Screenshot","source":"225685ea7b8e2ae7.png","type":"image/png","size":715293},{"uid":"f1a9f2fb3099a6b2","name":"URL","source":"f1a9f2fb3099a6b2.uri","type":"text/uri-list","size":23},{"uid":"aeef133ff7bf9d35","name":"Network Logs","source":"aeef133ff7bf9d35.json","type":"application/json","size":23056}],"parameters":[],"shouldDisplayMessage":true,"stepsCount":0,"attachmentsCount":8,"hasContent":true},"afterStages":[],"labels":[{"name":"epic","value":"Workspaces"},{"name":"severity","value":"normal"},{"name":"story","value":"WorkSpaces Creation and Editing Functionality"},{"name":"tag","value":"run(order=3)"},{"name":"parentSuite","value":"tests"},{"name":"suite","value":"workspaces_test"},{"name":"subSuite","value":"TestWorkspaces"},{"name":"host","value":"fv-az448-91"},{"name":"thread","value":"2155-MainThread"},{"name":"framework","value":"pytest"},{"name":"language","value":"cpython3"},{"name":"package","value":"tests.workspaces_test"},{"name":"resultFormat","value":"allure2"}],"parameters":[],"links":[],"hidden":false,"retry":false,"extra":{"severity":"normal","retries":[],"categories":[{"name":"Test defects","matchedStatuses":[],"flaky":false}],"tags":["run(order=3)"]},"source":"b031bb2ecfa7a115.json","parameterValues":[]}