{"uid":"fc225943ddb3d1f7","name":"Login with valid credentials test","fullName":"tests.login_test.TestLogin#test_valid_login","historyId":"18657c207d70aa57845e0b7f4751c290","time":{"start":1737595702824,"stop":1737595713088,"duration":10264},"description":"valid login","descriptionHtml":"<p>valid login</p>\n","status":"broken","statusMessage":"selenium.common.exceptions.TimeoutException: Message: \nStacktrace:\n#0 0x564ce7c5d8fa <unknown>\n#1 0x564ce776ed20 <unknown>\n#2 0x564ce77bda66 <unknown>\n#3 0x564ce77bdd01 <unknown>\n#4 0x564ce7803184 <unknown>\n#5 0x564ce77e1b1d <unknown>\n#6 0x564ce7800560 <unknown>\n#7 0x564ce77e1893 <unknown>\n#8 0x564ce77b030d <unknown>\n#9 0x564ce77b132e <unknown>\n#10 0x564ce7c2a00b <unknown>\n#11 0x564ce7c2df97 <unknown>\n#12 0x564ce7c1671c <unknown>\n#13 0x564ce7c2eb17 <unknown>\n#14 0x564ce7bfb6cf <unknown>\n#15 0x564ce7c4c6b8 <unknown>\n#16 0x564ce7c4c880 <unknown>\n#17 0x564ce7c5c776 <unknown>\n#18 0x7f4dd669ca94 <unknown>\n#19 0x7f4dd6729c3c <unknown>","statusTrace":"self = <tests.login_test.TestLogin object at 0x7f963344d340>\ndata = Data(forgot_password=ForgotPassword(error_message=\"We can't find a user with that e-mail address.\", success_message='A...ct='Non Existing', page_title='My Workspace', project_name='test project', project_type='quiz', template_type='Blank'))\n\n    @allure.description(\"valid login\")\n    @allure.title(\"Login with valid credentials test\")\n    @allure.tag(\"Tagged test\")\n    @pytest.mark.flaky(reruns=1)\n    def test_valid_login(self, data: Data):\n        self.about_page.set_geo_location(30.3079823, -97.893803)\n>       self.about_page.click_login_link()\n\ntests/login_test.py:43: \n_ _ _ _ _ _ _ _ _ _ _ _ _ _ _ _ _ _ _ _ _ _ _ _ _ _ _ _ _ _ _ _ _ _ _ _ _ _ _ _ \npages/about_page.py:20: in click_login_link\n    self.click(self.LOGIN_LINK)\npages/base_page.py:60: in click\n    el: WebElement = self.wait.until(\n_ _ _ _ _ _ _ _ _ _ _ _ _ _ _ _ _ _ _ _ _ _ _ _ _ _ _ _ _ _ _ _ _ _ _ _ _ _ _ _ \n\nself = <selenium.webdriver.support.wait.WebDriverWait (session=\"ffdac556980e7efebfb7891a2c3ea96f\")>\nmethod = <function element_to_be_clickable.<locals>._predicate at 0x7f96331b1a80>\nmessage = ''\n\n    def until(self, method: Callable[[D], Union[Literal[False], T]], message: str = \"\") -> T:\n        \"\"\"Calls the method provided with the driver as an argument until the \\\n        return value does not evaluate to ``False``.\n    \n        :param method: callable(WebDriver)\n        :param message: optional message for :exc:`TimeoutException`\n        :returns: the result of the last call to `method`\n        :raises: :exc:`selenium.common.exceptions.TimeoutException` if timeout occurs\n        \"\"\"\n        screen = None\n        stacktrace = None\n    \n        end_time = time.monotonic() + self._timeout\n        while True:\n            try:\n                value = method(self._driver)\n                if value:\n                    return value\n            except self._ignored_exceptions as exc:\n                screen = getattr(exc, \"screen\", None)\n                stacktrace = getattr(exc, \"stacktrace\", None)\n            if time.monotonic() > end_time:\n                break\n            time.sleep(self._poll)\n>       raise TimeoutException(message, screen, stacktrace)\nE       selenium.common.exceptions.TimeoutException: Message: \nE       Stacktrace:\nE       #0 0x564ce7c5d8fa <unknown>\nE       #1 0x564ce776ed20 <unknown>\nE       #2 0x564ce77bda66 <unknown>\nE       #3 0x564ce77bdd01 <unknown>\nE       #4 0x564ce7803184 <unknown>\nE       #5 0x564ce77e1b1d <unknown>\nE       #6 0x564ce7800560 <unknown>\nE       #7 0x564ce77e1893 <unknown>\nE       #8 0x564ce77b030d <unknown>\nE       #9 0x564ce77b132e <unknown>\nE       #10 0x564ce7c2a00b <unknown>\nE       #11 0x564ce7c2df97 <unknown>\nE       #12 0x564ce7c1671c <unknown>\nE       #13 0x564ce7c2eb17 <unknown>\nE       #14 0x564ce7bfb6cf <unknown>\nE       #15 0x564ce7c4c6b8 <unknown>\nE       #16 0x564ce7c4c880 <unknown>\nE       #17 0x564ce7c5c776 <unknown>\nE       #18 0x7f4dd669ca94 <unknown>\nE       #19 0x7f4dd6729c3c <unknown>\n\n.venv/lib/python3.12/site-packages/selenium/webdriver/support/wait.py:105: TimeoutException","flaky":false,"newFailed":false,"newBroken":false,"newPassed":false,"retriesCount":1,"retriesStatusChange":false,"beforeStages":[{"name":"base_url","time":{"start":1737595655818,"stop":1737595655818,"duration":0},"status":"passed","steps":[],"attachments":[],"parameters":[],"shouldDisplayMessage":false,"stepsCount":0,"attachmentsCount":0,"hasContent":false,"attachmentStep":false},{"name":"session_request","time":{"start":1737595655819,"stop":1737595655819,"duration":0},"status":"passed","steps":[],"attachments":[],"parameters":[],"shouldDisplayMessage":false,"stepsCount":0,"attachmentsCount":0,"hasContent":false,"attachmentStep":false},{"name":"data","time":{"start":1737595655819,"stop":1737595655820,"duration":1},"status":"passed","steps":[],"attachments":[],"parameters":[],"shouldDisplayMessage":false,"stepsCount":0,"attachmentsCount":0,"hasContent":false,"attachmentStep":false},{"name":"_verify_url","time":{"start":1737595655819,"stop":1737595655819,"duration":0},"status":"passed","steps":[],"attachments":[],"parameters":[],"shouldDisplayMessage":false,"stepsCount":0,"attachmentsCount":0,"hasContent":false,"attachmentStep":false}],"testStage":{"description":"valid login","status":"broken","statusMessage":"selenium.common.exceptions.TimeoutException: Message: \nStacktrace:\n#0 0x564ce7c5d8fa <unknown>\n#1 0x564ce776ed20 <unknown>\n#2 0x564ce77bda66 <unknown>\n#3 0x564ce77bdd01 <unknown>\n#4 0x564ce7803184 <unknown>\n#5 0x564ce77e1b1d <unknown>\n#6 0x564ce7800560 <unknown>\n#7 0x564ce77e1893 <unknown>\n#8 0x564ce77b030d <unknown>\n#9 0x564ce77b132e <unknown>\n#10 0x564ce7c2a00b <unknown>\n#11 0x564ce7c2df97 <unknown>\n#12 0x564ce7c1671c <unknown>\n#13 0x564ce7c2eb17 <unknown>\n#14 0x564ce7bfb6cf <unknown>\n#15 0x564ce7c4c6b8 <unknown>\n#16 0x564ce7c4c880 <unknown>\n#17 0x564ce7c5c776 <unknown>\n#18 0x7f4dd669ca94 <unknown>\n#19 0x7f4dd6729c3c <unknown>","statusTrace":"self = <tests.login_test.TestLogin object at 0x7f963344d340>\ndata = Data(forgot_password=ForgotPassword(error_message=\"We can't find a user with that e-mail address.\", success_message='A...ct='Non Existing', page_title='My Workspace', project_name='test project', project_type='quiz', template_type='Blank'))\n\n    @allure.description(\"valid login\")\n    @allure.title(\"Login with valid credentials test\")\n    @allure.tag(\"Tagged test\")\n    @pytest.mark.flaky(reruns=1)\n    def test_valid_login(self, data: Data):\n        self.about_page.set_geo_location(30.3079823, -97.893803)\n>       self.about_page.click_login_link()\n\ntests/login_test.py:43: \n_ _ _ _ _ _ _ _ _ _ _ _ _ _ _ _ _ _ _ _ _ _ _ _ _ _ _ _ _ _ _ _ _ _ _ _ _ _ _ _ \npages/about_page.py:20: in click_login_link\n    self.click(self.LOGIN_LINK)\npages/base_page.py:60: in click\n    el: WebElement = self.wait.until(\n_ _ _ _ _ _ _ _ _ _ _ _ _ _ _ _ _ _ _ _ _ _ _ _ _ _ _ _ _ _ _ _ _ _ _ _ _ _ _ _ \n\nself = <selenium.webdriver.support.wait.WebDriverWait (session=\"ffdac556980e7efebfb7891a2c3ea96f\")>\nmethod = <function element_to_be_clickable.<locals>._predicate at 0x7f96331b1a80>\nmessage = ''\n\n    def until(self, method: Callable[[D], Union[Literal[False], T]], message: str = \"\") -> T:\n        \"\"\"Calls the method provided with the driver as an argument until the \\\n        return value does not evaluate to ``False``.\n    \n        :param method: callable(WebDriver)\n        :param message: optional message for :exc:`TimeoutException`\n        :returns: the result of the last call to `method`\n        :raises: :exc:`selenium.common.exceptions.TimeoutException` if timeout occurs\n        \"\"\"\n        screen = None\n        stacktrace = None\n    \n        end_time = time.monotonic() + self._timeout\n        while True:\n            try:\n                value = method(self._driver)\n                if value:\n                    return value\n            except self._ignored_exceptions as exc:\n                screen = getattr(exc, \"screen\", None)\n                stacktrace = getattr(exc, \"stacktrace\", None)\n            if time.monotonic() > end_time:\n                break\n            time.sleep(self._poll)\n>       raise TimeoutException(message, screen, stacktrace)\nE       selenium.common.exceptions.TimeoutException: Message: \nE       Stacktrace:\nE       #0 0x564ce7c5d8fa <unknown>\nE       #1 0x564ce776ed20 <unknown>\nE       #2 0x564ce77bda66 <unknown>\nE       #3 0x564ce77bdd01 <unknown>\nE       #4 0x564ce7803184 <unknown>\nE       #5 0x564ce77e1b1d <unknown>\nE       #6 0x564ce7800560 <unknown>\nE       #7 0x564ce77e1893 <unknown>\nE       #8 0x564ce77b030d <unknown>\nE       #9 0x564ce77b132e <unknown>\nE       #10 0x564ce7c2a00b <unknown>\nE       #11 0x564ce7c2df97 <unknown>\nE       #12 0x564ce7c1671c <unknown>\nE       #13 0x564ce7c2eb17 <unknown>\nE       #14 0x564ce7bfb6cf <unknown>\nE       #15 0x564ce7c4c6b8 <unknown>\nE       #16 0x564ce7c4c880 <unknown>\nE       #17 0x564ce7c5c776 <unknown>\nE       #18 0x7f4dd669ca94 <unknown>\nE       #19 0x7f4dd6729c3c <unknown>\n\n.venv/lib/python3.12/site-packages/selenium/webdriver/support/wait.py:105: TimeoutException","steps":[{"name":"Click Login link","time":{"start":1737595702867,"stop":1737595713087,"duration":10220},"status":"broken","statusMessage":"selenium.common.exceptions.TimeoutException: Message: \nStacktrace:\n#0 0x564ce7c5d8fa <unknown>\n#1 0x564ce776ed20 <unknown>\n#2 0x564ce77bda66 <unknown>\n#3 0x564ce77bdd01 <unknown>\n#4 0x564ce7803184 <unknown>\n#5 0x564ce77e1b1d <unknown>\n#6 0x564ce7800560 <unknown>\n#7 0x564ce77e1893 <unknown>\n#8 0x564ce77b030d <unknown>\n#9 0x564ce77b132e <unknown>\n#10 0x564ce7c2a00b <unknown>\n#11 0x564ce7c2df97 <unknown>\n#12 0x564ce7c1671c <unknown>\n#13 0x564ce7c2eb17 <unknown>\n#14 0x564ce7bfb6cf <unknown>\n#15 0x564ce7c4c6b8 <unknown>\n#16 0x564ce7c4c880 <unknown>\n#17 0x564ce7c5c776 <unknown>\n#18 0x7f4dd669ca94 <unknown>\n#19 0x7f4dd6729c3c <unknown>\n\n","statusTrace":"  File \"/home/runner/work/Selenium-Python-Example/Selenium-Python-Example/.venv/lib/python3.12/site-packages/allure_commons/_allure.py\", line 192, in impl\n    return func(*a, **kw)\n           ^^^^^^^^^^^^^^\n  File \"/home/runner/work/Selenium-Python-Example/Selenium-Python-Example/pages/about_page.py\", line 20, in click_login_link\n    self.click(self.LOGIN_LINK)\n  File \"/home/runner/work/Selenium-Python-Example/Selenium-Python-Example/pages/base_page.py\", line 60, in click\n    el: WebElement = self.wait.until(\n                     ^^^^^^^^^^^^^^^^\n  File \"/home/runner/work/Selenium-Python-Example/Selenium-Python-Example/.venv/lib/python3.12/site-packages/selenium/webdriver/support/wait.py\", line 105, in until\n    raise TimeoutException(message, screen, stacktrace)\n","steps":[],"attachments":[],"parameters":[],"shouldDisplayMessage":true,"stepsCount":0,"attachmentsCount":0,"hasContent":true,"attachmentStep":false},{"name":"public ip address","time":{"start":1737595713105,"stop":1737595713167,"duration":62},"status":"passed","steps":[],"attachments":[{"uid":"e7259999af63ca85","name":"HTTP logs of http://checkip.amazonaws.com/","source":"e7259999af63ca85.txt","type":"text/plain","size":356}],"parameters":[],"shouldDisplayMessage":false,"stepsCount":0,"attachmentsCount":1,"hasContent":true,"attachmentStep":false}],"attachments":[{"uid":"f4f1c2a0565a49af","name":"Cookies","source":"f4f1c2a0565a49af.json","type":"application/json","size":4112},{"uid":"7f47cae8c4dd3a07","name":"Session Storage","source":"7f47cae8c4dd3a07.json","type":"application/json","size":358},{"uid":"5ca4adf82450b910","name":"Local Storage","source":"5ca4adf82450b910.json","type":"application/json","size":790},{"uid":"f625b9ff27bf5e57","name":"Console Logs","source":"f625b9ff27bf5e57.json","type":"application/json","size":236},{"uid":"3260cc2c528c2cd4","name":"Full Page Screenshot","source":"3260cc2c528c2cd4.png","type":"image/png","size":4110652},{"uid":"4f9ca34dbe8e9046","name":"URL","source":"4f9ca34dbe8e9046.uri","type":"text/uri-list","size":23},{"uid":"d02454418cb812c0","name":"Network Logs","source":"d02454418cb812c0.json","type":"application/json","size":5964339}],"parameters":[],"shouldDisplayMessage":true,"stepsCount":2,"attachmentsCount":8,"hasContent":true,"attachmentStep":false},"afterStages":[{"name":"session_request::0","time":{"start":1737595732714,"stop":1737595732714,"duration":0},"status":"passed","steps":[],"attachments":[],"parameters":[],"shouldDisplayMessage":false,"stepsCount":0,"attachmentsCount":0,"hasContent":false,"attachmentStep":false}],"labels":[{"name":"severity","value":"blocker"},{"name":"epic","value":"Security"},{"name":"feature","value":"Login"},{"name":"tag","value":"Tagged test"},{"name":"tag","value":"flaky(reruns=1)"},{"name":"tag","value":"security"},{"name":"parentSuite","value":"tests"},{"name":"suite","value":"login_test"},{"name":"subSuite","value":"TestLogin"},{"name":"host","value":"fv-az1718-486"},{"name":"thread","value":"2015-MainThread"},{"name":"framework","value":"pytest"},{"name":"language","value":"cpython3"},{"name":"package","value":"tests.login_test"},{"name":"resultFormat","value":"allure2"}],"parameters":[],"links":[],"hidden":false,"retry":false,"extra":{"severity":"blocker","retries":[{"uid":"6dc2d868672a12ea","status":"broken","statusDetails":"selenium.common.exceptions.TimeoutException: Message: \nStacktrace:\n#0 0x55d80b1388fa <unknown>\n#1 0x55d80ac49d20 <unknown>\n#2 0x55d80ac98a66 <unknown>\n#3 0x55d80ac98d01 <unknown>\n#4 0x55d80acde184 <unknown>\n#5 0x55d80acbcb1d <unknown>\n#6 0x55d80acdb560 <unknown>\n#7 0x55d80acbc893 <unknown>\n#8 0x55d80ac8b30d <unknown>\n#9 0x55d80ac8c32e <unknown>\n#10 0x55d80b10500b <unknown>\n#11 0x55d80b108f97 <unknown>\n#12 0x55d80b0f171c <unknown>\n#13 0x55d80b109b17 <unknown>\n#14 0x55d80b0d66cf <unknown>\n#15 0x55d80b1276b8 <unknown>\n#16 0x55d80b127880 <unknown>\n#17 0x55d80b137776 <unknown>\n#18 0x7f6e02e9ca94 <unknown>\n#19 0x7f6e02f29c3c <unknown>","time":{"start":1737595687013,"stop":1737595697197,"duration":10184}}],"categories":[{"name":"Test defects","matchedStatuses":[],"flaky":false}],"tags":["security","Tagged test","flaky(reruns=1)"]},"source":"fc225943ddb3d1f7.json","parameterValues":[]}