{"uid":"2947c3e94c2481db","name":"Forgot Password with invalid email test","fullName":"tests.forgot_password_test.TestForgotPassword#test_invalid_email","historyId":"d2a250cc6a2f1fc6537c2941dddbd8de","time":{"start":1700874741091,"stop":1700874751300,"duration":10209},"description":"Forgot Password with invalid email address","descriptionHtml":"<p>Forgot Password with invalid email address</p>\n","status":"broken","statusMessage":"selenium.common.exceptions.TimeoutException: Message: \nStacktrace:\n#0 0x55de35d5d5e3 <unknown>\n#1 0x55de35a200b7 <unknown>\n#2 0x55de35a6df53 <unknown>\n#3 0x55de35a6e051 <unknown>\n#4 0x55de35ab39c4 <unknown>\n#5 0x55de35a94f1d <unknown>\n#6 0x55de35ab0b3d <unknown>\n#7 0x55de35a94cc3 <unknown>\n#8 0x55de35a600e4 <unknown>\n#9 0x55de35a610ae <unknown>\n#10 0x55de35d23ce1 <unknown>\n#11 0x55de35d27b7e <unknown>\n#12 0x55de35d114b5 <unknown>\n#13 0x55de35d287d6 <unknown>\n#14 0x55de35cf4dbf <unknown>\n#15 0x55de35d4b748 <unknown>\n#16 0x55de35d4b917 <unknown>\n#17 0x55de35d5c773 <unknown>\n#18 0x7fbcaca94ac3 <unknown>","statusTrace":"self = <tests.forgot_password_test.TestForgotPassword object at 0x7f4939bdd290>\nexcel_reader = <utils.excel_parser.ExcelParser object at 0x7f4939790250>\njson_data = {'forgot_password': {'error_message': \"We can't find a user with that e-mail address.\", 'success_message': 'A reset li...you page', 'name': 'test', 'new_name': 'another test', 'no_project_found_msg': 'No project matches the criteria', ...}}\n\n    @allure.description(\"Forgot Password with invalid email address\")\n    @allure.title(\"Forgot Password with invalid email test\")\n    def test_invalid_email(self, excel_reader, json_data: dict):\n        emails = excel_reader.read_from_excel(\"Emails\")\n>       self.about_page.click_login_link()\n\ntests/forgot_password_test.py:33: \n_ _ _ _ _ _ _ _ _ _ _ _ _ _ _ _ _ _ _ _ _ _ _ _ _ _ _ _ _ _ _ _ _ _ _ _ _ _ _ _ \npages/about_page.py:20: in click_login_link\n    self.click(self.LOGIN_LINK)\npages/base_page.py:38: in click\n    el: WebElement = self.wait.until(\n_ _ _ _ _ _ _ _ _ _ _ _ _ _ _ _ _ _ _ _ _ _ _ _ _ _ _ _ _ _ _ _ _ _ _ _ _ _ _ _ \n\nself = <selenium.webdriver.support.wait.WebDriverWait (session=\"1a698cfb13d819fb29fd8f7ff6cd200b\")>\nmethod = <function element_to_be_clickable.<locals>._predicate at 0x7f4939ad3060>\nmessage = ''\n\n    def until(self, method: Callable[[WebDriver], Union[Literal[False], T]], message: str = \"\") -> T:\n        \"\"\"Calls the method provided with the driver as an argument until the \\\n        return value does not evaluate to ``False``.\n    \n        :param method: callable(WebDriver)\n        :param message: optional message for :exc:`TimeoutException`\n        :returns: the result of the last call to `method`\n        :raises: :exc:`selenium.common.exceptions.TimeoutException` if timeout occurs\n        \"\"\"\n        screen = None\n        stacktrace = None\n    \n        end_time = time.monotonic() + self._timeout\n        while True:\n            try:\n                value = method(self._driver)\n                if value:\n                    return value\n            except self._ignored_exceptions as exc:\n                screen = getattr(exc, \"screen\", None)\n                stacktrace = getattr(exc, \"stacktrace\", None)\n            time.sleep(self._poll)\n            if time.monotonic() > end_time:\n                break\n>       raise TimeoutException(message, screen, stacktrace)\nE       selenium.common.exceptions.TimeoutException: Message: \nE       Stacktrace:\nE       #0 0x55de35d5d5e3 <unknown>\nE       #1 0x55de35a200b7 <unknown>\nE       #2 0x55de35a6df53 <unknown>\nE       #3 0x55de35a6e051 <unknown>\nE       #4 0x55de35ab39c4 <unknown>\nE       #5 0x55de35a94f1d <unknown>\nE       #6 0x55de35ab0b3d <unknown>\nE       #7 0x55de35a94cc3 <unknown>\nE       #8 0x55de35a600e4 <unknown>\nE       #9 0x55de35a610ae <unknown>\nE       #10 0x55de35d23ce1 <unknown>\nE       #11 0x55de35d27b7e <unknown>\nE       #12 0x55de35d114b5 <unknown>\nE       #13 0x55de35d287d6 <unknown>\nE       #14 0x55de35cf4dbf <unknown>\nE       #15 0x55de35d4b748 <unknown>\nE       #16 0x55de35d4b917 <unknown>\nE       #17 0x55de35d5c773 <unknown>\nE       #18 0x7fbcaca94ac3 <unknown>\n\n.venv/lib/python3.11/site-packages/selenium/webdriver/support/wait.py:101: TimeoutException","flaky":false,"newFailed":false,"newBroken":false,"newPassed":false,"retriesCount":0,"retriesStatusChange":false,"beforeStages":[{"name":"base_url","time":{"start":1700874578332,"stop":1700874578332,"duration":0},"status":"passed","steps":[],"attachments":[],"parameters":[],"shouldDisplayMessage":false,"stepsCount":0,"attachmentsCount":0,"hasContent":false},{"name":"json_data","time":{"start":1700874578332,"stop":1700874578332,"duration":0},"status":"passed","steps":[],"attachments":[],"parameters":[],"shouldDisplayMessage":false,"stepsCount":0,"attachmentsCount":0,"hasContent":false},{"name":"_verify_url","time":{"start":1700874578332,"stop":1700874578332,"duration":0},"status":"passed","steps":[],"attachments":[],"parameters":[],"shouldDisplayMessage":false,"stepsCount":0,"attachmentsCount":0,"hasContent":false}],"testStage":{"description":"Forgot Password with invalid email address","status":"broken","statusMessage":"selenium.common.exceptions.TimeoutException: Message: \nStacktrace:\n#0 0x55de35d5d5e3 <unknown>\n#1 0x55de35a200b7 <unknown>\n#2 0x55de35a6df53 <unknown>\n#3 0x55de35a6e051 <unknown>\n#4 0x55de35ab39c4 <unknown>\n#5 0x55de35a94f1d <unknown>\n#6 0x55de35ab0b3d <unknown>\n#7 0x55de35a94cc3 <unknown>\n#8 0x55de35a600e4 <unknown>\n#9 0x55de35a610ae <unknown>\n#10 0x55de35d23ce1 <unknown>\n#11 0x55de35d27b7e <unknown>\n#12 0x55de35d114b5 <unknown>\n#13 0x55de35d287d6 <unknown>\n#14 0x55de35cf4dbf <unknown>\n#15 0x55de35d4b748 <unknown>\n#16 0x55de35d4b917 <unknown>\n#17 0x55de35d5c773 <unknown>\n#18 0x7fbcaca94ac3 <unknown>","statusTrace":"self = <tests.forgot_password_test.TestForgotPassword object at 0x7f4939bdd290>\nexcel_reader = <utils.excel_parser.ExcelParser object at 0x7f4939790250>\njson_data = {'forgot_password': {'error_message': \"We can't find a user with that e-mail address.\", 'success_message': 'A reset li...you page', 'name': 'test', 'new_name': 'another test', 'no_project_found_msg': 'No project matches the criteria', ...}}\n\n    @allure.description(\"Forgot Password with invalid email address\")\n    @allure.title(\"Forgot Password with invalid email test\")\n    def test_invalid_email(self, excel_reader, json_data: dict):\n        emails = excel_reader.read_from_excel(\"Emails\")\n>       self.about_page.click_login_link()\n\ntests/forgot_password_test.py:33: \n_ _ _ _ _ _ _ _ _ _ _ _ _ _ _ _ _ _ _ _ _ _ _ _ _ _ _ _ _ _ _ _ _ _ _ _ _ _ _ _ \npages/about_page.py:20: in click_login_link\n    self.click(self.LOGIN_LINK)\npages/base_page.py:38: in click\n    el: WebElement = self.wait.until(\n_ _ _ _ _ _ _ _ _ _ _ _ _ _ _ _ _ _ _ _ _ _ _ _ _ _ _ _ _ _ _ _ _ _ _ _ _ _ _ _ \n\nself = <selenium.webdriver.support.wait.WebDriverWait (session=\"1a698cfb13d819fb29fd8f7ff6cd200b\")>\nmethod = <function element_to_be_clickable.<locals>._predicate at 0x7f4939ad3060>\nmessage = ''\n\n    def until(self, method: Callable[[WebDriver], Union[Literal[False], T]], message: str = \"\") -> T:\n        \"\"\"Calls the method provided with the driver as an argument until the \\\n        return value does not evaluate to ``False``.\n    \n        :param method: callable(WebDriver)\n        :param message: optional message for :exc:`TimeoutException`\n        :returns: the result of the last call to `method`\n        :raises: :exc:`selenium.common.exceptions.TimeoutException` if timeout occurs\n        \"\"\"\n        screen = None\n        stacktrace = None\n    \n        end_time = time.monotonic() + self._timeout\n        while True:\n            try:\n                value = method(self._driver)\n                if value:\n                    return value\n            except self._ignored_exceptions as exc:\n                screen = getattr(exc, \"screen\", None)\n                stacktrace = getattr(exc, \"stacktrace\", None)\n            time.sleep(self._poll)\n            if time.monotonic() > end_time:\n                break\n>       raise TimeoutException(message, screen, stacktrace)\nE       selenium.common.exceptions.TimeoutException: Message: \nE       Stacktrace:\nE       #0 0x55de35d5d5e3 <unknown>\nE       #1 0x55de35a200b7 <unknown>\nE       #2 0x55de35a6df53 <unknown>\nE       #3 0x55de35a6e051 <unknown>\nE       #4 0x55de35ab39c4 <unknown>\nE       #5 0x55de35a94f1d <unknown>\nE       #6 0x55de35ab0b3d <unknown>\nE       #7 0x55de35a94cc3 <unknown>\nE       #8 0x55de35a600e4 <unknown>\nE       #9 0x55de35a610ae <unknown>\nE       #10 0x55de35d23ce1 <unknown>\nE       #11 0x55de35d27b7e <unknown>\nE       #12 0x55de35d114b5 <unknown>\nE       #13 0x55de35d287d6 <unknown>\nE       #14 0x55de35cf4dbf <unknown>\nE       #15 0x55de35d4b748 <unknown>\nE       #16 0x55de35d4b917 <unknown>\nE       #17 0x55de35d5c773 <unknown>\nE       #18 0x7fbcaca94ac3 <unknown>\n\n.venv/lib/python3.11/site-packages/selenium/webdriver/support/wait.py:101: TimeoutException","steps":[{"name":"Click Login link","time":{"start":1700874741109,"stop":1700874751300,"duration":10191},"status":"broken","statusMessage":"selenium.common.exceptions.TimeoutException: Message: \nStacktrace:\n#0 0x55de35d5d5e3 <unknown>\n#1 0x55de35a200b7 <unknown>\n#2 0x55de35a6df53 <unknown>\n#3 0x55de35a6e051 <unknown>\n#4 0x55de35ab39c4 <unknown>\n#5 0x55de35a94f1d <unknown>\n#6 0x55de35ab0b3d <unknown>\n#7 0x55de35a94cc3 <unknown>\n#8 0x55de35a600e4 <unknown>\n#9 0x55de35a610ae <unknown>\n#10 0x55de35d23ce1 <unknown>\n#11 0x55de35d27b7e <unknown>\n#12 0x55de35d114b5 <unknown>\n#13 0x55de35d287d6 <unknown>\n#14 0x55de35cf4dbf <unknown>\n#15 0x55de35d4b748 <unknown>\n#16 0x55de35d4b917 <unknown>\n#17 0x55de35d5c773 <unknown>\n#18 0x7fbcaca94ac3 <unknown>\n\n","statusTrace":"  File \"/home/runner/work/Selenium-Python-Example/Selenium-Python-Example/.venv/lib/python3.11/site-packages/allure_commons/_allure.py\", line 192, in impl\n    return func(*a, **kw)\n           ^^^^^^^^^^^^^^\n  File \"/home/runner/work/Selenium-Python-Example/Selenium-Python-Example/pages/about_page.py\", line 20, in click_login_link\n    self.click(self.LOGIN_LINK)\n  File \"/home/runner/work/Selenium-Python-Example/Selenium-Python-Example/pages/base_page.py\", line 38, in click\n    el: WebElement = self.wait.until(\n                     ^^^^^^^^^^^^^^^^\n  File \"/home/runner/work/Selenium-Python-Example/Selenium-Python-Example/.venv/lib/python3.11/site-packages/selenium/webdriver/support/wait.py\", line 101, in until\n    raise TimeoutException(message, screen, stacktrace)\n","steps":[],"attachments":[],"parameters":[],"shouldDisplayMessage":true,"stepsCount":0,"attachmentsCount":0,"hasContent":true}],"attachments":[{"uid":"bede652d605ced47","name":"public ip address","source":"bede652d605ced47.txt","type":"text/plain","size":11},{"uid":"d702c69e719c62ef","name":"Cookies","source":"d702c69e719c62ef.json","type":"application/json","size":3355},{"uid":"2e04d76c4f32244a","name":"Session Storage","source":"2e04d76c4f32244a.json","type":"application/json","size":358},{"uid":"7b8f058a9e354338","name":"Local Storage","source":"7b8f058a9e354338.json","type":"application/json","size":208},{"uid":"fc069d9b7e345b89","name":"Console Logs","source":"fc069d9b7e345b89.json","type":"application/json","size":2},{"uid":"6256c1f1c9029eb0","name":"Full Page Screenshot","source":"6256c1f1c9029eb0.png","type":"image/png","size":1201057},{"uid":"d5e2e5cbe58ba845","name":"URL","source":"d5e2e5cbe58ba845.uri","type":"text/uri-list","size":23},{"uid":"5f0e34ffa7eab8dc","name":"Network Logs","source":"5f0e34ffa7eab8dc.json","type":"application/json","size":22819}],"parameters":[],"shouldDisplayMessage":true,"stepsCount":1,"attachmentsCount":8,"hasContent":true},"afterStages":[],"labels":[{"name":"epic","value":"Security"},{"name":"suite","value":"Custom suite"},{"name":"severity","value":"critical"},{"name":"parentSuite","value":"Custom parent suite"},{"name":"subSuite","value":"Custom sub suite"},{"name":"story","value":"Forgot Password Feature's Functionality"},{"name":"tag","value":"security"},{"name":"host","value":"fv-az585-861"},{"name":"thread","value":"2295-MainThread"},{"name":"framework","value":"pytest"},{"name":"language","value":"cpython3"},{"name":"package","value":"tests.forgot_password_test"},{"name":"resultFormat","value":"allure2"}],"parameters":[],"links":[],"hidden":false,"retry":false,"extra":{"severity":"critical","retries":[],"categories":[{"name":"Test defects","matchedStatuses":[],"flaky":false}],"tags":["security"]},"source":"2947c3e94c2481db.json","parameterValues":[]}