{"uid":"94fadb6616d548da","name":"Delete existing workspace","fullName":"tests.test_workspaces.TestWorkspaces#test_delete_workspace","historyId":"426122535a758ca0ac1fcc53a87d9a4f","time":{"start":1691544084066,"stop":1691544084066,"duration":0},"description":"Delete an existing workspace","descriptionHtml":"<p>Delete an existing workspace</p>\n","status":"broken","statusMessage":"selenium.common.exceptions.TimeoutException: Message: \nStacktrace:\n#0 0x561d992af783 <unknown>\n#1 0x561d98fdb917 <unknown>\n#2 0x561d9901a31b <unknown>\n#3 0x561d9901a411 <unknown>\n#4 0x561d99055674 <unknown>\n#5 0x561d9903ae2d <unknown>\n#6 0x561d990530d9 <unknown>\n#7 0x561d9903abd3 <unknown>\n#8 0x561d9900ea7b <unknown>\n#9 0x561d9900f81e <unknown>\n#10 0x561d99270e98 <unknown>\n#11 0x561d99274d67 <unknown>\n#12 0x561d9927f32c <unknown>\n#13 0x561d99275993 <unknown>\n#14 0x561d99244827 <unknown>\n#15 0x561d992998a8 <unknown>\n#16 0x561d99299a36 <unknown>\n#17 0x561d992a85f3 <unknown>\n#18 0x7ff5ce6f3b43 <unknown>","statusTrace":"self = <tests.test_workspaces.TestWorkspaces object at 0x7fc3e3a3c110>\nrequest = <SubRequest 'setup_method_fixture' for <Function test_delete_workspace>>\n\n    @pytest.fixture(autouse=True)\n    def setup_method_fixture(self, request):\n>       login(request, self.about_page, self.login_page)\n\ntests/test_workspaces.py:26: \n_ _ _ _ _ _ _ _ _ _ _ _ _ _ _ _ _ _ _ _ _ _ _ _ _ _ _ _ _ _ _ _ _ _ _ _ _ _ _ _ \ntests/test_workspaces.py:16: in login\n    about_page.click_login_link()\npages/about_page.py:20: in click_login_link\n    self.click(self.LOGIN_LINK)\npages/base_page.py:38: in click\n    el: WebElement = self.wait.until(\n_ _ _ _ _ _ _ _ _ _ _ _ _ _ _ _ _ _ _ _ _ _ _ _ _ _ _ _ _ _ _ _ _ _ _ _ _ _ _ _ \n\nself = <selenium.webdriver.support.wait.WebDriverWait (session=\"5f86355a0c568d39a411e97c267dc990\")>\nmethod = <function element_to_be_clickable.<locals>._predicate at 0x7fc3e3a84040>\nmessage = ''\n\n    def until(self, method, message: str = \"\"):\n        \"\"\"Calls the method provided with the driver as an argument until the \\\n        return value does not evaluate to ``False``.\n    \n        :param method: callable(WebDriver)\n        :param message: optional message for :exc:`TimeoutException`\n        :returns: the result of the last call to `method`\n        :raises: :exc:`selenium.common.exceptions.TimeoutException` if timeout occurs\n        \"\"\"\n        screen = None\n        stacktrace = None\n    \n        end_time = time.monotonic() + self._timeout\n        while True:\n            try:\n                value = method(self._driver)\n                if value:\n                    return value\n            except self._ignored_exceptions as exc:\n                screen = getattr(exc, \"screen\", None)\n                stacktrace = getattr(exc, \"stacktrace\", None)\n            time.sleep(self._poll)\n            if time.monotonic() > end_time:\n                break\n>       raise TimeoutException(message, screen, stacktrace)\nE       selenium.common.exceptions.TimeoutException: Message: \nE       Stacktrace:\nE       #0 0x561d992af783 <unknown>\nE       #1 0x561d98fdb917 <unknown>\nE       #2 0x561d9901a31b <unknown>\nE       #3 0x561d9901a411 <unknown>\nE       #4 0x561d99055674 <unknown>\nE       #5 0x561d9903ae2d <unknown>\nE       #6 0x561d990530d9 <unknown>\nE       #7 0x561d9903abd3 <unknown>\nE       #8 0x561d9900ea7b <unknown>\nE       #9 0x561d9900f81e <unknown>\nE       #10 0x561d99270e98 <unknown>\nE       #11 0x561d99274d67 <unknown>\nE       #12 0x561d9927f32c <unknown>\nE       #13 0x561d99275993 <unknown>\nE       #14 0x561d99244827 <unknown>\nE       #15 0x561d992998a8 <unknown>\nE       #16 0x561d99299a36 <unknown>\nE       #17 0x561d992a85f3 <unknown>\nE       #18 0x7ff5ce6f3b43 <unknown>\n\n.venv/lib/python3.11/site-packages/selenium/webdriver/support/wait.py:95: TimeoutException","flaky":false,"newFailed":false,"newBroken":false,"newPassed":false,"retriesCount":0,"retriesStatusChange":false,"beforeStages":[{"name":"setup_method_fixture","time":{"start":1691544086196,"stop":1691544096433,"duration":10237},"status":"broken","statusMessage":"selenium.common.exceptions.TimeoutException: Message: \nStacktrace:\n#0 0x561d992af783 <unknown>\n#1 0x561d98fdb917 <unknown>\n#2 0x561d9901a31b <unknown>\n#3 0x561d9901a411 <unknown>\n#4 0x561d99055674 <unknown>\n#5 0x561d9903ae2d <unknown>\n#6 0x561d990530d9 <unknown>\n#7 0x561d9903abd3 <unknown>\n#8 0x561d9900ea7b <unknown>\n#9 0x561d9900f81e <unknown>\n#10 0x561d99270e98 <unknown>\n#11 0x561d99274d67 <unknown>\n#12 0x561d9927f32c <unknown>\n#13 0x561d99275993 <unknown>\n#14 0x561d99244827 <unknown>\n#15 0x561d992998a8 <unknown>\n#16 0x561d99299a36 <unknown>\n#17 0x561d992a85f3 <unknown>\n#18 0x7ff5ce6f3b43 <unknown>\n\n","statusTrace":"  File \"/home/runner/work/Selenium-Python-Example/Selenium-Python-Example/.venv/lib/python3.11/site-packages/pluggy/_callers.py\", line 80, in _multicall\n    res = hook_impl.function(*args)\n          ^^^^^^^^^^^^^^^^^^^^^^^^^\n  File \"/home/runner/work/Selenium-Python-Example/Selenium-Python-Example/.venv/lib/python3.11/site-packages/_pytest/fixtures.py\", line 1123, in pytest_fixture_setup\n    result = call_fixture_func(fixturefunc, request, kwargs)\n             ^^^^^^^^^^^^^^^^^^^^^^^^^^^^^^^^^^^^^^^^^^^^^^^\n  File \"/home/runner/work/Selenium-Python-Example/Selenium-Python-Example/.venv/lib/python3.11/site-packages/_pytest/fixtures.py\", line 902, in call_fixture_func\n    fixture_result = fixturefunc(**kwargs)\n                     ^^^^^^^^^^^^^^^^^^^^^\n  File \"/home/runner/work/Selenium-Python-Example/Selenium-Python-Example/tests/test_workspaces.py\", line 26, in setup_method_fixture\n    login(request, self.about_page, self.login_page)\n  File \"/home/runner/work/Selenium-Python-Example/Selenium-Python-Example/tests/test_workspaces.py\", line 16, in login\n    about_page.click_login_link()\n  File \"/home/runner/work/Selenium-Python-Example/Selenium-Python-Example/.venv/lib/python3.11/site-packages/allure_commons/_allure.py\", line 192, in impl\n    return func(*a, **kw)\n           ^^^^^^^^^^^^^^\n  File \"/home/runner/work/Selenium-Python-Example/Selenium-Python-Example/pages/about_page.py\", line 20, in click_login_link\n    self.click(self.LOGIN_LINK)\n  File \"/home/runner/work/Selenium-Python-Example/Selenium-Python-Example/pages/base_page.py\", line 38, in click\n    el: WebElement = self.wait.until(\n                     ^^^^^^^^^^^^^^^^\n  File \"/home/runner/work/Selenium-Python-Example/Selenium-Python-Example/.venv/lib/python3.11/site-packages/selenium/webdriver/support/wait.py\", line 95, in until\n    raise TimeoutException(message, screen, stacktrace)\n","steps":[{"name":"Click Login link","time":{"start":1691544086196,"stop":1691544096433,"duration":10237},"status":"broken","statusMessage":"selenium.common.exceptions.TimeoutException: Message: \nStacktrace:\n#0 0x561d992af783 <unknown>\n#1 0x561d98fdb917 <unknown>\n#2 0x561d9901a31b <unknown>\n#3 0x561d9901a411 <unknown>\n#4 0x561d99055674 <unknown>\n#5 0x561d9903ae2d <unknown>\n#6 0x561d990530d9 <unknown>\n#7 0x561d9903abd3 <unknown>\n#8 0x561d9900ea7b <unknown>\n#9 0x561d9900f81e <unknown>\n#10 0x561d99270e98 <unknown>\n#11 0x561d99274d67 <unknown>\n#12 0x561d9927f32c <unknown>\n#13 0x561d99275993 <unknown>\n#14 0x561d99244827 <unknown>\n#15 0x561d992998a8 <unknown>\n#16 0x561d99299a36 <unknown>\n#17 0x561d992a85f3 <unknown>\n#18 0x7ff5ce6f3b43 <unknown>\n\n","statusTrace":"  File \"/home/runner/work/Selenium-Python-Example/Selenium-Python-Example/.venv/lib/python3.11/site-packages/allure_commons/_allure.py\", line 192, in impl\n    return func(*a, **kw)\n           ^^^^^^^^^^^^^^\n  File \"/home/runner/work/Selenium-Python-Example/Selenium-Python-Example/pages/about_page.py\", line 20, in click_login_link\n    self.click(self.LOGIN_LINK)\n  File \"/home/runner/work/Selenium-Python-Example/Selenium-Python-Example/pages/base_page.py\", line 38, in click\n    el: WebElement = self.wait.until(\n                     ^^^^^^^^^^^^^^^^\n  File \"/home/runner/work/Selenium-Python-Example/Selenium-Python-Example/.venv/lib/python3.11/site-packages/selenium/webdriver/support/wait.py\", line 95, in until\n    raise TimeoutException(message, screen, stacktrace)\n","steps":[],"attachments":[],"parameters":[],"shouldDisplayMessage":true,"hasContent":true,"stepsCount":0,"attachmentsCount":0}],"attachments":[],"parameters":[],"shouldDisplayMessage":false,"hasContent":true,"stepsCount":1,"attachmentsCount":0}],"testStage":{"description":"Delete an existing workspace","status":"broken","statusMessage":"selenium.common.exceptions.TimeoutException: Message: \nStacktrace:\n#0 0x561d992af783 <unknown>\n#1 0x561d98fdb917 <unknown>\n#2 0x561d9901a31b <unknown>\n#3 0x561d9901a411 <unknown>\n#4 0x561d99055674 <unknown>\n#5 0x561d9903ae2d <unknown>\n#6 0x561d990530d9 <unknown>\n#7 0x561d9903abd3 <unknown>\n#8 0x561d9900ea7b <unknown>\n#9 0x561d9900f81e <unknown>\n#10 0x561d99270e98 <unknown>\n#11 0x561d99274d67 <unknown>\n#12 0x561d9927f32c <unknown>\n#13 0x561d99275993 <unknown>\n#14 0x561d99244827 <unknown>\n#15 0x561d992998a8 <unknown>\n#16 0x561d99299a36 <unknown>\n#17 0x561d992a85f3 <unknown>\n#18 0x7ff5ce6f3b43 <unknown>","statusTrace":"self = <tests.test_workspaces.TestWorkspaces object at 0x7fc3e3a3c110>\nrequest = <SubRequest 'setup_method_fixture' for <Function test_delete_workspace>>\n\n    @pytest.fixture(autouse=True)\n    def setup_method_fixture(self, request):\n>       login(request, self.about_page, self.login_page)\n\ntests/test_workspaces.py:26: \n_ _ _ _ _ _ _ _ _ _ _ _ _ _ _ _ _ _ _ _ _ _ _ _ _ _ _ _ _ _ _ _ _ _ _ _ _ _ _ _ \ntests/test_workspaces.py:16: in login\n    about_page.click_login_link()\npages/about_page.py:20: in click_login_link\n    self.click(self.LOGIN_LINK)\npages/base_page.py:38: in click\n    el: WebElement = self.wait.until(\n_ _ _ _ _ _ _ _ _ _ _ _ _ _ _ _ _ _ _ _ _ _ _ _ _ _ _ _ _ _ _ _ _ _ _ _ _ _ _ _ \n\nself = <selenium.webdriver.support.wait.WebDriverWait (session=\"5f86355a0c568d39a411e97c267dc990\")>\nmethod = <function element_to_be_clickable.<locals>._predicate at 0x7fc3e3a84040>\nmessage = ''\n\n    def until(self, method, message: str = \"\"):\n        \"\"\"Calls the method provided with the driver as an argument until the \\\n        return value does not evaluate to ``False``.\n    \n        :param method: callable(WebDriver)\n        :param message: optional message for :exc:`TimeoutException`\n        :returns: the result of the last call to `method`\n        :raises: :exc:`selenium.common.exceptions.TimeoutException` if timeout occurs\n        \"\"\"\n        screen = None\n        stacktrace = None\n    \n        end_time = time.monotonic() + self._timeout\n        while True:\n            try:\n                value = method(self._driver)\n                if value:\n                    return value\n            except self._ignored_exceptions as exc:\n                screen = getattr(exc, \"screen\", None)\n                stacktrace = getattr(exc, \"stacktrace\", None)\n            time.sleep(self._poll)\n            if time.monotonic() > end_time:\n                break\n>       raise TimeoutException(message, screen, stacktrace)\nE       selenium.common.exceptions.TimeoutException: Message: \nE       Stacktrace:\nE       #0 0x561d992af783 <unknown>\nE       #1 0x561d98fdb917 <unknown>\nE       #2 0x561d9901a31b <unknown>\nE       #3 0x561d9901a411 <unknown>\nE       #4 0x561d99055674 <unknown>\nE       #5 0x561d9903ae2d <unknown>\nE       #6 0x561d990530d9 <unknown>\nE       #7 0x561d9903abd3 <unknown>\nE       #8 0x561d9900ea7b <unknown>\nE       #9 0x561d9900f81e <unknown>\nE       #10 0x561d99270e98 <unknown>\nE       #11 0x561d99274d67 <unknown>\nE       #12 0x561d9927f32c <unknown>\nE       #13 0x561d99275993 <unknown>\nE       #14 0x561d99244827 <unknown>\nE       #15 0x561d992998a8 <unknown>\nE       #16 0x561d99299a36 <unknown>\nE       #17 0x561d992a85f3 <unknown>\nE       #18 0x7ff5ce6f3b43 <unknown>\n\n.venv/lib/python3.11/site-packages/selenium/webdriver/support/wait.py:95: TimeoutException","steps":[],"attachments":[{"uid":"340ab99546c00324","name":"public ip address","source":"340ab99546c00324.txt","type":"text/plain","size":15},{"uid":"92d3e067d55405bd","name":"Cookies","source":"92d3e067d55405bd.json","type":"application/json","size":249},{"uid":"20036d223e2060c4","name":"Session Storage","source":"20036d223e2060c4.json","type":"application/json","size":2},{"uid":"562423a4a4dfdfc7","name":"Local Storage","source":"562423a4a4dfdfc7.json","type":"application/json","size":208},{"uid":"ccb2e3297071f26f","name":"Console Logs","source":"ccb2e3297071f26f.json","type":"application/json","size":4954},{"uid":"fd0de40dfb3e5c44","name":"Full Page Screenshot","source":"fd0de40dfb3e5c44.png","type":"image/png","size":3160261},{"uid":"87bd84289b48904a","name":"URL","source":"87bd84289b48904a.uri","type":"text/uri-list","size":23},{"uid":"e5de0c0ca4ef4269","name":"Network Logs","source":"e5de0c0ca4ef4269.json","type":"application/json","size":28265},{"uid":"6b838fb6b7984679","name":"log","source":"6b838fb6b7984679.txt","type":"text/plain","size":371}],"parameters":[],"shouldDisplayMessage":true,"hasContent":true,"stepsCount":0,"attachmentsCount":9},"afterStages":[],"labels":[{"name":"story","value":"WorkSpaces Creation and Editing Functionality"},{"name":"epic","value":"Workspaces"},{"name":"severity","value":"normal"},{"name":"tag","value":"run(order=3)"},{"name":"parentSuite","value":"tests"},{"name":"suite","value":"test_workspaces"},{"name":"subSuite","value":"TestWorkspaces"},{"name":"host","value":"fv-az410-408"},{"name":"thread","value":"2121-MainThread"},{"name":"framework","value":"pytest"},{"name":"language","value":"cpython3"},{"name":"package","value":"tests.test_workspaces"},{"name":"resultFormat","value":"allure2"}],"parameters":[],"links":[],"hidden":false,"retry":false,"extra":{"severity":"normal","retries":[],"categories":[{"name":"Test defects","matchedStatuses":[],"flaky":false}],"tags":["run(order=3)"]},"source":"94fadb6616d548da.json","parameterValues":[]}