{"uid":"d0b30cd1f5bf0e06","name":"Rename an existing workspace test","fullName":"tests.test_workspaces.TestWorkspaces#test_rename_workspace","historyId":"d49362deb707221678019bdc76bcec08","time":{"start":1687958532705,"stop":1687958532705,"duration":0},"description":"Rename an existing workspace","descriptionHtml":"<p>Rename an existing workspace</p>\n","status":"broken","statusMessage":"selenium.common.exceptions.TimeoutException: Message: \nStacktrace:\n#0 0x55b35512e4e3 <unknown>\n#1 0x55b354e5dc76 <unknown>\n#2 0x55b354e99c96 <unknown>\n#3 0x55b354e99dc1 <unknown>\n#4 0x55b354ed37f4 <unknown>\n#5 0x55b354eb903d <unknown>\n#6 0x55b354ed130e <unknown>\n#7 0x55b354eb8de3 <unknown>\n#8 0x55b354e8e2dd <unknown>\n#9 0x55b354e8f34e <unknown>\n#10 0x55b3550ee3e4 <unknown>\n#11 0x55b3550f23d7 <unknown>\n#12 0x55b3550fcb20 <unknown>\n#13 0x55b3550f3023 <unknown>\n#14 0x55b3550c11aa <unknown>\n#15 0x55b3551176b8 <unknown>\n#16 0x55b355117847 <unknown>\n#17 0x55b355127243 <unknown>\n#18 0x7f36a2c32b43 <unknown>","statusTrace":"self = <tests.test_workspaces.TestWorkspaces object at 0x7f0fe0fc3010>\nrequest = <SubRequest 'setup_method_fixture' for <Function test_rename_workspace>>\n\n    @pytest.fixture(autouse=True)\n    def setup_method_fixture(self, request):\n>       login(request, self.about_page, self.login_page)\n\ntests/test_workspaces.py:27: \n_ _ _ _ _ _ _ _ _ _ _ _ _ _ _ _ _ _ _ _ _ _ _ _ _ _ _ _ _ _ _ _ _ _ _ _ _ _ _ _ \ntests/test_workspaces.py:16: in login\n    about_page.click_login_link()\npages/about_page.py:19: in click_login_link\n    self.click(self.LOGIN_LINK)\npages/base_page.py:35: in click\n    el: WebElement = self.wait.until(expected_conditions.element_to_be_clickable(locator))\n_ _ _ _ _ _ _ _ _ _ _ _ _ _ _ _ _ _ _ _ _ _ _ _ _ _ _ _ _ _ _ _ _ _ _ _ _ _ _ _ \n\nself = <selenium.webdriver.support.wait.WebDriverWait (session=\"7f10e0c559388373e508ad954d44b7f7\")>\nmethod = <function element_to_be_clickable.<locals>._predicate at 0x7f0fe0e04180>\nmessage = ''\n\n    def until(self, method, message: str = \"\"):\n        \"\"\"Calls the method provided with the driver as an argument until the \\\n        return value does not evaluate to ``False``.\n    \n        :param method: callable(WebDriver)\n        :param message: optional message for :exc:`TimeoutException`\n        :returns: the result of the last call to `method`\n        :raises: :exc:`selenium.common.exceptions.TimeoutException` if timeout occurs\n        \"\"\"\n        screen = None\n        stacktrace = None\n    \n        end_time = time.monotonic() + self._timeout\n        while True:\n            try:\n                value = method(self._driver)\n                if value:\n                    return value\n            except self._ignored_exceptions as exc:\n                screen = getattr(exc, \"screen\", None)\n                stacktrace = getattr(exc, \"stacktrace\", None)\n            time.sleep(self._poll)\n            if time.monotonic() > end_time:\n                break\n>       raise TimeoutException(message, screen, stacktrace)\nE       selenium.common.exceptions.TimeoutException: Message: \nE       Stacktrace:\nE       #0 0x55b35512e4e3 <unknown>\nE       #1 0x55b354e5dc76 <unknown>\nE       #2 0x55b354e99c96 <unknown>\nE       #3 0x55b354e99dc1 <unknown>\nE       #4 0x55b354ed37f4 <unknown>\nE       #5 0x55b354eb903d <unknown>\nE       #6 0x55b354ed130e <unknown>\nE       #7 0x55b354eb8de3 <unknown>\nE       #8 0x55b354e8e2dd <unknown>\nE       #9 0x55b354e8f34e <unknown>\nE       #10 0x55b3550ee3e4 <unknown>\nE       #11 0x55b3550f23d7 <unknown>\nE       #12 0x55b3550fcb20 <unknown>\nE       #13 0x55b3550f3023 <unknown>\nE       #14 0x55b3550c11aa <unknown>\nE       #15 0x55b3551176b8 <unknown>\nE       #16 0x55b355117847 <unknown>\nE       #17 0x55b355127243 <unknown>\nE       #18 0x7f36a2c32b43 <unknown>\n\n.venv/lib/python3.11/site-packages/selenium/webdriver/support/wait.py:95: TimeoutException","flaky":false,"newFailed":false,"newBroken":false,"newPassed":false,"retriesCount":0,"retriesStatusChange":false,"beforeStages":[{"name":"json_data","time":{"start":1687958488321,"stop":1687958488322,"duration":1},"status":"passed","steps":[],"attachments":[],"parameters":[],"stepsCount":0,"attachmentsCount":0,"shouldDisplayMessage":false,"hasContent":false},{"name":"setup_method_fixture","time":{"start":1687958535051,"stop":1687958545348,"duration":10297},"status":"broken","statusMessage":"selenium.common.exceptions.TimeoutException: Message: \nStacktrace:\n#0 0x55b35512e4e3 <unknown>\n#1 0x55b354e5dc76 <unknown>\n#2 0x55b354e99c96 <unknown>\n#3 0x55b354e99dc1 <unknown>\n#4 0x55b354ed37f4 <unknown>\n#5 0x55b354eb903d <unknown>\n#6 0x55b354ed130e <unknown>\n#7 0x55b354eb8de3 <unknown>\n#8 0x55b354e8e2dd <unknown>\n#9 0x55b354e8f34e <unknown>\n#10 0x55b3550ee3e4 <unknown>\n#11 0x55b3550f23d7 <unknown>\n#12 0x55b3550fcb20 <unknown>\n#13 0x55b3550f3023 <unknown>\n#14 0x55b3550c11aa <unknown>\n#15 0x55b3551176b8 <unknown>\n#16 0x55b355117847 <unknown>\n#17 0x55b355127243 <unknown>\n#18 0x7f36a2c32b43 <unknown>\n\n","statusTrace":"  File \"/home/runner/work/Selenium-Python-Example/Selenium-Python-Example/.venv/lib/python3.11/site-packages/pluggy/_callers.py\", line 39, in _multicall\n    res = hook_impl.function(*args)\n          ^^^^^^^^^^^^^^^^^^^^^^^^^\n  File \"/home/runner/work/Selenium-Python-Example/Selenium-Python-Example/.venv/lib/python3.11/site-packages/_pytest/fixtures.py\", line 1130, in pytest_fixture_setup\n    result = call_fixture_func(fixturefunc, request, kwargs)\n             ^^^^^^^^^^^^^^^^^^^^^^^^^^^^^^^^^^^^^^^^^^^^^^^\n  File \"/home/runner/work/Selenium-Python-Example/Selenium-Python-Example/.venv/lib/python3.11/site-packages/_pytest/fixtures.py\", line 909, in call_fixture_func\n    fixture_result = fixturefunc(**kwargs)\n                     ^^^^^^^^^^^^^^^^^^^^^\n  File \"/home/runner/work/Selenium-Python-Example/Selenium-Python-Example/tests/test_workspaces.py\", line 27, in setup_method_fixture\n    login(request, self.about_page, self.login_page)\n  File \"/home/runner/work/Selenium-Python-Example/Selenium-Python-Example/tests/test_workspaces.py\", line 16, in login\n    about_page.click_login_link()\n  File \"/home/runner/work/Selenium-Python-Example/Selenium-Python-Example/.venv/lib/python3.11/site-packages/allure_commons/_allure.py\", line 192, in impl\n    return func(*a, **kw)\n           ^^^^^^^^^^^^^^\n  File \"/home/runner/work/Selenium-Python-Example/Selenium-Python-Example/pages/about_page.py\", line 19, in click_login_link\n    self.click(self.LOGIN_LINK)\n  File \"/home/runner/work/Selenium-Python-Example/Selenium-Python-Example/pages/base_page.py\", line 35, in click\n    el: WebElement = self.wait.until(expected_conditions.element_to_be_clickable(locator))\n                     ^^^^^^^^^^^^^^^^^^^^^^^^^^^^^^^^^^^^^^^^^^^^^^^^^^^^^^^^^^^^^^^^^^^^^\n  File \"/home/runner/work/Selenium-Python-Example/Selenium-Python-Example/.venv/lib/python3.11/site-packages/selenium/webdriver/support/wait.py\", line 95, in until\n    raise TimeoutException(message, screen, stacktrace)\n","steps":[{"name":"Click Login link","time":{"start":1687958535051,"stop":1687958545348,"duration":10297},"status":"broken","statusMessage":"selenium.common.exceptions.TimeoutException: Message: \nStacktrace:\n#0 0x55b35512e4e3 <unknown>\n#1 0x55b354e5dc76 <unknown>\n#2 0x55b354e99c96 <unknown>\n#3 0x55b354e99dc1 <unknown>\n#4 0x55b354ed37f4 <unknown>\n#5 0x55b354eb903d <unknown>\n#6 0x55b354ed130e <unknown>\n#7 0x55b354eb8de3 <unknown>\n#8 0x55b354e8e2dd <unknown>\n#9 0x55b354e8f34e <unknown>\n#10 0x55b3550ee3e4 <unknown>\n#11 0x55b3550f23d7 <unknown>\n#12 0x55b3550fcb20 <unknown>\n#13 0x55b3550f3023 <unknown>\n#14 0x55b3550c11aa <unknown>\n#15 0x55b3551176b8 <unknown>\n#16 0x55b355117847 <unknown>\n#17 0x55b355127243 <unknown>\n#18 0x7f36a2c32b43 <unknown>\n\n","statusTrace":"  File \"/home/runner/work/Selenium-Python-Example/Selenium-Python-Example/.venv/lib/python3.11/site-packages/allure_commons/_allure.py\", line 192, in impl\n    return func(*a, **kw)\n           ^^^^^^^^^^^^^^\n  File \"/home/runner/work/Selenium-Python-Example/Selenium-Python-Example/pages/about_page.py\", line 19, in click_login_link\n    self.click(self.LOGIN_LINK)\n  File \"/home/runner/work/Selenium-Python-Example/Selenium-Python-Example/pages/base_page.py\", line 35, in click\n    el: WebElement = self.wait.until(expected_conditions.element_to_be_clickable(locator))\n                     ^^^^^^^^^^^^^^^^^^^^^^^^^^^^^^^^^^^^^^^^^^^^^^^^^^^^^^^^^^^^^^^^^^^^^\n  File \"/home/runner/work/Selenium-Python-Example/Selenium-Python-Example/.venv/lib/python3.11/site-packages/selenium/webdriver/support/wait.py\", line 95, in until\n    raise TimeoutException(message, screen, stacktrace)\n","steps":[],"attachments":[],"parameters":[],"stepsCount":0,"attachmentsCount":0,"shouldDisplayMessage":true,"hasContent":true}],"attachments":[],"parameters":[],"stepsCount":1,"attachmentsCount":0,"shouldDisplayMessage":false,"hasContent":true}],"testStage":{"description":"Rename an existing workspace","status":"broken","statusMessage":"selenium.common.exceptions.TimeoutException: Message: \nStacktrace:\n#0 0x55b35512e4e3 <unknown>\n#1 0x55b354e5dc76 <unknown>\n#2 0x55b354e99c96 <unknown>\n#3 0x55b354e99dc1 <unknown>\n#4 0x55b354ed37f4 <unknown>\n#5 0x55b354eb903d <unknown>\n#6 0x55b354ed130e <unknown>\n#7 0x55b354eb8de3 <unknown>\n#8 0x55b354e8e2dd <unknown>\n#9 0x55b354e8f34e <unknown>\n#10 0x55b3550ee3e4 <unknown>\n#11 0x55b3550f23d7 <unknown>\n#12 0x55b3550fcb20 <unknown>\n#13 0x55b3550f3023 <unknown>\n#14 0x55b3550c11aa <unknown>\n#15 0x55b3551176b8 <unknown>\n#16 0x55b355117847 <unknown>\n#17 0x55b355127243 <unknown>\n#18 0x7f36a2c32b43 <unknown>","statusTrace":"self = <tests.test_workspaces.TestWorkspaces object at 0x7f0fe0fc3010>\nrequest = <SubRequest 'setup_method_fixture' for <Function test_rename_workspace>>\n\n    @pytest.fixture(autouse=True)\n    def setup_method_fixture(self, request):\n>       login(request, self.about_page, self.login_page)\n\ntests/test_workspaces.py:27: \n_ _ _ _ _ _ _ _ _ _ _ _ _ _ _ _ _ _ _ _ _ _ _ _ _ _ _ _ _ _ _ _ _ _ _ _ _ _ _ _ \ntests/test_workspaces.py:16: in login\n    about_page.click_login_link()\npages/about_page.py:19: in click_login_link\n    self.click(self.LOGIN_LINK)\npages/base_page.py:35: in click\n    el: WebElement = self.wait.until(expected_conditions.element_to_be_clickable(locator))\n_ _ _ _ _ _ _ _ _ _ _ _ _ _ _ _ _ _ _ _ _ _ _ _ _ _ _ _ _ _ _ _ _ _ _ _ _ _ _ _ \n\nself = <selenium.webdriver.support.wait.WebDriverWait (session=\"7f10e0c559388373e508ad954d44b7f7\")>\nmethod = <function element_to_be_clickable.<locals>._predicate at 0x7f0fe0e04180>\nmessage = ''\n\n    def until(self, method, message: str = \"\"):\n        \"\"\"Calls the method provided with the driver as an argument until the \\\n        return value does not evaluate to ``False``.\n    \n        :param method: callable(WebDriver)\n        :param message: optional message for :exc:`TimeoutException`\n        :returns: the result of the last call to `method`\n        :raises: :exc:`selenium.common.exceptions.TimeoutException` if timeout occurs\n        \"\"\"\n        screen = None\n        stacktrace = None\n    \n        end_time = time.monotonic() + self._timeout\n        while True:\n            try:\n                value = method(self._driver)\n                if value:\n                    return value\n            except self._ignored_exceptions as exc:\n                screen = getattr(exc, \"screen\", None)\n                stacktrace = getattr(exc, \"stacktrace\", None)\n            time.sleep(self._poll)\n            if time.monotonic() > end_time:\n                break\n>       raise TimeoutException(message, screen, stacktrace)\nE       selenium.common.exceptions.TimeoutException: Message: \nE       Stacktrace:\nE       #0 0x55b35512e4e3 <unknown>\nE       #1 0x55b354e5dc76 <unknown>\nE       #2 0x55b354e99c96 <unknown>\nE       #3 0x55b354e99dc1 <unknown>\nE       #4 0x55b354ed37f4 <unknown>\nE       #5 0x55b354eb903d <unknown>\nE       #6 0x55b354ed130e <unknown>\nE       #7 0x55b354eb8de3 <unknown>\nE       #8 0x55b354e8e2dd <unknown>\nE       #9 0x55b354e8f34e <unknown>\nE       #10 0x55b3550ee3e4 <unknown>\nE       #11 0x55b3550f23d7 <unknown>\nE       #12 0x55b3550fcb20 <unknown>\nE       #13 0x55b3550f3023 <unknown>\nE       #14 0x55b3550c11aa <unknown>\nE       #15 0x55b3551176b8 <unknown>\nE       #16 0x55b355117847 <unknown>\nE       #17 0x55b355127243 <unknown>\nE       #18 0x7f36a2c32b43 <unknown>\n\n.venv/lib/python3.11/site-packages/selenium/webdriver/support/wait.py:95: TimeoutException","steps":[],"attachments":[{"uid":"c77bf9e6ca5656e0","name":"Full Page Screenshot","source":"c77bf9e6ca5656e0.png","type":"image/png","size":2759419},{"uid":"6f9ed0e26ce5ffbf","name":"URL","source":"6f9ed0e26ce5ffbf.uri","type":"text/uri-list","size":23},{"uid":"127f9c81b7d9a9db","name":"public ip address","source":"127f9c81b7d9a9db.txt","type":"text/plain","size":11},{"uid":"69acac2ee4c0fb9d","name":"Cookies","source":"69acac2ee4c0fb9d.json","type":"application/json","size":3016},{"uid":"31f1ac7a2dc533a9","name":"Session Storage","source":"31f1ac7a2dc533a9.json","type":"application/json","size":2},{"uid":"e45689017dc3ef62","name":"Local Storage","source":"e45689017dc3ef62.json","type":"application/json","size":208},{"uid":"b491997607a38e8e","name":"Console Logs","source":"b491997607a38e8e.json","type":"application/json","size":2},{"uid":"4de82f0586cf4ba9","name":"Network Logs","source":"4de82f0586cf4ba9.json","type":"application/json","size":47513}],"parameters":[],"stepsCount":0,"attachmentsCount":8,"shouldDisplayMessage":true,"hasContent":true},"afterStages":[],"labels":[{"name":"severity","value":"normal"},{"name":"epic","value":"Workspaces"},{"name":"story","value":"WorkSpaces Creation and Editing Functionality"},{"name":"tag","value":"run(order=2)"},{"name":"parentSuite","value":"tests"},{"name":"suite","value":"test_workspaces"},{"name":"subSuite","value":"TestWorkspaces"},{"name":"host","value":"fv-az553-272"},{"name":"thread","value":"2316-MainThread"},{"name":"framework","value":"pytest"},{"name":"language","value":"cpython3"},{"name":"package","value":"tests.test_workspaces"},{"name":"resultFormat","value":"allure2"}],"parameters":[],"links":[],"hidden":false,"retry":false,"extra":{"severity":"normal","retries":[],"categories":[{"name":"Test defects","matchedStatuses":[],"flaky":false}],"tags":["run(order=2)"]},"source":"d0b30cd1f5bf0e06.json","parameterValues":[]}