{"uid":"367bdc57898eb9c3","name":"Login with valid credentials test","fullName":"tests.test_login.TestLogin#test_valid_login","historyId":"e7f254b9bfd5f2bc8d4a1ffa6dc7aebb","time":{"start":1688756060531,"stop":1688756070749,"duration":10218},"description":"valid login","descriptionHtml":"<p>valid login</p>\n","status":"broken","statusMessage":"selenium.common.exceptions.TimeoutException: Message: \nStacktrace:\n#0 0x555cff61e4e3 <unknown>\n#1 0x555cff34dc76 <unknown>\n#2 0x555cff389c96 <unknown>\n#3 0x555cff389dc1 <unknown>\n#4 0x555cff3c37f4 <unknown>\n#5 0x555cff3a903d <unknown>\n#6 0x555cff3c130e <unknown>\n#7 0x555cff3a8de3 <unknown>\n#8 0x555cff37e2dd <unknown>\n#9 0x555cff37f34e <unknown>\n#10 0x555cff5de3e4 <unknown>\n#11 0x555cff5e23d7 <unknown>\n#12 0x555cff5ecb20 <unknown>\n#13 0x555cff5e3023 <unknown>\n#14 0x555cff5b11aa <unknown>\n#15 0x555cff6076b8 <unknown>\n#16 0x555cff607847 <unknown>\n#17 0x555cff617243 <unknown>\n#18 0x7efe6ed18b43 <unknown>","statusTrace":"self = <tests.test_login.TestLogin object at 0x7f9ed60033d0>\njson_data = {'forgot_password': {'error_message': \"We can't find a user with that e-mail address.\", 'success_message': 'A reset li...you page', 'name': 'test', 'new_name': 'another test', 'no_project_found_msg': 'No project matches the criteria', ...}}\nrequest = <FixtureRequest for <Function test_valid_login>>\n\n    @allure.description(\"valid login\")\n    @allure.title(\"Login with valid credentials test\")\n    @pytest.mark.run(order=1)\n    def test_valid_login(self, json_data: dict, request: FixtureRequest):\n        username = request.config.getini(\"username\")\n        password = request.config.getini(\"password\")\n>       self.about_page.click_login_link()\n\ntests/test_login.py:34: \n_ _ _ _ _ _ _ _ _ _ _ _ _ _ _ _ _ _ _ _ _ _ _ _ _ _ _ _ _ _ _ _ _ _ _ _ _ _ _ _ \npages/about_page.py:20: in click_login_link\n    self.click(self.LOGIN_LINK)\npages/base_page.py:38: in click\n    el: WebElement = self.wait.until(\n_ _ _ _ _ _ _ _ _ _ _ _ _ _ _ _ _ _ _ _ _ _ _ _ _ _ _ _ _ _ _ _ _ _ _ _ _ _ _ _ \n\nself = <selenium.webdriver.support.wait.WebDriverWait (session=\"a310ccbdec04d2ba957c8c0767c2b336\")>\nmethod = <function element_to_be_clickable.<locals>._predicate at 0x7f9ed60345e0>\nmessage = ''\n\n    def until(self, method, message: str = \"\"):\n        \"\"\"Calls the method provided with the driver as an argument until the \\\n        return value does not evaluate to ``False``.\n    \n        :param method: callable(WebDriver)\n        :param message: optional message for :exc:`TimeoutException`\n        :returns: the result of the last call to `method`\n        :raises: :exc:`selenium.common.exceptions.TimeoutException` if timeout occurs\n        \"\"\"\n        screen = None\n        stacktrace = None\n    \n        end_time = time.monotonic() + self._timeout\n        while True:\n            try:\n                value = method(self._driver)\n                if value:\n                    return value\n            except self._ignored_exceptions as exc:\n                screen = getattr(exc, \"screen\", None)\n                stacktrace = getattr(exc, \"stacktrace\", None)\n            time.sleep(self._poll)\n            if time.monotonic() > end_time:\n                break\n>       raise TimeoutException(message, screen, stacktrace)\nE       selenium.common.exceptions.TimeoutException: Message: \nE       Stacktrace:\nE       #0 0x555cff61e4e3 <unknown>\nE       #1 0x555cff34dc76 <unknown>\nE       #2 0x555cff389c96 <unknown>\nE       #3 0x555cff389dc1 <unknown>\nE       #4 0x555cff3c37f4 <unknown>\nE       #5 0x555cff3a903d <unknown>\nE       #6 0x555cff3c130e <unknown>\nE       #7 0x555cff3a8de3 <unknown>\nE       #8 0x555cff37e2dd <unknown>\nE       #9 0x555cff37f34e <unknown>\nE       #10 0x555cff5de3e4 <unknown>\nE       #11 0x555cff5e23d7 <unknown>\nE       #12 0x555cff5ecb20 <unknown>\nE       #13 0x555cff5e3023 <unknown>\nE       #14 0x555cff5b11aa <unknown>\nE       #15 0x555cff6076b8 <unknown>\nE       #16 0x555cff607847 <unknown>\nE       #17 0x555cff617243 <unknown>\nE       #18 0x7efe6ed18b43 <unknown>\n\n.venv/lib/python3.11/site-packages/selenium/webdriver/support/wait.py:95: TimeoutException","flaky":false,"newFailed":false,"newBroken":false,"newPassed":false,"retriesCount":0,"retriesStatusChange":false,"beforeStages":[{"name":"json_data","time":{"start":1688756060530,"stop":1688756060530,"duration":0},"status":"passed","steps":[],"attachments":[],"parameters":[],"stepsCount":0,"attachmentsCount":0,"shouldDisplayMessage":false,"hasContent":false}],"testStage":{"description":"valid login","status":"broken","statusMessage":"selenium.common.exceptions.TimeoutException: Message: \nStacktrace:\n#0 0x555cff61e4e3 <unknown>\n#1 0x555cff34dc76 <unknown>\n#2 0x555cff389c96 <unknown>\n#3 0x555cff389dc1 <unknown>\n#4 0x555cff3c37f4 <unknown>\n#5 0x555cff3a903d <unknown>\n#6 0x555cff3c130e <unknown>\n#7 0x555cff3a8de3 <unknown>\n#8 0x555cff37e2dd <unknown>\n#9 0x555cff37f34e <unknown>\n#10 0x555cff5de3e4 <unknown>\n#11 0x555cff5e23d7 <unknown>\n#12 0x555cff5ecb20 <unknown>\n#13 0x555cff5e3023 <unknown>\n#14 0x555cff5b11aa <unknown>\n#15 0x555cff6076b8 <unknown>\n#16 0x555cff607847 <unknown>\n#17 0x555cff617243 <unknown>\n#18 0x7efe6ed18b43 <unknown>","statusTrace":"self = <tests.test_login.TestLogin object at 0x7f9ed60033d0>\njson_data = {'forgot_password': {'error_message': \"We can't find a user with that e-mail address.\", 'success_message': 'A reset li...you page', 'name': 'test', 'new_name': 'another test', 'no_project_found_msg': 'No project matches the criteria', ...}}\nrequest = <FixtureRequest for <Function test_valid_login>>\n\n    @allure.description(\"valid login\")\n    @allure.title(\"Login with valid credentials test\")\n    @pytest.mark.run(order=1)\n    def test_valid_login(self, json_data: dict, request: FixtureRequest):\n        username = request.config.getini(\"username\")\n        password = request.config.getini(\"password\")\n>       self.about_page.click_login_link()\n\ntests/test_login.py:34: \n_ _ _ _ _ _ _ _ _ _ _ _ _ _ _ _ _ _ _ _ _ _ _ _ _ _ _ _ _ _ _ _ _ _ _ _ _ _ _ _ \npages/about_page.py:20: in click_login_link\n    self.click(self.LOGIN_LINK)\npages/base_page.py:38: in click\n    el: WebElement = self.wait.until(\n_ _ _ _ _ _ _ _ _ _ _ _ _ _ _ _ _ _ _ _ _ _ _ _ _ _ _ _ _ _ _ _ _ _ _ _ _ _ _ _ \n\nself = <selenium.webdriver.support.wait.WebDriverWait (session=\"a310ccbdec04d2ba957c8c0767c2b336\")>\nmethod = <function element_to_be_clickable.<locals>._predicate at 0x7f9ed60345e0>\nmessage = ''\n\n    def until(self, method, message: str = \"\"):\n        \"\"\"Calls the method provided with the driver as an argument until the \\\n        return value does not evaluate to ``False``.\n    \n        :param method: callable(WebDriver)\n        :param message: optional message for :exc:`TimeoutException`\n        :returns: the result of the last call to `method`\n        :raises: :exc:`selenium.common.exceptions.TimeoutException` if timeout occurs\n        \"\"\"\n        screen = None\n        stacktrace = None\n    \n        end_time = time.monotonic() + self._timeout\n        while True:\n            try:\n                value = method(self._driver)\n                if value:\n                    return value\n            except self._ignored_exceptions as exc:\n                screen = getattr(exc, \"screen\", None)\n                stacktrace = getattr(exc, \"stacktrace\", None)\n            time.sleep(self._poll)\n            if time.monotonic() > end_time:\n                break\n>       raise TimeoutException(message, screen, stacktrace)\nE       selenium.common.exceptions.TimeoutException: Message: \nE       Stacktrace:\nE       #0 0x555cff61e4e3 <unknown>\nE       #1 0x555cff34dc76 <unknown>\nE       #2 0x555cff389c96 <unknown>\nE       #3 0x555cff389dc1 <unknown>\nE       #4 0x555cff3c37f4 <unknown>\nE       #5 0x555cff3a903d <unknown>\nE       #6 0x555cff3c130e <unknown>\nE       #7 0x555cff3a8de3 <unknown>\nE       #8 0x555cff37e2dd <unknown>\nE       #9 0x555cff37f34e <unknown>\nE       #10 0x555cff5de3e4 <unknown>\nE       #11 0x555cff5e23d7 <unknown>\nE       #12 0x555cff5ecb20 <unknown>\nE       #13 0x555cff5e3023 <unknown>\nE       #14 0x555cff5b11aa <unknown>\nE       #15 0x555cff6076b8 <unknown>\nE       #16 0x555cff607847 <unknown>\nE       #17 0x555cff617243 <unknown>\nE       #18 0x7efe6ed18b43 <unknown>\n\n.venv/lib/python3.11/site-packages/selenium/webdriver/support/wait.py:95: TimeoutException","steps":[{"name":"Click Login link","time":{"start":1688756060531,"stop":1688756070748,"duration":10217},"status":"broken","statusMessage":"selenium.common.exceptions.TimeoutException: Message: \nStacktrace:\n#0 0x555cff61e4e3 <unknown>\n#1 0x555cff34dc76 <unknown>\n#2 0x555cff389c96 <unknown>\n#3 0x555cff389dc1 <unknown>\n#4 0x555cff3c37f4 <unknown>\n#5 0x555cff3a903d <unknown>\n#6 0x555cff3c130e <unknown>\n#7 0x555cff3a8de3 <unknown>\n#8 0x555cff37e2dd <unknown>\n#9 0x555cff37f34e <unknown>\n#10 0x555cff5de3e4 <unknown>\n#11 0x555cff5e23d7 <unknown>\n#12 0x555cff5ecb20 <unknown>\n#13 0x555cff5e3023 <unknown>\n#14 0x555cff5b11aa <unknown>\n#15 0x555cff6076b8 <unknown>\n#16 0x555cff607847 <unknown>\n#17 0x555cff617243 <unknown>\n#18 0x7efe6ed18b43 <unknown>\n\n","statusTrace":"  File \"/home/runner/work/Selenium-Python-Example/Selenium-Python-Example/.venv/lib/python3.11/site-packages/allure_commons/_allure.py\", line 192, in impl\n    return func(*a, **kw)\n           ^^^^^^^^^^^^^^\n  File \"/home/runner/work/Selenium-Python-Example/Selenium-Python-Example/pages/about_page.py\", line 20, in click_login_link\n    self.click(self.LOGIN_LINK)\n  File \"/home/runner/work/Selenium-Python-Example/Selenium-Python-Example/pages/base_page.py\", line 38, in click\n    el: WebElement = self.wait.until(\n                     ^^^^^^^^^^^^^^^^\n  File \"/home/runner/work/Selenium-Python-Example/Selenium-Python-Example/.venv/lib/python3.11/site-packages/selenium/webdriver/support/wait.py\", line 95, in until\n    raise TimeoutException(message, screen, stacktrace)\n","steps":[],"attachments":[],"parameters":[],"stepsCount":0,"attachmentsCount":0,"shouldDisplayMessage":true,"hasContent":true}],"attachments":[{"uid":"89327ab6880e358a","name":"Full Page Screenshot","source":"89327ab6880e358a.png","type":"image/png","size":2759801},{"uid":"c0ed229998d2dfe","name":"URL","source":"c0ed229998d2dfe.uri","type":"text/uri-list","size":23},{"uid":"f2bbc441e34c20b9","name":"public ip address","source":"f2bbc441e34c20b9.txt","type":"text/plain","size":14},{"uid":"dcf047ede1d9a88a","name":"Cookies","source":"dcf047ede1d9a88a.json","type":"application/json","size":3282},{"uid":"bcbaee499ba8a18","name":"Session Storage","source":"bcbaee499ba8a18.json","type":"application/json","size":2},{"uid":"a18eb74b7483e553","name":"Local Storage","source":"a18eb74b7483e553.json","type":"application/json","size":208},{"uid":"399eb463a76275eb","name":"Console Logs","source":"399eb463a76275eb.json","type":"application/json","size":2},{"uid":"836165384ac01327","name":"Network Logs","source":"836165384ac01327.json","type":"application/json","size":47544}],"parameters":[],"stepsCount":1,"attachmentsCount":8,"shouldDisplayMessage":true,"hasContent":true},"afterStages":[],"labels":[{"name":"feature","value":"Login"},{"name":"severity","value":"blocker"},{"name":"epic","value":"Security"},{"name":"tag","value":"run(order=1)"},{"name":"tag","value":"security"},{"name":"parentSuite","value":"tests"},{"name":"suite","value":"test_login"},{"name":"subSuite","value":"TestLogin"},{"name":"host","value":"fv-az562-313"},{"name":"thread","value":"2312-MainThread"},{"name":"framework","value":"pytest"},{"name":"language","value":"cpython3"},{"name":"package","value":"tests.test_login"},{"name":"resultFormat","value":"allure2"}],"parameters":[],"links":[],"hidden":false,"retry":false,"extra":{"severity":"blocker","retries":[],"categories":[{"name":"Test defects","matchedStatuses":[],"flaky":false}],"tags":["security","run(order=1)"]},"source":"367bdc57898eb9c3.json","parameterValues":[]}