{"uid":"483712772ce788e0","name":"Delete existing workspace","fullName":"tests.test_workspaces.TestWorkspaces#test_delete_workspace","historyId":"426122535a758ca0ac1fcc53a87d9a4f","time":{"start":1691975294185,"stop":1691975294185,"duration":0},"description":"Delete an existing workspace","descriptionHtml":"<p>Delete an existing workspace</p>\n","status":"broken","statusMessage":"selenium.common.exceptions.TimeoutException: Message: \nStacktrace:\n#0 0x5639db4ad613 <unknown>\n#1 0x5639db1d9537 <unknown>\n#2 0x5639db217f53 <unknown>\n#3 0x5639db218041 <unknown>\n#4 0x5639db2532a4 <unknown>\n#5 0x5639db238a5d <unknown>\n#6 0x5639db250d09 <unknown>\n#7 0x5639db238803 <unknown>\n#8 0x5639db20c68b <unknown>\n#9 0x5639db20d42e <unknown>\n#10 0x5639db46ec28 <unknown>\n#11 0x5639db472af7 <unknown>\n#12 0x5639db47d01c <unknown>\n#13 0x5639db473723 <unknown>\n#14 0x5639db442457 <unknown>\n#15 0x5639db497628 <unknown>\n#16 0x5639db4977b7 <unknown>\n#17 0x5639db4a6483 <unknown>\n#18 0x7f47eee7ab43 <unknown>","statusTrace":"self = <tests.test_workspaces.TestWorkspaces object at 0x7f08a2d25e10>\nrequest = <SubRequest 'setup_method_fixture' for <Function test_delete_workspace>>\n\n    @pytest.fixture(autouse=True)\n    def setup_method_fixture(self, request):\n>       login(request, self.about_page, self.login_page)\n\ntests/test_workspaces.py:26: \n_ _ _ _ _ _ _ _ _ _ _ _ _ _ _ _ _ _ _ _ _ _ _ _ _ _ _ _ _ _ _ _ _ _ _ _ _ _ _ _ \ntests/test_workspaces.py:16: in login\n    about_page.click_login_link()\npages/about_page.py:20: in click_login_link\n    self.click(self.LOGIN_LINK)\npages/base_page.py:38: in click\n    el: WebElement = self.wait.until(\n_ _ _ _ _ _ _ _ _ _ _ _ _ _ _ _ _ _ _ _ _ _ _ _ _ _ _ _ _ _ _ _ _ _ _ _ _ _ _ _ \n\nself = <selenium.webdriver.support.wait.WebDriverWait (session=\"d35a876bb0fd0f8ef0ef02724a28d385\")>\nmethod = <function element_to_be_clickable.<locals>._predicate at 0x7f08a2d69d00>\nmessage = ''\n\n    def until(self, method, message: str = \"\"):\n        \"\"\"Calls the method provided with the driver as an argument until the \\\n        return value does not evaluate to ``False``.\n    \n        :param method: callable(WebDriver)\n        :param message: optional message for :exc:`TimeoutException`\n        :returns: the result of the last call to `method`\n        :raises: :exc:`selenium.common.exceptions.TimeoutException` if timeout occurs\n        \"\"\"\n        screen = None\n        stacktrace = None\n    \n        end_time = time.monotonic() + self._timeout\n        while True:\n            try:\n                value = method(self._driver)\n                if value:\n                    return value\n            except self._ignored_exceptions as exc:\n                screen = getattr(exc, \"screen\", None)\n                stacktrace = getattr(exc, \"stacktrace\", None)\n            time.sleep(self._poll)\n            if time.monotonic() > end_time:\n                break\n>       raise TimeoutException(message, screen, stacktrace)\nE       selenium.common.exceptions.TimeoutException: Message: \nE       Stacktrace:\nE       #0 0x5639db4ad613 <unknown>\nE       #1 0x5639db1d9537 <unknown>\nE       #2 0x5639db217f53 <unknown>\nE       #3 0x5639db218041 <unknown>\nE       #4 0x5639db2532a4 <unknown>\nE       #5 0x5639db238a5d <unknown>\nE       #6 0x5639db250d09 <unknown>\nE       #7 0x5639db238803 <unknown>\nE       #8 0x5639db20c68b <unknown>\nE       #9 0x5639db20d42e <unknown>\nE       #10 0x5639db46ec28 <unknown>\nE       #11 0x5639db472af7 <unknown>\nE       #12 0x5639db47d01c <unknown>\nE       #13 0x5639db473723 <unknown>\nE       #14 0x5639db442457 <unknown>\nE       #15 0x5639db497628 <unknown>\nE       #16 0x5639db4977b7 <unknown>\nE       #17 0x5639db4a6483 <unknown>\nE       #18 0x7f47eee7ab43 <unknown>\n\n.venv/lib/python3.11/site-packages/selenium/webdriver/support/wait.py:95: TimeoutException","flaky":false,"newFailed":false,"newBroken":false,"newPassed":false,"retriesCount":0,"retriesStatusChange":false,"beforeStages":[{"name":"setup_method_fixture","time":{"start":1691975296556,"stop":1691975306792,"duration":10236},"status":"broken","statusMessage":"selenium.common.exceptions.TimeoutException: Message: \nStacktrace:\n#0 0x5639db4ad613 <unknown>\n#1 0x5639db1d9537 <unknown>\n#2 0x5639db217f53 <unknown>\n#3 0x5639db218041 <unknown>\n#4 0x5639db2532a4 <unknown>\n#5 0x5639db238a5d <unknown>\n#6 0x5639db250d09 <unknown>\n#7 0x5639db238803 <unknown>\n#8 0x5639db20c68b <unknown>\n#9 0x5639db20d42e <unknown>\n#10 0x5639db46ec28 <unknown>\n#11 0x5639db472af7 <unknown>\n#12 0x5639db47d01c <unknown>\n#13 0x5639db473723 <unknown>\n#14 0x5639db442457 <unknown>\n#15 0x5639db497628 <unknown>\n#16 0x5639db4977b7 <unknown>\n#17 0x5639db4a6483 <unknown>\n#18 0x7f47eee7ab43 <unknown>\n\n","statusTrace":"  File \"/home/runner/work/Selenium-Python-Example/Selenium-Python-Example/.venv/lib/python3.11/site-packages/pluggy/_callers.py\", line 80, in _multicall\n    res = hook_impl.function(*args)\n          ^^^^^^^^^^^^^^^^^^^^^^^^^\n  File \"/home/runner/work/Selenium-Python-Example/Selenium-Python-Example/.venv/lib/python3.11/site-packages/_pytest/fixtures.py\", line 1123, in pytest_fixture_setup\n    result = call_fixture_func(fixturefunc, request, kwargs)\n             ^^^^^^^^^^^^^^^^^^^^^^^^^^^^^^^^^^^^^^^^^^^^^^^\n  File \"/home/runner/work/Selenium-Python-Example/Selenium-Python-Example/.venv/lib/python3.11/site-packages/_pytest/fixtures.py\", line 902, in call_fixture_func\n    fixture_result = fixturefunc(**kwargs)\n                     ^^^^^^^^^^^^^^^^^^^^^\n  File \"/home/runner/work/Selenium-Python-Example/Selenium-Python-Example/tests/test_workspaces.py\", line 26, in setup_method_fixture\n    login(request, self.about_page, self.login_page)\n  File \"/home/runner/work/Selenium-Python-Example/Selenium-Python-Example/tests/test_workspaces.py\", line 16, in login\n    about_page.click_login_link()\n  File \"/home/runner/work/Selenium-Python-Example/Selenium-Python-Example/.venv/lib/python3.11/site-packages/allure_commons/_allure.py\", line 192, in impl\n    return func(*a, **kw)\n           ^^^^^^^^^^^^^^\n  File \"/home/runner/work/Selenium-Python-Example/Selenium-Python-Example/pages/about_page.py\", line 20, in click_login_link\n    self.click(self.LOGIN_LINK)\n  File \"/home/runner/work/Selenium-Python-Example/Selenium-Python-Example/pages/base_page.py\", line 38, in click\n    el: WebElement = self.wait.until(\n                     ^^^^^^^^^^^^^^^^\n  File \"/home/runner/work/Selenium-Python-Example/Selenium-Python-Example/.venv/lib/python3.11/site-packages/selenium/webdriver/support/wait.py\", line 95, in until\n    raise TimeoutException(message, screen, stacktrace)\n","steps":[{"name":"Click Login link","time":{"start":1691975296556,"stop":1691975306792,"duration":10236},"status":"broken","statusMessage":"selenium.common.exceptions.TimeoutException: Message: \nStacktrace:\n#0 0x5639db4ad613 <unknown>\n#1 0x5639db1d9537 <unknown>\n#2 0x5639db217f53 <unknown>\n#3 0x5639db218041 <unknown>\n#4 0x5639db2532a4 <unknown>\n#5 0x5639db238a5d <unknown>\n#6 0x5639db250d09 <unknown>\n#7 0x5639db238803 <unknown>\n#8 0x5639db20c68b <unknown>\n#9 0x5639db20d42e <unknown>\n#10 0x5639db46ec28 <unknown>\n#11 0x5639db472af7 <unknown>\n#12 0x5639db47d01c <unknown>\n#13 0x5639db473723 <unknown>\n#14 0x5639db442457 <unknown>\n#15 0x5639db497628 <unknown>\n#16 0x5639db4977b7 <unknown>\n#17 0x5639db4a6483 <unknown>\n#18 0x7f47eee7ab43 <unknown>\n\n","statusTrace":"  File \"/home/runner/work/Selenium-Python-Example/Selenium-Python-Example/.venv/lib/python3.11/site-packages/allure_commons/_allure.py\", line 192, in impl\n    return func(*a, **kw)\n           ^^^^^^^^^^^^^^\n  File \"/home/runner/work/Selenium-Python-Example/Selenium-Python-Example/pages/about_page.py\", line 20, in click_login_link\n    self.click(self.LOGIN_LINK)\n  File \"/home/runner/work/Selenium-Python-Example/Selenium-Python-Example/pages/base_page.py\", line 38, in click\n    el: WebElement = self.wait.until(\n                     ^^^^^^^^^^^^^^^^\n  File \"/home/runner/work/Selenium-Python-Example/Selenium-Python-Example/.venv/lib/python3.11/site-packages/selenium/webdriver/support/wait.py\", line 95, in until\n    raise TimeoutException(message, screen, stacktrace)\n","steps":[],"attachments":[],"parameters":[],"stepsCount":0,"attachmentsCount":0,"shouldDisplayMessage":true,"hasContent":true}],"attachments":[],"parameters":[],"stepsCount":1,"attachmentsCount":0,"shouldDisplayMessage":false,"hasContent":true}],"testStage":{"description":"Delete an existing workspace","status":"broken","statusMessage":"selenium.common.exceptions.TimeoutException: Message: \nStacktrace:\n#0 0x5639db4ad613 <unknown>\n#1 0x5639db1d9537 <unknown>\n#2 0x5639db217f53 <unknown>\n#3 0x5639db218041 <unknown>\n#4 0x5639db2532a4 <unknown>\n#5 0x5639db238a5d <unknown>\n#6 0x5639db250d09 <unknown>\n#7 0x5639db238803 <unknown>\n#8 0x5639db20c68b <unknown>\n#9 0x5639db20d42e <unknown>\n#10 0x5639db46ec28 <unknown>\n#11 0x5639db472af7 <unknown>\n#12 0x5639db47d01c <unknown>\n#13 0x5639db473723 <unknown>\n#14 0x5639db442457 <unknown>\n#15 0x5639db497628 <unknown>\n#16 0x5639db4977b7 <unknown>\n#17 0x5639db4a6483 <unknown>\n#18 0x7f47eee7ab43 <unknown>","statusTrace":"self = <tests.test_workspaces.TestWorkspaces object at 0x7f08a2d25e10>\nrequest = <SubRequest 'setup_method_fixture' for <Function test_delete_workspace>>\n\n    @pytest.fixture(autouse=True)\n    def setup_method_fixture(self, request):\n>       login(request, self.about_page, self.login_page)\n\ntests/test_workspaces.py:26: \n_ _ _ _ _ _ _ _ _ _ _ _ _ _ _ _ _ _ _ _ _ _ _ _ _ _ _ _ _ _ _ _ _ _ _ _ _ _ _ _ \ntests/test_workspaces.py:16: in login\n    about_page.click_login_link()\npages/about_page.py:20: in click_login_link\n    self.click(self.LOGIN_LINK)\npages/base_page.py:38: in click\n    el: WebElement = self.wait.until(\n_ _ _ _ _ _ _ _ _ _ _ _ _ _ _ _ _ _ _ _ _ _ _ _ _ _ _ _ _ _ _ _ _ _ _ _ _ _ _ _ \n\nself = <selenium.webdriver.support.wait.WebDriverWait (session=\"d35a876bb0fd0f8ef0ef02724a28d385\")>\nmethod = <function element_to_be_clickable.<locals>._predicate at 0x7f08a2d69d00>\nmessage = ''\n\n    def until(self, method, message: str = \"\"):\n        \"\"\"Calls the method provided with the driver as an argument until the \\\n        return value does not evaluate to ``False``.\n    \n        :param method: callable(WebDriver)\n        :param message: optional message for :exc:`TimeoutException`\n        :returns: the result of the last call to `method`\n        :raises: :exc:`selenium.common.exceptions.TimeoutException` if timeout occurs\n        \"\"\"\n        screen = None\n        stacktrace = None\n    \n        end_time = time.monotonic() + self._timeout\n        while True:\n            try:\n                value = method(self._driver)\n                if value:\n                    return value\n            except self._ignored_exceptions as exc:\n                screen = getattr(exc, \"screen\", None)\n                stacktrace = getattr(exc, \"stacktrace\", None)\n            time.sleep(self._poll)\n            if time.monotonic() > end_time:\n                break\n>       raise TimeoutException(message, screen, stacktrace)\nE       selenium.common.exceptions.TimeoutException: Message: \nE       Stacktrace:\nE       #0 0x5639db4ad613 <unknown>\nE       #1 0x5639db1d9537 <unknown>\nE       #2 0x5639db217f53 <unknown>\nE       #3 0x5639db218041 <unknown>\nE       #4 0x5639db2532a4 <unknown>\nE       #5 0x5639db238a5d <unknown>\nE       #6 0x5639db250d09 <unknown>\nE       #7 0x5639db238803 <unknown>\nE       #8 0x5639db20c68b <unknown>\nE       #9 0x5639db20d42e <unknown>\nE       #10 0x5639db46ec28 <unknown>\nE       #11 0x5639db472af7 <unknown>\nE       #12 0x5639db47d01c <unknown>\nE       #13 0x5639db473723 <unknown>\nE       #14 0x5639db442457 <unknown>\nE       #15 0x5639db497628 <unknown>\nE       #16 0x5639db4977b7 <unknown>\nE       #17 0x5639db4a6483 <unknown>\nE       #18 0x7f47eee7ab43 <unknown>\n\n.venv/lib/python3.11/site-packages/selenium/webdriver/support/wait.py:95: TimeoutException","steps":[],"attachments":[{"uid":"727195eec1afb58c","name":"public ip address","source":"727195eec1afb58c.txt","type":"text/plain","size":11},{"uid":"997d4e59a40a9737","name":"Cookies","source":"997d4e59a40a9737.json","type":"application/json","size":1237},{"uid":"6d00d00d43d78591","name":"Session Storage","source":"6d00d00d43d78591.json","type":"application/json","size":2},{"uid":"96c38fc75a8e2cad","name":"Local Storage","source":"96c38fc75a8e2cad.json","type":"application/json","size":208},{"uid":"4fb40cf336f9cd1c","name":"Console Logs","source":"4fb40cf336f9cd1c.json","type":"application/json","size":4954},{"uid":"d85d8b72666fed3c","name":"Full Page Screenshot","source":"d85d8b72666fed3c.png","type":"image/png","size":3231993},{"uid":"9a76b71c7ac08f5d","name":"URL","source":"9a76b71c7ac08f5d.uri","type":"text/uri-list","size":23},{"uid":"88358fbcb66ba2c7","name":"Network Logs","source":"88358fbcb66ba2c7.json","type":"application/json","size":28260}],"parameters":[],"stepsCount":0,"attachmentsCount":8,"shouldDisplayMessage":true,"hasContent":true},"afterStages":[],"labels":[{"name":"epic","value":"Workspaces"},{"name":"severity","value":"normal"},{"name":"story","value":"WorkSpaces Creation and Editing Functionality"},{"name":"tag","value":"run(order=3)"},{"name":"parentSuite","value":"tests"},{"name":"suite","value":"test_workspaces"},{"name":"subSuite","value":"TestWorkspaces"},{"name":"host","value":"fv-az805-531"},{"name":"thread","value":"2185-MainThread"},{"name":"framework","value":"pytest"},{"name":"language","value":"cpython3"},{"name":"package","value":"tests.test_workspaces"},{"name":"resultFormat","value":"allure2"}],"parameters":[],"links":[],"hidden":false,"retry":false,"extra":{"severity":"normal","retries":[],"categories":[{"name":"Test defects","matchedStatuses":[],"flaky":false}],"tags":["run(order=3)"]},"source":"483712772ce788e0.json","parameterValues":[]}