{"uid":"16310e62df58c171","name":"Login with invalid credentials test","fullName":"tests.login_test.TestLogin#test_invalid_login","historyId":"d8696551571014a71a874c85cadaf3fe","time":{"start":1700442811694,"stop":1700442821948,"duration":10254},"description":"invalid login","descriptionHtml":"<p>invalid login</p>\n","status":"broken","statusMessage":"selenium.common.exceptions.TimeoutException: Message: \nStacktrace:\n#0 0x560ff1190fb3 <unknown>\n#1 0x560ff0e644a7 <unknown>\n#2 0x560ff0eabdd6 <unknown>\n#3 0x560ff0eabec1 <unknown>\n#4 0x560ff0ee9354 <unknown>\n#5 0x560ff0ecd96d <unknown>\n#6 0x560ff0ee6c02 <unknown>\n#7 0x560ff0ecd713 <unknown>\n#8 0x560ff0ea018b <unknown>\n#9 0x560ff0ea0f7e <unknown>\n#10 0x560ff11568d8 <unknown>\n#11 0x560ff115a800 <unknown>\n#12 0x560ff1164cfc <unknown>\n#13 0x560ff115b418 <unknown>\n#14 0x560ff112842f <unknown>\n#15 0x560ff117f4e8 <unknown>\n#16 0x560ff117f6b4 <unknown>\n#17 0x560ff1190143 <unknown>\n#18 0x7f84ee694ac3 <unknown>","statusTrace":"self = <tests.login_test.TestLogin object at 0x7fbd53cfafd0>\nemail = 'nirt236@gmail.com', password = '123456'\njson_data = {'forgot_password': {'error_message': \"We can't find a user with that e-mail address.\", 'success_message': 'A reset li...you page', 'name': 'test', 'new_name': 'another test', 'no_project_found_msg': 'No project matches the criteria', ...}}\n\n    @allure.description(\"invalid login\")\n    @allure.title(\"Login with invalid credentials test\")\n    @pytest.mark.parametrize(\"email, password\", users)\n    @pytest.mark.run(order=3)\n    def test_invalid_login(self, email: str, password: str, json_data: dict):\n>       self.about_page.click_login_link()\n\ntests/login_test.py:24: \n_ _ _ _ _ _ _ _ _ _ _ _ _ _ _ _ _ _ _ _ _ _ _ _ _ _ _ _ _ _ _ _ _ _ _ _ _ _ _ _ \npages/about_page.py:20: in click_login_link\n    self.click(self.LOGIN_LINK)\npages/base_page.py:38: in click\n    el: WebElement = self.wait.until(\n_ _ _ _ _ _ _ _ _ _ _ _ _ _ _ _ _ _ _ _ _ _ _ _ _ _ _ _ _ _ _ _ _ _ _ _ _ _ _ _ \n\nself = <selenium.webdriver.support.wait.WebDriverWait (session=\"2d176739d608ec4601b403c1cb776f7e\")>\nmethod = <function element_to_be_clickable.<locals>._predicate at 0x7fbd53c1c220>\nmessage = ''\n\n    def until(self, method, message: str = \"\"):\n        \"\"\"Calls the method provided with the driver as an argument until the \\\n        return value does not evaluate to ``False``.\n    \n        :param method: callable(WebDriver)\n        :param message: optional message for :exc:`TimeoutException`\n        :returns: the result of the last call to `method`\n        :raises: :exc:`selenium.common.exceptions.TimeoutException` if timeout occurs\n        \"\"\"\n        screen = None\n        stacktrace = None\n    \n        end_time = time.monotonic() + self._timeout\n        while True:\n            try:\n                value = method(self._driver)\n                if value:\n                    return value\n            except self._ignored_exceptions as exc:\n                screen = getattr(exc, \"screen\", None)\n                stacktrace = getattr(exc, \"stacktrace\", None)\n            time.sleep(self._poll)\n            if time.monotonic() > end_time:\n                break\n>       raise TimeoutException(message, screen, stacktrace)\nE       selenium.common.exceptions.TimeoutException: Message: \nE       Stacktrace:\nE       #0 0x560ff1190fb3 <unknown>\nE       #1 0x560ff0e644a7 <unknown>\nE       #2 0x560ff0eabdd6 <unknown>\nE       #3 0x560ff0eabec1 <unknown>\nE       #4 0x560ff0ee9354 <unknown>\nE       #5 0x560ff0ecd96d <unknown>\nE       #6 0x560ff0ee6c02 <unknown>\nE       #7 0x560ff0ecd713 <unknown>\nE       #8 0x560ff0ea018b <unknown>\nE       #9 0x560ff0ea0f7e <unknown>\nE       #10 0x560ff11568d8 <unknown>\nE       #11 0x560ff115a800 <unknown>\nE       #12 0x560ff1164cfc <unknown>\nE       #13 0x560ff115b418 <unknown>\nE       #14 0x560ff112842f <unknown>\nE       #15 0x560ff117f4e8 <unknown>\nE       #16 0x560ff117f6b4 <unknown>\nE       #17 0x560ff1190143 <unknown>\nE       #18 0x7f84ee694ac3 <unknown>\n\n.venv/lib/python3.11/site-packages/selenium/webdriver/support/wait.py:95: TimeoutException","flaky":false,"newFailed":false,"newBroken":false,"newPassed":false,"retriesCount":0,"retriesStatusChange":false,"beforeStages":[{"name":"base_url","time":{"start":1700442786443,"stop":1700442786443,"duration":0},"status":"passed","steps":[],"attachments":[],"parameters":[],"shouldDisplayMessage":false,"stepsCount":0,"attachmentsCount":0,"hasContent":false},{"name":"_verify_url","time":{"start":1700442786443,"stop":1700442786443,"duration":0},"status":"passed","steps":[],"attachments":[],"parameters":[],"shouldDisplayMessage":false,"stepsCount":0,"attachmentsCount":0,"hasContent":false},{"name":"json_data","time":{"start":1700442786444,"stop":1700442786444,"duration":0},"status":"passed","steps":[],"attachments":[],"parameters":[],"shouldDisplayMessage":false,"stepsCount":0,"attachmentsCount":0,"hasContent":false}],"testStage":{"description":"invalid login","status":"broken","statusMessage":"selenium.common.exceptions.TimeoutException: Message: \nStacktrace:\n#0 0x560ff1190fb3 <unknown>\n#1 0x560ff0e644a7 <unknown>\n#2 0x560ff0eabdd6 <unknown>\n#3 0x560ff0eabec1 <unknown>\n#4 0x560ff0ee9354 <unknown>\n#5 0x560ff0ecd96d <unknown>\n#6 0x560ff0ee6c02 <unknown>\n#7 0x560ff0ecd713 <unknown>\n#8 0x560ff0ea018b <unknown>\n#9 0x560ff0ea0f7e <unknown>\n#10 0x560ff11568d8 <unknown>\n#11 0x560ff115a800 <unknown>\n#12 0x560ff1164cfc <unknown>\n#13 0x560ff115b418 <unknown>\n#14 0x560ff112842f <unknown>\n#15 0x560ff117f4e8 <unknown>\n#16 0x560ff117f6b4 <unknown>\n#17 0x560ff1190143 <unknown>\n#18 0x7f84ee694ac3 <unknown>","statusTrace":"self = <tests.login_test.TestLogin object at 0x7fbd53cfafd0>\nemail = 'nirt236@gmail.com', password = '123456'\njson_data = {'forgot_password': {'error_message': \"We can't find a user with that e-mail address.\", 'success_message': 'A reset li...you page', 'name': 'test', 'new_name': 'another test', 'no_project_found_msg': 'No project matches the criteria', ...}}\n\n    @allure.description(\"invalid login\")\n    @allure.title(\"Login with invalid credentials test\")\n    @pytest.mark.parametrize(\"email, password\", users)\n    @pytest.mark.run(order=3)\n    def test_invalid_login(self, email: str, password: str, json_data: dict):\n>       self.about_page.click_login_link()\n\ntests/login_test.py:24: \n_ _ _ _ _ _ _ _ _ _ _ _ _ _ _ _ _ _ _ _ _ _ _ _ _ _ _ _ _ _ _ _ _ _ _ _ _ _ _ _ \npages/about_page.py:20: in click_login_link\n    self.click(self.LOGIN_LINK)\npages/base_page.py:38: in click\n    el: WebElement = self.wait.until(\n_ _ _ _ _ _ _ _ _ _ _ _ _ _ _ _ _ _ _ _ _ _ _ _ _ _ _ _ _ _ _ _ _ _ _ _ _ _ _ _ \n\nself = <selenium.webdriver.support.wait.WebDriverWait (session=\"2d176739d608ec4601b403c1cb776f7e\")>\nmethod = <function element_to_be_clickable.<locals>._predicate at 0x7fbd53c1c220>\nmessage = ''\n\n    def until(self, method, message: str = \"\"):\n        \"\"\"Calls the method provided with the driver as an argument until the \\\n        return value does not evaluate to ``False``.\n    \n        :param method: callable(WebDriver)\n        :param message: optional message for :exc:`TimeoutException`\n        :returns: the result of the last call to `method`\n        :raises: :exc:`selenium.common.exceptions.TimeoutException` if timeout occurs\n        \"\"\"\n        screen = None\n        stacktrace = None\n    \n        end_time = time.monotonic() + self._timeout\n        while True:\n            try:\n                value = method(self._driver)\n                if value:\n                    return value\n            except self._ignored_exceptions as exc:\n                screen = getattr(exc, \"screen\", None)\n                stacktrace = getattr(exc, \"stacktrace\", None)\n            time.sleep(self._poll)\n            if time.monotonic() > end_time:\n                break\n>       raise TimeoutException(message, screen, stacktrace)\nE       selenium.common.exceptions.TimeoutException: Message: \nE       Stacktrace:\nE       #0 0x560ff1190fb3 <unknown>\nE       #1 0x560ff0e644a7 <unknown>\nE       #2 0x560ff0eabdd6 <unknown>\nE       #3 0x560ff0eabec1 <unknown>\nE       #4 0x560ff0ee9354 <unknown>\nE       #5 0x560ff0ecd96d <unknown>\nE       #6 0x560ff0ee6c02 <unknown>\nE       #7 0x560ff0ecd713 <unknown>\nE       #8 0x560ff0ea018b <unknown>\nE       #9 0x560ff0ea0f7e <unknown>\nE       #10 0x560ff11568d8 <unknown>\nE       #11 0x560ff115a800 <unknown>\nE       #12 0x560ff1164cfc <unknown>\nE       #13 0x560ff115b418 <unknown>\nE       #14 0x560ff112842f <unknown>\nE       #15 0x560ff117f4e8 <unknown>\nE       #16 0x560ff117f6b4 <unknown>\nE       #17 0x560ff1190143 <unknown>\nE       #18 0x7f84ee694ac3 <unknown>\n\n.venv/lib/python3.11/site-packages/selenium/webdriver/support/wait.py:95: TimeoutException","steps":[{"name":"Click Login link","time":{"start":1700442811694,"stop":1700442821948,"duration":10254},"status":"broken","statusMessage":"selenium.common.exceptions.TimeoutException: Message: \nStacktrace:\n#0 0x560ff1190fb3 <unknown>\n#1 0x560ff0e644a7 <unknown>\n#2 0x560ff0eabdd6 <unknown>\n#3 0x560ff0eabec1 <unknown>\n#4 0x560ff0ee9354 <unknown>\n#5 0x560ff0ecd96d <unknown>\n#6 0x560ff0ee6c02 <unknown>\n#7 0x560ff0ecd713 <unknown>\n#8 0x560ff0ea018b <unknown>\n#9 0x560ff0ea0f7e <unknown>\n#10 0x560ff11568d8 <unknown>\n#11 0x560ff115a800 <unknown>\n#12 0x560ff1164cfc <unknown>\n#13 0x560ff115b418 <unknown>\n#14 0x560ff112842f <unknown>\n#15 0x560ff117f4e8 <unknown>\n#16 0x560ff117f6b4 <unknown>\n#17 0x560ff1190143 <unknown>\n#18 0x7f84ee694ac3 <unknown>\n\n","statusTrace":"  File \"/home/runner/work/Selenium-Python-Example/Selenium-Python-Example/.venv/lib/python3.11/site-packages/allure_commons/_allure.py\", line 192, in impl\n    return func(*a, **kw)\n           ^^^^^^^^^^^^^^\n  File \"/home/runner/work/Selenium-Python-Example/Selenium-Python-Example/pages/about_page.py\", line 20, in click_login_link\n    self.click(self.LOGIN_LINK)\n  File \"/home/runner/work/Selenium-Python-Example/Selenium-Python-Example/pages/base_page.py\", line 38, in click\n    el: WebElement = self.wait.until(\n                     ^^^^^^^^^^^^^^^^\n  File \"/home/runner/work/Selenium-Python-Example/Selenium-Python-Example/.venv/lib/python3.11/site-packages/selenium/webdriver/support/wait.py\", line 95, in until\n    raise TimeoutException(message, screen, stacktrace)\n","steps":[],"attachments":[],"parameters":[],"shouldDisplayMessage":true,"stepsCount":0,"attachmentsCount":0,"hasContent":true}],"attachments":[{"uid":"2a8d0453f750ec7a","name":"public ip address","source":"2a8d0453f750ec7a.txt","type":"text/plain","size":12},{"uid":"e548c12f7693c0a9","name":"Cookies","source":"e548c12f7693c0a9.json","type":"application/json","size":2504},{"uid":"62cb76fec8240e5","name":"Session Storage","source":"62cb76fec8240e5.json","type":"application/json","size":2},{"uid":"389fc5daf0494261","name":"Local Storage","source":"389fc5daf0494261.json","type":"application/json","size":208},{"uid":"1a66f9dda6c650c0","name":"Console Logs","source":"1a66f9dda6c650c0.json","type":"application/json","size":243},{"uid":"43951b4c8080357c","name":"Full Page Screenshot","source":"43951b4c8080357c.png","type":"image/png","size":721374},{"uid":"f7751439b934f6a9","name":"URL","source":"f7751439b934f6a9.uri","type":"text/uri-list","size":23},{"uid":"56ba3956d7233f2d","name":"Network Logs","source":"56ba3956d7233f2d.json","type":"application/json","size":2}],"parameters":[],"shouldDisplayMessage":true,"stepsCount":1,"attachmentsCount":8,"hasContent":true},"afterStages":[],"labels":[{"name":"severity","value":"blocker"},{"name":"epic","value":"Security"},{"name":"feature","value":"Login"},{"name":"tag","value":"run(order=3)"},{"name":"tag","value":"security"},{"name":"parentSuite","value":"tests"},{"name":"suite","value":"login_test"},{"name":"subSuite","value":"TestLogin"},{"name":"host","value":"fv-az1542-940"},{"name":"thread","value":"2224-MainThread"},{"name":"framework","value":"pytest"},{"name":"language","value":"cpython3"},{"name":"package","value":"tests.login_test"},{"name":"resultFormat","value":"allure2"}],"parameters":[{"name":"email","value":"'nirt236@gmail.com'"},{"name":"password","value":"'123456'"}],"links":[],"hidden":false,"retry":false,"extra":{"severity":"blocker","retries":[],"categories":[{"name":"Test defects","matchedStatuses":[],"flaky":false}],"tags":["run(order=3)","security"]},"source":"16310e62df58c171.json","parameterValues":["'nirt236@gmail.com'","'123456'"]}