{"uid":"6bb38322d0205c75","name":"Login with invalid credentials test","fullName":"tests.login_test.TestLogin#test_invalid_login","historyId":"d8696551571014a71a874c85cadaf3fe","time":{"start":1701047582198,"stop":1701047592436,"duration":10238},"description":"invalid login","descriptionHtml":"<p>invalid login</p>\n","status":"broken","statusMessage":"selenium.common.exceptions.TimeoutException: Message: \nStacktrace:\n#0 0x55fcfe15a5e3 <unknown>\n#1 0x55fcfde1d0b7 <unknown>\n#2 0x55fcfde6af53 <unknown>\n#3 0x55fcfde6b051 <unknown>\n#4 0x55fcfdeb09c4 <unknown>\n#5 0x55fcfde91f1d <unknown>\n#6 0x55fcfdeadb3d <unknown>\n#7 0x55fcfde91cc3 <unknown>\n#8 0x55fcfde5d0e4 <unknown>\n#9 0x55fcfde5e0ae <unknown>\n#10 0x55fcfe120ce1 <unknown>\n#11 0x55fcfe124b7e <unknown>\n#12 0x55fcfe10e4b5 <unknown>\n#13 0x55fcfe1257d6 <unknown>\n#14 0x55fcfe0f1dbf <unknown>\n#15 0x55fcfe148748 <unknown>\n#16 0x55fcfe148917 <unknown>\n#17 0x55fcfe159773 <unknown>\n#18 0x7f663e094ac3 <unknown>","statusTrace":"self = <tests.login_test.TestLogin object at 0x7f965b9e1010>\nemail = 'nirt236@gmail.com', password = '123456'\njson_data = {'forgot_password': {'error_message': \"We can't find a user with that e-mail address.\", 'success_message': 'A reset li...you page', 'name': 'test', 'new_name': 'another test', 'no_project_found_msg': 'No project matches the criteria', ...}}\n\n    @allure.description(\"invalid login\")\n    @allure.title(\"Login with invalid credentials test\")\n    @pytest.mark.parametrize(\"email, password\", users)\n    @pytest.mark.run(order=3)\n    def test_invalid_login(self, email: str, password: str, json_data: dict):\n>       self.about_page.click_login_link()\n\ntests/login_test.py:24: \n_ _ _ _ _ _ _ _ _ _ _ _ _ _ _ _ _ _ _ _ _ _ _ _ _ _ _ _ _ _ _ _ _ _ _ _ _ _ _ _ \npages/about_page.py:20: in click_login_link\n    self.click(self.LOGIN_LINK)\npages/base_page.py:38: in click\n    el: WebElement = self.wait.until(\n_ _ _ _ _ _ _ _ _ _ _ _ _ _ _ _ _ _ _ _ _ _ _ _ _ _ _ _ _ _ _ _ _ _ _ _ _ _ _ _ \n\nself = <selenium.webdriver.support.wait.WebDriverWait (session=\"6757331436d1c1684a01fe33af21e719\")>\nmethod = <function element_to_be_clickable.<locals>._predicate at 0x7f965bad87c0>\nmessage = ''\n\n    def until(self, method: Callable[[WebDriver], Union[Literal[False], T]], message: str = \"\") -> T:\n        \"\"\"Calls the method provided with the driver as an argument until the \\\n        return value does not evaluate to ``False``.\n    \n        :param method: callable(WebDriver)\n        :param message: optional message for :exc:`TimeoutException`\n        :returns: the result of the last call to `method`\n        :raises: :exc:`selenium.common.exceptions.TimeoutException` if timeout occurs\n        \"\"\"\n        screen = None\n        stacktrace = None\n    \n        end_time = time.monotonic() + self._timeout\n        while True:\n            try:\n                value = method(self._driver)\n                if value:\n                    return value\n            except self._ignored_exceptions as exc:\n                screen = getattr(exc, \"screen\", None)\n                stacktrace = getattr(exc, \"stacktrace\", None)\n            time.sleep(self._poll)\n            if time.monotonic() > end_time:\n                break\n>       raise TimeoutException(message, screen, stacktrace)\nE       selenium.common.exceptions.TimeoutException: Message: \nE       Stacktrace:\nE       #0 0x55fcfe15a5e3 <unknown>\nE       #1 0x55fcfde1d0b7 <unknown>\nE       #2 0x55fcfde6af53 <unknown>\nE       #3 0x55fcfde6b051 <unknown>\nE       #4 0x55fcfdeb09c4 <unknown>\nE       #5 0x55fcfde91f1d <unknown>\nE       #6 0x55fcfdeadb3d <unknown>\nE       #7 0x55fcfde91cc3 <unknown>\nE       #8 0x55fcfde5d0e4 <unknown>\nE       #9 0x55fcfde5e0ae <unknown>\nE       #10 0x55fcfe120ce1 <unknown>\nE       #11 0x55fcfe124b7e <unknown>\nE       #12 0x55fcfe10e4b5 <unknown>\nE       #13 0x55fcfe1257d6 <unknown>\nE       #14 0x55fcfe0f1dbf <unknown>\nE       #15 0x55fcfe148748 <unknown>\nE       #16 0x55fcfe148917 <unknown>\nE       #17 0x55fcfe159773 <unknown>\nE       #18 0x7f663e094ac3 <unknown>\n\n.venv/lib/python3.11/site-packages/selenium/webdriver/support/wait.py:101: TimeoutException","flaky":false,"newFailed":false,"newBroken":false,"newPassed":false,"retriesCount":0,"retriesStatusChange":false,"beforeStages":[{"name":"_verify_url","time":{"start":1701047553814,"stop":1701047553814,"duration":0},"status":"passed","steps":[],"attachments":[],"parameters":[],"shouldDisplayMessage":false,"stepsCount":0,"attachmentsCount":0,"hasContent":false},{"name":"json_data","time":{"start":1701047553814,"stop":1701047553814,"duration":0},"status":"passed","steps":[],"attachments":[],"parameters":[],"shouldDisplayMessage":false,"stepsCount":0,"attachmentsCount":0,"hasContent":false},{"name":"base_url","time":{"start":1701047553814,"stop":1701047553814,"duration":0},"status":"passed","steps":[],"attachments":[],"parameters":[],"shouldDisplayMessage":false,"stepsCount":0,"attachmentsCount":0,"hasContent":false}],"testStage":{"description":"invalid login","status":"broken","statusMessage":"selenium.common.exceptions.TimeoutException: Message: \nStacktrace:\n#0 0x55fcfe15a5e3 <unknown>\n#1 0x55fcfde1d0b7 <unknown>\n#2 0x55fcfde6af53 <unknown>\n#3 0x55fcfde6b051 <unknown>\n#4 0x55fcfdeb09c4 <unknown>\n#5 0x55fcfde91f1d <unknown>\n#6 0x55fcfdeadb3d <unknown>\n#7 0x55fcfde91cc3 <unknown>\n#8 0x55fcfde5d0e4 <unknown>\n#9 0x55fcfde5e0ae <unknown>\n#10 0x55fcfe120ce1 <unknown>\n#11 0x55fcfe124b7e <unknown>\n#12 0x55fcfe10e4b5 <unknown>\n#13 0x55fcfe1257d6 <unknown>\n#14 0x55fcfe0f1dbf <unknown>\n#15 0x55fcfe148748 <unknown>\n#16 0x55fcfe148917 <unknown>\n#17 0x55fcfe159773 <unknown>\n#18 0x7f663e094ac3 <unknown>","statusTrace":"self = <tests.login_test.TestLogin object at 0x7f965b9e1010>\nemail = 'nirt236@gmail.com', password = '123456'\njson_data = {'forgot_password': {'error_message': \"We can't find a user with that e-mail address.\", 'success_message': 'A reset li...you page', 'name': 'test', 'new_name': 'another test', 'no_project_found_msg': 'No project matches the criteria', ...}}\n\n    @allure.description(\"invalid login\")\n    @allure.title(\"Login with invalid credentials test\")\n    @pytest.mark.parametrize(\"email, password\", users)\n    @pytest.mark.run(order=3)\n    def test_invalid_login(self, email: str, password: str, json_data: dict):\n>       self.about_page.click_login_link()\n\ntests/login_test.py:24: \n_ _ _ _ _ _ _ _ _ _ _ _ _ _ _ _ _ _ _ _ _ _ _ _ _ _ _ _ _ _ _ _ _ _ _ _ _ _ _ _ \npages/about_page.py:20: in click_login_link\n    self.click(self.LOGIN_LINK)\npages/base_page.py:38: in click\n    el: WebElement = self.wait.until(\n_ _ _ _ _ _ _ _ _ _ _ _ _ _ _ _ _ _ _ _ _ _ _ _ _ _ _ _ _ _ _ _ _ _ _ _ _ _ _ _ \n\nself = <selenium.webdriver.support.wait.WebDriverWait (session=\"6757331436d1c1684a01fe33af21e719\")>\nmethod = <function element_to_be_clickable.<locals>._predicate at 0x7f965bad87c0>\nmessage = ''\n\n    def until(self, method: Callable[[WebDriver], Union[Literal[False], T]], message: str = \"\") -> T:\n        \"\"\"Calls the method provided with the driver as an argument until the \\\n        return value does not evaluate to ``False``.\n    \n        :param method: callable(WebDriver)\n        :param message: optional message for :exc:`TimeoutException`\n        :returns: the result of the last call to `method`\n        :raises: :exc:`selenium.common.exceptions.TimeoutException` if timeout occurs\n        \"\"\"\n        screen = None\n        stacktrace = None\n    \n        end_time = time.monotonic() + self._timeout\n        while True:\n            try:\n                value = method(self._driver)\n                if value:\n                    return value\n            except self._ignored_exceptions as exc:\n                screen = getattr(exc, \"screen\", None)\n                stacktrace = getattr(exc, \"stacktrace\", None)\n            time.sleep(self._poll)\n            if time.monotonic() > end_time:\n                break\n>       raise TimeoutException(message, screen, stacktrace)\nE       selenium.common.exceptions.TimeoutException: Message: \nE       Stacktrace:\nE       #0 0x55fcfe15a5e3 <unknown>\nE       #1 0x55fcfde1d0b7 <unknown>\nE       #2 0x55fcfde6af53 <unknown>\nE       #3 0x55fcfde6b051 <unknown>\nE       #4 0x55fcfdeb09c4 <unknown>\nE       #5 0x55fcfde91f1d <unknown>\nE       #6 0x55fcfdeadb3d <unknown>\nE       #7 0x55fcfde91cc3 <unknown>\nE       #8 0x55fcfde5d0e4 <unknown>\nE       #9 0x55fcfde5e0ae <unknown>\nE       #10 0x55fcfe120ce1 <unknown>\nE       #11 0x55fcfe124b7e <unknown>\nE       #12 0x55fcfe10e4b5 <unknown>\nE       #13 0x55fcfe1257d6 <unknown>\nE       #14 0x55fcfe0f1dbf <unknown>\nE       #15 0x55fcfe148748 <unknown>\nE       #16 0x55fcfe148917 <unknown>\nE       #17 0x55fcfe159773 <unknown>\nE       #18 0x7f663e094ac3 <unknown>\n\n.venv/lib/python3.11/site-packages/selenium/webdriver/support/wait.py:101: TimeoutException","steps":[{"name":"Click Login link","time":{"start":1701047582198,"stop":1701047592436,"duration":10238},"status":"broken","statusMessage":"selenium.common.exceptions.TimeoutException: Message: \nStacktrace:\n#0 0x55fcfe15a5e3 <unknown>\n#1 0x55fcfde1d0b7 <unknown>\n#2 0x55fcfde6af53 <unknown>\n#3 0x55fcfde6b051 <unknown>\n#4 0x55fcfdeb09c4 <unknown>\n#5 0x55fcfde91f1d <unknown>\n#6 0x55fcfdeadb3d <unknown>\n#7 0x55fcfde91cc3 <unknown>\n#8 0x55fcfde5d0e4 <unknown>\n#9 0x55fcfde5e0ae <unknown>\n#10 0x55fcfe120ce1 <unknown>\n#11 0x55fcfe124b7e <unknown>\n#12 0x55fcfe10e4b5 <unknown>\n#13 0x55fcfe1257d6 <unknown>\n#14 0x55fcfe0f1dbf <unknown>\n#15 0x55fcfe148748 <unknown>\n#16 0x55fcfe148917 <unknown>\n#17 0x55fcfe159773 <unknown>\n#18 0x7f663e094ac3 <unknown>\n\n","statusTrace":"  File \"/home/runner/work/Selenium-Python-Example/Selenium-Python-Example/.venv/lib/python3.11/site-packages/allure_commons/_allure.py\", line 192, in impl\n    return func(*a, **kw)\n           ^^^^^^^^^^^^^^\n  File \"/home/runner/work/Selenium-Python-Example/Selenium-Python-Example/pages/about_page.py\", line 20, in click_login_link\n    self.click(self.LOGIN_LINK)\n  File \"/home/runner/work/Selenium-Python-Example/Selenium-Python-Example/pages/base_page.py\", line 38, in click\n    el: WebElement = self.wait.until(\n                     ^^^^^^^^^^^^^^^^\n  File \"/home/runner/work/Selenium-Python-Example/Selenium-Python-Example/.venv/lib/python3.11/site-packages/selenium/webdriver/support/wait.py\", line 101, in until\n    raise TimeoutException(message, screen, stacktrace)\n","steps":[],"attachments":[],"parameters":[],"shouldDisplayMessage":true,"stepsCount":0,"attachmentsCount":0,"hasContent":true}],"attachments":[{"uid":"b4fb5691be8f59e2","name":"public ip address","source":"b4fb5691be8f59e2.txt","type":"text/plain","size":13},{"uid":"404c7616c23c717b","name":"Cookies","source":"404c7616c23c717b.json","type":"application/json","size":3356},{"uid":"e3caea140617eec","name":"Session Storage","source":"e3caea140617eec.json","type":"application/json","size":358},{"uid":"17a3f193b52e476e","name":"Local Storage","source":"17a3f193b52e476e.json","type":"application/json","size":208},{"uid":"bc327407775e88c8","name":"Console Logs","source":"bc327407775e88c8.json","type":"application/json","size":2},{"uid":"8970e581620cc365","name":"Full Page Screenshot","source":"8970e581620cc365.png","type":"image/png","size":1201057},{"uid":"8f5bcee4e08ac094","name":"URL","source":"8f5bcee4e08ac094.uri","type":"text/uri-list","size":23},{"uid":"91d4be668841d313","name":"Network Logs","source":"91d4be668841d313.json","type":"application/json","size":22826}],"parameters":[],"shouldDisplayMessage":true,"stepsCount":1,"attachmentsCount":8,"hasContent":true},"afterStages":[],"labels":[{"name":"epic","value":"Security"},{"name":"severity","value":"blocker"},{"name":"feature","value":"Login"},{"name":"tag","value":"run(order=3)"},{"name":"tag","value":"security"},{"name":"parentSuite","value":"tests"},{"name":"suite","value":"login_test"},{"name":"subSuite","value":"TestLogin"},{"name":"host","value":"fv-az801-458"},{"name":"thread","value":"2215-MainThread"},{"name":"framework","value":"pytest"},{"name":"language","value":"cpython3"},{"name":"package","value":"tests.login_test"},{"name":"resultFormat","value":"allure2"}],"parameters":[{"name":"email","value":"'nirt236@gmail.com'"},{"name":"password","value":"'123456'"}],"links":[],"hidden":false,"retry":false,"extra":{"severity":"blocker","retries":[],"categories":[{"name":"Test defects","matchedStatuses":[],"flaky":false}],"tags":["run(order=3)","security"]},"source":"6bb38322d0205c75.json","parameterValues":["'nirt236@gmail.com'","'123456'"]}