{"uid":"e37ee1238acd6e1c","name":"Login with invalid credentials test","fullName":"tests.login_test.TestLogin#test_invalid_login","historyId":"9bbc2729137fa409b9bc8067987e1d0d","time":{"start":1697245675746,"stop":1697245685852,"duration":10106},"description":"invalid login","descriptionHtml":"<p>invalid login</p>\n","status":"broken","statusMessage":"selenium.common.exceptions.TimeoutException: Message: \nStacktrace:\n#0 0x55653ec3a6b3 <unknown>\n#1 0x55653e9101e7 <unknown>\n#2 0x55653e957566 <unknown>\n#3 0x55653e957651 <unknown>\n#4 0x55653e994a74 <unknown>\n#5 0x55653e9790ed <unknown>\n#6 0x55653e992322 <unknown>\n#7 0x55653e978e93 <unknown>\n#8 0x55653e94b934 <unknown>\n#9 0x55653e94c71e <unknown>\n#10 0x55653ebffcb8 <unknown>\n#11 0x55653ec03bf0 <unknown>\n#12 0x55653ec0e19c <unknown>\n#13 0x55653ec04808 <unknown>\n#14 0x55653ebd127f <unknown>\n#15 0x55653ec28e88 <unknown>\n#16 0x55653ec29059 <unknown>\n#17 0x55653ec39843 <unknown>\n#18 0x7fd63bc94b43 <unknown>","statusTrace":"self = <tests.login_test.TestLogin object at 0x7fe69d6ed890>\nemail = 'elias@gmail.com', password = '12345Tr'\njson_data = {'forgot_password': {'error_message': \"We can't find a user with that e-mail address.\", 'success_message': 'A reset li...you page', 'name': 'test', 'new_name': 'another test', 'no_project_found_msg': 'No project matches the criteria', ...}}\n\n    @allure.description(\"invalid login\")\n    @allure.title(\"Login with invalid credentials test\")\n    @pytest.mark.parametrize(\"email, password\", users)\n    @pytest.mark.run(order=3)\n    def test_invalid_login(self, email: str, password: str, json_data: dict):\n>       self.about_page.click_login_link()\n\ntests/login_test.py:24: \n_ _ _ _ _ _ _ _ _ _ _ _ _ _ _ _ _ _ _ _ _ _ _ _ _ _ _ _ _ _ _ _ _ _ _ _ _ _ _ _ \npages/about_page.py:20: in click_login_link\n    self.click(self.LOGIN_LINK)\npages/base_page.py:38: in click\n    el: WebElement = self.wait.until(\n_ _ _ _ _ _ _ _ _ _ _ _ _ _ _ _ _ _ _ _ _ _ _ _ _ _ _ _ _ _ _ _ _ _ _ _ _ _ _ _ \n\nself = <selenium.webdriver.support.wait.WebDriverWait (session=\"345dde82f0f5c803d97964dd0606428f\")>\nmethod = <function element_to_be_clickable.<locals>._predicate at 0x7fe69d6207c0>\nmessage = ''\n\n    def until(self, method, message: str = \"\"):\n        \"\"\"Calls the method provided with the driver as an argument until the \\\n        return value does not evaluate to ``False``.\n    \n        :param method: callable(WebDriver)\n        :param message: optional message for :exc:`TimeoutException`\n        :returns: the result of the last call to `method`\n        :raises: :exc:`selenium.common.exceptions.TimeoutException` if timeout occurs\n        \"\"\"\n        screen = None\n        stacktrace = None\n    \n        end_time = time.monotonic() + self._timeout\n        while True:\n            try:\n                value = method(self._driver)\n                if value:\n                    return value\n            except self._ignored_exceptions as exc:\n                screen = getattr(exc, \"screen\", None)\n                stacktrace = getattr(exc, \"stacktrace\", None)\n            time.sleep(self._poll)\n            if time.monotonic() > end_time:\n                break\n>       raise TimeoutException(message, screen, stacktrace)\nE       selenium.common.exceptions.TimeoutException: Message: \nE       Stacktrace:\nE       #0 0x55653ec3a6b3 <unknown>\nE       #1 0x55653e9101e7 <unknown>\nE       #2 0x55653e957566 <unknown>\nE       #3 0x55653e957651 <unknown>\nE       #4 0x55653e994a74 <unknown>\nE       #5 0x55653e9790ed <unknown>\nE       #6 0x55653e992322 <unknown>\nE       #7 0x55653e978e93 <unknown>\nE       #8 0x55653e94b934 <unknown>\nE       #9 0x55653e94c71e <unknown>\nE       #10 0x55653ebffcb8 <unknown>\nE       #11 0x55653ec03bf0 <unknown>\nE       #12 0x55653ec0e19c <unknown>\nE       #13 0x55653ec04808 <unknown>\nE       #14 0x55653ebd127f <unknown>\nE       #15 0x55653ec28e88 <unknown>\nE       #16 0x55653ec29059 <unknown>\nE       #17 0x55653ec39843 <unknown>\nE       #18 0x7fd63bc94b43 <unknown>\n\n.venv/lib/python3.11/site-packages/selenium/webdriver/support/wait.py:95: TimeoutException","flaky":false,"newFailed":false,"newBroken":false,"newPassed":false,"retriesCount":0,"retriesStatusChange":false,"beforeStages":[{"name":"base_url","time":{"start":1697245630453,"stop":1697245630453,"duration":0},"status":"passed","steps":[],"attachments":[],"parameters":[],"shouldDisplayMessage":false,"stepsCount":0,"attachmentsCount":0,"hasContent":false},{"name":"json_data","time":{"start":1697245630453,"stop":1697245630454,"duration":1},"status":"passed","steps":[],"attachments":[],"parameters":[],"shouldDisplayMessage":false,"stepsCount":0,"attachmentsCount":0,"hasContent":false},{"name":"_verify_url","time":{"start":1697245630453,"stop":1697245630453,"duration":0},"status":"passed","steps":[],"attachments":[],"parameters":[],"shouldDisplayMessage":false,"stepsCount":0,"attachmentsCount":0,"hasContent":false}],"testStage":{"description":"invalid login","status":"broken","statusMessage":"selenium.common.exceptions.TimeoutException: Message: \nStacktrace:\n#0 0x55653ec3a6b3 <unknown>\n#1 0x55653e9101e7 <unknown>\n#2 0x55653e957566 <unknown>\n#3 0x55653e957651 <unknown>\n#4 0x55653e994a74 <unknown>\n#5 0x55653e9790ed <unknown>\n#6 0x55653e992322 <unknown>\n#7 0x55653e978e93 <unknown>\n#8 0x55653e94b934 <unknown>\n#9 0x55653e94c71e <unknown>\n#10 0x55653ebffcb8 <unknown>\n#11 0x55653ec03bf0 <unknown>\n#12 0x55653ec0e19c <unknown>\n#13 0x55653ec04808 <unknown>\n#14 0x55653ebd127f <unknown>\n#15 0x55653ec28e88 <unknown>\n#16 0x55653ec29059 <unknown>\n#17 0x55653ec39843 <unknown>\n#18 0x7fd63bc94b43 <unknown>","statusTrace":"self = <tests.login_test.TestLogin object at 0x7fe69d6ed890>\nemail = 'elias@gmail.com', password = '12345Tr'\njson_data = {'forgot_password': {'error_message': \"We can't find a user with that e-mail address.\", 'success_message': 'A reset li...you page', 'name': 'test', 'new_name': 'another test', 'no_project_found_msg': 'No project matches the criteria', ...}}\n\n    @allure.description(\"invalid login\")\n    @allure.title(\"Login with invalid credentials test\")\n    @pytest.mark.parametrize(\"email, password\", users)\n    @pytest.mark.run(order=3)\n    def test_invalid_login(self, email: str, password: str, json_data: dict):\n>       self.about_page.click_login_link()\n\ntests/login_test.py:24: \n_ _ _ _ _ _ _ _ _ _ _ _ _ _ _ _ _ _ _ _ _ _ _ _ _ _ _ _ _ _ _ _ _ _ _ _ _ _ _ _ \npages/about_page.py:20: in click_login_link\n    self.click(self.LOGIN_LINK)\npages/base_page.py:38: in click\n    el: WebElement = self.wait.until(\n_ _ _ _ _ _ _ _ _ _ _ _ _ _ _ _ _ _ _ _ _ _ _ _ _ _ _ _ _ _ _ _ _ _ _ _ _ _ _ _ \n\nself = <selenium.webdriver.support.wait.WebDriverWait (session=\"345dde82f0f5c803d97964dd0606428f\")>\nmethod = <function element_to_be_clickable.<locals>._predicate at 0x7fe69d6207c0>\nmessage = ''\n\n    def until(self, method, message: str = \"\"):\n        \"\"\"Calls the method provided with the driver as an argument until the \\\n        return value does not evaluate to ``False``.\n    \n        :param method: callable(WebDriver)\n        :param message: optional message for :exc:`TimeoutException`\n        :returns: the result of the last call to `method`\n        :raises: :exc:`selenium.common.exceptions.TimeoutException` if timeout occurs\n        \"\"\"\n        screen = None\n        stacktrace = None\n    \n        end_time = time.monotonic() + self._timeout\n        while True:\n            try:\n                value = method(self._driver)\n                if value:\n                    return value\n            except self._ignored_exceptions as exc:\n                screen = getattr(exc, \"screen\", None)\n                stacktrace = getattr(exc, \"stacktrace\", None)\n            time.sleep(self._poll)\n            if time.monotonic() > end_time:\n                break\n>       raise TimeoutException(message, screen, stacktrace)\nE       selenium.common.exceptions.TimeoutException: Message: \nE       Stacktrace:\nE       #0 0x55653ec3a6b3 <unknown>\nE       #1 0x55653e9101e7 <unknown>\nE       #2 0x55653e957566 <unknown>\nE       #3 0x55653e957651 <unknown>\nE       #4 0x55653e994a74 <unknown>\nE       #5 0x55653e9790ed <unknown>\nE       #6 0x55653e992322 <unknown>\nE       #7 0x55653e978e93 <unknown>\nE       #8 0x55653e94b934 <unknown>\nE       #9 0x55653e94c71e <unknown>\nE       #10 0x55653ebffcb8 <unknown>\nE       #11 0x55653ec03bf0 <unknown>\nE       #12 0x55653ec0e19c <unknown>\nE       #13 0x55653ec04808 <unknown>\nE       #14 0x55653ebd127f <unknown>\nE       #15 0x55653ec28e88 <unknown>\nE       #16 0x55653ec29059 <unknown>\nE       #17 0x55653ec39843 <unknown>\nE       #18 0x7fd63bc94b43 <unknown>\n\n.venv/lib/python3.11/site-packages/selenium/webdriver/support/wait.py:95: TimeoutException","steps":[{"name":"Click Login link","time":{"start":1697245675746,"stop":1697245685851,"duration":10105},"status":"broken","statusMessage":"selenium.common.exceptions.TimeoutException: Message: \nStacktrace:\n#0 0x55653ec3a6b3 <unknown>\n#1 0x55653e9101e7 <unknown>\n#2 0x55653e957566 <unknown>\n#3 0x55653e957651 <unknown>\n#4 0x55653e994a74 <unknown>\n#5 0x55653e9790ed <unknown>\n#6 0x55653e992322 <unknown>\n#7 0x55653e978e93 <unknown>\n#8 0x55653e94b934 <unknown>\n#9 0x55653e94c71e <unknown>\n#10 0x55653ebffcb8 <unknown>\n#11 0x55653ec03bf0 <unknown>\n#12 0x55653ec0e19c <unknown>\n#13 0x55653ec04808 <unknown>\n#14 0x55653ebd127f <unknown>\n#15 0x55653ec28e88 <unknown>\n#16 0x55653ec29059 <unknown>\n#17 0x55653ec39843 <unknown>\n#18 0x7fd63bc94b43 <unknown>\n\n","statusTrace":"  File \"/home/runner/work/Selenium-Python-Example/Selenium-Python-Example/.venv/lib/python3.11/site-packages/allure_commons/_allure.py\", line 192, in impl\n    return func(*a, **kw)\n           ^^^^^^^^^^^^^^\n  File \"/home/runner/work/Selenium-Python-Example/Selenium-Python-Example/pages/about_page.py\", line 20, in click_login_link\n    self.click(self.LOGIN_LINK)\n  File \"/home/runner/work/Selenium-Python-Example/Selenium-Python-Example/pages/base_page.py\", line 38, in click\n    el: WebElement = self.wait.until(\n                     ^^^^^^^^^^^^^^^^\n  File \"/home/runner/work/Selenium-Python-Example/Selenium-Python-Example/.venv/lib/python3.11/site-packages/selenium/webdriver/support/wait.py\", line 95, in until\n    raise TimeoutException(message, screen, stacktrace)\n","steps":[],"attachments":[],"parameters":[],"shouldDisplayMessage":true,"stepsCount":0,"attachmentsCount":0,"hasContent":true}],"attachments":[{"uid":"9aace29fb249643","name":"public ip address","source":"9aace29fb249643.txt","type":"text/plain","size":13},{"uid":"d22fe7739fa910ed","name":"Cookies","source":"d22fe7739fa910ed.json","type":"application/json","size":2018},{"uid":"4b3f9bc6dcb3dc3b","name":"Session Storage","source":"4b3f9bc6dcb3dc3b.json","type":"application/json","size":333},{"uid":"a46f42faa6d1f7d4","name":"Local Storage","source":"a46f42faa6d1f7d4.json","type":"application/json","size":208},{"uid":"42cf06ced78cb456","name":"Console Logs","source":"42cf06ced78cb456.json","type":"application/json","size":2},{"uid":"cbf7805551af13ee","name":"Full Page Screenshot","source":"cbf7805551af13ee.png","type":"image/png","size":715293},{"uid":"35642719c3f97c7b","name":"URL","source":"35642719c3f97c7b.uri","type":"text/uri-list","size":23},{"uid":"512dea355691fa6b","name":"Network Logs","source":"512dea355691fa6b.json","type":"application/json","size":23050}],"parameters":[],"shouldDisplayMessage":true,"stepsCount":1,"attachmentsCount":8,"hasContent":true},"afterStages":[],"labels":[{"name":"feature","value":"Login"},{"name":"epic","value":"Security"},{"name":"severity","value":"blocker"},{"name":"tag","value":"run(order=3)"},{"name":"tag","value":"security"},{"name":"parentSuite","value":"tests"},{"name":"suite","value":"login_test"},{"name":"subSuite","value":"TestLogin"},{"name":"host","value":"fv-az178-25"},{"name":"thread","value":"2152-MainThread"},{"name":"framework","value":"pytest"},{"name":"language","value":"cpython3"},{"name":"package","value":"tests.login_test"},{"name":"resultFormat","value":"allure2"}],"parameters":[{"name":"email","value":"'elias@gmail.com'"},{"name":"password","value":"'12345Tr'"}],"links":[],"hidden":false,"retry":false,"extra":{"severity":"blocker","retries":[],"categories":[{"name":"Test defects","matchedStatuses":[],"flaky":false}],"tags":["run(order=3)","security"]},"source":"e37ee1238acd6e1c.json","parameterValues":["'elias@gmail.com'","'12345Tr'"]}