{"uid":"1c8aebed967a93e7","name":"Delete existing workspace","fullName":"tests.test_workspaces.TestWorkspaces#test_delete_workspace","historyId":"b0007037b155b4d681f41d6c5b042e50","time":{"start":1682799466826,"stop":1682799466826,"duration":0},"description":"Delete an existing workspace","descriptionHtml":"<p>Delete an existing workspace</p>\n","status":"broken","statusMessage":"selenium.common.exceptions.TimeoutException: Message: \nStacktrace:\n#0 0x564bc0879fe3 <unknown>\n#1 0x564bc05b8d36 <unknown>\n#2 0x564bc05f5c4d <unknown>\n#3 0x564bc05f5d61 <unknown>\n#4 0x564bc06316a4 <unknown>\n#5 0x564bc06168ed <unknown>\n#6 0x564bc062f232 <unknown>\n#7 0x564bc0616693 <unknown>\n#8 0x564bc05e903a <unknown>\n#9 0x564bc05ea17e <unknown>\n#10 0x564bc083bdbd <unknown>\n#11 0x564bc083fc6c <unknown>\n#12 0x564bc08494b0 <unknown>\n#13 0x564bc0840d63 <unknown>\n#14 0x564bc0813c35 <unknown>\n#15 0x564bc0864138 <unknown>\n#16 0x564bc08642c7 <unknown>\n#17 0x564bc0872093 <unknown>\n#18 0x7fe96102db43 <unknown>","statusTrace":"self = <tests.test_workspaces.TestWorkspaces object at 0x7fc60bba3460>\nrequest = <SubRequest 'setup_method_fixture' for <Function test_delete_workspace>>\n\n    @pytest.fixture(autouse=True)\n    def setup_method_fixture(self, request):\n>       login(request, self.about_page, self.login_page)\n\ntests/test_workspaces.py:27: \n_ _ _ _ _ _ _ _ _ _ _ _ _ _ _ _ _ _ _ _ _ _ _ _ _ _ _ _ _ _ _ _ _ _ _ _ _ _ _ _ \ntests/test_workspaces.py:16: in login\n    about_page.click_login_link()\npages/about_page.py:19: in click_login_link\n    self.click(self.LOGIN_LINK)\npages/base_page.py:21: in click\n    el: WebElement = self._wait.until(expected_conditions.element_to_be_clickable(locator))\n_ _ _ _ _ _ _ _ _ _ _ _ _ _ _ _ _ _ _ _ _ _ _ _ _ _ _ _ _ _ _ _ _ _ _ _ _ _ _ _ \n\nself = <selenium.webdriver.support.wait.WebDriverWait (session=\"d698ea5de4f8ae1a502c16c4cb78a743\")>\nmethod = <function element_to_be_clickable.<locals>._predicate at 0x7fc60b6e0550>\nmessage = ''\n\n    def until(self, method, message: str = \"\"):\n        \"\"\"Calls the method provided with the driver as an argument until the \\\n        return value does not evaluate to ``False``.\n    \n        :param method: callable(WebDriver)\n        :param message: optional message for :exc:`TimeoutException`\n        :returns: the result of the last call to `method`\n        :raises: :exc:`selenium.common.exceptions.TimeoutException` if timeout occurs\n        \"\"\"\n        screen = None\n        stacktrace = None\n    \n        end_time = time.monotonic() + self._timeout\n        while True:\n            try:\n                value = method(self._driver)\n                if value:\n                    return value\n            except self._ignored_exceptions as exc:\n                screen = getattr(exc, \"screen\", None)\n                stacktrace = getattr(exc, \"stacktrace\", None)\n            time.sleep(self._poll)\n            if time.monotonic() > end_time:\n                break\n>       raise TimeoutException(message, screen, stacktrace)\nE       selenium.common.exceptions.TimeoutException: Message: \nE       Stacktrace:\nE       #0 0x564bc0879fe3 <unknown>\nE       #1 0x564bc05b8d36 <unknown>\nE       #2 0x564bc05f5c4d <unknown>\nE       #3 0x564bc05f5d61 <unknown>\nE       #4 0x564bc06316a4 <unknown>\nE       #5 0x564bc06168ed <unknown>\nE       #6 0x564bc062f232 <unknown>\nE       #7 0x564bc0616693 <unknown>\nE       #8 0x564bc05e903a <unknown>\nE       #9 0x564bc05ea17e <unknown>\nE       #10 0x564bc083bdbd <unknown>\nE       #11 0x564bc083fc6c <unknown>\nE       #12 0x564bc08494b0 <unknown>\nE       #13 0x564bc0840d63 <unknown>\nE       #14 0x564bc0813c35 <unknown>\nE       #15 0x564bc0864138 <unknown>\nE       #16 0x564bc08642c7 <unknown>\nE       #17 0x564bc0872093 <unknown>\nE       #18 0x7fe96102db43 <unknown>\n\n/opt/hostedtoolcache/Python/3.10.11/x64/lib/python3.10/site-packages/selenium/webdriver/support/wait.py:95: TimeoutException","flaky":false,"newFailed":false,"newBroken":false,"newPassed":false,"retriesCount":0,"retriesStatusChange":false,"beforeStages":[{"name":"create_driver","time":{"start":1682799466827,"stop":1682799470142,"duration":3315},"status":"passed","steps":[],"attachments":[],"parameters":[],"stepsCount":0,"attachmentsCount":0,"shouldDisplayMessage":false,"hasContent":false},{"name":"setup_method_fixture","time":{"start":1682799470142,"stop":1682799480337,"duration":10195},"status":"broken","statusMessage":"selenium.common.exceptions.TimeoutException: Message: \nStacktrace:\n#0 0x564bc0879fe3 <unknown>\n#1 0x564bc05b8d36 <unknown>\n#2 0x564bc05f5c4d <unknown>\n#3 0x564bc05f5d61 <unknown>\n#4 0x564bc06316a4 <unknown>\n#5 0x564bc06168ed <unknown>\n#6 0x564bc062f232 <unknown>\n#7 0x564bc0616693 <unknown>\n#8 0x564bc05e903a <unknown>\n#9 0x564bc05ea17e <unknown>\n#10 0x564bc083bdbd <unknown>\n#11 0x564bc083fc6c <unknown>\n#12 0x564bc08494b0 <unknown>\n#13 0x564bc0840d63 <unknown>\n#14 0x564bc0813c35 <unknown>\n#15 0x564bc0864138 <unknown>\n#16 0x564bc08642c7 <unknown>\n#17 0x564bc0872093 <unknown>\n#18 0x7fe96102db43 <unknown>\n\n","statusTrace":"  File \"/opt/hostedtoolcache/Python/3.10.11/x64/lib/python3.10/site-packages/pluggy/_callers.py\", line 39, in _multicall\n    res = hook_impl.function(*args)\n  File \"/opt/hostedtoolcache/Python/3.10.11/x64/lib/python3.10/site-packages/_pytest/fixtures.py\", line 1129, in pytest_fixture_setup\n    result = call_fixture_func(fixturefunc, request, kwargs)\n  File \"/opt/hostedtoolcache/Python/3.10.11/x64/lib/python3.10/site-packages/_pytest/fixtures.py\", line 908, in call_fixture_func\n    fixture_result = fixturefunc(**kwargs)\n  File \"/home/runner/work/Selenium-Python-Example/Selenium-Python-Example/tests/test_workspaces.py\", line 27, in setup_method_fixture\n    login(request, self.about_page, self.login_page)\n  File \"/home/runner/work/Selenium-Python-Example/Selenium-Python-Example/tests/test_workspaces.py\", line 16, in login\n    about_page.click_login_link()\n  File \"/opt/hostedtoolcache/Python/3.10.11/x64/lib/python3.10/site-packages/allure_commons/_allure.py\", line 192, in impl\n    return func(*a, **kw)\n  File \"/home/runner/work/Selenium-Python-Example/Selenium-Python-Example/pages/about_page.py\", line 19, in click_login_link\n    self.click(self.LOGIN_LINK)\n  File \"/home/runner/work/Selenium-Python-Example/Selenium-Python-Example/pages/base_page.py\", line 21, in click\n    el: WebElement = self._wait.until(expected_conditions.element_to_be_clickable(locator))\n  File \"/opt/hostedtoolcache/Python/3.10.11/x64/lib/python3.10/site-packages/selenium/webdriver/support/wait.py\", line 95, in until\n    raise TimeoutException(message, screen, stacktrace)\n","steps":[{"name":"Click Login link","time":{"start":1682799470142,"stop":1682799480337,"duration":10195},"status":"broken","statusMessage":"selenium.common.exceptions.TimeoutException: Message: \nStacktrace:\n#0 0x564bc0879fe3 <unknown>\n#1 0x564bc05b8d36 <unknown>\n#2 0x564bc05f5c4d <unknown>\n#3 0x564bc05f5d61 <unknown>\n#4 0x564bc06316a4 <unknown>\n#5 0x564bc06168ed <unknown>\n#6 0x564bc062f232 <unknown>\n#7 0x564bc0616693 <unknown>\n#8 0x564bc05e903a <unknown>\n#9 0x564bc05ea17e <unknown>\n#10 0x564bc083bdbd <unknown>\n#11 0x564bc083fc6c <unknown>\n#12 0x564bc08494b0 <unknown>\n#13 0x564bc0840d63 <unknown>\n#14 0x564bc0813c35 <unknown>\n#15 0x564bc0864138 <unknown>\n#16 0x564bc08642c7 <unknown>\n#17 0x564bc0872093 <unknown>\n#18 0x7fe96102db43 <unknown>\n\n","statusTrace":"  File \"/opt/hostedtoolcache/Python/3.10.11/x64/lib/python3.10/site-packages/allure_commons/_allure.py\", line 192, in impl\n    return func(*a, **kw)\n  File \"/home/runner/work/Selenium-Python-Example/Selenium-Python-Example/pages/about_page.py\", line 19, in click_login_link\n    self.click(self.LOGIN_LINK)\n  File \"/home/runner/work/Selenium-Python-Example/Selenium-Python-Example/pages/base_page.py\", line 21, in click\n    el: WebElement = self._wait.until(expected_conditions.element_to_be_clickable(locator))\n  File \"/opt/hostedtoolcache/Python/3.10.11/x64/lib/python3.10/site-packages/selenium/webdriver/support/wait.py\", line 95, in until\n    raise TimeoutException(message, screen, stacktrace)\n","steps":[],"attachments":[],"parameters":[],"stepsCount":0,"attachmentsCount":0,"shouldDisplayMessage":true,"hasContent":true}],"attachments":[],"parameters":[],"stepsCount":1,"attachmentsCount":0,"shouldDisplayMessage":false,"hasContent":true}],"testStage":{"description":"Delete an existing workspace","status":"broken","statusMessage":"selenium.common.exceptions.TimeoutException: Message: \nStacktrace:\n#0 0x564bc0879fe3 <unknown>\n#1 0x564bc05b8d36 <unknown>\n#2 0x564bc05f5c4d <unknown>\n#3 0x564bc05f5d61 <unknown>\n#4 0x564bc06316a4 <unknown>\n#5 0x564bc06168ed <unknown>\n#6 0x564bc062f232 <unknown>\n#7 0x564bc0616693 <unknown>\n#8 0x564bc05e903a <unknown>\n#9 0x564bc05ea17e <unknown>\n#10 0x564bc083bdbd <unknown>\n#11 0x564bc083fc6c <unknown>\n#12 0x564bc08494b0 <unknown>\n#13 0x564bc0840d63 <unknown>\n#14 0x564bc0813c35 <unknown>\n#15 0x564bc0864138 <unknown>\n#16 0x564bc08642c7 <unknown>\n#17 0x564bc0872093 <unknown>\n#18 0x7fe96102db43 <unknown>","statusTrace":"self = <tests.test_workspaces.TestWorkspaces object at 0x7fc60bba3460>\nrequest = <SubRequest 'setup_method_fixture' for <Function test_delete_workspace>>\n\n    @pytest.fixture(autouse=True)\n    def setup_method_fixture(self, request):\n>       login(request, self.about_page, self.login_page)\n\ntests/test_workspaces.py:27: \n_ _ _ _ _ _ _ _ _ _ _ _ _ _ _ _ _ _ _ _ _ _ _ _ _ _ _ _ _ _ _ _ _ _ _ _ _ _ _ _ \ntests/test_workspaces.py:16: in login\n    about_page.click_login_link()\npages/about_page.py:19: in click_login_link\n    self.click(self.LOGIN_LINK)\npages/base_page.py:21: in click\n    el: WebElement = self._wait.until(expected_conditions.element_to_be_clickable(locator))\n_ _ _ _ _ _ _ _ _ _ _ _ _ _ _ _ _ _ _ _ _ _ _ _ _ _ _ _ _ _ _ _ _ _ _ _ _ _ _ _ \n\nself = <selenium.webdriver.support.wait.WebDriverWait (session=\"d698ea5de4f8ae1a502c16c4cb78a743\")>\nmethod = <function element_to_be_clickable.<locals>._predicate at 0x7fc60b6e0550>\nmessage = ''\n\n    def until(self, method, message: str = \"\"):\n        \"\"\"Calls the method provided with the driver as an argument until the \\\n        return value does not evaluate to ``False``.\n    \n        :param method: callable(WebDriver)\n        :param message: optional message for :exc:`TimeoutException`\n        :returns: the result of the last call to `method`\n        :raises: :exc:`selenium.common.exceptions.TimeoutException` if timeout occurs\n        \"\"\"\n        screen = None\n        stacktrace = None\n    \n        end_time = time.monotonic() + self._timeout\n        while True:\n            try:\n                value = method(self._driver)\n                if value:\n                    return value\n            except self._ignored_exceptions as exc:\n                screen = getattr(exc, \"screen\", None)\n                stacktrace = getattr(exc, \"stacktrace\", None)\n            time.sleep(self._poll)\n            if time.monotonic() > end_time:\n                break\n>       raise TimeoutException(message, screen, stacktrace)\nE       selenium.common.exceptions.TimeoutException: Message: \nE       Stacktrace:\nE       #0 0x564bc0879fe3 <unknown>\nE       #1 0x564bc05b8d36 <unknown>\nE       #2 0x564bc05f5c4d <unknown>\nE       #3 0x564bc05f5d61 <unknown>\nE       #4 0x564bc06316a4 <unknown>\nE       #5 0x564bc06168ed <unknown>\nE       #6 0x564bc062f232 <unknown>\nE       #7 0x564bc0616693 <unknown>\nE       #8 0x564bc05e903a <unknown>\nE       #9 0x564bc05ea17e <unknown>\nE       #10 0x564bc083bdbd <unknown>\nE       #11 0x564bc083fc6c <unknown>\nE       #12 0x564bc08494b0 <unknown>\nE       #13 0x564bc0840d63 <unknown>\nE       #14 0x564bc0813c35 <unknown>\nE       #15 0x564bc0864138 <unknown>\nE       #16 0x564bc08642c7 <unknown>\nE       #17 0x564bc0872093 <unknown>\nE       #18 0x7fe96102db43 <unknown>\n\n/opt/hostedtoolcache/Python/3.10.11/x64/lib/python3.10/site-packages/selenium/webdriver/support/wait.py:95: TimeoutException","steps":[],"attachments":[{"uid":"46c85158ba0ef63a","name":"Full Page Screenshot","source":"46c85158ba0ef63a.png","type":"image/png","size":2646979},{"uid":"d4b2f167ddd0f5af","name":"URL","source":"d4b2f167ddd0f5af.uri","type":"text/uri-list","size":23},{"uid":"b36c4678da864ba","name":"public ip address","source":"b36c4678da864ba.txt","type":"text/plain","size":11},{"uid":"10c028edb64c7960","name":"Cookies","source":"10c028edb64c7960.json","type":"application/json","size":3529},{"uid":"9c4fcd4e8b9c058","name":"Session Storage","source":"9c4fcd4e8b9c058.json","type":"application/json","size":2},{"uid":"50b8f90a83307ba0","name":"Local Storage","source":"50b8f90a83307ba0.json","type":"application/json","size":1400},{"uid":"d260093b74dd7e8c","name":"Console Logs","source":"d260093b74dd7e8c.json","type":"application/json","size":5314},{"uid":"74816451d622ac5e","name":"Network Logs","source":"74816451d622ac5e.json","type":"application/json","size":84963}],"parameters":[],"stepsCount":0,"attachmentsCount":8,"shouldDisplayMessage":true,"hasContent":true},"afterStages":[{"name":"create_driver::0","time":{"start":1682799482641,"stop":1682799482705,"duration":64},"status":"passed","steps":[],"attachments":[],"parameters":[],"stepsCount":0,"attachmentsCount":0,"shouldDisplayMessage":false,"hasContent":false}],"labels":[{"name":"severity","value":"normal"},{"name":"story","value":"WorkSpaces Creation and Editing Functionality"},{"name":"epic","value":"Workspaces"},{"name":"tag","value":"run(order=3)"},{"name":"parentSuite","value":"tests"},{"name":"suite","value":"test_workspaces"},{"name":"subSuite","value":"TestWorkspaces"},{"name":"host","value":"fv-az484-11"},{"name":"thread","value":"2180-MainThread"},{"name":"framework","value":"pytest"},{"name":"language","value":"cpython3"},{"name":"package","value":"tests.test_workspaces"},{"name":"resultFormat","value":"allure2"}],"parameters":[],"links":[],"hidden":false,"retry":false,"extra":{"severity":"normal","retries":[],"categories":[{"name":"Test defects","matchedStatuses":[],"flaky":false}],"tags":["run(order=3)"]},"source":"1c8aebed967a93e7.json","parameterValues":[]}