{"uid":"34fef6bfc3b0bffa","name":"Delete existing project","fullName":"tests.workspaces_test.TestWorkspaces#test_delete_project","historyId":"01aedc61ee0cb37239b4ba1d780257ea","time":{"start":1724549802783,"stop":1724549802783,"duration":0},"description":"Deleting an existing project from workspace","descriptionHtml":"<p>Deleting an existing project from workspace</p>\n","status":"broken","statusMessage":"selenium.common.exceptions.TimeoutException: Message: \nStacktrace:\n#0 0x564af10a36ca <unknown>\n#1 0x564af0d74600 <unknown>\n#2 0x564af0dc3bcb <unknown>\n#3 0x564af0dc3eb1 <unknown>\n#4 0x564af0e07b24 <unknown>\n#5 0x564af0de68cd <unknown>\n#6 0x564af0e0504a <unknown>\n#7 0x564af0de6643 <unknown>\n#8 0x564af0db6d31 <unknown>\n#9 0x564af0db779e <unknown>\n#10 0x564af106b25b <unknown>\n#11 0x564af106f1f2 <unknown>\n#12 0x564af1058615 <unknown>\n#13 0x564af106fd82 <unknown>\n#14 0x564af103d25f <unknown>\n#15 0x564af1092e68 <unknown>\n#16 0x564af1093040 <unknown>\n#17 0x564af10a249c <unknown>\n#18 0x7f9cbee94ac3 <unknown>","statusTrace":"self = <tests.workspaces_test.TestWorkspaces object at 0x7f9e0c9cf3b0>\n\n    @pytest.fixture(autouse=True)\n    def setup_method_fixture(self):\n>       login(self.about_page, self.login_page)\n\ntests/workspaces_test.py:25: \n_ _ _ _ _ _ _ _ _ _ _ _ _ _ _ _ _ _ _ _ _ _ _ _ _ _ _ _ _ _ _ _ _ _ _ _ _ _ _ _ \ntests/workspaces_test.py:15: in login\n    about_page.click_login_link()\npages/about_page.py:20: in click_login_link\n    self.click(self.LOGIN_LINK)\npages/base_page.py:60: in click\n    el: WebElement = self.wait.until(\n_ _ _ _ _ _ _ _ _ _ _ _ _ _ _ _ _ _ _ _ _ _ _ _ _ _ _ _ _ _ _ _ _ _ _ _ _ _ _ _ \n\nself = <selenium.webdriver.support.wait.WebDriverWait (session=\"d6bc1c056b2a7b7cae2ec2755e8a2f71\")>\nmethod = <function element_to_be_clickable.<locals>._predicate at 0x7f9e0bf7f6a0>\nmessage = ''\n\n    def until(self, method: Callable[[D], Union[Literal[False], T]], message: str = \"\") -> T:\n        \"\"\"Calls the method provided with the driver as an argument until the \\\n        return value does not evaluate to ``False``.\n    \n        :param method: callable(WebDriver)\n        :param message: optional message for :exc:`TimeoutException`\n        :returns: the result of the last call to `method`\n        :raises: :exc:`selenium.common.exceptions.TimeoutException` if timeout occurs\n        \"\"\"\n        screen = None\n        stacktrace = None\n    \n        end_time = time.monotonic() + self._timeout\n        while True:\n            try:\n                value = method(self._driver)\n                if value:\n                    return value\n            except self._ignored_exceptions as exc:\n                screen = getattr(exc, \"screen\", None)\n                stacktrace = getattr(exc, \"stacktrace\", None)\n            time.sleep(self._poll)\n            if time.monotonic() > end_time:\n                break\n>       raise TimeoutException(message, screen, stacktrace)\nE       selenium.common.exceptions.TimeoutException: Message: \nE       Stacktrace:\nE       #0 0x564af10a36ca <unknown>\nE       #1 0x564af0d74600 <unknown>\nE       #2 0x564af0dc3bcb <unknown>\nE       #3 0x564af0dc3eb1 <unknown>\nE       #4 0x564af0e07b24 <unknown>\nE       #5 0x564af0de68cd <unknown>\nE       #6 0x564af0e0504a <unknown>\nE       #7 0x564af0de6643 <unknown>\nE       #8 0x564af0db6d31 <unknown>\nE       #9 0x564af0db779e <unknown>\nE       #10 0x564af106b25b <unknown>\nE       #11 0x564af106f1f2 <unknown>\nE       #12 0x564af1058615 <unknown>\nE       #13 0x564af106fd82 <unknown>\nE       #14 0x564af103d25f <unknown>\nE       #15 0x564af1092e68 <unknown>\nE       #16 0x564af1093040 <unknown>\nE       #17 0x564af10a249c <unknown>\nE       #18 0x7f9cbee94ac3 <unknown>\n\n.venv/lib/python3.12/site-packages/selenium/webdriver/support/wait.py:105: TimeoutException","flaky":false,"newFailed":false,"newBroken":false,"newPassed":false,"retriesCount":0,"retriesStatusChange":false,"beforeStages":[{"name":"_verify_url","time":{"start":1724549653745,"stop":1724549653745,"duration":0},"status":"passed","steps":[],"attachments":[],"parameters":[],"shouldDisplayMessage":false,"stepsCount":0,"attachmentsCount":0,"hasContent":false,"attachmentStep":false},{"name":"data","time":{"start":1724549653745,"stop":1724549653746,"duration":1},"status":"passed","steps":[],"attachments":[],"parameters":[],"shouldDisplayMessage":false,"stepsCount":0,"attachmentsCount":0,"hasContent":false,"attachmentStep":false},{"name":"base_url","time":{"start":1724549653745,"stop":1724549653745,"duration":0},"status":"passed","steps":[],"attachments":[],"parameters":[],"shouldDisplayMessage":false,"stepsCount":0,"attachmentsCount":0,"hasContent":false,"attachmentStep":false},{"name":"session_request","time":{"start":1724549653745,"stop":1724549653745,"duration":0},"status":"passed","steps":[],"attachments":[],"parameters":[],"shouldDisplayMessage":false,"stepsCount":0,"attachmentsCount":0,"hasContent":false,"attachmentStep":false},{"name":"setup_method_fixture","time":{"start":1724549804525,"stop":1724549814901,"duration":10376},"status":"broken","statusMessage":"selenium.common.exceptions.TimeoutException: Message: \nStacktrace:\n#0 0x564af10a36ca <unknown>\n#1 0x564af0d74600 <unknown>\n#2 0x564af0dc3bcb <unknown>\n#3 0x564af0dc3eb1 <unknown>\n#4 0x564af0e07b24 <unknown>\n#5 0x564af0de68cd <unknown>\n#6 0x564af0e0504a <unknown>\n#7 0x564af0de6643 <unknown>\n#8 0x564af0db6d31 <unknown>\n#9 0x564af0db779e <unknown>\n#10 0x564af106b25b <unknown>\n#11 0x564af106f1f2 <unknown>\n#12 0x564af1058615 <unknown>\n#13 0x564af106fd82 <unknown>\n#14 0x564af103d25f <unknown>\n#15 0x564af1092e68 <unknown>\n#16 0x564af1093040 <unknown>\n#17 0x564af10a249c <unknown>\n#18 0x7f9cbee94ac3 <unknown>\n\n","statusTrace":"  File \"/home/runner/work/Selenium-Python-Example/Selenium-Python-Example/.venv/lib/python3.12/site-packages/pluggy/_callers.py\", line 167, in _multicall\n    teardown.throw(outcome._exception)\n  File \"/home/runner/work/Selenium-Python-Example/Selenium-Python-Example/.venv/lib/python3.12/site-packages/_pytest/setuponly.py\", line 36, in pytest_fixture_setup\n    return (yield)\n            ^^^^^\n  File \"/home/runner/work/Selenium-Python-Example/Selenium-Python-Example/.venv/lib/python3.12/site-packages/pluggy/_callers.py\", line 103, in _multicall\n    res = hook_impl.function(*args)\n          ^^^^^^^^^^^^^^^^^^^^^^^^^\n  File \"/home/runner/work/Selenium-Python-Example/Selenium-Python-Example/.venv/lib/python3.12/site-packages/_pytest/fixtures.py\", line 1139, in pytest_fixture_setup\n    result = call_fixture_func(fixturefunc, request, kwargs)\n             ^^^^^^^^^^^^^^^^^^^^^^^^^^^^^^^^^^^^^^^^^^^^^^^\n  File \"/home/runner/work/Selenium-Python-Example/Selenium-Python-Example/.venv/lib/python3.12/site-packages/_pytest/fixtures.py\", line 897, in call_fixture_func\n    fixture_result = fixturefunc(**kwargs)\n                     ^^^^^^^^^^^^^^^^^^^^^\n  File \"/home/runner/work/Selenium-Python-Example/Selenium-Python-Example/tests/workspaces_test.py\", line 25, in setup_method_fixture\n    login(self.about_page, self.login_page)\n  File \"/home/runner/work/Selenium-Python-Example/Selenium-Python-Example/tests/workspaces_test.py\", line 15, in login\n    about_page.click_login_link()\n  File \"/home/runner/work/Selenium-Python-Example/Selenium-Python-Example/.venv/lib/python3.12/site-packages/allure_commons/_allure.py\", line 192, in impl\n    return func(*a, **kw)\n           ^^^^^^^^^^^^^^\n  File \"/home/runner/work/Selenium-Python-Example/Selenium-Python-Example/pages/about_page.py\", line 20, in click_login_link\n    self.click(self.LOGIN_LINK)\n  File \"/home/runner/work/Selenium-Python-Example/Selenium-Python-Example/pages/base_page.py\", line 60, in click\n    el: WebElement = self.wait.until(\n                     ^^^^^^^^^^^^^^^^\n  File \"/home/runner/work/Selenium-Python-Example/Selenium-Python-Example/.venv/lib/python3.12/site-packages/selenium/webdriver/support/wait.py\", line 105, in until\n    raise TimeoutException(message, screen, stacktrace)\n","steps":[{"name":"Click Login link","time":{"start":1724549804525,"stop":1724549814901,"duration":10376},"status":"broken","statusMessage":"selenium.common.exceptions.TimeoutException: Message: \nStacktrace:\n#0 0x564af10a36ca <unknown>\n#1 0x564af0d74600 <unknown>\n#2 0x564af0dc3bcb <unknown>\n#3 0x564af0dc3eb1 <unknown>\n#4 0x564af0e07b24 <unknown>\n#5 0x564af0de68cd <unknown>\n#6 0x564af0e0504a <unknown>\n#7 0x564af0de6643 <unknown>\n#8 0x564af0db6d31 <unknown>\n#9 0x564af0db779e <unknown>\n#10 0x564af106b25b <unknown>\n#11 0x564af106f1f2 <unknown>\n#12 0x564af1058615 <unknown>\n#13 0x564af106fd82 <unknown>\n#14 0x564af103d25f <unknown>\n#15 0x564af1092e68 <unknown>\n#16 0x564af1093040 <unknown>\n#17 0x564af10a249c <unknown>\n#18 0x7f9cbee94ac3 <unknown>\n\n","statusTrace":"  File \"/home/runner/work/Selenium-Python-Example/Selenium-Python-Example/.venv/lib/python3.12/site-packages/allure_commons/_allure.py\", line 192, in impl\n    return func(*a, **kw)\n           ^^^^^^^^^^^^^^\n  File \"/home/runner/work/Selenium-Python-Example/Selenium-Python-Example/pages/about_page.py\", line 20, in click_login_link\n    self.click(self.LOGIN_LINK)\n  File \"/home/runner/work/Selenium-Python-Example/Selenium-Python-Example/pages/base_page.py\", line 60, in click\n    el: WebElement = self.wait.until(\n                     ^^^^^^^^^^^^^^^^\n  File \"/home/runner/work/Selenium-Python-Example/Selenium-Python-Example/.venv/lib/python3.12/site-packages/selenium/webdriver/support/wait.py\", line 105, in until\n    raise TimeoutException(message, screen, stacktrace)\n","steps":[],"attachments":[],"parameters":[],"shouldDisplayMessage":true,"stepsCount":0,"attachmentsCount":0,"hasContent":true,"attachmentStep":false}],"attachments":[],"parameters":[],"shouldDisplayMessage":false,"stepsCount":1,"attachmentsCount":0,"hasContent":true,"attachmentStep":false}],"testStage":{"description":"Deleting an existing project from workspace","status":"broken","statusMessage":"selenium.common.exceptions.TimeoutException: Message: \nStacktrace:\n#0 0x564af10a36ca <unknown>\n#1 0x564af0d74600 <unknown>\n#2 0x564af0dc3bcb <unknown>\n#3 0x564af0dc3eb1 <unknown>\n#4 0x564af0e07b24 <unknown>\n#5 0x564af0de68cd <unknown>\n#6 0x564af0e0504a <unknown>\n#7 0x564af0de6643 <unknown>\n#8 0x564af0db6d31 <unknown>\n#9 0x564af0db779e <unknown>\n#10 0x564af106b25b <unknown>\n#11 0x564af106f1f2 <unknown>\n#12 0x564af1058615 <unknown>\n#13 0x564af106fd82 <unknown>\n#14 0x564af103d25f <unknown>\n#15 0x564af1092e68 <unknown>\n#16 0x564af1093040 <unknown>\n#17 0x564af10a249c <unknown>\n#18 0x7f9cbee94ac3 <unknown>","statusTrace":"self = <tests.workspaces_test.TestWorkspaces object at 0x7f9e0c9cf3b0>\n\n    @pytest.fixture(autouse=True)\n    def setup_method_fixture(self):\n>       login(self.about_page, self.login_page)\n\ntests/workspaces_test.py:25: \n_ _ _ _ _ _ _ _ _ _ _ _ _ _ _ _ _ _ _ _ _ _ _ _ _ _ _ _ _ _ _ _ _ _ _ _ _ _ _ _ \ntests/workspaces_test.py:15: in login\n    about_page.click_login_link()\npages/about_page.py:20: in click_login_link\n    self.click(self.LOGIN_LINK)\npages/base_page.py:60: in click\n    el: WebElement = self.wait.until(\n_ _ _ _ _ _ _ _ _ _ _ _ _ _ _ _ _ _ _ _ _ _ _ _ _ _ _ _ _ _ _ _ _ _ _ _ _ _ _ _ \n\nself = <selenium.webdriver.support.wait.WebDriverWait (session=\"d6bc1c056b2a7b7cae2ec2755e8a2f71\")>\nmethod = <function element_to_be_clickable.<locals>._predicate at 0x7f9e0bf7f6a0>\nmessage = ''\n\n    def until(self, method: Callable[[D], Union[Literal[False], T]], message: str = \"\") -> T:\n        \"\"\"Calls the method provided with the driver as an argument until the \\\n        return value does not evaluate to ``False``.\n    \n        :param method: callable(WebDriver)\n        :param message: optional message for :exc:`TimeoutException`\n        :returns: the result of the last call to `method`\n        :raises: :exc:`selenium.common.exceptions.TimeoutException` if timeout occurs\n        \"\"\"\n        screen = None\n        stacktrace = None\n    \n        end_time = time.monotonic() + self._timeout\n        while True:\n            try:\n                value = method(self._driver)\n                if value:\n                    return value\n            except self._ignored_exceptions as exc:\n                screen = getattr(exc, \"screen\", None)\n                stacktrace = getattr(exc, \"stacktrace\", None)\n            time.sleep(self._poll)\n            if time.monotonic() > end_time:\n                break\n>       raise TimeoutException(message, screen, stacktrace)\nE       selenium.common.exceptions.TimeoutException: Message: \nE       Stacktrace:\nE       #0 0x564af10a36ca <unknown>\nE       #1 0x564af0d74600 <unknown>\nE       #2 0x564af0dc3bcb <unknown>\nE       #3 0x564af0dc3eb1 <unknown>\nE       #4 0x564af0e07b24 <unknown>\nE       #5 0x564af0de68cd <unknown>\nE       #6 0x564af0e0504a <unknown>\nE       #7 0x564af0de6643 <unknown>\nE       #8 0x564af0db6d31 <unknown>\nE       #9 0x564af0db779e <unknown>\nE       #10 0x564af106b25b <unknown>\nE       #11 0x564af106f1f2 <unknown>\nE       #12 0x564af1058615 <unknown>\nE       #13 0x564af106fd82 <unknown>\nE       #14 0x564af103d25f <unknown>\nE       #15 0x564af1092e68 <unknown>\nE       #16 0x564af1093040 <unknown>\nE       #17 0x564af10a249c <unknown>\nE       #18 0x7f9cbee94ac3 <unknown>\n\n.venv/lib/python3.12/site-packages/selenium/webdriver/support/wait.py:105: TimeoutException","steps":[{"name":"public ip address","time":{"start":1724549814914,"stop":1724549814922,"duration":8},"status":"passed","steps":[],"attachments":[{"uid":"b5973fda057f3243","name":"HTTP logs of http://checkip.amazonaws.com/","source":"b5973fda057f3243.txt","type":"text/plain","size":357}],"parameters":[],"shouldDisplayMessage":false,"stepsCount":0,"attachmentsCount":1,"hasContent":true,"attachmentStep":false}],"attachments":[{"uid":"98ba9d28bf94686a","name":"Cookies","source":"98ba9d28bf94686a.json","type":"application/json","size":3584},{"uid":"7a711c70ce52a2ea","name":"Session Storage","source":"7a711c70ce52a2ea.json","type":"application/json","size":359},{"uid":"966e4389b5e42cd","name":"Local Storage","source":"966e4389b5e42cd.json","type":"application/json","size":350},{"uid":"2175719c99634274","name":"Console Logs","source":"2175719c99634274.json","type":"application/json","size":236},{"uid":"4c8e40b3e3949829","name":"Full Page Screenshot","source":"4c8e40b3e3949829.png","type":"image/png","size":4647547},{"uid":"2d80ced64ff7d41b","name":"URL","source":"2d80ced64ff7d41b.uri","type":"text/uri-list","size":23},{"uid":"bc54cc62fc8e92db","name":"Network Logs","source":"bc54cc62fc8e92db.json","type":"application/json","size":66066}],"parameters":[],"shouldDisplayMessage":true,"stepsCount":1,"attachmentsCount":8,"hasContent":true,"attachmentStep":false},"afterStages":[{"name":"session_request::0","time":{"start":1724549817715,"stop":1724549817716,"duration":1},"status":"passed","steps":[],"attachments":[],"parameters":[],"shouldDisplayMessage":false,"stepsCount":0,"attachmentsCount":0,"hasContent":false,"attachmentStep":false}],"labels":[{"name":"severity","value":"normal"},{"name":"story","value":"WorkSpaces Creation and Editing Functionality"},{"name":"epic","value":"Workspaces"},{"name":"tag","value":"run(order=9)"},{"name":"parentSuite","value":"tests"},{"name":"suite","value":"workspaces_test"},{"name":"subSuite","value":"TestWorkspaces"},{"name":"host","value":"fv-az569-534"},{"name":"thread","value":"1962-MainThread"},{"name":"framework","value":"pytest"},{"name":"language","value":"cpython3"},{"name":"package","value":"tests.workspaces_test"},{"name":"resultFormat","value":"allure2"}],"parameters":[],"links":[],"hidden":false,"retry":false,"extra":{"severity":"normal","retries":[],"categories":[{"name":"Test defects","matchedStatuses":[],"flaky":false}],"tags":["run(order=9)"]},"source":"34fef6bfc3b0bffa.json","parameterValues":[]}