{"uid":"bfee8593b4077097","name":"Number of projects displayed in page test","fullName":"tests.test_workspaces.TestWorkspaces#test_number_of_existing_projects","historyId":"ff3981f856ce65274378063348b0abd4","time":{"start":1694048994244,"stop":1694048994244,"duration":0},"description":"Compare between the actual number of projects seen on page and the number shown in workspaces block","descriptionHtml":"<p>Compare between the actual number of projects seen on page and the number shown in workspaces block</p>\n","status":"broken","statusMessage":"selenium.common.exceptions.TimeoutException: Message: \nStacktrace:\n#0 0x5635c3af3e23 <unknown>\n#1 0x5635c381c7a7 <unknown>\n#2 0x5635c385b1d3 <unknown>\n#3 0x5635c385b2c1 <unknown>\n#4 0x5635c3896a04 <unknown>\n#5 0x5635c387c03d <unknown>\n#6 0x5635c3894369 <unknown>\n#7 0x5635c387bde3 <unknown>\n#8 0x5635c384fa7b <unknown>\n#9 0x5635c385081e <unknown>\n#10 0x5635c3ab5638 <unknown>\n#11 0x5635c3ab9507 <unknown>\n#12 0x5635c3ac3c4c <unknown>\n#13 0x5635c3aba136 <unknown>\n#14 0x5635c3a889cf <unknown>\n#15 0x5635c3addb98 <unknown>\n#16 0x5635c3addd68 <unknown>\n#17 0x5635c3aeccb3 <unknown>\n#18 0x7f94920aab43 <unknown>","statusTrace":"self = <tests.test_workspaces.TestWorkspaces object at 0x7f605de9c790>\nsecret_data = {'email': 'elias123@gmail.com', 'password': 'El123456789'}\n\n    @pytest.fixture(autouse=True)\n    def setup_method_fixture(self, secret_data: dict):\n>       login(secret_data, self.about_page, self.login_page)\n\ntests/test_workspaces.py:23: \n_ _ _ _ _ _ _ _ _ _ _ _ _ _ _ _ _ _ _ _ _ _ _ _ _ _ _ _ _ _ _ _ _ _ _ _ _ _ _ _ \ntests/test_workspaces.py:13: in login\n    about_page.click_login_link()\npages/about_page.py:20: in click_login_link\n    self.click(self.LOGIN_LINK)\npages/base_page.py:38: in click\n    el: WebElement = self.wait.until(\n_ _ _ _ _ _ _ _ _ _ _ _ _ _ _ _ _ _ _ _ _ _ _ _ _ _ _ _ _ _ _ _ _ _ _ _ _ _ _ _ \n\nself = <selenium.webdriver.support.wait.WebDriverWait (session=\"fc07b01f408c4eb13667f1e73531bfd6\")>\nmethod = <function element_to_be_clickable.<locals>._predicate at 0x7f605d782980>\nmessage = ''\n\n    def until(self, method, message: str = \"\"):\n        \"\"\"Calls the method provided with the driver as an argument until the \\\n        return value does not evaluate to ``False``.\n    \n        :param method: callable(WebDriver)\n        :param message: optional message for :exc:`TimeoutException`\n        :returns: the result of the last call to `method`\n        :raises: :exc:`selenium.common.exceptions.TimeoutException` if timeout occurs\n        \"\"\"\n        screen = None\n        stacktrace = None\n    \n        end_time = time.monotonic() + self._timeout\n        while True:\n            try:\n                value = method(self._driver)\n                if value:\n                    return value\n            except self._ignored_exceptions as exc:\n                screen = getattr(exc, \"screen\", None)\n                stacktrace = getattr(exc, \"stacktrace\", None)\n            time.sleep(self._poll)\n            if time.monotonic() > end_time:\n                break\n>       raise TimeoutException(message, screen, stacktrace)\nE       selenium.common.exceptions.TimeoutException: Message: \nE       Stacktrace:\nE       #0 0x5635c3af3e23 <unknown>\nE       #1 0x5635c381c7a7 <unknown>\nE       #2 0x5635c385b1d3 <unknown>\nE       #3 0x5635c385b2c1 <unknown>\nE       #4 0x5635c3896a04 <unknown>\nE       #5 0x5635c387c03d <unknown>\nE       #6 0x5635c3894369 <unknown>\nE       #7 0x5635c387bde3 <unknown>\nE       #8 0x5635c384fa7b <unknown>\nE       #9 0x5635c385081e <unknown>\nE       #10 0x5635c3ab5638 <unknown>\nE       #11 0x5635c3ab9507 <unknown>\nE       #12 0x5635c3ac3c4c <unknown>\nE       #13 0x5635c3aba136 <unknown>\nE       #14 0x5635c3a889cf <unknown>\nE       #15 0x5635c3addb98 <unknown>\nE       #16 0x5635c3addd68 <unknown>\nE       #17 0x5635c3aeccb3 <unknown>\nE       #18 0x7f94920aab43 <unknown>\n\n.venv/lib/python3.11/site-packages/selenium/webdriver/support/wait.py:95: TimeoutException","flaky":false,"newFailed":false,"newBroken":false,"newPassed":false,"retriesCount":0,"retriesStatusChange":false,"beforeStages":[{"name":"_verify_url","time":{"start":1694048877558,"stop":1694048877558,"duration":0},"status":"passed","steps":[],"attachments":[],"parameters":[],"shouldDisplayMessage":false,"stepsCount":0,"attachmentsCount":0,"hasContent":false},{"name":"base_url","time":{"start":1694048877558,"stop":1694048877558,"duration":0},"status":"passed","steps":[],"attachments":[],"parameters":[],"shouldDisplayMessage":false,"stepsCount":0,"attachmentsCount":0,"hasContent":false},{"name":"secret_data","time":{"start":1694048877558,"stop":1694048877558,"duration":0},"status":"passed","steps":[],"attachments":[],"parameters":[],"shouldDisplayMessage":false,"stepsCount":0,"attachmentsCount":0,"hasContent":false},{"name":"setup_method_fixture","time":{"start":1694048996794,"stop":1694049007180,"duration":10386},"status":"broken","statusMessage":"selenium.common.exceptions.TimeoutException: Message: \nStacktrace:\n#0 0x5635c3af3e23 <unknown>\n#1 0x5635c381c7a7 <unknown>\n#2 0x5635c385b1d3 <unknown>\n#3 0x5635c385b2c1 <unknown>\n#4 0x5635c3896a04 <unknown>\n#5 0x5635c387c03d <unknown>\n#6 0x5635c3894369 <unknown>\n#7 0x5635c387bde3 <unknown>\n#8 0x5635c384fa7b <unknown>\n#9 0x5635c385081e <unknown>\n#10 0x5635c3ab5638 <unknown>\n#11 0x5635c3ab9507 <unknown>\n#12 0x5635c3ac3c4c <unknown>\n#13 0x5635c3aba136 <unknown>\n#14 0x5635c3a889cf <unknown>\n#15 0x5635c3addb98 <unknown>\n#16 0x5635c3addd68 <unknown>\n#17 0x5635c3aeccb3 <unknown>\n#18 0x7f94920aab43 <unknown>\n\n","statusTrace":"  File \"/home/runner/work/Selenium-Python-Example/Selenium-Python-Example/.venv/lib/python3.11/site-packages/pluggy/_callers.py\", line 80, in _multicall\n    res = hook_impl.function(*args)\n          ^^^^^^^^^^^^^^^^^^^^^^^^^\n  File \"/home/runner/work/Selenium-Python-Example/Selenium-Python-Example/.venv/lib/python3.11/site-packages/_pytest/fixtures.py\", line 1123, in pytest_fixture_setup\n    result = call_fixture_func(fixturefunc, request, kwargs)\n             ^^^^^^^^^^^^^^^^^^^^^^^^^^^^^^^^^^^^^^^^^^^^^^^\n  File \"/home/runner/work/Selenium-Python-Example/Selenium-Python-Example/.venv/lib/python3.11/site-packages/_pytest/fixtures.py\", line 902, in call_fixture_func\n    fixture_result = fixturefunc(**kwargs)\n                     ^^^^^^^^^^^^^^^^^^^^^\n  File \"/home/runner/work/Selenium-Python-Example/Selenium-Python-Example/tests/test_workspaces.py\", line 23, in setup_method_fixture\n    login(secret_data, self.about_page, self.login_page)\n  File \"/home/runner/work/Selenium-Python-Example/Selenium-Python-Example/tests/test_workspaces.py\", line 13, in login\n    about_page.click_login_link()\n  File \"/home/runner/work/Selenium-Python-Example/Selenium-Python-Example/.venv/lib/python3.11/site-packages/allure_commons/_allure.py\", line 192, in impl\n    return func(*a, **kw)\n           ^^^^^^^^^^^^^^\n  File \"/home/runner/work/Selenium-Python-Example/Selenium-Python-Example/pages/about_page.py\", line 20, in click_login_link\n    self.click(self.LOGIN_LINK)\n  File \"/home/runner/work/Selenium-Python-Example/Selenium-Python-Example/pages/base_page.py\", line 38, in click\n    el: WebElement = self.wait.until(\n                     ^^^^^^^^^^^^^^^^\n  File \"/home/runner/work/Selenium-Python-Example/Selenium-Python-Example/.venv/lib/python3.11/site-packages/selenium/webdriver/support/wait.py\", line 95, in until\n    raise TimeoutException(message, screen, stacktrace)\n","steps":[{"name":"Click Login link","time":{"start":1694048996794,"stop":1694049007180,"duration":10386},"status":"broken","statusMessage":"selenium.common.exceptions.TimeoutException: Message: \nStacktrace:\n#0 0x5635c3af3e23 <unknown>\n#1 0x5635c381c7a7 <unknown>\n#2 0x5635c385b1d3 <unknown>\n#3 0x5635c385b2c1 <unknown>\n#4 0x5635c3896a04 <unknown>\n#5 0x5635c387c03d <unknown>\n#6 0x5635c3894369 <unknown>\n#7 0x5635c387bde3 <unknown>\n#8 0x5635c384fa7b <unknown>\n#9 0x5635c385081e <unknown>\n#10 0x5635c3ab5638 <unknown>\n#11 0x5635c3ab9507 <unknown>\n#12 0x5635c3ac3c4c <unknown>\n#13 0x5635c3aba136 <unknown>\n#14 0x5635c3a889cf <unknown>\n#15 0x5635c3addb98 <unknown>\n#16 0x5635c3addd68 <unknown>\n#17 0x5635c3aeccb3 <unknown>\n#18 0x7f94920aab43 <unknown>\n\n","statusTrace":"  File \"/home/runner/work/Selenium-Python-Example/Selenium-Python-Example/.venv/lib/python3.11/site-packages/allure_commons/_allure.py\", line 192, in impl\n    return func(*a, **kw)\n           ^^^^^^^^^^^^^^\n  File \"/home/runner/work/Selenium-Python-Example/Selenium-Python-Example/pages/about_page.py\", line 20, in click_login_link\n    self.click(self.LOGIN_LINK)\n  File \"/home/runner/work/Selenium-Python-Example/Selenium-Python-Example/pages/base_page.py\", line 38, in click\n    el: WebElement = self.wait.until(\n                     ^^^^^^^^^^^^^^^^\n  File \"/home/runner/work/Selenium-Python-Example/Selenium-Python-Example/.venv/lib/python3.11/site-packages/selenium/webdriver/support/wait.py\", line 95, in until\n    raise TimeoutException(message, screen, stacktrace)\n","steps":[],"attachments":[],"parameters":[],"shouldDisplayMessage":true,"stepsCount":0,"attachmentsCount":0,"hasContent":true}],"attachments":[],"parameters":[],"shouldDisplayMessage":false,"stepsCount":1,"attachmentsCount":0,"hasContent":true}],"testStage":{"description":"Compare between the actual number of projects seen on page and the number shown in workspaces block","status":"broken","statusMessage":"selenium.common.exceptions.TimeoutException: Message: \nStacktrace:\n#0 0x5635c3af3e23 <unknown>\n#1 0x5635c381c7a7 <unknown>\n#2 0x5635c385b1d3 <unknown>\n#3 0x5635c385b2c1 <unknown>\n#4 0x5635c3896a04 <unknown>\n#5 0x5635c387c03d <unknown>\n#6 0x5635c3894369 <unknown>\n#7 0x5635c387bde3 <unknown>\n#8 0x5635c384fa7b <unknown>\n#9 0x5635c385081e <unknown>\n#10 0x5635c3ab5638 <unknown>\n#11 0x5635c3ab9507 <unknown>\n#12 0x5635c3ac3c4c <unknown>\n#13 0x5635c3aba136 <unknown>\n#14 0x5635c3a889cf <unknown>\n#15 0x5635c3addb98 <unknown>\n#16 0x5635c3addd68 <unknown>\n#17 0x5635c3aeccb3 <unknown>\n#18 0x7f94920aab43 <unknown>","statusTrace":"self = <tests.test_workspaces.TestWorkspaces object at 0x7f605de9c790>\nsecret_data = {'email': 'elias123@gmail.com', 'password': 'El123456789'}\n\n    @pytest.fixture(autouse=True)\n    def setup_method_fixture(self, secret_data: dict):\n>       login(secret_data, self.about_page, self.login_page)\n\ntests/test_workspaces.py:23: \n_ _ _ _ _ _ _ _ _ _ _ _ _ _ _ _ _ _ _ _ _ _ _ _ _ _ _ _ _ _ _ _ _ _ _ _ _ _ _ _ \ntests/test_workspaces.py:13: in login\n    about_page.click_login_link()\npages/about_page.py:20: in click_login_link\n    self.click(self.LOGIN_LINK)\npages/base_page.py:38: in click\n    el: WebElement = self.wait.until(\n_ _ _ _ _ _ _ _ _ _ _ _ _ _ _ _ _ _ _ _ _ _ _ _ _ _ _ _ _ _ _ _ _ _ _ _ _ _ _ _ \n\nself = <selenium.webdriver.support.wait.WebDriverWait (session=\"fc07b01f408c4eb13667f1e73531bfd6\")>\nmethod = <function element_to_be_clickable.<locals>._predicate at 0x7f605d782980>\nmessage = ''\n\n    def until(self, method, message: str = \"\"):\n        \"\"\"Calls the method provided with the driver as an argument until the \\\n        return value does not evaluate to ``False``.\n    \n        :param method: callable(WebDriver)\n        :param message: optional message for :exc:`TimeoutException`\n        :returns: the result of the last call to `method`\n        :raises: :exc:`selenium.common.exceptions.TimeoutException` if timeout occurs\n        \"\"\"\n        screen = None\n        stacktrace = None\n    \n        end_time = time.monotonic() + self._timeout\n        while True:\n            try:\n                value = method(self._driver)\n                if value:\n                    return value\n            except self._ignored_exceptions as exc:\n                screen = getattr(exc, \"screen\", None)\n                stacktrace = getattr(exc, \"stacktrace\", None)\n            time.sleep(self._poll)\n            if time.monotonic() > end_time:\n                break\n>       raise TimeoutException(message, screen, stacktrace)\nE       selenium.common.exceptions.TimeoutException: Message: \nE       Stacktrace:\nE       #0 0x5635c3af3e23 <unknown>\nE       #1 0x5635c381c7a7 <unknown>\nE       #2 0x5635c385b1d3 <unknown>\nE       #3 0x5635c385b2c1 <unknown>\nE       #4 0x5635c3896a04 <unknown>\nE       #5 0x5635c387c03d <unknown>\nE       #6 0x5635c3894369 <unknown>\nE       #7 0x5635c387bde3 <unknown>\nE       #8 0x5635c384fa7b <unknown>\nE       #9 0x5635c385081e <unknown>\nE       #10 0x5635c3ab5638 <unknown>\nE       #11 0x5635c3ab9507 <unknown>\nE       #12 0x5635c3ac3c4c <unknown>\nE       #13 0x5635c3aba136 <unknown>\nE       #14 0x5635c3a889cf <unknown>\nE       #15 0x5635c3addb98 <unknown>\nE       #16 0x5635c3addd68 <unknown>\nE       #17 0x5635c3aeccb3 <unknown>\nE       #18 0x7f94920aab43 <unknown>\n\n.venv/lib/python3.11/site-packages/selenium/webdriver/support/wait.py:95: TimeoutException","steps":[],"attachments":[{"uid":"fc2a7696c638650d","name":"public ip address","source":"fc2a7696c638650d.txt","type":"text/plain","size":15},{"uid":"1666938bb567f084","name":"Cookies","source":"1666938bb567f084.json","type":"application/json","size":1237},{"uid":"7bda30610d58e5de","name":"Session Storage","source":"7bda30610d58e5de.json","type":"application/json","size":2},{"uid":"f408c775ceafa10d","name":"Local Storage","source":"f408c775ceafa10d.json","type":"application/json","size":208},{"uid":"59e65cc10bf354f3","name":"Console Logs","source":"59e65cc10bf354f3.json","type":"application/json","size":5201},{"uid":"fa88a48fd8492162","name":"Full Page Screenshot","source":"fa88a48fd8492162.png","type":"image/png","size":3349555},{"uid":"dcce728eeccbe527","name":"URL","source":"dcce728eeccbe527.uri","type":"text/uri-list","size":23},{"uid":"7ceecc8a171fce49","name":"Network Logs","source":"7ceecc8a171fce49.json","type":"application/json","size":28450}],"parameters":[],"shouldDisplayMessage":true,"stepsCount":0,"attachmentsCount":8,"hasContent":true},"afterStages":[],"labels":[{"name":"epic","value":"Workspaces"},{"name":"story","value":"WorkSpaces Creation and Editing Functionality"},{"name":"severity","value":"normal"},{"name":"tag","value":"run(order=4)"},{"name":"parentSuite","value":"tests"},{"name":"suite","value":"test_workspaces"},{"name":"subSuite","value":"TestWorkspaces"},{"name":"host","value":"fv-az248-176"},{"name":"thread","value":"2139-MainThread"},{"name":"framework","value":"pytest"},{"name":"language","value":"cpython3"},{"name":"package","value":"tests.test_workspaces"},{"name":"resultFormat","value":"allure2"}],"parameters":[],"links":[],"hidden":false,"retry":false,"extra":{"severity":"normal","retries":[],"categories":[{"name":"Test defects","matchedStatuses":[],"flaky":false}],"tags":["run(order=4)"]},"source":"bfee8593b4077097.json","parameterValues":[]}