{"uid":"6f7357cd44984b8","name":"Rename an existing workspace test","fullName":"tests.test_workspaces.TestWorkspaces#test_rename_workspace","historyId":"d49362deb707221678019bdc76bcec08","time":{"start":1688894454030,"stop":1688894454030,"duration":0},"description":"Rename an existing workspace","descriptionHtml":"<p>Rename an existing workspace</p>\n","status":"broken","statusMessage":"selenium.common.exceptions.TimeoutException: Message: \nStacktrace:\n#0 0x562827c264e3 <unknown>\n#1 0x562827955c76 <unknown>\n#2 0x562827991c96 <unknown>\n#3 0x562827991dc1 <unknown>\n#4 0x5628279cb7f4 <unknown>\n#5 0x5628279b103d <unknown>\n#6 0x5628279c930e <unknown>\n#7 0x5628279b0de3 <unknown>\n#8 0x5628279862dd <unknown>\n#9 0x56282798734e <unknown>\n#10 0x562827be63e4 <unknown>\n#11 0x562827bea3d7 <unknown>\n#12 0x562827bf4b20 <unknown>\n#13 0x562827beb023 <unknown>\n#14 0x562827bb91aa <unknown>\n#15 0x562827c0f6b8 <unknown>\n#16 0x562827c0f847 <unknown>\n#17 0x562827c1f243 <unknown>\n#18 0x7fb3ef733b43 <unknown>","statusTrace":"self = <tests.test_workspaces.TestWorkspaces object at 0x7f360b8884d0>\nrequest = <SubRequest 'setup_method_fixture' for <Function test_rename_workspace>>\n\n    @pytest.fixture(autouse=True)\n    def setup_method_fixture(self, request):\n>       login(request, self.about_page, self.login_page)\n\ntests/test_workspaces.py:26: \n_ _ _ _ _ _ _ _ _ _ _ _ _ _ _ _ _ _ _ _ _ _ _ _ _ _ _ _ _ _ _ _ _ _ _ _ _ _ _ _ \ntests/test_workspaces.py:16: in login\n    about_page.click_login_link()\npages/about_page.py:20: in click_login_link\n    self.click(self.LOGIN_LINK)\npages/base_page.py:38: in click\n    el: WebElement = self.wait.until(\n_ _ _ _ _ _ _ _ _ _ _ _ _ _ _ _ _ _ _ _ _ _ _ _ _ _ _ _ _ _ _ _ _ _ _ _ _ _ _ _ \n\nself = <selenium.webdriver.support.wait.WebDriverWait (session=\"f034cd68fbbddbc754dc5ee197f884cf\")>\nmethod = <function element_to_be_clickable.<locals>._predicate at 0x7f360b718180>\nmessage = ''\n\n    def until(self, method, message: str = \"\"):\n        \"\"\"Calls the method provided with the driver as an argument until the \\\n        return value does not evaluate to ``False``.\n    \n        :param method: callable(WebDriver)\n        :param message: optional message for :exc:`TimeoutException`\n        :returns: the result of the last call to `method`\n        :raises: :exc:`selenium.common.exceptions.TimeoutException` if timeout occurs\n        \"\"\"\n        screen = None\n        stacktrace = None\n    \n        end_time = time.monotonic() + self._timeout\n        while True:\n            try:\n                value = method(self._driver)\n                if value:\n                    return value\n            except self._ignored_exceptions as exc:\n                screen = getattr(exc, \"screen\", None)\n                stacktrace = getattr(exc, \"stacktrace\", None)\n            time.sleep(self._poll)\n            if time.monotonic() > end_time:\n                break\n>       raise TimeoutException(message, screen, stacktrace)\nE       selenium.common.exceptions.TimeoutException: Message: \nE       Stacktrace:\nE       #0 0x562827c264e3 <unknown>\nE       #1 0x562827955c76 <unknown>\nE       #2 0x562827991c96 <unknown>\nE       #3 0x562827991dc1 <unknown>\nE       #4 0x5628279cb7f4 <unknown>\nE       #5 0x5628279b103d <unknown>\nE       #6 0x5628279c930e <unknown>\nE       #7 0x5628279b0de3 <unknown>\nE       #8 0x5628279862dd <unknown>\nE       #9 0x56282798734e <unknown>\nE       #10 0x562827be63e4 <unknown>\nE       #11 0x562827bea3d7 <unknown>\nE       #12 0x562827bf4b20 <unknown>\nE       #13 0x562827beb023 <unknown>\nE       #14 0x562827bb91aa <unknown>\nE       #15 0x562827c0f6b8 <unknown>\nE       #16 0x562827c0f847 <unknown>\nE       #17 0x562827c1f243 <unknown>\nE       #18 0x7fb3ef733b43 <unknown>\n\n.venv/lib/python3.11/site-packages/selenium/webdriver/support/wait.py:95: TimeoutException","flaky":false,"newFailed":false,"newBroken":false,"newPassed":false,"retriesCount":0,"retriesStatusChange":false,"beforeStages":[{"name":"json_data","time":{"start":1688894411886,"stop":1688894411886,"duration":0},"status":"passed","steps":[],"attachments":[],"parameters":[],"stepsCount":0,"attachmentsCount":0,"shouldDisplayMessage":false,"hasContent":false},{"name":"setup_method_fixture","time":{"start":1688894456056,"stop":1688894466262,"duration":10206},"status":"broken","statusMessage":"selenium.common.exceptions.TimeoutException: Message: \nStacktrace:\n#0 0x562827c264e3 <unknown>\n#1 0x562827955c76 <unknown>\n#2 0x562827991c96 <unknown>\n#3 0x562827991dc1 <unknown>\n#4 0x5628279cb7f4 <unknown>\n#5 0x5628279b103d <unknown>\n#6 0x5628279c930e <unknown>\n#7 0x5628279b0de3 <unknown>\n#8 0x5628279862dd <unknown>\n#9 0x56282798734e <unknown>\n#10 0x562827be63e4 <unknown>\n#11 0x562827bea3d7 <unknown>\n#12 0x562827bf4b20 <unknown>\n#13 0x562827beb023 <unknown>\n#14 0x562827bb91aa <unknown>\n#15 0x562827c0f6b8 <unknown>\n#16 0x562827c0f847 <unknown>\n#17 0x562827c1f243 <unknown>\n#18 0x7fb3ef733b43 <unknown>\n\n","statusTrace":"  File \"/home/runner/work/Selenium-Python-Example/Selenium-Python-Example/.venv/lib/python3.11/site-packages/pluggy/_callers.py\", line 80, in _multicall\n    res = hook_impl.function(*args)\n          ^^^^^^^^^^^^^^^^^^^^^^^^^\n  File \"/home/runner/work/Selenium-Python-Example/Selenium-Python-Example/.venv/lib/python3.11/site-packages/_pytest/fixtures.py\", line 1123, in pytest_fixture_setup\n    result = call_fixture_func(fixturefunc, request, kwargs)\n             ^^^^^^^^^^^^^^^^^^^^^^^^^^^^^^^^^^^^^^^^^^^^^^^\n  File \"/home/runner/work/Selenium-Python-Example/Selenium-Python-Example/.venv/lib/python3.11/site-packages/_pytest/fixtures.py\", line 902, in call_fixture_func\n    fixture_result = fixturefunc(**kwargs)\n                     ^^^^^^^^^^^^^^^^^^^^^\n  File \"/home/runner/work/Selenium-Python-Example/Selenium-Python-Example/tests/test_workspaces.py\", line 26, in setup_method_fixture\n    login(request, self.about_page, self.login_page)\n  File \"/home/runner/work/Selenium-Python-Example/Selenium-Python-Example/tests/test_workspaces.py\", line 16, in login\n    about_page.click_login_link()\n  File \"/home/runner/work/Selenium-Python-Example/Selenium-Python-Example/.venv/lib/python3.11/site-packages/allure_commons/_allure.py\", line 192, in impl\n    return func(*a, **kw)\n           ^^^^^^^^^^^^^^\n  File \"/home/runner/work/Selenium-Python-Example/Selenium-Python-Example/pages/about_page.py\", line 20, in click_login_link\n    self.click(self.LOGIN_LINK)\n  File \"/home/runner/work/Selenium-Python-Example/Selenium-Python-Example/pages/base_page.py\", line 38, in click\n    el: WebElement = self.wait.until(\n                     ^^^^^^^^^^^^^^^^\n  File \"/home/runner/work/Selenium-Python-Example/Selenium-Python-Example/.venv/lib/python3.11/site-packages/selenium/webdriver/support/wait.py\", line 95, in until\n    raise TimeoutException(message, screen, stacktrace)\n","steps":[{"name":"Click Login link","time":{"start":1688894456056,"stop":1688894466261,"duration":10205},"status":"broken","statusMessage":"selenium.common.exceptions.TimeoutException: Message: \nStacktrace:\n#0 0x562827c264e3 <unknown>\n#1 0x562827955c76 <unknown>\n#2 0x562827991c96 <unknown>\n#3 0x562827991dc1 <unknown>\n#4 0x5628279cb7f4 <unknown>\n#5 0x5628279b103d <unknown>\n#6 0x5628279c930e <unknown>\n#7 0x5628279b0de3 <unknown>\n#8 0x5628279862dd <unknown>\n#9 0x56282798734e <unknown>\n#10 0x562827be63e4 <unknown>\n#11 0x562827bea3d7 <unknown>\n#12 0x562827bf4b20 <unknown>\n#13 0x562827beb023 <unknown>\n#14 0x562827bb91aa <unknown>\n#15 0x562827c0f6b8 <unknown>\n#16 0x562827c0f847 <unknown>\n#17 0x562827c1f243 <unknown>\n#18 0x7fb3ef733b43 <unknown>\n\n","statusTrace":"  File \"/home/runner/work/Selenium-Python-Example/Selenium-Python-Example/.venv/lib/python3.11/site-packages/allure_commons/_allure.py\", line 192, in impl\n    return func(*a, **kw)\n           ^^^^^^^^^^^^^^\n  File \"/home/runner/work/Selenium-Python-Example/Selenium-Python-Example/pages/about_page.py\", line 20, in click_login_link\n    self.click(self.LOGIN_LINK)\n  File \"/home/runner/work/Selenium-Python-Example/Selenium-Python-Example/pages/base_page.py\", line 38, in click\n    el: WebElement = self.wait.until(\n                     ^^^^^^^^^^^^^^^^\n  File \"/home/runner/work/Selenium-Python-Example/Selenium-Python-Example/.venv/lib/python3.11/site-packages/selenium/webdriver/support/wait.py\", line 95, in until\n    raise TimeoutException(message, screen, stacktrace)\n","steps":[],"attachments":[],"parameters":[],"stepsCount":0,"attachmentsCount":0,"shouldDisplayMessage":true,"hasContent":true}],"attachments":[],"parameters":[],"stepsCount":1,"attachmentsCount":0,"shouldDisplayMessage":false,"hasContent":true}],"testStage":{"description":"Rename an existing workspace","status":"broken","statusMessage":"selenium.common.exceptions.TimeoutException: Message: \nStacktrace:\n#0 0x562827c264e3 <unknown>\n#1 0x562827955c76 <unknown>\n#2 0x562827991c96 <unknown>\n#3 0x562827991dc1 <unknown>\n#4 0x5628279cb7f4 <unknown>\n#5 0x5628279b103d <unknown>\n#6 0x5628279c930e <unknown>\n#7 0x5628279b0de3 <unknown>\n#8 0x5628279862dd <unknown>\n#9 0x56282798734e <unknown>\n#10 0x562827be63e4 <unknown>\n#11 0x562827bea3d7 <unknown>\n#12 0x562827bf4b20 <unknown>\n#13 0x562827beb023 <unknown>\n#14 0x562827bb91aa <unknown>\n#15 0x562827c0f6b8 <unknown>\n#16 0x562827c0f847 <unknown>\n#17 0x562827c1f243 <unknown>\n#18 0x7fb3ef733b43 <unknown>","statusTrace":"self = <tests.test_workspaces.TestWorkspaces object at 0x7f360b8884d0>\nrequest = <SubRequest 'setup_method_fixture' for <Function test_rename_workspace>>\n\n    @pytest.fixture(autouse=True)\n    def setup_method_fixture(self, request):\n>       login(request, self.about_page, self.login_page)\n\ntests/test_workspaces.py:26: \n_ _ _ _ _ _ _ _ _ _ _ _ _ _ _ _ _ _ _ _ _ _ _ _ _ _ _ _ _ _ _ _ _ _ _ _ _ _ _ _ \ntests/test_workspaces.py:16: in login\n    about_page.click_login_link()\npages/about_page.py:20: in click_login_link\n    self.click(self.LOGIN_LINK)\npages/base_page.py:38: in click\n    el: WebElement = self.wait.until(\n_ _ _ _ _ _ _ _ _ _ _ _ _ _ _ _ _ _ _ _ _ _ _ _ _ _ _ _ _ _ _ _ _ _ _ _ _ _ _ _ \n\nself = <selenium.webdriver.support.wait.WebDriverWait (session=\"f034cd68fbbddbc754dc5ee197f884cf\")>\nmethod = <function element_to_be_clickable.<locals>._predicate at 0x7f360b718180>\nmessage = ''\n\n    def until(self, method, message: str = \"\"):\n        \"\"\"Calls the method provided with the driver as an argument until the \\\n        return value does not evaluate to ``False``.\n    \n        :param method: callable(WebDriver)\n        :param message: optional message for :exc:`TimeoutException`\n        :returns: the result of the last call to `method`\n        :raises: :exc:`selenium.common.exceptions.TimeoutException` if timeout occurs\n        \"\"\"\n        screen = None\n        stacktrace = None\n    \n        end_time = time.monotonic() + self._timeout\n        while True:\n            try:\n                value = method(self._driver)\n                if value:\n                    return value\n            except self._ignored_exceptions as exc:\n                screen = getattr(exc, \"screen\", None)\n                stacktrace = getattr(exc, \"stacktrace\", None)\n            time.sleep(self._poll)\n            if time.monotonic() > end_time:\n                break\n>       raise TimeoutException(message, screen, stacktrace)\nE       selenium.common.exceptions.TimeoutException: Message: \nE       Stacktrace:\nE       #0 0x562827c264e3 <unknown>\nE       #1 0x562827955c76 <unknown>\nE       #2 0x562827991c96 <unknown>\nE       #3 0x562827991dc1 <unknown>\nE       #4 0x5628279cb7f4 <unknown>\nE       #5 0x5628279b103d <unknown>\nE       #6 0x5628279c930e <unknown>\nE       #7 0x5628279b0de3 <unknown>\nE       #8 0x5628279862dd <unknown>\nE       #9 0x56282798734e <unknown>\nE       #10 0x562827be63e4 <unknown>\nE       #11 0x562827bea3d7 <unknown>\nE       #12 0x562827bf4b20 <unknown>\nE       #13 0x562827beb023 <unknown>\nE       #14 0x562827bb91aa <unknown>\nE       #15 0x562827c0f6b8 <unknown>\nE       #16 0x562827c0f847 <unknown>\nE       #17 0x562827c1f243 <unknown>\nE       #18 0x7fb3ef733b43 <unknown>\n\n.venv/lib/python3.11/site-packages/selenium/webdriver/support/wait.py:95: TimeoutException","steps":[],"attachments":[{"uid":"8e6c23a8f92a9f1a","name":"public ip address","source":"8e6c23a8f92a9f1a.txt","type":"text/plain","size":10},{"uid":"e727299e81695666","name":"Cookies","source":"e727299e81695666.json","type":"application/json","size":3284},{"uid":"60e559fae9b335ea","name":"Session Storage","source":"60e559fae9b335ea.json","type":"application/json","size":2},{"uid":"e703cd6f91ce721d","name":"Local Storage","source":"e703cd6f91ce721d.json","type":"application/json","size":208},{"uid":"958c7f78cf1d950","name":"Console Logs","source":"958c7f78cf1d950.json","type":"application/json","size":2},{"uid":"230f9b7f6d2dac77","name":"Full Page Screenshot","source":"230f9b7f6d2dac77.png","type":"image/png","size":2759643},{"uid":"91cdf7b4ac8e0f1a","name":"URL","source":"91cdf7b4ac8e0f1a.uri","type":"text/uri-list","size":23},{"uid":"41ae94c5e64721cc","name":"Network Logs","source":"41ae94c5e64721cc.json","type":"application/json","size":47548}],"parameters":[],"stepsCount":0,"attachmentsCount":8,"shouldDisplayMessage":true,"hasContent":true},"afterStages":[],"labels":[{"name":"epic","value":"Workspaces"},{"name":"severity","value":"normal"},{"name":"story","value":"WorkSpaces Creation and Editing Functionality"},{"name":"tag","value":"run(order=2)"},{"name":"parentSuite","value":"tests"},{"name":"suite","value":"test_workspaces"},{"name":"subSuite","value":"TestWorkspaces"},{"name":"host","value":"fv-az447-217"},{"name":"thread","value":"2289-MainThread"},{"name":"framework","value":"pytest"},{"name":"language","value":"cpython3"},{"name":"package","value":"tests.test_workspaces"},{"name":"resultFormat","value":"allure2"}],"parameters":[],"links":[],"hidden":false,"retry":false,"extra":{"severity":"normal","retries":[],"categories":[{"name":"Test defects","matchedStatuses":[],"flaky":false}],"tags":["run(order=2)"]},"source":"6f7357cd44984b8.json","parameterValues":[]}