{"uid":"94c0f672dfff75f","name":"Delete existing workspace","fullName":"tests.test_workspaces.TestWorkspaces#test_delete_workspace","historyId":"426122535a758ca0ac1fcc53a87d9a4f","time":{"start":1694394606276,"stop":1694394606276,"duration":0},"description":"Delete an existing workspace","descriptionHtml":"<p>Delete an existing workspace</p>\n","status":"broken","statusMessage":"selenium.common.exceptions.TimeoutException: Message: \nStacktrace:\n#0 0x55a7382f3e23 <unknown>\n#1 0x55a73801c7a7 <unknown>\n#2 0x55a73805b1d3 <unknown>\n#3 0x55a73805b2c1 <unknown>\n#4 0x55a738096a04 <unknown>\n#5 0x55a73807c03d <unknown>\n#6 0x55a738094369 <unknown>\n#7 0x55a73807bde3 <unknown>\n#8 0x55a73804fa7b <unknown>\n#9 0x55a73805081e <unknown>\n#10 0x55a7382b5638 <unknown>\n#11 0x55a7382b9507 <unknown>\n#12 0x55a7382c3c4c <unknown>\n#13 0x55a7382ba136 <unknown>\n#14 0x55a7382889cf <unknown>\n#15 0x55a7382ddb98 <unknown>\n#16 0x55a7382ddd68 <unknown>\n#17 0x55a7382eccb3 <unknown>\n#18 0x7ff8999f0b43 <unknown>","statusTrace":"self = <tests.test_workspaces.TestWorkspaces object at 0x7f9c5bb9c790>\nsecret_data = {'email': 'elias123@gmail.com', 'password': 'El123456789'}\n\n    @pytest.fixture(autouse=True)\n    def setup_method_fixture(self, secret_data: dict):\n>       login(secret_data, self.about_page, self.login_page)\n\ntests/test_workspaces.py:23: \n_ _ _ _ _ _ _ _ _ _ _ _ _ _ _ _ _ _ _ _ _ _ _ _ _ _ _ _ _ _ _ _ _ _ _ _ _ _ _ _ \ntests/test_workspaces.py:13: in login\n    about_page.click_login_link()\npages/about_page.py:20: in click_login_link\n    self.click(self.LOGIN_LINK)\npages/base_page.py:38: in click\n    el: WebElement = self.wait.until(\n_ _ _ _ _ _ _ _ _ _ _ _ _ _ _ _ _ _ _ _ _ _ _ _ _ _ _ _ _ _ _ _ _ _ _ _ _ _ _ _ \n\nself = <selenium.webdriver.support.wait.WebDriverWait (session=\"af18e2bf98332454eb26b7ff1b4903f6\")>\nmethod = <function element_to_be_clickable.<locals>._predicate at 0x7f9c5bab2520>\nmessage = ''\n\n    def until(self, method, message: str = \"\"):\n        \"\"\"Calls the method provided with the driver as an argument until the \\\n        return value does not evaluate to ``False``.\n    \n        :param method: callable(WebDriver)\n        :param message: optional message for :exc:`TimeoutException`\n        :returns: the result of the last call to `method`\n        :raises: :exc:`selenium.common.exceptions.TimeoutException` if timeout occurs\n        \"\"\"\n        screen = None\n        stacktrace = None\n    \n        end_time = time.monotonic() + self._timeout\n        while True:\n            try:\n                value = method(self._driver)\n                if value:\n                    return value\n            except self._ignored_exceptions as exc:\n                screen = getattr(exc, \"screen\", None)\n                stacktrace = getattr(exc, \"stacktrace\", None)\n            time.sleep(self._poll)\n            if time.monotonic() > end_time:\n                break\n>       raise TimeoutException(message, screen, stacktrace)\nE       selenium.common.exceptions.TimeoutException: Message: \nE       Stacktrace:\nE       #0 0x55a7382f3e23 <unknown>\nE       #1 0x55a73801c7a7 <unknown>\nE       #2 0x55a73805b1d3 <unknown>\nE       #3 0x55a73805b2c1 <unknown>\nE       #4 0x55a738096a04 <unknown>\nE       #5 0x55a73807c03d <unknown>\nE       #6 0x55a738094369 <unknown>\nE       #7 0x55a73807bde3 <unknown>\nE       #8 0x55a73804fa7b <unknown>\nE       #9 0x55a73805081e <unknown>\nE       #10 0x55a7382b5638 <unknown>\nE       #11 0x55a7382b9507 <unknown>\nE       #12 0x55a7382c3c4c <unknown>\nE       #13 0x55a7382ba136 <unknown>\nE       #14 0x55a7382889cf <unknown>\nE       #15 0x55a7382ddb98 <unknown>\nE       #16 0x55a7382ddd68 <unknown>\nE       #17 0x55a7382eccb3 <unknown>\nE       #18 0x7ff8999f0b43 <unknown>\n\n.venv/lib/python3.11/site-packages/selenium/webdriver/support/wait.py:95: TimeoutException","flaky":false,"newFailed":false,"newBroken":false,"newPassed":false,"retriesCount":0,"retriesStatusChange":false,"beforeStages":[{"name":"base_url","time":{"start":1694394513035,"stop":1694394513035,"duration":0},"status":"passed","steps":[],"attachments":[],"parameters":[],"shouldDisplayMessage":false,"stepsCount":0,"attachmentsCount":0,"hasContent":false},{"name":"secret_data","time":{"start":1694394513036,"stop":1694394513036,"duration":0},"status":"passed","steps":[],"attachments":[],"parameters":[],"shouldDisplayMessage":false,"stepsCount":0,"attachmentsCount":0,"hasContent":false},{"name":"_verify_url","time":{"start":1694394513036,"stop":1694394513036,"duration":0},"status":"passed","steps":[],"attachments":[],"parameters":[],"shouldDisplayMessage":false,"stepsCount":0,"attachmentsCount":0,"hasContent":false},{"name":"setup_method_fixture","time":{"start":1694394608999,"stop":1694394619247,"duration":10248},"status":"broken","statusMessage":"selenium.common.exceptions.TimeoutException: Message: \nStacktrace:\n#0 0x55a7382f3e23 <unknown>\n#1 0x55a73801c7a7 <unknown>\n#2 0x55a73805b1d3 <unknown>\n#3 0x55a73805b2c1 <unknown>\n#4 0x55a738096a04 <unknown>\n#5 0x55a73807c03d <unknown>\n#6 0x55a738094369 <unknown>\n#7 0x55a73807bde3 <unknown>\n#8 0x55a73804fa7b <unknown>\n#9 0x55a73805081e <unknown>\n#10 0x55a7382b5638 <unknown>\n#11 0x55a7382b9507 <unknown>\n#12 0x55a7382c3c4c <unknown>\n#13 0x55a7382ba136 <unknown>\n#14 0x55a7382889cf <unknown>\n#15 0x55a7382ddb98 <unknown>\n#16 0x55a7382ddd68 <unknown>\n#17 0x55a7382eccb3 <unknown>\n#18 0x7ff8999f0b43 <unknown>\n\n","statusTrace":"  File \"/home/runner/work/Selenium-Python-Example/Selenium-Python-Example/.venv/lib/python3.11/site-packages/pluggy/_callers.py\", line 80, in _multicall\n    res = hook_impl.function(*args)\n          ^^^^^^^^^^^^^^^^^^^^^^^^^\n  File \"/home/runner/work/Selenium-Python-Example/Selenium-Python-Example/.venv/lib/python3.11/site-packages/_pytest/fixtures.py\", line 1123, in pytest_fixture_setup\n    result = call_fixture_func(fixturefunc, request, kwargs)\n             ^^^^^^^^^^^^^^^^^^^^^^^^^^^^^^^^^^^^^^^^^^^^^^^\n  File \"/home/runner/work/Selenium-Python-Example/Selenium-Python-Example/.venv/lib/python3.11/site-packages/_pytest/fixtures.py\", line 902, in call_fixture_func\n    fixture_result = fixturefunc(**kwargs)\n                     ^^^^^^^^^^^^^^^^^^^^^\n  File \"/home/runner/work/Selenium-Python-Example/Selenium-Python-Example/tests/test_workspaces.py\", line 23, in setup_method_fixture\n    login(secret_data, self.about_page, self.login_page)\n  File \"/home/runner/work/Selenium-Python-Example/Selenium-Python-Example/tests/test_workspaces.py\", line 13, in login\n    about_page.click_login_link()\n  File \"/home/runner/work/Selenium-Python-Example/Selenium-Python-Example/.venv/lib/python3.11/site-packages/allure_commons/_allure.py\", line 192, in impl\n    return func(*a, **kw)\n           ^^^^^^^^^^^^^^\n  File \"/home/runner/work/Selenium-Python-Example/Selenium-Python-Example/pages/about_page.py\", line 20, in click_login_link\n    self.click(self.LOGIN_LINK)\n  File \"/home/runner/work/Selenium-Python-Example/Selenium-Python-Example/pages/base_page.py\", line 38, in click\n    el: WebElement = self.wait.until(\n                     ^^^^^^^^^^^^^^^^\n  File \"/home/runner/work/Selenium-Python-Example/Selenium-Python-Example/.venv/lib/python3.11/site-packages/selenium/webdriver/support/wait.py\", line 95, in until\n    raise TimeoutException(message, screen, stacktrace)\n","steps":[{"name":"Click Login link","time":{"start":1694394608999,"stop":1694394619247,"duration":10248},"status":"broken","statusMessage":"selenium.common.exceptions.TimeoutException: Message: \nStacktrace:\n#0 0x55a7382f3e23 <unknown>\n#1 0x55a73801c7a7 <unknown>\n#2 0x55a73805b1d3 <unknown>\n#3 0x55a73805b2c1 <unknown>\n#4 0x55a738096a04 <unknown>\n#5 0x55a73807c03d <unknown>\n#6 0x55a738094369 <unknown>\n#7 0x55a73807bde3 <unknown>\n#8 0x55a73804fa7b <unknown>\n#9 0x55a73805081e <unknown>\n#10 0x55a7382b5638 <unknown>\n#11 0x55a7382b9507 <unknown>\n#12 0x55a7382c3c4c <unknown>\n#13 0x55a7382ba136 <unknown>\n#14 0x55a7382889cf <unknown>\n#15 0x55a7382ddb98 <unknown>\n#16 0x55a7382ddd68 <unknown>\n#17 0x55a7382eccb3 <unknown>\n#18 0x7ff8999f0b43 <unknown>\n\n","statusTrace":"  File \"/home/runner/work/Selenium-Python-Example/Selenium-Python-Example/.venv/lib/python3.11/site-packages/allure_commons/_allure.py\", line 192, in impl\n    return func(*a, **kw)\n           ^^^^^^^^^^^^^^\n  File \"/home/runner/work/Selenium-Python-Example/Selenium-Python-Example/pages/about_page.py\", line 20, in click_login_link\n    self.click(self.LOGIN_LINK)\n  File \"/home/runner/work/Selenium-Python-Example/Selenium-Python-Example/pages/base_page.py\", line 38, in click\n    el: WebElement = self.wait.until(\n                     ^^^^^^^^^^^^^^^^\n  File \"/home/runner/work/Selenium-Python-Example/Selenium-Python-Example/.venv/lib/python3.11/site-packages/selenium/webdriver/support/wait.py\", line 95, in until\n    raise TimeoutException(message, screen, stacktrace)\n","steps":[],"attachments":[],"parameters":[],"shouldDisplayMessage":true,"stepsCount":0,"attachmentsCount":0,"hasContent":true}],"attachments":[],"parameters":[],"shouldDisplayMessage":false,"stepsCount":1,"attachmentsCount":0,"hasContent":true}],"testStage":{"description":"Delete an existing workspace","status":"broken","statusMessage":"selenium.common.exceptions.TimeoutException: Message: \nStacktrace:\n#0 0x55a7382f3e23 <unknown>\n#1 0x55a73801c7a7 <unknown>\n#2 0x55a73805b1d3 <unknown>\n#3 0x55a73805b2c1 <unknown>\n#4 0x55a738096a04 <unknown>\n#5 0x55a73807c03d <unknown>\n#6 0x55a738094369 <unknown>\n#7 0x55a73807bde3 <unknown>\n#8 0x55a73804fa7b <unknown>\n#9 0x55a73805081e <unknown>\n#10 0x55a7382b5638 <unknown>\n#11 0x55a7382b9507 <unknown>\n#12 0x55a7382c3c4c <unknown>\n#13 0x55a7382ba136 <unknown>\n#14 0x55a7382889cf <unknown>\n#15 0x55a7382ddb98 <unknown>\n#16 0x55a7382ddd68 <unknown>\n#17 0x55a7382eccb3 <unknown>\n#18 0x7ff8999f0b43 <unknown>","statusTrace":"self = <tests.test_workspaces.TestWorkspaces object at 0x7f9c5bb9c790>\nsecret_data = {'email': 'elias123@gmail.com', 'password': 'El123456789'}\n\n    @pytest.fixture(autouse=True)\n    def setup_method_fixture(self, secret_data: dict):\n>       login(secret_data, self.about_page, self.login_page)\n\ntests/test_workspaces.py:23: \n_ _ _ _ _ _ _ _ _ _ _ _ _ _ _ _ _ _ _ _ _ _ _ _ _ _ _ _ _ _ _ _ _ _ _ _ _ _ _ _ \ntests/test_workspaces.py:13: in login\n    about_page.click_login_link()\npages/about_page.py:20: in click_login_link\n    self.click(self.LOGIN_LINK)\npages/base_page.py:38: in click\n    el: WebElement = self.wait.until(\n_ _ _ _ _ _ _ _ _ _ _ _ _ _ _ _ _ _ _ _ _ _ _ _ _ _ _ _ _ _ _ _ _ _ _ _ _ _ _ _ \n\nself = <selenium.webdriver.support.wait.WebDriverWait (session=\"af18e2bf98332454eb26b7ff1b4903f6\")>\nmethod = <function element_to_be_clickable.<locals>._predicate at 0x7f9c5bab2520>\nmessage = ''\n\n    def until(self, method, message: str = \"\"):\n        \"\"\"Calls the method provided with the driver as an argument until the \\\n        return value does not evaluate to ``False``.\n    \n        :param method: callable(WebDriver)\n        :param message: optional message for :exc:`TimeoutException`\n        :returns: the result of the last call to `method`\n        :raises: :exc:`selenium.common.exceptions.TimeoutException` if timeout occurs\n        \"\"\"\n        screen = None\n        stacktrace = None\n    \n        end_time = time.monotonic() + self._timeout\n        while True:\n            try:\n                value = method(self._driver)\n                if value:\n                    return value\n            except self._ignored_exceptions as exc:\n                screen = getattr(exc, \"screen\", None)\n                stacktrace = getattr(exc, \"stacktrace\", None)\n            time.sleep(self._poll)\n            if time.monotonic() > end_time:\n                break\n>       raise TimeoutException(message, screen, stacktrace)\nE       selenium.common.exceptions.TimeoutException: Message: \nE       Stacktrace:\nE       #0 0x55a7382f3e23 <unknown>\nE       #1 0x55a73801c7a7 <unknown>\nE       #2 0x55a73805b1d3 <unknown>\nE       #3 0x55a73805b2c1 <unknown>\nE       #4 0x55a738096a04 <unknown>\nE       #5 0x55a73807c03d <unknown>\nE       #6 0x55a738094369 <unknown>\nE       #7 0x55a73807bde3 <unknown>\nE       #8 0x55a73804fa7b <unknown>\nE       #9 0x55a73805081e <unknown>\nE       #10 0x55a7382b5638 <unknown>\nE       #11 0x55a7382b9507 <unknown>\nE       #12 0x55a7382c3c4c <unknown>\nE       #13 0x55a7382ba136 <unknown>\nE       #14 0x55a7382889cf <unknown>\nE       #15 0x55a7382ddb98 <unknown>\nE       #16 0x55a7382ddd68 <unknown>\nE       #17 0x55a7382eccb3 <unknown>\nE       #18 0x7ff8999f0b43 <unknown>\n\n.venv/lib/python3.11/site-packages/selenium/webdriver/support/wait.py:95: TimeoutException","steps":[],"attachments":[{"uid":"39587fd3a007e62c","name":"public ip address","source":"39587fd3a007e62c.txt","type":"text/plain","size":11},{"uid":"dba03f75b2dd0b84","name":"Cookies","source":"dba03f75b2dd0b84.json","type":"application/json","size":2018},{"uid":"4c70a500e94e4a74","name":"Session Storage","source":"4c70a500e94e4a74.json","type":"application/json","size":333},{"uid":"99f8b7f62e39d4a9","name":"Local Storage","source":"99f8b7f62e39d4a9.json","type":"application/json","size":208},{"uid":"83cf9e53c91b2066","name":"Console Logs","source":"83cf9e53c91b2066.json","type":"application/json","size":4954},{"uid":"9f9b421ae65b597a","name":"Full Page Screenshot","source":"9f9b421ae65b597a.png","type":"image/png","size":3349555},{"uid":"1937742c35e65934","name":"URL","source":"1937742c35e65934.uri","type":"text/uri-list","size":23},{"uid":"af92e74d179fdaa6","name":"Network Logs","source":"af92e74d179fdaa6.json","type":"application/json","size":55316}],"parameters":[],"shouldDisplayMessage":true,"stepsCount":0,"attachmentsCount":8,"hasContent":true},"afterStages":[],"labels":[{"name":"severity","value":"normal"},{"name":"epic","value":"Workspaces"},{"name":"story","value":"WorkSpaces Creation and Editing Functionality"},{"name":"tag","value":"run(order=3)"},{"name":"parentSuite","value":"tests"},{"name":"suite","value":"test_workspaces"},{"name":"subSuite","value":"TestWorkspaces"},{"name":"host","value":"fv-az565-454"},{"name":"thread","value":"2112-MainThread"},{"name":"framework","value":"pytest"},{"name":"language","value":"cpython3"},{"name":"package","value":"tests.test_workspaces"},{"name":"resultFormat","value":"allure2"}],"parameters":[],"links":[],"hidden":false,"retry":false,"extra":{"severity":"normal","retries":[],"categories":[{"name":"Test defects","matchedStatuses":[],"flaky":false}],"tags":["run(order=3)"]},"source":"94c0f672dfff75f.json","parameterValues":[]}