{"uid":"6627ad49feec78cb","name":"Add project to workspace test","fullName":"tests.test_workspaces.TestWorkspaces#test_add_project_to_workspace","historyId":"fc6ee288c49142976b6c23b6071583ec","time":{"start":1691351087506,"stop":1691351087506,"duration":0},"description":"Selecting and adding a project to workspace","descriptionHtml":"<p>Selecting and adding a project to workspace</p>\n","status":"broken","statusMessage":"selenium.common.exceptions.TimeoutException: Message: \nStacktrace:\n#0 0x55e659939783 <unknown>\n#1 0x55e659665917 <unknown>\n#2 0x55e6596a431b <unknown>\n#3 0x55e6596a4411 <unknown>\n#4 0x55e6596df674 <unknown>\n#5 0x55e6596c4e2d <unknown>\n#6 0x55e6596dd0d9 <unknown>\n#7 0x55e6596c4bd3 <unknown>\n#8 0x55e659698a7b <unknown>\n#9 0x55e65969981e <unknown>\n#10 0x55e6598fae98 <unknown>\n#11 0x55e6598fed67 <unknown>\n#12 0x55e65990932c <unknown>\n#13 0x55e6598ff993 <unknown>\n#14 0x55e6598ce827 <unknown>\n#15 0x55e6599238a8 <unknown>\n#16 0x55e659923a36 <unknown>\n#17 0x55e6599325f3 <unknown>\n#18 0x7f35a1653b43 <unknown>","statusTrace":"self = <tests.test_workspaces.TestWorkspaces object at 0x7f927de8f310>\nrequest = <SubRequest 'setup_method_fixture' for <Function test_add_project_to_workspace>>\n\n    @pytest.fixture(autouse=True)\n    def setup_method_fixture(self, request):\n>       login(request, self.about_page, self.login_page)\n\ntests/test_workspaces.py:26: \n_ _ _ _ _ _ _ _ _ _ _ _ _ _ _ _ _ _ _ _ _ _ _ _ _ _ _ _ _ _ _ _ _ _ _ _ _ _ _ _ \ntests/test_workspaces.py:16: in login\n    about_page.click_login_link()\npages/about_page.py:20: in click_login_link\n    self.click(self.LOGIN_LINK)\npages/base_page.py:38: in click\n    el: WebElement = self.wait.until(\n_ _ _ _ _ _ _ _ _ _ _ _ _ _ _ _ _ _ _ _ _ _ _ _ _ _ _ _ _ _ _ _ _ _ _ _ _ _ _ _ \n\nself = <selenium.webdriver.support.wait.WebDriverWait (session=\"ae2e61290996502ac1e822f895c3f535\")>\nmethod = <function element_to_be_clickable.<locals>._predicate at 0x7f927ded5b20>\nmessage = ''\n\n    def until(self, method, message: str = \"\"):\n        \"\"\"Calls the method provided with the driver as an argument until the \\\n        return value does not evaluate to ``False``.\n    \n        :param method: callable(WebDriver)\n        :param message: optional message for :exc:`TimeoutException`\n        :returns: the result of the last call to `method`\n        :raises: :exc:`selenium.common.exceptions.TimeoutException` if timeout occurs\n        \"\"\"\n        screen = None\n        stacktrace = None\n    \n        end_time = time.monotonic() + self._timeout\n        while True:\n            try:\n                value = method(self._driver)\n                if value:\n                    return value\n            except self._ignored_exceptions as exc:\n                screen = getattr(exc, \"screen\", None)\n                stacktrace = getattr(exc, \"stacktrace\", None)\n            time.sleep(self._poll)\n            if time.monotonic() > end_time:\n                break\n>       raise TimeoutException(message, screen, stacktrace)\nE       selenium.common.exceptions.TimeoutException: Message: \nE       Stacktrace:\nE       #0 0x55e659939783 <unknown>\nE       #1 0x55e659665917 <unknown>\nE       #2 0x55e6596a431b <unknown>\nE       #3 0x55e6596a4411 <unknown>\nE       #4 0x55e6596df674 <unknown>\nE       #5 0x55e6596c4e2d <unknown>\nE       #6 0x55e6596dd0d9 <unknown>\nE       #7 0x55e6596c4bd3 <unknown>\nE       #8 0x55e659698a7b <unknown>\nE       #9 0x55e65969981e <unknown>\nE       #10 0x55e6598fae98 <unknown>\nE       #11 0x55e6598fed67 <unknown>\nE       #12 0x55e65990932c <unknown>\nE       #13 0x55e6598ff993 <unknown>\nE       #14 0x55e6598ce827 <unknown>\nE       #15 0x55e6599238a8 <unknown>\nE       #16 0x55e659923a36 <unknown>\nE       #17 0x55e6599325f3 <unknown>\nE       #18 0x7f35a1653b43 <unknown>\n\n.venv/lib/python3.11/site-packages/selenium/webdriver/support/wait.py:95: TimeoutException","flaky":false,"newFailed":false,"newBroken":false,"newPassed":false,"retriesCount":0,"retriesStatusChange":false,"beforeStages":[{"name":"json_data","time":{"start":1691350966526,"stop":1691350966527,"duration":1},"status":"passed","steps":[],"attachments":[],"parameters":[],"stepsCount":0,"attachmentsCount":0,"shouldDisplayMessage":false,"hasContent":false},{"name":"setup_method_fixture","time":{"start":1691351089837,"stop":1691351100095,"duration":10258},"status":"broken","statusMessage":"selenium.common.exceptions.TimeoutException: Message: \nStacktrace:\n#0 0x55e659939783 <unknown>\n#1 0x55e659665917 <unknown>\n#2 0x55e6596a431b <unknown>\n#3 0x55e6596a4411 <unknown>\n#4 0x55e6596df674 <unknown>\n#5 0x55e6596c4e2d <unknown>\n#6 0x55e6596dd0d9 <unknown>\n#7 0x55e6596c4bd3 <unknown>\n#8 0x55e659698a7b <unknown>\n#9 0x55e65969981e <unknown>\n#10 0x55e6598fae98 <unknown>\n#11 0x55e6598fed67 <unknown>\n#12 0x55e65990932c <unknown>\n#13 0x55e6598ff993 <unknown>\n#14 0x55e6598ce827 <unknown>\n#15 0x55e6599238a8 <unknown>\n#16 0x55e659923a36 <unknown>\n#17 0x55e6599325f3 <unknown>\n#18 0x7f35a1653b43 <unknown>\n\n","statusTrace":"  File \"/home/runner/work/Selenium-Python-Example/Selenium-Python-Example/.venv/lib/python3.11/site-packages/pluggy/_callers.py\", line 80, in _multicall\n    res = hook_impl.function(*args)\n          ^^^^^^^^^^^^^^^^^^^^^^^^^\n  File \"/home/runner/work/Selenium-Python-Example/Selenium-Python-Example/.venv/lib/python3.11/site-packages/_pytest/fixtures.py\", line 1123, in pytest_fixture_setup\n    result = call_fixture_func(fixturefunc, request, kwargs)\n             ^^^^^^^^^^^^^^^^^^^^^^^^^^^^^^^^^^^^^^^^^^^^^^^\n  File \"/home/runner/work/Selenium-Python-Example/Selenium-Python-Example/.venv/lib/python3.11/site-packages/_pytest/fixtures.py\", line 902, in call_fixture_func\n    fixture_result = fixturefunc(**kwargs)\n                     ^^^^^^^^^^^^^^^^^^^^^\n  File \"/home/runner/work/Selenium-Python-Example/Selenium-Python-Example/tests/test_workspaces.py\", line 26, in setup_method_fixture\n    login(request, self.about_page, self.login_page)\n  File \"/home/runner/work/Selenium-Python-Example/Selenium-Python-Example/tests/test_workspaces.py\", line 16, in login\n    about_page.click_login_link()\n  File \"/home/runner/work/Selenium-Python-Example/Selenium-Python-Example/.venv/lib/python3.11/site-packages/allure_commons/_allure.py\", line 192, in impl\n    return func(*a, **kw)\n           ^^^^^^^^^^^^^^\n  File \"/home/runner/work/Selenium-Python-Example/Selenium-Python-Example/pages/about_page.py\", line 20, in click_login_link\n    self.click(self.LOGIN_LINK)\n  File \"/home/runner/work/Selenium-Python-Example/Selenium-Python-Example/pages/base_page.py\", line 38, in click\n    el: WebElement = self.wait.until(\n                     ^^^^^^^^^^^^^^^^\n  File \"/home/runner/work/Selenium-Python-Example/Selenium-Python-Example/.venv/lib/python3.11/site-packages/selenium/webdriver/support/wait.py\", line 95, in until\n    raise TimeoutException(message, screen, stacktrace)\n","steps":[{"name":"Click Login link","time":{"start":1691351089837,"stop":1691351100094,"duration":10257},"status":"broken","statusMessage":"selenium.common.exceptions.TimeoutException: Message: \nStacktrace:\n#0 0x55e659939783 <unknown>\n#1 0x55e659665917 <unknown>\n#2 0x55e6596a431b <unknown>\n#3 0x55e6596a4411 <unknown>\n#4 0x55e6596df674 <unknown>\n#5 0x55e6596c4e2d <unknown>\n#6 0x55e6596dd0d9 <unknown>\n#7 0x55e6596c4bd3 <unknown>\n#8 0x55e659698a7b <unknown>\n#9 0x55e65969981e <unknown>\n#10 0x55e6598fae98 <unknown>\n#11 0x55e6598fed67 <unknown>\n#12 0x55e65990932c <unknown>\n#13 0x55e6598ff993 <unknown>\n#14 0x55e6598ce827 <unknown>\n#15 0x55e6599238a8 <unknown>\n#16 0x55e659923a36 <unknown>\n#17 0x55e6599325f3 <unknown>\n#18 0x7f35a1653b43 <unknown>\n\n","statusTrace":"  File \"/home/runner/work/Selenium-Python-Example/Selenium-Python-Example/.venv/lib/python3.11/site-packages/allure_commons/_allure.py\", line 192, in impl\n    return func(*a, **kw)\n           ^^^^^^^^^^^^^^\n  File \"/home/runner/work/Selenium-Python-Example/Selenium-Python-Example/pages/about_page.py\", line 20, in click_login_link\n    self.click(self.LOGIN_LINK)\n  File \"/home/runner/work/Selenium-Python-Example/Selenium-Python-Example/pages/base_page.py\", line 38, in click\n    el: WebElement = self.wait.until(\n                     ^^^^^^^^^^^^^^^^\n  File \"/home/runner/work/Selenium-Python-Example/Selenium-Python-Example/.venv/lib/python3.11/site-packages/selenium/webdriver/support/wait.py\", line 95, in until\n    raise TimeoutException(message, screen, stacktrace)\n","steps":[],"attachments":[],"parameters":[],"stepsCount":0,"attachmentsCount":0,"shouldDisplayMessage":true,"hasContent":true}],"attachments":[],"parameters":[],"stepsCount":1,"attachmentsCount":0,"shouldDisplayMessage":false,"hasContent":true}],"testStage":{"description":"Selecting and adding a project to workspace","status":"broken","statusMessage":"selenium.common.exceptions.TimeoutException: Message: \nStacktrace:\n#0 0x55e659939783 <unknown>\n#1 0x55e659665917 <unknown>\n#2 0x55e6596a431b <unknown>\n#3 0x55e6596a4411 <unknown>\n#4 0x55e6596df674 <unknown>\n#5 0x55e6596c4e2d <unknown>\n#6 0x55e6596dd0d9 <unknown>\n#7 0x55e6596c4bd3 <unknown>\n#8 0x55e659698a7b <unknown>\n#9 0x55e65969981e <unknown>\n#10 0x55e6598fae98 <unknown>\n#11 0x55e6598fed67 <unknown>\n#12 0x55e65990932c <unknown>\n#13 0x55e6598ff993 <unknown>\n#14 0x55e6598ce827 <unknown>\n#15 0x55e6599238a8 <unknown>\n#16 0x55e659923a36 <unknown>\n#17 0x55e6599325f3 <unknown>\n#18 0x7f35a1653b43 <unknown>","statusTrace":"self = <tests.test_workspaces.TestWorkspaces object at 0x7f927de8f310>\nrequest = <SubRequest 'setup_method_fixture' for <Function test_add_project_to_workspace>>\n\n    @pytest.fixture(autouse=True)\n    def setup_method_fixture(self, request):\n>       login(request, self.about_page, self.login_page)\n\ntests/test_workspaces.py:26: \n_ _ _ _ _ _ _ _ _ _ _ _ _ _ _ _ _ _ _ _ _ _ _ _ _ _ _ _ _ _ _ _ _ _ _ _ _ _ _ _ \ntests/test_workspaces.py:16: in login\n    about_page.click_login_link()\npages/about_page.py:20: in click_login_link\n    self.click(self.LOGIN_LINK)\npages/base_page.py:38: in click\n    el: WebElement = self.wait.until(\n_ _ _ _ _ _ _ _ _ _ _ _ _ _ _ _ _ _ _ _ _ _ _ _ _ _ _ _ _ _ _ _ _ _ _ _ _ _ _ _ \n\nself = <selenium.webdriver.support.wait.WebDriverWait (session=\"ae2e61290996502ac1e822f895c3f535\")>\nmethod = <function element_to_be_clickable.<locals>._predicate at 0x7f927ded5b20>\nmessage = ''\n\n    def until(self, method, message: str = \"\"):\n        \"\"\"Calls the method provided with the driver as an argument until the \\\n        return value does not evaluate to ``False``.\n    \n        :param method: callable(WebDriver)\n        :param message: optional message for :exc:`TimeoutException`\n        :returns: the result of the last call to `method`\n        :raises: :exc:`selenium.common.exceptions.TimeoutException` if timeout occurs\n        \"\"\"\n        screen = None\n        stacktrace = None\n    \n        end_time = time.monotonic() + self._timeout\n        while True:\n            try:\n                value = method(self._driver)\n                if value:\n                    return value\n            except self._ignored_exceptions as exc:\n                screen = getattr(exc, \"screen\", None)\n                stacktrace = getattr(exc, \"stacktrace\", None)\n            time.sleep(self._poll)\n            if time.monotonic() > end_time:\n                break\n>       raise TimeoutException(message, screen, stacktrace)\nE       selenium.common.exceptions.TimeoutException: Message: \nE       Stacktrace:\nE       #0 0x55e659939783 <unknown>\nE       #1 0x55e659665917 <unknown>\nE       #2 0x55e6596a431b <unknown>\nE       #3 0x55e6596a4411 <unknown>\nE       #4 0x55e6596df674 <unknown>\nE       #5 0x55e6596c4e2d <unknown>\nE       #6 0x55e6596dd0d9 <unknown>\nE       #7 0x55e6596c4bd3 <unknown>\nE       #8 0x55e659698a7b <unknown>\nE       #9 0x55e65969981e <unknown>\nE       #10 0x55e6598fae98 <unknown>\nE       #11 0x55e6598fed67 <unknown>\nE       #12 0x55e65990932c <unknown>\nE       #13 0x55e6598ff993 <unknown>\nE       #14 0x55e6598ce827 <unknown>\nE       #15 0x55e6599238a8 <unknown>\nE       #16 0x55e659923a36 <unknown>\nE       #17 0x55e6599325f3 <unknown>\nE       #18 0x7f35a1653b43 <unknown>\n\n.venv/lib/python3.11/site-packages/selenium/webdriver/support/wait.py:95: TimeoutException","steps":[],"attachments":[{"uid":"983002a477f6e335","name":"public ip address","source":"983002a477f6e335.txt","type":"text/plain","size":11},{"uid":"ff168befd4aa4ef8","name":"Cookies","source":"ff168befd4aa4ef8.json","type":"application/json","size":2261},{"uid":"5f31bb2526d089d1","name":"Session Storage","source":"5f31bb2526d089d1.json","type":"application/json","size":2},{"uid":"1b48dd70624a60c5","name":"Local Storage","source":"1b48dd70624a60c5.json","type":"application/json","size":208},{"uid":"b24899d334ae53fc","name":"Console Logs","source":"b24899d334ae53fc.json","type":"application/json","size":4954},{"uid":"ae36e6b46379aee8","name":"Full Page Screenshot","source":"ae36e6b46379aee8.png","type":"image/png","size":3160261},{"uid":"da883a397825c406","name":"URL","source":"da883a397825c406.uri","type":"text/uri-list","size":23},{"uid":"6f2deba929f5c645","name":"Network Logs","source":"6f2deba929f5c645.json","type":"application/json","size":75820},{"uid":"ba7ee30244f883f5","name":"log","source":"ba7ee30244f883f5.txt","type":"text/plain","size":371}],"parameters":[],"stepsCount":0,"attachmentsCount":9,"shouldDisplayMessage":true,"hasContent":true},"afterStages":[],"labels":[{"name":"severity","value":"normal"},{"name":"story","value":"WorkSpaces Creation and Editing Functionality"},{"name":"epic","value":"Workspaces"},{"name":"tag","value":"run(order=5)"},{"name":"parentSuite","value":"tests"},{"name":"suite","value":"test_workspaces"},{"name":"subSuite","value":"TestWorkspaces"},{"name":"host","value":"fv-az617-184"},{"name":"thread","value":"2237-MainThread"},{"name":"framework","value":"pytest"},{"name":"language","value":"cpython3"},{"name":"package","value":"tests.test_workspaces"},{"name":"resultFormat","value":"allure2"}],"parameters":[],"links":[],"hidden":false,"retry":false,"extra":{"severity":"normal","retries":[],"categories":[{"name":"Test defects","matchedStatuses":[],"flaky":false}],"tags":["run(order=5)"]},"source":"6627ad49feec78cb.json","parameterValues":[]}