{"uid":"2ec45417f5609c2","name":"Login with valid credentials test","fullName":"tests.login_test.TestLogin#test_valid_login","historyId":"18657c207d70aa57845e0b7f4751c290","time":{"start":1726190811678,"stop":1726190822027,"duration":10349},"description":"valid login","descriptionHtml":"<p>valid login</p>\n","status":"broken","statusMessage":"selenium.common.exceptions.TimeoutException: Message: \nStacktrace:\n#0 0x5561080a786a <unknown>\n#1 0x556107d75e50 <unknown>\n#2 0x556107dc5644 <unknown>\n#3 0x556107dc5931 <unknown>\n#4 0x556107e0b534 <unknown>\n#5 0x556107dea4bd <unknown>\n#6 0x556107e089c6 <unknown>\n#7 0x556107dea233 <unknown>\n#8 0x556107db8093 <unknown>\n#9 0x556107db909e <unknown>\n#10 0x55610806eacb <unknown>\n#11 0x556108072a81 <unknown>\n#12 0x55610805a695 <unknown>\n#13 0x5561080735f2 <unknown>\n#14 0x55610803f86f <unknown>\n#15 0x556108096668 <unknown>\n#16 0x556108096832 <unknown>\n#17 0x5561080a665c <unknown>\n#18 0x7f19a2494ac3 <unknown>","statusTrace":"self = <tests.login_test.TestLogin object at 0x7fdb061ce420>\ndata = Data(forgot_password=ForgotPassword(error_message=\"We can't find a user with that e-mail address.\", success_message='A...ct='Non Existing', page_title='My Workspace', project_name='test project', project_type='quiz', template_type='Blank'))\n\n    @allure.description(\"valid login\")\n    @allure.title(\"Login with valid credentials test\")\n    @allure.tag(\"Tagged test\")\n    @pytest.mark.flaky(reruns=1)\n    def test_valid_login(self, data: Data):\n        self.about_page.set_geo_location(30.3079823, -97.893803)\n>       self.about_page.click_login_link()\n\ntests/login_test.py:43: \n_ _ _ _ _ _ _ _ _ _ _ _ _ _ _ _ _ _ _ _ _ _ _ _ _ _ _ _ _ _ _ _ _ _ _ _ _ _ _ _ \npages/about_page.py:20: in click_login_link\n    self.click(self.LOGIN_LINK)\npages/base_page.py:60: in click\n    el: WebElement = self.wait.until(\n_ _ _ _ _ _ _ _ _ _ _ _ _ _ _ _ _ _ _ _ _ _ _ _ _ _ _ _ _ _ _ _ _ _ _ _ _ _ _ _ \n\nself = <selenium.webdriver.support.wait.WebDriverWait (session=\"7e7d61e179ca09ce918c594d9c16ae5a\")>\nmethod = <function element_to_be_clickable.<locals>._predicate at 0x7fdb05571c60>\nmessage = ''\n\n    def until(self, method: Callable[[D], Union[Literal[False], T]], message: str = \"\") -> T:\n        \"\"\"Calls the method provided with the driver as an argument until the \\\n        return value does not evaluate to ``False``.\n    \n        :param method: callable(WebDriver)\n        :param message: optional message for :exc:`TimeoutException`\n        :returns: the result of the last call to `method`\n        :raises: :exc:`selenium.common.exceptions.TimeoutException` if timeout occurs\n        \"\"\"\n        screen = None\n        stacktrace = None\n    \n        end_time = time.monotonic() + self._timeout\n        while True:\n            try:\n                value = method(self._driver)\n                if value:\n                    return value\n            except self._ignored_exceptions as exc:\n                screen = getattr(exc, \"screen\", None)\n                stacktrace = getattr(exc, \"stacktrace\", None)\n            time.sleep(self._poll)\n            if time.monotonic() > end_time:\n                break\n>       raise TimeoutException(message, screen, stacktrace)\nE       selenium.common.exceptions.TimeoutException: Message: \nE       Stacktrace:\nE       #0 0x5561080a786a <unknown>\nE       #1 0x556107d75e50 <unknown>\nE       #2 0x556107dc5644 <unknown>\nE       #3 0x556107dc5931 <unknown>\nE       #4 0x556107e0b534 <unknown>\nE       #5 0x556107dea4bd <unknown>\nE       #6 0x556107e089c6 <unknown>\nE       #7 0x556107dea233 <unknown>\nE       #8 0x556107db8093 <unknown>\nE       #9 0x556107db909e <unknown>\nE       #10 0x55610806eacb <unknown>\nE       #11 0x556108072a81 <unknown>\nE       #12 0x55610805a695 <unknown>\nE       #13 0x5561080735f2 <unknown>\nE       #14 0x55610803f86f <unknown>\nE       #15 0x556108096668 <unknown>\nE       #16 0x556108096832 <unknown>\nE       #17 0x5561080a665c <unknown>\nE       #18 0x7f19a2494ac3 <unknown>\n\n.venv/lib/python3.12/site-packages/selenium/webdriver/support/wait.py:105: TimeoutException","flaky":false,"newFailed":false,"newBroken":false,"newPassed":false,"retriesCount":1,"retriesStatusChange":false,"beforeStages":[],"testStage":{"description":"valid login","status":"broken","statusMessage":"selenium.common.exceptions.TimeoutException: Message: \nStacktrace:\n#0 0x5561080a786a <unknown>\n#1 0x556107d75e50 <unknown>\n#2 0x556107dc5644 <unknown>\n#3 0x556107dc5931 <unknown>\n#4 0x556107e0b534 <unknown>\n#5 0x556107dea4bd <unknown>\n#6 0x556107e089c6 <unknown>\n#7 0x556107dea233 <unknown>\n#8 0x556107db8093 <unknown>\n#9 0x556107db909e <unknown>\n#10 0x55610806eacb <unknown>\n#11 0x556108072a81 <unknown>\n#12 0x55610805a695 <unknown>\n#13 0x5561080735f2 <unknown>\n#14 0x55610803f86f <unknown>\n#15 0x556108096668 <unknown>\n#16 0x556108096832 <unknown>\n#17 0x5561080a665c <unknown>\n#18 0x7f19a2494ac3 <unknown>","statusTrace":"self = <tests.login_test.TestLogin object at 0x7fdb061ce420>\ndata = Data(forgot_password=ForgotPassword(error_message=\"We can't find a user with that e-mail address.\", success_message='A...ct='Non Existing', page_title='My Workspace', project_name='test project', project_type='quiz', template_type='Blank'))\n\n    @allure.description(\"valid login\")\n    @allure.title(\"Login with valid credentials test\")\n    @allure.tag(\"Tagged test\")\n    @pytest.mark.flaky(reruns=1)\n    def test_valid_login(self, data: Data):\n        self.about_page.set_geo_location(30.3079823, -97.893803)\n>       self.about_page.click_login_link()\n\ntests/login_test.py:43: \n_ _ _ _ _ _ _ _ _ _ _ _ _ _ _ _ _ _ _ _ _ _ _ _ _ _ _ _ _ _ _ _ _ _ _ _ _ _ _ _ \npages/about_page.py:20: in click_login_link\n    self.click(self.LOGIN_LINK)\npages/base_page.py:60: in click\n    el: WebElement = self.wait.until(\n_ _ _ _ _ _ _ _ _ _ _ _ _ _ _ _ _ _ _ _ _ _ _ _ _ _ _ _ _ _ _ _ _ _ _ _ _ _ _ _ \n\nself = <selenium.webdriver.support.wait.WebDriverWait (session=\"7e7d61e179ca09ce918c594d9c16ae5a\")>\nmethod = <function element_to_be_clickable.<locals>._predicate at 0x7fdb05571c60>\nmessage = ''\n\n    def until(self, method: Callable[[D], Union[Literal[False], T]], message: str = \"\") -> T:\n        \"\"\"Calls the method provided with the driver as an argument until the \\\n        return value does not evaluate to ``False``.\n    \n        :param method: callable(WebDriver)\n        :param message: optional message for :exc:`TimeoutException`\n        :returns: the result of the last call to `method`\n        :raises: :exc:`selenium.common.exceptions.TimeoutException` if timeout occurs\n        \"\"\"\n        screen = None\n        stacktrace = None\n    \n        end_time = time.monotonic() + self._timeout\n        while True:\n            try:\n                value = method(self._driver)\n                if value:\n                    return value\n            except self._ignored_exceptions as exc:\n                screen = getattr(exc, \"screen\", None)\n                stacktrace = getattr(exc, \"stacktrace\", None)\n            time.sleep(self._poll)\n            if time.monotonic() > end_time:\n                break\n>       raise TimeoutException(message, screen, stacktrace)\nE       selenium.common.exceptions.TimeoutException: Message: \nE       Stacktrace:\nE       #0 0x5561080a786a <unknown>\nE       #1 0x556107d75e50 <unknown>\nE       #2 0x556107dc5644 <unknown>\nE       #3 0x556107dc5931 <unknown>\nE       #4 0x556107e0b534 <unknown>\nE       #5 0x556107dea4bd <unknown>\nE       #6 0x556107e089c6 <unknown>\nE       #7 0x556107dea233 <unknown>\nE       #8 0x556107db8093 <unknown>\nE       #9 0x556107db909e <unknown>\nE       #10 0x55610806eacb <unknown>\nE       #11 0x556108072a81 <unknown>\nE       #12 0x55610805a695 <unknown>\nE       #13 0x5561080735f2 <unknown>\nE       #14 0x55610803f86f <unknown>\nE       #15 0x556108096668 <unknown>\nE       #16 0x556108096832 <unknown>\nE       #17 0x5561080a665c <unknown>\nE       #18 0x7f19a2494ac3 <unknown>\n\n.venv/lib/python3.12/site-packages/selenium/webdriver/support/wait.py:105: TimeoutException","steps":[{"name":"Click Login link","time":{"start":1726190811686,"stop":1726190822026,"duration":10340},"status":"broken","statusMessage":"selenium.common.exceptions.TimeoutException: Message: \nStacktrace:\n#0 0x5561080a786a <unknown>\n#1 0x556107d75e50 <unknown>\n#2 0x556107dc5644 <unknown>\n#3 0x556107dc5931 <unknown>\n#4 0x556107e0b534 <unknown>\n#5 0x556107dea4bd <unknown>\n#6 0x556107e089c6 <unknown>\n#7 0x556107dea233 <unknown>\n#8 0x556107db8093 <unknown>\n#9 0x556107db909e <unknown>\n#10 0x55610806eacb <unknown>\n#11 0x556108072a81 <unknown>\n#12 0x55610805a695 <unknown>\n#13 0x5561080735f2 <unknown>\n#14 0x55610803f86f <unknown>\n#15 0x556108096668 <unknown>\n#16 0x556108096832 <unknown>\n#17 0x5561080a665c <unknown>\n#18 0x7f19a2494ac3 <unknown>\n\n","statusTrace":"  File \"/home/runner/work/Selenium-Python-Example/Selenium-Python-Example/.venv/lib/python3.12/site-packages/allure_commons/_allure.py\", line 192, in impl\n    return func(*a, **kw)\n           ^^^^^^^^^^^^^^\n  File \"/home/runner/work/Selenium-Python-Example/Selenium-Python-Example/pages/about_page.py\", line 20, in click_login_link\n    self.click(self.LOGIN_LINK)\n  File \"/home/runner/work/Selenium-Python-Example/Selenium-Python-Example/pages/base_page.py\", line 60, in click\n    el: WebElement = self.wait.until(\n                     ^^^^^^^^^^^^^^^^\n  File \"/home/runner/work/Selenium-Python-Example/Selenium-Python-Example/.venv/lib/python3.12/site-packages/selenium/webdriver/support/wait.py\", line 105, in until\n    raise TimeoutException(message, screen, stacktrace)\n","steps":[],"attachments":[],"parameters":[],"shouldDisplayMessage":true,"hasContent":true,"attachmentStep":false,"stepsCount":0,"attachmentsCount":0},{"name":"public ip address","time":{"start":1726190822037,"stop":1726190822183,"duration":146},"status":"passed","steps":[],"attachments":[{"uid":"a72daabf58c3d1b2","name":"HTTP logs of http://checkip.amazonaws.com/","source":"a72daabf58c3d1b2.txt","type":"text/plain","size":356}],"parameters":[],"shouldDisplayMessage":false,"hasContent":true,"attachmentStep":false,"stepsCount":0,"attachmentsCount":1}],"attachments":[{"uid":"f72d88aa40d2a37","name":"Cookies","source":"f72d88aa40d2a37.json","type":"application/json","size":3582},{"uid":"3a78bb9496dcd676","name":"Session Storage","source":"3a78bb9496dcd676.json","type":"application/json","size":359},{"uid":"7b4304a31eef85e9","name":"Local Storage","source":"7b4304a31eef85e9.json","type":"application/json","size":350},{"uid":"68a5615c0e43f9dd","name":"Console Logs","source":"68a5615c0e43f9dd.json","type":"application/json","size":236},{"uid":"3d4b5f91fde19ec8","name":"Full Page Screenshot","source":"3d4b5f91fde19ec8.png","type":"image/png","size":4645955},{"uid":"19b6fdda956567c3","name":"URL","source":"19b6fdda956567c3.uri","type":"text/uri-list","size":23},{"uid":"999557e18c166748","name":"Network Logs","source":"999557e18c166748.json","type":"application/json","size":66413}],"parameters":[],"shouldDisplayMessage":true,"hasContent":true,"attachmentStep":false,"stepsCount":2,"attachmentsCount":8},"afterStages":[],"labels":[{"name":"epic","value":"Security"},{"name":"severity","value":"blocker"},{"name":"feature","value":"Login"},{"name":"tag","value":"Tagged test"},{"name":"tag","value":"flaky(reruns=1)"},{"name":"tag","value":"security"},{"name":"parentSuite","value":"tests"},{"name":"suite","value":"login_test"},{"name":"subSuite","value":"TestLogin"},{"name":"host","value":"fv-az1110-736"},{"name":"thread","value":"1852-MainThread"},{"name":"framework","value":"pytest"},{"name":"language","value":"cpython3"},{"name":"package","value":"tests.login_test"},{"name":"resultFormat","value":"allure2"}],"parameters":[],"links":[],"hidden":false,"retry":false,"extra":{"severity":"blocker","retries":[{"uid":"e95bb02d87ba21e0","status":"broken","statusDetails":"selenium.common.exceptions.TimeoutException: Message: \nStacktrace:\n#0 0x5561defa486a <unknown>\n#1 0x5561dec72e50 <unknown>\n#2 0x5561decc2644 <unknown>\n#3 0x5561decc2931 <unknown>\n#4 0x5561ded08534 <unknown>\n#5 0x5561dece74bd <unknown>\n#6 0x5561ded059c6 <unknown>\n#7 0x5561dece7233 <unknown>\n#8 0x5561decb5093 <unknown>\n#9 0x5561decb609e <unknown>\n#10 0x5561def6bacb <unknown>\n#11 0x5561def6fa81 <unknown>\n#12 0x5561def57695 <unknown>\n#13 0x5561def705f2 <unknown>\n#14 0x5561def3c86f <unknown>\n#15 0x5561def93668 <unknown>\n#16 0x5561def93832 <unknown>\n#17 0x5561defa365c <unknown>\n#18 0x7f2091e94ac3 <unknown>","time":{"start":1726190796532,"stop":1726190806873,"duration":10341}}],"categories":[{"name":"Test defects","matchedStatuses":[],"flaky":false}],"tags":["security","Tagged test","flaky(reruns=1)"]},"source":"2ec45417f5609c2.json","parameterValues":[]}