{"uid":"ffd858d3407a7431","name":"Cancel a project deletion","fullName":"tests.test_workspaces.TestWorkspaces#test_cancel_project_deletion","historyId":"73e48f11612b8be9a40ce0a427a468f9","time":{"start":1683923928452,"stop":1683923928452,"duration":0},"description":"Cancel project deletion","descriptionHtml":"<p>Cancel project deletion</p>\n","status":"broken","statusMessage":"selenium.common.exceptions.TimeoutException: Message: \nStacktrace:\n#0 0x56295f4b5133 <unknown>\n#1 0x56295f1e9966 <unknown>\n#2 0x56295f2260dc <unknown>\n#3 0x56295f226211 <unknown>\n#4 0x56295f2606c4 <unknown>\n#5 0x56295f245bfd <unknown>\n#6 0x56295f25e1c7 <unknown>\n#7 0x56295f2459a3 <unknown>\n#8 0x56295f21a46a <unknown>\n#9 0x56295f21b55e <unknown>\n#10 0x56295f474cae <unknown>\n#11 0x56295f4788fe <unknown>\n#12 0x56295f481f20 <unknown>\n#13 0x56295f479923 <unknown>\n#14 0x56295f44cc0e <unknown>\n#15 0x56295f49cb08 <unknown>\n#16 0x56295f49cc97 <unknown>\n#17 0x56295f4ad113 <unknown>\n#18 0x7f4615498b43 <unknown>","statusTrace":"self = <tests.test_workspaces.TestWorkspaces object at 0x7f2378ab2c50>\nrequest = <SubRequest 'setup_method_fixture' for <Function test_cancel_project_deletion>>\n\n    @pytest.fixture(autouse=True)\n    def setup_method_fixture(self, request):\n>       login(request, self.about_page, self.login_page)\n\ntests/test_workspaces.py:27: \n_ _ _ _ _ _ _ _ _ _ _ _ _ _ _ _ _ _ _ _ _ _ _ _ _ _ _ _ _ _ _ _ _ _ _ _ _ _ _ _ \ntests/test_workspaces.py:16: in login\n    about_page.click_login_link()\npages/about_page.py:19: in click_login_link\n    self.click(self.LOGIN_LINK)\npages/base_page.py:23: in click\n    el: WebElement = self.wait.until(expected_conditions.element_to_be_clickable(locator))\n_ _ _ _ _ _ _ _ _ _ _ _ _ _ _ _ _ _ _ _ _ _ _ _ _ _ _ _ _ _ _ _ _ _ _ _ _ _ _ _ \n\nself = <selenium.webdriver.support.wait.WebDriverWait (session=\"544bac6f13ff2b8e1b3e4c651b333801\")>\nmethod = <function element_to_be_clickable.<locals>._predicate at 0x7f2378a79ea0>\nmessage = ''\n\n    def until(self, method, message: str = \"\"):\n        \"\"\"Calls the method provided with the driver as an argument until the \\\n        return value does not evaluate to ``False``.\n    \n        :param method: callable(WebDriver)\n        :param message: optional message for :exc:`TimeoutException`\n        :returns: the result of the last call to `method`\n        :raises: :exc:`selenium.common.exceptions.TimeoutException` if timeout occurs\n        \"\"\"\n        screen = None\n        stacktrace = None\n    \n        end_time = time.monotonic() + self._timeout\n        while True:\n            try:\n                value = method(self._driver)\n                if value:\n                    return value\n            except self._ignored_exceptions as exc:\n                screen = getattr(exc, \"screen\", None)\n                stacktrace = getattr(exc, \"stacktrace\", None)\n            time.sleep(self._poll)\n            if time.monotonic() > end_time:\n                break\n>       raise TimeoutException(message, screen, stacktrace)\nE       selenium.common.exceptions.TimeoutException: Message: \nE       Stacktrace:\nE       #0 0x56295f4b5133 <unknown>\nE       #1 0x56295f1e9966 <unknown>\nE       #2 0x56295f2260dc <unknown>\nE       #3 0x56295f226211 <unknown>\nE       #4 0x56295f2606c4 <unknown>\nE       #5 0x56295f245bfd <unknown>\nE       #6 0x56295f25e1c7 <unknown>\nE       #7 0x56295f2459a3 <unknown>\nE       #8 0x56295f21a46a <unknown>\nE       #9 0x56295f21b55e <unknown>\nE       #10 0x56295f474cae <unknown>\nE       #11 0x56295f4788fe <unknown>\nE       #12 0x56295f481f20 <unknown>\nE       #13 0x56295f479923 <unknown>\nE       #14 0x56295f44cc0e <unknown>\nE       #15 0x56295f49cb08 <unknown>\nE       #16 0x56295f49cc97 <unknown>\nE       #17 0x56295f4ad113 <unknown>\nE       #18 0x7f4615498b43 <unknown>\n\n/opt/hostedtoolcache/Python/3.10.11/x64/lib/python3.10/site-packages/selenium/webdriver/support/wait.py:95: TimeoutException","flaky":false,"newFailed":false,"newBroken":false,"newPassed":false,"retriesCount":0,"retriesStatusChange":false,"beforeStages":[{"name":"json_data","time":{"start":1683923760828,"stop":1683923760828,"duration":0},"status":"passed","steps":[],"attachments":[],"parameters":[],"stepsCount":0,"attachmentsCount":0,"shouldDisplayMessage":false,"hasContent":false},{"name":"setup_method_fixture","time":{"start":1683923931214,"stop":1683923941471,"duration":10257},"status":"broken","statusMessage":"selenium.common.exceptions.TimeoutException: Message: \nStacktrace:\n#0 0x56295f4b5133 <unknown>\n#1 0x56295f1e9966 <unknown>\n#2 0x56295f2260dc <unknown>\n#3 0x56295f226211 <unknown>\n#4 0x56295f2606c4 <unknown>\n#5 0x56295f245bfd <unknown>\n#6 0x56295f25e1c7 <unknown>\n#7 0x56295f2459a3 <unknown>\n#8 0x56295f21a46a <unknown>\n#9 0x56295f21b55e <unknown>\n#10 0x56295f474cae <unknown>\n#11 0x56295f4788fe <unknown>\n#12 0x56295f481f20 <unknown>\n#13 0x56295f479923 <unknown>\n#14 0x56295f44cc0e <unknown>\n#15 0x56295f49cb08 <unknown>\n#16 0x56295f49cc97 <unknown>\n#17 0x56295f4ad113 <unknown>\n#18 0x7f4615498b43 <unknown>\n\n","statusTrace":"  File \"/opt/hostedtoolcache/Python/3.10.11/x64/lib/python3.10/site-packages/pluggy/_callers.py\", line 39, in _multicall\n    res = hook_impl.function(*args)\n  File \"/opt/hostedtoolcache/Python/3.10.11/x64/lib/python3.10/site-packages/_pytest/fixtures.py\", line 1129, in pytest_fixture_setup\n    result = call_fixture_func(fixturefunc, request, kwargs)\n  File \"/opt/hostedtoolcache/Python/3.10.11/x64/lib/python3.10/site-packages/_pytest/fixtures.py\", line 908, in call_fixture_func\n    fixture_result = fixturefunc(**kwargs)\n  File \"/home/runner/work/Selenium-Python-Example/Selenium-Python-Example/tests/test_workspaces.py\", line 27, in setup_method_fixture\n    login(request, self.about_page, self.login_page)\n  File \"/home/runner/work/Selenium-Python-Example/Selenium-Python-Example/tests/test_workspaces.py\", line 16, in login\n    about_page.click_login_link()\n  File \"/opt/hostedtoolcache/Python/3.10.11/x64/lib/python3.10/site-packages/allure_commons/_allure.py\", line 192, in impl\n    return func(*a, **kw)\n  File \"/home/runner/work/Selenium-Python-Example/Selenium-Python-Example/pages/about_page.py\", line 19, in click_login_link\n    self.click(self.LOGIN_LINK)\n  File \"/home/runner/work/Selenium-Python-Example/Selenium-Python-Example/pages/base_page.py\", line 23, in click\n    el: WebElement = self.wait.until(expected_conditions.element_to_be_clickable(locator))\n  File \"/opt/hostedtoolcache/Python/3.10.11/x64/lib/python3.10/site-packages/selenium/webdriver/support/wait.py\", line 95, in until\n    raise TimeoutException(message, screen, stacktrace)\n","steps":[{"name":"Click Login link","time":{"start":1683923931215,"stop":1683923941471,"duration":10256},"status":"broken","statusMessage":"selenium.common.exceptions.TimeoutException: Message: \nStacktrace:\n#0 0x56295f4b5133 <unknown>\n#1 0x56295f1e9966 <unknown>\n#2 0x56295f2260dc <unknown>\n#3 0x56295f226211 <unknown>\n#4 0x56295f2606c4 <unknown>\n#5 0x56295f245bfd <unknown>\n#6 0x56295f25e1c7 <unknown>\n#7 0x56295f2459a3 <unknown>\n#8 0x56295f21a46a <unknown>\n#9 0x56295f21b55e <unknown>\n#10 0x56295f474cae <unknown>\n#11 0x56295f4788fe <unknown>\n#12 0x56295f481f20 <unknown>\n#13 0x56295f479923 <unknown>\n#14 0x56295f44cc0e <unknown>\n#15 0x56295f49cb08 <unknown>\n#16 0x56295f49cc97 <unknown>\n#17 0x56295f4ad113 <unknown>\n#18 0x7f4615498b43 <unknown>\n\n","statusTrace":"  File \"/opt/hostedtoolcache/Python/3.10.11/x64/lib/python3.10/site-packages/allure_commons/_allure.py\", line 192, in impl\n    return func(*a, **kw)\n  File \"/home/runner/work/Selenium-Python-Example/Selenium-Python-Example/pages/about_page.py\", line 19, in click_login_link\n    self.click(self.LOGIN_LINK)\n  File \"/home/runner/work/Selenium-Python-Example/Selenium-Python-Example/pages/base_page.py\", line 23, in click\n    el: WebElement = self.wait.until(expected_conditions.element_to_be_clickable(locator))\n  File \"/opt/hostedtoolcache/Python/3.10.11/x64/lib/python3.10/site-packages/selenium/webdriver/support/wait.py\", line 95, in until\n    raise TimeoutException(message, screen, stacktrace)\n","steps":[],"attachments":[],"parameters":[],"stepsCount":0,"attachmentsCount":0,"shouldDisplayMessage":true,"hasContent":true}],"attachments":[],"parameters":[],"stepsCount":1,"attachmentsCount":0,"shouldDisplayMessage":false,"hasContent":true}],"testStage":{"description":"Cancel project deletion","status":"broken","statusMessage":"selenium.common.exceptions.TimeoutException: Message: \nStacktrace:\n#0 0x56295f4b5133 <unknown>\n#1 0x56295f1e9966 <unknown>\n#2 0x56295f2260dc <unknown>\n#3 0x56295f226211 <unknown>\n#4 0x56295f2606c4 <unknown>\n#5 0x56295f245bfd <unknown>\n#6 0x56295f25e1c7 <unknown>\n#7 0x56295f2459a3 <unknown>\n#8 0x56295f21a46a <unknown>\n#9 0x56295f21b55e <unknown>\n#10 0x56295f474cae <unknown>\n#11 0x56295f4788fe <unknown>\n#12 0x56295f481f20 <unknown>\n#13 0x56295f479923 <unknown>\n#14 0x56295f44cc0e <unknown>\n#15 0x56295f49cb08 <unknown>\n#16 0x56295f49cc97 <unknown>\n#17 0x56295f4ad113 <unknown>\n#18 0x7f4615498b43 <unknown>","statusTrace":"self = <tests.test_workspaces.TestWorkspaces object at 0x7f2378ab2c50>\nrequest = <SubRequest 'setup_method_fixture' for <Function test_cancel_project_deletion>>\n\n    @pytest.fixture(autouse=True)\n    def setup_method_fixture(self, request):\n>       login(request, self.about_page, self.login_page)\n\ntests/test_workspaces.py:27: \n_ _ _ _ _ _ _ _ _ _ _ _ _ _ _ _ _ _ _ _ _ _ _ _ _ _ _ _ _ _ _ _ _ _ _ _ _ _ _ _ \ntests/test_workspaces.py:16: in login\n    about_page.click_login_link()\npages/about_page.py:19: in click_login_link\n    self.click(self.LOGIN_LINK)\npages/base_page.py:23: in click\n    el: WebElement = self.wait.until(expected_conditions.element_to_be_clickable(locator))\n_ _ _ _ _ _ _ _ _ _ _ _ _ _ _ _ _ _ _ _ _ _ _ _ _ _ _ _ _ _ _ _ _ _ _ _ _ _ _ _ \n\nself = <selenium.webdriver.support.wait.WebDriverWait (session=\"544bac6f13ff2b8e1b3e4c651b333801\")>\nmethod = <function element_to_be_clickable.<locals>._predicate at 0x7f2378a79ea0>\nmessage = ''\n\n    def until(self, method, message: str = \"\"):\n        \"\"\"Calls the method provided with the driver as an argument until the \\\n        return value does not evaluate to ``False``.\n    \n        :param method: callable(WebDriver)\n        :param message: optional message for :exc:`TimeoutException`\n        :returns: the result of the last call to `method`\n        :raises: :exc:`selenium.common.exceptions.TimeoutException` if timeout occurs\n        \"\"\"\n        screen = None\n        stacktrace = None\n    \n        end_time = time.monotonic() + self._timeout\n        while True:\n            try:\n                value = method(self._driver)\n                if value:\n                    return value\n            except self._ignored_exceptions as exc:\n                screen = getattr(exc, \"screen\", None)\n                stacktrace = getattr(exc, \"stacktrace\", None)\n            time.sleep(self._poll)\n            if time.monotonic() > end_time:\n                break\n>       raise TimeoutException(message, screen, stacktrace)\nE       selenium.common.exceptions.TimeoutException: Message: \nE       Stacktrace:\nE       #0 0x56295f4b5133 <unknown>\nE       #1 0x56295f1e9966 <unknown>\nE       #2 0x56295f2260dc <unknown>\nE       #3 0x56295f226211 <unknown>\nE       #4 0x56295f2606c4 <unknown>\nE       #5 0x56295f245bfd <unknown>\nE       #6 0x56295f25e1c7 <unknown>\nE       #7 0x56295f2459a3 <unknown>\nE       #8 0x56295f21a46a <unknown>\nE       #9 0x56295f21b55e <unknown>\nE       #10 0x56295f474cae <unknown>\nE       #11 0x56295f4788fe <unknown>\nE       #12 0x56295f481f20 <unknown>\nE       #13 0x56295f479923 <unknown>\nE       #14 0x56295f44cc0e <unknown>\nE       #15 0x56295f49cb08 <unknown>\nE       #16 0x56295f49cc97 <unknown>\nE       #17 0x56295f4ad113 <unknown>\nE       #18 0x7f4615498b43 <unknown>\n\n/opt/hostedtoolcache/Python/3.10.11/x64/lib/python3.10/site-packages/selenium/webdriver/support/wait.py:95: TimeoutException","steps":[],"attachments":[{"uid":"f4fdc48044950a3a","name":"Full Page Screenshot","source":"f4fdc48044950a3a.png","type":"image/png","size":2662571},{"uid":"2be11ad8d7c06e76","name":"URL","source":"2be11ad8d7c06e76.uri","type":"text/uri-list","size":23},{"uid":"a3f80f33c7e28b0f","name":"public ip address","source":"a3f80f33c7e28b0f.txt","type":"text/plain","size":14},{"uid":"8b6a72f87ae786e","name":"Cookies","source":"8b6a72f87ae786e.json","type":"application/json","size":2736},{"uid":"3c7de8cc5e53a3cc","name":"Session Storage","source":"3c7de8cc5e53a3cc.json","type":"application/json","size":2},{"uid":"d4bea28598dce2cc","name":"Local Storage","source":"d4bea28598dce2cc.json","type":"application/json","size":2},{"uid":"53aec2c46f034dae","name":"Console Logs","source":"53aec2c46f034dae.json","type":"application/json","size":5314},{"uid":"12ecf9043a3a2db7","name":"Network Logs","source":"12ecf9043a3a2db7.json","type":"application/json","size":67067}],"parameters":[],"stepsCount":0,"attachmentsCount":8,"shouldDisplayMessage":true,"hasContent":true},"afterStages":[],"labels":[{"name":"severity","value":"normal"},{"name":"story","value":"WorkSpaces Creation and Editing Functionality"},{"name":"epic","value":"Workspaces"},{"name":"tag","value":"run(order=8)"},{"name":"parentSuite","value":"tests"},{"name":"suite","value":"test_workspaces"},{"name":"subSuite","value":"TestWorkspaces"},{"name":"host","value":"fv-az362-248"},{"name":"thread","value":"2188-MainThread"},{"name":"framework","value":"pytest"},{"name":"language","value":"cpython3"},{"name":"package","value":"tests.test_workspaces"},{"name":"resultFormat","value":"allure2"}],"parameters":[],"links":[],"hidden":false,"retry":false,"extra":{"severity":"normal","retries":[],"categories":[{"name":"Test defects","matchedStatuses":[],"flaky":false}],"tags":["run(order=8)"]},"source":"ffd858d3407a7431.json","parameterValues":[]}