{"uid":"f43014734fe4773d","name":"Login with invalid credentials test","fullName":"tests.login_test.TestLogin#test_invalid_login","historyId":"9bbc2729137fa409b9bc8067987e1d0d","time":{"start":1741138930983,"stop":1741138941446,"duration":10463},"description":"invalid login","descriptionHtml":"<p>invalid login</p>\n","status":"broken","statusMessage":"selenium.common.exceptions.TimeoutException: Message: \nStacktrace:\n#0 0x55f67ef5253a <unknown>\n#1 0x55f67ea4df00 <unknown>\n#2 0x55f67ea9dc0c <unknown>\n#3 0x55f67ea9de31 <unknown>\n#4 0x55f67eae3bd4 <unknown>\n#5 0x55f67eac25cd <unknown>\n#6 0x55f67eae0f84 <unknown>\n#7 0x55f67eac2343 <unknown>\n#8 0x55f67ea8f78a <unknown>\n#9 0x55f67ea909de <unknown>\n#10 0x55f67ef1c2cb <unknown>\n#11 0x55f67ef20242 <unknown>\n#12 0x55f67ef097ac <unknown>\n#13 0x55f67ef20df7 <unknown>\n#14 0x55f67eeedb2f <unknown>\n#15 0x55f67ef411a8 <unknown>\n#16 0x55f67ef41370 <unknown>\n#17 0x55f67ef513b6 <unknown>\n#18 0x7ff3c649caa4 <unknown>\n#19 0x7ff3c6529c3c <unknown>","statusTrace":"self = <tests.login_test.TestLogin object at 0x7fea46dc3320>\nemail = 'elias@gmail.com', password = '12345Tr'\ndata = Data(forgot_password=ForgotPassword(error_message=\"We can't find a user with that e-mail address.\", success_message='A...ct='Non Existing', page_title='My Workspace', project_name='test project', project_type='quiz', template_type='Blank'))\n\n    @allure.description(\"invalid login\")\n    @allure.title(\"Login with invalid credentials test\")\n    @pytest.mark.parametrize(\"email, password\", users)\n    @pytest.mark.run(order=3)\n    def test_invalid_login(self, email: str, password: str, data: Data):\n>       self.about_page.click_login_link()\n\ntests/login_test.py:26: \n_ _ _ _ _ _ _ _ _ _ _ _ _ _ _ _ _ _ _ _ _ _ _ _ _ _ _ _ _ _ _ _ _ _ _ _ _ _ _ _ \npages/about_page.py:20: in click_login_link\n    self.click(self.LOGIN_LINK)\npages/base_page.py:60: in click\n    el: WebElement = self.wait.until(\n_ _ _ _ _ _ _ _ _ _ _ _ _ _ _ _ _ _ _ _ _ _ _ _ _ _ _ _ _ _ _ _ _ _ _ _ _ _ _ _ \n\nself = <selenium.webdriver.support.wait.WebDriverWait (session=\"4abd44befac5e8cf4b96d7aa3575c14a\")>\nmethod = <function element_to_be_clickable.<locals>._predicate at 0x7fea4675ab60>\nmessage = ''\n\n    def until(self, method: Callable[[D], Union[Literal[False], T]], message: str = \"\") -> T:\n        \"\"\"Wait until the method returns a value that is not False.\n    \n        Calls the method provided with the driver as an argument until the\n        return value does not evaluate to ``False``.\n    \n        Parameters:\n        ----------\n        method: callable(WebDriver)\n            - A callable object that takes a WebDriver instance as an argument.\n    \n        message: str\n            - Optional message for :exc:`TimeoutException`\n    \n        Return:\n        -------\n        object: T\n            - The result of the last call to `method`\n    \n        Raises:\n        -------\n        TimeoutException\n            - If 'method' does not return a truthy value within the WebDriverWait\n            object's timeout\n    \n        Example:\n        --------\n        >>> from selenium.webdriver.common.by import By\n        >>> from selenium.webdriver.support.ui import WebDriverWait\n        >>> from selenium.webdriver.support import expected_conditions as EC\n    \n        # Wait until an element is visible on the page\n        >>> wait = WebDriverWait(driver, 10)\n        >>> element = wait.until(EC.visibility_of_element_located((By.ID, \"exampleId\")))\n        >>> print(element.text)\n        \"\"\"\n        screen = None\n        stacktrace = None\n    \n        end_time = time.monotonic() + self._timeout\n        while True:\n            try:\n                value = method(self._driver)\n                if value:\n                    return value\n            except self._ignored_exceptions as exc:\n                screen = getattr(exc, \"screen\", None)\n                stacktrace = getattr(exc, \"stacktrace\", None)\n            if time.monotonic() > end_time:\n                break\n            time.sleep(self._poll)\n>       raise TimeoutException(message, screen, stacktrace)\nE       selenium.common.exceptions.TimeoutException: Message: \nE       Stacktrace:\nE       #0 0x55f67ef5253a <unknown>\nE       #1 0x55f67ea4df00 <unknown>\nE       #2 0x55f67ea9dc0c <unknown>\nE       #3 0x55f67ea9de31 <unknown>\nE       #4 0x55f67eae3bd4 <unknown>\nE       #5 0x55f67eac25cd <unknown>\nE       #6 0x55f67eae0f84 <unknown>\nE       #7 0x55f67eac2343 <unknown>\nE       #8 0x55f67ea8f78a <unknown>\nE       #9 0x55f67ea909de <unknown>\nE       #10 0x55f67ef1c2cb <unknown>\nE       #11 0x55f67ef20242 <unknown>\nE       #12 0x55f67ef097ac <unknown>\nE       #13 0x55f67ef20df7 <unknown>\nE       #14 0x55f67eeedb2f <unknown>\nE       #15 0x55f67ef411a8 <unknown>\nE       #16 0x55f67ef41370 <unknown>\nE       #17 0x55f67ef513b6 <unknown>\nE       #18 0x7ff3c649caa4 <unknown>\nE       #19 0x7ff3c6529c3c <unknown>\n\n.venv/lib/python3.12/site-packages/selenium/webdriver/support/wait.py:146: TimeoutException","flaky":false,"newFailed":false,"newBroken":false,"newPassed":false,"retriesCount":0,"retriesStatusChange":false,"beforeStages":[{"name":"base_url","time":{"start":1741138881331,"stop":1741138881331,"duration":0},"status":"passed","steps":[],"attachments":[],"parameters":[],"shouldDisplayMessage":false,"stepsCount":0,"attachmentsCount":0,"hasContent":false,"attachmentStep":false},{"name":"_verify_url","time":{"start":1741138881331,"stop":1741138881331,"duration":0},"status":"passed","steps":[],"attachments":[],"parameters":[],"shouldDisplayMessage":false,"stepsCount":0,"attachmentsCount":0,"hasContent":false,"attachmentStep":false},{"name":"session_request","time":{"start":1741138881331,"stop":1741138881332,"duration":1},"status":"passed","steps":[],"attachments":[],"parameters":[],"shouldDisplayMessage":false,"stepsCount":0,"attachmentsCount":0,"hasContent":false,"attachmentStep":false},{"name":"data","time":{"start":1741138881332,"stop":1741138881332,"duration":0},"status":"passed","steps":[],"attachments":[],"parameters":[],"shouldDisplayMessage":false,"stepsCount":0,"attachmentsCount":0,"hasContent":false,"attachmentStep":false}],"testStage":{"description":"invalid login","status":"broken","statusMessage":"selenium.common.exceptions.TimeoutException: Message: \nStacktrace:\n#0 0x55f67ef5253a <unknown>\n#1 0x55f67ea4df00 <unknown>\n#2 0x55f67ea9dc0c <unknown>\n#3 0x55f67ea9de31 <unknown>\n#4 0x55f67eae3bd4 <unknown>\n#5 0x55f67eac25cd <unknown>\n#6 0x55f67eae0f84 <unknown>\n#7 0x55f67eac2343 <unknown>\n#8 0x55f67ea8f78a <unknown>\n#9 0x55f67ea909de <unknown>\n#10 0x55f67ef1c2cb <unknown>\n#11 0x55f67ef20242 <unknown>\n#12 0x55f67ef097ac <unknown>\n#13 0x55f67ef20df7 <unknown>\n#14 0x55f67eeedb2f <unknown>\n#15 0x55f67ef411a8 <unknown>\n#16 0x55f67ef41370 <unknown>\n#17 0x55f67ef513b6 <unknown>\n#18 0x7ff3c649caa4 <unknown>\n#19 0x7ff3c6529c3c <unknown>","statusTrace":"self = <tests.login_test.TestLogin object at 0x7fea46dc3320>\nemail = 'elias@gmail.com', password = '12345Tr'\ndata = Data(forgot_password=ForgotPassword(error_message=\"We can't find a user with that e-mail address.\", success_message='A...ct='Non Existing', page_title='My Workspace', project_name='test project', project_type='quiz', template_type='Blank'))\n\n    @allure.description(\"invalid login\")\n    @allure.title(\"Login with invalid credentials test\")\n    @pytest.mark.parametrize(\"email, password\", users)\n    @pytest.mark.run(order=3)\n    def test_invalid_login(self, email: str, password: str, data: Data):\n>       self.about_page.click_login_link()\n\ntests/login_test.py:26: \n_ _ _ _ _ _ _ _ _ _ _ _ _ _ _ _ _ _ _ _ _ _ _ _ _ _ _ _ _ _ _ _ _ _ _ _ _ _ _ _ \npages/about_page.py:20: in click_login_link\n    self.click(self.LOGIN_LINK)\npages/base_page.py:60: in click\n    el: WebElement = self.wait.until(\n_ _ _ _ _ _ _ _ _ _ _ _ _ _ _ _ _ _ _ _ _ _ _ _ _ _ _ _ _ _ _ _ _ _ _ _ _ _ _ _ \n\nself = <selenium.webdriver.support.wait.WebDriverWait (session=\"4abd44befac5e8cf4b96d7aa3575c14a\")>\nmethod = <function element_to_be_clickable.<locals>._predicate at 0x7fea4675ab60>\nmessage = ''\n\n    def until(self, method: Callable[[D], Union[Literal[False], T]], message: str = \"\") -> T:\n        \"\"\"Wait until the method returns a value that is not False.\n    \n        Calls the method provided with the driver as an argument until the\n        return value does not evaluate to ``False``.\n    \n        Parameters:\n        ----------\n        method: callable(WebDriver)\n            - A callable object that takes a WebDriver instance as an argument.\n    \n        message: str\n            - Optional message for :exc:`TimeoutException`\n    \n        Return:\n        -------\n        object: T\n            - The result of the last call to `method`\n    \n        Raises:\n        -------\n        TimeoutException\n            - If 'method' does not return a truthy value within the WebDriverWait\n            object's timeout\n    \n        Example:\n        --------\n        >>> from selenium.webdriver.common.by import By\n        >>> from selenium.webdriver.support.ui import WebDriverWait\n        >>> from selenium.webdriver.support import expected_conditions as EC\n    \n        # Wait until an element is visible on the page\n        >>> wait = WebDriverWait(driver, 10)\n        >>> element = wait.until(EC.visibility_of_element_located((By.ID, \"exampleId\")))\n        >>> print(element.text)\n        \"\"\"\n        screen = None\n        stacktrace = None\n    \n        end_time = time.monotonic() + self._timeout\n        while True:\n            try:\n                value = method(self._driver)\n                if value:\n                    return value\n            except self._ignored_exceptions as exc:\n                screen = getattr(exc, \"screen\", None)\n                stacktrace = getattr(exc, \"stacktrace\", None)\n            if time.monotonic() > end_time:\n                break\n            time.sleep(self._poll)\n>       raise TimeoutException(message, screen, stacktrace)\nE       selenium.common.exceptions.TimeoutException: Message: \nE       Stacktrace:\nE       #0 0x55f67ef5253a <unknown>\nE       #1 0x55f67ea4df00 <unknown>\nE       #2 0x55f67ea9dc0c <unknown>\nE       #3 0x55f67ea9de31 <unknown>\nE       #4 0x55f67eae3bd4 <unknown>\nE       #5 0x55f67eac25cd <unknown>\nE       #6 0x55f67eae0f84 <unknown>\nE       #7 0x55f67eac2343 <unknown>\nE       #8 0x55f67ea8f78a <unknown>\nE       #9 0x55f67ea909de <unknown>\nE       #10 0x55f67ef1c2cb <unknown>\nE       #11 0x55f67ef20242 <unknown>\nE       #12 0x55f67ef097ac <unknown>\nE       #13 0x55f67ef20df7 <unknown>\nE       #14 0x55f67eeedb2f <unknown>\nE       #15 0x55f67ef411a8 <unknown>\nE       #16 0x55f67ef41370 <unknown>\nE       #17 0x55f67ef513b6 <unknown>\nE       #18 0x7ff3c649caa4 <unknown>\nE       #19 0x7ff3c6529c3c <unknown>\n\n.venv/lib/python3.12/site-packages/selenium/webdriver/support/wait.py:146: TimeoutException","steps":[{"name":"Click Login link","time":{"start":1741138930983,"stop":1741138941446,"duration":10463},"status":"broken","statusMessage":"selenium.common.exceptions.TimeoutException: Message: \nStacktrace:\n#0 0x55f67ef5253a <unknown>\n#1 0x55f67ea4df00 <unknown>\n#2 0x55f67ea9dc0c <unknown>\n#3 0x55f67ea9de31 <unknown>\n#4 0x55f67eae3bd4 <unknown>\n#5 0x55f67eac25cd <unknown>\n#6 0x55f67eae0f84 <unknown>\n#7 0x55f67eac2343 <unknown>\n#8 0x55f67ea8f78a <unknown>\n#9 0x55f67ea909de <unknown>\n#10 0x55f67ef1c2cb <unknown>\n#11 0x55f67ef20242 <unknown>\n#12 0x55f67ef097ac <unknown>\n#13 0x55f67ef20df7 <unknown>\n#14 0x55f67eeedb2f <unknown>\n#15 0x55f67ef411a8 <unknown>\n#16 0x55f67ef41370 <unknown>\n#17 0x55f67ef513b6 <unknown>\n#18 0x7ff3c649caa4 <unknown>\n#19 0x7ff3c6529c3c <unknown>\n\n","statusTrace":"  File \"/home/runner/work/Selenium-Python-Example/Selenium-Python-Example/.venv/lib/python3.12/site-packages/allure_commons/_allure.py\", line 192, in impl\n    return func(*a, **kw)\n           ^^^^^^^^^^^^^^\n  File \"/home/runner/work/Selenium-Python-Example/Selenium-Python-Example/pages/about_page.py\", line 20, in click_login_link\n    self.click(self.LOGIN_LINK)\n  File \"/home/runner/work/Selenium-Python-Example/Selenium-Python-Example/pages/base_page.py\", line 60, in click\n    el: WebElement = self.wait.until(\n                     ^^^^^^^^^^^^^^^^\n  File \"/home/runner/work/Selenium-Python-Example/Selenium-Python-Example/.venv/lib/python3.12/site-packages/selenium/webdriver/support/wait.py\", line 146, in until\n    raise TimeoutException(message, screen, stacktrace)\n","steps":[],"attachments":[],"parameters":[],"shouldDisplayMessage":true,"stepsCount":0,"attachmentsCount":0,"hasContent":true,"attachmentStep":false},{"name":"public ip address","time":{"start":1741138941460,"stop":1741138941496,"duration":36},"status":"passed","steps":[],"attachments":[{"uid":"69d590aa23838ad","name":"HTTP logs of http://checkip.amazonaws.com/","source":"69d590aa23838ad.txt","type":"text/plain","size":356}],"parameters":[],"shouldDisplayMessage":false,"stepsCount":0,"attachmentsCount":1,"hasContent":true,"attachmentStep":false}],"attachments":[{"uid":"a0434296fbf8f60c","name":"Cookies","source":"a0434296fbf8f60c.json","type":"application/json","size":4110},{"uid":"a1092b9c86623792","name":"Session Storage","source":"a1092b9c86623792.json","type":"application/json","size":359},{"uid":"554983462993feb","name":"Local Storage","source":"554983462993feb.json","type":"application/json","size":791},{"uid":"256ff19367ebaf14","name":"Full Page Screenshot","source":"256ff19367ebaf14.png","type":"image/png","size":4186110},{"uid":"b89fc385959883d","name":"URL","source":"b89fc385959883d.uri","type":"text/uri-list","size":23},{"uid":"9ca4b7c985211f29","name":"Network Logs","source":"9ca4b7c985211f29.json","type":"application/json","size":5938890}],"parameters":[],"shouldDisplayMessage":true,"stepsCount":2,"attachmentsCount":7,"hasContent":true,"attachmentStep":false},"afterStages":[{"name":"session_request::0","time":{"start":1741139060295,"stop":1741139060295,"duration":0},"status":"passed","steps":[],"attachments":[],"parameters":[],"shouldDisplayMessage":false,"stepsCount":0,"attachmentsCount":0,"hasContent":false,"attachmentStep":false}],"labels":[{"name":"epic","value":"Security"},{"name":"severity","value":"blocker"},{"name":"feature","value":"Login"},{"name":"tag","value":"run(order=3)"},{"name":"tag","value":"security"},{"name":"parentSuite","value":"tests"},{"name":"suite","value":"login_test"},{"name":"subSuite","value":"TestLogin"},{"name":"host","value":"fv-az816-183"},{"name":"thread","value":"2030-MainThread"},{"name":"framework","value":"pytest"},{"name":"language","value":"cpython3"},{"name":"package","value":"tests.login_test"},{"name":"resultFormat","value":"allure2"}],"parameters":[{"name":"email","value":"'elias@gmail.com'"},{"name":"password","value":"'12345Tr'"}],"links":[],"hidden":false,"retry":false,"extra":{"severity":"blocker","retries":[],"categories":[{"name":"Test defects","matchedStatuses":[],"flaky":false}],"tags":["run(order=3)","security"]},"source":"f43014734fe4773d.json","parameterValues":["'elias@gmail.com'","'12345Tr'"]}