{"uid":"c0b40ee00ce35cf7","name":"Login with valid credentials test","fullName":"tests.login_test.TestLogin#test_valid_login","historyId":"18657c207d70aa57845e0b7f4751c290","time":{"start":1700961599192,"stop":1700961609437,"duration":10245},"description":"valid login","descriptionHtml":"<p>valid login</p>\n","status":"broken","statusMessage":"selenium.common.exceptions.TimeoutException: Message: \nStacktrace:\n#0 0x55eb53d3d5e3 <unknown>\n#1 0x55eb53a000b7 <unknown>\n#2 0x55eb53a4df53 <unknown>\n#3 0x55eb53a4e051 <unknown>\n#4 0x55eb53a939c4 <unknown>\n#5 0x55eb53a74f1d <unknown>\n#6 0x55eb53a90b3d <unknown>\n#7 0x55eb53a74cc3 <unknown>\n#8 0x55eb53a400e4 <unknown>\n#9 0x55eb53a410ae <unknown>\n#10 0x55eb53d03ce1 <unknown>\n#11 0x55eb53d07b7e <unknown>\n#12 0x55eb53cf14b5 <unknown>\n#13 0x55eb53d087d6 <unknown>\n#14 0x55eb53cd4dbf <unknown>\n#15 0x55eb53d2b748 <unknown>\n#16 0x55eb53d2b917 <unknown>\n#17 0x55eb53d3c773 <unknown>\n#18 0x7f096d894ac3 <unknown>","statusTrace":"self = <tests.login_test.TestLogin object at 0x7f31da034c10>\njson_data = {'forgot_password': {'error_message': \"We can't find a user with that e-mail address.\", 'success_message': 'A reset li...you page', 'name': 'test', 'new_name': 'another test', 'no_project_found_msg': 'No project matches the criteria', ...}}\n\n    @allure.description(\"valid login\")\n    @allure.title(\"Login with valid credentials test\")\n    @allure.tag(\"Tagged test\")\n    @pytest.mark.flaky(reruns=1)\n    def test_valid_login(self, json_data: dict):\n>       self.about_page.click_login_link()\n\ntests/login_test.py:41: \n_ _ _ _ _ _ _ _ _ _ _ _ _ _ _ _ _ _ _ _ _ _ _ _ _ _ _ _ _ _ _ _ _ _ _ _ _ _ _ _ \npages/about_page.py:20: in click_login_link\n    self.click(self.LOGIN_LINK)\npages/base_page.py:38: in click\n    el: WebElement = self.wait.until(\n_ _ _ _ _ _ _ _ _ _ _ _ _ _ _ _ _ _ _ _ _ _ _ _ _ _ _ _ _ _ _ _ _ _ _ _ _ _ _ _ \n\nself = <selenium.webdriver.support.wait.WebDriverWait (session=\"bcc05b932b9fb7256b2686b84c4bc02d\")>\nmethod = <function element_to_be_clickable.<locals>._predicate at 0x7f31d9f31300>\nmessage = ''\n\n    def until(self, method: Callable[[WebDriver], Union[Literal[False], T]], message: str = \"\") -> T:\n        \"\"\"Calls the method provided with the driver as an argument until the \\\n        return value does not evaluate to ``False``.\n    \n        :param method: callable(WebDriver)\n        :param message: optional message for :exc:`TimeoutException`\n        :returns: the result of the last call to `method`\n        :raises: :exc:`selenium.common.exceptions.TimeoutException` if timeout occurs\n        \"\"\"\n        screen = None\n        stacktrace = None\n    \n        end_time = time.monotonic() + self._timeout\n        while True:\n            try:\n                value = method(self._driver)\n                if value:\n                    return value\n            except self._ignored_exceptions as exc:\n                screen = getattr(exc, \"screen\", None)\n                stacktrace = getattr(exc, \"stacktrace\", None)\n            time.sleep(self._poll)\n            if time.monotonic() > end_time:\n                break\n>       raise TimeoutException(message, screen, stacktrace)\nE       selenium.common.exceptions.TimeoutException: Message: \nE       Stacktrace:\nE       #0 0x55eb53d3d5e3 <unknown>\nE       #1 0x55eb53a000b7 <unknown>\nE       #2 0x55eb53a4df53 <unknown>\nE       #3 0x55eb53a4e051 <unknown>\nE       #4 0x55eb53a939c4 <unknown>\nE       #5 0x55eb53a74f1d <unknown>\nE       #6 0x55eb53a90b3d <unknown>\nE       #7 0x55eb53a74cc3 <unknown>\nE       #8 0x55eb53a400e4 <unknown>\nE       #9 0x55eb53a410ae <unknown>\nE       #10 0x55eb53d03ce1 <unknown>\nE       #11 0x55eb53d07b7e <unknown>\nE       #12 0x55eb53cf14b5 <unknown>\nE       #13 0x55eb53d087d6 <unknown>\nE       #14 0x55eb53cd4dbf <unknown>\nE       #15 0x55eb53d2b748 <unknown>\nE       #16 0x55eb53d2b917 <unknown>\nE       #17 0x55eb53d3c773 <unknown>\nE       #18 0x7f096d894ac3 <unknown>\n\n.venv/lib/python3.11/site-packages/selenium/webdriver/support/wait.py:101: TimeoutException","flaky":false,"newFailed":false,"newBroken":false,"newPassed":false,"retriesCount":1,"retriesStatusChange":false,"beforeStages":[{"name":"base_url","time":{"start":1700961358857,"stop":1700961358857,"duration":0},"status":"passed","steps":[],"attachments":[],"parameters":[],"shouldDisplayMessage":false,"stepsCount":0,"attachmentsCount":0,"hasContent":false},{"name":"_verify_url","time":{"start":1700961358857,"stop":1700961358857,"duration":0},"status":"passed","steps":[],"attachments":[],"parameters":[],"shouldDisplayMessage":false,"stepsCount":0,"attachmentsCount":0,"hasContent":false},{"name":"json_data","time":{"start":1700961358858,"stop":1700961358858,"duration":0},"status":"passed","steps":[],"attachments":[],"parameters":[],"shouldDisplayMessage":false,"stepsCount":0,"attachmentsCount":0,"hasContent":false}],"testStage":{"description":"valid login","status":"broken","statusMessage":"selenium.common.exceptions.TimeoutException: Message: \nStacktrace:\n#0 0x55eb53d3d5e3 <unknown>\n#1 0x55eb53a000b7 <unknown>\n#2 0x55eb53a4df53 <unknown>\n#3 0x55eb53a4e051 <unknown>\n#4 0x55eb53a939c4 <unknown>\n#5 0x55eb53a74f1d <unknown>\n#6 0x55eb53a90b3d <unknown>\n#7 0x55eb53a74cc3 <unknown>\n#8 0x55eb53a400e4 <unknown>\n#9 0x55eb53a410ae <unknown>\n#10 0x55eb53d03ce1 <unknown>\n#11 0x55eb53d07b7e <unknown>\n#12 0x55eb53cf14b5 <unknown>\n#13 0x55eb53d087d6 <unknown>\n#14 0x55eb53cd4dbf <unknown>\n#15 0x55eb53d2b748 <unknown>\n#16 0x55eb53d2b917 <unknown>\n#17 0x55eb53d3c773 <unknown>\n#18 0x7f096d894ac3 <unknown>","statusTrace":"self = <tests.login_test.TestLogin object at 0x7f31da034c10>\njson_data = {'forgot_password': {'error_message': \"We can't find a user with that e-mail address.\", 'success_message': 'A reset li...you page', 'name': 'test', 'new_name': 'another test', 'no_project_found_msg': 'No project matches the criteria', ...}}\n\n    @allure.description(\"valid login\")\n    @allure.title(\"Login with valid credentials test\")\n    @allure.tag(\"Tagged test\")\n    @pytest.mark.flaky(reruns=1)\n    def test_valid_login(self, json_data: dict):\n>       self.about_page.click_login_link()\n\ntests/login_test.py:41: \n_ _ _ _ _ _ _ _ _ _ _ _ _ _ _ _ _ _ _ _ _ _ _ _ _ _ _ _ _ _ _ _ _ _ _ _ _ _ _ _ \npages/about_page.py:20: in click_login_link\n    self.click(self.LOGIN_LINK)\npages/base_page.py:38: in click\n    el: WebElement = self.wait.until(\n_ _ _ _ _ _ _ _ _ _ _ _ _ _ _ _ _ _ _ _ _ _ _ _ _ _ _ _ _ _ _ _ _ _ _ _ _ _ _ _ \n\nself = <selenium.webdriver.support.wait.WebDriverWait (session=\"bcc05b932b9fb7256b2686b84c4bc02d\")>\nmethod = <function element_to_be_clickable.<locals>._predicate at 0x7f31d9f31300>\nmessage = ''\n\n    def until(self, method: Callable[[WebDriver], Union[Literal[False], T]], message: str = \"\") -> T:\n        \"\"\"Calls the method provided with the driver as an argument until the \\\n        return value does not evaluate to ``False``.\n    \n        :param method: callable(WebDriver)\n        :param message: optional message for :exc:`TimeoutException`\n        :returns: the result of the last call to `method`\n        :raises: :exc:`selenium.common.exceptions.TimeoutException` if timeout occurs\n        \"\"\"\n        screen = None\n        stacktrace = None\n    \n        end_time = time.monotonic() + self._timeout\n        while True:\n            try:\n                value = method(self._driver)\n                if value:\n                    return value\n            except self._ignored_exceptions as exc:\n                screen = getattr(exc, \"screen\", None)\n                stacktrace = getattr(exc, \"stacktrace\", None)\n            time.sleep(self._poll)\n            if time.monotonic() > end_time:\n                break\n>       raise TimeoutException(message, screen, stacktrace)\nE       selenium.common.exceptions.TimeoutException: Message: \nE       Stacktrace:\nE       #0 0x55eb53d3d5e3 <unknown>\nE       #1 0x55eb53a000b7 <unknown>\nE       #2 0x55eb53a4df53 <unknown>\nE       #3 0x55eb53a4e051 <unknown>\nE       #4 0x55eb53a939c4 <unknown>\nE       #5 0x55eb53a74f1d <unknown>\nE       #6 0x55eb53a90b3d <unknown>\nE       #7 0x55eb53a74cc3 <unknown>\nE       #8 0x55eb53a400e4 <unknown>\nE       #9 0x55eb53a410ae <unknown>\nE       #10 0x55eb53d03ce1 <unknown>\nE       #11 0x55eb53d07b7e <unknown>\nE       #12 0x55eb53cf14b5 <unknown>\nE       #13 0x55eb53d087d6 <unknown>\nE       #14 0x55eb53cd4dbf <unknown>\nE       #15 0x55eb53d2b748 <unknown>\nE       #16 0x55eb53d2b917 <unknown>\nE       #17 0x55eb53d3c773 <unknown>\nE       #18 0x7f096d894ac3 <unknown>\n\n.venv/lib/python3.11/site-packages/selenium/webdriver/support/wait.py:101: TimeoutException","steps":[{"name":"Click Login link","time":{"start":1700961599192,"stop":1700961609437,"duration":10245},"status":"broken","statusMessage":"selenium.common.exceptions.TimeoutException: Message: \nStacktrace:\n#0 0x55eb53d3d5e3 <unknown>\n#1 0x55eb53a000b7 <unknown>\n#2 0x55eb53a4df53 <unknown>\n#3 0x55eb53a4e051 <unknown>\n#4 0x55eb53a939c4 <unknown>\n#5 0x55eb53a74f1d <unknown>\n#6 0x55eb53a90b3d <unknown>\n#7 0x55eb53a74cc3 <unknown>\n#8 0x55eb53a400e4 <unknown>\n#9 0x55eb53a410ae <unknown>\n#10 0x55eb53d03ce1 <unknown>\n#11 0x55eb53d07b7e <unknown>\n#12 0x55eb53cf14b5 <unknown>\n#13 0x55eb53d087d6 <unknown>\n#14 0x55eb53cd4dbf <unknown>\n#15 0x55eb53d2b748 <unknown>\n#16 0x55eb53d2b917 <unknown>\n#17 0x55eb53d3c773 <unknown>\n#18 0x7f096d894ac3 <unknown>\n\n","statusTrace":"  File \"/home/runner/work/Selenium-Python-Example/Selenium-Python-Example/.venv/lib/python3.11/site-packages/allure_commons/_allure.py\", line 192, in impl\n    return func(*a, **kw)\n           ^^^^^^^^^^^^^^\n  File \"/home/runner/work/Selenium-Python-Example/Selenium-Python-Example/pages/about_page.py\", line 20, in click_login_link\n    self.click(self.LOGIN_LINK)\n  File \"/home/runner/work/Selenium-Python-Example/Selenium-Python-Example/pages/base_page.py\", line 38, in click\n    el: WebElement = self.wait.until(\n                     ^^^^^^^^^^^^^^^^\n  File \"/home/runner/work/Selenium-Python-Example/Selenium-Python-Example/.venv/lib/python3.11/site-packages/selenium/webdriver/support/wait.py\", line 101, in until\n    raise TimeoutException(message, screen, stacktrace)\n","steps":[],"attachments":[],"parameters":[],"shouldDisplayMessage":true,"stepsCount":0,"attachmentsCount":0,"hasContent":true}],"attachments":[{"uid":"8d8a9f2a31c95b55","name":"public ip address","source":"8d8a9f2a31c95b55.txt","type":"text/plain","size":12},{"uid":"47e71941bc192766","name":"Cookies","source":"47e71941bc192766.json","type":"application/json","size":3360},{"uid":"f3c57173943897c","name":"Session Storage","source":"f3c57173943897c.json","type":"application/json","size":358},{"uid":"1adeb94fe5dcd1bd","name":"Local Storage","source":"1adeb94fe5dcd1bd.json","type":"application/json","size":208},{"uid":"c1190509c878006e","name":"Console Logs","source":"c1190509c878006e.json","type":"application/json","size":2},{"uid":"f47c165e11ce236d","name":"Full Page Screenshot","source":"f47c165e11ce236d.png","type":"image/png","size":1201057},{"uid":"6d5656e8dfc72dd4","name":"URL","source":"6d5656e8dfc72dd4.uri","type":"text/uri-list","size":23},{"uid":"8eb6cd1342ceac78","name":"Network Logs","source":"8eb6cd1342ceac78.json","type":"application/json","size":22903}],"parameters":[],"shouldDisplayMessage":true,"stepsCount":1,"attachmentsCount":8,"hasContent":true},"afterStages":[],"labels":[{"name":"severity","value":"blocker"},{"name":"feature","value":"Login"},{"name":"epic","value":"Security"},{"name":"tag","value":"Tagged test"},{"name":"tag","value":"flaky(reruns=1)"},{"name":"tag","value":"security"},{"name":"parentSuite","value":"tests"},{"name":"suite","value":"login_test"},{"name":"subSuite","value":"TestLogin"},{"name":"host","value":"fv-az566-6"},{"name":"thread","value":"2233-MainThread"},{"name":"framework","value":"pytest"},{"name":"language","value":"cpython3"},{"name":"package","value":"tests.login_test"},{"name":"resultFormat","value":"allure2"}],"parameters":[],"links":[],"hidden":false,"retry":false,"extra":{"severity":"blocker","retries":[{"uid":"a4cb495a4607394a","status":"broken","statusDetails":"selenium.common.exceptions.TimeoutException: Message: \nStacktrace:\n#0 0x5602ddf375e3 <unknown>\n#1 0x5602ddbfa0b7 <unknown>\n#2 0x5602ddc47f53 <unknown>\n#3 0x5602ddc48051 <unknown>\n#4 0x5602ddc8d9c4 <unknown>\n#5 0x5602ddc6ef1d <unknown>\n#6 0x5602ddc8ab3d <unknown>\n#7 0x5602ddc6ecc3 <unknown>\n#8 0x5602ddc3a0e4 <unknown>\n#9 0x5602ddc3b0ae <unknown>\n#10 0x5602ddefdce1 <unknown>\n#11 0x5602ddf01b7e <unknown>\n#12 0x5602ddeeb4b5 <unknown>\n#13 0x5602ddf027d6 <unknown>\n#14 0x5602ddecedbf <unknown>\n#15 0x5602ddf25748 <unknown>\n#16 0x5602ddf25917 <unknown>\n#17 0x5602ddf36773 <unknown>\n#18 0x7f4006494ac3 <unknown>","time":{"start":1700961585877,"stop":1700961596142,"duration":10265}}],"categories":[{"name":"Test defects","matchedStatuses":[],"flaky":false}],"tags":["security","Tagged test","flaky(reruns=1)"]},"source":"c0b40ee00ce35cf7.json","parameterValues":[]}