{"uid":"30b015e4106fcd97","name":"Search for non existing project","fullName":"tests.workspaces_test.TestWorkspaces#test_search_for_non_existing_project","historyId":"ed697c69c4643fc2c746342bc96c6608","time":{"start":1715130164752,"stop":1715130164752,"duration":0},"description":"Search for a non existing project","descriptionHtml":"<p>Search for a non existing project</p>\n","status":"broken","statusMessage":"selenium.common.exceptions.TimeoutException: Message: \nStacktrace:\n#0 0x55661c4e9e33 <unknown>\n#1 0x55661c1d9567 <unknown>\n#2 0x55661c22427d <unknown>\n#3 0x55661c224331 <unknown>\n#4 0x55661c267624 <unknown>\n#5 0x55661c24638d <unknown>\n#6 0x55661c264ae2 <unknown>\n#7 0x55661c246103 <unknown>\n#8 0x55661c2171ba <unknown>\n#9 0x55661c217b8e <unknown>\n#10 0x55661c4ae59b <unknown>\n#11 0x55661c4b234b <unknown>\n#12 0x55661c49a681 <unknown>\n#13 0x55661c4b2eb2 <unknown>\n#14 0x55661c47f6af <unknown>\n#15 0x55661c4d9428 <unknown>\n#16 0x55661c4d9600 <unknown>\n#17 0x55661c4e8f84 <unknown>\n#18 0x7fc818094ac3 <unknown>","statusTrace":"self = <tests.workspaces_test.TestWorkspaces object at 0x7f57bf0240e0>\n\n    @pytest.fixture(autouse=True)\n    def setup_method_fixture(self):\n>       login(self.about_page, self.login_page)\n\ntests/workspaces_test.py:25: \n_ _ _ _ _ _ _ _ _ _ _ _ _ _ _ _ _ _ _ _ _ _ _ _ _ _ _ _ _ _ _ _ _ _ _ _ _ _ _ _ \ntests/workspaces_test.py:15: in login\n    about_page.click_login_link()\npages/about_page.py:20: in click_login_link\n    self.click(self.LOGIN_LINK)\npages/base_page.py:60: in click\n    el: WebElement = self.wait.until(\n_ _ _ _ _ _ _ _ _ _ _ _ _ _ _ _ _ _ _ _ _ _ _ _ _ _ _ _ _ _ _ _ _ _ _ _ _ _ _ _ \n\nself = <selenium.webdriver.support.wait.WebDriverWait (session=\"4046973627daab10c935abc9d7ddae5b\")>\nmethod = <function element_to_be_clickable.<locals>._predicate at 0x7f57bf0a68e0>\nmessage = ''\n\n    def until(self, method: Callable[[D], Union[Literal[False], T]], message: str = \"\") -> T:\n        \"\"\"Calls the method provided with the driver as an argument until the \\\n        return value does not evaluate to ``False``.\n    \n        :param method: callable(WebDriver)\n        :param message: optional message for :exc:`TimeoutException`\n        :returns: the result of the last call to `method`\n        :raises: :exc:`selenium.common.exceptions.TimeoutException` if timeout occurs\n        \"\"\"\n        screen = None\n        stacktrace = None\n    \n        end_time = time.monotonic() + self._timeout\n        while True:\n            try:\n                value = method(self._driver)\n                if value:\n                    return value\n            except self._ignored_exceptions as exc:\n                screen = getattr(exc, \"screen\", None)\n                stacktrace = getattr(exc, \"stacktrace\", None)\n            time.sleep(self._poll)\n            if time.monotonic() > end_time:\n                break\n>       raise TimeoutException(message, screen, stacktrace)\nE       selenium.common.exceptions.TimeoutException: Message: \nE       Stacktrace:\nE       #0 0x55661c4e9e33 <unknown>\nE       #1 0x55661c1d9567 <unknown>\nE       #2 0x55661c22427d <unknown>\nE       #3 0x55661c224331 <unknown>\nE       #4 0x55661c267624 <unknown>\nE       #5 0x55661c24638d <unknown>\nE       #6 0x55661c264ae2 <unknown>\nE       #7 0x55661c246103 <unknown>\nE       #8 0x55661c2171ba <unknown>\nE       #9 0x55661c217b8e <unknown>\nE       #10 0x55661c4ae59b <unknown>\nE       #11 0x55661c4b234b <unknown>\nE       #12 0x55661c49a681 <unknown>\nE       #13 0x55661c4b2eb2 <unknown>\nE       #14 0x55661c47f6af <unknown>\nE       #15 0x55661c4d9428 <unknown>\nE       #16 0x55661c4d9600 <unknown>\nE       #17 0x55661c4e8f84 <unknown>\nE       #18 0x7fc818094ac3 <unknown>\n\n.venv/lib/python3.12/site-packages/selenium/webdriver/support/wait.py:105: TimeoutException","flaky":false,"newFailed":false,"newBroken":false,"newPassed":false,"retriesCount":0,"retriesStatusChange":false,"beforeStages":[{"name":"setup_method_fixture","time":{"start":1715130166582,"stop":1715130176944,"duration":10362},"status":"broken","statusMessage":"selenium.common.exceptions.TimeoutException: Message: \nStacktrace:\n#0 0x55661c4e9e33 <unknown>\n#1 0x55661c1d9567 <unknown>\n#2 0x55661c22427d <unknown>\n#3 0x55661c224331 <unknown>\n#4 0x55661c267624 <unknown>\n#5 0x55661c24638d <unknown>\n#6 0x55661c264ae2 <unknown>\n#7 0x55661c246103 <unknown>\n#8 0x55661c2171ba <unknown>\n#9 0x55661c217b8e <unknown>\n#10 0x55661c4ae59b <unknown>\n#11 0x55661c4b234b <unknown>\n#12 0x55661c49a681 <unknown>\n#13 0x55661c4b2eb2 <unknown>\n#14 0x55661c47f6af <unknown>\n#15 0x55661c4d9428 <unknown>\n#16 0x55661c4d9600 <unknown>\n#17 0x55661c4e8f84 <unknown>\n#18 0x7fc818094ac3 <unknown>\n\n","statusTrace":"  File \"/home/runner/work/Selenium-Python-Example/Selenium-Python-Example/.venv/lib/python3.12/site-packages/pluggy/_callers.py\", line 167, in _multicall\n    teardown.throw(outcome._exception)\n  File \"/home/runner/work/Selenium-Python-Example/Selenium-Python-Example/.venv/lib/python3.12/site-packages/_pytest/setuponly.py\", line 36, in pytest_fixture_setup\n    return (yield)\n            ^^^^^\n  File \"/home/runner/work/Selenium-Python-Example/Selenium-Python-Example/.venv/lib/python3.12/site-packages/pluggy/_callers.py\", line 103, in _multicall\n    res = hook_impl.function(*args)\n          ^^^^^^^^^^^^^^^^^^^^^^^^^\n  File \"/home/runner/work/Selenium-Python-Example/Selenium-Python-Example/.venv/lib/python3.12/site-packages/_pytest/fixtures.py\", line 1122, in pytest_fixture_setup\n    result = call_fixture_func(fixturefunc, request, kwargs)\n             ^^^^^^^^^^^^^^^^^^^^^^^^^^^^^^^^^^^^^^^^^^^^^^^\n  File \"/home/runner/work/Selenium-Python-Example/Selenium-Python-Example/.venv/lib/python3.12/site-packages/_pytest/fixtures.py\", line 884, in call_fixture_func\n    fixture_result = fixturefunc(**kwargs)\n                     ^^^^^^^^^^^^^^^^^^^^^\n  File \"/home/runner/work/Selenium-Python-Example/Selenium-Python-Example/tests/workspaces_test.py\", line 25, in setup_method_fixture\n    login(self.about_page, self.login_page)\n  File \"/home/runner/work/Selenium-Python-Example/Selenium-Python-Example/tests/workspaces_test.py\", line 15, in login\n    about_page.click_login_link()\n  File \"/home/runner/work/Selenium-Python-Example/Selenium-Python-Example/.venv/lib/python3.12/site-packages/allure_commons/_allure.py\", line 192, in impl\n    return func(*a, **kw)\n           ^^^^^^^^^^^^^^\n  File \"/home/runner/work/Selenium-Python-Example/Selenium-Python-Example/pages/about_page.py\", line 20, in click_login_link\n    self.click(self.LOGIN_LINK)\n  File \"/home/runner/work/Selenium-Python-Example/Selenium-Python-Example/pages/base_page.py\", line 60, in click\n    el: WebElement = self.wait.until(\n                     ^^^^^^^^^^^^^^^^\n  File \"/home/runner/work/Selenium-Python-Example/Selenium-Python-Example/.venv/lib/python3.12/site-packages/selenium/webdriver/support/wait.py\", line 105, in until\n    raise TimeoutException(message, screen, stacktrace)\n","steps":[{"name":"Click Login link","time":{"start":1715130166582,"stop":1715130176944,"duration":10362},"status":"broken","statusMessage":"selenium.common.exceptions.TimeoutException: Message: \nStacktrace:\n#0 0x55661c4e9e33 <unknown>\n#1 0x55661c1d9567 <unknown>\n#2 0x55661c22427d <unknown>\n#3 0x55661c224331 <unknown>\n#4 0x55661c267624 <unknown>\n#5 0x55661c24638d <unknown>\n#6 0x55661c264ae2 <unknown>\n#7 0x55661c246103 <unknown>\n#8 0x55661c2171ba <unknown>\n#9 0x55661c217b8e <unknown>\n#10 0x55661c4ae59b <unknown>\n#11 0x55661c4b234b <unknown>\n#12 0x55661c49a681 <unknown>\n#13 0x55661c4b2eb2 <unknown>\n#14 0x55661c47f6af <unknown>\n#15 0x55661c4d9428 <unknown>\n#16 0x55661c4d9600 <unknown>\n#17 0x55661c4e8f84 <unknown>\n#18 0x7fc818094ac3 <unknown>\n\n","statusTrace":"  File \"/home/runner/work/Selenium-Python-Example/Selenium-Python-Example/.venv/lib/python3.12/site-packages/allure_commons/_allure.py\", line 192, in impl\n    return func(*a, **kw)\n           ^^^^^^^^^^^^^^\n  File \"/home/runner/work/Selenium-Python-Example/Selenium-Python-Example/pages/about_page.py\", line 20, in click_login_link\n    self.click(self.LOGIN_LINK)\n  File \"/home/runner/work/Selenium-Python-Example/Selenium-Python-Example/pages/base_page.py\", line 60, in click\n    el: WebElement = self.wait.until(\n                     ^^^^^^^^^^^^^^^^\n  File \"/home/runner/work/Selenium-Python-Example/Selenium-Python-Example/.venv/lib/python3.12/site-packages/selenium/webdriver/support/wait.py\", line 105, in until\n    raise TimeoutException(message, screen, stacktrace)\n","steps":[],"attachments":[],"parameters":[],"shouldDisplayMessage":true,"stepsCount":0,"attachmentsCount":0,"hasContent":true,"attachmentStep":false}],"attachments":[],"parameters":[],"shouldDisplayMessage":false,"stepsCount":1,"attachmentsCount":0,"hasContent":true,"attachmentStep":false}],"testStage":{"description":"Search for a non existing project","status":"broken","statusMessage":"selenium.common.exceptions.TimeoutException: Message: \nStacktrace:\n#0 0x55661c4e9e33 <unknown>\n#1 0x55661c1d9567 <unknown>\n#2 0x55661c22427d <unknown>\n#3 0x55661c224331 <unknown>\n#4 0x55661c267624 <unknown>\n#5 0x55661c24638d <unknown>\n#6 0x55661c264ae2 <unknown>\n#7 0x55661c246103 <unknown>\n#8 0x55661c2171ba <unknown>\n#9 0x55661c217b8e <unknown>\n#10 0x55661c4ae59b <unknown>\n#11 0x55661c4b234b <unknown>\n#12 0x55661c49a681 <unknown>\n#13 0x55661c4b2eb2 <unknown>\n#14 0x55661c47f6af <unknown>\n#15 0x55661c4d9428 <unknown>\n#16 0x55661c4d9600 <unknown>\n#17 0x55661c4e8f84 <unknown>\n#18 0x7fc818094ac3 <unknown>","statusTrace":"self = <tests.workspaces_test.TestWorkspaces object at 0x7f57bf0240e0>\n\n    @pytest.fixture(autouse=True)\n    def setup_method_fixture(self):\n>       login(self.about_page, self.login_page)\n\ntests/workspaces_test.py:25: \n_ _ _ _ _ _ _ _ _ _ _ _ _ _ _ _ _ _ _ _ _ _ _ _ _ _ _ _ _ _ _ _ _ _ _ _ _ _ _ _ \ntests/workspaces_test.py:15: in login\n    about_page.click_login_link()\npages/about_page.py:20: in click_login_link\n    self.click(self.LOGIN_LINK)\npages/base_page.py:60: in click\n    el: WebElement = self.wait.until(\n_ _ _ _ _ _ _ _ _ _ _ _ _ _ _ _ _ _ _ _ _ _ _ _ _ _ _ _ _ _ _ _ _ _ _ _ _ _ _ _ \n\nself = <selenium.webdriver.support.wait.WebDriverWait (session=\"4046973627daab10c935abc9d7ddae5b\")>\nmethod = <function element_to_be_clickable.<locals>._predicate at 0x7f57bf0a68e0>\nmessage = ''\n\n    def until(self, method: Callable[[D], Union[Literal[False], T]], message: str = \"\") -> T:\n        \"\"\"Calls the method provided with the driver as an argument until the \\\n        return value does not evaluate to ``False``.\n    \n        :param method: callable(WebDriver)\n        :param message: optional message for :exc:`TimeoutException`\n        :returns: the result of the last call to `method`\n        :raises: :exc:`selenium.common.exceptions.TimeoutException` if timeout occurs\n        \"\"\"\n        screen = None\n        stacktrace = None\n    \n        end_time = time.monotonic() + self._timeout\n        while True:\n            try:\n                value = method(self._driver)\n                if value:\n                    return value\n            except self._ignored_exceptions as exc:\n                screen = getattr(exc, \"screen\", None)\n                stacktrace = getattr(exc, \"stacktrace\", None)\n            time.sleep(self._poll)\n            if time.monotonic() > end_time:\n                break\n>       raise TimeoutException(message, screen, stacktrace)\nE       selenium.common.exceptions.TimeoutException: Message: \nE       Stacktrace:\nE       #0 0x55661c4e9e33 <unknown>\nE       #1 0x55661c1d9567 <unknown>\nE       #2 0x55661c22427d <unknown>\nE       #3 0x55661c224331 <unknown>\nE       #4 0x55661c267624 <unknown>\nE       #5 0x55661c24638d <unknown>\nE       #6 0x55661c264ae2 <unknown>\nE       #7 0x55661c246103 <unknown>\nE       #8 0x55661c2171ba <unknown>\nE       #9 0x55661c217b8e <unknown>\nE       #10 0x55661c4ae59b <unknown>\nE       #11 0x55661c4b234b <unknown>\nE       #12 0x55661c49a681 <unknown>\nE       #13 0x55661c4b2eb2 <unknown>\nE       #14 0x55661c47f6af <unknown>\nE       #15 0x55661c4d9428 <unknown>\nE       #16 0x55661c4d9600 <unknown>\nE       #17 0x55661c4e8f84 <unknown>\nE       #18 0x7fc818094ac3 <unknown>\n\n.venv/lib/python3.12/site-packages/selenium/webdriver/support/wait.py:105: TimeoutException","steps":[{"name":"public ip address","time":{"start":1715130176957,"stop":1715130176999,"duration":42},"status":"passed","steps":[],"attachments":[{"uid":"9125157f7be778a1","name":"HTTP logs of http://checkip.amazonaws.com/","source":"9125157f7be778a1.txt","type":"text/plain","size":357}],"parameters":[],"shouldDisplayMessage":false,"stepsCount":0,"attachmentsCount":1,"hasContent":true,"attachmentStep":false}],"attachments":[{"uid":"580e65b190cfe985","name":"Cookies","source":"580e65b190cfe985.json","type":"application/json","size":3633},{"uid":"68f6aeb31dc5870f","name":"Session Storage","source":"68f6aeb31dc5870f.json","type":"application/json","size":359},{"uid":"a37daa1f71d77209","name":"Local Storage","source":"a37daa1f71d77209.json","type":"application/json","size":294},{"uid":"b50a5d8041f839e4","name":"Console Logs","source":"b50a5d8041f839e4.json","type":"application/json","size":7723},{"uid":"9e9097c74ed6455d","name":"Full Page Screenshot","source":"9e9097c74ed6455d.png","type":"image/png","size":6246649},{"uid":"851aec7525c9b878","name":"URL","source":"851aec7525c9b878.uri","type":"text/uri-list","size":23},{"uid":"f97c5826907b22f9","name":"Network Logs","source":"f97c5826907b22f9.json","type":"application/json","size":918216}],"parameters":[],"shouldDisplayMessage":true,"stepsCount":1,"attachmentsCount":8,"hasContent":true,"attachmentStep":false},"afterStages":[],"labels":[{"name":"severity","value":"normal"},{"name":"story","value":"WorkSpaces Creation and Editing Functionality"},{"name":"epic","value":"Workspaces"},{"name":"tag","value":"run(order=7)"},{"name":"parentSuite","value":"tests"},{"name":"suite","value":"workspaces_test"},{"name":"subSuite","value":"TestWorkspaces"},{"name":"host","value":"fv-az1498-39"},{"name":"thread","value":"2389-MainThread"},{"name":"framework","value":"pytest"},{"name":"language","value":"cpython3"},{"name":"package","value":"tests.workspaces_test"},{"name":"resultFormat","value":"allure2"}],"parameters":[],"links":[],"hidden":false,"retry":false,"extra":{"severity":"normal","retries":[],"categories":[{"name":"Test defects","matchedStatuses":[],"flaky":false}],"tags":["run(order=7)"]},"source":"30b015e4106fcd97.json","parameterValues":[]}