{"uid":"5892e3598d80f234","name":"Search for existing project test","fullName":"tests.workspaces_test.TestWorkspaces#test_search_project","historyId":"89e36300939846c9ff65d6b54eed8329","time":{"start":1695518083451,"stop":1695518083451,"duration":0},"description":"Search for an existing project","descriptionHtml":"<p>Search for an existing project</p>\n","status":"broken","statusMessage":"selenium.common.exceptions.TimeoutException: Message: \nStacktrace:\n#0 0x5604e94ef6c3 <unknown>\n#1 0x5604e91c51e7 <unknown>\n#2 0x5604e920c566 <unknown>\n#3 0x5604e920c651 <unknown>\n#4 0x5604e9249a74 <unknown>\n#5 0x5604e922e0ed <unknown>\n#6 0x5604e9247322 <unknown>\n#7 0x5604e922de93 <unknown>\n#8 0x5604e9200934 <unknown>\n#9 0x5604e920171e <unknown>\n#10 0x5604e94b4cc8 <unknown>\n#11 0x5604e94b8c00 <unknown>\n#12 0x5604e94c31ac <unknown>\n#13 0x5604e94b9818 <unknown>\n#14 0x5604e948628f <unknown>\n#15 0x5604e94dde98 <unknown>\n#16 0x5604e94de069 <unknown>\n#17 0x5604e94ee853 <unknown>\n#18 0x7efde3694b43 <unknown>","statusTrace":"self = <tests.workspaces_test.TestWorkspaces object at 0x7fe3d3f17910>\n\n    @pytest.fixture(autouse=True)\n    def setup_method_fixture(self):\n>       login(self.about_page, self.login_page)\n\ntests/workspaces_test.py:25: \n_ _ _ _ _ _ _ _ _ _ _ _ _ _ _ _ _ _ _ _ _ _ _ _ _ _ _ _ _ _ _ _ _ _ _ _ _ _ _ _ \ntests/workspaces_test.py:15: in login\n    about_page.click_login_link()\npages/about_page.py:20: in click_login_link\n    self.click(self.LOGIN_LINK)\npages/base_page.py:38: in click\n    el: WebElement = self.wait.until(\n_ _ _ _ _ _ _ _ _ _ _ _ _ _ _ _ _ _ _ _ _ _ _ _ _ _ _ _ _ _ _ _ _ _ _ _ _ _ _ _ \n\nself = <selenium.webdriver.support.wait.WebDriverWait (session=\"c96941b95f7114435dcd1b07d72267ed\")>\nmethod = <function element_to_be_clickable.<locals>._predicate at 0x7fe3d3d57560>\nmessage = ''\n\n    def until(self, method, message: str = \"\"):\n        \"\"\"Calls the method provided with the driver as an argument until the \\\n        return value does not evaluate to ``False``.\n    \n        :param method: callable(WebDriver)\n        :param message: optional message for :exc:`TimeoutException`\n        :returns: the result of the last call to `method`\n        :raises: :exc:`selenium.common.exceptions.TimeoutException` if timeout occurs\n        \"\"\"\n        screen = None\n        stacktrace = None\n    \n        end_time = time.monotonic() + self._timeout\n        while True:\n            try:\n                value = method(self._driver)\n                if value:\n                    return value\n            except self._ignored_exceptions as exc:\n                screen = getattr(exc, \"screen\", None)\n                stacktrace = getattr(exc, \"stacktrace\", None)\n            time.sleep(self._poll)\n            if time.monotonic() > end_time:\n                break\n>       raise TimeoutException(message, screen, stacktrace)\nE       selenium.common.exceptions.TimeoutException: Message: \nE       Stacktrace:\nE       #0 0x5604e94ef6c3 <unknown>\nE       #1 0x5604e91c51e7 <unknown>\nE       #2 0x5604e920c566 <unknown>\nE       #3 0x5604e920c651 <unknown>\nE       #4 0x5604e9249a74 <unknown>\nE       #5 0x5604e922e0ed <unknown>\nE       #6 0x5604e9247322 <unknown>\nE       #7 0x5604e922de93 <unknown>\nE       #8 0x5604e9200934 <unknown>\nE       #9 0x5604e920171e <unknown>\nE       #10 0x5604e94b4cc8 <unknown>\nE       #11 0x5604e94b8c00 <unknown>\nE       #12 0x5604e94c31ac <unknown>\nE       #13 0x5604e94b9818 <unknown>\nE       #14 0x5604e948628f <unknown>\nE       #15 0x5604e94dde98 <unknown>\nE       #16 0x5604e94de069 <unknown>\nE       #17 0x5604e94ee853 <unknown>\nE       #18 0x7efde3694b43 <unknown>\n\n.venv/lib/python3.11/site-packages/selenium/webdriver/support/wait.py:95: TimeoutException","flaky":false,"newFailed":false,"newBroken":false,"newPassed":false,"retriesCount":0,"retriesStatusChange":false,"beforeStages":[{"name":"_verify_url","time":{"start":1695517933614,"stop":1695517933614,"duration":0},"status":"passed","steps":[],"attachments":[],"parameters":[],"shouldDisplayMessage":false,"stepsCount":0,"attachmentsCount":0,"hasContent":false},{"name":"base_url","time":{"start":1695517933614,"stop":1695517933614,"duration":0},"status":"passed","steps":[],"attachments":[],"parameters":[],"shouldDisplayMessage":false,"stepsCount":0,"attachmentsCount":0,"hasContent":false},{"name":"secret_data","time":{"start":1695517933615,"stop":1695517933615,"duration":0},"status":"passed","steps":[],"attachments":[],"parameters":[],"shouldDisplayMessage":false,"stepsCount":0,"attachmentsCount":0,"hasContent":false},{"name":"json_data","time":{"start":1695517933615,"stop":1695517933615,"duration":0},"status":"passed","steps":[],"attachments":[],"parameters":[],"shouldDisplayMessage":false,"stepsCount":0,"attachmentsCount":0,"hasContent":false},{"name":"setup_method_fixture","time":{"start":1695518086215,"stop":1695518096540,"duration":10325},"status":"broken","statusMessage":"selenium.common.exceptions.TimeoutException: Message: \nStacktrace:\n#0 0x5604e94ef6c3 <unknown>\n#1 0x5604e91c51e7 <unknown>\n#2 0x5604e920c566 <unknown>\n#3 0x5604e920c651 <unknown>\n#4 0x5604e9249a74 <unknown>\n#5 0x5604e922e0ed <unknown>\n#6 0x5604e9247322 <unknown>\n#7 0x5604e922de93 <unknown>\n#8 0x5604e9200934 <unknown>\n#9 0x5604e920171e <unknown>\n#10 0x5604e94b4cc8 <unknown>\n#11 0x5604e94b8c00 <unknown>\n#12 0x5604e94c31ac <unknown>\n#13 0x5604e94b9818 <unknown>\n#14 0x5604e948628f <unknown>\n#15 0x5604e94dde98 <unknown>\n#16 0x5604e94de069 <unknown>\n#17 0x5604e94ee853 <unknown>\n#18 0x7efde3694b43 <unknown>\n\n","statusTrace":"  File \"/home/runner/work/Selenium-Python-Example/Selenium-Python-Example/.venv/lib/python3.11/site-packages/pluggy/_callers.py\", line 80, in _multicall\n    res = hook_impl.function(*args)\n          ^^^^^^^^^^^^^^^^^^^^^^^^^\n  File \"/home/runner/work/Selenium-Python-Example/Selenium-Python-Example/.venv/lib/python3.11/site-packages/_pytest/fixtures.py\", line 1123, in pytest_fixture_setup\n    result = call_fixture_func(fixturefunc, request, kwargs)\n             ^^^^^^^^^^^^^^^^^^^^^^^^^^^^^^^^^^^^^^^^^^^^^^^\n  File \"/home/runner/work/Selenium-Python-Example/Selenium-Python-Example/.venv/lib/python3.11/site-packages/_pytest/fixtures.py\", line 902, in call_fixture_func\n    fixture_result = fixturefunc(**kwargs)\n                     ^^^^^^^^^^^^^^^^^^^^^\n  File \"/home/runner/work/Selenium-Python-Example/Selenium-Python-Example/tests/workspaces_test.py\", line 25, in setup_method_fixture\n    login(self.about_page, self.login_page)\n  File \"/home/runner/work/Selenium-Python-Example/Selenium-Python-Example/tests/workspaces_test.py\", line 15, in login\n    about_page.click_login_link()\n  File \"/home/runner/work/Selenium-Python-Example/Selenium-Python-Example/.venv/lib/python3.11/site-packages/allure_commons/_allure.py\", line 192, in impl\n    return func(*a, **kw)\n           ^^^^^^^^^^^^^^\n  File \"/home/runner/work/Selenium-Python-Example/Selenium-Python-Example/pages/about_page.py\", line 20, in click_login_link\n    self.click(self.LOGIN_LINK)\n  File \"/home/runner/work/Selenium-Python-Example/Selenium-Python-Example/pages/base_page.py\", line 38, in click\n    el: WebElement = self.wait.until(\n                     ^^^^^^^^^^^^^^^^\n  File \"/home/runner/work/Selenium-Python-Example/Selenium-Python-Example/.venv/lib/python3.11/site-packages/selenium/webdriver/support/wait.py\", line 95, in until\n    raise TimeoutException(message, screen, stacktrace)\n","steps":[{"name":"Click Login link","time":{"start":1695518086216,"stop":1695518096540,"duration":10324},"status":"broken","statusMessage":"selenium.common.exceptions.TimeoutException: Message: \nStacktrace:\n#0 0x5604e94ef6c3 <unknown>\n#1 0x5604e91c51e7 <unknown>\n#2 0x5604e920c566 <unknown>\n#3 0x5604e920c651 <unknown>\n#4 0x5604e9249a74 <unknown>\n#5 0x5604e922e0ed <unknown>\n#6 0x5604e9247322 <unknown>\n#7 0x5604e922de93 <unknown>\n#8 0x5604e9200934 <unknown>\n#9 0x5604e920171e <unknown>\n#10 0x5604e94b4cc8 <unknown>\n#11 0x5604e94b8c00 <unknown>\n#12 0x5604e94c31ac <unknown>\n#13 0x5604e94b9818 <unknown>\n#14 0x5604e948628f <unknown>\n#15 0x5604e94dde98 <unknown>\n#16 0x5604e94de069 <unknown>\n#17 0x5604e94ee853 <unknown>\n#18 0x7efde3694b43 <unknown>\n\n","statusTrace":"  File \"/home/runner/work/Selenium-Python-Example/Selenium-Python-Example/.venv/lib/python3.11/site-packages/allure_commons/_allure.py\", line 192, in impl\n    return func(*a, **kw)\n           ^^^^^^^^^^^^^^\n  File \"/home/runner/work/Selenium-Python-Example/Selenium-Python-Example/pages/about_page.py\", line 20, in click_login_link\n    self.click(self.LOGIN_LINK)\n  File \"/home/runner/work/Selenium-Python-Example/Selenium-Python-Example/pages/base_page.py\", line 38, in click\n    el: WebElement = self.wait.until(\n                     ^^^^^^^^^^^^^^^^\n  File \"/home/runner/work/Selenium-Python-Example/Selenium-Python-Example/.venv/lib/python3.11/site-packages/selenium/webdriver/support/wait.py\", line 95, in until\n    raise TimeoutException(message, screen, stacktrace)\n","steps":[],"attachments":[],"parameters":[],"shouldDisplayMessage":true,"stepsCount":0,"attachmentsCount":0,"hasContent":true}],"attachments":[],"parameters":[],"shouldDisplayMessage":false,"stepsCount":1,"attachmentsCount":0,"hasContent":true}],"testStage":{"description":"Search for an existing project","status":"broken","statusMessage":"selenium.common.exceptions.TimeoutException: Message: \nStacktrace:\n#0 0x5604e94ef6c3 <unknown>\n#1 0x5604e91c51e7 <unknown>\n#2 0x5604e920c566 <unknown>\n#3 0x5604e920c651 <unknown>\n#4 0x5604e9249a74 <unknown>\n#5 0x5604e922e0ed <unknown>\n#6 0x5604e9247322 <unknown>\n#7 0x5604e922de93 <unknown>\n#8 0x5604e9200934 <unknown>\n#9 0x5604e920171e <unknown>\n#10 0x5604e94b4cc8 <unknown>\n#11 0x5604e94b8c00 <unknown>\n#12 0x5604e94c31ac <unknown>\n#13 0x5604e94b9818 <unknown>\n#14 0x5604e948628f <unknown>\n#15 0x5604e94dde98 <unknown>\n#16 0x5604e94de069 <unknown>\n#17 0x5604e94ee853 <unknown>\n#18 0x7efde3694b43 <unknown>","statusTrace":"self = <tests.workspaces_test.TestWorkspaces object at 0x7fe3d3f17910>\n\n    @pytest.fixture(autouse=True)\n    def setup_method_fixture(self):\n>       login(self.about_page, self.login_page)\n\ntests/workspaces_test.py:25: \n_ _ _ _ _ _ _ _ _ _ _ _ _ _ _ _ _ _ _ _ _ _ _ _ _ _ _ _ _ _ _ _ _ _ _ _ _ _ _ _ \ntests/workspaces_test.py:15: in login\n    about_page.click_login_link()\npages/about_page.py:20: in click_login_link\n    self.click(self.LOGIN_LINK)\npages/base_page.py:38: in click\n    el: WebElement = self.wait.until(\n_ _ _ _ _ _ _ _ _ _ _ _ _ _ _ _ _ _ _ _ _ _ _ _ _ _ _ _ _ _ _ _ _ _ _ _ _ _ _ _ \n\nself = <selenium.webdriver.support.wait.WebDriverWait (session=\"c96941b95f7114435dcd1b07d72267ed\")>\nmethod = <function element_to_be_clickable.<locals>._predicate at 0x7fe3d3d57560>\nmessage = ''\n\n    def until(self, method, message: str = \"\"):\n        \"\"\"Calls the method provided with the driver as an argument until the \\\n        return value does not evaluate to ``False``.\n    \n        :param method: callable(WebDriver)\n        :param message: optional message for :exc:`TimeoutException`\n        :returns: the result of the last call to `method`\n        :raises: :exc:`selenium.common.exceptions.TimeoutException` if timeout occurs\n        \"\"\"\n        screen = None\n        stacktrace = None\n    \n        end_time = time.monotonic() + self._timeout\n        while True:\n            try:\n                value = method(self._driver)\n                if value:\n                    return value\n            except self._ignored_exceptions as exc:\n                screen = getattr(exc, \"screen\", None)\n                stacktrace = getattr(exc, \"stacktrace\", None)\n            time.sleep(self._poll)\n            if time.monotonic() > end_time:\n                break\n>       raise TimeoutException(message, screen, stacktrace)\nE       selenium.common.exceptions.TimeoutException: Message: \nE       Stacktrace:\nE       #0 0x5604e94ef6c3 <unknown>\nE       #1 0x5604e91c51e7 <unknown>\nE       #2 0x5604e920c566 <unknown>\nE       #3 0x5604e920c651 <unknown>\nE       #4 0x5604e9249a74 <unknown>\nE       #5 0x5604e922e0ed <unknown>\nE       #6 0x5604e9247322 <unknown>\nE       #7 0x5604e922de93 <unknown>\nE       #8 0x5604e9200934 <unknown>\nE       #9 0x5604e920171e <unknown>\nE       #10 0x5604e94b4cc8 <unknown>\nE       #11 0x5604e94b8c00 <unknown>\nE       #12 0x5604e94c31ac <unknown>\nE       #13 0x5604e94b9818 <unknown>\nE       #14 0x5604e948628f <unknown>\nE       #15 0x5604e94dde98 <unknown>\nE       #16 0x5604e94de069 <unknown>\nE       #17 0x5604e94ee853 <unknown>\nE       #18 0x7efde3694b43 <unknown>\n\n.venv/lib/python3.11/site-packages/selenium/webdriver/support/wait.py:95: TimeoutException","steps":[],"attachments":[{"uid":"d19d3895fc076d13","name":"public ip address","source":"d19d3895fc076d13.txt","type":"text/plain","size":12},{"uid":"ba3e30f8bdddc4aa","name":"Cookies","source":"ba3e30f8bdddc4aa.json","type":"application/json","size":2018},{"uid":"9bf07f1158cd698c","name":"Session Storage","source":"9bf07f1158cd698c.json","type":"application/json","size":333},{"uid":"131a944013a295a","name":"Local Storage","source":"131a944013a295a.json","type":"application/json","size":208},{"uid":"b3cc5574bef69b19","name":"Console Logs","source":"b3cc5574bef69b19.json","type":"application/json","size":2},{"uid":"d214c9263a45149a","name":"Full Page Screenshot","source":"d214c9263a45149a.png","type":"image/png","size":2824707},{"uid":"fed40ec4c8f87908","name":"URL","source":"fed40ec4c8f87908.uri","type":"text/uri-list","size":23},{"uid":"ec7978a32199940a","name":"Network Logs","source":"ec7978a32199940a.json","type":"application/json","size":23001}],"parameters":[],"shouldDisplayMessage":true,"stepsCount":0,"attachmentsCount":8,"hasContent":true},"afterStages":[],"labels":[{"name":"severity","value":"normal"},{"name":"epic","value":"Workspaces"},{"name":"story","value":"WorkSpaces Creation and Editing Functionality"},{"name":"tag","value":"run(order=6)"},{"name":"parentSuite","value":"tests"},{"name":"suite","value":"workspaces_test"},{"name":"subSuite","value":"TestWorkspaces"},{"name":"host","value":"fv-az176-182"},{"name":"thread","value":"2209-MainThread"},{"name":"framework","value":"pytest"},{"name":"language","value":"cpython3"},{"name":"package","value":"tests.workspaces_test"},{"name":"resultFormat","value":"allure2"}],"parameters":[],"links":[],"hidden":false,"retry":false,"extra":{"severity":"normal","retries":[],"categories":[{"name":"Test defects","matchedStatuses":[],"flaky":false}],"tags":["run(order=6)"]},"source":"5892e3598d80f234.json","parameterValues":[]}