{"uid":"38621275fe910005","name":"Delete existing workspace","fullName":"tests.workspaces_test.TestWorkspaces#test_delete_workspace","historyId":"085ae9bea926da8512f07258dfb5df8c","time":{"start":1734745009434,"stop":1734745009434,"duration":0},"description":"Delete an existing workspace","descriptionHtml":"<p>Delete an existing workspace</p>\n","status":"broken","statusMessage":"selenium.common.exceptions.TimeoutException: Message: \nStacktrace:\n#0 0x55a966d2a31a <unknown>\n#1 0x55a9668406e0 <unknown>\n#2 0x55a96688f3e6 <unknown>\n#3 0x55a96688f681 <unknown>\n#4 0x55a9668d4b04 <unknown>\n#5 0x55a9668b348d <unknown>\n#6 0x55a9668d1ed7 <unknown>\n#7 0x55a9668b3203 <unknown>\n#8 0x55a966881cc0 <unknown>\n#9 0x55a966882c9e <unknown>\n#10 0x55a966cf7d0b <unknown>\n#11 0x55a966cfbc92 <unknown>\n#12 0x55a966ce4b3c <unknown>\n#13 0x55a966cfc807 <unknown>\n#14 0x55a966cca0df <unknown>\n#15 0x55a966d19578 <unknown>\n#16 0x55a966d19740 <unknown>\n#17 0x55a966d29196 <unknown>\n#18 0x7f0b04e9ca94 <unknown>\n#19 0x7f0b04f29c3c <unknown>","statusTrace":"self = <tests.workspaces_test.TestWorkspaces object at 0x7f790bb8b9b0>\n\n    @pytest.fixture(autouse=True)\n    def setup_method_fixture(self):\n>       login(self.about_page, self.login_page)\n\ntests/workspaces_test.py:25: \n_ _ _ _ _ _ _ _ _ _ _ _ _ _ _ _ _ _ _ _ _ _ _ _ _ _ _ _ _ _ _ _ _ _ _ _ _ _ _ _ \ntests/workspaces_test.py:15: in login\n    about_page.click_login_link()\npages/about_page.py:20: in click_login_link\n    self.click(self.LOGIN_LINK)\npages/base_page.py:60: in click\n    el: WebElement = self.wait.until(\n_ _ _ _ _ _ _ _ _ _ _ _ _ _ _ _ _ _ _ _ _ _ _ _ _ _ _ _ _ _ _ _ _ _ _ _ _ _ _ _ \n\nself = <selenium.webdriver.support.wait.WebDriverWait (session=\"423cc42d1e32839c9d53f23536116c3a\")>\nmethod = <function element_to_be_clickable.<locals>._predicate at 0x7f790b8a05e0>\nmessage = ''\n\n    def until(self, method: Callable[[D], Union[Literal[False], T]], message: str = \"\") -> T:\n        \"\"\"Calls the method provided with the driver as an argument until the \\\n        return value does not evaluate to ``False``.\n    \n        :param method: callable(WebDriver)\n        :param message: optional message for :exc:`TimeoutException`\n        :returns: the result of the last call to `method`\n        :raises: :exc:`selenium.common.exceptions.TimeoutException` if timeout occurs\n        \"\"\"\n        screen = None\n        stacktrace = None\n    \n        end_time = time.monotonic() + self._timeout\n        while True:\n            try:\n                value = method(self._driver)\n                if value:\n                    return value\n            except self._ignored_exceptions as exc:\n                screen = getattr(exc, \"screen\", None)\n                stacktrace = getattr(exc, \"stacktrace\", None)\n            if time.monotonic() > end_time:\n                break\n            time.sleep(self._poll)\n>       raise TimeoutException(message, screen, stacktrace)\nE       selenium.common.exceptions.TimeoutException: Message: \nE       Stacktrace:\nE       #0 0x55a966d2a31a <unknown>\nE       #1 0x55a9668406e0 <unknown>\nE       #2 0x55a96688f3e6 <unknown>\nE       #3 0x55a96688f681 <unknown>\nE       #4 0x55a9668d4b04 <unknown>\nE       #5 0x55a9668b348d <unknown>\nE       #6 0x55a9668d1ed7 <unknown>\nE       #7 0x55a9668b3203 <unknown>\nE       #8 0x55a966881cc0 <unknown>\nE       #9 0x55a966882c9e <unknown>\nE       #10 0x55a966cf7d0b <unknown>\nE       #11 0x55a966cfbc92 <unknown>\nE       #12 0x55a966ce4b3c <unknown>\nE       #13 0x55a966cfc807 <unknown>\nE       #14 0x55a966cca0df <unknown>\nE       #15 0x55a966d19578 <unknown>\nE       #16 0x55a966d19740 <unknown>\nE       #17 0x55a966d29196 <unknown>\nE       #18 0x7f0b04e9ca94 <unknown>\nE       #19 0x7f0b04f29c3c <unknown>\n\n.venv/lib/python3.12/site-packages/selenium/webdriver/support/wait.py:105: TimeoutException","flaky":false,"newFailed":false,"newBroken":false,"newPassed":false,"retriesCount":0,"retriesStatusChange":false,"beforeStages":[{"name":"base_url","time":{"start":1734744948044,"stop":1734744948044,"duration":0},"status":"passed","steps":[],"attachments":[],"parameters":[],"shouldDisplayMessage":false,"stepsCount":0,"attachmentsCount":0,"hasContent":false,"attachmentStep":false},{"name":"_verify_url","time":{"start":1734744948044,"stop":1734744948044,"duration":0},"status":"passed","steps":[],"attachments":[],"parameters":[],"shouldDisplayMessage":false,"stepsCount":0,"attachmentsCount":0,"hasContent":false,"attachmentStep":false},{"name":"session_request","time":{"start":1734744948044,"stop":1734744948044,"duration":0},"status":"passed","steps":[],"attachments":[],"parameters":[],"shouldDisplayMessage":false,"stepsCount":0,"attachmentsCount":0,"hasContent":false,"attachmentStep":false},{"name":"setup_method_fixture","time":{"start":1734745011588,"stop":1734745021801,"duration":10213},"status":"broken","statusMessage":"selenium.common.exceptions.TimeoutException: Message: \nStacktrace:\n#0 0x55a966d2a31a <unknown>\n#1 0x55a9668406e0 <unknown>\n#2 0x55a96688f3e6 <unknown>\n#3 0x55a96688f681 <unknown>\n#4 0x55a9668d4b04 <unknown>\n#5 0x55a9668b348d <unknown>\n#6 0x55a9668d1ed7 <unknown>\n#7 0x55a9668b3203 <unknown>\n#8 0x55a966881cc0 <unknown>\n#9 0x55a966882c9e <unknown>\n#10 0x55a966cf7d0b <unknown>\n#11 0x55a966cfbc92 <unknown>\n#12 0x55a966ce4b3c <unknown>\n#13 0x55a966cfc807 <unknown>\n#14 0x55a966cca0df <unknown>\n#15 0x55a966d19578 <unknown>\n#16 0x55a966d19740 <unknown>\n#17 0x55a966d29196 <unknown>\n#18 0x7f0b04e9ca94 <unknown>\n#19 0x7f0b04f29c3c <unknown>\n\n","statusTrace":"  File \"/home/runner/work/Selenium-Python-Example/Selenium-Python-Example/.venv/lib/python3.12/site-packages/pluggy/_callers.py\", line 167, in _multicall\n    teardown.throw(outcome._exception)\n  File \"/home/runner/work/Selenium-Python-Example/Selenium-Python-Example/.venv/lib/python3.12/site-packages/_pytest/setuponly.py\", line 36, in pytest_fixture_setup\n    return (yield)\n            ^^^^^\n  File \"/home/runner/work/Selenium-Python-Example/Selenium-Python-Example/.venv/lib/python3.12/site-packages/pluggy/_callers.py\", line 103, in _multicall\n    res = hook_impl.function(*args)\n          ^^^^^^^^^^^^^^^^^^^^^^^^^\n  File \"/home/runner/work/Selenium-Python-Example/Selenium-Python-Example/.venv/lib/python3.12/site-packages/_pytest/fixtures.py\", line 1140, in pytest_fixture_setup\n    result = call_fixture_func(fixturefunc, request, kwargs)\n             ^^^^^^^^^^^^^^^^^^^^^^^^^^^^^^^^^^^^^^^^^^^^^^^\n  File \"/home/runner/work/Selenium-Python-Example/Selenium-Python-Example/.venv/lib/python3.12/site-packages/_pytest/fixtures.py\", line 898, in call_fixture_func\n    fixture_result = fixturefunc(**kwargs)\n                     ^^^^^^^^^^^^^^^^^^^^^\n  File \"/home/runner/work/Selenium-Python-Example/Selenium-Python-Example/tests/workspaces_test.py\", line 25, in setup_method_fixture\n    login(self.about_page, self.login_page)\n  File \"/home/runner/work/Selenium-Python-Example/Selenium-Python-Example/tests/workspaces_test.py\", line 15, in login\n    about_page.click_login_link()\n  File \"/home/runner/work/Selenium-Python-Example/Selenium-Python-Example/.venv/lib/python3.12/site-packages/allure_commons/_allure.py\", line 192, in impl\n    return func(*a, **kw)\n           ^^^^^^^^^^^^^^\n  File \"/home/runner/work/Selenium-Python-Example/Selenium-Python-Example/pages/about_page.py\", line 20, in click_login_link\n    self.click(self.LOGIN_LINK)\n  File \"/home/runner/work/Selenium-Python-Example/Selenium-Python-Example/pages/base_page.py\", line 60, in click\n    el: WebElement = self.wait.until(\n                     ^^^^^^^^^^^^^^^^\n  File \"/home/runner/work/Selenium-Python-Example/Selenium-Python-Example/.venv/lib/python3.12/site-packages/selenium/webdriver/support/wait.py\", line 105, in until\n    raise TimeoutException(message, screen, stacktrace)\n","steps":[{"name":"Click Login link","time":{"start":1734745011588,"stop":1734745021800,"duration":10212},"status":"broken","statusMessage":"selenium.common.exceptions.TimeoutException: Message: \nStacktrace:\n#0 0x55a966d2a31a <unknown>\n#1 0x55a9668406e0 <unknown>\n#2 0x55a96688f3e6 <unknown>\n#3 0x55a96688f681 <unknown>\n#4 0x55a9668d4b04 <unknown>\n#5 0x55a9668b348d <unknown>\n#6 0x55a9668d1ed7 <unknown>\n#7 0x55a9668b3203 <unknown>\n#8 0x55a966881cc0 <unknown>\n#9 0x55a966882c9e <unknown>\n#10 0x55a966cf7d0b <unknown>\n#11 0x55a966cfbc92 <unknown>\n#12 0x55a966ce4b3c <unknown>\n#13 0x55a966cfc807 <unknown>\n#14 0x55a966cca0df <unknown>\n#15 0x55a966d19578 <unknown>\n#16 0x55a966d19740 <unknown>\n#17 0x55a966d29196 <unknown>\n#18 0x7f0b04e9ca94 <unknown>\n#19 0x7f0b04f29c3c <unknown>\n\n","statusTrace":"  File \"/home/runner/work/Selenium-Python-Example/Selenium-Python-Example/.venv/lib/python3.12/site-packages/allure_commons/_allure.py\", line 192, in impl\n    return func(*a, **kw)\n           ^^^^^^^^^^^^^^\n  File \"/home/runner/work/Selenium-Python-Example/Selenium-Python-Example/pages/about_page.py\", line 20, in click_login_link\n    self.click(self.LOGIN_LINK)\n  File \"/home/runner/work/Selenium-Python-Example/Selenium-Python-Example/pages/base_page.py\", line 60, in click\n    el: WebElement = self.wait.until(\n                     ^^^^^^^^^^^^^^^^\n  File \"/home/runner/work/Selenium-Python-Example/Selenium-Python-Example/.venv/lib/python3.12/site-packages/selenium/webdriver/support/wait.py\", line 105, in until\n    raise TimeoutException(message, screen, stacktrace)\n","steps":[],"attachments":[],"parameters":[],"shouldDisplayMessage":true,"stepsCount":0,"attachmentsCount":0,"hasContent":true,"attachmentStep":false}],"attachments":[],"parameters":[],"shouldDisplayMessage":false,"stepsCount":1,"attachmentsCount":0,"hasContent":true,"attachmentStep":false}],"testStage":{"description":"Delete an existing workspace","status":"broken","statusMessage":"selenium.common.exceptions.TimeoutException: Message: \nStacktrace:\n#0 0x55a966d2a31a <unknown>\n#1 0x55a9668406e0 <unknown>\n#2 0x55a96688f3e6 <unknown>\n#3 0x55a96688f681 <unknown>\n#4 0x55a9668d4b04 <unknown>\n#5 0x55a9668b348d <unknown>\n#6 0x55a9668d1ed7 <unknown>\n#7 0x55a9668b3203 <unknown>\n#8 0x55a966881cc0 <unknown>\n#9 0x55a966882c9e <unknown>\n#10 0x55a966cf7d0b <unknown>\n#11 0x55a966cfbc92 <unknown>\n#12 0x55a966ce4b3c <unknown>\n#13 0x55a966cfc807 <unknown>\n#14 0x55a966cca0df <unknown>\n#15 0x55a966d19578 <unknown>\n#16 0x55a966d19740 <unknown>\n#17 0x55a966d29196 <unknown>\n#18 0x7f0b04e9ca94 <unknown>\n#19 0x7f0b04f29c3c <unknown>","statusTrace":"self = <tests.workspaces_test.TestWorkspaces object at 0x7f790bb8b9b0>\n\n    @pytest.fixture(autouse=True)\n    def setup_method_fixture(self):\n>       login(self.about_page, self.login_page)\n\ntests/workspaces_test.py:25: \n_ _ _ _ _ _ _ _ _ _ _ _ _ _ _ _ _ _ _ _ _ _ _ _ _ _ _ _ _ _ _ _ _ _ _ _ _ _ _ _ \ntests/workspaces_test.py:15: in login\n    about_page.click_login_link()\npages/about_page.py:20: in click_login_link\n    self.click(self.LOGIN_LINK)\npages/base_page.py:60: in click\n    el: WebElement = self.wait.until(\n_ _ _ _ _ _ _ _ _ _ _ _ _ _ _ _ _ _ _ _ _ _ _ _ _ _ _ _ _ _ _ _ _ _ _ _ _ _ _ _ \n\nself = <selenium.webdriver.support.wait.WebDriverWait (session=\"423cc42d1e32839c9d53f23536116c3a\")>\nmethod = <function element_to_be_clickable.<locals>._predicate at 0x7f790b8a05e0>\nmessage = ''\n\n    def until(self, method: Callable[[D], Union[Literal[False], T]], message: str = \"\") -> T:\n        \"\"\"Calls the method provided with the driver as an argument until the \\\n        return value does not evaluate to ``False``.\n    \n        :param method: callable(WebDriver)\n        :param message: optional message for :exc:`TimeoutException`\n        :returns: the result of the last call to `method`\n        :raises: :exc:`selenium.common.exceptions.TimeoutException` if timeout occurs\n        \"\"\"\n        screen = None\n        stacktrace = None\n    \n        end_time = time.monotonic() + self._timeout\n        while True:\n            try:\n                value = method(self._driver)\n                if value:\n                    return value\n            except self._ignored_exceptions as exc:\n                screen = getattr(exc, \"screen\", None)\n                stacktrace = getattr(exc, \"stacktrace\", None)\n            if time.monotonic() > end_time:\n                break\n            time.sleep(self._poll)\n>       raise TimeoutException(message, screen, stacktrace)\nE       selenium.common.exceptions.TimeoutException: Message: \nE       Stacktrace:\nE       #0 0x55a966d2a31a <unknown>\nE       #1 0x55a9668406e0 <unknown>\nE       #2 0x55a96688f3e6 <unknown>\nE       #3 0x55a96688f681 <unknown>\nE       #4 0x55a9668d4b04 <unknown>\nE       #5 0x55a9668b348d <unknown>\nE       #6 0x55a9668d1ed7 <unknown>\nE       #7 0x55a9668b3203 <unknown>\nE       #8 0x55a966881cc0 <unknown>\nE       #9 0x55a966882c9e <unknown>\nE       #10 0x55a966cf7d0b <unknown>\nE       #11 0x55a966cfbc92 <unknown>\nE       #12 0x55a966ce4b3c <unknown>\nE       #13 0x55a966cfc807 <unknown>\nE       #14 0x55a966cca0df <unknown>\nE       #15 0x55a966d19578 <unknown>\nE       #16 0x55a966d19740 <unknown>\nE       #17 0x55a966d29196 <unknown>\nE       #18 0x7f0b04e9ca94 <unknown>\nE       #19 0x7f0b04f29c3c <unknown>\n\n.venv/lib/python3.12/site-packages/selenium/webdriver/support/wait.py:105: TimeoutException","steps":[{"name":"public ip address","time":{"start":1734745021815,"stop":1734745021910,"duration":95},"status":"passed","steps":[],"attachments":[{"uid":"63c34668bef161ff","name":"HTTP logs of http://checkip.amazonaws.com/","source":"63c34668bef161ff.txt","type":"text/plain","size":356}],"parameters":[],"shouldDisplayMessage":false,"stepsCount":0,"attachmentsCount":1,"hasContent":true,"attachmentStep":false}],"attachments":[{"uid":"c66a6df980777a7c","name":"Cookies","source":"c66a6df980777a7c.json","type":"application/json","size":3584},{"uid":"7cde87964a72357c","name":"Session Storage","source":"7cde87964a72357c.json","type":"application/json","size":359},{"uid":"d1c8a95a19ce3388","name":"Local Storage","source":"d1c8a95a19ce3388.json","type":"application/json","size":791},{"uid":"56cae9800ed55da","name":"Console Logs","source":"56cae9800ed55da.json","type":"application/json","size":236},{"uid":"3ace8416ae62d432","name":"Full Page Screenshot","source":"3ace8416ae62d432.png","type":"image/png","size":4146158},{"uid":"16af5e5c2fb5e73b","name":"URL","source":"16af5e5c2fb5e73b.uri","type":"text/uri-list","size":23},{"uid":"2027300997192bf8","name":"Network Logs","source":"2027300997192bf8.json","type":"application/json","size":4214922}],"parameters":[],"shouldDisplayMessage":true,"stepsCount":1,"attachmentsCount":8,"hasContent":true,"attachmentStep":false},"afterStages":[{"name":"session_request::0","time":{"start":1734745119793,"stop":1734745119793,"duration":0},"status":"passed","steps":[],"attachments":[],"parameters":[],"shouldDisplayMessage":false,"stepsCount":0,"attachmentsCount":0,"hasContent":false,"attachmentStep":false}],"labels":[{"name":"epic","value":"Workspaces"},{"name":"severity","value":"normal"},{"name":"story","value":"WorkSpaces Creation and Editing Functionality"},{"name":"tag","value":"run(order=3)"},{"name":"parentSuite","value":"tests"},{"name":"suite","value":"workspaces_test"},{"name":"subSuite","value":"TestWorkspaces"},{"name":"host","value":"fv-az1689-330"},{"name":"thread","value":"2035-MainThread"},{"name":"framework","value":"pytest"},{"name":"language","value":"cpython3"},{"name":"package","value":"tests.workspaces_test"},{"name":"resultFormat","value":"allure2"}],"parameters":[],"links":[],"hidden":false,"retry":false,"extra":{"severity":"normal","retries":[],"categories":[{"name":"Test defects","matchedStatuses":[],"flaky":false}],"tags":["run(order=3)"]},"source":"38621275fe910005.json","parameterValues":[]}