{"uid":"4a6a53ed54358b80","name":"Delete existing project","fullName":"tests.workspaces_test.TestWorkspaces#test_delete_project","historyId":"01aedc61ee0cb37239b4ba1d780257ea","time":{"start":1744595537576,"stop":1744595537576,"duration":0},"description":"Deleting an existing project from workspace","descriptionHtml":"<p>Deleting an existing project from workspace</p>\n","status":"broken","statusMessage":"selenium.common.exceptions.TimeoutException: Message: \nStacktrace:\n#0 0x55b9802f453a <unknown>\n#1 0x55b97fdeff00 <unknown>\n#2 0x55b97fe3fc0c <unknown>\n#3 0x55b97fe3fe31 <unknown>\n#4 0x55b97fe85bd4 <unknown>\n#5 0x55b97fe645cd <unknown>\n#6 0x55b97fe82f84 <unknown>\n#7 0x55b97fe64343 <unknown>\n#8 0x55b97fe3178a <unknown>\n#9 0x55b97fe329de <unknown>\n#10 0x55b9802be2cb <unknown>\n#11 0x55b9802c2242 <unknown>\n#12 0x55b9802ab7ac <unknown>\n#13 0x55b9802c2df7 <unknown>\n#14 0x55b98028fb2f <unknown>\n#15 0x55b9802e31a8 <unknown>\n#16 0x55b9802e3370 <unknown>\n#17 0x55b9802f33b6 <unknown>\n#18 0x7fd19289caa4 <unknown>\n#19 0x7fd192929c3c <unknown>","statusTrace":"self = <tests.workspaces_test.TestWorkspaces object at 0x7f8c65a34a50>\n\n    @pytest.fixture(autouse=True)\n    def setup_method_fixture(self):\n>       login(self.about_page, self.login_page)\n\ntests/workspaces_test.py:25: \n_ _ _ _ _ _ _ _ _ _ _ _ _ _ _ _ _ _ _ _ _ _ _ _ _ _ _ _ _ _ _ _ _ _ _ _ _ _ _ _ \ntests/workspaces_test.py:15: in login\n    about_page.click_login_link()\npages/about_page.py:18: in click_login_link\n    self.click(self.LOGIN_LINK)\npages/base_page.py:59: in click\n    el: WebElement = self.wait.until(expected_conditions.element_to_be_clickable(locator))\n_ _ _ _ _ _ _ _ _ _ _ _ _ _ _ _ _ _ _ _ _ _ _ _ _ _ _ _ _ _ _ _ _ _ _ _ _ _ _ _ \n\nself = <selenium.webdriver.support.wait.WebDriverWait (session=\"d198a9a5958d916b5d81e0a6b457b62a\")>\nmethod = <function element_to_be_clickable.<locals>._predicate at 0x7f8c6596d080>\nmessage = ''\n\n    def until(self, method: Callable[[D], Union[Literal[False], T]], message: str = \"\") -> T:\n        \"\"\"Wait until the method returns a value that is not False.\n    \n        Calls the method provided with the driver as an argument until the\n        return value does not evaluate to ``False``.\n    \n        Parameters:\n        -----------\n        method: callable(WebDriver)\n            - A callable object that takes a WebDriver instance as an argument.\n    \n        message: str\n            - Optional message for :exc:`TimeoutException`\n    \n        Return:\n        -------\n        object: T\n            - The result of the last call to `method`\n    \n        Raises:\n        -------\n        TimeoutException\n            - If 'method' does not return a truthy value within the WebDriverWait\n            object's timeout\n    \n        Example:\n        --------\n        >>> from selenium.webdriver.common.by import By\n        >>> from selenium.webdriver.support.ui import WebDriverWait\n        >>> from selenium.webdriver.support import expected_conditions as EC\n    \n        # Wait until an element is visible on the page\n        >>> wait = WebDriverWait(driver, 10)\n        >>> element = wait.until(EC.visibility_of_element_located((By.ID, \"exampleId\")))\n        >>> print(element.text)\n        \"\"\"\n        screen = None\n        stacktrace = None\n    \n        end_time = time.monotonic() + self._timeout\n        while True:\n            try:\n                value = method(self._driver)\n                if value:\n                    return value\n            except self._ignored_exceptions as exc:\n                screen = getattr(exc, \"screen\", None)\n                stacktrace = getattr(exc, \"stacktrace\", None)\n            if time.monotonic() > end_time:\n                break\n            time.sleep(self._poll)\n>       raise TimeoutException(message, screen, stacktrace)\nE       selenium.common.exceptions.TimeoutException: Message: \nE       Stacktrace:\nE       #0 0x55b9802f453a <unknown>\nE       #1 0x55b97fdeff00 <unknown>\nE       #2 0x55b97fe3fc0c <unknown>\nE       #3 0x55b97fe3fe31 <unknown>\nE       #4 0x55b97fe85bd4 <unknown>\nE       #5 0x55b97fe645cd <unknown>\nE       #6 0x55b97fe82f84 <unknown>\nE       #7 0x55b97fe64343 <unknown>\nE       #8 0x55b97fe3178a <unknown>\nE       #9 0x55b97fe329de <unknown>\nE       #10 0x55b9802be2cb <unknown>\nE       #11 0x55b9802c2242 <unknown>\nE       #12 0x55b9802ab7ac <unknown>\nE       #13 0x55b9802c2df7 <unknown>\nE       #14 0x55b98028fb2f <unknown>\nE       #15 0x55b9802e31a8 <unknown>\nE       #16 0x55b9802e3370 <unknown>\nE       #17 0x55b9802f33b6 <unknown>\nE       #18 0x7fd19289caa4 <unknown>\nE       #19 0x7fd192929c3c <unknown>\n\n.venv/lib/python3.13/site-packages/selenium/webdriver/support/wait.py:146: TimeoutException","flaky":false,"newFailed":false,"newBroken":false,"newPassed":false,"retriesCount":0,"retriesStatusChange":false,"beforeStages":[{"name":"data","time":{"start":1744595394800,"stop":1744595394801,"duration":1},"status":"passed","steps":[],"attachments":[],"parameters":[],"shouldDisplayMessage":false,"stepsCount":0,"attachmentsCount":0,"hasContent":false,"attachmentStep":false},{"name":"session_request","time":{"start":1744595394800,"stop":1744595394800,"duration":0},"status":"passed","steps":[],"attachments":[],"parameters":[],"shouldDisplayMessage":false,"stepsCount":0,"attachmentsCount":0,"hasContent":false,"attachmentStep":false},{"name":"base_url","time":{"start":1744595394800,"stop":1744595394800,"duration":0},"status":"passed","steps":[],"attachments":[],"parameters":[],"shouldDisplayMessage":false,"stepsCount":0,"attachmentsCount":0,"hasContent":false,"attachmentStep":false},{"name":"_verify_url","time":{"start":1744595394800,"stop":1744595394800,"duration":0},"status":"passed","steps":[],"attachments":[],"parameters":[],"shouldDisplayMessage":false,"stepsCount":0,"attachmentsCount":0,"hasContent":false,"attachmentStep":false},{"name":"setup_method_fixture","time":{"start":1744595539933,"stop":1744595549987,"duration":10054},"status":"broken","statusMessage":"selenium.common.exceptions.TimeoutException: Message: \nStacktrace:\n#0 0x55b9802f453a <unknown>\n#1 0x55b97fdeff00 <unknown>\n#2 0x55b97fe3fc0c <unknown>\n#3 0x55b97fe3fe31 <unknown>\n#4 0x55b97fe85bd4 <unknown>\n#5 0x55b97fe645cd <unknown>\n#6 0x55b97fe82f84 <unknown>\n#7 0x55b97fe64343 <unknown>\n#8 0x55b97fe3178a <unknown>\n#9 0x55b97fe329de <unknown>\n#10 0x55b9802be2cb <unknown>\n#11 0x55b9802c2242 <unknown>\n#12 0x55b9802ab7ac <unknown>\n#13 0x55b9802c2df7 <unknown>\n#14 0x55b98028fb2f <unknown>\n#15 0x55b9802e31a8 <unknown>\n#16 0x55b9802e3370 <unknown>\n#17 0x55b9802f33b6 <unknown>\n#18 0x7fd19289caa4 <unknown>\n#19 0x7fd192929c3c <unknown>\n\n","statusTrace":"  File \"/home/runner/work/Selenium-Python-Example/Selenium-Python-Example/.venv/lib/python3.13/site-packages/pluggy/_callers.py\", line 167, in _multicall\n    teardown.throw(outcome._exception)\n    ~~~~~~~~~~~~~~^^^^^^^^^^^^^^^^^^^^\n  File \"/home/runner/work/Selenium-Python-Example/Selenium-Python-Example/.venv/lib/python3.13/site-packages/_pytest/setuponly.py\", line 36, in pytest_fixture_setup\n    return (yield)\n            ^^^^^\n  File \"/home/runner/work/Selenium-Python-Example/Selenium-Python-Example/.venv/lib/python3.13/site-packages/pluggy/_callers.py\", line 103, in _multicall\n    res = hook_impl.function(*args)\n  File \"/home/runner/work/Selenium-Python-Example/Selenium-Python-Example/.venv/lib/python3.13/site-packages/_pytest/fixtures.py\", line 1140, in pytest_fixture_setup\n    result = call_fixture_func(fixturefunc, request, kwargs)\n  File \"/home/runner/work/Selenium-Python-Example/Selenium-Python-Example/.venv/lib/python3.13/site-packages/_pytest/fixtures.py\", line 898, in call_fixture_func\n    fixture_result = fixturefunc(**kwargs)\n  File \"/home/runner/work/Selenium-Python-Example/Selenium-Python-Example/tests/workspaces_test.py\", line 25, in setup_method_fixture\n    login(self.about_page, self.login_page)\n    ~~~~~^^^^^^^^^^^^^^^^^^^^^^^^^^^^^^^^^^\n  File \"/home/runner/work/Selenium-Python-Example/Selenium-Python-Example/tests/workspaces_test.py\", line 15, in login\n    about_page.click_login_link()\n    ~~~~~~~~~~~~~~~~~~~~~~~~~~~^^\n  File \"/home/runner/work/Selenium-Python-Example/Selenium-Python-Example/.venv/lib/python3.13/site-packages/allure_commons/_allure.py\", line 202, in impl\n    return func(*a, **kw)\n  File \"/home/runner/work/Selenium-Python-Example/Selenium-Python-Example/pages/about_page.py\", line 18, in click_login_link\n    self.click(self.LOGIN_LINK)\n    ~~~~~~~~~~^^^^^^^^^^^^^^^^^\n  File \"/home/runner/work/Selenium-Python-Example/Selenium-Python-Example/pages/base_page.py\", line 59, in click\n    el: WebElement = self.wait.until(expected_conditions.element_to_be_clickable(locator))\n                     ~~~~~~~~~~~~~~~^^^^^^^^^^^^^^^^^^^^^^^^^^^^^^^^^^^^^^^^^^^^^^^^^^^^^^\n  File \"/home/runner/work/Selenium-Python-Example/Selenium-Python-Example/.venv/lib/python3.13/site-packages/selenium/webdriver/support/wait.py\", line 146, in until\n    raise TimeoutException(message, screen, stacktrace)\n","steps":[{"name":"Click Login link","time":{"start":1744595539933,"stop":1744595549987,"duration":10054},"status":"broken","statusMessage":"selenium.common.exceptions.TimeoutException: Message: \nStacktrace:\n#0 0x55b9802f453a <unknown>\n#1 0x55b97fdeff00 <unknown>\n#2 0x55b97fe3fc0c <unknown>\n#3 0x55b97fe3fe31 <unknown>\n#4 0x55b97fe85bd4 <unknown>\n#5 0x55b97fe645cd <unknown>\n#6 0x55b97fe82f84 <unknown>\n#7 0x55b97fe64343 <unknown>\n#8 0x55b97fe3178a <unknown>\n#9 0x55b97fe329de <unknown>\n#10 0x55b9802be2cb <unknown>\n#11 0x55b9802c2242 <unknown>\n#12 0x55b9802ab7ac <unknown>\n#13 0x55b9802c2df7 <unknown>\n#14 0x55b98028fb2f <unknown>\n#15 0x55b9802e31a8 <unknown>\n#16 0x55b9802e3370 <unknown>\n#17 0x55b9802f33b6 <unknown>\n#18 0x7fd19289caa4 <unknown>\n#19 0x7fd192929c3c <unknown>\n\n","statusTrace":"  File \"/home/runner/work/Selenium-Python-Example/Selenium-Python-Example/.venv/lib/python3.13/site-packages/allure_commons/_allure.py\", line 202, in impl\n    return func(*a, **kw)\n  File \"/home/runner/work/Selenium-Python-Example/Selenium-Python-Example/pages/about_page.py\", line 18, in click_login_link\n    self.click(self.LOGIN_LINK)\n    ~~~~~~~~~~^^^^^^^^^^^^^^^^^\n  File \"/home/runner/work/Selenium-Python-Example/Selenium-Python-Example/pages/base_page.py\", line 59, in click\n    el: WebElement = self.wait.until(expected_conditions.element_to_be_clickable(locator))\n                     ~~~~~~~~~~~~~~~^^^^^^^^^^^^^^^^^^^^^^^^^^^^^^^^^^^^^^^^^^^^^^^^^^^^^^\n  File \"/home/runner/work/Selenium-Python-Example/Selenium-Python-Example/.venv/lib/python3.13/site-packages/selenium/webdriver/support/wait.py\", line 146, in until\n    raise TimeoutException(message, screen, stacktrace)\n","steps":[],"attachments":[],"parameters":[],"shouldDisplayMessage":true,"stepsCount":0,"attachmentsCount":0,"hasContent":true,"attachmentStep":false}],"attachments":[],"parameters":[],"shouldDisplayMessage":false,"stepsCount":1,"attachmentsCount":0,"hasContent":true,"attachmentStep":false}],"testStage":{"description":"Deleting an existing project from workspace","status":"broken","statusMessage":"selenium.common.exceptions.TimeoutException: Message: \nStacktrace:\n#0 0x55b9802f453a <unknown>\n#1 0x55b97fdeff00 <unknown>\n#2 0x55b97fe3fc0c <unknown>\n#3 0x55b97fe3fe31 <unknown>\n#4 0x55b97fe85bd4 <unknown>\n#5 0x55b97fe645cd <unknown>\n#6 0x55b97fe82f84 <unknown>\n#7 0x55b97fe64343 <unknown>\n#8 0x55b97fe3178a <unknown>\n#9 0x55b97fe329de <unknown>\n#10 0x55b9802be2cb <unknown>\n#11 0x55b9802c2242 <unknown>\n#12 0x55b9802ab7ac <unknown>\n#13 0x55b9802c2df7 <unknown>\n#14 0x55b98028fb2f <unknown>\n#15 0x55b9802e31a8 <unknown>\n#16 0x55b9802e3370 <unknown>\n#17 0x55b9802f33b6 <unknown>\n#18 0x7fd19289caa4 <unknown>\n#19 0x7fd192929c3c <unknown>","statusTrace":"self = <tests.workspaces_test.TestWorkspaces object at 0x7f8c65a34a50>\n\n    @pytest.fixture(autouse=True)\n    def setup_method_fixture(self):\n>       login(self.about_page, self.login_page)\n\ntests/workspaces_test.py:25: \n_ _ _ _ _ _ _ _ _ _ _ _ _ _ _ _ _ _ _ _ _ _ _ _ _ _ _ _ _ _ _ _ _ _ _ _ _ _ _ _ \ntests/workspaces_test.py:15: in login\n    about_page.click_login_link()\npages/about_page.py:18: in click_login_link\n    self.click(self.LOGIN_LINK)\npages/base_page.py:59: in click\n    el: WebElement = self.wait.until(expected_conditions.element_to_be_clickable(locator))\n_ _ _ _ _ _ _ _ _ _ _ _ _ _ _ _ _ _ _ _ _ _ _ _ _ _ _ _ _ _ _ _ _ _ _ _ _ _ _ _ \n\nself = <selenium.webdriver.support.wait.WebDriverWait (session=\"d198a9a5958d916b5d81e0a6b457b62a\")>\nmethod = <function element_to_be_clickable.<locals>._predicate at 0x7f8c6596d080>\nmessage = ''\n\n    def until(self, method: Callable[[D], Union[Literal[False], T]], message: str = \"\") -> T:\n        \"\"\"Wait until the method returns a value that is not False.\n    \n        Calls the method provided with the driver as an argument until the\n        return value does not evaluate to ``False``.\n    \n        Parameters:\n        -----------\n        method: callable(WebDriver)\n            - A callable object that takes a WebDriver instance as an argument.\n    \n        message: str\n            - Optional message for :exc:`TimeoutException`\n    \n        Return:\n        -------\n        object: T\n            - The result of the last call to `method`\n    \n        Raises:\n        -------\n        TimeoutException\n            - If 'method' does not return a truthy value within the WebDriverWait\n            object's timeout\n    \n        Example:\n        --------\n        >>> from selenium.webdriver.common.by import By\n        >>> from selenium.webdriver.support.ui import WebDriverWait\n        >>> from selenium.webdriver.support import expected_conditions as EC\n    \n        # Wait until an element is visible on the page\n        >>> wait = WebDriverWait(driver, 10)\n        >>> element = wait.until(EC.visibility_of_element_located((By.ID, \"exampleId\")))\n        >>> print(element.text)\n        \"\"\"\n        screen = None\n        stacktrace = None\n    \n        end_time = time.monotonic() + self._timeout\n        while True:\n            try:\n                value = method(self._driver)\n                if value:\n                    return value\n            except self._ignored_exceptions as exc:\n                screen = getattr(exc, \"screen\", None)\n                stacktrace = getattr(exc, \"stacktrace\", None)\n            if time.monotonic() > end_time:\n                break\n            time.sleep(self._poll)\n>       raise TimeoutException(message, screen, stacktrace)\nE       selenium.common.exceptions.TimeoutException: Message: \nE       Stacktrace:\nE       #0 0x55b9802f453a <unknown>\nE       #1 0x55b97fdeff00 <unknown>\nE       #2 0x55b97fe3fc0c <unknown>\nE       #3 0x55b97fe3fe31 <unknown>\nE       #4 0x55b97fe85bd4 <unknown>\nE       #5 0x55b97fe645cd <unknown>\nE       #6 0x55b97fe82f84 <unknown>\nE       #7 0x55b97fe64343 <unknown>\nE       #8 0x55b97fe3178a <unknown>\nE       #9 0x55b97fe329de <unknown>\nE       #10 0x55b9802be2cb <unknown>\nE       #11 0x55b9802c2242 <unknown>\nE       #12 0x55b9802ab7ac <unknown>\nE       #13 0x55b9802c2df7 <unknown>\nE       #14 0x55b98028fb2f <unknown>\nE       #15 0x55b9802e31a8 <unknown>\nE       #16 0x55b9802e3370 <unknown>\nE       #17 0x55b9802f33b6 <unknown>\nE       #18 0x7fd19289caa4 <unknown>\nE       #19 0x7fd192929c3c <unknown>\n\n.venv/lib/python3.13/site-packages/selenium/webdriver/support/wait.py:146: TimeoutException","steps":[{"name":"public ip address","time":{"start":1744595549998,"stop":1744595550151,"duration":153},"status":"passed","steps":[],"attachments":[{"uid":"30d9f273700c90f5","name":"HTTP logs of http://checkip.amazonaws.com/","source":"30d9f273700c90f5.txt","type":"text/plain","size":357}],"parameters":[],"shouldDisplayMessage":false,"stepsCount":0,"attachmentsCount":1,"hasContent":true,"attachmentStep":false}],"attachments":[{"uid":"7359642ed85131cf","name":"Cookies","source":"7359642ed85131cf.json","type":"application/json","size":4168},{"uid":"5c068779466fa508","name":"Session Storage","source":"5c068779466fa508.json","type":"application/json","size":359},{"uid":"725b0dbf33254d30","name":"Local Storage","source":"725b0dbf33254d30.json","type":"application/json","size":500},{"uid":"e87045ed2055b459","name":"Full Page Screenshot","source":"e87045ed2055b459.png","type":"image/png","size":1358858},{"uid":"2c0b7da9f0ea9e5b","name":"URL","source":"2c0b7da9f0ea9e5b.uri","type":"text/uri-list","size":23},{"uid":"51b5f41e899f8e38","name":"Network Logs","source":"51b5f41e899f8e38.json","type":"application/json","size":59521}],"parameters":[],"shouldDisplayMessage":true,"stepsCount":1,"attachmentsCount":7,"hasContent":true,"attachmentStep":false},"afterStages":[{"name":"session_request::0","time":{"start":1744595552725,"stop":1744595552725,"duration":0},"status":"passed","steps":[],"attachments":[],"parameters":[],"shouldDisplayMessage":false,"stepsCount":0,"attachmentsCount":0,"hasContent":false,"attachmentStep":false}],"labels":[{"name":"story","value":"WorkSpaces Creation and Editing Functionality"},{"name":"severity","value":"normal"},{"name":"epic","value":"Workspaces"},{"name":"tag","value":"run(order=9)"},{"name":"parentSuite","value":"tests"},{"name":"suite","value":"workspaces_test"},{"name":"subSuite","value":"TestWorkspaces"},{"name":"host","value":"fv-az1288-383"},{"name":"thread","value":"1964-MainThread"},{"name":"framework","value":"pytest"},{"name":"language","value":"cpython3"},{"name":"package","value":"tests.workspaces_test"},{"name":"resultFormat","value":"allure2"}],"parameters":[],"links":[],"hidden":false,"retry":false,"extra":{"severity":"normal","retries":[],"categories":[{"name":"Test defects","matchedStatuses":[],"flaky":false}],"history":{"statistic":{"failed":0,"broken":7,"skipped":0,"passed":0,"unknown":0,"total":7},"items":[{"uid":"4b2b2d99f201b8c5","reportUrl":"https://nirtal85.github.io/Selenium-Python-Example/621//#testresult/4b2b2d99f201b8c5","status":"broken","statusDetails":"selenium.common.exceptions.TimeoutException: Message: \nStacktrace:\n#0 0x55cb8ccfb53a <unknown>\n#1 0x55cb8c7f6f00 <unknown>\n#2 0x55cb8c846c0c <unknown>\n#3 0x55cb8c846e31 <unknown>\n#4 0x55cb8c88cbd4 <unknown>\n#5 0x55cb8c86b5cd <unknown>\n#6 0x55cb8c889f84 <unknown>\n#7 0x55cb8c86b343 <unknown>\n#8 0x55cb8c83878a <unknown>\n#9 0x55cb8c8399de <unknown>\n#10 0x55cb8ccc52cb <unknown>\n#11 0x55cb8ccc9242 <unknown>\n#12 0x55cb8ccb27ac <unknown>\n#13 0x55cb8ccc9df7 <unknown>\n#14 0x55cb8cc96b2f <unknown>\n#15 0x55cb8ccea1a8 <unknown>\n#16 0x55cb8ccea370 <unknown>\n#17 0x55cb8ccfa3b6 <unknown>\n#18 0x7f72d849caa4 <unknown>\n#19 0x7f72d8529c3c <unknown>","time":{"start":1744514062534,"stop":1744514062534,"duration":0}},{"uid":"e9e9a3e8181235ac","reportUrl":"https://nirtal85.github.io/Selenium-Python-Example/620//#testresult/e9e9a3e8181235ac","status":"broken","statusDetails":"selenium.common.exceptions.TimeoutException: Message: \nStacktrace:\n#0 0x55565ec7253a <unknown>\n#1 0x55565e76df00 <unknown>\n#2 0x55565e7bdc0c <unknown>\n#3 0x55565e7bde31 <unknown>\n#4 0x55565e803bd4 <unknown>\n#5 0x55565e7e25cd <unknown>\n#6 0x55565e800f84 <unknown>\n#7 0x55565e7e2343 <unknown>\n#8 0x55565e7af78a <unknown>\n#9 0x55565e7b09de <unknown>\n#10 0x55565ec3c2cb <unknown>\n#11 0x55565ec40242 <unknown>\n#12 0x55565ec297ac <unknown>\n#13 0x55565ec40df7 <unknown>\n#14 0x55565ec0db2f <unknown>\n#15 0x55565ec611a8 <unknown>\n#16 0x55565ec61370 <unknown>\n#17 0x55565ec713b6 <unknown>\n#18 0x7f9cc749caa4 <unknown>\n#19 0x7f9cc7529c3c <unknown>","time":{"start":1744422328246,"stop":1744422328246,"duration":0}},{"uid":"2b09b4e132612230","reportUrl":"https://nirtal85.github.io/Selenium-Python-Example/619//#testresult/2b09b4e132612230","status":"broken","statusDetails":"selenium.common.exceptions.TimeoutException: Message: \nStacktrace:\n#0 0x560e3e47e53a <unknown>\n#1 0x560e3df79f00 <unknown>\n#2 0x560e3dfc9c0c <unknown>\n#3 0x560e3dfc9e31 <unknown>\n#4 0x560e3e00fbd4 <unknown>\n#5 0x560e3dfee5cd <unknown>\n#6 0x560e3e00cf84 <unknown>\n#7 0x560e3dfee343 <unknown>\n#8 0x560e3dfbb78a <unknown>\n#9 0x560e3dfbc9de <unknown>\n#10 0x560e3e4482cb <unknown>\n#11 0x560e3e44c242 <unknown>\n#12 0x560e3e4357ac <unknown>\n#13 0x560e3e44cdf7 <unknown>\n#14 0x560e3e419b2f <unknown>\n#15 0x560e3e46d1a8 <unknown>\n#16 0x560e3e46d370 <unknown>\n#17 0x560e3e47d3b6 <unknown>\n#18 0x7fe995a9caa4 <unknown>\n#19 0x7fe995b29c3c <unknown>","time":{"start":1744336102238,"stop":1744336102238,"duration":0}},{"uid":"be69434a13f63e06","reportUrl":"https://nirtal85.github.io/Selenium-Python-Example/618//#testresult/be69434a13f63e06","status":"broken","statusDetails":"selenium.common.exceptions.TimeoutException: Message: \nStacktrace:\n#0 0x5592c003053a <unknown>\n#1 0x5592bfb2bf00 <unknown>\n#2 0x5592bfb7bc0c <unknown>\n#3 0x5592bfb7be31 <unknown>\n#4 0x5592bfbc1bd4 <unknown>\n#5 0x5592bfba05cd <unknown>\n#6 0x5592bfbbef84 <unknown>\n#7 0x5592bfba0343 <unknown>\n#8 0x5592bfb6d78a <unknown>\n#9 0x5592bfb6e9de <unknown>\n#10 0x5592bfffa2cb <unknown>\n#11 0x5592bfffe242 <unknown>\n#12 0x5592bffe77ac <unknown>\n#13 0x5592bfffedf7 <unknown>\n#14 0x5592bffcbb2f <unknown>\n#15 0x5592c001f1a8 <unknown>\n#16 0x5592c001f370 <unknown>\n#17 0x5592c002f3b6 <unknown>\n#18 0x7fe87789caa4 <unknown>\n#19 0x7fe877929c3c <unknown>","time":{"start":1744249670811,"stop":1744249670811,"duration":0}},{"uid":"67f4303e522cdbfa","reportUrl":"https://nirtal85.github.io/Selenium-Python-Example/617//#testresult/67f4303e522cdbfa","status":"broken","statusDetails":"selenium.common.exceptions.TimeoutException: Message: \nStacktrace:\n#0 0x5599fa2e953a <unknown>\n#1 0x5599f9de4f00 <unknown>\n#2 0x5599f9e34c0c <unknown>\n#3 0x5599f9e34e31 <unknown>\n#4 0x5599f9e7abd4 <unknown>\n#5 0x5599f9e595cd <unknown>\n#6 0x5599f9e77f84 <unknown>\n#7 0x5599f9e59343 <unknown>\n#8 0x5599f9e2678a <unknown>\n#9 0x5599f9e279de <unknown>\n#10 0x5599fa2b32cb <unknown>\n#11 0x5599fa2b7242 <unknown>\n#12 0x5599fa2a07ac <unknown>\n#13 0x5599fa2b7df7 <unknown>\n#14 0x5599fa284b2f <unknown>\n#15 0x5599fa2d81a8 <unknown>\n#16 0x5599fa2d8370 <unknown>\n#17 0x5599fa2e83b6 <unknown>\n#18 0x7fa23049caa4 <unknown>\n#19 0x7fa230529c3c <unknown>","time":{"start":1744163274770,"stop":1744163274770,"duration":0}},{"uid":"c635024c30ff302c","reportUrl":"https://nirtal85.github.io/Selenium-Python-Example/616//#testresult/c635024c30ff302c","status":"broken","statusDetails":"selenium.common.exceptions.TimeoutException: Message: \nStacktrace:\n#0 0x558ce9fa553a <unknown>\n#1 0x558ce9aa0f00 <unknown>\n#2 0x558ce9af0c0c <unknown>\n#3 0x558ce9af0e31 <unknown>\n#4 0x558ce9b36bd4 <unknown>\n#5 0x558ce9b155cd <unknown>\n#6 0x558ce9b33f84 <unknown>\n#7 0x558ce9b15343 <unknown>\n#8 0x558ce9ae278a <unknown>\n#9 0x558ce9ae39de <unknown>\n#10 0x558ce9f6f2cb <unknown>\n#11 0x558ce9f73242 <unknown>\n#12 0x558ce9f5c7ac <unknown>\n#13 0x558ce9f73df7 <unknown>\n#14 0x558ce9f40b2f <unknown>\n#15 0x558ce9f941a8 <unknown>\n#16 0x558ce9f94370 <unknown>\n#17 0x558ce9fa43b6 <unknown>\n#18 0x7f8b67a9caa4 <unknown>\n#19 0x7f8b67b29c3c <unknown>","time":{"start":1744076873544,"stop":1744076873544,"duration":0}}]},"tags":["run(order=9)"]},"source":"4a6a53ed54358b80.json","parameterValues":[]}