{"uid":"a5ab9b2489bbcab3","name":"Create new workspace test","fullName":"tests.workspaces_test.TestWorkspaces#test_create_new_workspace","historyId":"e1f088bc30a040de4100d958931562b3","time":{"start":1737941802381,"stop":1737941802381,"duration":0},"description":"Create new Workspace","descriptionHtml":"<p>Create new Workspace</p>\n","status":"broken","statusMessage":"selenium.common.exceptions.TimeoutException: Message: \nStacktrace:\n#0 0x5602e294a7ca <unknown>\n#1 0x5602e24422f0 <unknown>\n#2 0x5602e2492035 <unknown>\n#3 0x5602e2492251 <unknown>\n#4 0x5602e24d8054 <unknown>\n#5 0x5602e24b69dd <unknown>\n#6 0x5602e24d53b3 <unknown>\n#7 0x5602e24b6753 <unknown>\n#8 0x5602e2483baa <unknown>\n#9 0x5602e2484dfe <unknown>\n#10 0x5602e291538b <unknown>\n#11 0x5602e2919307 <unknown>\n#12 0x5602e2901e7c <unknown>\n#13 0x5602e2919ec7 <unknown>\n#14 0x5602e28e624f <unknown>\n#15 0x5602e29392f8 <unknown>\n#16 0x5602e29394c0 <unknown>\n#17 0x5602e2949646 <unknown>\n#18 0x7f5cbc89ca94 <unknown>\n#19 0x7f5cbc929c3c <unknown>","statusTrace":"self = <tests.workspaces_test.TestWorkspaces object at 0x7f0607da8620>\n\n    @pytest.fixture(autouse=True)\n    def setup_method_fixture(self):\n>       login(self.about_page, self.login_page)\n\ntests/workspaces_test.py:25: \n_ _ _ _ _ _ _ _ _ _ _ _ _ _ _ _ _ _ _ _ _ _ _ _ _ _ _ _ _ _ _ _ _ _ _ _ _ _ _ _ \ntests/workspaces_test.py:15: in login\n    about_page.click_login_link()\npages/about_page.py:20: in click_login_link\n    self.click(self.LOGIN_LINK)\npages/base_page.py:60: in click\n    el: WebElement = self.wait.until(\n_ _ _ _ _ _ _ _ _ _ _ _ _ _ _ _ _ _ _ _ _ _ _ _ _ _ _ _ _ _ _ _ _ _ _ _ _ _ _ _ \n\nself = <selenium.webdriver.support.wait.WebDriverWait (session=\"460ff7c5d7740a8535640e58d02ec0c9\")>\nmethod = <function element_to_be_clickable.<locals>._predicate at 0x7f06091feac0>\nmessage = ''\n\n    def until(self, method: Callable[[D], Union[Literal[False], T]], message: str = \"\") -> T:\n        \"\"\"Calls the method provided with the driver as an argument until the \\\n        return value does not evaluate to ``False``.\n    \n        :param method: callable(WebDriver)\n        :param message: optional message for :exc:`TimeoutException`\n        :returns: the result of the last call to `method`\n        :raises: :exc:`selenium.common.exceptions.TimeoutException` if timeout occurs\n        \"\"\"\n        screen = None\n        stacktrace = None\n    \n        end_time = time.monotonic() + self._timeout\n        while True:\n            try:\n                value = method(self._driver)\n                if value:\n                    return value\n            except self._ignored_exceptions as exc:\n                screen = getattr(exc, \"screen\", None)\n                stacktrace = getattr(exc, \"stacktrace\", None)\n            if time.monotonic() > end_time:\n                break\n            time.sleep(self._poll)\n>       raise TimeoutException(message, screen, stacktrace)\nE       selenium.common.exceptions.TimeoutException: Message: \nE       Stacktrace:\nE       #0 0x5602e294a7ca <unknown>\nE       #1 0x5602e24422f0 <unknown>\nE       #2 0x5602e2492035 <unknown>\nE       #3 0x5602e2492251 <unknown>\nE       #4 0x5602e24d8054 <unknown>\nE       #5 0x5602e24b69dd <unknown>\nE       #6 0x5602e24d53b3 <unknown>\nE       #7 0x5602e24b6753 <unknown>\nE       #8 0x5602e2483baa <unknown>\nE       #9 0x5602e2484dfe <unknown>\nE       #10 0x5602e291538b <unknown>\nE       #11 0x5602e2919307 <unknown>\nE       #12 0x5602e2901e7c <unknown>\nE       #13 0x5602e2919ec7 <unknown>\nE       #14 0x5602e28e624f <unknown>\nE       #15 0x5602e29392f8 <unknown>\nE       #16 0x5602e29394c0 <unknown>\nE       #17 0x5602e2949646 <unknown>\nE       #18 0x7f5cbc89ca94 <unknown>\nE       #19 0x7f5cbc929c3c <unknown>\n\n.venv/lib/python3.12/site-packages/selenium/webdriver/support/wait.py:105: TimeoutException","flaky":false,"newFailed":false,"newBroken":false,"newPassed":false,"retriesCount":0,"retriesStatusChange":false,"beforeStages":[{"name":"base_url","time":{"start":1737941825782,"stop":1737941825782,"duration":0},"status":"passed","steps":[],"attachments":[],"parameters":[],"shouldDisplayMessage":false,"stepsCount":0,"attachmentsCount":0,"hasContent":false,"attachmentStep":false},{"name":"session_request","time":{"start":1737941825782,"stop":1737941825782,"duration":0},"status":"passed","steps":[],"attachments":[],"parameters":[],"shouldDisplayMessage":false,"stepsCount":0,"attachmentsCount":0,"hasContent":false,"attachmentStep":false},{"name":"_verify_url","time":{"start":1737941825782,"stop":1737941825782,"duration":0},"status":"passed","steps":[],"attachments":[],"parameters":[],"shouldDisplayMessage":false,"stepsCount":0,"attachmentsCount":0,"hasContent":false,"attachmentStep":false},{"name":"data","time":{"start":1737941825782,"stop":1737941825783,"duration":1},"status":"passed","steps":[],"attachments":[],"parameters":[],"shouldDisplayMessage":false,"stepsCount":0,"attachmentsCount":0,"hasContent":false,"attachmentStep":false},{"name":"setup_method_fixture","time":{"start":1737941825783,"stop":1737941835843,"duration":10060},"status":"broken","statusMessage":"selenium.common.exceptions.TimeoutException: Message: \nStacktrace:\n#0 0x5602e294a7ca <unknown>\n#1 0x5602e24422f0 <unknown>\n#2 0x5602e2492035 <unknown>\n#3 0x5602e2492251 <unknown>\n#4 0x5602e24d8054 <unknown>\n#5 0x5602e24b69dd <unknown>\n#6 0x5602e24d53b3 <unknown>\n#7 0x5602e24b6753 <unknown>\n#8 0x5602e2483baa <unknown>\n#9 0x5602e2484dfe <unknown>\n#10 0x5602e291538b <unknown>\n#11 0x5602e2919307 <unknown>\n#12 0x5602e2901e7c <unknown>\n#13 0x5602e2919ec7 <unknown>\n#14 0x5602e28e624f <unknown>\n#15 0x5602e29392f8 <unknown>\n#16 0x5602e29394c0 <unknown>\n#17 0x5602e2949646 <unknown>\n#18 0x7f5cbc89ca94 <unknown>\n#19 0x7f5cbc929c3c <unknown>\n\n","statusTrace":"  File \"/home/runner/work/Selenium-Python-Example/Selenium-Python-Example/.venv/lib/python3.12/site-packages/pluggy/_callers.py\", line 167, in _multicall\n    teardown.throw(outcome._exception)\n  File \"/home/runner/work/Selenium-Python-Example/Selenium-Python-Example/.venv/lib/python3.12/site-packages/_pytest/setuponly.py\", line 36, in pytest_fixture_setup\n    return (yield)\n            ^^^^^\n  File \"/home/runner/work/Selenium-Python-Example/Selenium-Python-Example/.venv/lib/python3.12/site-packages/pluggy/_callers.py\", line 103, in _multicall\n    res = hook_impl.function(*args)\n          ^^^^^^^^^^^^^^^^^^^^^^^^^\n  File \"/home/runner/work/Selenium-Python-Example/Selenium-Python-Example/.venv/lib/python3.12/site-packages/_pytest/fixtures.py\", line 1140, in pytest_fixture_setup\n    result = call_fixture_func(fixturefunc, request, kwargs)\n             ^^^^^^^^^^^^^^^^^^^^^^^^^^^^^^^^^^^^^^^^^^^^^^^\n  File \"/home/runner/work/Selenium-Python-Example/Selenium-Python-Example/.venv/lib/python3.12/site-packages/_pytest/fixtures.py\", line 898, in call_fixture_func\n    fixture_result = fixturefunc(**kwargs)\n                     ^^^^^^^^^^^^^^^^^^^^^\n  File \"/home/runner/work/Selenium-Python-Example/Selenium-Python-Example/tests/workspaces_test.py\", line 25, in setup_method_fixture\n    login(self.about_page, self.login_page)\n  File \"/home/runner/work/Selenium-Python-Example/Selenium-Python-Example/tests/workspaces_test.py\", line 15, in login\n    about_page.click_login_link()\n  File \"/home/runner/work/Selenium-Python-Example/Selenium-Python-Example/.venv/lib/python3.12/site-packages/allure_commons/_allure.py\", line 192, in impl\n    return func(*a, **kw)\n           ^^^^^^^^^^^^^^\n  File \"/home/runner/work/Selenium-Python-Example/Selenium-Python-Example/pages/about_page.py\", line 20, in click_login_link\n    self.click(self.LOGIN_LINK)\n  File \"/home/runner/work/Selenium-Python-Example/Selenium-Python-Example/pages/base_page.py\", line 60, in click\n    el: WebElement = self.wait.until(\n                     ^^^^^^^^^^^^^^^^\n  File \"/home/runner/work/Selenium-Python-Example/Selenium-Python-Example/.venv/lib/python3.12/site-packages/selenium/webdriver/support/wait.py\", line 105, in until\n    raise TimeoutException(message, screen, stacktrace)\n","steps":[{"name":"Click Login link","time":{"start":1737941825783,"stop":1737941835843,"duration":10060},"status":"broken","statusMessage":"selenium.common.exceptions.TimeoutException: Message: \nStacktrace:\n#0 0x5602e294a7ca <unknown>\n#1 0x5602e24422f0 <unknown>\n#2 0x5602e2492035 <unknown>\n#3 0x5602e2492251 <unknown>\n#4 0x5602e24d8054 <unknown>\n#5 0x5602e24b69dd <unknown>\n#6 0x5602e24d53b3 <unknown>\n#7 0x5602e24b6753 <unknown>\n#8 0x5602e2483baa <unknown>\n#9 0x5602e2484dfe <unknown>\n#10 0x5602e291538b <unknown>\n#11 0x5602e2919307 <unknown>\n#12 0x5602e2901e7c <unknown>\n#13 0x5602e2919ec7 <unknown>\n#14 0x5602e28e624f <unknown>\n#15 0x5602e29392f8 <unknown>\n#16 0x5602e29394c0 <unknown>\n#17 0x5602e2949646 <unknown>\n#18 0x7f5cbc89ca94 <unknown>\n#19 0x7f5cbc929c3c <unknown>\n\n","statusTrace":"  File \"/home/runner/work/Selenium-Python-Example/Selenium-Python-Example/.venv/lib/python3.12/site-packages/allure_commons/_allure.py\", line 192, in impl\n    return func(*a, **kw)\n           ^^^^^^^^^^^^^^\n  File \"/home/runner/work/Selenium-Python-Example/Selenium-Python-Example/pages/about_page.py\", line 20, in click_login_link\n    self.click(self.LOGIN_LINK)\n  File \"/home/runner/work/Selenium-Python-Example/Selenium-Python-Example/pages/base_page.py\", line 60, in click\n    el: WebElement = self.wait.until(\n                     ^^^^^^^^^^^^^^^^\n  File \"/home/runner/work/Selenium-Python-Example/Selenium-Python-Example/.venv/lib/python3.12/site-packages/selenium/webdriver/support/wait.py\", line 105, in until\n    raise TimeoutException(message, screen, stacktrace)\n","steps":[],"attachments":[],"parameters":[],"shouldDisplayMessage":true,"stepsCount":0,"attachmentsCount":0,"hasContent":true,"attachmentStep":false}],"attachments":[],"parameters":[],"shouldDisplayMessage":false,"stepsCount":1,"attachmentsCount":0,"hasContent":true,"attachmentStep":false}],"testStage":{"description":"Create new Workspace","status":"broken","statusMessage":"selenium.common.exceptions.TimeoutException: Message: \nStacktrace:\n#0 0x5602e294a7ca <unknown>\n#1 0x5602e24422f0 <unknown>\n#2 0x5602e2492035 <unknown>\n#3 0x5602e2492251 <unknown>\n#4 0x5602e24d8054 <unknown>\n#5 0x5602e24b69dd <unknown>\n#6 0x5602e24d53b3 <unknown>\n#7 0x5602e24b6753 <unknown>\n#8 0x5602e2483baa <unknown>\n#9 0x5602e2484dfe <unknown>\n#10 0x5602e291538b <unknown>\n#11 0x5602e2919307 <unknown>\n#12 0x5602e2901e7c <unknown>\n#13 0x5602e2919ec7 <unknown>\n#14 0x5602e28e624f <unknown>\n#15 0x5602e29392f8 <unknown>\n#16 0x5602e29394c0 <unknown>\n#17 0x5602e2949646 <unknown>\n#18 0x7f5cbc89ca94 <unknown>\n#19 0x7f5cbc929c3c <unknown>","statusTrace":"self = <tests.workspaces_test.TestWorkspaces object at 0x7f0607da8620>\n\n    @pytest.fixture(autouse=True)\n    def setup_method_fixture(self):\n>       login(self.about_page, self.login_page)\n\ntests/workspaces_test.py:25: \n_ _ _ _ _ _ _ _ _ _ _ _ _ _ _ _ _ _ _ _ _ _ _ _ _ _ _ _ _ _ _ _ _ _ _ _ _ _ _ _ \ntests/workspaces_test.py:15: in login\n    about_page.click_login_link()\npages/about_page.py:20: in click_login_link\n    self.click(self.LOGIN_LINK)\npages/base_page.py:60: in click\n    el: WebElement = self.wait.until(\n_ _ _ _ _ _ _ _ _ _ _ _ _ _ _ _ _ _ _ _ _ _ _ _ _ _ _ _ _ _ _ _ _ _ _ _ _ _ _ _ \n\nself = <selenium.webdriver.support.wait.WebDriverWait (session=\"460ff7c5d7740a8535640e58d02ec0c9\")>\nmethod = <function element_to_be_clickable.<locals>._predicate at 0x7f06091feac0>\nmessage = ''\n\n    def until(self, method: Callable[[D], Union[Literal[False], T]], message: str = \"\") -> T:\n        \"\"\"Calls the method provided with the driver as an argument until the \\\n        return value does not evaluate to ``False``.\n    \n        :param method: callable(WebDriver)\n        :param message: optional message for :exc:`TimeoutException`\n        :returns: the result of the last call to `method`\n        :raises: :exc:`selenium.common.exceptions.TimeoutException` if timeout occurs\n        \"\"\"\n        screen = None\n        stacktrace = None\n    \n        end_time = time.monotonic() + self._timeout\n        while True:\n            try:\n                value = method(self._driver)\n                if value:\n                    return value\n            except self._ignored_exceptions as exc:\n                screen = getattr(exc, \"screen\", None)\n                stacktrace = getattr(exc, \"stacktrace\", None)\n            if time.monotonic() > end_time:\n                break\n            time.sleep(self._poll)\n>       raise TimeoutException(message, screen, stacktrace)\nE       selenium.common.exceptions.TimeoutException: Message: \nE       Stacktrace:\nE       #0 0x5602e294a7ca <unknown>\nE       #1 0x5602e24422f0 <unknown>\nE       #2 0x5602e2492035 <unknown>\nE       #3 0x5602e2492251 <unknown>\nE       #4 0x5602e24d8054 <unknown>\nE       #5 0x5602e24b69dd <unknown>\nE       #6 0x5602e24d53b3 <unknown>\nE       #7 0x5602e24b6753 <unknown>\nE       #8 0x5602e2483baa <unknown>\nE       #9 0x5602e2484dfe <unknown>\nE       #10 0x5602e291538b <unknown>\nE       #11 0x5602e2919307 <unknown>\nE       #12 0x5602e2901e7c <unknown>\nE       #13 0x5602e2919ec7 <unknown>\nE       #14 0x5602e28e624f <unknown>\nE       #15 0x5602e29392f8 <unknown>\nE       #16 0x5602e29394c0 <unknown>\nE       #17 0x5602e2949646 <unknown>\nE       #18 0x7f5cbc89ca94 <unknown>\nE       #19 0x7f5cbc929c3c <unknown>\n\n.venv/lib/python3.12/site-packages/selenium/webdriver/support/wait.py:105: TimeoutException","steps":[{"name":"public ip address","time":{"start":1737941835896,"stop":1737941836061,"duration":165},"status":"passed","steps":[],"attachments":[{"uid":"cb8a568df92a4a6f","name":"HTTP logs of http://checkip.amazonaws.com/","source":"cb8a568df92a4a6f.txt","type":"text/plain","size":357}],"parameters":[],"shouldDisplayMessage":false,"stepsCount":0,"attachmentsCount":1,"hasContent":true,"attachmentStep":false}],"attachments":[{"uid":"bc48e3c79ab86c18","name":"Cookies","source":"bc48e3c79ab86c18.json","type":"application/json","size":4382},{"uid":"d75dc61c6ca854e5","name":"Session Storage","source":"d75dc61c6ca854e5.json","type":"application/json","size":357},{"uid":"c2fd465243a0df81","name":"Local Storage","source":"c2fd465243a0df81.json","type":"application/json","size":790},{"uid":"d12281aa49bf69b8","name":"Console Logs","source":"d12281aa49bf69b8.json","type":"application/json","size":236},{"uid":"c01874797c1dcee0","name":"Full Page Screenshot","source":"c01874797c1dcee0.png","type":"image/png","size":3977509},{"uid":"d971c025da7b8414","name":"URL","source":"d971c025da7b8414.uri","type":"text/uri-list","size":23},{"uid":"ef58d997f9c49fb2","name":"Network Logs","source":"ef58d997f9c49fb2.json","type":"application/json","size":5964423}],"parameters":[],"shouldDisplayMessage":true,"stepsCount":1,"attachmentsCount":8,"hasContent":true,"attachmentStep":false},"afterStages":[{"name":"session_request::0","time":{"start":1737942000606,"stop":1737942000606,"duration":0},"status":"passed","steps":[],"attachments":[],"parameters":[],"shouldDisplayMessage":false,"stepsCount":0,"attachmentsCount":0,"hasContent":false,"attachmentStep":false}],"labels":[{"name":"story","value":"WorkSpaces Creation and Editing Functionality"},{"name":"epic","value":"Workspaces"},{"name":"severity","value":"normal"},{"name":"tag","value":"run(order=1)"},{"name":"parentSuite","value":"tests"},{"name":"suite","value":"workspaces_test"},{"name":"subSuite","value":"TestWorkspaces"},{"name":"host","value":"fv-az1693-621"},{"name":"thread","value":"2028-MainThread"},{"name":"framework","value":"pytest"},{"name":"language","value":"cpython3"},{"name":"package","value":"tests.workspaces_test"},{"name":"resultFormat","value":"allure2"}],"parameters":[],"links":[],"hidden":false,"retry":false,"extra":{"severity":"normal","retries":[],"categories":[{"name":"Test defects","matchedStatuses":[],"flaky":false}],"tags":["run(order=1)"]},"source":"a5ab9b2489bbcab3.json","parameterValues":[]}