{"uid":"7e5c65071106dc95","name":"Number of projects displayed in page test","fullName":"tests.workspaces_test.TestWorkspaces#test_number_of_existing_projects","historyId":"34e866e263d4a1ed453e065aefe8091d","time":{"start":1737163583051,"stop":1737163583051,"duration":0},"description":"Compare between the actual number of projects seen on page and the number shown in workspaces block","descriptionHtml":"<p>Compare between the actual number of projects seen on page and the number shown in workspaces block</p>\n","status":"broken","statusMessage":"selenium.common.exceptions.TimeoutException: Message: \nStacktrace:\n#0 0x55c6ad42a8fa <unknown>\n#1 0x55c6acf3bd20 <unknown>\n#2 0x55c6acf8aa66 <unknown>\n#3 0x55c6acf8ad01 <unknown>\n#4 0x55c6acfd0184 <unknown>\n#5 0x55c6acfaeb1d <unknown>\n#6 0x55c6acfcd560 <unknown>\n#7 0x55c6acfae893 <unknown>\n#8 0x55c6acf7d30d <unknown>\n#9 0x55c6acf7e32e <unknown>\n#10 0x55c6ad3f700b <unknown>\n#11 0x55c6ad3faf97 <unknown>\n#12 0x55c6ad3e371c <unknown>\n#13 0x55c6ad3fbb17 <unknown>\n#14 0x55c6ad3c86cf <unknown>\n#15 0x55c6ad4196b8 <unknown>\n#16 0x55c6ad419880 <unknown>\n#17 0x55c6ad429776 <unknown>\n#18 0x7fc34d09ca94 <unknown>\n#19 0x7fc34d129c3c <unknown>","statusTrace":"self = <tests.workspaces_test.TestWorkspaces object at 0x7ff0581da4e0>\n\n    @pytest.fixture(autouse=True)\n    def setup_method_fixture(self):\n>       login(self.about_page, self.login_page)\n\ntests/workspaces_test.py:25: \n_ _ _ _ _ _ _ _ _ _ _ _ _ _ _ _ _ _ _ _ _ _ _ _ _ _ _ _ _ _ _ _ _ _ _ _ _ _ _ _ \ntests/workspaces_test.py:15: in login\n    about_page.click_login_link()\npages/about_page.py:20: in click_login_link\n    self.click(self.LOGIN_LINK)\npages/base_page.py:60: in click\n    el: WebElement = self.wait.until(\n_ _ _ _ _ _ _ _ _ _ _ _ _ _ _ _ _ _ _ _ _ _ _ _ _ _ _ _ _ _ _ _ _ _ _ _ _ _ _ _ \n\nself = <selenium.webdriver.support.wait.WebDriverWait (session=\"a3f8aaa0c9f7fa354252abfc89e9d676\")>\nmethod = <function element_to_be_clickable.<locals>._predicate at 0x7ff057a91c60>\nmessage = ''\n\n    def until(self, method: Callable[[D], Union[Literal[False], T]], message: str = \"\") -> T:\n        \"\"\"Calls the method provided with the driver as an argument until the \\\n        return value does not evaluate to ``False``.\n    \n        :param method: callable(WebDriver)\n        :param message: optional message for :exc:`TimeoutException`\n        :returns: the result of the last call to `method`\n        :raises: :exc:`selenium.common.exceptions.TimeoutException` if timeout occurs\n        \"\"\"\n        screen = None\n        stacktrace = None\n    \n        end_time = time.monotonic() + self._timeout\n        while True:\n            try:\n                value = method(self._driver)\n                if value:\n                    return value\n            except self._ignored_exceptions as exc:\n                screen = getattr(exc, \"screen\", None)\n                stacktrace = getattr(exc, \"stacktrace\", None)\n            if time.monotonic() > end_time:\n                break\n            time.sleep(self._poll)\n>       raise TimeoutException(message, screen, stacktrace)\nE       selenium.common.exceptions.TimeoutException: Message: \nE       Stacktrace:\nE       #0 0x55c6ad42a8fa <unknown>\nE       #1 0x55c6acf3bd20 <unknown>\nE       #2 0x55c6acf8aa66 <unknown>\nE       #3 0x55c6acf8ad01 <unknown>\nE       #4 0x55c6acfd0184 <unknown>\nE       #5 0x55c6acfaeb1d <unknown>\nE       #6 0x55c6acfcd560 <unknown>\nE       #7 0x55c6acfae893 <unknown>\nE       #8 0x55c6acf7d30d <unknown>\nE       #9 0x55c6acf7e32e <unknown>\nE       #10 0x55c6ad3f700b <unknown>\nE       #11 0x55c6ad3faf97 <unknown>\nE       #12 0x55c6ad3e371c <unknown>\nE       #13 0x55c6ad3fbb17 <unknown>\nE       #14 0x55c6ad3c86cf <unknown>\nE       #15 0x55c6ad4196b8 <unknown>\nE       #16 0x55c6ad419880 <unknown>\nE       #17 0x55c6ad429776 <unknown>\nE       #18 0x7fc34d09ca94 <unknown>\nE       #19 0x7fc34d129c3c <unknown>\n\n.venv/lib/python3.12/site-packages/selenium/webdriver/support/wait.py:105: TimeoutException","flaky":false,"newFailed":false,"newBroken":false,"newPassed":false,"retriesCount":0,"retriesStatusChange":false,"beforeStages":[{"name":"_verify_url","time":{"start":1737163506570,"stop":1737163506570,"duration":0},"status":"passed","steps":[],"attachments":[],"parameters":[],"shouldDisplayMessage":false,"stepsCount":0,"attachmentsCount":0,"hasContent":false,"attachmentStep":false},{"name":"session_request","time":{"start":1737163506570,"stop":1737163506570,"duration":0},"status":"passed","steps":[],"attachments":[],"parameters":[],"shouldDisplayMessage":false,"stepsCount":0,"attachmentsCount":0,"hasContent":false,"attachmentStep":false},{"name":"base_url","time":{"start":1737163506570,"stop":1737163506570,"duration":0},"status":"passed","steps":[],"attachments":[],"parameters":[],"shouldDisplayMessage":false,"stepsCount":0,"attachmentsCount":0,"hasContent":false,"attachmentStep":false},{"name":"setup_method_fixture","time":{"start":1737163585642,"stop":1737163595758,"duration":10116},"status":"broken","statusMessage":"selenium.common.exceptions.TimeoutException: Message: \nStacktrace:\n#0 0x55c6ad42a8fa <unknown>\n#1 0x55c6acf3bd20 <unknown>\n#2 0x55c6acf8aa66 <unknown>\n#3 0x55c6acf8ad01 <unknown>\n#4 0x55c6acfd0184 <unknown>\n#5 0x55c6acfaeb1d <unknown>\n#6 0x55c6acfcd560 <unknown>\n#7 0x55c6acfae893 <unknown>\n#8 0x55c6acf7d30d <unknown>\n#9 0x55c6acf7e32e <unknown>\n#10 0x55c6ad3f700b <unknown>\n#11 0x55c6ad3faf97 <unknown>\n#12 0x55c6ad3e371c <unknown>\n#13 0x55c6ad3fbb17 <unknown>\n#14 0x55c6ad3c86cf <unknown>\n#15 0x55c6ad4196b8 <unknown>\n#16 0x55c6ad419880 <unknown>\n#17 0x55c6ad429776 <unknown>\n#18 0x7fc34d09ca94 <unknown>\n#19 0x7fc34d129c3c <unknown>\n\n","statusTrace":"  File \"/home/runner/work/Selenium-Python-Example/Selenium-Python-Example/.venv/lib/python3.12/site-packages/pluggy/_callers.py\", line 167, in _multicall\n    teardown.throw(outcome._exception)\n  File \"/home/runner/work/Selenium-Python-Example/Selenium-Python-Example/.venv/lib/python3.12/site-packages/_pytest/setuponly.py\", line 36, in pytest_fixture_setup\n    return (yield)\n            ^^^^^\n  File \"/home/runner/work/Selenium-Python-Example/Selenium-Python-Example/.venv/lib/python3.12/site-packages/pluggy/_callers.py\", line 103, in _multicall\n    res = hook_impl.function(*args)\n          ^^^^^^^^^^^^^^^^^^^^^^^^^\n  File \"/home/runner/work/Selenium-Python-Example/Selenium-Python-Example/.venv/lib/python3.12/site-packages/_pytest/fixtures.py\", line 1140, in pytest_fixture_setup\n    result = call_fixture_func(fixturefunc, request, kwargs)\n             ^^^^^^^^^^^^^^^^^^^^^^^^^^^^^^^^^^^^^^^^^^^^^^^\n  File \"/home/runner/work/Selenium-Python-Example/Selenium-Python-Example/.venv/lib/python3.12/site-packages/_pytest/fixtures.py\", line 898, in call_fixture_func\n    fixture_result = fixturefunc(**kwargs)\n                     ^^^^^^^^^^^^^^^^^^^^^\n  File \"/home/runner/work/Selenium-Python-Example/Selenium-Python-Example/tests/workspaces_test.py\", line 25, in setup_method_fixture\n    login(self.about_page, self.login_page)\n  File \"/home/runner/work/Selenium-Python-Example/Selenium-Python-Example/tests/workspaces_test.py\", line 15, in login\n    about_page.click_login_link()\n  File \"/home/runner/work/Selenium-Python-Example/Selenium-Python-Example/.venv/lib/python3.12/site-packages/allure_commons/_allure.py\", line 192, in impl\n    return func(*a, **kw)\n           ^^^^^^^^^^^^^^\n  File \"/home/runner/work/Selenium-Python-Example/Selenium-Python-Example/pages/about_page.py\", line 20, in click_login_link\n    self.click(self.LOGIN_LINK)\n  File \"/home/runner/work/Selenium-Python-Example/Selenium-Python-Example/pages/base_page.py\", line 60, in click\n    el: WebElement = self.wait.until(\n                     ^^^^^^^^^^^^^^^^\n  File \"/home/runner/work/Selenium-Python-Example/Selenium-Python-Example/.venv/lib/python3.12/site-packages/selenium/webdriver/support/wait.py\", line 105, in until\n    raise TimeoutException(message, screen, stacktrace)\n","steps":[{"name":"Click Login link","time":{"start":1737163585642,"stop":1737163595758,"duration":10116},"status":"broken","statusMessage":"selenium.common.exceptions.TimeoutException: Message: \nStacktrace:\n#0 0x55c6ad42a8fa <unknown>\n#1 0x55c6acf3bd20 <unknown>\n#2 0x55c6acf8aa66 <unknown>\n#3 0x55c6acf8ad01 <unknown>\n#4 0x55c6acfd0184 <unknown>\n#5 0x55c6acfaeb1d <unknown>\n#6 0x55c6acfcd560 <unknown>\n#7 0x55c6acfae893 <unknown>\n#8 0x55c6acf7d30d <unknown>\n#9 0x55c6acf7e32e <unknown>\n#10 0x55c6ad3f700b <unknown>\n#11 0x55c6ad3faf97 <unknown>\n#12 0x55c6ad3e371c <unknown>\n#13 0x55c6ad3fbb17 <unknown>\n#14 0x55c6ad3c86cf <unknown>\n#15 0x55c6ad4196b8 <unknown>\n#16 0x55c6ad419880 <unknown>\n#17 0x55c6ad429776 <unknown>\n#18 0x7fc34d09ca94 <unknown>\n#19 0x7fc34d129c3c <unknown>\n\n","statusTrace":"  File \"/home/runner/work/Selenium-Python-Example/Selenium-Python-Example/.venv/lib/python3.12/site-packages/allure_commons/_allure.py\", line 192, in impl\n    return func(*a, **kw)\n           ^^^^^^^^^^^^^^\n  File \"/home/runner/work/Selenium-Python-Example/Selenium-Python-Example/pages/about_page.py\", line 20, in click_login_link\n    self.click(self.LOGIN_LINK)\n  File \"/home/runner/work/Selenium-Python-Example/Selenium-Python-Example/pages/base_page.py\", line 60, in click\n    el: WebElement = self.wait.until(\n                     ^^^^^^^^^^^^^^^^\n  File \"/home/runner/work/Selenium-Python-Example/Selenium-Python-Example/.venv/lib/python3.12/site-packages/selenium/webdriver/support/wait.py\", line 105, in until\n    raise TimeoutException(message, screen, stacktrace)\n","steps":[],"attachments":[],"parameters":[],"shouldDisplayMessage":true,"stepsCount":0,"attachmentsCount":0,"hasContent":true,"attachmentStep":false}],"attachments":[],"parameters":[],"shouldDisplayMessage":false,"stepsCount":1,"attachmentsCount":0,"hasContent":true,"attachmentStep":false}],"testStage":{"description":"Compare between the actual number of projects seen on page and the number shown in workspaces block","status":"broken","statusMessage":"selenium.common.exceptions.TimeoutException: Message: \nStacktrace:\n#0 0x55c6ad42a8fa <unknown>\n#1 0x55c6acf3bd20 <unknown>\n#2 0x55c6acf8aa66 <unknown>\n#3 0x55c6acf8ad01 <unknown>\n#4 0x55c6acfd0184 <unknown>\n#5 0x55c6acfaeb1d <unknown>\n#6 0x55c6acfcd560 <unknown>\n#7 0x55c6acfae893 <unknown>\n#8 0x55c6acf7d30d <unknown>\n#9 0x55c6acf7e32e <unknown>\n#10 0x55c6ad3f700b <unknown>\n#11 0x55c6ad3faf97 <unknown>\n#12 0x55c6ad3e371c <unknown>\n#13 0x55c6ad3fbb17 <unknown>\n#14 0x55c6ad3c86cf <unknown>\n#15 0x55c6ad4196b8 <unknown>\n#16 0x55c6ad419880 <unknown>\n#17 0x55c6ad429776 <unknown>\n#18 0x7fc34d09ca94 <unknown>\n#19 0x7fc34d129c3c <unknown>","statusTrace":"self = <tests.workspaces_test.TestWorkspaces object at 0x7ff0581da4e0>\n\n    @pytest.fixture(autouse=True)\n    def setup_method_fixture(self):\n>       login(self.about_page, self.login_page)\n\ntests/workspaces_test.py:25: \n_ _ _ _ _ _ _ _ _ _ _ _ _ _ _ _ _ _ _ _ _ _ _ _ _ _ _ _ _ _ _ _ _ _ _ _ _ _ _ _ \ntests/workspaces_test.py:15: in login\n    about_page.click_login_link()\npages/about_page.py:20: in click_login_link\n    self.click(self.LOGIN_LINK)\npages/base_page.py:60: in click\n    el: WebElement = self.wait.until(\n_ _ _ _ _ _ _ _ _ _ _ _ _ _ _ _ _ _ _ _ _ _ _ _ _ _ _ _ _ _ _ _ _ _ _ _ _ _ _ _ \n\nself = <selenium.webdriver.support.wait.WebDriverWait (session=\"a3f8aaa0c9f7fa354252abfc89e9d676\")>\nmethod = <function element_to_be_clickable.<locals>._predicate at 0x7ff057a91c60>\nmessage = ''\n\n    def until(self, method: Callable[[D], Union[Literal[False], T]], message: str = \"\") -> T:\n        \"\"\"Calls the method provided with the driver as an argument until the \\\n        return value does not evaluate to ``False``.\n    \n        :param method: callable(WebDriver)\n        :param message: optional message for :exc:`TimeoutException`\n        :returns: the result of the last call to `method`\n        :raises: :exc:`selenium.common.exceptions.TimeoutException` if timeout occurs\n        \"\"\"\n        screen = None\n        stacktrace = None\n    \n        end_time = time.monotonic() + self._timeout\n        while True:\n            try:\n                value = method(self._driver)\n                if value:\n                    return value\n            except self._ignored_exceptions as exc:\n                screen = getattr(exc, \"screen\", None)\n                stacktrace = getattr(exc, \"stacktrace\", None)\n            if time.monotonic() > end_time:\n                break\n            time.sleep(self._poll)\n>       raise TimeoutException(message, screen, stacktrace)\nE       selenium.common.exceptions.TimeoutException: Message: \nE       Stacktrace:\nE       #0 0x55c6ad42a8fa <unknown>\nE       #1 0x55c6acf3bd20 <unknown>\nE       #2 0x55c6acf8aa66 <unknown>\nE       #3 0x55c6acf8ad01 <unknown>\nE       #4 0x55c6acfd0184 <unknown>\nE       #5 0x55c6acfaeb1d <unknown>\nE       #6 0x55c6acfcd560 <unknown>\nE       #7 0x55c6acfae893 <unknown>\nE       #8 0x55c6acf7d30d <unknown>\nE       #9 0x55c6acf7e32e <unknown>\nE       #10 0x55c6ad3f700b <unknown>\nE       #11 0x55c6ad3faf97 <unknown>\nE       #12 0x55c6ad3e371c <unknown>\nE       #13 0x55c6ad3fbb17 <unknown>\nE       #14 0x55c6ad3c86cf <unknown>\nE       #15 0x55c6ad4196b8 <unknown>\nE       #16 0x55c6ad419880 <unknown>\nE       #17 0x55c6ad429776 <unknown>\nE       #18 0x7fc34d09ca94 <unknown>\nE       #19 0x7fc34d129c3c <unknown>\n\n.venv/lib/python3.12/site-packages/selenium/webdriver/support/wait.py:105: TimeoutException","steps":[{"name":"public ip address","time":{"start":1737163595776,"stop":1737163595811,"duration":35},"status":"passed","steps":[],"attachments":[{"uid":"e6b06fabfb668cde","name":"HTTP logs of http://checkip.amazonaws.com/","source":"e6b06fabfb668cde.txt","type":"text/plain","size":358}],"parameters":[],"shouldDisplayMessage":false,"stepsCount":0,"attachmentsCount":1,"hasContent":true,"attachmentStep":false}],"attachments":[{"uid":"2ba56d56902057e0","name":"Cookies","source":"2ba56d56902057e0.json","type":"application/json","size":3586},{"uid":"224eef652b078028","name":"Session Storage","source":"224eef652b078028.json","type":"application/json","size":359},{"uid":"7e69dc3287f83884","name":"Local Storage","source":"7e69dc3287f83884.json","type":"application/json","size":790},{"uid":"6c7807d77d17019b","name":"Console Logs","source":"6c7807d77d17019b.json","type":"application/json","size":236},{"uid":"10830af576351d0","name":"Full Page Screenshot","source":"10830af576351d0.png","type":"image/png","size":4125960},{"uid":"60d46be57095227","name":"URL","source":"60d46be57095227.uri","type":"text/uri-list","size":23},{"uid":"6921cf79ad16d233","name":"Network Logs","source":"6921cf79ad16d233.json","type":"application/json","size":6862826}],"parameters":[],"shouldDisplayMessage":true,"stepsCount":1,"attachmentsCount":8,"hasContent":true,"attachmentStep":false},"afterStages":[{"name":"session_request::0","time":{"start":1737163677986,"stop":1737163677986,"duration":0},"status":"passed","steps":[],"attachments":[],"parameters":[],"shouldDisplayMessage":false,"stepsCount":0,"attachmentsCount":0,"hasContent":false,"attachmentStep":false}],"labels":[{"name":"story","value":"WorkSpaces Creation and Editing Functionality"},{"name":"severity","value":"normal"},{"name":"epic","value":"Workspaces"},{"name":"tag","value":"run(order=4)"},{"name":"parentSuite","value":"tests"},{"name":"suite","value":"workspaces_test"},{"name":"subSuite","value":"TestWorkspaces"},{"name":"host","value":"fv-az1781-924"},{"name":"thread","value":"2013-MainThread"},{"name":"framework","value":"pytest"},{"name":"language","value":"cpython3"},{"name":"package","value":"tests.workspaces_test"},{"name":"resultFormat","value":"allure2"}],"parameters":[],"links":[],"hidden":false,"retry":false,"extra":{"severity":"normal","retries":[],"categories":[{"name":"Test defects","matchedStatuses":[],"flaky":false}],"tags":["run(order=4)"]},"source":"7e5c65071106dc95.json","parameterValues":[]}