{"uid":"4175cf54bf2d49e5","name":"Cancel a project deletion","fullName":"tests.workspaces_test.TestWorkspaces#test_cancel_project_deletion","historyId":"4e88bda60b0c69cc538a06ace82098c3","time":{"start":1738027792057,"stop":1738027792057,"duration":0},"description":"Cancel project deletion","descriptionHtml":"<p>Cancel project deletion</p>\n","status":"broken","statusMessage":"selenium.common.exceptions.TimeoutException: Message: \nStacktrace:\n#0 0x558e4556edca <unknown>\n#1 0x558e450653f0 <unknown>\n#2 0x558e450b510c <unknown>\n#3 0x558e450b5331 <unknown>\n#4 0x558e450fb154 <unknown>\n#5 0x558e450d9abd <unknown>\n#6 0x558e450f84b3 <unknown>\n#7 0x558e450d9833 <unknown>\n#8 0x558e450a65a0 <unknown>\n#9 0x558e450a7ece <unknown>\n#10 0x558e45538bdb <unknown>\n#11 0x558e4553cb67 <unknown>\n#12 0x558e455243bc <unknown>\n#13 0x558e4553d727 <unknown>\n#14 0x558e4550874f <unknown>\n#15 0x558e4555d938 <unknown>\n#16 0x558e4555db00 <unknown>\n#17 0x558e4556dc46 <unknown>\n#18 0x7f3aed69ca94 <unknown>\n#19 0x7f3aed729c3c <unknown>","statusTrace":"self = <tests.workspaces_test.TestWorkspaces object at 0x7feb8f954440>\n\n    @pytest.fixture(autouse=True)\n    def setup_method_fixture(self):\n>       login(self.about_page, self.login_page)\n\ntests/workspaces_test.py:25: \n_ _ _ _ _ _ _ _ _ _ _ _ _ _ _ _ _ _ _ _ _ _ _ _ _ _ _ _ _ _ _ _ _ _ _ _ _ _ _ _ \ntests/workspaces_test.py:15: in login\n    about_page.click_login_link()\npages/about_page.py:20: in click_login_link\n    self.click(self.LOGIN_LINK)\npages/base_page.py:60: in click\n    el: WebElement = self.wait.until(\n_ _ _ _ _ _ _ _ _ _ _ _ _ _ _ _ _ _ _ _ _ _ _ _ _ _ _ _ _ _ _ _ _ _ _ _ _ _ _ _ \n\nself = <selenium.webdriver.support.wait.WebDriverWait (session=\"0c5827399e5ecb636701707869d6b611\")>\nmethod = <function element_to_be_clickable.<locals>._predicate at 0x7feb8f596980>\nmessage = ''\n\n    def until(self, method: Callable[[D], Union[Literal[False], T]], message: str = \"\") -> T:\n        \"\"\"Calls the method provided with the driver as an argument until the \\\n        return value does not evaluate to ``False``.\n    \n        :param method: callable(WebDriver)\n        :param message: optional message for :exc:`TimeoutException`\n        :returns: the result of the last call to `method`\n        :raises: :exc:`selenium.common.exceptions.TimeoutException` if timeout occurs\n        \"\"\"\n        screen = None\n        stacktrace = None\n    \n        end_time = time.monotonic() + self._timeout\n        while True:\n            try:\n                value = method(self._driver)\n                if value:\n                    return value\n            except self._ignored_exceptions as exc:\n                screen = getattr(exc, \"screen\", None)\n                stacktrace = getattr(exc, \"stacktrace\", None)\n            if time.monotonic() > end_time:\n                break\n            time.sleep(self._poll)\n>       raise TimeoutException(message, screen, stacktrace)\nE       selenium.common.exceptions.TimeoutException: Message: \nE       Stacktrace:\nE       #0 0x558e4556edca <unknown>\nE       #1 0x558e450653f0 <unknown>\nE       #2 0x558e450b510c <unknown>\nE       #3 0x558e450b5331 <unknown>\nE       #4 0x558e450fb154 <unknown>\nE       #5 0x558e450d9abd <unknown>\nE       #6 0x558e450f84b3 <unknown>\nE       #7 0x558e450d9833 <unknown>\nE       #8 0x558e450a65a0 <unknown>\nE       #9 0x558e450a7ece <unknown>\nE       #10 0x558e45538bdb <unknown>\nE       #11 0x558e4553cb67 <unknown>\nE       #12 0x558e455243bc <unknown>\nE       #13 0x558e4553d727 <unknown>\nE       #14 0x558e4550874f <unknown>\nE       #15 0x558e4555d938 <unknown>\nE       #16 0x558e4555db00 <unknown>\nE       #17 0x558e4556dc46 <unknown>\nE       #18 0x7f3aed69ca94 <unknown>\nE       #19 0x7f3aed729c3c <unknown>\n\n.venv/lib/python3.12/site-packages/selenium/webdriver/support/wait.py:105: TimeoutException","flaky":false,"newFailed":false,"newBroken":false,"newPassed":false,"retriesCount":0,"retriesStatusChange":false,"beforeStages":[{"name":"data","time":{"start":1738027652811,"stop":1738027652812,"duration":1},"status":"passed","steps":[],"attachments":[],"parameters":[],"shouldDisplayMessage":false,"stepsCount":0,"attachmentsCount":0,"hasContent":false,"attachmentStep":false},{"name":"session_request","time":{"start":1738027652811,"stop":1738027652811,"duration":0},"status":"passed","steps":[],"attachments":[],"parameters":[],"shouldDisplayMessage":false,"stepsCount":0,"attachmentsCount":0,"hasContent":false,"attachmentStep":false},{"name":"_verify_url","time":{"start":1738027652811,"stop":1738027652811,"duration":0},"status":"passed","steps":[],"attachments":[],"parameters":[],"shouldDisplayMessage":false,"stepsCount":0,"attachmentsCount":0,"hasContent":false,"attachmentStep":false},{"name":"base_url","time":{"start":1738027652811,"stop":1738027652811,"duration":0},"status":"passed","steps":[],"attachments":[],"parameters":[],"shouldDisplayMessage":false,"stepsCount":0,"attachmentsCount":0,"hasContent":false,"attachmentStep":false},{"name":"setup_method_fixture","time":{"start":1738027794928,"stop":1738027805069,"duration":10141},"status":"broken","statusMessage":"selenium.common.exceptions.TimeoutException: Message: \nStacktrace:\n#0 0x558e4556edca <unknown>\n#1 0x558e450653f0 <unknown>\n#2 0x558e450b510c <unknown>\n#3 0x558e450b5331 <unknown>\n#4 0x558e450fb154 <unknown>\n#5 0x558e450d9abd <unknown>\n#6 0x558e450f84b3 <unknown>\n#7 0x558e450d9833 <unknown>\n#8 0x558e450a65a0 <unknown>\n#9 0x558e450a7ece <unknown>\n#10 0x558e45538bdb <unknown>\n#11 0x558e4553cb67 <unknown>\n#12 0x558e455243bc <unknown>\n#13 0x558e4553d727 <unknown>\n#14 0x558e4550874f <unknown>\n#15 0x558e4555d938 <unknown>\n#16 0x558e4555db00 <unknown>\n#17 0x558e4556dc46 <unknown>\n#18 0x7f3aed69ca94 <unknown>\n#19 0x7f3aed729c3c <unknown>\n\n","statusTrace":"  File \"/home/runner/work/Selenium-Python-Example/Selenium-Python-Example/.venv/lib/python3.12/site-packages/pluggy/_callers.py\", line 167, in _multicall\n    teardown.throw(outcome._exception)\n  File \"/home/runner/work/Selenium-Python-Example/Selenium-Python-Example/.venv/lib/python3.12/site-packages/_pytest/setuponly.py\", line 36, in pytest_fixture_setup\n    return (yield)\n            ^^^^^\n  File \"/home/runner/work/Selenium-Python-Example/Selenium-Python-Example/.venv/lib/python3.12/site-packages/pluggy/_callers.py\", line 103, in _multicall\n    res = hook_impl.function(*args)\n          ^^^^^^^^^^^^^^^^^^^^^^^^^\n  File \"/home/runner/work/Selenium-Python-Example/Selenium-Python-Example/.venv/lib/python3.12/site-packages/_pytest/fixtures.py\", line 1140, in pytest_fixture_setup\n    result = call_fixture_func(fixturefunc, request, kwargs)\n             ^^^^^^^^^^^^^^^^^^^^^^^^^^^^^^^^^^^^^^^^^^^^^^^\n  File \"/home/runner/work/Selenium-Python-Example/Selenium-Python-Example/.venv/lib/python3.12/site-packages/_pytest/fixtures.py\", line 898, in call_fixture_func\n    fixture_result = fixturefunc(**kwargs)\n                     ^^^^^^^^^^^^^^^^^^^^^\n  File \"/home/runner/work/Selenium-Python-Example/Selenium-Python-Example/tests/workspaces_test.py\", line 25, in setup_method_fixture\n    login(self.about_page, self.login_page)\n  File \"/home/runner/work/Selenium-Python-Example/Selenium-Python-Example/tests/workspaces_test.py\", line 15, in login\n    about_page.click_login_link()\n  File \"/home/runner/work/Selenium-Python-Example/Selenium-Python-Example/.venv/lib/python3.12/site-packages/allure_commons/_allure.py\", line 192, in impl\n    return func(*a, **kw)\n           ^^^^^^^^^^^^^^\n  File \"/home/runner/work/Selenium-Python-Example/Selenium-Python-Example/pages/about_page.py\", line 20, in click_login_link\n    self.click(self.LOGIN_LINK)\n  File \"/home/runner/work/Selenium-Python-Example/Selenium-Python-Example/pages/base_page.py\", line 60, in click\n    el: WebElement = self.wait.until(\n                     ^^^^^^^^^^^^^^^^\n  File \"/home/runner/work/Selenium-Python-Example/Selenium-Python-Example/.venv/lib/python3.12/site-packages/selenium/webdriver/support/wait.py\", line 105, in until\n    raise TimeoutException(message, screen, stacktrace)\n","steps":[{"name":"Click Login link","time":{"start":1738027794929,"stop":1738027805069,"duration":10140},"status":"broken","statusMessage":"selenium.common.exceptions.TimeoutException: Message: \nStacktrace:\n#0 0x558e4556edca <unknown>\n#1 0x558e450653f0 <unknown>\n#2 0x558e450b510c <unknown>\n#3 0x558e450b5331 <unknown>\n#4 0x558e450fb154 <unknown>\n#5 0x558e450d9abd <unknown>\n#6 0x558e450f84b3 <unknown>\n#7 0x558e450d9833 <unknown>\n#8 0x558e450a65a0 <unknown>\n#9 0x558e450a7ece <unknown>\n#10 0x558e45538bdb <unknown>\n#11 0x558e4553cb67 <unknown>\n#12 0x558e455243bc <unknown>\n#13 0x558e4553d727 <unknown>\n#14 0x558e4550874f <unknown>\n#15 0x558e4555d938 <unknown>\n#16 0x558e4555db00 <unknown>\n#17 0x558e4556dc46 <unknown>\n#18 0x7f3aed69ca94 <unknown>\n#19 0x7f3aed729c3c <unknown>\n\n","statusTrace":"  File \"/home/runner/work/Selenium-Python-Example/Selenium-Python-Example/.venv/lib/python3.12/site-packages/allure_commons/_allure.py\", line 192, in impl\n    return func(*a, **kw)\n           ^^^^^^^^^^^^^^\n  File \"/home/runner/work/Selenium-Python-Example/Selenium-Python-Example/pages/about_page.py\", line 20, in click_login_link\n    self.click(self.LOGIN_LINK)\n  File \"/home/runner/work/Selenium-Python-Example/Selenium-Python-Example/pages/base_page.py\", line 60, in click\n    el: WebElement = self.wait.until(\n                     ^^^^^^^^^^^^^^^^\n  File \"/home/runner/work/Selenium-Python-Example/Selenium-Python-Example/.venv/lib/python3.12/site-packages/selenium/webdriver/support/wait.py\", line 105, in until\n    raise TimeoutException(message, screen, stacktrace)\n","steps":[],"attachments":[],"parameters":[],"shouldDisplayMessage":true,"stepsCount":0,"attachmentsCount":0,"hasContent":true,"attachmentStep":false}],"attachments":[],"parameters":[],"shouldDisplayMessage":false,"stepsCount":1,"attachmentsCount":0,"hasContent":true,"attachmentStep":false}],"testStage":{"description":"Cancel project deletion","status":"broken","statusMessage":"selenium.common.exceptions.TimeoutException: Message: \nStacktrace:\n#0 0x558e4556edca <unknown>\n#1 0x558e450653f0 <unknown>\n#2 0x558e450b510c <unknown>\n#3 0x558e450b5331 <unknown>\n#4 0x558e450fb154 <unknown>\n#5 0x558e450d9abd <unknown>\n#6 0x558e450f84b3 <unknown>\n#7 0x558e450d9833 <unknown>\n#8 0x558e450a65a0 <unknown>\n#9 0x558e450a7ece <unknown>\n#10 0x558e45538bdb <unknown>\n#11 0x558e4553cb67 <unknown>\n#12 0x558e455243bc <unknown>\n#13 0x558e4553d727 <unknown>\n#14 0x558e4550874f <unknown>\n#15 0x558e4555d938 <unknown>\n#16 0x558e4555db00 <unknown>\n#17 0x558e4556dc46 <unknown>\n#18 0x7f3aed69ca94 <unknown>\n#19 0x7f3aed729c3c <unknown>","statusTrace":"self = <tests.workspaces_test.TestWorkspaces object at 0x7feb8f954440>\n\n    @pytest.fixture(autouse=True)\n    def setup_method_fixture(self):\n>       login(self.about_page, self.login_page)\n\ntests/workspaces_test.py:25: \n_ _ _ _ _ _ _ _ _ _ _ _ _ _ _ _ _ _ _ _ _ _ _ _ _ _ _ _ _ _ _ _ _ _ _ _ _ _ _ _ \ntests/workspaces_test.py:15: in login\n    about_page.click_login_link()\npages/about_page.py:20: in click_login_link\n    self.click(self.LOGIN_LINK)\npages/base_page.py:60: in click\n    el: WebElement = self.wait.until(\n_ _ _ _ _ _ _ _ _ _ _ _ _ _ _ _ _ _ _ _ _ _ _ _ _ _ _ _ _ _ _ _ _ _ _ _ _ _ _ _ \n\nself = <selenium.webdriver.support.wait.WebDriverWait (session=\"0c5827399e5ecb636701707869d6b611\")>\nmethod = <function element_to_be_clickable.<locals>._predicate at 0x7feb8f596980>\nmessage = ''\n\n    def until(self, method: Callable[[D], Union[Literal[False], T]], message: str = \"\") -> T:\n        \"\"\"Calls the method provided with the driver as an argument until the \\\n        return value does not evaluate to ``False``.\n    \n        :param method: callable(WebDriver)\n        :param message: optional message for :exc:`TimeoutException`\n        :returns: the result of the last call to `method`\n        :raises: :exc:`selenium.common.exceptions.TimeoutException` if timeout occurs\n        \"\"\"\n        screen = None\n        stacktrace = None\n    \n        end_time = time.monotonic() + self._timeout\n        while True:\n            try:\n                value = method(self._driver)\n                if value:\n                    return value\n            except self._ignored_exceptions as exc:\n                screen = getattr(exc, \"screen\", None)\n                stacktrace = getattr(exc, \"stacktrace\", None)\n            if time.monotonic() > end_time:\n                break\n            time.sleep(self._poll)\n>       raise TimeoutException(message, screen, stacktrace)\nE       selenium.common.exceptions.TimeoutException: Message: \nE       Stacktrace:\nE       #0 0x558e4556edca <unknown>\nE       #1 0x558e450653f0 <unknown>\nE       #2 0x558e450b510c <unknown>\nE       #3 0x558e450b5331 <unknown>\nE       #4 0x558e450fb154 <unknown>\nE       #5 0x558e450d9abd <unknown>\nE       #6 0x558e450f84b3 <unknown>\nE       #7 0x558e450d9833 <unknown>\nE       #8 0x558e450a65a0 <unknown>\nE       #9 0x558e450a7ece <unknown>\nE       #10 0x558e45538bdb <unknown>\nE       #11 0x558e4553cb67 <unknown>\nE       #12 0x558e455243bc <unknown>\nE       #13 0x558e4553d727 <unknown>\nE       #14 0x558e4550874f <unknown>\nE       #15 0x558e4555d938 <unknown>\nE       #16 0x558e4555db00 <unknown>\nE       #17 0x558e4556dc46 <unknown>\nE       #18 0x7f3aed69ca94 <unknown>\nE       #19 0x7f3aed729c3c <unknown>\n\n.venv/lib/python3.12/site-packages/selenium/webdriver/support/wait.py:105: TimeoutException","steps":[{"name":"public ip address","time":{"start":1738027805089,"stop":1738027805141,"duration":52},"status":"passed","steps":[],"attachments":[{"uid":"3ba9cd5a79f92711","name":"HTTP logs of http://checkip.amazonaws.com/","source":"3ba9cd5a79f92711.txt","type":"text/plain","size":359}],"parameters":[],"shouldDisplayMessage":false,"stepsCount":0,"attachmentsCount":1,"hasContent":true,"attachmentStep":false}],"attachments":[{"uid":"3d665c111d43721b","name":"Cookies","source":"3d665c111d43721b.json","type":"application/json","size":4381},{"uid":"ef319c76007264b8","name":"Session Storage","source":"ef319c76007264b8.json","type":"application/json","size":358},{"uid":"2c93671cd59f176f","name":"Local Storage","source":"2c93671cd59f176f.json","type":"application/json","size":791},{"uid":"98461999e7f9a887","name":"Console Logs","source":"98461999e7f9a887.json","type":"application/json","size":236},{"uid":"e9cc295dfb369ffc","name":"Full Page Screenshot","source":"e9cc295dfb369ffc.png","type":"image/png","size":3994818},{"uid":"a036bdc27ffd4e25","name":"URL","source":"a036bdc27ffd4e25.uri","type":"text/uri-list","size":23},{"uid":"5c11b79f6379cd47","name":"Network Logs","source":"5c11b79f6379cd47.json","type":"application/json","size":5964382}],"parameters":[],"shouldDisplayMessage":true,"stepsCount":1,"attachmentsCount":8,"hasContent":true,"attachmentStep":false},"afterStages":[{"name":"session_request::0","time":{"start":1738027824783,"stop":1738027824783,"duration":0},"status":"passed","steps":[],"attachments":[],"parameters":[],"shouldDisplayMessage":false,"stepsCount":0,"attachmentsCount":0,"hasContent":false,"attachmentStep":false}],"labels":[{"name":"severity","value":"normal"},{"name":"story","value":"WorkSpaces Creation and Editing Functionality"},{"name":"epic","value":"Workspaces"},{"name":"tag","value":"run(order=8)"},{"name":"parentSuite","value":"tests"},{"name":"suite","value":"workspaces_test"},{"name":"subSuite","value":"TestWorkspaces"},{"name":"host","value":"fv-az1326-99"},{"name":"thread","value":"2039-MainThread"},{"name":"framework","value":"pytest"},{"name":"language","value":"cpython3"},{"name":"package","value":"tests.workspaces_test"},{"name":"resultFormat","value":"allure2"}],"parameters":[],"links":[],"hidden":false,"retry":false,"extra":{"severity":"normal","retries":[],"categories":[{"name":"Test defects","matchedStatuses":[],"flaky":false}],"tags":["run(order=8)"]},"source":"4175cf54bf2d49e5.json","parameterValues":[]}