{
  "uid" : "e619902421a0ddbe",
  "name" : "Delete existing project",
  "fullName" : "tests.test_workspaces.TestWorkspaces#test_delete_project",
  "historyId" : "d24bb8ba4e26861dd091ba1e78a5d0b8",
  "time" : {
    "start" : 1652960838102,
    "stop" : 1652960852348,
    "duration" : 14246
  },
  "description" : "Deleting an existing project from workspace",
  "descriptionHtml" : "<p>Deleting an existing project from workspace</p>\n",
  "status" : "broken",
  "statusMessage" : "selenium.common.exceptions.TimeoutException: Message:",
  "statusTrace" : "self = <tests.test_workspaces.TestWorkspaces object at 0x7fd46f6748e0>\n\n    @allure.description(\"Deleting an existing project from workspace\")\n    @allure.title(\"Delete existing project\")\n    @pytest.mark.run(order=9)\n    def test_delete_project(self):\n        login(self.config_reader, self.pages)\n>       before = self.pages['projects_page'].get_projects_number_in_page()\n\ntests/test_workspaces.py:116: \n_ _ _ _ _ _ _ _ _ _ _ _ _ _ _ _ _ _ _ _ _ _ _ _ _ _ _ _ _ _ _ _ _ _ _ _ _ _ _ _ \npages/projects_page.py:127: in get_projects_number_in_page\n    projects = self._wait.until(\n_ _ _ _ _ _ _ _ _ _ _ _ _ _ _ _ _ _ _ _ _ _ _ _ _ _ _ _ _ _ _ _ _ _ _ _ _ _ _ _ \n\nself = <selenium.webdriver.support.wait.WebDriverWait (session=\"1ccef7e7182f80b510d271d12022dc2f\")>\nmethod = <function visibility_of_all_elements_located.<locals>._predicate at 0x7fd46f532af0>\nmessage = ''\n\n    def until(self, method, message=''):\n        \"\"\"Calls the method provided with the driver as an argument until the \\\n        return value does not evaluate to ``False``.\n    \n        :param method: callable(WebDriver)\n        :param message: optional message for :exc:`TimeoutException`\n        :returns: the result of the last call to `method`\n        :raises: :exc:`selenium.common.exceptions.TimeoutException` if timeout occurs\n        \"\"\"\n        screen = None\n        stacktrace = None\n    \n        end_time = time.monotonic() + self._timeout\n        while True:\n            try:\n                value = method(self._driver)\n                if value:\n                    return value\n            except InvalidSelectorException as e:\n                raise e\n            except self._ignored_exceptions as exc:\n                screen = getattr(exc, 'screen', None)\n                stacktrace = getattr(exc, 'stacktrace', None)\n            time.sleep(self._poll)\n            if time.monotonic() > end_time:\n                break\n>       raise TimeoutException(message, screen, stacktrace)\nE       selenium.common.exceptions.TimeoutException: Message:\n\n/opt/hostedtoolcache/Python/3.9.12/x64/lib/python3.9/site-packages/selenium/webdriver/support/wait.py:89: TimeoutException",
  "flaky" : false,
  "newFailed" : false,
  "beforeStages" : [ {
    "name" : "create_driver",
    "time" : {
      "start" : 1652960835705,
      "stop" : 1652960838100,
      "duration" : 2395
    },
    "status" : "passed",
    "steps" : [ ],
    "attachments" : [ ],
    "parameters" : [ ],
    "stepsCount" : 0,
    "attachmentsCount" : 0,
    "shouldDisplayMessage" : false,
    "hasContent" : false
  }, {
    "name" : "write_allure_environment",
    "time" : {
      "start" : 1652960669502,
      "stop" : 1652960669502,
      "duration" : 0
    },
    "status" : "passed",
    "steps" : [ ],
    "attachments" : [ ],
    "parameters" : [ ],
    "stepsCount" : 0,
    "attachmentsCount" : 0,
    "shouldDisplayMessage" : false,
    "hasContent" : false
  }, {
    "name" : "pages",
    "time" : {
      "start" : 1652960838100,
      "stop" : 1652960838101,
      "duration" : 1
    },
    "status" : "passed",
    "steps" : [ ],
    "attachments" : [ ],
    "parameters" : [ ],
    "stepsCount" : 0,
    "attachmentsCount" : 0,
    "shouldDisplayMessage" : false,
    "hasContent" : false
  }, {
    "name" : "prep_properties",
    "time" : {
      "start" : 1652960669501,
      "stop" : 1652960669502,
      "duration" : 1
    },
    "status" : "passed",
    "steps" : [ ],
    "attachments" : [ ],
    "parameters" : [ ],
    "stepsCount" : 0,
    "attachmentsCount" : 0,
    "shouldDisplayMessage" : false,
    "hasContent" : false
  }, {
    "name" : "injector",
    "time" : {
      "start" : 1652960838101,
      "stop" : 1652960838101,
      "duration" : 0
    },
    "status" : "passed",
    "steps" : [ ],
    "attachments" : [ ],
    "parameters" : [ ],
    "stepsCount" : 0,
    "attachmentsCount" : 0,
    "shouldDisplayMessage" : false,
    "hasContent" : false
  } ],
  "testStage" : {
    "description" : "Deleting an existing project from workspace",
    "status" : "broken",
    "statusMessage" : "selenium.common.exceptions.TimeoutException: Message:",
    "statusTrace" : "self = <tests.test_workspaces.TestWorkspaces object at 0x7fd46f6748e0>\n\n    @allure.description(\"Deleting an existing project from workspace\")\n    @allure.title(\"Delete existing project\")\n    @pytest.mark.run(order=9)\n    def test_delete_project(self):\n        login(self.config_reader, self.pages)\n>       before = self.pages['projects_page'].get_projects_number_in_page()\n\ntests/test_workspaces.py:116: \n_ _ _ _ _ _ _ _ _ _ _ _ _ _ _ _ _ _ _ _ _ _ _ _ _ _ _ _ _ _ _ _ _ _ _ _ _ _ _ _ \npages/projects_page.py:127: in get_projects_number_in_page\n    projects = self._wait.until(\n_ _ _ _ _ _ _ _ _ _ _ _ _ _ _ _ _ _ _ _ _ _ _ _ _ _ _ _ _ _ _ _ _ _ _ _ _ _ _ _ \n\nself = <selenium.webdriver.support.wait.WebDriverWait (session=\"1ccef7e7182f80b510d271d12022dc2f\")>\nmethod = <function visibility_of_all_elements_located.<locals>._predicate at 0x7fd46f532af0>\nmessage = ''\n\n    def until(self, method, message=''):\n        \"\"\"Calls the method provided with the driver as an argument until the \\\n        return value does not evaluate to ``False``.\n    \n        :param method: callable(WebDriver)\n        :param message: optional message for :exc:`TimeoutException`\n        :returns: the result of the last call to `method`\n        :raises: :exc:`selenium.common.exceptions.TimeoutException` if timeout occurs\n        \"\"\"\n        screen = None\n        stacktrace = None\n    \n        end_time = time.monotonic() + self._timeout\n        while True:\n            try:\n                value = method(self._driver)\n                if value:\n                    return value\n            except InvalidSelectorException as e:\n                raise e\n            except self._ignored_exceptions as exc:\n                screen = getattr(exc, 'screen', None)\n                stacktrace = getattr(exc, 'stacktrace', None)\n            time.sleep(self._poll)\n            if time.monotonic() > end_time:\n                break\n>       raise TimeoutException(message, screen, stacktrace)\nE       selenium.common.exceptions.TimeoutException: Message:\n\n/opt/hostedtoolcache/Python/3.9.12/x64/lib/python3.9/site-packages/selenium/webdriver/support/wait.py:89: TimeoutException",
    "steps" : [ {
      "name" : "Click Login link",
      "time" : {
        "start" : 1652960838102,
        "stop" : 1652960839261,
        "duration" : 1159
      },
      "status" : "passed",
      "steps" : [ ],
      "attachments" : [ ],
      "parameters" : [ ],
      "stepsCount" : 0,
      "attachmentsCount" : 0,
      "shouldDisplayMessage" : false,
      "hasContent" : false
    }, {
      "name" : "Log in with username: 'elias123@gmail.com' and password: 'El123456789'",
      "time" : {
        "start" : 1652960839262,
        "stop" : 1652960841321,
        "duration" : 2059
      },
      "status" : "passed",
      "steps" : [ ],
      "attachments" : [ ],
      "parameters" : [ {
        "name" : "username",
        "value" : "'elias123@gmail.com'"
      }, {
        "name" : "password",
        "value" : "'El123456789'"
      } ],
      "stepsCount" : 0,
      "attachmentsCount" : 0,
      "shouldDisplayMessage" : false,
      "hasContent" : true
    }, {
      "name" : "Get number of projects display on page",
      "time" : {
        "start" : 1652960841321,
        "stop" : 1652960852347,
        "duration" : 11026
      },
      "status" : "broken",
      "statusMessage" : "selenium.common.exceptions.TimeoutException: Message: \n\n",
      "statusTrace" : "  File \"/opt/hostedtoolcache/Python/3.9.12/x64/lib/python3.9/site-packages/allure_commons/_allure.py\", line 172, in impl\n    return func(*a, **kw)\n  File \"/home/runner/work/Selenium-Python-Example/Selenium-Python-Example/pages/projects_page.py\", line 127, in get_projects_number_in_page\n    projects = self._wait.until(\n  File \"/opt/hostedtoolcache/Python/3.9.12/x64/lib/python3.9/site-packages/selenium/webdriver/support/wait.py\", line 89, in until\n    raise TimeoutException(message, screen, stacktrace)\n",
      "steps" : [ ],
      "attachments" : [ ],
      "parameters" : [ ],
      "stepsCount" : 0,
      "attachmentsCount" : 0,
      "shouldDisplayMessage" : true,
      "hasContent" : true
    } ],
    "attachments" : [ {
      "uid" : "b02f2231f93e1c93",
      "name" : "log",
      "source" : "b02f2231f93e1c93.txt",
      "type" : "text/plain",
      "size" : 366
    }, {
      "uid" : "f3942f9980f7184b",
      "name" : "stderr",
      "source" : "f3942f9980f7184b.txt",
      "type" : "text/plain",
      "size" : 237
    } ],
    "parameters" : [ ],
    "stepsCount" : 3,
    "attachmentsCount" : 2,
    "shouldDisplayMessage" : true,
    "hasContent" : true
  },
  "afterStages" : [ {
    "name" : "create_driver::0",
    "time" : {
      "start" : 1652960852361,
      "stop" : 1652960852453,
      "duration" : 92
    },
    "status" : "broken",
    "statusMessage" : "selenium.common.exceptions.InvalidArgumentException: Message: invalid argument: log type 'client' not found\n  (Session info: headless chrome=101.0.4951.64)\nStacktrace:\n#0 0x562c3e333533 <unknown>\n#1 0x562c3e0921e8 <unknown>\n#2 0x562c3e0f20df <unknown>\n#3 0x562c3e0e5f08 <unknown>\n#4 0x562c3e0bb71a <unknown>\n#5 0x562c3e0bc875 <unknown>\n#6 0x562c3e377e1d <unknown>\n#7 0x562c3e37b751 <unknown>\n#8 0x562c3e36207e <unknown>\n#9 0x562c3e37c388 <unknown>\n#10 0x562c3e356fe0 <unknown>\n#11 0x562c3e398748 <unknown>\n#12 0x562c3e3988c8 <unknown>\n#13 0x562c3e3b270d <unknown>\n#14 0x7fa0acf6f609 <unknown>\n\n",
    "statusTrace" : "  File \"/opt/hostedtoolcache/Python/3.9.12/x64/lib/python3.9/site-packages/allure_commons/_allure.py\", line 200, in __call__\n    return self._fixture_function(*args, **kwargs)\n  File \"/opt/hostedtoolcache/Python/3.9.12/x64/lib/python3.9/site-packages/_pytest/fixtures.py\", line 899, in _teardown_yield_fixture\n    next(it)\n  File \"/home/runner/work/Selenium-Python-Example/Selenium-Python-Example/tests/conftest.py\", line 96, in create_driver\n    allure.attach(body=driver.get_log(\"client\"), name=\"Client logs\", attachment_type=allure.attachment_type.JSON)\n  File \"/opt/hostedtoolcache/Python/3.9.12/x64/lib/python3.9/site-packages/selenium/webdriver/remote/webdriver.py\", line 1561, in get_log\n    return self.execute(Command.GET_LOG, {'type': log_type})['value']\n  File \"/opt/hostedtoolcache/Python/3.9.12/x64/lib/python3.9/site-packages/selenium/webdriver/remote/webdriver.py\", line 430, in execute\n    self.error_handler.check_response(response)\n  File \"/opt/hostedtoolcache/Python/3.9.12/x64/lib/python3.9/site-packages/selenium/webdriver/remote/errorhandler.py\", line 247, in check_response\n    raise exception_class(message, screen, stacktrace)\n",
    "steps" : [ ],
    "attachments" : [ {
      "uid" : "c7436a70c97b9b89",
      "name" : "screenshot on failure: 19/05/2022, 11:47:32",
      "source" : "c7436a70c97b9b89.png",
      "type" : "image/png",
      "size" : 65604
    }, {
      "uid" : "417ce5148da0859c",
      "name" : "public ip address",
      "source" : "417ce5148da0859c.txt",
      "type" : "text/plain",
      "size" : 13
    } ],
    "parameters" : [ ],
    "stepsCount" : 0,
    "attachmentsCount" : 2,
    "shouldDisplayMessage" : true,
    "hasContent" : true
  }, {
    "name" : "write_allure_environment::0",
    "time" : {
      "start" : 1652960867402,
      "stop" : 1652960867413,
      "duration" : 11
    },
    "status" : "broken",
    "statusMessage" : "TypeError: HEAD is a detached symbolic reference as it points to 'd21cea9743fc6ebb1755f73180d00d124cd4b5ac'\n",
    "statusTrace" : "  File \"/opt/hostedtoolcache/Python/3.9.12/x64/lib/python3.9/site-packages/allure_commons/_allure.py\", line 200, in __call__\n    return self._fixture_function(*args, **kwargs)\n  File \"/opt/hostedtoolcache/Python/3.9.12/x64/lib/python3.9/site-packages/_pytest/fixtures.py\", line 899, in _teardown_yield_fixture\n    next(it)\n  File \"/home/runner/work/Selenium-Python-Example/Selenium-Python-Example/tests/conftest.py\", line 52, in write_allure_environment\n    \"Branch\": repo.active_branch.name\n  File \"/opt/hostedtoolcache/Python/3.9.12/x64/lib/python3.9/site-packages/git/repo/base.py\", line 797, in active_branch\n    return self.head.reference\n  File \"/opt/hostedtoolcache/Python/3.9.12/x64/lib/python3.9/site-packages/git/refs/symbolic.py\", line 294, in _get_reference\n    raise TypeError(\"%s is a detached symbolic reference as it points to %r\" % (self, sha))\n",
    "steps" : [ ],
    "attachments" : [ ],
    "parameters" : [ ],
    "stepsCount" : 0,
    "attachmentsCount" : 0,
    "shouldDisplayMessage" : true,
    "hasContent" : true
  } ],
  "labels" : [ {
    "name" : "epic",
    "value" : "Workspaces"
  }, {
    "name" : "story",
    "value" : "WorkSpaces Creation and Editing Functionality"
  }, {
    "name" : "severity",
    "value" : "normal"
  }, {
    "name" : "tag",
    "value" : "run(order=9)"
  }, {
    "name" : "parentSuite",
    "value" : "tests"
  }, {
    "name" : "suite",
    "value" : "test_workspaces"
  }, {
    "name" : "subSuite",
    "value" : "TestWorkspaces"
  }, {
    "name" : "host",
    "value" : "fv-az186-152"
  }, {
    "name" : "thread",
    "value" : "2350-MainThread"
  }, {
    "name" : "framework",
    "value" : "pytest"
  }, {
    "name" : "language",
    "value" : "cpython3"
  }, {
    "name" : "package",
    "value" : "tests.test_workspaces"
  }, {
    "name" : "resultFormat",
    "value" : "allure2"
  } ],
  "parameters" : [ ],
  "links" : [ ],
  "hidden" : false,
  "retry" : false,
  "extra" : {
    "severity" : "normal",
    "retries" : [ ],
    "categories" : [ {
      "name" : "Test defects",
      "matchedStatuses" : [ ],
      "flaky" : false
    } ],
    "tags" : [ "run(order=9)" ]
  },
  "source" : "e619902421a0ddbe.json",
  "parameterValues" : [ ]
}