{
  "uid" : "f0b356ae96134200",
  "name" : "Search for non existing project",
  "fullName" : "tests.test_workspaces.TestWorkspaces#test_search_for_non_existing_project",
  "historyId" : "eeb963ec0c1b5733e2a4663e724da814",
  "time" : {
    "start" : 1652960804039,
    "stop" : 1652960818185,
    "duration" : 14146
  },
  "description" : "Search for a non existing project",
  "descriptionHtml" : "<p>Search for a non existing project</p>\n",
  "status" : "broken",
  "statusMessage" : "selenium.common.exceptions.TimeoutException: Message: \nStacktrace:\n#0 0x55d58b14e533 <unknown>\n#1 0x55d58aead1e8 <unknown>\n#2 0x55d58aee32d7 <unknown>\n#3 0x55d58aee34a1 <unknown>\n#4 0x55d58af16494 <unknown>\n#5 0x55d58af00f6d <unknown>\n#6 0x55d58af14224 <unknown>\n#7 0x55d58af00e33 <unknown>\n#8 0x55d58aed671a <unknown>\n#9 0x55d58aed7875 <unknown>\n#10 0x55d58b192e1d <unknown>\n#11 0x55d58b196751 <unknown>\n#12 0x55d58b17d07e <unknown>\n#13 0x55d58b197388 <unknown>\n#14 0x55d58b171fe0 <unknown>\n#15 0x55d58b1b3748 <unknown>\n#16 0x55d58b1b38c8 <unknown>\n#17 0x55d58b1cd70d <unknown>\n#18 0x7f2226416609 <unknown>",
  "statusTrace" : "self = <tests.test_workspaces.TestWorkspaces object at 0x7fd46f6b50d0>\n\n    @allure.description(\"Search for a non existing project\")\n    @allure.title(\"Search for non existing project\")\n    @pytest.mark.run(order=7)\n    def test_search_for_non_existing_project(self):\n        login(self.config_reader, self.pages)\n>       self.pages['projects_page'].search_project(\n            self.json_reader.read_from_json()[\"workspace\"][\"non_existing_project\"])\n\ntests/test_workspaces.py:95: \n_ _ _ _ _ _ _ _ _ _ _ _ _ _ _ _ _ _ _ _ _ _ _ _ _ _ _ _ _ _ _ _ _ _ _ _ _ _ _ _ \npages/projects_page.py:98: in search_project\n    self.click(self._SEARCH_BUTTON)\npages/base_page.py:16: in click\n    el = self._wait.until(expected_conditions.element_to_be_clickable(webelement))\n_ _ _ _ _ _ _ _ _ _ _ _ _ _ _ _ _ _ _ _ _ _ _ _ _ _ _ _ _ _ _ _ _ _ _ _ _ _ _ _ \n\nself = <selenium.webdriver.support.wait.WebDriverWait (session=\"be31e9c49bd106e33030eb927b9b9897\")>\nmethod = <function element_to_be_clickable.<locals>._predicate at 0x7fd46f4825e0>\nmessage = ''\n\n    def until(self, method, message=''):\n        \"\"\"Calls the method provided with the driver as an argument until the \\\n        return value does not evaluate to ``False``.\n    \n        :param method: callable(WebDriver)\n        :param message: optional message for :exc:`TimeoutException`\n        :returns: the result of the last call to `method`\n        :raises: :exc:`selenium.common.exceptions.TimeoutException` if timeout occurs\n        \"\"\"\n        screen = None\n        stacktrace = None\n    \n        end_time = time.monotonic() + self._timeout\n        while True:\n            try:\n                value = method(self._driver)\n                if value:\n                    return value\n            except InvalidSelectorException as e:\n                raise e\n            except self._ignored_exceptions as exc:\n                screen = getattr(exc, 'screen', None)\n                stacktrace = getattr(exc, 'stacktrace', None)\n            time.sleep(self._poll)\n            if time.monotonic() > end_time:\n                break\n>       raise TimeoutException(message, screen, stacktrace)\nE       selenium.common.exceptions.TimeoutException: Message: \nE       Stacktrace:\nE       #0 0x55d58b14e533 <unknown>\nE       #1 0x55d58aead1e8 <unknown>\nE       #2 0x55d58aee32d7 <unknown>\nE       #3 0x55d58aee34a1 <unknown>\nE       #4 0x55d58af16494 <unknown>\nE       #5 0x55d58af00f6d <unknown>\nE       #6 0x55d58af14224 <unknown>\nE       #7 0x55d58af00e33 <unknown>\nE       #8 0x55d58aed671a <unknown>\nE       #9 0x55d58aed7875 <unknown>\nE       #10 0x55d58b192e1d <unknown>\nE       #11 0x55d58b196751 <unknown>\nE       #12 0x55d58b17d07e <unknown>\nE       #13 0x55d58b197388 <unknown>\nE       #14 0x55d58b171fe0 <unknown>\nE       #15 0x55d58b1b3748 <unknown>\nE       #16 0x55d58b1b38c8 <unknown>\nE       #17 0x55d58b1cd70d <unknown>\nE       #18 0x7f2226416609 <unknown>\n\n/opt/hostedtoolcache/Python/3.9.12/x64/lib/python3.9/site-packages/selenium/webdriver/support/wait.py:89: TimeoutException",
  "flaky" : false,
  "newFailed" : false,
  "beforeStages" : [ {
    "name" : "injector",
    "time" : {
      "start" : 1652960804038,
      "stop" : 1652960804038,
      "duration" : 0
    },
    "status" : "passed",
    "steps" : [ ],
    "attachments" : [ ],
    "parameters" : [ ],
    "stepsCount" : 0,
    "attachmentsCount" : 0,
    "shouldDisplayMessage" : false,
    "hasContent" : false
  }, {
    "name" : "create_driver",
    "time" : {
      "start" : 1652960801731,
      "stop" : 1652960804037,
      "duration" : 2306
    },
    "status" : "passed",
    "steps" : [ ],
    "attachments" : [ ],
    "parameters" : [ ],
    "stepsCount" : 0,
    "attachmentsCount" : 0,
    "shouldDisplayMessage" : false,
    "hasContent" : false
  }, {
    "name" : "write_allure_environment",
    "time" : {
      "start" : 1652960669502,
      "stop" : 1652960669502,
      "duration" : 0
    },
    "status" : "passed",
    "steps" : [ ],
    "attachments" : [ ],
    "parameters" : [ ],
    "stepsCount" : 0,
    "attachmentsCount" : 0,
    "shouldDisplayMessage" : false,
    "hasContent" : false
  }, {
    "name" : "prep_properties",
    "time" : {
      "start" : 1652960669501,
      "stop" : 1652960669502,
      "duration" : 1
    },
    "status" : "passed",
    "steps" : [ ],
    "attachments" : [ ],
    "parameters" : [ ],
    "stepsCount" : 0,
    "attachmentsCount" : 0,
    "shouldDisplayMessage" : false,
    "hasContent" : false
  }, {
    "name" : "pages",
    "time" : {
      "start" : 1652960804038,
      "stop" : 1652960804038,
      "duration" : 0
    },
    "status" : "passed",
    "steps" : [ ],
    "attachments" : [ ],
    "parameters" : [ ],
    "stepsCount" : 0,
    "attachmentsCount" : 0,
    "shouldDisplayMessage" : false,
    "hasContent" : false
  } ],
  "testStage" : {
    "description" : "Search for a non existing project",
    "status" : "broken",
    "statusMessage" : "selenium.common.exceptions.TimeoutException: Message: \nStacktrace:\n#0 0x55d58b14e533 <unknown>\n#1 0x55d58aead1e8 <unknown>\n#2 0x55d58aee32d7 <unknown>\n#3 0x55d58aee34a1 <unknown>\n#4 0x55d58af16494 <unknown>\n#5 0x55d58af00f6d <unknown>\n#6 0x55d58af14224 <unknown>\n#7 0x55d58af00e33 <unknown>\n#8 0x55d58aed671a <unknown>\n#9 0x55d58aed7875 <unknown>\n#10 0x55d58b192e1d <unknown>\n#11 0x55d58b196751 <unknown>\n#12 0x55d58b17d07e <unknown>\n#13 0x55d58b197388 <unknown>\n#14 0x55d58b171fe0 <unknown>\n#15 0x55d58b1b3748 <unknown>\n#16 0x55d58b1b38c8 <unknown>\n#17 0x55d58b1cd70d <unknown>\n#18 0x7f2226416609 <unknown>",
    "statusTrace" : "self = <tests.test_workspaces.TestWorkspaces object at 0x7fd46f6b50d0>\n\n    @allure.description(\"Search for a non existing project\")\n    @allure.title(\"Search for non existing project\")\n    @pytest.mark.run(order=7)\n    def test_search_for_non_existing_project(self):\n        login(self.config_reader, self.pages)\n>       self.pages['projects_page'].search_project(\n            self.json_reader.read_from_json()[\"workspace\"][\"non_existing_project\"])\n\ntests/test_workspaces.py:95: \n_ _ _ _ _ _ _ _ _ _ _ _ _ _ _ _ _ _ _ _ _ _ _ _ _ _ _ _ _ _ _ _ _ _ _ _ _ _ _ _ \npages/projects_page.py:98: in search_project\n    self.click(self._SEARCH_BUTTON)\npages/base_page.py:16: in click\n    el = self._wait.until(expected_conditions.element_to_be_clickable(webelement))\n_ _ _ _ _ _ _ _ _ _ _ _ _ _ _ _ _ _ _ _ _ _ _ _ _ _ _ _ _ _ _ _ _ _ _ _ _ _ _ _ \n\nself = <selenium.webdriver.support.wait.WebDriverWait (session=\"be31e9c49bd106e33030eb927b9b9897\")>\nmethod = <function element_to_be_clickable.<locals>._predicate at 0x7fd46f4825e0>\nmessage = ''\n\n    def until(self, method, message=''):\n        \"\"\"Calls the method provided with the driver as an argument until the \\\n        return value does not evaluate to ``False``.\n    \n        :param method: callable(WebDriver)\n        :param message: optional message for :exc:`TimeoutException`\n        :returns: the result of the last call to `method`\n        :raises: :exc:`selenium.common.exceptions.TimeoutException` if timeout occurs\n        \"\"\"\n        screen = None\n        stacktrace = None\n    \n        end_time = time.monotonic() + self._timeout\n        while True:\n            try:\n                value = method(self._driver)\n                if value:\n                    return value\n            except InvalidSelectorException as e:\n                raise e\n            except self._ignored_exceptions as exc:\n                screen = getattr(exc, 'screen', None)\n                stacktrace = getattr(exc, 'stacktrace', None)\n            time.sleep(self._poll)\n            if time.monotonic() > end_time:\n                break\n>       raise TimeoutException(message, screen, stacktrace)\nE       selenium.common.exceptions.TimeoutException: Message: \nE       Stacktrace:\nE       #0 0x55d58b14e533 <unknown>\nE       #1 0x55d58aead1e8 <unknown>\nE       #2 0x55d58aee32d7 <unknown>\nE       #3 0x55d58aee34a1 <unknown>\nE       #4 0x55d58af16494 <unknown>\nE       #5 0x55d58af00f6d <unknown>\nE       #6 0x55d58af14224 <unknown>\nE       #7 0x55d58af00e33 <unknown>\nE       #8 0x55d58aed671a <unknown>\nE       #9 0x55d58aed7875 <unknown>\nE       #10 0x55d58b192e1d <unknown>\nE       #11 0x55d58b196751 <unknown>\nE       #12 0x55d58b17d07e <unknown>\nE       #13 0x55d58b197388 <unknown>\nE       #14 0x55d58b171fe0 <unknown>\nE       #15 0x55d58b1b3748 <unknown>\nE       #16 0x55d58b1b38c8 <unknown>\nE       #17 0x55d58b1cd70d <unknown>\nE       #18 0x7f2226416609 <unknown>\n\n/opt/hostedtoolcache/Python/3.9.12/x64/lib/python3.9/site-packages/selenium/webdriver/support/wait.py:89: TimeoutException",
    "steps" : [ {
      "name" : "Click Login link",
      "time" : {
        "start" : 1652960804040,
        "stop" : 1652960804964,
        "duration" : 924
      },
      "status" : "passed",
      "steps" : [ ],
      "attachments" : [ ],
      "parameters" : [ ],
      "stepsCount" : 0,
      "attachmentsCount" : 0,
      "shouldDisplayMessage" : false,
      "hasContent" : false
    }, {
      "name" : "Log in with username: 'elias123@gmail.com' and password: 'El123456789'",
      "time" : {
        "start" : 1652960804964,
        "stop" : 1652960807155,
        "duration" : 2191
      },
      "status" : "passed",
      "steps" : [ ],
      "attachments" : [ ],
      "parameters" : [ {
        "name" : "username",
        "value" : "'elias123@gmail.com'"
      }, {
        "name" : "password",
        "value" : "'El123456789'"
      } ],
      "stepsCount" : 0,
      "attachmentsCount" : 0,
      "shouldDisplayMessage" : false,
      "hasContent" : true
    }, {
      "name" : "Search for project 'Non Existing'",
      "time" : {
        "start" : 1652960807155,
        "stop" : 1652960818184,
        "duration" : 11029
      },
      "status" : "broken",
      "statusMessage" : "selenium.common.exceptions.TimeoutException: Message: \nStacktrace:\n#0 0x55d58b14e533 <unknown>\n#1 0x55d58aead1e8 <unknown>\n#2 0x55d58aee32d7 <unknown>\n#3 0x55d58aee34a1 <unknown>\n#4 0x55d58af16494 <unknown>\n#5 0x55d58af00f6d <unknown>\n#6 0x55d58af14224 <unknown>\n#7 0x55d58af00e33 <unknown>\n#8 0x55d58aed671a <unknown>\n#9 0x55d58aed7875 <unknown>\n#10 0x55d58b192e1d <unknown>\n#11 0x55d58b196751 <unknown>\n#12 0x55d58b17d07e <unknown>\n#13 0x55d58b197388 <unknown>\n#14 0x55d58b171fe0 <unknown>\n#15 0x55d58b1b3748 <unknown>\n#16 0x55d58b1b38c8 <unknown>\n#17 0x55d58b1cd70d <unknown>\n#18 0x7f2226416609 <unknown>\n\n",
      "statusTrace" : "  File \"/opt/hostedtoolcache/Python/3.9.12/x64/lib/python3.9/site-packages/allure_commons/_allure.py\", line 172, in impl\n    return func(*a, **kw)\n  File \"/home/runner/work/Selenium-Python-Example/Selenium-Python-Example/pages/projects_page.py\", line 98, in search_project\n    self.click(self._SEARCH_BUTTON)\n  File \"/home/runner/work/Selenium-Python-Example/Selenium-Python-Example/pages/base_page.py\", line 16, in click\n    el = self._wait.until(expected_conditions.element_to_be_clickable(webelement))\n  File \"/opt/hostedtoolcache/Python/3.9.12/x64/lib/python3.9/site-packages/selenium/webdriver/support/wait.py\", line 89, in until\n    raise TimeoutException(message, screen, stacktrace)\n",
      "steps" : [ ],
      "attachments" : [ ],
      "parameters" : [ {
        "name" : "project_name",
        "value" : "'Non Existing'"
      } ],
      "stepsCount" : 0,
      "attachmentsCount" : 0,
      "shouldDisplayMessage" : true,
      "hasContent" : true
    } ],
    "attachments" : [ {
      "uid" : "b09e4103a82621cb",
      "name" : "log",
      "source" : "b09e4103a82621cb.txt",
      "type" : "text/plain",
      "size" : 366
    }, {
      "uid" : "731c078bf670edbf",
      "name" : "stderr",
      "source" : "731c078bf670edbf.txt",
      "type" : "text/plain",
      "size" : 237
    } ],
    "parameters" : [ ],
    "stepsCount" : 3,
    "attachmentsCount" : 2,
    "shouldDisplayMessage" : true,
    "hasContent" : true
  },
  "afterStages" : [ {
    "name" : "create_driver::0",
    "time" : {
      "start" : 1652960818200,
      "stop" : 1652960818288,
      "duration" : 88
    },
    "status" : "broken",
    "statusMessage" : "selenium.common.exceptions.InvalidArgumentException: Message: invalid argument: log type 'client' not found\n  (Session info: headless chrome=101.0.4951.64)\nStacktrace:\n#0 0x55d58b14e533 <unknown>\n#1 0x55d58aead1e8 <unknown>\n#2 0x55d58af0d0df <unknown>\n#3 0x55d58af00f08 <unknown>\n#4 0x55d58aed671a <unknown>\n#5 0x55d58aed7875 <unknown>\n#6 0x55d58b192e1d <unknown>\n#7 0x55d58b196751 <unknown>\n#8 0x55d58b17d07e <unknown>\n#9 0x55d58b197388 <unknown>\n#10 0x55d58b171fe0 <unknown>\n#11 0x55d58b1b3748 <unknown>\n#12 0x55d58b1b38c8 <unknown>\n#13 0x55d58b1cd70d <unknown>\n#14 0x7f2226416609 <unknown>\n\n",
    "statusTrace" : "  File \"/opt/hostedtoolcache/Python/3.9.12/x64/lib/python3.9/site-packages/allure_commons/_allure.py\", line 200, in __call__\n    return self._fixture_function(*args, **kwargs)\n  File \"/opt/hostedtoolcache/Python/3.9.12/x64/lib/python3.9/site-packages/_pytest/fixtures.py\", line 899, in _teardown_yield_fixture\n    next(it)\n  File \"/home/runner/work/Selenium-Python-Example/Selenium-Python-Example/tests/conftest.py\", line 96, in create_driver\n    allure.attach(body=driver.get_log(\"client\"), name=\"Client logs\", attachment_type=allure.attachment_type.JSON)\n  File \"/opt/hostedtoolcache/Python/3.9.12/x64/lib/python3.9/site-packages/selenium/webdriver/remote/webdriver.py\", line 1561, in get_log\n    return self.execute(Command.GET_LOG, {'type': log_type})['value']\n  File \"/opt/hostedtoolcache/Python/3.9.12/x64/lib/python3.9/site-packages/selenium/webdriver/remote/webdriver.py\", line 430, in execute\n    self.error_handler.check_response(response)\n  File \"/opt/hostedtoolcache/Python/3.9.12/x64/lib/python3.9/site-packages/selenium/webdriver/remote/errorhandler.py\", line 247, in check_response\n    raise exception_class(message, screen, stacktrace)\n",
    "steps" : [ ],
    "attachments" : [ {
      "uid" : "3e66b199c9422856",
      "name" : "screenshot on failure: 19/05/2022, 11:46:58",
      "source" : "3e66b199c9422856.png",
      "type" : "image/png",
      "size" : 65604
    }, {
      "uid" : "48adb8db24fbeb51",
      "name" : "public ip address",
      "source" : "48adb8db24fbeb51.txt",
      "type" : "text/plain",
      "size" : 13
    } ],
    "parameters" : [ ],
    "stepsCount" : 0,
    "attachmentsCount" : 2,
    "shouldDisplayMessage" : true,
    "hasContent" : true
  }, {
    "name" : "write_allure_environment::0",
    "time" : {
      "start" : 1652960867402,
      "stop" : 1652960867413,
      "duration" : 11
    },
    "status" : "broken",
    "statusMessage" : "TypeError: HEAD is a detached symbolic reference as it points to 'd21cea9743fc6ebb1755f73180d00d124cd4b5ac'\n",
    "statusTrace" : "  File \"/opt/hostedtoolcache/Python/3.9.12/x64/lib/python3.9/site-packages/allure_commons/_allure.py\", line 200, in __call__\n    return self._fixture_function(*args, **kwargs)\n  File \"/opt/hostedtoolcache/Python/3.9.12/x64/lib/python3.9/site-packages/_pytest/fixtures.py\", line 899, in _teardown_yield_fixture\n    next(it)\n  File \"/home/runner/work/Selenium-Python-Example/Selenium-Python-Example/tests/conftest.py\", line 52, in write_allure_environment\n    \"Branch\": repo.active_branch.name\n  File \"/opt/hostedtoolcache/Python/3.9.12/x64/lib/python3.9/site-packages/git/repo/base.py\", line 797, in active_branch\n    return self.head.reference\n  File \"/opt/hostedtoolcache/Python/3.9.12/x64/lib/python3.9/site-packages/git/refs/symbolic.py\", line 294, in _get_reference\n    raise TypeError(\"%s is a detached symbolic reference as it points to %r\" % (self, sha))\n",
    "steps" : [ ],
    "attachments" : [ ],
    "parameters" : [ ],
    "stepsCount" : 0,
    "attachmentsCount" : 0,
    "shouldDisplayMessage" : true,
    "hasContent" : true
  } ],
  "labels" : [ {
    "name" : "epic",
    "value" : "Workspaces"
  }, {
    "name" : "story",
    "value" : "WorkSpaces Creation and Editing Functionality"
  }, {
    "name" : "severity",
    "value" : "normal"
  }, {
    "name" : "tag",
    "value" : "run(order=7)"
  }, {
    "name" : "parentSuite",
    "value" : "tests"
  }, {
    "name" : "suite",
    "value" : "test_workspaces"
  }, {
    "name" : "subSuite",
    "value" : "TestWorkspaces"
  }, {
    "name" : "host",
    "value" : "fv-az186-152"
  }, {
    "name" : "thread",
    "value" : "2350-MainThread"
  }, {
    "name" : "framework",
    "value" : "pytest"
  }, {
    "name" : "language",
    "value" : "cpython3"
  }, {
    "name" : "package",
    "value" : "tests.test_workspaces"
  }, {
    "name" : "resultFormat",
    "value" : "allure2"
  } ],
  "parameters" : [ ],
  "links" : [ ],
  "hidden" : false,
  "retry" : false,
  "extra" : {
    "severity" : "normal",
    "retries" : [ ],
    "categories" : [ {
      "name" : "Test defects",
      "matchedStatuses" : [ ],
      "flaky" : false
    } ],
    "tags" : [ "run(order=7)" ]
  },
  "source" : "f0b356ae96134200.json",
  "parameterValues" : [ ]
}