{"uid":"fc9be81bba769374","name":"Exception test","fullName":"tests.forgot_password_test.TestForgotPassword#test_expected_exception_on_page_title","historyId":"288cd0030c92ba34b4ff4b58ed8ec476","time":{"start":1715822237373,"stop":1715822247671,"duration":10298},"description":"Exception catching","descriptionHtml":"<p>Exception catching</p>\n","status":"broken","statusMessage":"selenium.common.exceptions.TimeoutException: Message: \nStacktrace:\n#0 0x55b03c401dc3 <unknown>\n#1 0x55b03c0f04e7 <unknown>\n#2 0x55b03c13b35d <unknown>\n#3 0x55b03c13b411 <unknown>\n#4 0x55b03c17e774 <unknown>\n#5 0x55b03c15d47d <unknown>\n#6 0x55b03c17bc29 <unknown>\n#7 0x55b03c15d1f3 <unknown>\n#8 0x55b03c12e28a <unknown>\n#9 0x55b03c12ec5e <unknown>\n#10 0x55b03c3c60eb <unknown>\n#11 0x55b03c3ca03b <unknown>\n#12 0x55b03c3b2201 <unknown>\n#13 0x55b03c3caba2 <unknown>\n#14 0x55b03c3970bf <unknown>\n#15 0x55b03c3f0f18 <unknown>\n#16 0x55b03c3f10f0 <unknown>\n#17 0x55b03c400f14 <unknown>\n#18 0x7f0c8fa94ac3 <unknown>","statusTrace":"self = <tests.forgot_password_test.TestForgotPassword object at 0x7f52b160cad0>\n\n    @allure.description(\"Exception catching\")\n    @allure.title(\"Exception test\")\n    @allure.link(\"github.com/allure-examples/\", name=\"Allure Examples\")\n    @allure.issue(\"github.com/allure-examples/allure-examples/issues/1\", name=\"ISSUE-1\")\n    @allure.testcase(\n        \"github.com/allure-examples/allure-examples/issues/2\", name=\"TESTCASE-2\"\n    )\n    def test_expected_exception_on_page_title(self):\n>       self.about_page.click_login_link()\n\ntests/forgot_password_test.py:53: \n_ _ _ _ _ _ _ _ _ _ _ _ _ _ _ _ _ _ _ _ _ _ _ _ _ _ _ _ _ _ _ _ _ _ _ _ _ _ _ _ \npages/about_page.py:20: in click_login_link\n    self.click(self.LOGIN_LINK)\npages/base_page.py:60: in click\n    el: WebElement = self.wait.until(\n_ _ _ _ _ _ _ _ _ _ _ _ _ _ _ _ _ _ _ _ _ _ _ _ _ _ _ _ _ _ _ _ _ _ _ _ _ _ _ _ \n\nself = <selenium.webdriver.support.wait.WebDriverWait (session=\"f18f9163482d26327e7f6a8292c6e09f\")>\nmethod = <function element_to_be_clickable.<locals>._predicate at 0x7f52b0799c60>\nmessage = ''\n\n    def until(self, method: Callable[[D], Union[Literal[False], T]], message: str = \"\") -> T:\n        \"\"\"Calls the method provided with the driver as an argument until the \\\n        return value does not evaluate to ``False``.\n    \n        :param method: callable(WebDriver)\n        :param message: optional message for :exc:`TimeoutException`\n        :returns: the result of the last call to `method`\n        :raises: :exc:`selenium.common.exceptions.TimeoutException` if timeout occurs\n        \"\"\"\n        screen = None\n        stacktrace = None\n    \n        end_time = time.monotonic() + self._timeout\n        while True:\n            try:\n                value = method(self._driver)\n                if value:\n                    return value\n            except self._ignored_exceptions as exc:\n                screen = getattr(exc, \"screen\", None)\n                stacktrace = getattr(exc, \"stacktrace\", None)\n            time.sleep(self._poll)\n            if time.monotonic() > end_time:\n                break\n>       raise TimeoutException(message, screen, stacktrace)\nE       selenium.common.exceptions.TimeoutException: Message: \nE       Stacktrace:\nE       #0 0x55b03c401dc3 <unknown>\nE       #1 0x55b03c0f04e7 <unknown>\nE       #2 0x55b03c13b35d <unknown>\nE       #3 0x55b03c13b411 <unknown>\nE       #4 0x55b03c17e774 <unknown>\nE       #5 0x55b03c15d47d <unknown>\nE       #6 0x55b03c17bc29 <unknown>\nE       #7 0x55b03c15d1f3 <unknown>\nE       #8 0x55b03c12e28a <unknown>\nE       #9 0x55b03c12ec5e <unknown>\nE       #10 0x55b03c3c60eb <unknown>\nE       #11 0x55b03c3ca03b <unknown>\nE       #12 0x55b03c3b2201 <unknown>\nE       #13 0x55b03c3caba2 <unknown>\nE       #14 0x55b03c3970bf <unknown>\nE       #15 0x55b03c3f0f18 <unknown>\nE       #16 0x55b03c3f10f0 <unknown>\nE       #17 0x55b03c400f14 <unknown>\nE       #18 0x7f0c8fa94ac3 <unknown>\n\n.venv/lib/python3.12/site-packages/selenium/webdriver/support/wait.py:105: TimeoutException","flaky":false,"newFailed":false,"newBroken":false,"newPassed":false,"retriesCount":0,"retriesStatusChange":false,"beforeStages":[],"testStage":{"description":"Exception catching","status":"broken","statusMessage":"selenium.common.exceptions.TimeoutException: Message: \nStacktrace:\n#0 0x55b03c401dc3 <unknown>\n#1 0x55b03c0f04e7 <unknown>\n#2 0x55b03c13b35d <unknown>\n#3 0x55b03c13b411 <unknown>\n#4 0x55b03c17e774 <unknown>\n#5 0x55b03c15d47d <unknown>\n#6 0x55b03c17bc29 <unknown>\n#7 0x55b03c15d1f3 <unknown>\n#8 0x55b03c12e28a <unknown>\n#9 0x55b03c12ec5e <unknown>\n#10 0x55b03c3c60eb <unknown>\n#11 0x55b03c3ca03b <unknown>\n#12 0x55b03c3b2201 <unknown>\n#13 0x55b03c3caba2 <unknown>\n#14 0x55b03c3970bf <unknown>\n#15 0x55b03c3f0f18 <unknown>\n#16 0x55b03c3f10f0 <unknown>\n#17 0x55b03c400f14 <unknown>\n#18 0x7f0c8fa94ac3 <unknown>","statusTrace":"self = <tests.forgot_password_test.TestForgotPassword object at 0x7f52b160cad0>\n\n    @allure.description(\"Exception catching\")\n    @allure.title(\"Exception test\")\n    @allure.link(\"github.com/allure-examples/\", name=\"Allure Examples\")\n    @allure.issue(\"github.com/allure-examples/allure-examples/issues/1\", name=\"ISSUE-1\")\n    @allure.testcase(\n        \"github.com/allure-examples/allure-examples/issues/2\", name=\"TESTCASE-2\"\n    )\n    def test_expected_exception_on_page_title(self):\n>       self.about_page.click_login_link()\n\ntests/forgot_password_test.py:53: \n_ _ _ _ _ _ _ _ _ _ _ _ _ _ _ _ _ _ _ _ _ _ _ _ _ _ _ _ _ _ _ _ _ _ _ _ _ _ _ _ \npages/about_page.py:20: in click_login_link\n    self.click(self.LOGIN_LINK)\npages/base_page.py:60: in click\n    el: WebElement = self.wait.until(\n_ _ _ _ _ _ _ _ _ _ _ _ _ _ _ _ _ _ _ _ _ _ _ _ _ _ _ _ _ _ _ _ _ _ _ _ _ _ _ _ \n\nself = <selenium.webdriver.support.wait.WebDriverWait (session=\"f18f9163482d26327e7f6a8292c6e09f\")>\nmethod = <function element_to_be_clickable.<locals>._predicate at 0x7f52b0799c60>\nmessage = ''\n\n    def until(self, method: Callable[[D], Union[Literal[False], T]], message: str = \"\") -> T:\n        \"\"\"Calls the method provided with the driver as an argument until the \\\n        return value does not evaluate to ``False``.\n    \n        :param method: callable(WebDriver)\n        :param message: optional message for :exc:`TimeoutException`\n        :returns: the result of the last call to `method`\n        :raises: :exc:`selenium.common.exceptions.TimeoutException` if timeout occurs\n        \"\"\"\n        screen = None\n        stacktrace = None\n    \n        end_time = time.monotonic() + self._timeout\n        while True:\n            try:\n                value = method(self._driver)\n                if value:\n                    return value\n            except self._ignored_exceptions as exc:\n                screen = getattr(exc, \"screen\", None)\n                stacktrace = getattr(exc, \"stacktrace\", None)\n            time.sleep(self._poll)\n            if time.monotonic() > end_time:\n                break\n>       raise TimeoutException(message, screen, stacktrace)\nE       selenium.common.exceptions.TimeoutException: Message: \nE       Stacktrace:\nE       #0 0x55b03c401dc3 <unknown>\nE       #1 0x55b03c0f04e7 <unknown>\nE       #2 0x55b03c13b35d <unknown>\nE       #3 0x55b03c13b411 <unknown>\nE       #4 0x55b03c17e774 <unknown>\nE       #5 0x55b03c15d47d <unknown>\nE       #6 0x55b03c17bc29 <unknown>\nE       #7 0x55b03c15d1f3 <unknown>\nE       #8 0x55b03c12e28a <unknown>\nE       #9 0x55b03c12ec5e <unknown>\nE       #10 0x55b03c3c60eb <unknown>\nE       #11 0x55b03c3ca03b <unknown>\nE       #12 0x55b03c3b2201 <unknown>\nE       #13 0x55b03c3caba2 <unknown>\nE       #14 0x55b03c3970bf <unknown>\nE       #15 0x55b03c3f0f18 <unknown>\nE       #16 0x55b03c3f10f0 <unknown>\nE       #17 0x55b03c400f14 <unknown>\nE       #18 0x7f0c8fa94ac3 <unknown>\n\n.venv/lib/python3.12/site-packages/selenium/webdriver/support/wait.py:105: TimeoutException","steps":[{"name":"Click Login link","time":{"start":1715822237373,"stop":1715822247670,"duration":10297},"status":"broken","statusMessage":"selenium.common.exceptions.TimeoutException: Message: \nStacktrace:\n#0 0x55b03c401dc3 <unknown>\n#1 0x55b03c0f04e7 <unknown>\n#2 0x55b03c13b35d <unknown>\n#3 0x55b03c13b411 <unknown>\n#4 0x55b03c17e774 <unknown>\n#5 0x55b03c15d47d <unknown>\n#6 0x55b03c17bc29 <unknown>\n#7 0x55b03c15d1f3 <unknown>\n#8 0x55b03c12e28a <unknown>\n#9 0x55b03c12ec5e <unknown>\n#10 0x55b03c3c60eb <unknown>\n#11 0x55b03c3ca03b <unknown>\n#12 0x55b03c3b2201 <unknown>\n#13 0x55b03c3caba2 <unknown>\n#14 0x55b03c3970bf <unknown>\n#15 0x55b03c3f0f18 <unknown>\n#16 0x55b03c3f10f0 <unknown>\n#17 0x55b03c400f14 <unknown>\n#18 0x7f0c8fa94ac3 <unknown>\n\n","statusTrace":"  File \"/home/runner/work/Selenium-Python-Example/Selenium-Python-Example/.venv/lib/python3.12/site-packages/allure_commons/_allure.py\", line 192, in impl\n    return func(*a, **kw)\n           ^^^^^^^^^^^^^^\n  File \"/home/runner/work/Selenium-Python-Example/Selenium-Python-Example/pages/about_page.py\", line 20, in click_login_link\n    self.click(self.LOGIN_LINK)\n  File \"/home/runner/work/Selenium-Python-Example/Selenium-Python-Example/pages/base_page.py\", line 60, in click\n    el: WebElement = self.wait.until(\n                     ^^^^^^^^^^^^^^^^\n  File \"/home/runner/work/Selenium-Python-Example/Selenium-Python-Example/.venv/lib/python3.12/site-packages/selenium/webdriver/support/wait.py\", line 105, in until\n    raise TimeoutException(message, screen, stacktrace)\n","steps":[],"attachments":[],"parameters":[],"shouldDisplayMessage":true,"stepsCount":0,"attachmentsCount":0,"hasContent":true,"attachmentStep":false},{"name":"public ip address","time":{"start":1715822247680,"stop":1715822247806,"duration":126},"status":"passed","steps":[],"attachments":[{"uid":"a8454bbd04d08159","name":"HTTP logs of http://checkip.amazonaws.com/","source":"a8454bbd04d08159.txt","type":"text/plain","size":358}],"parameters":[],"shouldDisplayMessage":false,"stepsCount":0,"attachmentsCount":1,"hasContent":true,"attachmentStep":false}],"attachments":[{"uid":"8dca68b9fdbea879","name":"Cookies","source":"8dca68b9fdbea879.json","type":"application/json","size":3636},{"uid":"32d1a423bdb4fb3e","name":"Session Storage","source":"32d1a423bdb4fb3e.json","type":"application/json","size":359},{"uid":"8e13d01757a8f47d","name":"Local Storage","source":"8e13d01757a8f47d.json","type":"application/json","size":294},{"uid":"afdd60bf13c59884","name":"Console Logs","source":"afdd60bf13c59884.json","type":"application/json","size":7723},{"uid":"5e1f0b7ee6902697","name":"Full Page Screenshot","source":"5e1f0b7ee6902697.png","type":"image/png","size":6246649},{"uid":"2a3800def279142","name":"URL","source":"2a3800def279142.uri","type":"text/uri-list","size":23},{"uid":"49a700a45fc95278","name":"Network Logs","source":"49a700a45fc95278.json","type":"application/json","size":842266}],"parameters":[],"shouldDisplayMessage":true,"stepsCount":2,"attachmentsCount":8,"hasContent":true,"attachmentStep":false},"afterStages":[],"labels":[{"name":"subSuite","value":"Custom sub suite"},{"name":"story","value":"Forgot Password Feature's Functionality"},{"name":"epic","value":"Security"},{"name":"severity","value":"critical"},{"name":"suite","value":"Custom suite"},{"name":"parentSuite","value":"Custom parent suite"},{"name":"tag","value":"security"},{"name":"host","value":"fv-az802-472"},{"name":"thread","value":"2378-MainThread"},{"name":"framework","value":"pytest"},{"name":"language","value":"cpython3"},{"name":"package","value":"tests.forgot_password_test"},{"name":"resultFormat","value":"allure2"}],"parameters":[],"links":[{"name":"TESTCASE-2","url":"https://github.com/allure-examples/allure-examples/issues/2","type":"tms"},{"name":"ISSUE-1","url":"https://github.com/allure-examples/allure-examples/issues/1","type":"issue"},{"name":"Allure Examples","url":"https://github.com/allure-examples/","type":"link"}],"hidden":false,"retry":false,"extra":{"severity":"critical","retries":[],"categories":[{"name":"Test defects","matchedStatuses":[],"flaky":false}],"tags":["security"]},"source":"fc9be81bba769374.json","parameterValues":[]}