{"uid":"c39a993de867ab9a","name":"Login with valid credentials test","fullName":"tests.login_test.TestLogin#test_valid_login","historyId":"18657c207d70aa57845e0b7f4751c290","time":{"start":1728956346950,"stop":1728956357430,"duration":10480},"description":"valid login","descriptionHtml":"<p>valid login</p>\n","status":"broken","statusMessage":"selenium.common.exceptions.TimeoutException: Message: \nStacktrace:\n#0 0x55bf3638d02a <unknown>\n#1 0x55bf360735e0 <unknown>\n#2 0x55bf360c2be8 <unknown>\n#3 0x55bf360c2e81 <unknown>\n#4 0x55bf361098c4 <unknown>\n#5 0x55bf360e7b4d <unknown>\n#6 0x55bf36106d7d <unknown>\n#7 0x55bf360e78c3 <unknown>\n#8 0x55bf360b56b3 <unknown>\n#9 0x55bf360b668e <unknown>\n#10 0x55bf36357a2b <unknown>\n#11 0x55bf3635b9b1 <unknown>\n#12 0x55bf36344225 <unknown>\n#13 0x55bf3635c532 <unknown>\n#14 0x55bf3632938f <unknown>\n#15 0x55bf3637bf28 <unknown>\n#16 0x55bf3637c0f3 <unknown>\n#17 0x55bf3638be7c <unknown>\n#18 0x7f33ee69ca94 <unknown>\n#19 0x7f33ee729c3c <unknown>","statusTrace":"self = <tests.login_test.TestLogin object at 0x7f27d5c056d0>\ndata = Data(forgot_password=ForgotPassword(error_message=\"We can't find a user with that e-mail address.\", success_message='A...ct='Non Existing', page_title='My Workspace', project_name='test project', project_type='quiz', template_type='Blank'))\n\n    @allure.description(\"valid login\")\n    @allure.title(\"Login with valid credentials test\")\n    @allure.tag(\"Tagged test\")\n    @pytest.mark.flaky(reruns=1)\n    def test_valid_login(self, data: Data):\n        self.about_page.set_geo_location(30.3079823, -97.893803)\n>       self.about_page.click_login_link()\n\ntests/login_test.py:43: \n_ _ _ _ _ _ _ _ _ _ _ _ _ _ _ _ _ _ _ _ _ _ _ _ _ _ _ _ _ _ _ _ _ _ _ _ _ _ _ _ \npages/about_page.py:20: in click_login_link\n    self.click(self.LOGIN_LINK)\npages/base_page.py:60: in click\n    el: WebElement = self.wait.until(\n_ _ _ _ _ _ _ _ _ _ _ _ _ _ _ _ _ _ _ _ _ _ _ _ _ _ _ _ _ _ _ _ _ _ _ _ _ _ _ _ \n\nself = <selenium.webdriver.support.wait.WebDriverWait (session=\"c49962944673000c2c6ead3b87483a8b\")>\nmethod = <function element_to_be_clickable.<locals>._predicate at 0x7f27d4f38f40>\nmessage = ''\n\n    def until(self, method: Callable[[D], Union[Literal[False], T]], message: str = \"\") -> T:\n        \"\"\"Calls the method provided with the driver as an argument until the \\\n        return value does not evaluate to ``False``.\n    \n        :param method: callable(WebDriver)\n        :param message: optional message for :exc:`TimeoutException`\n        :returns: the result of the last call to `method`\n        :raises: :exc:`selenium.common.exceptions.TimeoutException` if timeout occurs\n        \"\"\"\n        screen = None\n        stacktrace = None\n    \n        end_time = time.monotonic() + self._timeout\n        while True:\n            try:\n                value = method(self._driver)\n                if value:\n                    return value\n            except self._ignored_exceptions as exc:\n                screen = getattr(exc, \"screen\", None)\n                stacktrace = getattr(exc, \"stacktrace\", None)\n            time.sleep(self._poll)\n            if time.monotonic() > end_time:\n                break\n>       raise TimeoutException(message, screen, stacktrace)\nE       selenium.common.exceptions.TimeoutException: Message: \nE       Stacktrace:\nE       #0 0x55bf3638d02a <unknown>\nE       #1 0x55bf360735e0 <unknown>\nE       #2 0x55bf360c2be8 <unknown>\nE       #3 0x55bf360c2e81 <unknown>\nE       #4 0x55bf361098c4 <unknown>\nE       #5 0x55bf360e7b4d <unknown>\nE       #6 0x55bf36106d7d <unknown>\nE       #7 0x55bf360e78c3 <unknown>\nE       #8 0x55bf360b56b3 <unknown>\nE       #9 0x55bf360b668e <unknown>\nE       #10 0x55bf36357a2b <unknown>\nE       #11 0x55bf3635b9b1 <unknown>\nE       #12 0x55bf36344225 <unknown>\nE       #13 0x55bf3635c532 <unknown>\nE       #14 0x55bf3632938f <unknown>\nE       #15 0x55bf3637bf28 <unknown>\nE       #16 0x55bf3637c0f3 <unknown>\nE       #17 0x55bf3638be7c <unknown>\nE       #18 0x7f33ee69ca94 <unknown>\nE       #19 0x7f33ee729c3c <unknown>\n\n.venv/lib/python3.12/site-packages/selenium/webdriver/support/wait.py:105: TimeoutException","flaky":false,"newFailed":false,"newBroken":false,"newPassed":false,"retriesCount":1,"retriesStatusChange":false,"beforeStages":[],"testStage":{"description":"valid login","status":"broken","statusMessage":"selenium.common.exceptions.TimeoutException: Message: \nStacktrace:\n#0 0x55bf3638d02a <unknown>\n#1 0x55bf360735e0 <unknown>\n#2 0x55bf360c2be8 <unknown>\n#3 0x55bf360c2e81 <unknown>\n#4 0x55bf361098c4 <unknown>\n#5 0x55bf360e7b4d <unknown>\n#6 0x55bf36106d7d <unknown>\n#7 0x55bf360e78c3 <unknown>\n#8 0x55bf360b56b3 <unknown>\n#9 0x55bf360b668e <unknown>\n#10 0x55bf36357a2b <unknown>\n#11 0x55bf3635b9b1 <unknown>\n#12 0x55bf36344225 <unknown>\n#13 0x55bf3635c532 <unknown>\n#14 0x55bf3632938f <unknown>\n#15 0x55bf3637bf28 <unknown>\n#16 0x55bf3637c0f3 <unknown>\n#17 0x55bf3638be7c <unknown>\n#18 0x7f33ee69ca94 <unknown>\n#19 0x7f33ee729c3c <unknown>","statusTrace":"self = <tests.login_test.TestLogin object at 0x7f27d5c056d0>\ndata = Data(forgot_password=ForgotPassword(error_message=\"We can't find a user with that e-mail address.\", success_message='A...ct='Non Existing', page_title='My Workspace', project_name='test project', project_type='quiz', template_type='Blank'))\n\n    @allure.description(\"valid login\")\n    @allure.title(\"Login with valid credentials test\")\n    @allure.tag(\"Tagged test\")\n    @pytest.mark.flaky(reruns=1)\n    def test_valid_login(self, data: Data):\n        self.about_page.set_geo_location(30.3079823, -97.893803)\n>       self.about_page.click_login_link()\n\ntests/login_test.py:43: \n_ _ _ _ _ _ _ _ _ _ _ _ _ _ _ _ _ _ _ _ _ _ _ _ _ _ _ _ _ _ _ _ _ _ _ _ _ _ _ _ \npages/about_page.py:20: in click_login_link\n    self.click(self.LOGIN_LINK)\npages/base_page.py:60: in click\n    el: WebElement = self.wait.until(\n_ _ _ _ _ _ _ _ _ _ _ _ _ _ _ _ _ _ _ _ _ _ _ _ _ _ _ _ _ _ _ _ _ _ _ _ _ _ _ _ \n\nself = <selenium.webdriver.support.wait.WebDriverWait (session=\"c49962944673000c2c6ead3b87483a8b\")>\nmethod = <function element_to_be_clickable.<locals>._predicate at 0x7f27d4f38f40>\nmessage = ''\n\n    def until(self, method: Callable[[D], Union[Literal[False], T]], message: str = \"\") -> T:\n        \"\"\"Calls the method provided with the driver as an argument until the \\\n        return value does not evaluate to ``False``.\n    \n        :param method: callable(WebDriver)\n        :param message: optional message for :exc:`TimeoutException`\n        :returns: the result of the last call to `method`\n        :raises: :exc:`selenium.common.exceptions.TimeoutException` if timeout occurs\n        \"\"\"\n        screen = None\n        stacktrace = None\n    \n        end_time = time.monotonic() + self._timeout\n        while True:\n            try:\n                value = method(self._driver)\n                if value:\n                    return value\n            except self._ignored_exceptions as exc:\n                screen = getattr(exc, \"screen\", None)\n                stacktrace = getattr(exc, \"stacktrace\", None)\n            time.sleep(self._poll)\n            if time.monotonic() > end_time:\n                break\n>       raise TimeoutException(message, screen, stacktrace)\nE       selenium.common.exceptions.TimeoutException: Message: \nE       Stacktrace:\nE       #0 0x55bf3638d02a <unknown>\nE       #1 0x55bf360735e0 <unknown>\nE       #2 0x55bf360c2be8 <unknown>\nE       #3 0x55bf360c2e81 <unknown>\nE       #4 0x55bf361098c4 <unknown>\nE       #5 0x55bf360e7b4d <unknown>\nE       #6 0x55bf36106d7d <unknown>\nE       #7 0x55bf360e78c3 <unknown>\nE       #8 0x55bf360b56b3 <unknown>\nE       #9 0x55bf360b668e <unknown>\nE       #10 0x55bf36357a2b <unknown>\nE       #11 0x55bf3635b9b1 <unknown>\nE       #12 0x55bf36344225 <unknown>\nE       #13 0x55bf3635c532 <unknown>\nE       #14 0x55bf3632938f <unknown>\nE       #15 0x55bf3637bf28 <unknown>\nE       #16 0x55bf3637c0f3 <unknown>\nE       #17 0x55bf3638be7c <unknown>\nE       #18 0x7f33ee69ca94 <unknown>\nE       #19 0x7f33ee729c3c <unknown>\n\n.venv/lib/python3.12/site-packages/selenium/webdriver/support/wait.py:105: TimeoutException","steps":[{"name":"Click Login link","time":{"start":1728956346957,"stop":1728956357430,"duration":10473},"status":"broken","statusMessage":"selenium.common.exceptions.TimeoutException: Message: \nStacktrace:\n#0 0x55bf3638d02a <unknown>\n#1 0x55bf360735e0 <unknown>\n#2 0x55bf360c2be8 <unknown>\n#3 0x55bf360c2e81 <unknown>\n#4 0x55bf361098c4 <unknown>\n#5 0x55bf360e7b4d <unknown>\n#6 0x55bf36106d7d <unknown>\n#7 0x55bf360e78c3 <unknown>\n#8 0x55bf360b56b3 <unknown>\n#9 0x55bf360b668e <unknown>\n#10 0x55bf36357a2b <unknown>\n#11 0x55bf3635b9b1 <unknown>\n#12 0x55bf36344225 <unknown>\n#13 0x55bf3635c532 <unknown>\n#14 0x55bf3632938f <unknown>\n#15 0x55bf3637bf28 <unknown>\n#16 0x55bf3637c0f3 <unknown>\n#17 0x55bf3638be7c <unknown>\n#18 0x7f33ee69ca94 <unknown>\n#19 0x7f33ee729c3c <unknown>\n\n","statusTrace":"  File \"/home/runner/work/Selenium-Python-Example/Selenium-Python-Example/.venv/lib/python3.12/site-packages/allure_commons/_allure.py\", line 192, in impl\n    return func(*a, **kw)\n           ^^^^^^^^^^^^^^\n  File \"/home/runner/work/Selenium-Python-Example/Selenium-Python-Example/pages/about_page.py\", line 20, in click_login_link\n    self.click(self.LOGIN_LINK)\n  File \"/home/runner/work/Selenium-Python-Example/Selenium-Python-Example/pages/base_page.py\", line 60, in click\n    el: WebElement = self.wait.until(\n                     ^^^^^^^^^^^^^^^^\n  File \"/home/runner/work/Selenium-Python-Example/Selenium-Python-Example/.venv/lib/python3.12/site-packages/selenium/webdriver/support/wait.py\", line 105, in until\n    raise TimeoutException(message, screen, stacktrace)\n","steps":[],"attachments":[],"parameters":[],"shouldDisplayMessage":true,"stepsCount":0,"attachmentsCount":0,"hasContent":true,"attachmentStep":false},{"name":"public ip address","time":{"start":1728956357441,"stop":1728956357565,"duration":124},"status":"passed","steps":[],"attachments":[{"uid":"c1942af571bb201f","name":"HTTP logs of http://checkip.amazonaws.com/","source":"c1942af571bb201f.txt","type":"text/plain","size":356}],"parameters":[],"shouldDisplayMessage":false,"stepsCount":0,"attachmentsCount":1,"hasContent":true,"attachmentStep":false}],"attachments":[{"uid":"85520515b4db863e","name":"Cookies","source":"85520515b4db863e.json","type":"application/json","size":3586},{"uid":"ff7d5bc0042c86bb","name":"Session Storage","source":"ff7d5bc0042c86bb.json","type":"application/json","size":359},{"uid":"fedd35f855261ee2","name":"Local Storage","source":"fedd35f855261ee2.json","type":"application/json","size":350},{"uid":"50b8faad93201c56","name":"Console Logs","source":"50b8faad93201c56.json","type":"application/json","size":236},{"uid":"433930e28d7f8a0f","name":"Full Page Screenshot","source":"433930e28d7f8a0f.png","type":"image/png","size":3668774},{"uid":"a70d4df1cb1d314","name":"URL","source":"a70d4df1cb1d314.uri","type":"text/uri-list","size":23},{"uid":"5c1aad3aa7ad8431","name":"Network Logs","source":"5c1aad3aa7ad8431.json","type":"application/json","size":66956}],"parameters":[],"shouldDisplayMessage":true,"stepsCount":2,"attachmentsCount":8,"hasContent":true,"attachmentStep":false},"afterStages":[],"labels":[{"name":"tag","value":"Tagged test"},{"name":"severity","value":"blocker"},{"name":"feature","value":"Login"},{"name":"epic","value":"Security"},{"name":"tag","value":"flaky(reruns=1)"},{"name":"tag","value":"security"},{"name":"parentSuite","value":"tests"},{"name":"suite","value":"login_test"},{"name":"subSuite","value":"TestLogin"},{"name":"host","value":"fv-az1048-215"},{"name":"thread","value":"2134-MainThread"},{"name":"framework","value":"pytest"},{"name":"language","value":"cpython3"},{"name":"package","value":"tests.login_test"},{"name":"resultFormat","value":"allure2"}],"parameters":[],"links":[],"hidden":false,"retry":false,"extra":{"severity":"blocker","retries":[{"uid":"234804c201dc5c18","status":"broken","statusDetails":"selenium.common.exceptions.TimeoutException: Message: \nStacktrace:\n#0 0x564874dea02a <unknown>\n#1 0x564874ad05e0 <unknown>\n#2 0x564874b1fbe8 <unknown>\n#3 0x564874b1fe81 <unknown>\n#4 0x564874b668c4 <unknown>\n#5 0x564874b44b4d <unknown>\n#6 0x564874b63d7d <unknown>\n#7 0x564874b448c3 <unknown>\n#8 0x564874b126b3 <unknown>\n#9 0x564874b1368e <unknown>\n#10 0x564874db4a2b <unknown>\n#11 0x564874db89b1 <unknown>\n#12 0x564874da1225 <unknown>\n#13 0x564874db9532 <unknown>\n#14 0x564874d8638f <unknown>\n#15 0x564874dd8f28 <unknown>\n#16 0x564874dd90f3 <unknown>\n#17 0x564874de8e7c <unknown>\n#18 0x7fde58e9ca94 <unknown>\n#19 0x7fde58f29c3c <unknown>","time":{"start":1728956331977,"stop":1728956342463,"duration":10486}}],"categories":[{"name":"Test defects","matchedStatuses":[],"flaky":false}],"tags":["security","Tagged test","flaky(reruns=1)"]},"source":"c39a993de867ab9a.json","parameterValues":[]}