{"uid":"b6ec4aa604b6962c","name":"Delete existing workspace","fullName":"tests.workspaces_test.TestWorkspaces#test_delete_workspace","historyId":"085ae9bea926da8512f07258dfb5df8c","time":{"start":1716167745499,"stop":1716167745499,"duration":0},"description":"Delete an existing workspace","descriptionHtml":"<p>Delete an existing workspace</p>\n","status":"broken","statusMessage":"selenium.common.exceptions.TimeoutException: Message: \nStacktrace:\n#0 0x55a405e7aeca <unknown>\n#1 0x55a405b6445c <unknown>\n#2 0x55a405bb05b5 <unknown>\n#3 0x55a405bb0671 <unknown>\n#4 0x55a405bf4f14 <unknown>\n#5 0x55a405bd34dd <unknown>\n#6 0x55a405bf22cc <unknown>\n#7 0x55a405bd3253 <unknown>\n#8 0x55a405ba31c7 <unknown>\n#9 0x55a405ba3b3e <unknown>\n#10 0x55a405e4130b <unknown>\n#11 0x55a405e453b7 <unknown>\n#12 0x55a405e2de3e <unknown>\n#13 0x55a405e45e82 <unknown>\n#14 0x55a405e127df <unknown>\n#15 0x55a405e6a1b8 <unknown>\n#16 0x55a405e6a38b <unknown>\n#17 0x55a405e79ffc <unknown>\n#18 0x7fd3b8294ac3 <unknown>","statusTrace":"self = <tests.workspaces_test.TestWorkspaces object at 0x7f34b3c6ac30>\n\n    @pytest.fixture(autouse=True)\n    def setup_method_fixture(self):\n>       login(self.about_page, self.login_page)\n\ntests/workspaces_test.py:25: \n_ _ _ _ _ _ _ _ _ _ _ _ _ _ _ _ _ _ _ _ _ _ _ _ _ _ _ _ _ _ _ _ _ _ _ _ _ _ _ _ \ntests/workspaces_test.py:15: in login\n    about_page.click_login_link()\npages/about_page.py:20: in click_login_link\n    self.click(self.LOGIN_LINK)\npages/base_page.py:60: in click\n    el: WebElement = self.wait.until(\n_ _ _ _ _ _ _ _ _ _ _ _ _ _ _ _ _ _ _ _ _ _ _ _ _ _ _ _ _ _ _ _ _ _ _ _ _ _ _ _ \n\nself = <selenium.webdriver.support.wait.WebDriverWait (session=\"54b207262bc3b78fd005dc17b9b89274\")>\nmethod = <function element_to_be_clickable.<locals>._predicate at 0x7f34b33da0c0>\nmessage = ''\n\n    def until(self, method: Callable[[D], Union[Literal[False], T]], message: str = \"\") -> T:\n        \"\"\"Calls the method provided with the driver as an argument until the \\\n        return value does not evaluate to ``False``.\n    \n        :param method: callable(WebDriver)\n        :param message: optional message for :exc:`TimeoutException`\n        :returns: the result of the last call to `method`\n        :raises: :exc:`selenium.common.exceptions.TimeoutException` if timeout occurs\n        \"\"\"\n        screen = None\n        stacktrace = None\n    \n        end_time = time.monotonic() + self._timeout\n        while True:\n            try:\n                value = method(self._driver)\n                if value:\n                    return value\n            except self._ignored_exceptions as exc:\n                screen = getattr(exc, \"screen\", None)\n                stacktrace = getattr(exc, \"stacktrace\", None)\n            time.sleep(self._poll)\n            if time.monotonic() > end_time:\n                break\n>       raise TimeoutException(message, screen, stacktrace)\nE       selenium.common.exceptions.TimeoutException: Message: \nE       Stacktrace:\nE       #0 0x55a405e7aeca <unknown>\nE       #1 0x55a405b6445c <unknown>\nE       #2 0x55a405bb05b5 <unknown>\nE       #3 0x55a405bb0671 <unknown>\nE       #4 0x55a405bf4f14 <unknown>\nE       #5 0x55a405bd34dd <unknown>\nE       #6 0x55a405bf22cc <unknown>\nE       #7 0x55a405bd3253 <unknown>\nE       #8 0x55a405ba31c7 <unknown>\nE       #9 0x55a405ba3b3e <unknown>\nE       #10 0x55a405e4130b <unknown>\nE       #11 0x55a405e453b7 <unknown>\nE       #12 0x55a405e2de3e <unknown>\nE       #13 0x55a405e45e82 <unknown>\nE       #14 0x55a405e127df <unknown>\nE       #15 0x55a405e6a1b8 <unknown>\nE       #16 0x55a405e6a38b <unknown>\nE       #17 0x55a405e79ffc <unknown>\nE       #18 0x7fd3b8294ac3 <unknown>\n\n.venv/lib/python3.12/site-packages/selenium/webdriver/support/wait.py:105: TimeoutException","flaky":false,"newFailed":false,"newBroken":false,"newPassed":false,"retriesCount":0,"retriesStatusChange":false,"beforeStages":[{"name":"setup_method_fixture","time":{"start":1716167747162,"stop":1716167757528,"duration":10366},"status":"broken","statusMessage":"selenium.common.exceptions.TimeoutException: Message: \nStacktrace:\n#0 0x55a405e7aeca <unknown>\n#1 0x55a405b6445c <unknown>\n#2 0x55a405bb05b5 <unknown>\n#3 0x55a405bb0671 <unknown>\n#4 0x55a405bf4f14 <unknown>\n#5 0x55a405bd34dd <unknown>\n#6 0x55a405bf22cc <unknown>\n#7 0x55a405bd3253 <unknown>\n#8 0x55a405ba31c7 <unknown>\n#9 0x55a405ba3b3e <unknown>\n#10 0x55a405e4130b <unknown>\n#11 0x55a405e453b7 <unknown>\n#12 0x55a405e2de3e <unknown>\n#13 0x55a405e45e82 <unknown>\n#14 0x55a405e127df <unknown>\n#15 0x55a405e6a1b8 <unknown>\n#16 0x55a405e6a38b <unknown>\n#17 0x55a405e79ffc <unknown>\n#18 0x7fd3b8294ac3 <unknown>\n\n","statusTrace":"  File \"/home/runner/work/Selenium-Python-Example/Selenium-Python-Example/.venv/lib/python3.12/site-packages/pluggy/_callers.py\", line 167, in _multicall\n    teardown.throw(outcome._exception)\n  File \"/home/runner/work/Selenium-Python-Example/Selenium-Python-Example/.venv/lib/python3.12/site-packages/_pytest/setuponly.py\", line 36, in pytest_fixture_setup\n    return (yield)\n            ^^^^^\n  File \"/home/runner/work/Selenium-Python-Example/Selenium-Python-Example/.venv/lib/python3.12/site-packages/pluggy/_callers.py\", line 103, in _multicall\n    res = hook_impl.function(*args)\n          ^^^^^^^^^^^^^^^^^^^^^^^^^\n  File \"/home/runner/work/Selenium-Python-Example/Selenium-Python-Example/.venv/lib/python3.12/site-packages/_pytest/fixtures.py\", line 1122, in pytest_fixture_setup\n    result = call_fixture_func(fixturefunc, request, kwargs)\n             ^^^^^^^^^^^^^^^^^^^^^^^^^^^^^^^^^^^^^^^^^^^^^^^\n  File \"/home/runner/work/Selenium-Python-Example/Selenium-Python-Example/.venv/lib/python3.12/site-packages/_pytest/fixtures.py\", line 884, in call_fixture_func\n    fixture_result = fixturefunc(**kwargs)\n                     ^^^^^^^^^^^^^^^^^^^^^\n  File \"/home/runner/work/Selenium-Python-Example/Selenium-Python-Example/tests/workspaces_test.py\", line 25, in setup_method_fixture\n    login(self.about_page, self.login_page)\n  File \"/home/runner/work/Selenium-Python-Example/Selenium-Python-Example/tests/workspaces_test.py\", line 15, in login\n    about_page.click_login_link()\n  File \"/home/runner/work/Selenium-Python-Example/Selenium-Python-Example/.venv/lib/python3.12/site-packages/allure_commons/_allure.py\", line 192, in impl\n    return func(*a, **kw)\n           ^^^^^^^^^^^^^^\n  File \"/home/runner/work/Selenium-Python-Example/Selenium-Python-Example/pages/about_page.py\", line 20, in click_login_link\n    self.click(self.LOGIN_LINK)\n  File \"/home/runner/work/Selenium-Python-Example/Selenium-Python-Example/pages/base_page.py\", line 60, in click\n    el: WebElement = self.wait.until(\n                     ^^^^^^^^^^^^^^^^\n  File \"/home/runner/work/Selenium-Python-Example/Selenium-Python-Example/.venv/lib/python3.12/site-packages/selenium/webdriver/support/wait.py\", line 105, in until\n    raise TimeoutException(message, screen, stacktrace)\n","steps":[{"name":"Click Login link","time":{"start":1716167747162,"stop":1716167757528,"duration":10366},"status":"broken","statusMessage":"selenium.common.exceptions.TimeoutException: Message: \nStacktrace:\n#0 0x55a405e7aeca <unknown>\n#1 0x55a405b6445c <unknown>\n#2 0x55a405bb05b5 <unknown>\n#3 0x55a405bb0671 <unknown>\n#4 0x55a405bf4f14 <unknown>\n#5 0x55a405bd34dd <unknown>\n#6 0x55a405bf22cc <unknown>\n#7 0x55a405bd3253 <unknown>\n#8 0x55a405ba31c7 <unknown>\n#9 0x55a405ba3b3e <unknown>\n#10 0x55a405e4130b <unknown>\n#11 0x55a405e453b7 <unknown>\n#12 0x55a405e2de3e <unknown>\n#13 0x55a405e45e82 <unknown>\n#14 0x55a405e127df <unknown>\n#15 0x55a405e6a1b8 <unknown>\n#16 0x55a405e6a38b <unknown>\n#17 0x55a405e79ffc <unknown>\n#18 0x7fd3b8294ac3 <unknown>\n\n","statusTrace":"  File \"/home/runner/work/Selenium-Python-Example/Selenium-Python-Example/.venv/lib/python3.12/site-packages/allure_commons/_allure.py\", line 192, in impl\n    return func(*a, **kw)\n           ^^^^^^^^^^^^^^\n  File \"/home/runner/work/Selenium-Python-Example/Selenium-Python-Example/pages/about_page.py\", line 20, in click_login_link\n    self.click(self.LOGIN_LINK)\n  File \"/home/runner/work/Selenium-Python-Example/Selenium-Python-Example/pages/base_page.py\", line 60, in click\n    el: WebElement = self.wait.until(\n                     ^^^^^^^^^^^^^^^^\n  File \"/home/runner/work/Selenium-Python-Example/Selenium-Python-Example/.venv/lib/python3.12/site-packages/selenium/webdriver/support/wait.py\", line 105, in until\n    raise TimeoutException(message, screen, stacktrace)\n","steps":[],"attachments":[],"parameters":[],"shouldDisplayMessage":true,"stepsCount":0,"attachmentsCount":0,"hasContent":true,"attachmentStep":false}],"attachments":[],"parameters":[],"shouldDisplayMessage":false,"stepsCount":1,"attachmentsCount":0,"hasContent":true,"attachmentStep":false}],"testStage":{"description":"Delete an existing workspace","status":"broken","statusMessage":"selenium.common.exceptions.TimeoutException: Message: \nStacktrace:\n#0 0x55a405e7aeca <unknown>\n#1 0x55a405b6445c <unknown>\n#2 0x55a405bb05b5 <unknown>\n#3 0x55a405bb0671 <unknown>\n#4 0x55a405bf4f14 <unknown>\n#5 0x55a405bd34dd <unknown>\n#6 0x55a405bf22cc <unknown>\n#7 0x55a405bd3253 <unknown>\n#8 0x55a405ba31c7 <unknown>\n#9 0x55a405ba3b3e <unknown>\n#10 0x55a405e4130b <unknown>\n#11 0x55a405e453b7 <unknown>\n#12 0x55a405e2de3e <unknown>\n#13 0x55a405e45e82 <unknown>\n#14 0x55a405e127df <unknown>\n#15 0x55a405e6a1b8 <unknown>\n#16 0x55a405e6a38b <unknown>\n#17 0x55a405e79ffc <unknown>\n#18 0x7fd3b8294ac3 <unknown>","statusTrace":"self = <tests.workspaces_test.TestWorkspaces object at 0x7f34b3c6ac30>\n\n    @pytest.fixture(autouse=True)\n    def setup_method_fixture(self):\n>       login(self.about_page, self.login_page)\n\ntests/workspaces_test.py:25: \n_ _ _ _ _ _ _ _ _ _ _ _ _ _ _ _ _ _ _ _ _ _ _ _ _ _ _ _ _ _ _ _ _ _ _ _ _ _ _ _ \ntests/workspaces_test.py:15: in login\n    about_page.click_login_link()\npages/about_page.py:20: in click_login_link\n    self.click(self.LOGIN_LINK)\npages/base_page.py:60: in click\n    el: WebElement = self.wait.until(\n_ _ _ _ _ _ _ _ _ _ _ _ _ _ _ _ _ _ _ _ _ _ _ _ _ _ _ _ _ _ _ _ _ _ _ _ _ _ _ _ \n\nself = <selenium.webdriver.support.wait.WebDriverWait (session=\"54b207262bc3b78fd005dc17b9b89274\")>\nmethod = <function element_to_be_clickable.<locals>._predicate at 0x7f34b33da0c0>\nmessage = ''\n\n    def until(self, method: Callable[[D], Union[Literal[False], T]], message: str = \"\") -> T:\n        \"\"\"Calls the method provided with the driver as an argument until the \\\n        return value does not evaluate to ``False``.\n    \n        :param method: callable(WebDriver)\n        :param message: optional message for :exc:`TimeoutException`\n        :returns: the result of the last call to `method`\n        :raises: :exc:`selenium.common.exceptions.TimeoutException` if timeout occurs\n        \"\"\"\n        screen = None\n        stacktrace = None\n    \n        end_time = time.monotonic() + self._timeout\n        while True:\n            try:\n                value = method(self._driver)\n                if value:\n                    return value\n            except self._ignored_exceptions as exc:\n                screen = getattr(exc, \"screen\", None)\n                stacktrace = getattr(exc, \"stacktrace\", None)\n            time.sleep(self._poll)\n            if time.monotonic() > end_time:\n                break\n>       raise TimeoutException(message, screen, stacktrace)\nE       selenium.common.exceptions.TimeoutException: Message: \nE       Stacktrace:\nE       #0 0x55a405e7aeca <unknown>\nE       #1 0x55a405b6445c <unknown>\nE       #2 0x55a405bb05b5 <unknown>\nE       #3 0x55a405bb0671 <unknown>\nE       #4 0x55a405bf4f14 <unknown>\nE       #5 0x55a405bd34dd <unknown>\nE       #6 0x55a405bf22cc <unknown>\nE       #7 0x55a405bd3253 <unknown>\nE       #8 0x55a405ba31c7 <unknown>\nE       #9 0x55a405ba3b3e <unknown>\nE       #10 0x55a405e4130b <unknown>\nE       #11 0x55a405e453b7 <unknown>\nE       #12 0x55a405e2de3e <unknown>\nE       #13 0x55a405e45e82 <unknown>\nE       #14 0x55a405e127df <unknown>\nE       #15 0x55a405e6a1b8 <unknown>\nE       #16 0x55a405e6a38b <unknown>\nE       #17 0x55a405e79ffc <unknown>\nE       #18 0x7fd3b8294ac3 <unknown>\n\n.venv/lib/python3.12/site-packages/selenium/webdriver/support/wait.py:105: TimeoutException","steps":[{"name":"public ip address","time":{"start":1716167757541,"stop":1716167762596,"duration":5055},"status":"passed","steps":[],"attachments":[{"uid":"ba796a312b965ec5","name":"HTTP logs of http://checkip.amazonaws.com/","source":"ba796a312b965ec5.txt","type":"text/plain","size":355}],"parameters":[],"shouldDisplayMessage":false,"stepsCount":0,"attachmentsCount":1,"hasContent":true,"attachmentStep":false}],"attachments":[{"uid":"d1e7e706d8df44da","name":"Cookies","source":"d1e7e706d8df44da.json","type":"application/json","size":3633},{"uid":"62fdeb0210065958","name":"Session Storage","source":"62fdeb0210065958.json","type":"application/json","size":359},{"uid":"5a0c13c304cceaa9","name":"Local Storage","source":"5a0c13c304cceaa9.json","type":"application/json","size":294},{"uid":"89663d7aa5c95d","name":"Console Logs","source":"89663d7aa5c95d.json","type":"application/json","size":6295},{"uid":"c043c9be8714391b","name":"Full Page Screenshot","source":"c043c9be8714391b.png","type":"image/png","size":5693039},{"uid":"e7867d4fb2043561","name":"URL","source":"e7867d4fb2043561.uri","type":"text/uri-list","size":23},{"uid":"2b080e0b9c44cbe2","name":"Network Logs","source":"2b080e0b9c44cbe2.json","type":"application/json","size":964331}],"parameters":[],"shouldDisplayMessage":true,"stepsCount":1,"attachmentsCount":8,"hasContent":true,"attachmentStep":false},"afterStages":[],"labels":[{"name":"epic","value":"Workspaces"},{"name":"severity","value":"normal"},{"name":"story","value":"WorkSpaces Creation and Editing Functionality"},{"name":"tag","value":"run(order=3)"},{"name":"parentSuite","value":"tests"},{"name":"suite","value":"workspaces_test"},{"name":"subSuite","value":"TestWorkspaces"},{"name":"host","value":"fv-az1118-253"},{"name":"thread","value":"2371-MainThread"},{"name":"framework","value":"pytest"},{"name":"language","value":"cpython3"},{"name":"package","value":"tests.workspaces_test"},{"name":"resultFormat","value":"allure2"}],"parameters":[],"links":[],"hidden":false,"retry":false,"extra":{"severity":"normal","retries":[],"categories":[{"name":"Test defects","matchedStatuses":[],"flaky":false}],"tags":["run(order=3)"]},"source":"b6ec4aa604b6962c.json","parameterValues":[]}