{"uid":"90c98b7f3ea4e8e5","name":"Login with invalid credentials test","fullName":"tests.test_login.TestLogin#test_invalid_login","historyId":"31e205e9028fb72b16f7418e423bbef8","time":{"start":1679673081814,"stop":1679673092161,"duration":10347},"description":"invalid login","descriptionHtml":"<p>invalid login</p>\n","status":"broken","statusMessage":"selenium.common.exceptions.TimeoutException: Message: \nStacktrace:\n#0 0x5603e9fff243 <unknown>\n#1 0x5603e9dc37a6 <unknown>\n#2 0x5603e9e0064d <unknown>\n#3 0x5603e9e00761 <unknown>\n#4 0x5603e9e3bda4 <unknown>\n#5 0x5603e9e210ad <unknown>\n#6 0x5603e9e39932 <unknown>\n#7 0x5603e9e20e53 <unknown>\n#8 0x5603e9df39ea <unknown>\n#9 0x5603e9df4b2e <unknown>\n#10 0x5603ea053d5e <unknown>\n#11 0x5603ea057a80 <unknown>\n#12 0x5603ea0398b0 <unknown>\n#13 0x5603ea058b63 <unknown>\n#14 0x5603ea02af75 <unknown>\n#15 0x5603ea07b998 <unknown>\n#16 0x5603ea07bb27 <unknown>\n#17 0x5603ea096c23 <unknown>\n#18 0x7f916841ab43 <unknown>","statusTrace":"self = <tests.test_login.TestLogin object at 0x7f39974fbcd0>\nemail = 'elias@gmail.com', password = '12345Tr'\n\n    @allure.description(\"invalid login\")\n    @allure.title(\"Login with invalid credentials test\")\n    @pytest.mark.parametrize(\"email, password\", users)\n    @pytest.mark.run(order=3)\n    def test_invalid_login(self, email, password):\n>       self.pages['about_page'].click_login_link()\n\ntests/test_login.py:24: \n_ _ _ _ _ _ _ _ _ _ _ _ _ _ _ _ _ _ _ _ _ _ _ _ _ _ _ _ _ _ _ _ _ _ _ _ _ _ _ _ \npages/about_page.py:17: in click_login_link\n    self.click(self.LOGIN_LINK)\npages/base_page.py:17: in click\n    el: WebElement = self._wait.until(expected_conditions.element_to_be_clickable(webelement))\n_ _ _ _ _ _ _ _ _ _ _ _ _ _ _ _ _ _ _ _ _ _ _ _ _ _ _ _ _ _ _ _ _ _ _ _ _ _ _ _ \n\nself = <selenium.webdriver.support.wait.WebDriverWait (session=\"c6932dbf6cf65ce89811158644e2123f\")>\nmethod = <function element_to_be_clickable.<locals>._predicate at 0x7f399737feb0>\nmessage = ''\n\n    def until(self, method, message: str = \"\"):\n        \"\"\"Calls the method provided with the driver as an argument until the \\\n        return value does not evaluate to ``False``.\n    \n        :param method: callable(WebDriver)\n        :param message: optional message for :exc:`TimeoutException`\n        :returns: the result of the last call to `method`\n        :raises: :exc:`selenium.common.exceptions.TimeoutException` if timeout occurs\n        \"\"\"\n        screen = None\n        stacktrace = None\n    \n        end_time = time.monotonic() + self._timeout\n        while True:\n            try:\n                value = method(self._driver)\n                if value:\n                    return value\n            except self._ignored_exceptions as exc:\n                screen = getattr(exc, \"screen\", None)\n                stacktrace = getattr(exc, \"stacktrace\", None)\n            time.sleep(self._poll)\n            if time.monotonic() > end_time:\n                break\n>       raise TimeoutException(message, screen, stacktrace)\nE       selenium.common.exceptions.TimeoutException: Message: \nE       Stacktrace:\nE       #0 0x5603e9fff243 <unknown>\nE       #1 0x5603e9dc37a6 <unknown>\nE       #2 0x5603e9e0064d <unknown>\nE       #3 0x5603e9e00761 <unknown>\nE       #4 0x5603e9e3bda4 <unknown>\nE       #5 0x5603e9e210ad <unknown>\nE       #6 0x5603e9e39932 <unknown>\nE       #7 0x5603e9e20e53 <unknown>\nE       #8 0x5603e9df39ea <unknown>\nE       #9 0x5603e9df4b2e <unknown>\nE       #10 0x5603ea053d5e <unknown>\nE       #11 0x5603ea057a80 <unknown>\nE       #12 0x5603ea0398b0 <unknown>\nE       #13 0x5603ea058b63 <unknown>\nE       #14 0x5603ea02af75 <unknown>\nE       #15 0x5603ea07b998 <unknown>\nE       #16 0x5603ea07bb27 <unknown>\nE       #17 0x5603ea096c23 <unknown>\nE       #18 0x7f916841ab43 <unknown>\n\n/opt/hostedtoolcache/Python/3.10.10/x64/lib/python3.10/site-packages/selenium/webdriver/support/wait.py:95: TimeoutException","flaky":false,"newFailed":false,"newBroken":false,"newPassed":false,"retriesCount":0,"retriesStatusChange":false,"beforeStages":[{"name":"prep_properties","time":{"start":1679672995083,"stop":1679672995084,"duration":1},"status":"passed","steps":[],"attachments":[],"parameters":[],"stepsCount":0,"attachmentsCount":0,"shouldDisplayMessage":false,"hasContent":false},{"name":"write_allure_environment","time":{"start":1679672995084,"stop":1679672995084,"duration":0},"status":"passed","steps":[],"attachments":[],"parameters":[],"stepsCount":0,"attachmentsCount":0,"shouldDisplayMessage":false,"hasContent":false},{"name":"create_driver","time":{"start":1679673076879,"stop":1679673081813,"duration":4934},"status":"passed","steps":[],"attachments":[],"parameters":[],"stepsCount":0,"attachmentsCount":0,"shouldDisplayMessage":false,"hasContent":false},{"name":"pages","time":{"start":1679673081813,"stop":1679673081813,"duration":0},"status":"passed","steps":[],"attachments":[],"parameters":[],"stepsCount":0,"attachmentsCount":0,"shouldDisplayMessage":false,"hasContent":false},{"name":"injector","time":{"start":1679673081814,"stop":1679673081814,"duration":0},"status":"passed","steps":[],"attachments":[],"parameters":[],"stepsCount":0,"attachmentsCount":0,"shouldDisplayMessage":false,"hasContent":false}],"testStage":{"description":"invalid login","status":"broken","statusMessage":"selenium.common.exceptions.TimeoutException: Message: \nStacktrace:\n#0 0x5603e9fff243 <unknown>\n#1 0x5603e9dc37a6 <unknown>\n#2 0x5603e9e0064d <unknown>\n#3 0x5603e9e00761 <unknown>\n#4 0x5603e9e3bda4 <unknown>\n#5 0x5603e9e210ad <unknown>\n#6 0x5603e9e39932 <unknown>\n#7 0x5603e9e20e53 <unknown>\n#8 0x5603e9df39ea <unknown>\n#9 0x5603e9df4b2e <unknown>\n#10 0x5603ea053d5e <unknown>\n#11 0x5603ea057a80 <unknown>\n#12 0x5603ea0398b0 <unknown>\n#13 0x5603ea058b63 <unknown>\n#14 0x5603ea02af75 <unknown>\n#15 0x5603ea07b998 <unknown>\n#16 0x5603ea07bb27 <unknown>\n#17 0x5603ea096c23 <unknown>\n#18 0x7f916841ab43 <unknown>","statusTrace":"self = <tests.test_login.TestLogin object at 0x7f39974fbcd0>\nemail = 'elias@gmail.com', password = '12345Tr'\n\n    @allure.description(\"invalid login\")\n    @allure.title(\"Login with invalid credentials test\")\n    @pytest.mark.parametrize(\"email, password\", users)\n    @pytest.mark.run(order=3)\n    def test_invalid_login(self, email, password):\n>       self.pages['about_page'].click_login_link()\n\ntests/test_login.py:24: \n_ _ _ _ _ _ _ _ _ _ _ _ _ _ _ _ _ _ _ _ _ _ _ _ _ _ _ _ _ _ _ _ _ _ _ _ _ _ _ _ \npages/about_page.py:17: in click_login_link\n    self.click(self.LOGIN_LINK)\npages/base_page.py:17: in click\n    el: WebElement = self._wait.until(expected_conditions.element_to_be_clickable(webelement))\n_ _ _ _ _ _ _ _ _ _ _ _ _ _ _ _ _ _ _ _ _ _ _ _ _ _ _ _ _ _ _ _ _ _ _ _ _ _ _ _ \n\nself = <selenium.webdriver.support.wait.WebDriverWait (session=\"c6932dbf6cf65ce89811158644e2123f\")>\nmethod = <function element_to_be_clickable.<locals>._predicate at 0x7f399737feb0>\nmessage = ''\n\n    def until(self, method, message: str = \"\"):\n        \"\"\"Calls the method provided with the driver as an argument until the \\\n        return value does not evaluate to ``False``.\n    \n        :param method: callable(WebDriver)\n        :param message: optional message for :exc:`TimeoutException`\n        :returns: the result of the last call to `method`\n        :raises: :exc:`selenium.common.exceptions.TimeoutException` if timeout occurs\n        \"\"\"\n        screen = None\n        stacktrace = None\n    \n        end_time = time.monotonic() + self._timeout\n        while True:\n            try:\n                value = method(self._driver)\n                if value:\n                    return value\n            except self._ignored_exceptions as exc:\n                screen = getattr(exc, \"screen\", None)\n                stacktrace = getattr(exc, \"stacktrace\", None)\n            time.sleep(self._poll)\n            if time.monotonic() > end_time:\n                break\n>       raise TimeoutException(message, screen, stacktrace)\nE       selenium.common.exceptions.TimeoutException: Message: \nE       Stacktrace:\nE       #0 0x5603e9fff243 <unknown>\nE       #1 0x5603e9dc37a6 <unknown>\nE       #2 0x5603e9e0064d <unknown>\nE       #3 0x5603e9e00761 <unknown>\nE       #4 0x5603e9e3bda4 <unknown>\nE       #5 0x5603e9e210ad <unknown>\nE       #6 0x5603e9e39932 <unknown>\nE       #7 0x5603e9e20e53 <unknown>\nE       #8 0x5603e9df39ea <unknown>\nE       #9 0x5603e9df4b2e <unknown>\nE       #10 0x5603ea053d5e <unknown>\nE       #11 0x5603ea057a80 <unknown>\nE       #12 0x5603ea0398b0 <unknown>\nE       #13 0x5603ea058b63 <unknown>\nE       #14 0x5603ea02af75 <unknown>\nE       #15 0x5603ea07b998 <unknown>\nE       #16 0x5603ea07bb27 <unknown>\nE       #17 0x5603ea096c23 <unknown>\nE       #18 0x7f916841ab43 <unknown>\n\n/opt/hostedtoolcache/Python/3.10.10/x64/lib/python3.10/site-packages/selenium/webdriver/support/wait.py:95: TimeoutException","steps":[{"name":"Click Login link","time":{"start":1679673081815,"stop":1679673092161,"duration":10346},"status":"broken","statusMessage":"selenium.common.exceptions.TimeoutException: Message: \nStacktrace:\n#0 0x5603e9fff243 <unknown>\n#1 0x5603e9dc37a6 <unknown>\n#2 0x5603e9e0064d <unknown>\n#3 0x5603e9e00761 <unknown>\n#4 0x5603e9e3bda4 <unknown>\n#5 0x5603e9e210ad <unknown>\n#6 0x5603e9e39932 <unknown>\n#7 0x5603e9e20e53 <unknown>\n#8 0x5603e9df39ea <unknown>\n#9 0x5603e9df4b2e <unknown>\n#10 0x5603ea053d5e <unknown>\n#11 0x5603ea057a80 <unknown>\n#12 0x5603ea0398b0 <unknown>\n#13 0x5603ea058b63 <unknown>\n#14 0x5603ea02af75 <unknown>\n#15 0x5603ea07b998 <unknown>\n#16 0x5603ea07bb27 <unknown>\n#17 0x5603ea096c23 <unknown>\n#18 0x7f916841ab43 <unknown>\n\n","statusTrace":"  File \"/opt/hostedtoolcache/Python/3.10.10/x64/lib/python3.10/site-packages/allure_commons/_allure.py\", line 192, in impl\n    return func(*a, **kw)\n  File \"/home/runner/work/Selenium-Python-Example/Selenium-Python-Example/pages/about_page.py\", line 17, in click_login_link\n    self.click(self.LOGIN_LINK)\n  File \"/home/runner/work/Selenium-Python-Example/Selenium-Python-Example/pages/base_page.py\", line 17, in click\n    el: WebElement = self._wait.until(expected_conditions.element_to_be_clickable(webelement))\n  File \"/opt/hostedtoolcache/Python/3.10.10/x64/lib/python3.10/site-packages/selenium/webdriver/support/wait.py\", line 95, in until\n    raise TimeoutException(message, screen, stacktrace)\n","steps":[],"attachments":[],"parameters":[],"stepsCount":0,"attachmentsCount":0,"shouldDisplayMessage":true,"hasContent":true}],"attachments":[],"parameters":[],"stepsCount":1,"attachmentsCount":0,"shouldDisplayMessage":true,"hasContent":true},"afterStages":[{"name":"create_driver::0","time":{"start":1679673092172,"stop":1679673092680,"duration":508},"status":"passed","steps":[],"attachments":[{"uid":"c6a4e21818060642","name":"Screenshot","source":"c6a4e21818060642.png","type":"image/png","size":88046},{"uid":"934f3bdd3fa02c2f","name":"URL","source":"934f3bdd3fa02c2f.uri","type":"text/uri-list","size":23},{"uid":"c89afed6420ae073","name":"public ip address","source":"c89afed6420ae073.txt","type":"text/plain","size":13},{"uid":"79dd0677a22f438b","name":"Cookies","source":"79dd0677a22f438b.json","type":"application/json","size":3529},{"uid":"c6935a29240f17a4","name":"Session Storage","source":"c6935a29240f17a4.json","type":"application/json","size":2},{"uid":"3ca8c138bec0bde2","name":"Local Storage","source":"3ca8c138bec0bde2.json","type":"application/json","size":1605},{"uid":"c6a1cf9c32f596a5","name":"Console Logs","source":"c6a1cf9c32f596a5.json","type":"application/json","size":5312},{"uid":"a6d35946e5f813e8","name":"Network Logs","source":"a6d35946e5f813e8.json","type":"application/json","size":86577}],"parameters":[],"stepsCount":0,"attachmentsCount":8,"shouldDisplayMessage":false,"hasContent":true},{"name":"write_allure_environment::0","time":{"start":1679673252538,"stop":1679673252546,"duration":8},"status":"passed","steps":[],"attachments":[],"parameters":[],"stepsCount":0,"attachmentsCount":0,"shouldDisplayMessage":false,"hasContent":false}],"labels":[{"name":"epic","value":"Security"},{"name":"severity","value":"blocker"},{"name":"feature","value":"Login"},{"name":"tag","value":"run(order=3)"},{"name":"tag","value":"security"},{"name":"parentSuite","value":"tests"},{"name":"suite","value":"test_login"},{"name":"subSuite","value":"TestLogin"},{"name":"host","value":"fv-az267-28"},{"name":"thread","value":"2180-MainThread"},{"name":"framework","value":"pytest"},{"name":"language","value":"cpython3"},{"name":"package","value":"tests.test_login"},{"name":"resultFormat","value":"allure2"}],"parameters":[{"name":"email","value":"'elias@gmail.com'"},{"name":"password","value":"'12345Tr'"}],"links":[],"hidden":false,"retry":false,"extra":{"severity":"blocker","retries":[],"categories":[{"name":"Test defects","matchedStatuses":[],"flaky":false}],"tags":["run(order=3)","security"]},"source":"90c98b7f3ea4e8e5.json","parameterValues":["'elias@gmail.com'","'12345Tr'"]}