{"uid":"c25bf1d9055f7e54","name":"Exception test","fullName":"tests.forgot_password_test.TestForgotPassword#test_expected_exception_on_page_title","historyId":"288cd0030c92ba34b4ff4b58ed8ec476","time":{"start":1724981083475,"stop":1724981093823,"duration":10348},"description":"Exception catching","descriptionHtml":"<p>Exception catching</p>\n","status":"broken","statusMessage":"selenium.common.exceptions.TimeoutException: Message: \nStacktrace:\n#0 0x55ef6ec4b81a <unknown>\n#1 0x55ef6e919e50 <unknown>\n#2 0x55ef6e969644 <unknown>\n#3 0x55ef6e969931 <unknown>\n#4 0x55ef6e9af534 <unknown>\n#5 0x55ef6e98e4bd <unknown>\n#6 0x55ef6e9ac9c6 <unknown>\n#7 0x55ef6e98e233 <unknown>\n#8 0x55ef6e95c093 <unknown>\n#9 0x55ef6e95d09e <unknown>\n#10 0x55ef6ec12a7b <unknown>\n#11 0x55ef6ec16a31 <unknown>\n#12 0x55ef6ebfe645 <unknown>\n#13 0x55ef6ec175a2 <unknown>\n#14 0x55ef6ebe381f <unknown>\n#15 0x55ef6ec3a618 <unknown>\n#16 0x55ef6ec3a7e2 <unknown>\n#17 0x55ef6ec4a60c <unknown>\n#18 0x7f9e00a94ac3 <unknown>","statusTrace":"self = <tests.forgot_password_test.TestForgotPassword object at 0x7efd45e76450>\n\n    @allure.description(\"Exception catching\")\n    @allure.title(\"Exception test\")\n    @allure.link(\"github.com/allure-examples/\", name=\"Allure Examples\")\n    @allure.issue(\"github.com/allure-examples/allure-examples/issues/1\", name=\"ISSUE-1\")\n    @allure.testcase(\n        \"github.com/allure-examples/allure-examples/issues/2\", name=\"TESTCASE-2\"\n    )\n    def test_expected_exception_on_page_title(self):\n>       self.about_page.click_login_link()\n\ntests/forgot_password_test.py:53: \n_ _ _ _ _ _ _ _ _ _ _ _ _ _ _ _ _ _ _ _ _ _ _ _ _ _ _ _ _ _ _ _ _ _ _ _ _ _ _ _ \npages/about_page.py:20: in click_login_link\n    self.click(self.LOGIN_LINK)\npages/base_page.py:60: in click\n    el: WebElement = self.wait.until(\n_ _ _ _ _ _ _ _ _ _ _ _ _ _ _ _ _ _ _ _ _ _ _ _ _ _ _ _ _ _ _ _ _ _ _ _ _ _ _ _ \n\nself = <selenium.webdriver.support.wait.WebDriverWait (session=\"4a0bba394581448698da8e67826f5976\")>\nmethod = <function element_to_be_clickable.<locals>._predicate at 0x7efd45bbd300>\nmessage = ''\n\n    def until(self, method: Callable[[D], Union[Literal[False], T]], message: str = \"\") -> T:\n        \"\"\"Calls the method provided with the driver as an argument until the \\\n        return value does not evaluate to ``False``.\n    \n        :param method: callable(WebDriver)\n        :param message: optional message for :exc:`TimeoutException`\n        :returns: the result of the last call to `method`\n        :raises: :exc:`selenium.common.exceptions.TimeoutException` if timeout occurs\n        \"\"\"\n        screen = None\n        stacktrace = None\n    \n        end_time = time.monotonic() + self._timeout\n        while True:\n            try:\n                value = method(self._driver)\n                if value:\n                    return value\n            except self._ignored_exceptions as exc:\n                screen = getattr(exc, \"screen\", None)\n                stacktrace = getattr(exc, \"stacktrace\", None)\n            time.sleep(self._poll)\n            if time.monotonic() > end_time:\n                break\n>       raise TimeoutException(message, screen, stacktrace)\nE       selenium.common.exceptions.TimeoutException: Message: \nE       Stacktrace:\nE       #0 0x55ef6ec4b81a <unknown>\nE       #1 0x55ef6e919e50 <unknown>\nE       #2 0x55ef6e969644 <unknown>\nE       #3 0x55ef6e969931 <unknown>\nE       #4 0x55ef6e9af534 <unknown>\nE       #5 0x55ef6e98e4bd <unknown>\nE       #6 0x55ef6e9ac9c6 <unknown>\nE       #7 0x55ef6e98e233 <unknown>\nE       #8 0x55ef6e95c093 <unknown>\nE       #9 0x55ef6e95d09e <unknown>\nE       #10 0x55ef6ec12a7b <unknown>\nE       #11 0x55ef6ec16a31 <unknown>\nE       #12 0x55ef6ebfe645 <unknown>\nE       #13 0x55ef6ec175a2 <unknown>\nE       #14 0x55ef6ebe381f <unknown>\nE       #15 0x55ef6ec3a618 <unknown>\nE       #16 0x55ef6ec3a7e2 <unknown>\nE       #17 0x55ef6ec4a60c <unknown>\nE       #18 0x7f9e00a94ac3 <unknown>\n\n.venv/lib/python3.12/site-packages/selenium/webdriver/support/wait.py:105: TimeoutException","flaky":false,"newFailed":false,"newBroken":false,"newPassed":false,"retriesCount":0,"retriesStatusChange":false,"beforeStages":[],"testStage":{"description":"Exception catching","status":"broken","statusMessage":"selenium.common.exceptions.TimeoutException: Message: \nStacktrace:\n#0 0x55ef6ec4b81a <unknown>\n#1 0x55ef6e919e50 <unknown>\n#2 0x55ef6e969644 <unknown>\n#3 0x55ef6e969931 <unknown>\n#4 0x55ef6e9af534 <unknown>\n#5 0x55ef6e98e4bd <unknown>\n#6 0x55ef6e9ac9c6 <unknown>\n#7 0x55ef6e98e233 <unknown>\n#8 0x55ef6e95c093 <unknown>\n#9 0x55ef6e95d09e <unknown>\n#10 0x55ef6ec12a7b <unknown>\n#11 0x55ef6ec16a31 <unknown>\n#12 0x55ef6ebfe645 <unknown>\n#13 0x55ef6ec175a2 <unknown>\n#14 0x55ef6ebe381f <unknown>\n#15 0x55ef6ec3a618 <unknown>\n#16 0x55ef6ec3a7e2 <unknown>\n#17 0x55ef6ec4a60c <unknown>\n#18 0x7f9e00a94ac3 <unknown>","statusTrace":"self = <tests.forgot_password_test.TestForgotPassword object at 0x7efd45e76450>\n\n    @allure.description(\"Exception catching\")\n    @allure.title(\"Exception test\")\n    @allure.link(\"github.com/allure-examples/\", name=\"Allure Examples\")\n    @allure.issue(\"github.com/allure-examples/allure-examples/issues/1\", name=\"ISSUE-1\")\n    @allure.testcase(\n        \"github.com/allure-examples/allure-examples/issues/2\", name=\"TESTCASE-2\"\n    )\n    def test_expected_exception_on_page_title(self):\n>       self.about_page.click_login_link()\n\ntests/forgot_password_test.py:53: \n_ _ _ _ _ _ _ _ _ _ _ _ _ _ _ _ _ _ _ _ _ _ _ _ _ _ _ _ _ _ _ _ _ _ _ _ _ _ _ _ \npages/about_page.py:20: in click_login_link\n    self.click(self.LOGIN_LINK)\npages/base_page.py:60: in click\n    el: WebElement = self.wait.until(\n_ _ _ _ _ _ _ _ _ _ _ _ _ _ _ _ _ _ _ _ _ _ _ _ _ _ _ _ _ _ _ _ _ _ _ _ _ _ _ _ \n\nself = <selenium.webdriver.support.wait.WebDriverWait (session=\"4a0bba394581448698da8e67826f5976\")>\nmethod = <function element_to_be_clickable.<locals>._predicate at 0x7efd45bbd300>\nmessage = ''\n\n    def until(self, method: Callable[[D], Union[Literal[False], T]], message: str = \"\") -> T:\n        \"\"\"Calls the method provided with the driver as an argument until the \\\n        return value does not evaluate to ``False``.\n    \n        :param method: callable(WebDriver)\n        :param message: optional message for :exc:`TimeoutException`\n        :returns: the result of the last call to `method`\n        :raises: :exc:`selenium.common.exceptions.TimeoutException` if timeout occurs\n        \"\"\"\n        screen = None\n        stacktrace = None\n    \n        end_time = time.monotonic() + self._timeout\n        while True:\n            try:\n                value = method(self._driver)\n                if value:\n                    return value\n            except self._ignored_exceptions as exc:\n                screen = getattr(exc, \"screen\", None)\n                stacktrace = getattr(exc, \"stacktrace\", None)\n            time.sleep(self._poll)\n            if time.monotonic() > end_time:\n                break\n>       raise TimeoutException(message, screen, stacktrace)\nE       selenium.common.exceptions.TimeoutException: Message: \nE       Stacktrace:\nE       #0 0x55ef6ec4b81a <unknown>\nE       #1 0x55ef6e919e50 <unknown>\nE       #2 0x55ef6e969644 <unknown>\nE       #3 0x55ef6e969931 <unknown>\nE       #4 0x55ef6e9af534 <unknown>\nE       #5 0x55ef6e98e4bd <unknown>\nE       #6 0x55ef6e9ac9c6 <unknown>\nE       #7 0x55ef6e98e233 <unknown>\nE       #8 0x55ef6e95c093 <unknown>\nE       #9 0x55ef6e95d09e <unknown>\nE       #10 0x55ef6ec12a7b <unknown>\nE       #11 0x55ef6ec16a31 <unknown>\nE       #12 0x55ef6ebfe645 <unknown>\nE       #13 0x55ef6ec175a2 <unknown>\nE       #14 0x55ef6ebe381f <unknown>\nE       #15 0x55ef6ec3a618 <unknown>\nE       #16 0x55ef6ec3a7e2 <unknown>\nE       #17 0x55ef6ec4a60c <unknown>\nE       #18 0x7f9e00a94ac3 <unknown>\n\n.venv/lib/python3.12/site-packages/selenium/webdriver/support/wait.py:105: TimeoutException","steps":[{"name":"Click Login link","time":{"start":1724981083476,"stop":1724981093823,"duration":10347},"status":"broken","statusMessage":"selenium.common.exceptions.TimeoutException: Message: \nStacktrace:\n#0 0x55ef6ec4b81a <unknown>\n#1 0x55ef6e919e50 <unknown>\n#2 0x55ef6e969644 <unknown>\n#3 0x55ef6e969931 <unknown>\n#4 0x55ef6e9af534 <unknown>\n#5 0x55ef6e98e4bd <unknown>\n#6 0x55ef6e9ac9c6 <unknown>\n#7 0x55ef6e98e233 <unknown>\n#8 0x55ef6e95c093 <unknown>\n#9 0x55ef6e95d09e <unknown>\n#10 0x55ef6ec12a7b <unknown>\n#11 0x55ef6ec16a31 <unknown>\n#12 0x55ef6ebfe645 <unknown>\n#13 0x55ef6ec175a2 <unknown>\n#14 0x55ef6ebe381f <unknown>\n#15 0x55ef6ec3a618 <unknown>\n#16 0x55ef6ec3a7e2 <unknown>\n#17 0x55ef6ec4a60c <unknown>\n#18 0x7f9e00a94ac3 <unknown>\n\n","statusTrace":"  File \"/home/runner/work/Selenium-Python-Example/Selenium-Python-Example/.venv/lib/python3.12/site-packages/allure_commons/_allure.py\", line 192, in impl\n    return func(*a, **kw)\n           ^^^^^^^^^^^^^^\n  File \"/home/runner/work/Selenium-Python-Example/Selenium-Python-Example/pages/about_page.py\", line 20, in click_login_link\n    self.click(self.LOGIN_LINK)\n  File \"/home/runner/work/Selenium-Python-Example/Selenium-Python-Example/pages/base_page.py\", line 60, in click\n    el: WebElement = self.wait.until(\n                     ^^^^^^^^^^^^^^^^\n  File \"/home/runner/work/Selenium-Python-Example/Selenium-Python-Example/.venv/lib/python3.12/site-packages/selenium/webdriver/support/wait.py\", line 105, in until\n    raise TimeoutException(message, screen, stacktrace)\n","steps":[],"attachments":[],"parameters":[],"shouldDisplayMessage":true,"stepsCount":0,"attachmentsCount":0,"hasContent":true,"attachmentStep":false},{"name":"public ip address","time":{"start":1724981093832,"stop":1724981093869,"duration":37},"status":"passed","steps":[],"attachments":[{"uid":"bbe35595216f65ec","name":"HTTP logs of http://checkip.amazonaws.com/","source":"bbe35595216f65ec.txt","type":"text/plain","size":357}],"parameters":[],"shouldDisplayMessage":false,"stepsCount":0,"attachmentsCount":1,"hasContent":true,"attachmentStep":false}],"attachments":[{"uid":"c9a57703ea67e564","name":"Cookies","source":"c9a57703ea67e564.json","type":"application/json","size":3581},{"uid":"742e65931e47bd81","name":"Session Storage","source":"742e65931e47bd81.json","type":"application/json","size":359},{"uid":"f94ee1a0928c6713","name":"Local Storage","source":"f94ee1a0928c6713.json","type":"application/json","size":350},{"uid":"eeb4d57edb963068","name":"Console Logs","source":"eeb4d57edb963068.json","type":"application/json","size":236},{"uid":"5bd621f2e65bc4bb","name":"Full Page Screenshot","source":"5bd621f2e65bc4bb.png","type":"image/png","size":4647485},{"uid":"37363d0a86b6152f","name":"URL","source":"37363d0a86b6152f.uri","type":"text/uri-list","size":23},{"uid":"197dac23d511ced0","name":"Network Logs","source":"197dac23d511ced0.json","type":"application/json","size":67003}],"parameters":[],"shouldDisplayMessage":true,"stepsCount":2,"attachmentsCount":8,"hasContent":true,"attachmentStep":false},"afterStages":[],"labels":[{"name":"story","value":"Forgot Password Feature's Functionality"},{"name":"subSuite","value":"Custom sub suite"},{"name":"parentSuite","value":"Custom parent suite"},{"name":"epic","value":"Security"},{"name":"suite","value":"Custom suite"},{"name":"severity","value":"critical"},{"name":"tag","value":"security"},{"name":"host","value":"fv-az887-117"},{"name":"thread","value":"1941-MainThread"},{"name":"framework","value":"pytest"},{"name":"language","value":"cpython3"},{"name":"package","value":"tests.forgot_password_test"},{"name":"resultFormat","value":"allure2"}],"parameters":[],"links":[{"name":"TESTCASE-2","url":"https://github.com/allure-examples/allure-examples/issues/2","type":"tms"},{"name":"ISSUE-1","url":"https://github.com/allure-examples/allure-examples/issues/1","type":"issue"},{"name":"Allure Examples","url":"https://github.com/allure-examples/","type":"link"}],"hidden":false,"retry":false,"extra":{"severity":"critical","retries":[],"categories":[{"name":"Test defects","matchedStatuses":[],"flaky":false}],"tags":["security"]},"source":"c25bf1d9055f7e54.json","parameterValues":[]}