{"uid":"c4cdae2bf5d441c3","name":"Login with invalid credentials test","fullName":"tests.login_test.TestLogin#test_invalid_login","historyId":"d8696551571014a71a874c85cadaf3fe","time":{"start":1711329081361,"stop":1711329091624,"duration":10263},"description":"invalid login","descriptionHtml":"<p>invalid login</p>\n","status":"broken","statusMessage":"selenium.common.exceptions.TimeoutException: Message: \nStacktrace:\n#0 0x56476aae2f33 <unknown>\n#1 0x56476a7dace6 <unknown>\n#2 0x56476a825e48 <unknown>\n#3 0x56476a825f01 <unknown>\n#4 0x56476a8693f4 <unknown>\n#5 0x56476a847edd <unknown>\n#6 0x56476a866899 <unknown>\n#7 0x56476a847c53 <unknown>\n#8 0x56476a818db3 <unknown>\n#9 0x56476a81977e <unknown>\n#10 0x56476aaa886b <unknown>\n#11 0x56476aaac885 <unknown>\n#12 0x56476aa96181 <unknown>\n#13 0x56476aaad412 <unknown>\n#14 0x56476aa7a25f <unknown>\n#15 0x56476aad1528 <unknown>\n#16 0x56476aad1723 <unknown>\n#17 0x56476aae20e4 <unknown>\n#18 0x7f603d894ac3 <unknown>","statusTrace":"self = <tests.login_test.TestLogin object at 0x7fe9349002f0>\nemail = 'nirt236@gmail.com', password = '123456'\ndata = Data(forgot_password=ForgotPassword(error_message=\"We can't find a user with that e-mail address.\", success_message='A...ct='Non Existing', page_title='My Workspace', project_name='test project', project_type='quiz', template_type='Blank'))\n\n    @allure.description(\"invalid login\")\n    @allure.title(\"Login with invalid credentials test\")\n    @pytest.mark.parametrize(\"email, password\", users)\n    @pytest.mark.run(order=3)\n    def test_invalid_login(self, email: str, password: str, data: Data):\n>       self.about_page.click_login_link()\n\ntests/login_test.py:26: \n_ _ _ _ _ _ _ _ _ _ _ _ _ _ _ _ _ _ _ _ _ _ _ _ _ _ _ _ _ _ _ _ _ _ _ _ _ _ _ _ \npages/about_page.py:20: in click_login_link\n    self.click(self.LOGIN_LINK)\npages/base_page.py:60: in click\n    el: WebElement = self.wait.until(\n_ _ _ _ _ _ _ _ _ _ _ _ _ _ _ _ _ _ _ _ _ _ _ _ _ _ _ _ _ _ _ _ _ _ _ _ _ _ _ _ \n\nself = <selenium.webdriver.support.wait.WebDriverWait (session=\"5c97435557e6b07c2ee19b0bfbceb721\")>\nmethod = <function element_to_be_clickable.<locals>._predicate at 0x7fe9349e4360>\nmessage = ''\n\n    def until(self, method: Callable[[D], Union[Literal[False], T]], message: str = \"\") -> T:\n        \"\"\"Calls the method provided with the driver as an argument until the \\\n        return value does not evaluate to ``False``.\n    \n        :param method: callable(WebDriver)\n        :param message: optional message for :exc:`TimeoutException`\n        :returns: the result of the last call to `method`\n        :raises: :exc:`selenium.common.exceptions.TimeoutException` if timeout occurs\n        \"\"\"\n        screen = None\n        stacktrace = None\n    \n        end_time = time.monotonic() + self._timeout\n        while True:\n            try:\n                value = method(self._driver)\n                if value:\n                    return value\n            except self._ignored_exceptions as exc:\n                screen = getattr(exc, \"screen\", None)\n                stacktrace = getattr(exc, \"stacktrace\", None)\n            time.sleep(self._poll)\n            if time.monotonic() > end_time:\n                break\n>       raise TimeoutException(message, screen, stacktrace)\nE       selenium.common.exceptions.TimeoutException: Message: \nE       Stacktrace:\nE       #0 0x56476aae2f33 <unknown>\nE       #1 0x56476a7dace6 <unknown>\nE       #2 0x56476a825e48 <unknown>\nE       #3 0x56476a825f01 <unknown>\nE       #4 0x56476a8693f4 <unknown>\nE       #5 0x56476a847edd <unknown>\nE       #6 0x56476a866899 <unknown>\nE       #7 0x56476a847c53 <unknown>\nE       #8 0x56476a818db3 <unknown>\nE       #9 0x56476a81977e <unknown>\nE       #10 0x56476aaa886b <unknown>\nE       #11 0x56476aaac885 <unknown>\nE       #12 0x56476aa96181 <unknown>\nE       #13 0x56476aaad412 <unknown>\nE       #14 0x56476aa7a25f <unknown>\nE       #15 0x56476aad1528 <unknown>\nE       #16 0x56476aad1723 <unknown>\nE       #17 0x56476aae20e4 <unknown>\nE       #18 0x7f603d894ac3 <unknown>\n\n.venv/lib/python3.12/site-packages/selenium/webdriver/support/wait.py:105: TimeoutException","flaky":false,"newFailed":false,"newBroken":false,"newPassed":false,"retriesCount":0,"retriesStatusChange":false,"beforeStages":[{"name":"base_url","time":{"start":1711329049570,"stop":1711329049570,"duration":0},"status":"passed","steps":[],"attachments":[],"parameters":[],"shouldDisplayMessage":false,"stepsCount":0,"attachmentsCount":0,"hasContent":false,"attachmentStep":false},{"name":"_verify_url","time":{"start":1711329049570,"stop":1711329049570,"duration":0},"status":"passed","steps":[],"attachments":[],"parameters":[],"shouldDisplayMessage":false,"stepsCount":0,"attachmentsCount":0,"hasContent":false,"attachmentStep":false},{"name":"session_request","time":{"start":1711329049570,"stop":1711329049570,"duration":0},"status":"passed","steps":[],"attachments":[],"parameters":[],"shouldDisplayMessage":false,"stepsCount":0,"attachmentsCount":0,"hasContent":false,"attachmentStep":false},{"name":"data","time":{"start":1711329049570,"stop":1711329049571,"duration":1},"status":"passed","steps":[],"attachments":[],"parameters":[],"shouldDisplayMessage":false,"stepsCount":0,"attachmentsCount":0,"hasContent":false,"attachmentStep":false}],"testStage":{"description":"invalid login","status":"broken","statusMessage":"selenium.common.exceptions.TimeoutException: Message: \nStacktrace:\n#0 0x56476aae2f33 <unknown>\n#1 0x56476a7dace6 <unknown>\n#2 0x56476a825e48 <unknown>\n#3 0x56476a825f01 <unknown>\n#4 0x56476a8693f4 <unknown>\n#5 0x56476a847edd <unknown>\n#6 0x56476a866899 <unknown>\n#7 0x56476a847c53 <unknown>\n#8 0x56476a818db3 <unknown>\n#9 0x56476a81977e <unknown>\n#10 0x56476aaa886b <unknown>\n#11 0x56476aaac885 <unknown>\n#12 0x56476aa96181 <unknown>\n#13 0x56476aaad412 <unknown>\n#14 0x56476aa7a25f <unknown>\n#15 0x56476aad1528 <unknown>\n#16 0x56476aad1723 <unknown>\n#17 0x56476aae20e4 <unknown>\n#18 0x7f603d894ac3 <unknown>","statusTrace":"self = <tests.login_test.TestLogin object at 0x7fe9349002f0>\nemail = 'nirt236@gmail.com', password = '123456'\ndata = Data(forgot_password=ForgotPassword(error_message=\"We can't find a user with that e-mail address.\", success_message='A...ct='Non Existing', page_title='My Workspace', project_name='test project', project_type='quiz', template_type='Blank'))\n\n    @allure.description(\"invalid login\")\n    @allure.title(\"Login with invalid credentials test\")\n    @pytest.mark.parametrize(\"email, password\", users)\n    @pytest.mark.run(order=3)\n    def test_invalid_login(self, email: str, password: str, data: Data):\n>       self.about_page.click_login_link()\n\ntests/login_test.py:26: \n_ _ _ _ _ _ _ _ _ _ _ _ _ _ _ _ _ _ _ _ _ _ _ _ _ _ _ _ _ _ _ _ _ _ _ _ _ _ _ _ \npages/about_page.py:20: in click_login_link\n    self.click(self.LOGIN_LINK)\npages/base_page.py:60: in click\n    el: WebElement = self.wait.until(\n_ _ _ _ _ _ _ _ _ _ _ _ _ _ _ _ _ _ _ _ _ _ _ _ _ _ _ _ _ _ _ _ _ _ _ _ _ _ _ _ \n\nself = <selenium.webdriver.support.wait.WebDriverWait (session=\"5c97435557e6b07c2ee19b0bfbceb721\")>\nmethod = <function element_to_be_clickable.<locals>._predicate at 0x7fe9349e4360>\nmessage = ''\n\n    def until(self, method: Callable[[D], Union[Literal[False], T]], message: str = \"\") -> T:\n        \"\"\"Calls the method provided with the driver as an argument until the \\\n        return value does not evaluate to ``False``.\n    \n        :param method: callable(WebDriver)\n        :param message: optional message for :exc:`TimeoutException`\n        :returns: the result of the last call to `method`\n        :raises: :exc:`selenium.common.exceptions.TimeoutException` if timeout occurs\n        \"\"\"\n        screen = None\n        stacktrace = None\n    \n        end_time = time.monotonic() + self._timeout\n        while True:\n            try:\n                value = method(self._driver)\n                if value:\n                    return value\n            except self._ignored_exceptions as exc:\n                screen = getattr(exc, \"screen\", None)\n                stacktrace = getattr(exc, \"stacktrace\", None)\n            time.sleep(self._poll)\n            if time.monotonic() > end_time:\n                break\n>       raise TimeoutException(message, screen, stacktrace)\nE       selenium.common.exceptions.TimeoutException: Message: \nE       Stacktrace:\nE       #0 0x56476aae2f33 <unknown>\nE       #1 0x56476a7dace6 <unknown>\nE       #2 0x56476a825e48 <unknown>\nE       #3 0x56476a825f01 <unknown>\nE       #4 0x56476a8693f4 <unknown>\nE       #5 0x56476a847edd <unknown>\nE       #6 0x56476a866899 <unknown>\nE       #7 0x56476a847c53 <unknown>\nE       #8 0x56476a818db3 <unknown>\nE       #9 0x56476a81977e <unknown>\nE       #10 0x56476aaa886b <unknown>\nE       #11 0x56476aaac885 <unknown>\nE       #12 0x56476aa96181 <unknown>\nE       #13 0x56476aaad412 <unknown>\nE       #14 0x56476aa7a25f <unknown>\nE       #15 0x56476aad1528 <unknown>\nE       #16 0x56476aad1723 <unknown>\nE       #17 0x56476aae20e4 <unknown>\nE       #18 0x7f603d894ac3 <unknown>\n\n.venv/lib/python3.12/site-packages/selenium/webdriver/support/wait.py:105: TimeoutException","steps":[{"name":"Click Login link","time":{"start":1711329081361,"stop":1711329091623,"duration":10262},"status":"broken","statusMessage":"selenium.common.exceptions.TimeoutException: Message: \nStacktrace:\n#0 0x56476aae2f33 <unknown>\n#1 0x56476a7dace6 <unknown>\n#2 0x56476a825e48 <unknown>\n#3 0x56476a825f01 <unknown>\n#4 0x56476a8693f4 <unknown>\n#5 0x56476a847edd <unknown>\n#6 0x56476a866899 <unknown>\n#7 0x56476a847c53 <unknown>\n#8 0x56476a818db3 <unknown>\n#9 0x56476a81977e <unknown>\n#10 0x56476aaa886b <unknown>\n#11 0x56476aaac885 <unknown>\n#12 0x56476aa96181 <unknown>\n#13 0x56476aaad412 <unknown>\n#14 0x56476aa7a25f <unknown>\n#15 0x56476aad1528 <unknown>\n#16 0x56476aad1723 <unknown>\n#17 0x56476aae20e4 <unknown>\n#18 0x7f603d894ac3 <unknown>\n\n","statusTrace":"  File \"/home/runner/work/Selenium-Python-Example/Selenium-Python-Example/.venv/lib/python3.12/site-packages/allure_commons/_allure.py\", line 192, in impl\n    return func(*a, **kw)\n           ^^^^^^^^^^^^^^\n  File \"/home/runner/work/Selenium-Python-Example/Selenium-Python-Example/pages/about_page.py\", line 20, in click_login_link\n    self.click(self.LOGIN_LINK)\n  File \"/home/runner/work/Selenium-Python-Example/Selenium-Python-Example/pages/base_page.py\", line 60, in click\n    el: WebElement = self.wait.until(\n                     ^^^^^^^^^^^^^^^^\n  File \"/home/runner/work/Selenium-Python-Example/Selenium-Python-Example/.venv/lib/python3.12/site-packages/selenium/webdriver/support/wait.py\", line 105, in until\n    raise TimeoutException(message, screen, stacktrace)\n","steps":[],"attachments":[],"parameters":[],"shouldDisplayMessage":true,"stepsCount":0,"attachmentsCount":0,"hasContent":true,"attachmentStep":false},{"name":"public ip address","time":{"start":1711329091633,"stop":1711329091681,"duration":48},"status":"passed","steps":[],"attachments":[{"uid":"1109932f84d84953","name":"HTTP logs of http://checkip.amazonaws.com/","source":"1109932f84d84953.txt","type":"text/plain","size":262}],"parameters":[],"shouldDisplayMessage":false,"stepsCount":0,"attachmentsCount":1,"hasContent":true,"attachmentStep":false}],"attachments":[{"uid":"5d886860a3dfa56f","name":"Cookies","source":"5d886860a3dfa56f.json","type":"application/json","size":3095},{"uid":"5c4278bf03a00f82","name":"Session Storage","source":"5c4278bf03a00f82.json","type":"application/json","size":359},{"uid":"55f32bde422596a","name":"Local Storage","source":"55f32bde422596a.json","type":"application/json","size":208},{"uid":"5f38170995ae53d6","name":"Console Logs","source":"5f38170995ae53d6.json","type":"application/json","size":653},{"uid":"dcaeb9846fc10e67","name":"Full Page Screenshot","source":"dcaeb9846fc10e67.png","type":"image/png","size":6186843},{"uid":"7d7e52089e9eb83c","name":"URL","source":"7d7e52089e9eb83c.uri","type":"text/uri-list","size":23},{"uid":"1c19e6d8834053e3","name":"Network Logs","source":"1c19e6d8834053e3.json","type":"application/json","size":23196}],"parameters":[],"shouldDisplayMessage":true,"stepsCount":2,"attachmentsCount":8,"hasContent":true,"attachmentStep":false},"afterStages":[{"name":"session_request::0","time":{"start":1711329302779,"stop":1711329302779,"duration":0},"status":"passed","steps":[],"attachments":[],"parameters":[],"shouldDisplayMessage":false,"stepsCount":0,"attachmentsCount":0,"hasContent":false,"attachmentStep":false}],"labels":[{"name":"severity","value":"blocker"},{"name":"feature","value":"Login"},{"name":"epic","value":"Security"},{"name":"tag","value":"run(order=3)"},{"name":"tag","value":"security"},{"name":"parentSuite","value":"tests"},{"name":"suite","value":"login_test"},{"name":"subSuite","value":"TestLogin"},{"name":"host","value":"fv-az1536-160"},{"name":"thread","value":"2447-MainThread"},{"name":"framework","value":"pytest"},{"name":"language","value":"cpython3"},{"name":"package","value":"tests.login_test"},{"name":"resultFormat","value":"allure2"}],"parameters":[{"name":"email","value":"'nirt236@gmail.com'"},{"name":"password","value":"'123456'"}],"links":[],"hidden":false,"retry":false,"extra":{"severity":"blocker","retries":[],"categories":[{"name":"Test defects","matchedStatuses":[],"flaky":false}],"tags":["run(order=3)","security"]},"source":"c4cdae2bf5d441c3.json","parameterValues":["'nirt236@gmail.com'","'123456'"]}