{"uid":"e773f860f804846d","name":"Rename an existing workspace test","fullName":"tests.workspaces_test.TestWorkspaces#test_rename_workspace","historyId":"cd63adf5d11191c5904362b968c9e131","time":{"start":1697677776847,"stop":1697677776847,"duration":0},"description":"Rename an existing workspace","descriptionHtml":"<p>Rename an existing workspace</p>\n","status":"broken","statusMessage":"selenium.common.exceptions.TimeoutException: Message: \nStacktrace:\n#0 0x563d5045afb3 <unknown>\n#1 0x563d5012e4a7 <unknown>\n#2 0x563d50175dd6 <unknown>\n#3 0x563d50175ec1 <unknown>\n#4 0x563d501b3354 <unknown>\n#5 0x563d5019796d <unknown>\n#6 0x563d501b0c02 <unknown>\n#7 0x563d50197713 <unknown>\n#8 0x563d5016a18b <unknown>\n#9 0x563d5016af7e <unknown>\n#10 0x563d504208d8 <unknown>\n#11 0x563d50424800 <unknown>\n#12 0x563d5042ecfc <unknown>\n#13 0x563d50425418 <unknown>\n#14 0x563d503f242f <unknown>\n#15 0x563d504494e8 <unknown>\n#16 0x563d504496b4 <unknown>\n#17 0x563d5045a143 <unknown>\n#18 0x7f4e71294ac3 <unknown>","statusTrace":"self = <tests.workspaces_test.TestWorkspaces object at 0x7fc66abcef10>\n\n    @pytest.fixture(autouse=True)\n    def setup_method_fixture(self):\n>       login(self.about_page, self.login_page)\n\ntests/workspaces_test.py:24: \n_ _ _ _ _ _ _ _ _ _ _ _ _ _ _ _ _ _ _ _ _ _ _ _ _ _ _ _ _ _ _ _ _ _ _ _ _ _ _ _ \ntests/workspaces_test.py:14: in login\n    about_page.click_login_link()\npages/about_page.py:20: in click_login_link\n    self.click(self.LOGIN_LINK)\npages/base_page.py:38: in click\n    el: WebElement = self.wait.until(\n_ _ _ _ _ _ _ _ _ _ _ _ _ _ _ _ _ _ _ _ _ _ _ _ _ _ _ _ _ _ _ _ _ _ _ _ _ _ _ _ \n\nself = <selenium.webdriver.support.wait.WebDriverWait (session=\"f0bd3fd411a04219e2341e2a7e4117f9\")>\nmethod = <function element_to_be_clickable.<locals>._predicate at 0x7fc66abaad40>\nmessage = ''\n\n    def until(self, method, message: str = \"\"):\n        \"\"\"Calls the method provided with the driver as an argument until the \\\n        return value does not evaluate to ``False``.\n    \n        :param method: callable(WebDriver)\n        :param message: optional message for :exc:`TimeoutException`\n        :returns: the result of the last call to `method`\n        :raises: :exc:`selenium.common.exceptions.TimeoutException` if timeout occurs\n        \"\"\"\n        screen = None\n        stacktrace = None\n    \n        end_time = time.monotonic() + self._timeout\n        while True:\n            try:\n                value = method(self._driver)\n                if value:\n                    return value\n            except self._ignored_exceptions as exc:\n                screen = getattr(exc, \"screen\", None)\n                stacktrace = getattr(exc, \"stacktrace\", None)\n            time.sleep(self._poll)\n            if time.monotonic() > end_time:\n                break\n>       raise TimeoutException(message, screen, stacktrace)\nE       selenium.common.exceptions.TimeoutException: Message: \nE       Stacktrace:\nE       #0 0x563d5045afb3 <unknown>\nE       #1 0x563d5012e4a7 <unknown>\nE       #2 0x563d50175dd6 <unknown>\nE       #3 0x563d50175ec1 <unknown>\nE       #4 0x563d501b3354 <unknown>\nE       #5 0x563d5019796d <unknown>\nE       #6 0x563d501b0c02 <unknown>\nE       #7 0x563d50197713 <unknown>\nE       #8 0x563d5016a18b <unknown>\nE       #9 0x563d5016af7e <unknown>\nE       #10 0x563d504208d8 <unknown>\nE       #11 0x563d50424800 <unknown>\nE       #12 0x563d5042ecfc <unknown>\nE       #13 0x563d50425418 <unknown>\nE       #14 0x563d503f242f <unknown>\nE       #15 0x563d504494e8 <unknown>\nE       #16 0x563d504496b4 <unknown>\nE       #17 0x563d5045a143 <unknown>\nE       #18 0x7f4e71294ac3 <unknown>\n\n.venv/lib/python3.11/site-packages/selenium/webdriver/support/wait.py:95: TimeoutException","flaky":false,"newFailed":false,"newBroken":false,"newPassed":false,"retriesCount":0,"retriesStatusChange":false,"beforeStages":[{"name":"base_url","time":{"start":1697677764973,"stop":1697677764973,"duration":0},"status":"passed","steps":[],"attachments":[],"parameters":[],"shouldDisplayMessage":false,"stepsCount":0,"attachmentsCount":0,"hasContent":false},{"name":"_verify_url","time":{"start":1697677764973,"stop":1697677764973,"duration":0},"status":"passed","steps":[],"attachments":[],"parameters":[],"shouldDisplayMessage":false,"stepsCount":0,"attachmentsCount":0,"hasContent":false},{"name":"json_data","time":{"start":1697677764973,"stop":1697677764973,"duration":0},"status":"passed","steps":[],"attachments":[],"parameters":[],"shouldDisplayMessage":false,"stepsCount":0,"attachmentsCount":0,"hasContent":false},{"name":"setup_method_fixture","time":{"start":1697677779945,"stop":1697677790356,"duration":10411},"status":"broken","statusMessage":"selenium.common.exceptions.TimeoutException: Message: \nStacktrace:\n#0 0x563d5045afb3 <unknown>\n#1 0x563d5012e4a7 <unknown>\n#2 0x563d50175dd6 <unknown>\n#3 0x563d50175ec1 <unknown>\n#4 0x563d501b3354 <unknown>\n#5 0x563d5019796d <unknown>\n#6 0x563d501b0c02 <unknown>\n#7 0x563d50197713 <unknown>\n#8 0x563d5016a18b <unknown>\n#9 0x563d5016af7e <unknown>\n#10 0x563d504208d8 <unknown>\n#11 0x563d50424800 <unknown>\n#12 0x563d5042ecfc <unknown>\n#13 0x563d50425418 <unknown>\n#14 0x563d503f242f <unknown>\n#15 0x563d504494e8 <unknown>\n#16 0x563d504496b4 <unknown>\n#17 0x563d5045a143 <unknown>\n#18 0x7f4e71294ac3 <unknown>\n\n","statusTrace":"  File \"/home/runner/work/Selenium-Python-Example/Selenium-Python-Example/.venv/lib/python3.11/site-packages/pluggy/_callers.py\", line 80, in _multicall\n    res = hook_impl.function(*args)\n          ^^^^^^^^^^^^^^^^^^^^^^^^^\n  File \"/home/runner/work/Selenium-Python-Example/Selenium-Python-Example/.venv/lib/python3.11/site-packages/_pytest/fixtures.py\", line 1123, in pytest_fixture_setup\n    result = call_fixture_func(fixturefunc, request, kwargs)\n             ^^^^^^^^^^^^^^^^^^^^^^^^^^^^^^^^^^^^^^^^^^^^^^^\n  File \"/home/runner/work/Selenium-Python-Example/Selenium-Python-Example/.venv/lib/python3.11/site-packages/_pytest/fixtures.py\", line 902, in call_fixture_func\n    fixture_result = fixturefunc(**kwargs)\n                     ^^^^^^^^^^^^^^^^^^^^^\n  File \"/home/runner/work/Selenium-Python-Example/Selenium-Python-Example/tests/workspaces_test.py\", line 24, in setup_method_fixture\n    login(self.about_page, self.login_page)\n  File \"/home/runner/work/Selenium-Python-Example/Selenium-Python-Example/tests/workspaces_test.py\", line 14, in login\n    about_page.click_login_link()\n  File \"/home/runner/work/Selenium-Python-Example/Selenium-Python-Example/.venv/lib/python3.11/site-packages/allure_commons/_allure.py\", line 192, in impl\n    return func(*a, **kw)\n           ^^^^^^^^^^^^^^\n  File \"/home/runner/work/Selenium-Python-Example/Selenium-Python-Example/pages/about_page.py\", line 20, in click_login_link\n    self.click(self.LOGIN_LINK)\n  File \"/home/runner/work/Selenium-Python-Example/Selenium-Python-Example/pages/base_page.py\", line 38, in click\n    el: WebElement = self.wait.until(\n                     ^^^^^^^^^^^^^^^^\n  File \"/home/runner/work/Selenium-Python-Example/Selenium-Python-Example/.venv/lib/python3.11/site-packages/selenium/webdriver/support/wait.py\", line 95, in until\n    raise TimeoutException(message, screen, stacktrace)\n","steps":[{"name":"Click Login link","time":{"start":1697677779945,"stop":1697677790355,"duration":10410},"status":"broken","statusMessage":"selenium.common.exceptions.TimeoutException: Message: \nStacktrace:\n#0 0x563d5045afb3 <unknown>\n#1 0x563d5012e4a7 <unknown>\n#2 0x563d50175dd6 <unknown>\n#3 0x563d50175ec1 <unknown>\n#4 0x563d501b3354 <unknown>\n#5 0x563d5019796d <unknown>\n#6 0x563d501b0c02 <unknown>\n#7 0x563d50197713 <unknown>\n#8 0x563d5016a18b <unknown>\n#9 0x563d5016af7e <unknown>\n#10 0x563d504208d8 <unknown>\n#11 0x563d50424800 <unknown>\n#12 0x563d5042ecfc <unknown>\n#13 0x563d50425418 <unknown>\n#14 0x563d503f242f <unknown>\n#15 0x563d504494e8 <unknown>\n#16 0x563d504496b4 <unknown>\n#17 0x563d5045a143 <unknown>\n#18 0x7f4e71294ac3 <unknown>\n\n","statusTrace":"  File \"/home/runner/work/Selenium-Python-Example/Selenium-Python-Example/.venv/lib/python3.11/site-packages/allure_commons/_allure.py\", line 192, in impl\n    return func(*a, **kw)\n           ^^^^^^^^^^^^^^\n  File \"/home/runner/work/Selenium-Python-Example/Selenium-Python-Example/pages/about_page.py\", line 20, in click_login_link\n    self.click(self.LOGIN_LINK)\n  File \"/home/runner/work/Selenium-Python-Example/Selenium-Python-Example/pages/base_page.py\", line 38, in click\n    el: WebElement = self.wait.until(\n                     ^^^^^^^^^^^^^^^^\n  File \"/home/runner/work/Selenium-Python-Example/Selenium-Python-Example/.venv/lib/python3.11/site-packages/selenium/webdriver/support/wait.py\", line 95, in until\n    raise TimeoutException(message, screen, stacktrace)\n","steps":[],"attachments":[],"parameters":[],"shouldDisplayMessage":true,"stepsCount":0,"attachmentsCount":0,"hasContent":true}],"attachments":[],"parameters":[],"shouldDisplayMessage":false,"stepsCount":1,"attachmentsCount":0,"hasContent":true}],"testStage":{"description":"Rename an existing workspace","status":"broken","statusMessage":"selenium.common.exceptions.TimeoutException: Message: \nStacktrace:\n#0 0x563d5045afb3 <unknown>\n#1 0x563d5012e4a7 <unknown>\n#2 0x563d50175dd6 <unknown>\n#3 0x563d50175ec1 <unknown>\n#4 0x563d501b3354 <unknown>\n#5 0x563d5019796d <unknown>\n#6 0x563d501b0c02 <unknown>\n#7 0x563d50197713 <unknown>\n#8 0x563d5016a18b <unknown>\n#9 0x563d5016af7e <unknown>\n#10 0x563d504208d8 <unknown>\n#11 0x563d50424800 <unknown>\n#12 0x563d5042ecfc <unknown>\n#13 0x563d50425418 <unknown>\n#14 0x563d503f242f <unknown>\n#15 0x563d504494e8 <unknown>\n#16 0x563d504496b4 <unknown>\n#17 0x563d5045a143 <unknown>\n#18 0x7f4e71294ac3 <unknown>","statusTrace":"self = <tests.workspaces_test.TestWorkspaces object at 0x7fc66abcef10>\n\n    @pytest.fixture(autouse=True)\n    def setup_method_fixture(self):\n>       login(self.about_page, self.login_page)\n\ntests/workspaces_test.py:24: \n_ _ _ _ _ _ _ _ _ _ _ _ _ _ _ _ _ _ _ _ _ _ _ _ _ _ _ _ _ _ _ _ _ _ _ _ _ _ _ _ \ntests/workspaces_test.py:14: in login\n    about_page.click_login_link()\npages/about_page.py:20: in click_login_link\n    self.click(self.LOGIN_LINK)\npages/base_page.py:38: in click\n    el: WebElement = self.wait.until(\n_ _ _ _ _ _ _ _ _ _ _ _ _ _ _ _ _ _ _ _ _ _ _ _ _ _ _ _ _ _ _ _ _ _ _ _ _ _ _ _ \n\nself = <selenium.webdriver.support.wait.WebDriverWait (session=\"f0bd3fd411a04219e2341e2a7e4117f9\")>\nmethod = <function element_to_be_clickable.<locals>._predicate at 0x7fc66abaad40>\nmessage = ''\n\n    def until(self, method, message: str = \"\"):\n        \"\"\"Calls the method provided with the driver as an argument until the \\\n        return value does not evaluate to ``False``.\n    \n        :param method: callable(WebDriver)\n        :param message: optional message for :exc:`TimeoutException`\n        :returns: the result of the last call to `method`\n        :raises: :exc:`selenium.common.exceptions.TimeoutException` if timeout occurs\n        \"\"\"\n        screen = None\n        stacktrace = None\n    \n        end_time = time.monotonic() + self._timeout\n        while True:\n            try:\n                value = method(self._driver)\n                if value:\n                    return value\n            except self._ignored_exceptions as exc:\n                screen = getattr(exc, \"screen\", None)\n                stacktrace = getattr(exc, \"stacktrace\", None)\n            time.sleep(self._poll)\n            if time.monotonic() > end_time:\n                break\n>       raise TimeoutException(message, screen, stacktrace)\nE       selenium.common.exceptions.TimeoutException: Message: \nE       Stacktrace:\nE       #0 0x563d5045afb3 <unknown>\nE       #1 0x563d5012e4a7 <unknown>\nE       #2 0x563d50175dd6 <unknown>\nE       #3 0x563d50175ec1 <unknown>\nE       #4 0x563d501b3354 <unknown>\nE       #5 0x563d5019796d <unknown>\nE       #6 0x563d501b0c02 <unknown>\nE       #7 0x563d50197713 <unknown>\nE       #8 0x563d5016a18b <unknown>\nE       #9 0x563d5016af7e <unknown>\nE       #10 0x563d504208d8 <unknown>\nE       #11 0x563d50424800 <unknown>\nE       #12 0x563d5042ecfc <unknown>\nE       #13 0x563d50425418 <unknown>\nE       #14 0x563d503f242f <unknown>\nE       #15 0x563d504494e8 <unknown>\nE       #16 0x563d504496b4 <unknown>\nE       #17 0x563d5045a143 <unknown>\nE       #18 0x7f4e71294ac3 <unknown>\n\n.venv/lib/python3.11/site-packages/selenium/webdriver/support/wait.py:95: TimeoutException","steps":[],"attachments":[{"uid":"67565972772cf838","name":"public ip address","source":"67565972772cf838.txt","type":"text/plain","size":13},{"uid":"bff91dacea6ab1c1","name":"Cookies","source":"bff91dacea6ab1c1.json","type":"application/json","size":2018},{"uid":"493b2bbd53b08599","name":"Session Storage","source":"493b2bbd53b08599.json","type":"application/json","size":333},{"uid":"37b17029e92ad75e","name":"Local Storage","source":"37b17029e92ad75e.json","type":"application/json","size":208},{"uid":"52f66bcb537bba90","name":"Console Logs","source":"52f66bcb537bba90.json","type":"application/json","size":2},{"uid":"e23b84eb9e9d5225","name":"Full Page Screenshot","source":"e23b84eb9e9d5225.png","type":"image/png","size":714221},{"uid":"9ac432739431abae","name":"URL","source":"9ac432739431abae.uri","type":"text/uri-list","size":23},{"uid":"a0a3d8d390d5e2d7","name":"Network Logs","source":"a0a3d8d390d5e2d7.json","type":"application/json","size":26758}],"parameters":[],"shouldDisplayMessage":true,"stepsCount":0,"attachmentsCount":8,"hasContent":true},"afterStages":[],"labels":[{"name":"epic","value":"Workspaces"},{"name":"severity","value":"normal"},{"name":"story","value":"WorkSpaces Creation and Editing Functionality"},{"name":"tag","value":"run(order=2)"},{"name":"parentSuite","value":"tests"},{"name":"suite","value":"workspaces_test"},{"name":"subSuite","value":"TestWorkspaces"},{"name":"host","value":"fv-az797-587"},{"name":"thread","value":"2248-MainThread"},{"name":"framework","value":"pytest"},{"name":"language","value":"cpython3"},{"name":"package","value":"tests.workspaces_test"},{"name":"resultFormat","value":"allure2"}],"parameters":[],"links":[],"hidden":false,"retry":false,"extra":{"severity":"normal","retries":[],"categories":[{"name":"Test defects","matchedStatuses":[],"flaky":false}],"tags":["run(order=2)"]},"source":"e773f860f804846d.json","parameterValues":[]}