{"uid":"b515a4f6b81150b2","name":"Forgot Password with valid email test","fullName":"tests.forgot_password_test.TestForgotPassword#test_valid_email","historyId":"d6dde1715fb973c93e423cd6a34e3dff","time":{"start":1739237816215,"stop":1739237826244,"duration":10029},"description":"Forgot password with a valid email address","descriptionHtml":"<p>Forgot password with a valid email address</p>\n","status":"broken","statusMessage":"selenium.common.exceptions.TimeoutException: Message: \nStacktrace:\n#0 0x55fff2e6353a <unknown>\n#1 0x55fff295ef00 <unknown>\n#2 0x55fff29aec0c <unknown>\n#3 0x55fff29aee31 <unknown>\n#4 0x55fff29f4bd4 <unknown>\n#5 0x55fff29d35cd <unknown>\n#6 0x55fff29f1f84 <unknown>\n#7 0x55fff29d3343 <unknown>\n#8 0x55fff29a078a <unknown>\n#9 0x55fff29a19de <unknown>\n#10 0x55fff2e2d2cb <unknown>\n#11 0x55fff2e31242 <unknown>\n#12 0x55fff2e1a7ac <unknown>\n#13 0x55fff2e31df7 <unknown>\n#14 0x55fff2dfeb2f <unknown>\n#15 0x55fff2e521a8 <unknown>\n#16 0x55fff2e52370 <unknown>\n#17 0x55fff2e623b6 <unknown>\n#18 0x7fbe5089ca94 <unknown>\n#19 0x7fbe50929c3c <unknown>","statusTrace":"self = <tests.forgot_password_test.TestForgotPassword object at 0x7f87117b1d90>\ndata = Data(forgot_password=ForgotPassword(error_message=\"We can't find a user with that e-mail address.\", success_message='A...ct='Non Existing', page_title='My Workspace', project_name='test project', project_type='quiz', template_type='Blank'))\n\n    @allure.description(\"Forgot password with a valid email address\")\n    @allure.title(\"Forgot Password with valid email test\")\n    def test_valid_email(self, data: Data):\n>       self.about_page.click_login_link()\n\ntests/forgot_password_test.py:22: \n_ _ _ _ _ _ _ _ _ _ _ _ _ _ _ _ _ _ _ _ _ _ _ _ _ _ _ _ _ _ _ _ _ _ _ _ _ _ _ _ \npages/about_page.py:20: in click_login_link\n    self.click(self.LOGIN_LINK)\npages/base_page.py:60: in click\n    el: WebElement = self.wait.until(\n_ _ _ _ _ _ _ _ _ _ _ _ _ _ _ _ _ _ _ _ _ _ _ _ _ _ _ _ _ _ _ _ _ _ _ _ _ _ _ _ \n\nself = <selenium.webdriver.support.wait.WebDriverWait (session=\"28ffa1c15ee2199998abe69429f7e3c6\")>\nmethod = <function element_to_be_clickable.<locals>._predicate at 0x7f870f67d080>\nmessage = ''\n\n    def until(self, method: Callable[[D], Union[Literal[False], T]], message: str = \"\") -> T:\n        \"\"\"Wait until the method returns a value that is not False.\n    \n        Calls the method provided with the driver as an argument until the\n        return value does not evaluate to ``False``.\n    \n        Parameters:\n        ----------\n        method: callable(WebDriver)\n            - A callable object that takes a WebDriver instance as an argument.\n    \n        message: str\n            - Optional message for :exc:`TimeoutException`\n    \n        Return:\n        -------\n        object: T\n            - The result of the last call to `method`\n    \n        Raises:\n        -------\n        TimeoutException\n            - If 'method' does not return a truthy value within the WebDriverWait\n            object's timeout\n    \n        Example:\n        --------\n        >>> from selenium.webdriver.common.by import By\n        >>> from selenium.webdriver.support.ui import WebDriverWait\n        >>> from selenium.webdriver.support import expected_conditions as EC\n    \n        # Wait until an element is visible on the page\n        >>> wait = WebDriverWait(driver, 10)\n        >>> element = wait.until(EC.visibility_of_element_located((By.ID, \"exampleId\")))\n        >>> print(element.text)\n        \"\"\"\n        screen = None\n        stacktrace = None\n    \n        end_time = time.monotonic() + self._timeout\n        while True:\n            try:\n                value = method(self._driver)\n                if value:\n                    return value\n            except self._ignored_exceptions as exc:\n                screen = getattr(exc, \"screen\", None)\n                stacktrace = getattr(exc, \"stacktrace\", None)\n            if time.monotonic() > end_time:\n                break\n            time.sleep(self._poll)\n>       raise TimeoutException(message, screen, stacktrace)\nE       selenium.common.exceptions.TimeoutException: Message: \nE       Stacktrace:\nE       #0 0x55fff2e6353a <unknown>\nE       #1 0x55fff295ef00 <unknown>\nE       #2 0x55fff29aec0c <unknown>\nE       #3 0x55fff29aee31 <unknown>\nE       #4 0x55fff29f4bd4 <unknown>\nE       #5 0x55fff29d35cd <unknown>\nE       #6 0x55fff29f1f84 <unknown>\nE       #7 0x55fff29d3343 <unknown>\nE       #8 0x55fff29a078a <unknown>\nE       #9 0x55fff29a19de <unknown>\nE       #10 0x55fff2e2d2cb <unknown>\nE       #11 0x55fff2e31242 <unknown>\nE       #12 0x55fff2e1a7ac <unknown>\nE       #13 0x55fff2e31df7 <unknown>\nE       #14 0x55fff2dfeb2f <unknown>\nE       #15 0x55fff2e521a8 <unknown>\nE       #16 0x55fff2e52370 <unknown>\nE       #17 0x55fff2e623b6 <unknown>\nE       #18 0x7fbe5089ca94 <unknown>\nE       #19 0x7fbe50929c3c <unknown>\n\n.venv/lib/python3.12/site-packages/selenium/webdriver/support/wait.py:146: TimeoutException","flaky":false,"newFailed":false,"newBroken":false,"newPassed":false,"retriesCount":0,"retriesStatusChange":false,"beforeStages":[{"name":"_verify_url","time":{"start":1739237816213,"stop":1739237816214,"duration":1},"status":"passed","steps":[],"attachments":[],"parameters":[],"shouldDisplayMessage":false,"stepsCount":0,"attachmentsCount":0,"hasContent":false,"attachmentStep":false},{"name":"base_url","time":{"start":1739237816213,"stop":1739237816213,"duration":0},"status":"passed","steps":[],"attachments":[],"parameters":[],"shouldDisplayMessage":false,"stepsCount":0,"attachmentsCount":0,"hasContent":false,"attachmentStep":false},{"name":"data","time":{"start":1739237816214,"stop":1739237816215,"duration":1},"status":"passed","steps":[],"attachments":[],"parameters":[],"shouldDisplayMessage":false,"stepsCount":0,"attachmentsCount":0,"hasContent":false,"attachmentStep":false},{"name":"session_request","time":{"start":1739237816214,"stop":1739237816214,"duration":0},"status":"passed","steps":[],"attachments":[],"parameters":[],"shouldDisplayMessage":false,"stepsCount":0,"attachmentsCount":0,"hasContent":false,"attachmentStep":false}],"testStage":{"description":"Forgot password with a valid email address","status":"broken","statusMessage":"selenium.common.exceptions.TimeoutException: Message: \nStacktrace:\n#0 0x55fff2e6353a <unknown>\n#1 0x55fff295ef00 <unknown>\n#2 0x55fff29aec0c <unknown>\n#3 0x55fff29aee31 <unknown>\n#4 0x55fff29f4bd4 <unknown>\n#5 0x55fff29d35cd <unknown>\n#6 0x55fff29f1f84 <unknown>\n#7 0x55fff29d3343 <unknown>\n#8 0x55fff29a078a <unknown>\n#9 0x55fff29a19de <unknown>\n#10 0x55fff2e2d2cb <unknown>\n#11 0x55fff2e31242 <unknown>\n#12 0x55fff2e1a7ac <unknown>\n#13 0x55fff2e31df7 <unknown>\n#14 0x55fff2dfeb2f <unknown>\n#15 0x55fff2e521a8 <unknown>\n#16 0x55fff2e52370 <unknown>\n#17 0x55fff2e623b6 <unknown>\n#18 0x7fbe5089ca94 <unknown>\n#19 0x7fbe50929c3c <unknown>","statusTrace":"self = <tests.forgot_password_test.TestForgotPassword object at 0x7f87117b1d90>\ndata = Data(forgot_password=ForgotPassword(error_message=\"We can't find a user with that e-mail address.\", success_message='A...ct='Non Existing', page_title='My Workspace', project_name='test project', project_type='quiz', template_type='Blank'))\n\n    @allure.description(\"Forgot password with a valid email address\")\n    @allure.title(\"Forgot Password with valid email test\")\n    def test_valid_email(self, data: Data):\n>       self.about_page.click_login_link()\n\ntests/forgot_password_test.py:22: \n_ _ _ _ _ _ _ _ _ _ _ _ _ _ _ _ _ _ _ _ _ _ _ _ _ _ _ _ _ _ _ _ _ _ _ _ _ _ _ _ \npages/about_page.py:20: in click_login_link\n    self.click(self.LOGIN_LINK)\npages/base_page.py:60: in click\n    el: WebElement = self.wait.until(\n_ _ _ _ _ _ _ _ _ _ _ _ _ _ _ _ _ _ _ _ _ _ _ _ _ _ _ _ _ _ _ _ _ _ _ _ _ _ _ _ \n\nself = <selenium.webdriver.support.wait.WebDriverWait (session=\"28ffa1c15ee2199998abe69429f7e3c6\")>\nmethod = <function element_to_be_clickable.<locals>._predicate at 0x7f870f67d080>\nmessage = ''\n\n    def until(self, method: Callable[[D], Union[Literal[False], T]], message: str = \"\") -> T:\n        \"\"\"Wait until the method returns a value that is not False.\n    \n        Calls the method provided with the driver as an argument until the\n        return value does not evaluate to ``False``.\n    \n        Parameters:\n        ----------\n        method: callable(WebDriver)\n            - A callable object that takes a WebDriver instance as an argument.\n    \n        message: str\n            - Optional message for :exc:`TimeoutException`\n    \n        Return:\n        -------\n        object: T\n            - The result of the last call to `method`\n    \n        Raises:\n        -------\n        TimeoutException\n            - If 'method' does not return a truthy value within the WebDriverWait\n            object's timeout\n    \n        Example:\n        --------\n        >>> from selenium.webdriver.common.by import By\n        >>> from selenium.webdriver.support.ui import WebDriverWait\n        >>> from selenium.webdriver.support import expected_conditions as EC\n    \n        # Wait until an element is visible on the page\n        >>> wait = WebDriverWait(driver, 10)\n        >>> element = wait.until(EC.visibility_of_element_located((By.ID, \"exampleId\")))\n        >>> print(element.text)\n        \"\"\"\n        screen = None\n        stacktrace = None\n    \n        end_time = time.monotonic() + self._timeout\n        while True:\n            try:\n                value = method(self._driver)\n                if value:\n                    return value\n            except self._ignored_exceptions as exc:\n                screen = getattr(exc, \"screen\", None)\n                stacktrace = getattr(exc, \"stacktrace\", None)\n            if time.monotonic() > end_time:\n                break\n            time.sleep(self._poll)\n>       raise TimeoutException(message, screen, stacktrace)\nE       selenium.common.exceptions.TimeoutException: Message: \nE       Stacktrace:\nE       #0 0x55fff2e6353a <unknown>\nE       #1 0x55fff295ef00 <unknown>\nE       #2 0x55fff29aec0c <unknown>\nE       #3 0x55fff29aee31 <unknown>\nE       #4 0x55fff29f4bd4 <unknown>\nE       #5 0x55fff29d35cd <unknown>\nE       #6 0x55fff29f1f84 <unknown>\nE       #7 0x55fff29d3343 <unknown>\nE       #8 0x55fff29a078a <unknown>\nE       #9 0x55fff29a19de <unknown>\nE       #10 0x55fff2e2d2cb <unknown>\nE       #11 0x55fff2e31242 <unknown>\nE       #12 0x55fff2e1a7ac <unknown>\nE       #13 0x55fff2e31df7 <unknown>\nE       #14 0x55fff2dfeb2f <unknown>\nE       #15 0x55fff2e521a8 <unknown>\nE       #16 0x55fff2e52370 <unknown>\nE       #17 0x55fff2e623b6 <unknown>\nE       #18 0x7fbe5089ca94 <unknown>\nE       #19 0x7fbe50929c3c <unknown>\n\n.venv/lib/python3.12/site-packages/selenium/webdriver/support/wait.py:146: TimeoutException","steps":[{"name":"Click Login link","time":{"start":1739237816216,"stop":1739237826243,"duration":10027},"status":"broken","statusMessage":"selenium.common.exceptions.TimeoutException: Message: \nStacktrace:\n#0 0x55fff2e6353a <unknown>\n#1 0x55fff295ef00 <unknown>\n#2 0x55fff29aec0c <unknown>\n#3 0x55fff29aee31 <unknown>\n#4 0x55fff29f4bd4 <unknown>\n#5 0x55fff29d35cd <unknown>\n#6 0x55fff29f1f84 <unknown>\n#7 0x55fff29d3343 <unknown>\n#8 0x55fff29a078a <unknown>\n#9 0x55fff29a19de <unknown>\n#10 0x55fff2e2d2cb <unknown>\n#11 0x55fff2e31242 <unknown>\n#12 0x55fff2e1a7ac <unknown>\n#13 0x55fff2e31df7 <unknown>\n#14 0x55fff2dfeb2f <unknown>\n#15 0x55fff2e521a8 <unknown>\n#16 0x55fff2e52370 <unknown>\n#17 0x55fff2e623b6 <unknown>\n#18 0x7fbe5089ca94 <unknown>\n#19 0x7fbe50929c3c <unknown>\n\n","statusTrace":"  File \"/home/runner/work/Selenium-Python-Example/Selenium-Python-Example/.venv/lib/python3.12/site-packages/allure_commons/_allure.py\", line 192, in impl\n    return func(*a, **kw)\n           ^^^^^^^^^^^^^^\n  File \"/home/runner/work/Selenium-Python-Example/Selenium-Python-Example/pages/about_page.py\", line 20, in click_login_link\n    self.click(self.LOGIN_LINK)\n  File \"/home/runner/work/Selenium-Python-Example/Selenium-Python-Example/pages/base_page.py\", line 60, in click\n    el: WebElement = self.wait.until(\n                     ^^^^^^^^^^^^^^^^\n  File \"/home/runner/work/Selenium-Python-Example/Selenium-Python-Example/.venv/lib/python3.12/site-packages/selenium/webdriver/support/wait.py\", line 146, in until\n    raise TimeoutException(message, screen, stacktrace)\n","steps":[],"attachments":[],"parameters":[],"shouldDisplayMessage":true,"stepsCount":0,"attachmentsCount":0,"hasContent":true,"attachmentStep":false},{"name":"public ip address","time":{"start":1739237826306,"stop":1739237826458,"duration":152},"status":"passed","steps":[],"attachments":[{"uid":"11f06c297799cf16","name":"HTTP logs of http://checkip.amazonaws.com/","source":"11f06c297799cf16.txt","type":"text/plain","size":356}],"parameters":[],"shouldDisplayMessage":false,"stepsCount":0,"attachmentsCount":1,"hasContent":true,"attachmentStep":false}],"attachments":[{"uid":"b8bb4136c7fa756b","name":"Cookies","source":"b8bb4136c7fa756b.json","type":"application/json","size":4385},{"uid":"dc7a0b8129a0786c","name":"Session Storage","source":"dc7a0b8129a0786c.json","type":"application/json","size":359},{"uid":"a38042c4eb60b94","name":"Local Storage","source":"a38042c4eb60b94.json","type":"application/json","size":790},{"uid":"d1192fedb0424000","name":"Console Logs","source":"d1192fedb0424000.json","type":"application/json","size":236},{"uid":"134c5b861a7dd603","name":"Full Page Screenshot","source":"134c5b861a7dd603.png","type":"image/png","size":3997164},{"uid":"488a9fecd611e4bf","name":"URL","source":"488a9fecd611e4bf.uri","type":"text/uri-list","size":23},{"uid":"723a68def680fed4","name":"Network Logs","source":"723a68def680fed4.json","type":"application/json","size":6859772}],"parameters":[],"shouldDisplayMessage":true,"stepsCount":2,"attachmentsCount":8,"hasContent":true,"attachmentStep":false},"afterStages":[{"name":"session_request::0","time":{"start":1739237895278,"stop":1739237895278,"duration":0},"status":"passed","steps":[],"attachments":[],"parameters":[],"shouldDisplayMessage":false,"stepsCount":0,"attachmentsCount":0,"hasContent":false,"attachmentStep":false}],"labels":[{"name":"severity","value":"critical"},{"name":"subSuite","value":"Custom sub suite"},{"name":"parentSuite","value":"Custom parent suite"},{"name":"epic","value":"Security"},{"name":"suite","value":"Custom suite"},{"name":"story","value":"Forgot Password Feature's Functionality"},{"name":"tag","value":"security"},{"name":"host","value":"fv-az2023-331"},{"name":"thread","value":"2020-MainThread"},{"name":"framework","value":"pytest"},{"name":"language","value":"cpython3"},{"name":"package","value":"tests.forgot_password_test"},{"name":"resultFormat","value":"allure2"}],"parameters":[],"links":[],"hidden":false,"retry":false,"extra":{"severity":"critical","retries":[],"categories":[{"name":"Test defects","matchedStatuses":[],"flaky":false}],"tags":["security"]},"source":"b515a4f6b81150b2.json","parameterValues":[]}