{"uid":"6db9326eb7495f98","name":"Login with valid credentials test","fullName":"tests.login_test.TestLogin#test_valid_login","historyId":"18657c207d70aa57845e0b7f4751c290","time":{"start":1705713389440,"stop":1705713399696,"duration":10256},"description":"valid login","descriptionHtml":"<p>valid login</p>\n","status":"broken","statusMessage":"selenium.common.exceptions.TimeoutException: Message: \nStacktrace:\n#0 0x557efc469f83 <unknown>\n#1 0x557efc122cf7 <unknown>\n#2 0x557efc17299e <unknown>\n#3 0x557efc172aa1 <unknown>\n#4 0x557efc1bdd64 <unknown>\n#5 0x557efc19c0dd <unknown>\n#6 0x557efc1bb006 <unknown>\n#7 0x557efc19be53 <unknown>\n#8 0x557efc163dd4 <unknown>\n#9 0x557efc1651de <unknown>\n#10 0x557efc42e531 <unknown>\n#11 0x557efc432455 <unknown>\n#12 0x557efc41af55 <unknown>\n#13 0x557efc4330ef <unknown>\n#14 0x557efc3fe99f <unknown>\n#15 0x557efc457008 <unknown>\n#16 0x557efc4571d7 <unknown>\n#17 0x557efc469124 <unknown>\n#18 0x7f82f8094ac3 <unknown>","statusTrace":"self = <tests.login_test.TestLogin object at 0x7f262ef31790>\ndata = Data(forgot_password=ForgotPassword(error_message=\"We can't find a user with that e-mail address.\", success_message='A...iteria', non_existing_project='Non Existing', project_name='test project', project_type='quiz', template_type='Blank'))\n\n    @allure.description(\"valid login\")\n    @allure.title(\"Login with valid credentials test\")\n    @allure.tag(\"Tagged test\")\n    @pytest.mark.flaky(reruns=1)\n    def test_valid_login(self, data: Data):\n        self.about_page.set_geo_location(30.3079823, -97.893803)\n>       self.about_page.click_login_link()\n\ntests/login_test.py:44: \n_ _ _ _ _ _ _ _ _ _ _ _ _ _ _ _ _ _ _ _ _ _ _ _ _ _ _ _ _ _ _ _ _ _ _ _ _ _ _ _ \npages/about_page.py:20: in click_login_link\n    self.click(self.LOGIN_LINK)\npages/base_page.py:60: in click\n    el: WebElement = self.wait.until(\n_ _ _ _ _ _ _ _ _ _ _ _ _ _ _ _ _ _ _ _ _ _ _ _ _ _ _ _ _ _ _ _ _ _ _ _ _ _ _ _ \n\nself = <selenium.webdriver.support.wait.WebDriverWait (session=\"7539b72cfd5d5a2478ed2026c18dba9b\")>\nmethod = <function element_to_be_clickable.<locals>._predicate at 0x7f262ee27880>\nmessage = ''\n\n    def until(self, method: Callable[[D], Union[Literal[False], T]], message: str = \"\") -> T:\n        \"\"\"Calls the method provided with the driver as an argument until the \\\n        return value does not evaluate to ``False``.\n    \n        :param method: callable(WebDriver)\n        :param message: optional message for :exc:`TimeoutException`\n        :returns: the result of the last call to `method`\n        :raises: :exc:`selenium.common.exceptions.TimeoutException` if timeout occurs\n        \"\"\"\n        screen = None\n        stacktrace = None\n    \n        end_time = time.monotonic() + self._timeout\n        while True:\n            try:\n                value = method(self._driver)\n                if value:\n                    return value\n            except self._ignored_exceptions as exc:\n                screen = getattr(exc, \"screen\", None)\n                stacktrace = getattr(exc, \"stacktrace\", None)\n            time.sleep(self._poll)\n            if time.monotonic() > end_time:\n                break\n>       raise TimeoutException(message, screen, stacktrace)\nE       selenium.common.exceptions.TimeoutException: Message: \nE       Stacktrace:\nE       #0 0x557efc469f83 <unknown>\nE       #1 0x557efc122cf7 <unknown>\nE       #2 0x557efc17299e <unknown>\nE       #3 0x557efc172aa1 <unknown>\nE       #4 0x557efc1bdd64 <unknown>\nE       #5 0x557efc19c0dd <unknown>\nE       #6 0x557efc1bb006 <unknown>\nE       #7 0x557efc19be53 <unknown>\nE       #8 0x557efc163dd4 <unknown>\nE       #9 0x557efc1651de <unknown>\nE       #10 0x557efc42e531 <unknown>\nE       #11 0x557efc432455 <unknown>\nE       #12 0x557efc41af55 <unknown>\nE       #13 0x557efc4330ef <unknown>\nE       #14 0x557efc3fe99f <unknown>\nE       #15 0x557efc457008 <unknown>\nE       #16 0x557efc4571d7 <unknown>\nE       #17 0x557efc469124 <unknown>\nE       #18 0x7f82f8094ac3 <unknown>\n\n.venv/lib/python3.12/site-packages/selenium/webdriver/support/wait.py:105: TimeoutException","flaky":false,"newFailed":false,"newBroken":false,"newPassed":false,"retriesCount":1,"retriesStatusChange":false,"beforeStages":[{"name":"data","time":{"start":1705713164382,"stop":1705713164383,"duration":1},"status":"passed","steps":[],"attachments":[],"parameters":[],"shouldDisplayMessage":false,"stepsCount":0,"attachmentsCount":0,"hasContent":false,"attachmentStep":false},{"name":"_verify_url","time":{"start":1705713164382,"stop":1705713164382,"duration":0},"status":"passed","steps":[],"attachments":[],"parameters":[],"shouldDisplayMessage":false,"stepsCount":0,"attachmentsCount":0,"hasContent":false,"attachmentStep":false},{"name":"base_url","time":{"start":1705713164382,"stop":1705713164382,"duration":0},"status":"passed","steps":[],"attachments":[],"parameters":[],"shouldDisplayMessage":false,"stepsCount":0,"attachmentsCount":0,"hasContent":false,"attachmentStep":false}],"testStage":{"description":"valid login","status":"broken","statusMessage":"selenium.common.exceptions.TimeoutException: Message: \nStacktrace:\n#0 0x557efc469f83 <unknown>\n#1 0x557efc122cf7 <unknown>\n#2 0x557efc17299e <unknown>\n#3 0x557efc172aa1 <unknown>\n#4 0x557efc1bdd64 <unknown>\n#5 0x557efc19c0dd <unknown>\n#6 0x557efc1bb006 <unknown>\n#7 0x557efc19be53 <unknown>\n#8 0x557efc163dd4 <unknown>\n#9 0x557efc1651de <unknown>\n#10 0x557efc42e531 <unknown>\n#11 0x557efc432455 <unknown>\n#12 0x557efc41af55 <unknown>\n#13 0x557efc4330ef <unknown>\n#14 0x557efc3fe99f <unknown>\n#15 0x557efc457008 <unknown>\n#16 0x557efc4571d7 <unknown>\n#17 0x557efc469124 <unknown>\n#18 0x7f82f8094ac3 <unknown>","statusTrace":"self = <tests.login_test.TestLogin object at 0x7f262ef31790>\ndata = Data(forgot_password=ForgotPassword(error_message=\"We can't find a user with that e-mail address.\", success_message='A...iteria', non_existing_project='Non Existing', project_name='test project', project_type='quiz', template_type='Blank'))\n\n    @allure.description(\"valid login\")\n    @allure.title(\"Login with valid credentials test\")\n    @allure.tag(\"Tagged test\")\n    @pytest.mark.flaky(reruns=1)\n    def test_valid_login(self, data: Data):\n        self.about_page.set_geo_location(30.3079823, -97.893803)\n>       self.about_page.click_login_link()\n\ntests/login_test.py:44: \n_ _ _ _ _ _ _ _ _ _ _ _ _ _ _ _ _ _ _ _ _ _ _ _ _ _ _ _ _ _ _ _ _ _ _ _ _ _ _ _ \npages/about_page.py:20: in click_login_link\n    self.click(self.LOGIN_LINK)\npages/base_page.py:60: in click\n    el: WebElement = self.wait.until(\n_ _ _ _ _ _ _ _ _ _ _ _ _ _ _ _ _ _ _ _ _ _ _ _ _ _ _ _ _ _ _ _ _ _ _ _ _ _ _ _ \n\nself = <selenium.webdriver.support.wait.WebDriverWait (session=\"7539b72cfd5d5a2478ed2026c18dba9b\")>\nmethod = <function element_to_be_clickable.<locals>._predicate at 0x7f262ee27880>\nmessage = ''\n\n    def until(self, method: Callable[[D], Union[Literal[False], T]], message: str = \"\") -> T:\n        \"\"\"Calls the method provided with the driver as an argument until the \\\n        return value does not evaluate to ``False``.\n    \n        :param method: callable(WebDriver)\n        :param message: optional message for :exc:`TimeoutException`\n        :returns: the result of the last call to `method`\n        :raises: :exc:`selenium.common.exceptions.TimeoutException` if timeout occurs\n        \"\"\"\n        screen = None\n        stacktrace = None\n    \n        end_time = time.monotonic() + self._timeout\n        while True:\n            try:\n                value = method(self._driver)\n                if value:\n                    return value\n            except self._ignored_exceptions as exc:\n                screen = getattr(exc, \"screen\", None)\n                stacktrace = getattr(exc, \"stacktrace\", None)\n            time.sleep(self._poll)\n            if time.monotonic() > end_time:\n                break\n>       raise TimeoutException(message, screen, stacktrace)\nE       selenium.common.exceptions.TimeoutException: Message: \nE       Stacktrace:\nE       #0 0x557efc469f83 <unknown>\nE       #1 0x557efc122cf7 <unknown>\nE       #2 0x557efc17299e <unknown>\nE       #3 0x557efc172aa1 <unknown>\nE       #4 0x557efc1bdd64 <unknown>\nE       #5 0x557efc19c0dd <unknown>\nE       #6 0x557efc1bb006 <unknown>\nE       #7 0x557efc19be53 <unknown>\nE       #8 0x557efc163dd4 <unknown>\nE       #9 0x557efc1651de <unknown>\nE       #10 0x557efc42e531 <unknown>\nE       #11 0x557efc432455 <unknown>\nE       #12 0x557efc41af55 <unknown>\nE       #13 0x557efc4330ef <unknown>\nE       #14 0x557efc3fe99f <unknown>\nE       #15 0x557efc457008 <unknown>\nE       #16 0x557efc4571d7 <unknown>\nE       #17 0x557efc469124 <unknown>\nE       #18 0x7f82f8094ac3 <unknown>\n\n.venv/lib/python3.12/site-packages/selenium/webdriver/support/wait.py:105: TimeoutException","steps":[{"name":"Click Login link","time":{"start":1705713389454,"stop":1705713399696,"duration":10242},"status":"broken","statusMessage":"selenium.common.exceptions.TimeoutException: Message: \nStacktrace:\n#0 0x557efc469f83 <unknown>\n#1 0x557efc122cf7 <unknown>\n#2 0x557efc17299e <unknown>\n#3 0x557efc172aa1 <unknown>\n#4 0x557efc1bdd64 <unknown>\n#5 0x557efc19c0dd <unknown>\n#6 0x557efc1bb006 <unknown>\n#7 0x557efc19be53 <unknown>\n#8 0x557efc163dd4 <unknown>\n#9 0x557efc1651de <unknown>\n#10 0x557efc42e531 <unknown>\n#11 0x557efc432455 <unknown>\n#12 0x557efc41af55 <unknown>\n#13 0x557efc4330ef <unknown>\n#14 0x557efc3fe99f <unknown>\n#15 0x557efc457008 <unknown>\n#16 0x557efc4571d7 <unknown>\n#17 0x557efc469124 <unknown>\n#18 0x7f82f8094ac3 <unknown>\n\n","statusTrace":"  File \"/home/runner/work/Selenium-Python-Example/Selenium-Python-Example/.venv/lib/python3.12/site-packages/allure_commons/_allure.py\", line 192, in impl\n    return func(*a, **kw)\n           ^^^^^^^^^^^^^^\n  File \"/home/runner/work/Selenium-Python-Example/Selenium-Python-Example/pages/about_page.py\", line 20, in click_login_link\n    self.click(self.LOGIN_LINK)\n  File \"/home/runner/work/Selenium-Python-Example/Selenium-Python-Example/pages/base_page.py\", line 60, in click\n    el: WebElement = self.wait.until(\n                     ^^^^^^^^^^^^^^^^\n  File \"/home/runner/work/Selenium-Python-Example/Selenium-Python-Example/.venv/lib/python3.12/site-packages/selenium/webdriver/support/wait.py\", line 105, in until\n    raise TimeoutException(message, screen, stacktrace)\n","steps":[],"attachments":[],"parameters":[],"shouldDisplayMessage":true,"stepsCount":0,"attachmentsCount":0,"hasContent":true,"attachmentStep":false}],"attachments":[{"uid":"ae29ec3c97e8829","name":"public ip address","source":"ae29ec3c97e8829.txt","type":"text/plain","size":13},{"uid":"4da6ae4143d31df9","name":"Cookies","source":"4da6ae4143d31df9.json","type":"application/json","size":3872},{"uid":"56735c990f0ed119","name":"Session Storage","source":"56735c990f0ed119.json","type":"application/json","size":359},{"uid":"a8fa7f20a231f224","name":"Local Storage","source":"a8fa7f20a231f224.json","type":"application/json","size":208},{"uid":"2b75b9a96d0ad2fc","name":"Console Logs","source":"2b75b9a96d0ad2fc.json","type":"application/json","size":2},{"uid":"b14dae8015c3cca4","name":"Full Page Screenshot","source":"b14dae8015c3cca4.png","type":"image/png","size":5704375},{"uid":"40b1640e63082040","name":"URL","source":"40b1640e63082040.uri","type":"text/uri-list","size":23},{"uid":"e4a45000093acce7","name":"Network Logs","source":"e4a45000093acce7.json","type":"application/json","size":23176}],"parameters":[],"shouldDisplayMessage":true,"stepsCount":1,"attachmentsCount":8,"hasContent":true,"attachmentStep":false},"afterStages":[],"labels":[{"name":"severity","value":"blocker"},{"name":"epic","value":"Security"},{"name":"feature","value":"Login"},{"name":"tag","value":"Tagged test"},{"name":"tag","value":"flaky(reruns=1)"},{"name":"tag","value":"security"},{"name":"parentSuite","value":"tests"},{"name":"suite","value":"login_test"},{"name":"subSuite","value":"TestLogin"},{"name":"host","value":"fv-az885-711"},{"name":"thread","value":"2320-MainThread"},{"name":"framework","value":"pytest"},{"name":"language","value":"cpython3"},{"name":"package","value":"tests.login_test"},{"name":"resultFormat","value":"allure2"}],"parameters":[],"links":[],"hidden":false,"retry":false,"extra":{"severity":"blocker","retries":[{"uid":"968ed40c38f2e0d3","status":"broken","statusDetails":"selenium.common.exceptions.TimeoutException: Message: \nStacktrace:\n#0 0x5645805e3f83 <unknown>\n#1 0x56458029ccf7 <unknown>\n#2 0x5645802ec99e <unknown>\n#3 0x5645802ecaa1 <unknown>\n#4 0x564580337d64 <unknown>\n#5 0x5645803160dd <unknown>\n#6 0x564580335006 <unknown>\n#7 0x564580315e53 <unknown>\n#8 0x5645802dddd4 <unknown>\n#9 0x5645802df1de <unknown>\n#10 0x5645805a8531 <unknown>\n#11 0x5645805ac455 <unknown>\n#12 0x564580594f55 <unknown>\n#13 0x5645805ad0ef <unknown>\n#14 0x56458057899f <unknown>\n#15 0x5645805d1008 <unknown>\n#16 0x5645805d11d7 <unknown>\n#17 0x5645805e3124 <unknown>\n#18 0x7f3c74294ac3 <unknown>","time":{"start":1705713373411,"stop":1705713383689,"duration":10278}}],"categories":[{"name":"Test defects","matchedStatuses":[],"flaky":false}],"tags":["security","Tagged test","flaky(reruns=1)"]},"source":"6db9326eb7495f98.json","parameterValues":[]}