{"uid":"da4d67f00bf80f61","name":"Create new workspace test","fullName":"tests.workspaces_test.TestWorkspaces#test_create_new_workspace","historyId":"e1f088bc30a040de4100d958931562b3","time":{"start":1705713160565,"stop":1705713160565,"duration":0},"description":"Create new Workspace","descriptionHtml":"<p>Create new Workspace</p>\n","status":"broken","statusMessage":"selenium.common.exceptions.TimeoutException: Message: \nStacktrace:\n#0 0x55c8ad328f83 <unknown>\n#1 0x55c8acfe1cf7 <unknown>\n#2 0x55c8ad03199e <unknown>\n#3 0x55c8ad031aa1 <unknown>\n#4 0x55c8ad07cd64 <unknown>\n#5 0x55c8ad05b0dd <unknown>\n#6 0x55c8ad07a006 <unknown>\n#7 0x55c8ad05ae53 <unknown>\n#8 0x55c8ad022dd4 <unknown>\n#9 0x55c8ad0241de <unknown>\n#10 0x55c8ad2ed531 <unknown>\n#11 0x55c8ad2f1455 <unknown>\n#12 0x55c8ad2d9f55 <unknown>\n#13 0x55c8ad2f20ef <unknown>\n#14 0x55c8ad2bd99f <unknown>\n#15 0x55c8ad316008 <unknown>\n#16 0x55c8ad3161d7 <unknown>\n#17 0x55c8ad328124 <unknown>\n#18 0x7fcf57c94ac3 <unknown>","statusTrace":"self = <tests.workspaces_test.TestWorkspaces object at 0x7f262ef32d80>\n\n    @pytest.fixture(autouse=True)\n    def setup_method_fixture(self):\n>       login(self.about_page, self.login_page)\n\ntests/workspaces_test.py:25: \n_ _ _ _ _ _ _ _ _ _ _ _ _ _ _ _ _ _ _ _ _ _ _ _ _ _ _ _ _ _ _ _ _ _ _ _ _ _ _ _ \ntests/workspaces_test.py:15: in login\n    about_page.click_login_link()\npages/about_page.py:20: in click_login_link\n    self.click(self.LOGIN_LINK)\npages/base_page.py:60: in click\n    el: WebElement = self.wait.until(\n_ _ _ _ _ _ _ _ _ _ _ _ _ _ _ _ _ _ _ _ _ _ _ _ _ _ _ _ _ _ _ _ _ _ _ _ _ _ _ _ \n\nself = <selenium.webdriver.support.wait.WebDriverWait (session=\"f49ab671f89f73e94aa17ffff5862614\")>\nmethod = <function element_to_be_clickable.<locals>._predicate at 0x7f262ed3eb60>\nmessage = ''\n\n    def until(self, method: Callable[[D], Union[Literal[False], T]], message: str = \"\") -> T:\n        \"\"\"Calls the method provided with the driver as an argument until the \\\n        return value does not evaluate to ``False``.\n    \n        :param method: callable(WebDriver)\n        :param message: optional message for :exc:`TimeoutException`\n        :returns: the result of the last call to `method`\n        :raises: :exc:`selenium.common.exceptions.TimeoutException` if timeout occurs\n        \"\"\"\n        screen = None\n        stacktrace = None\n    \n        end_time = time.monotonic() + self._timeout\n        while True:\n            try:\n                value = method(self._driver)\n                if value:\n                    return value\n            except self._ignored_exceptions as exc:\n                screen = getattr(exc, \"screen\", None)\n                stacktrace = getattr(exc, \"stacktrace\", None)\n            time.sleep(self._poll)\n            if time.monotonic() > end_time:\n                break\n>       raise TimeoutException(message, screen, stacktrace)\nE       selenium.common.exceptions.TimeoutException: Message: \nE       Stacktrace:\nE       #0 0x55c8ad328f83 <unknown>\nE       #1 0x55c8acfe1cf7 <unknown>\nE       #2 0x55c8ad03199e <unknown>\nE       #3 0x55c8ad031aa1 <unknown>\nE       #4 0x55c8ad07cd64 <unknown>\nE       #5 0x55c8ad05b0dd <unknown>\nE       #6 0x55c8ad07a006 <unknown>\nE       #7 0x55c8ad05ae53 <unknown>\nE       #8 0x55c8ad022dd4 <unknown>\nE       #9 0x55c8ad0241de <unknown>\nE       #10 0x55c8ad2ed531 <unknown>\nE       #11 0x55c8ad2f1455 <unknown>\nE       #12 0x55c8ad2d9f55 <unknown>\nE       #13 0x55c8ad2f20ef <unknown>\nE       #14 0x55c8ad2bd99f <unknown>\nE       #15 0x55c8ad316008 <unknown>\nE       #16 0x55c8ad3161d7 <unknown>\nE       #17 0x55c8ad328124 <unknown>\nE       #18 0x7fcf57c94ac3 <unknown>\n\n.venv/lib/python3.12/site-packages/selenium/webdriver/support/wait.py:105: TimeoutException","flaky":false,"newFailed":false,"newBroken":false,"newPassed":false,"retriesCount":0,"retriesStatusChange":false,"beforeStages":[{"name":"data","time":{"start":1705713164382,"stop":1705713164383,"duration":1},"status":"passed","steps":[],"attachments":[],"parameters":[],"shouldDisplayMessage":false,"stepsCount":0,"attachmentsCount":0,"hasContent":false,"attachmentStep":false},{"name":"_verify_url","time":{"start":1705713164382,"stop":1705713164382,"duration":0},"status":"passed","steps":[],"attachments":[],"parameters":[],"shouldDisplayMessage":false,"stepsCount":0,"attachmentsCount":0,"hasContent":false,"attachmentStep":false},{"name":"base_url","time":{"start":1705713164382,"stop":1705713164382,"duration":0},"status":"passed","steps":[],"attachments":[],"parameters":[],"shouldDisplayMessage":false,"stepsCount":0,"attachmentsCount":0,"hasContent":false,"attachmentStep":false},{"name":"setup_method_fixture","time":{"start":1705713164383,"stop":1705713174613,"duration":10230},"status":"broken","statusMessage":"selenium.common.exceptions.TimeoutException: Message: \nStacktrace:\n#0 0x55c8ad328f83 <unknown>\n#1 0x55c8acfe1cf7 <unknown>\n#2 0x55c8ad03199e <unknown>\n#3 0x55c8ad031aa1 <unknown>\n#4 0x55c8ad07cd64 <unknown>\n#5 0x55c8ad05b0dd <unknown>\n#6 0x55c8ad07a006 <unknown>\n#7 0x55c8ad05ae53 <unknown>\n#8 0x55c8ad022dd4 <unknown>\n#9 0x55c8ad0241de <unknown>\n#10 0x55c8ad2ed531 <unknown>\n#11 0x55c8ad2f1455 <unknown>\n#12 0x55c8ad2d9f55 <unknown>\n#13 0x55c8ad2f20ef <unknown>\n#14 0x55c8ad2bd99f <unknown>\n#15 0x55c8ad316008 <unknown>\n#16 0x55c8ad3161d7 <unknown>\n#17 0x55c8ad328124 <unknown>\n#18 0x7fcf57c94ac3 <unknown>\n\n","statusTrace":"  File \"/home/runner/work/Selenium-Python-Example/Selenium-Python-Example/.venv/lib/python3.12/site-packages/pluggy/_callers.py\", line 77, in _multicall\n    res = hook_impl.function(*args)\n          ^^^^^^^^^^^^^^^^^^^^^^^^^\n  File \"/home/runner/work/Selenium-Python-Example/Selenium-Python-Example/.venv/lib/python3.12/site-packages/_pytest/fixtures.py\", line 1123, in pytest_fixture_setup\n    result = call_fixture_func(fixturefunc, request, kwargs)\n             ^^^^^^^^^^^^^^^^^^^^^^^^^^^^^^^^^^^^^^^^^^^^^^^\n  File \"/home/runner/work/Selenium-Python-Example/Selenium-Python-Example/.venv/lib/python3.12/site-packages/_pytest/fixtures.py\", line 902, in call_fixture_func\n    fixture_result = fixturefunc(**kwargs)\n                     ^^^^^^^^^^^^^^^^^^^^^\n  File \"/home/runner/work/Selenium-Python-Example/Selenium-Python-Example/tests/workspaces_test.py\", line 25, in setup_method_fixture\n    login(self.about_page, self.login_page)\n  File \"/home/runner/work/Selenium-Python-Example/Selenium-Python-Example/tests/workspaces_test.py\", line 15, in login\n    about_page.click_login_link()\n  File \"/home/runner/work/Selenium-Python-Example/Selenium-Python-Example/.venv/lib/python3.12/site-packages/allure_commons/_allure.py\", line 192, in impl\n    return func(*a, **kw)\n           ^^^^^^^^^^^^^^\n  File \"/home/runner/work/Selenium-Python-Example/Selenium-Python-Example/pages/about_page.py\", line 20, in click_login_link\n    self.click(self.LOGIN_LINK)\n  File \"/home/runner/work/Selenium-Python-Example/Selenium-Python-Example/pages/base_page.py\", line 60, in click\n    el: WebElement = self.wait.until(\n                     ^^^^^^^^^^^^^^^^\n  File \"/home/runner/work/Selenium-Python-Example/Selenium-Python-Example/.venv/lib/python3.12/site-packages/selenium/webdriver/support/wait.py\", line 105, in until\n    raise TimeoutException(message, screen, stacktrace)\n","steps":[{"name":"Click Login link","time":{"start":1705713164383,"stop":1705713174612,"duration":10229},"status":"broken","statusMessage":"selenium.common.exceptions.TimeoutException: Message: \nStacktrace:\n#0 0x55c8ad328f83 <unknown>\n#1 0x55c8acfe1cf7 <unknown>\n#2 0x55c8ad03199e <unknown>\n#3 0x55c8ad031aa1 <unknown>\n#4 0x55c8ad07cd64 <unknown>\n#5 0x55c8ad05b0dd <unknown>\n#6 0x55c8ad07a006 <unknown>\n#7 0x55c8ad05ae53 <unknown>\n#8 0x55c8ad022dd4 <unknown>\n#9 0x55c8ad0241de <unknown>\n#10 0x55c8ad2ed531 <unknown>\n#11 0x55c8ad2f1455 <unknown>\n#12 0x55c8ad2d9f55 <unknown>\n#13 0x55c8ad2f20ef <unknown>\n#14 0x55c8ad2bd99f <unknown>\n#15 0x55c8ad316008 <unknown>\n#16 0x55c8ad3161d7 <unknown>\n#17 0x55c8ad328124 <unknown>\n#18 0x7fcf57c94ac3 <unknown>\n\n","statusTrace":"  File \"/home/runner/work/Selenium-Python-Example/Selenium-Python-Example/.venv/lib/python3.12/site-packages/allure_commons/_allure.py\", line 192, in impl\n    return func(*a, **kw)\n           ^^^^^^^^^^^^^^\n  File \"/home/runner/work/Selenium-Python-Example/Selenium-Python-Example/pages/about_page.py\", line 20, in click_login_link\n    self.click(self.LOGIN_LINK)\n  File \"/home/runner/work/Selenium-Python-Example/Selenium-Python-Example/pages/base_page.py\", line 60, in click\n    el: WebElement = self.wait.until(\n                     ^^^^^^^^^^^^^^^^\n  File \"/home/runner/work/Selenium-Python-Example/Selenium-Python-Example/.venv/lib/python3.12/site-packages/selenium/webdriver/support/wait.py\", line 105, in until\n    raise TimeoutException(message, screen, stacktrace)\n","steps":[],"attachments":[],"parameters":[],"shouldDisplayMessage":true,"stepsCount":0,"attachmentsCount":0,"hasContent":true,"attachmentStep":false}],"attachments":[],"parameters":[],"shouldDisplayMessage":false,"stepsCount":1,"attachmentsCount":0,"hasContent":true,"attachmentStep":false}],"testStage":{"description":"Create new Workspace","status":"broken","statusMessage":"selenium.common.exceptions.TimeoutException: Message: \nStacktrace:\n#0 0x55c8ad328f83 <unknown>\n#1 0x55c8acfe1cf7 <unknown>\n#2 0x55c8ad03199e <unknown>\n#3 0x55c8ad031aa1 <unknown>\n#4 0x55c8ad07cd64 <unknown>\n#5 0x55c8ad05b0dd <unknown>\n#6 0x55c8ad07a006 <unknown>\n#7 0x55c8ad05ae53 <unknown>\n#8 0x55c8ad022dd4 <unknown>\n#9 0x55c8ad0241de <unknown>\n#10 0x55c8ad2ed531 <unknown>\n#11 0x55c8ad2f1455 <unknown>\n#12 0x55c8ad2d9f55 <unknown>\n#13 0x55c8ad2f20ef <unknown>\n#14 0x55c8ad2bd99f <unknown>\n#15 0x55c8ad316008 <unknown>\n#16 0x55c8ad3161d7 <unknown>\n#17 0x55c8ad328124 <unknown>\n#18 0x7fcf57c94ac3 <unknown>","statusTrace":"self = <tests.workspaces_test.TestWorkspaces object at 0x7f262ef32d80>\n\n    @pytest.fixture(autouse=True)\n    def setup_method_fixture(self):\n>       login(self.about_page, self.login_page)\n\ntests/workspaces_test.py:25: \n_ _ _ _ _ _ _ _ _ _ _ _ _ _ _ _ _ _ _ _ _ _ _ _ _ _ _ _ _ _ _ _ _ _ _ _ _ _ _ _ \ntests/workspaces_test.py:15: in login\n    about_page.click_login_link()\npages/about_page.py:20: in click_login_link\n    self.click(self.LOGIN_LINK)\npages/base_page.py:60: in click\n    el: WebElement = self.wait.until(\n_ _ _ _ _ _ _ _ _ _ _ _ _ _ _ _ _ _ _ _ _ _ _ _ _ _ _ _ _ _ _ _ _ _ _ _ _ _ _ _ \n\nself = <selenium.webdriver.support.wait.WebDriverWait (session=\"f49ab671f89f73e94aa17ffff5862614\")>\nmethod = <function element_to_be_clickable.<locals>._predicate at 0x7f262ed3eb60>\nmessage = ''\n\n    def until(self, method: Callable[[D], Union[Literal[False], T]], message: str = \"\") -> T:\n        \"\"\"Calls the method provided with the driver as an argument until the \\\n        return value does not evaluate to ``False``.\n    \n        :param method: callable(WebDriver)\n        :param message: optional message for :exc:`TimeoutException`\n        :returns: the result of the last call to `method`\n        :raises: :exc:`selenium.common.exceptions.TimeoutException` if timeout occurs\n        \"\"\"\n        screen = None\n        stacktrace = None\n    \n        end_time = time.monotonic() + self._timeout\n        while True:\n            try:\n                value = method(self._driver)\n                if value:\n                    return value\n            except self._ignored_exceptions as exc:\n                screen = getattr(exc, \"screen\", None)\n                stacktrace = getattr(exc, \"stacktrace\", None)\n            time.sleep(self._poll)\n            if time.monotonic() > end_time:\n                break\n>       raise TimeoutException(message, screen, stacktrace)\nE       selenium.common.exceptions.TimeoutException: Message: \nE       Stacktrace:\nE       #0 0x55c8ad328f83 <unknown>\nE       #1 0x55c8acfe1cf7 <unknown>\nE       #2 0x55c8ad03199e <unknown>\nE       #3 0x55c8ad031aa1 <unknown>\nE       #4 0x55c8ad07cd64 <unknown>\nE       #5 0x55c8ad05b0dd <unknown>\nE       #6 0x55c8ad07a006 <unknown>\nE       #7 0x55c8ad05ae53 <unknown>\nE       #8 0x55c8ad022dd4 <unknown>\nE       #9 0x55c8ad0241de <unknown>\nE       #10 0x55c8ad2ed531 <unknown>\nE       #11 0x55c8ad2f1455 <unknown>\nE       #12 0x55c8ad2d9f55 <unknown>\nE       #13 0x55c8ad2f20ef <unknown>\nE       #14 0x55c8ad2bd99f <unknown>\nE       #15 0x55c8ad316008 <unknown>\nE       #16 0x55c8ad3161d7 <unknown>\nE       #17 0x55c8ad328124 <unknown>\nE       #18 0x7fcf57c94ac3 <unknown>\n\n.venv/lib/python3.12/site-packages/selenium/webdriver/support/wait.py:105: TimeoutException","steps":[],"attachments":[{"uid":"746a89c5f3b73d4c","name":"public ip address","source":"746a89c5f3b73d4c.txt","type":"text/plain","size":13},{"uid":"66b7e0c02cfb4c3f","name":"Cookies","source":"66b7e0c02cfb4c3f.json","type":"application/json","size":3872},{"uid":"87a21d382d236409","name":"Session Storage","source":"87a21d382d236409.json","type":"application/json","size":359},{"uid":"dd81c96988f35119","name":"Local Storage","source":"dd81c96988f35119.json","type":"application/json","size":208},{"uid":"729a1445df3bd4d7","name":"Console Logs","source":"729a1445df3bd4d7.json","type":"application/json","size":2},{"uid":"a3ec8ac1de605f5e","name":"Full Page Screenshot","source":"a3ec8ac1de605f5e.png","type":"image/png","size":5695235},{"uid":"8714b294f810062a","name":"URL","source":"8714b294f810062a.uri","type":"text/uri-list","size":23},{"uid":"10630e99d856ddcd","name":"Network Logs","source":"10630e99d856ddcd.json","type":"application/json","size":23153}],"parameters":[],"shouldDisplayMessage":true,"stepsCount":0,"attachmentsCount":8,"hasContent":true,"attachmentStep":false},"afterStages":[],"labels":[{"name":"story","value":"WorkSpaces Creation and Editing Functionality"},{"name":"severity","value":"normal"},{"name":"epic","value":"Workspaces"},{"name":"tag","value":"run(order=1)"},{"name":"parentSuite","value":"tests"},{"name":"suite","value":"workspaces_test"},{"name":"subSuite","value":"TestWorkspaces"},{"name":"host","value":"fv-az885-711"},{"name":"thread","value":"2320-MainThread"},{"name":"framework","value":"pytest"},{"name":"language","value":"cpython3"},{"name":"package","value":"tests.workspaces_test"},{"name":"resultFormat","value":"allure2"}],"parameters":[],"links":[],"hidden":false,"retry":false,"extra":{"severity":"normal","retries":[],"categories":[{"name":"Test defects","matchedStatuses":[],"flaky":false}],"tags":["run(order=1)"]},"source":"da4d67f00bf80f61.json","parameterValues":[]}