{"uid":"c13b3f377c15628","name":"Login with valid credentials test","fullName":"tests.login_test.TestLogin#test_valid_login","historyId":"18657c207d70aa57845e0b7f4751c290","time":{"start":1708391444487,"stop":1708391454750,"duration":10263},"description":"valid login","descriptionHtml":"<p>valid login</p>\n","status":"broken","statusMessage":"selenium.common.exceptions.TimeoutException: Message: \nStacktrace:\n#0 0x5617aba83d93 <unknown>\n#1 0x5617ab767337 <unknown>\n#2 0x5617ab7b2d60 <unknown>\n#3 0x5617ab7b2e51 <unknown>\n#4 0x5617ab7f6bc4 <unknown>\n#5 0x5617ab7d546d <unknown>\n#6 0x5617ab7f412d <unknown>\n#7 0x5617ab7d51e3 <unknown>\n#8 0x5617ab7a5135 <unknown>\n#9 0x5617ab7a613e <unknown>\n#10 0x5617aba47e4b <unknown>\n#11 0x5617aba4bdfa <unknown>\n#12 0x5617aba346d5 <unknown>\n#13 0x5617aba4ca6f <unknown>\n#14 0x5617aba1869f <unknown>\n#15 0x5617aba71098 <unknown>\n#16 0x5617aba71262 <unknown>\n#17 0x5617aba82f34 <unknown>\n#18 0x7f2c7a894ac3 <unknown>","statusTrace":"self = <tests.login_test.TestLogin object at 0x7fbca146a420>\ndata = Data(forgot_password=ForgotPassword(error_message=\"We can't find a user with that e-mail address.\", success_message='A...ct='Non Existing', page_title='My Workspace', project_name='test project', project_type='quiz', template_type='Blank'))\n\n    @allure.description(\"valid login\")\n    @allure.title(\"Login with valid credentials test\")\n    @allure.tag(\"Tagged test\")\n    @pytest.mark.flaky(reruns=1)\n    def test_valid_login(self, data: Data):\n        self.about_page.set_geo_location(30.3079823, -97.893803)\n>       self.about_page.click_login_link()\n\ntests/login_test.py:43: \n_ _ _ _ _ _ _ _ _ _ _ _ _ _ _ _ _ _ _ _ _ _ _ _ _ _ _ _ _ _ _ _ _ _ _ _ _ _ _ _ \npages/about_page.py:20: in click_login_link\n    self.click(self.LOGIN_LINK)\npages/base_page.py:60: in click\n    el: WebElement = self.wait.until(\n_ _ _ _ _ _ _ _ _ _ _ _ _ _ _ _ _ _ _ _ _ _ _ _ _ _ _ _ _ _ _ _ _ _ _ _ _ _ _ _ \n\nself = <selenium.webdriver.support.wait.WebDriverWait (session=\"025b57eb7c4d80e9838056d0e37cb948\")>\nmethod = <function element_to_be_clickable.<locals>._predicate at 0x7fbca09dff60>\nmessage = ''\n\n    def until(self, method: Callable[[D], Union[Literal[False], T]], message: str = \"\") -> T:\n        \"\"\"Calls the method provided with the driver as an argument until the \\\n        return value does not evaluate to ``False``.\n    \n        :param method: callable(WebDriver)\n        :param message: optional message for :exc:`TimeoutException`\n        :returns: the result of the last call to `method`\n        :raises: :exc:`selenium.common.exceptions.TimeoutException` if timeout occurs\n        \"\"\"\n        screen = None\n        stacktrace = None\n    \n        end_time = time.monotonic() + self._timeout\n        while True:\n            try:\n                value = method(self._driver)\n                if value:\n                    return value\n            except self._ignored_exceptions as exc:\n                screen = getattr(exc, \"screen\", None)\n                stacktrace = getattr(exc, \"stacktrace\", None)\n            time.sleep(self._poll)\n            if time.monotonic() > end_time:\n                break\n>       raise TimeoutException(message, screen, stacktrace)\nE       selenium.common.exceptions.TimeoutException: Message: \nE       Stacktrace:\nE       #0 0x5617aba83d93 <unknown>\nE       #1 0x5617ab767337 <unknown>\nE       #2 0x5617ab7b2d60 <unknown>\nE       #3 0x5617ab7b2e51 <unknown>\nE       #4 0x5617ab7f6bc4 <unknown>\nE       #5 0x5617ab7d546d <unknown>\nE       #6 0x5617ab7f412d <unknown>\nE       #7 0x5617ab7d51e3 <unknown>\nE       #8 0x5617ab7a5135 <unknown>\nE       #9 0x5617ab7a613e <unknown>\nE       #10 0x5617aba47e4b <unknown>\nE       #11 0x5617aba4bdfa <unknown>\nE       #12 0x5617aba346d5 <unknown>\nE       #13 0x5617aba4ca6f <unknown>\nE       #14 0x5617aba1869f <unknown>\nE       #15 0x5617aba71098 <unknown>\nE       #16 0x5617aba71262 <unknown>\nE       #17 0x5617aba82f34 <unknown>\nE       #18 0x7f2c7a894ac3 <unknown>\n\n.venv/lib/python3.12/site-packages/selenium/webdriver/support/wait.py:105: TimeoutException","flaky":false,"newFailed":false,"newBroken":false,"newPassed":false,"retriesCount":0,"retriesStatusChange":false,"beforeStages":[{"name":"data","time":{"start":1708391213923,"stop":1708391213924,"duration":1},"status":"passed","steps":[],"attachments":[],"parameters":[],"shouldDisplayMessage":false,"stepsCount":0,"attachmentsCount":0,"hasContent":false,"attachmentStep":false},{"name":"base_url","time":{"start":1708391213923,"stop":1708391213923,"duration":0},"status":"passed","steps":[],"attachments":[],"parameters":[],"shouldDisplayMessage":false,"stepsCount":0,"attachmentsCount":0,"hasContent":false,"attachmentStep":false},{"name":"_verify_url","time":{"start":1708391213923,"stop":1708391213923,"duration":0},"status":"passed","steps":[],"attachments":[],"parameters":[],"shouldDisplayMessage":false,"stepsCount":0,"attachmentsCount":0,"hasContent":false,"attachmentStep":false}],"testStage":{"description":"valid login","status":"broken","statusMessage":"selenium.common.exceptions.TimeoutException: Message: \nStacktrace:\n#0 0x5617aba83d93 <unknown>\n#1 0x5617ab767337 <unknown>\n#2 0x5617ab7b2d60 <unknown>\n#3 0x5617ab7b2e51 <unknown>\n#4 0x5617ab7f6bc4 <unknown>\n#5 0x5617ab7d546d <unknown>\n#6 0x5617ab7f412d <unknown>\n#7 0x5617ab7d51e3 <unknown>\n#8 0x5617ab7a5135 <unknown>\n#9 0x5617ab7a613e <unknown>\n#10 0x5617aba47e4b <unknown>\n#11 0x5617aba4bdfa <unknown>\n#12 0x5617aba346d5 <unknown>\n#13 0x5617aba4ca6f <unknown>\n#14 0x5617aba1869f <unknown>\n#15 0x5617aba71098 <unknown>\n#16 0x5617aba71262 <unknown>\n#17 0x5617aba82f34 <unknown>\n#18 0x7f2c7a894ac3 <unknown>","statusTrace":"self = <tests.login_test.TestLogin object at 0x7fbca146a420>\ndata = Data(forgot_password=ForgotPassword(error_message=\"We can't find a user with that e-mail address.\", success_message='A...ct='Non Existing', page_title='My Workspace', project_name='test project', project_type='quiz', template_type='Blank'))\n\n    @allure.description(\"valid login\")\n    @allure.title(\"Login with valid credentials test\")\n    @allure.tag(\"Tagged test\")\n    @pytest.mark.flaky(reruns=1)\n    def test_valid_login(self, data: Data):\n        self.about_page.set_geo_location(30.3079823, -97.893803)\n>       self.about_page.click_login_link()\n\ntests/login_test.py:43: \n_ _ _ _ _ _ _ _ _ _ _ _ _ _ _ _ _ _ _ _ _ _ _ _ _ _ _ _ _ _ _ _ _ _ _ _ _ _ _ _ \npages/about_page.py:20: in click_login_link\n    self.click(self.LOGIN_LINK)\npages/base_page.py:60: in click\n    el: WebElement = self.wait.until(\n_ _ _ _ _ _ _ _ _ _ _ _ _ _ _ _ _ _ _ _ _ _ _ _ _ _ _ _ _ _ _ _ _ _ _ _ _ _ _ _ \n\nself = <selenium.webdriver.support.wait.WebDriverWait (session=\"025b57eb7c4d80e9838056d0e37cb948\")>\nmethod = <function element_to_be_clickable.<locals>._predicate at 0x7fbca09dff60>\nmessage = ''\n\n    def until(self, method: Callable[[D], Union[Literal[False], T]], message: str = \"\") -> T:\n        \"\"\"Calls the method provided with the driver as an argument until the \\\n        return value does not evaluate to ``False``.\n    \n        :param method: callable(WebDriver)\n        :param message: optional message for :exc:`TimeoutException`\n        :returns: the result of the last call to `method`\n        :raises: :exc:`selenium.common.exceptions.TimeoutException` if timeout occurs\n        \"\"\"\n        screen = None\n        stacktrace = None\n    \n        end_time = time.monotonic() + self._timeout\n        while True:\n            try:\n                value = method(self._driver)\n                if value:\n                    return value\n            except self._ignored_exceptions as exc:\n                screen = getattr(exc, \"screen\", None)\n                stacktrace = getattr(exc, \"stacktrace\", None)\n            time.sleep(self._poll)\n            if time.monotonic() > end_time:\n                break\n>       raise TimeoutException(message, screen, stacktrace)\nE       selenium.common.exceptions.TimeoutException: Message: \nE       Stacktrace:\nE       #0 0x5617aba83d93 <unknown>\nE       #1 0x5617ab767337 <unknown>\nE       #2 0x5617ab7b2d60 <unknown>\nE       #3 0x5617ab7b2e51 <unknown>\nE       #4 0x5617ab7f6bc4 <unknown>\nE       #5 0x5617ab7d546d <unknown>\nE       #6 0x5617ab7f412d <unknown>\nE       #7 0x5617ab7d51e3 <unknown>\nE       #8 0x5617ab7a5135 <unknown>\nE       #9 0x5617ab7a613e <unknown>\nE       #10 0x5617aba47e4b <unknown>\nE       #11 0x5617aba4bdfa <unknown>\nE       #12 0x5617aba346d5 <unknown>\nE       #13 0x5617aba4ca6f <unknown>\nE       #14 0x5617aba1869f <unknown>\nE       #15 0x5617aba71098 <unknown>\nE       #16 0x5617aba71262 <unknown>\nE       #17 0x5617aba82f34 <unknown>\nE       #18 0x7f2c7a894ac3 <unknown>\n\n.venv/lib/python3.12/site-packages/selenium/webdriver/support/wait.py:105: TimeoutException","steps":[{"name":"Click Login link","time":{"start":1708391444497,"stop":1708391454749,"duration":10252},"status":"broken","statusMessage":"selenium.common.exceptions.TimeoutException: Message: \nStacktrace:\n#0 0x5617aba83d93 <unknown>\n#1 0x5617ab767337 <unknown>\n#2 0x5617ab7b2d60 <unknown>\n#3 0x5617ab7b2e51 <unknown>\n#4 0x5617ab7f6bc4 <unknown>\n#5 0x5617ab7d546d <unknown>\n#6 0x5617ab7f412d <unknown>\n#7 0x5617ab7d51e3 <unknown>\n#8 0x5617ab7a5135 <unknown>\n#9 0x5617ab7a613e <unknown>\n#10 0x5617aba47e4b <unknown>\n#11 0x5617aba4bdfa <unknown>\n#12 0x5617aba346d5 <unknown>\n#13 0x5617aba4ca6f <unknown>\n#14 0x5617aba1869f <unknown>\n#15 0x5617aba71098 <unknown>\n#16 0x5617aba71262 <unknown>\n#17 0x5617aba82f34 <unknown>\n#18 0x7f2c7a894ac3 <unknown>\n\n","statusTrace":"  File \"/home/runner/work/Selenium-Python-Example/Selenium-Python-Example/.venv/lib/python3.12/site-packages/allure_commons/_allure.py\", line 192, in impl\n    return func(*a, **kw)\n           ^^^^^^^^^^^^^^\n  File \"/home/runner/work/Selenium-Python-Example/Selenium-Python-Example/pages/about_page.py\", line 20, in click_login_link\n    self.click(self.LOGIN_LINK)\n  File \"/home/runner/work/Selenium-Python-Example/Selenium-Python-Example/pages/base_page.py\", line 60, in click\n    el: WebElement = self.wait.until(\n                     ^^^^^^^^^^^^^^^^\n  File \"/home/runner/work/Selenium-Python-Example/Selenium-Python-Example/.venv/lib/python3.12/site-packages/selenium/webdriver/support/wait.py\", line 105, in until\n    raise TimeoutException(message, screen, stacktrace)\n","steps":[],"attachments":[],"parameters":[],"shouldDisplayMessage":true,"stepsCount":0,"attachmentsCount":0,"hasContent":true,"attachmentStep":false}],"attachments":[{"uid":"92650978051e1d18","name":"public ip address","source":"92650978051e1d18.txt","type":"text/plain","size":13},{"uid":"1bad7a2b19a9bd36","name":"Cookies","source":"1bad7a2b19a9bd36.json","type":"application/json","size":3870},{"uid":"e18b5f1c1b317d51","name":"Session Storage","source":"e18b5f1c1b317d51.json","type":"application/json","size":359},{"uid":"9094dde8e0f9c023","name":"Local Storage","source":"9094dde8e0f9c023.json","type":"application/json","size":208},{"uid":"ff9f3404e5465f7d","name":"Console Logs","source":"ff9f3404e5465f7d.json","type":"application/json","size":1521},{"uid":"4418839df20a6c26","name":"Full Page Screenshot","source":"4418839df20a6c26.png","type":"image/png","size":6187798},{"uid":"f7e19b8c871786e3","name":"URL","source":"f7e19b8c871786e3.uri","type":"text/uri-list","size":23},{"uid":"76dda84789957fbe","name":"Network Logs","source":"76dda84789957fbe.json","type":"application/json","size":23112}],"parameters":[],"shouldDisplayMessage":true,"stepsCount":1,"attachmentsCount":8,"hasContent":true,"attachmentStep":false},"afterStages":[],"labels":[{"name":"epic","value":"Security"},{"name":"feature","value":"Login"},{"name":"severity","value":"blocker"},{"name":"tag","value":"Tagged test"},{"name":"tag","value":"flaky(reruns=1)"},{"name":"tag","value":"security"},{"name":"parentSuite","value":"tests"},{"name":"suite","value":"login_test"},{"name":"subSuite","value":"TestLogin"},{"name":"host","value":"fv-az1247-278"},{"name":"thread","value":"2382-MainThread"},{"name":"framework","value":"pytest"},{"name":"language","value":"cpython3"},{"name":"package","value":"tests.login_test"},{"name":"resultFormat","value":"allure2"}],"parameters":[],"links":[],"hidden":true,"retry":true,"extra":{"categories":[],"tags":["security","Tagged test","flaky(reruns=1)"]},"source":"c13b3f377c15628.json","parameterValues":[]}