{"uid":"a5a2397481576879","name":"Forgot Password with valid email test","fullName":"tests.forgot_password_test.TestForgotPassword#test_valid_email","historyId":"d6dde1715fb973c93e423cd6a34e3dff","time":{"start":1727574188813,"stop":1727574199117,"duration":10304},"description":"Forgot password with a valid email address","descriptionHtml":"<p>Forgot password with a valid email address</p>\n","status":"broken","statusMessage":"selenium.common.exceptions.TimeoutException: Message: \nStacktrace:\n#0 0x564a9576313a <unknown>\n#1 0x564a954495e0 <unknown>\n#2 0x564a95498be8 <unknown>\n#3 0x564a95498e81 <unknown>\n#4 0x564a954df8c4 <unknown>\n#5 0x564a954bdb4d <unknown>\n#6 0x564a954dcd7d <unknown>\n#7 0x564a954bd8c3 <unknown>\n#8 0x564a9548b6b3 <unknown>\n#9 0x564a9548c68e <unknown>\n#10 0x564a9572db3b <unknown>\n#11 0x564a95731ac1 <unknown>\n#12 0x564a9571a335 <unknown>\n#13 0x564a95732642 <unknown>\n#14 0x564a956ff49f <unknown>\n#15 0x564a95752038 <unknown>\n#16 0x564a95752203 <unknown>\n#17 0x564a95761f8c <unknown>\n#18 0x7f380d094ac3 <unknown>","statusTrace":"self = <tests.forgot_password_test.TestForgotPassword object at 0x7f5a296dbf50>\ndata = Data(forgot_password=ForgotPassword(error_message=\"We can't find a user with that e-mail address.\", success_message='A...ct='Non Existing', page_title='My Workspace', project_name='test project', project_type='quiz', template_type='Blank'))\n\n    @allure.description(\"Forgot password with a valid email address\")\n    @allure.title(\"Forgot Password with valid email test\")\n    def test_valid_email(self, data: Data):\n>       self.about_page.click_login_link()\n\ntests/forgot_password_test.py:22: \n_ _ _ _ _ _ _ _ _ _ _ _ _ _ _ _ _ _ _ _ _ _ _ _ _ _ _ _ _ _ _ _ _ _ _ _ _ _ _ _ \npages/about_page.py:20: in click_login_link\n    self.click(self.LOGIN_LINK)\npages/base_page.py:60: in click\n    el: WebElement = self.wait.until(\n_ _ _ _ _ _ _ _ _ _ _ _ _ _ _ _ _ _ _ _ _ _ _ _ _ _ _ _ _ _ _ _ _ _ _ _ _ _ _ _ \n\nself = <selenium.webdriver.support.wait.WebDriverWait (session=\"082f6613f8b6cc56892e66c369b75b2f\")>\nmethod = <function element_to_be_clickable.<locals>._predicate at 0x7f5a28d43560>\nmessage = ''\n\n    def until(self, method: Callable[[D], Union[Literal[False], T]], message: str = \"\") -> T:\n        \"\"\"Calls the method provided with the driver as an argument until the \\\n        return value does not evaluate to ``False``.\n    \n        :param method: callable(WebDriver)\n        :param message: optional message for :exc:`TimeoutException`\n        :returns: the result of the last call to `method`\n        :raises: :exc:`selenium.common.exceptions.TimeoutException` if timeout occurs\n        \"\"\"\n        screen = None\n        stacktrace = None\n    \n        end_time = time.monotonic() + self._timeout\n        while True:\n            try:\n                value = method(self._driver)\n                if value:\n                    return value\n            except self._ignored_exceptions as exc:\n                screen = getattr(exc, \"screen\", None)\n                stacktrace = getattr(exc, \"stacktrace\", None)\n            time.sleep(self._poll)\n            if time.monotonic() > end_time:\n                break\n>       raise TimeoutException(message, screen, stacktrace)\nE       selenium.common.exceptions.TimeoutException: Message: \nE       Stacktrace:\nE       #0 0x564a9576313a <unknown>\nE       #1 0x564a954495e0 <unknown>\nE       #2 0x564a95498be8 <unknown>\nE       #3 0x564a95498e81 <unknown>\nE       #4 0x564a954df8c4 <unknown>\nE       #5 0x564a954bdb4d <unknown>\nE       #6 0x564a954dcd7d <unknown>\nE       #7 0x564a954bd8c3 <unknown>\nE       #8 0x564a9548b6b3 <unknown>\nE       #9 0x564a9548c68e <unknown>\nE       #10 0x564a9572db3b <unknown>\nE       #11 0x564a95731ac1 <unknown>\nE       #12 0x564a9571a335 <unknown>\nE       #13 0x564a95732642 <unknown>\nE       #14 0x564a956ff49f <unknown>\nE       #15 0x564a95752038 <unknown>\nE       #16 0x564a95752203 <unknown>\nE       #17 0x564a95761f8c <unknown>\nE       #18 0x7f380d094ac3 <unknown>\n\n.venv/lib/python3.12/site-packages/selenium/webdriver/support/wait.py:105: TimeoutException","flaky":false,"newFailed":false,"newBroken":false,"newPassed":false,"retriesCount":0,"retriesStatusChange":false,"beforeStages":[],"testStage":{"description":"Forgot password with a valid email address","status":"broken","statusMessage":"selenium.common.exceptions.TimeoutException: Message: \nStacktrace:\n#0 0x564a9576313a <unknown>\n#1 0x564a954495e0 <unknown>\n#2 0x564a95498be8 <unknown>\n#3 0x564a95498e81 <unknown>\n#4 0x564a954df8c4 <unknown>\n#5 0x564a954bdb4d <unknown>\n#6 0x564a954dcd7d <unknown>\n#7 0x564a954bd8c3 <unknown>\n#8 0x564a9548b6b3 <unknown>\n#9 0x564a9548c68e <unknown>\n#10 0x564a9572db3b <unknown>\n#11 0x564a95731ac1 <unknown>\n#12 0x564a9571a335 <unknown>\n#13 0x564a95732642 <unknown>\n#14 0x564a956ff49f <unknown>\n#15 0x564a95752038 <unknown>\n#16 0x564a95752203 <unknown>\n#17 0x564a95761f8c <unknown>\n#18 0x7f380d094ac3 <unknown>","statusTrace":"self = <tests.forgot_password_test.TestForgotPassword object at 0x7f5a296dbf50>\ndata = Data(forgot_password=ForgotPassword(error_message=\"We can't find a user with that e-mail address.\", success_message='A...ct='Non Existing', page_title='My Workspace', project_name='test project', project_type='quiz', template_type='Blank'))\n\n    @allure.description(\"Forgot password with a valid email address\")\n    @allure.title(\"Forgot Password with valid email test\")\n    def test_valid_email(self, data: Data):\n>       self.about_page.click_login_link()\n\ntests/forgot_password_test.py:22: \n_ _ _ _ _ _ _ _ _ _ _ _ _ _ _ _ _ _ _ _ _ _ _ _ _ _ _ _ _ _ _ _ _ _ _ _ _ _ _ _ \npages/about_page.py:20: in click_login_link\n    self.click(self.LOGIN_LINK)\npages/base_page.py:60: in click\n    el: WebElement = self.wait.until(\n_ _ _ _ _ _ _ _ _ _ _ _ _ _ _ _ _ _ _ _ _ _ _ _ _ _ _ _ _ _ _ _ _ _ _ _ _ _ _ _ \n\nself = <selenium.webdriver.support.wait.WebDriverWait (session=\"082f6613f8b6cc56892e66c369b75b2f\")>\nmethod = <function element_to_be_clickable.<locals>._predicate at 0x7f5a28d43560>\nmessage = ''\n\n    def until(self, method: Callable[[D], Union[Literal[False], T]], message: str = \"\") -> T:\n        \"\"\"Calls the method provided with the driver as an argument until the \\\n        return value does not evaluate to ``False``.\n    \n        :param method: callable(WebDriver)\n        :param message: optional message for :exc:`TimeoutException`\n        :returns: the result of the last call to `method`\n        :raises: :exc:`selenium.common.exceptions.TimeoutException` if timeout occurs\n        \"\"\"\n        screen = None\n        stacktrace = None\n    \n        end_time = time.monotonic() + self._timeout\n        while True:\n            try:\n                value = method(self._driver)\n                if value:\n                    return value\n            except self._ignored_exceptions as exc:\n                screen = getattr(exc, \"screen\", None)\n                stacktrace = getattr(exc, \"stacktrace\", None)\n            time.sleep(self._poll)\n            if time.monotonic() > end_time:\n                break\n>       raise TimeoutException(message, screen, stacktrace)\nE       selenium.common.exceptions.TimeoutException: Message: \nE       Stacktrace:\nE       #0 0x564a9576313a <unknown>\nE       #1 0x564a954495e0 <unknown>\nE       #2 0x564a95498be8 <unknown>\nE       #3 0x564a95498e81 <unknown>\nE       #4 0x564a954df8c4 <unknown>\nE       #5 0x564a954bdb4d <unknown>\nE       #6 0x564a954dcd7d <unknown>\nE       #7 0x564a954bd8c3 <unknown>\nE       #8 0x564a9548b6b3 <unknown>\nE       #9 0x564a9548c68e <unknown>\nE       #10 0x564a9572db3b <unknown>\nE       #11 0x564a95731ac1 <unknown>\nE       #12 0x564a9571a335 <unknown>\nE       #13 0x564a95732642 <unknown>\nE       #14 0x564a956ff49f <unknown>\nE       #15 0x564a95752038 <unknown>\nE       #16 0x564a95752203 <unknown>\nE       #17 0x564a95761f8c <unknown>\nE       #18 0x7f380d094ac3 <unknown>\n\n.venv/lib/python3.12/site-packages/selenium/webdriver/support/wait.py:105: TimeoutException","steps":[{"name":"Click Login link","time":{"start":1727574188813,"stop":1727574199116,"duration":10303},"status":"broken","statusMessage":"selenium.common.exceptions.TimeoutException: Message: \nStacktrace:\n#0 0x564a9576313a <unknown>\n#1 0x564a954495e0 <unknown>\n#2 0x564a95498be8 <unknown>\n#3 0x564a95498e81 <unknown>\n#4 0x564a954df8c4 <unknown>\n#5 0x564a954bdb4d <unknown>\n#6 0x564a954dcd7d <unknown>\n#7 0x564a954bd8c3 <unknown>\n#8 0x564a9548b6b3 <unknown>\n#9 0x564a9548c68e <unknown>\n#10 0x564a9572db3b <unknown>\n#11 0x564a95731ac1 <unknown>\n#12 0x564a9571a335 <unknown>\n#13 0x564a95732642 <unknown>\n#14 0x564a956ff49f <unknown>\n#15 0x564a95752038 <unknown>\n#16 0x564a95752203 <unknown>\n#17 0x564a95761f8c <unknown>\n#18 0x7f380d094ac3 <unknown>\n\n","statusTrace":"  File \"/home/runner/work/Selenium-Python-Example/Selenium-Python-Example/.venv/lib/python3.12/site-packages/allure_commons/_allure.py\", line 192, in impl\n    return func(*a, **kw)\n           ^^^^^^^^^^^^^^\n  File \"/home/runner/work/Selenium-Python-Example/Selenium-Python-Example/pages/about_page.py\", line 20, in click_login_link\n    self.click(self.LOGIN_LINK)\n  File \"/home/runner/work/Selenium-Python-Example/Selenium-Python-Example/pages/base_page.py\", line 60, in click\n    el: WebElement = self.wait.until(\n                     ^^^^^^^^^^^^^^^^\n  File \"/home/runner/work/Selenium-Python-Example/Selenium-Python-Example/.venv/lib/python3.12/site-packages/selenium/webdriver/support/wait.py\", line 105, in until\n    raise TimeoutException(message, screen, stacktrace)\n","steps":[],"attachments":[],"parameters":[],"shouldDisplayMessage":true,"stepsCount":0,"attachmentsCount":0,"hasContent":true,"attachmentStep":false},{"name":"public ip address","time":{"start":1727574199170,"stop":1727574199275,"duration":105},"status":"passed","steps":[],"attachments":[{"uid":"60c8e3cad61e67bd","name":"HTTP logs of http://checkip.amazonaws.com/","source":"60c8e3cad61e67bd.txt","type":"text/plain","size":357}],"parameters":[],"shouldDisplayMessage":false,"stepsCount":0,"attachmentsCount":1,"hasContent":true,"attachmentStep":false}],"attachments":[{"uid":"28134cf49ee396ae","name":"Cookies","source":"28134cf49ee396ae.json","type":"application/json","size":3585},{"uid":"e29cbfe54ae3f31c","name":"Session Storage","source":"e29cbfe54ae3f31c.json","type":"application/json","size":359},{"uid":"d99cd60be76f3fe8","name":"Local Storage","source":"d99cd60be76f3fe8.json","type":"application/json","size":350},{"uid":"10fdc66029a6e5c7","name":"Console Logs","source":"10fdc66029a6e5c7.json","type":"application/json","size":236},{"uid":"8549bbad3e53a46b","name":"Full Page Screenshot","source":"8549bbad3e53a46b.png","type":"image/png","size":4654633},{"uid":"1735be2663261bf0","name":"URL","source":"1735be2663261bf0.uri","type":"text/uri-list","size":23},{"uid":"c75be7086b304e2","name":"Network Logs","source":"c75be7086b304e2.json","type":"application/json","size":66842}],"parameters":[],"shouldDisplayMessage":true,"stepsCount":2,"attachmentsCount":8,"hasContent":true,"attachmentStep":false},"afterStages":[],"labels":[{"name":"story","value":"Forgot Password Feature's Functionality"},{"name":"subSuite","value":"Custom sub suite"},{"name":"severity","value":"critical"},{"name":"suite","value":"Custom suite"},{"name":"parentSuite","value":"Custom parent suite"},{"name":"epic","value":"Security"},{"name":"tag","value":"security"},{"name":"host","value":"fv-az529-454"},{"name":"thread","value":"1873-MainThread"},{"name":"framework","value":"pytest"},{"name":"language","value":"cpython3"},{"name":"package","value":"tests.forgot_password_test"},{"name":"resultFormat","value":"allure2"}],"parameters":[],"links":[],"hidden":false,"retry":false,"extra":{"severity":"critical","retries":[],"categories":[{"name":"Test defects","matchedStatuses":[],"flaky":false}],"tags":["security"]},"source":"a5a2397481576879.json","parameterValues":[]}