{"uid":"f1420489e97ce7c5","name":"Delete existing workspace","fullName":"tests.workspaces_test.TestWorkspaces#test_delete_workspace","historyId":"085ae9bea926da8512f07258dfb5df8c","time":{"start":1738374045025,"stop":1738374045025,"duration":0},"description":"Delete an existing workspace","descriptionHtml":"<p>Delete an existing workspace</p>\n","status":"broken","statusMessage":"selenium.common.exceptions.TimeoutException: Message: \nStacktrace:\n#0 0x56428f8afdca <unknown>\n#1 0x56428f3a63f0 <unknown>\n#2 0x56428f3f610c <unknown>\n#3 0x56428f3f6331 <unknown>\n#4 0x56428f43c154 <unknown>\n#5 0x56428f41aabd <unknown>\n#6 0x56428f4394b3 <unknown>\n#7 0x56428f41a833 <unknown>\n#8 0x56428f3e75a0 <unknown>\n#9 0x56428f3e8ece <unknown>\n#10 0x56428f879bdb <unknown>\n#11 0x56428f87db67 <unknown>\n#12 0x56428f8653bc <unknown>\n#13 0x56428f87e727 <unknown>\n#14 0x56428f84974f <unknown>\n#15 0x56428f89e938 <unknown>\n#16 0x56428f89eb00 <unknown>\n#17 0x56428f8aec46 <unknown>\n#18 0x7f343249ca94 <unknown>\n#19 0x7f3432529c3c <unknown>","statusTrace":"self = <tests.workspaces_test.TestWorkspaces object at 0x7f331795c2c0>\n\n    @pytest.fixture(autouse=True)\n    def setup_method_fixture(self):\n>       login(self.about_page, self.login_page)\n\ntests/workspaces_test.py:25: \n_ _ _ _ _ _ _ _ _ _ _ _ _ _ _ _ _ _ _ _ _ _ _ _ _ _ _ _ _ _ _ _ _ _ _ _ _ _ _ _ \ntests/workspaces_test.py:15: in login\n    about_page.click_login_link()\npages/about_page.py:20: in click_login_link\n    self.click(self.LOGIN_LINK)\npages/base_page.py:60: in click\n    el: WebElement = self.wait.until(\n_ _ _ _ _ _ _ _ _ _ _ _ _ _ _ _ _ _ _ _ _ _ _ _ _ _ _ _ _ _ _ _ _ _ _ _ _ _ _ _ \n\nself = <selenium.webdriver.support.wait.WebDriverWait (session=\"f0c15ab34d3af23f9e3137fe78a5a6d5\")>\nmethod = <function element_to_be_clickable.<locals>._predicate at 0x7f331768d9e0>\nmessage = ''\n\n    def until(self, method: Callable[[D], Union[Literal[False], T]], message: str = \"\") -> T:\n        \"\"\"Calls the method provided with the driver as an argument until the \\\n        return value does not evaluate to ``False``.\n    \n        :param method: callable(WebDriver)\n        :param message: optional message for :exc:`TimeoutException`\n        :returns: the result of the last call to `method`\n        :raises: :exc:`selenium.common.exceptions.TimeoutException` if timeout occurs\n        \"\"\"\n        screen = None\n        stacktrace = None\n    \n        end_time = time.monotonic() + self._timeout\n        while True:\n            try:\n                value = method(self._driver)\n                if value:\n                    return value\n            except self._ignored_exceptions as exc:\n                screen = getattr(exc, \"screen\", None)\n                stacktrace = getattr(exc, \"stacktrace\", None)\n            if time.monotonic() > end_time:\n                break\n            time.sleep(self._poll)\n>       raise TimeoutException(message, screen, stacktrace)\nE       selenium.common.exceptions.TimeoutException: Message: \nE       Stacktrace:\nE       #0 0x56428f8afdca <unknown>\nE       #1 0x56428f3a63f0 <unknown>\nE       #2 0x56428f3f610c <unknown>\nE       #3 0x56428f3f6331 <unknown>\nE       #4 0x56428f43c154 <unknown>\nE       #5 0x56428f41aabd <unknown>\nE       #6 0x56428f4394b3 <unknown>\nE       #7 0x56428f41a833 <unknown>\nE       #8 0x56428f3e75a0 <unknown>\nE       #9 0x56428f3e8ece <unknown>\nE       #10 0x56428f879bdb <unknown>\nE       #11 0x56428f87db67 <unknown>\nE       #12 0x56428f8653bc <unknown>\nE       #13 0x56428f87e727 <unknown>\nE       #14 0x56428f84974f <unknown>\nE       #15 0x56428f89e938 <unknown>\nE       #16 0x56428f89eb00 <unknown>\nE       #17 0x56428f8aec46 <unknown>\nE       #18 0x7f343249ca94 <unknown>\nE       #19 0x7f3432529c3c <unknown>\n\n.venv/lib/python3.12/site-packages/selenium/webdriver/support/wait.py:105: TimeoutException","flaky":false,"newFailed":false,"newBroken":false,"newPassed":false,"retriesCount":0,"retriesStatusChange":false,"beforeStages":[{"name":"base_url","time":{"start":1738373983134,"stop":1738373983134,"duration":0},"status":"passed","steps":[],"attachments":[],"parameters":[],"shouldDisplayMessage":false,"stepsCount":0,"attachmentsCount":0,"hasContent":false,"attachmentStep":false},{"name":"_verify_url","time":{"start":1738373983134,"stop":1738373983134,"duration":0},"status":"passed","steps":[],"attachments":[],"parameters":[],"shouldDisplayMessage":false,"stepsCount":0,"attachmentsCount":0,"hasContent":false,"attachmentStep":false},{"name":"session_request","time":{"start":1738373983134,"stop":1738373983134,"duration":0},"status":"passed","steps":[],"attachments":[],"parameters":[],"shouldDisplayMessage":false,"stepsCount":0,"attachmentsCount":0,"hasContent":false,"attachmentStep":false},{"name":"setup_method_fixture","time":{"start":1738374047178,"stop":1738374057353,"duration":10175},"status":"broken","statusMessage":"selenium.common.exceptions.TimeoutException: Message: \nStacktrace:\n#0 0x56428f8afdca <unknown>\n#1 0x56428f3a63f0 <unknown>\n#2 0x56428f3f610c <unknown>\n#3 0x56428f3f6331 <unknown>\n#4 0x56428f43c154 <unknown>\n#5 0x56428f41aabd <unknown>\n#6 0x56428f4394b3 <unknown>\n#7 0x56428f41a833 <unknown>\n#8 0x56428f3e75a0 <unknown>\n#9 0x56428f3e8ece <unknown>\n#10 0x56428f879bdb <unknown>\n#11 0x56428f87db67 <unknown>\n#12 0x56428f8653bc <unknown>\n#13 0x56428f87e727 <unknown>\n#14 0x56428f84974f <unknown>\n#15 0x56428f89e938 <unknown>\n#16 0x56428f89eb00 <unknown>\n#17 0x56428f8aec46 <unknown>\n#18 0x7f343249ca94 <unknown>\n#19 0x7f3432529c3c <unknown>\n\n","statusTrace":"  File \"/home/runner/work/Selenium-Python-Example/Selenium-Python-Example/.venv/lib/python3.12/site-packages/pluggy/_callers.py\", line 167, in _multicall\n    teardown.throw(outcome._exception)\n  File \"/home/runner/work/Selenium-Python-Example/Selenium-Python-Example/.venv/lib/python3.12/site-packages/_pytest/setuponly.py\", line 36, in pytest_fixture_setup\n    return (yield)\n            ^^^^^\n  File \"/home/runner/work/Selenium-Python-Example/Selenium-Python-Example/.venv/lib/python3.12/site-packages/pluggy/_callers.py\", line 103, in _multicall\n    res = hook_impl.function(*args)\n          ^^^^^^^^^^^^^^^^^^^^^^^^^\n  File \"/home/runner/work/Selenium-Python-Example/Selenium-Python-Example/.venv/lib/python3.12/site-packages/_pytest/fixtures.py\", line 1140, in pytest_fixture_setup\n    result = call_fixture_func(fixturefunc, request, kwargs)\n             ^^^^^^^^^^^^^^^^^^^^^^^^^^^^^^^^^^^^^^^^^^^^^^^\n  File \"/home/runner/work/Selenium-Python-Example/Selenium-Python-Example/.venv/lib/python3.12/site-packages/_pytest/fixtures.py\", line 898, in call_fixture_func\n    fixture_result = fixturefunc(**kwargs)\n                     ^^^^^^^^^^^^^^^^^^^^^\n  File \"/home/runner/work/Selenium-Python-Example/Selenium-Python-Example/tests/workspaces_test.py\", line 25, in setup_method_fixture\n    login(self.about_page, self.login_page)\n  File \"/home/runner/work/Selenium-Python-Example/Selenium-Python-Example/tests/workspaces_test.py\", line 15, in login\n    about_page.click_login_link()\n  File \"/home/runner/work/Selenium-Python-Example/Selenium-Python-Example/.venv/lib/python3.12/site-packages/allure_commons/_allure.py\", line 192, in impl\n    return func(*a, **kw)\n           ^^^^^^^^^^^^^^\n  File \"/home/runner/work/Selenium-Python-Example/Selenium-Python-Example/pages/about_page.py\", line 20, in click_login_link\n    self.click(self.LOGIN_LINK)\n  File \"/home/runner/work/Selenium-Python-Example/Selenium-Python-Example/pages/base_page.py\", line 60, in click\n    el: WebElement = self.wait.until(\n                     ^^^^^^^^^^^^^^^^\n  File \"/home/runner/work/Selenium-Python-Example/Selenium-Python-Example/.venv/lib/python3.12/site-packages/selenium/webdriver/support/wait.py\", line 105, in until\n    raise TimeoutException(message, screen, stacktrace)\n","steps":[{"name":"Click Login link","time":{"start":1738374047179,"stop":1738374057353,"duration":10174},"status":"broken","statusMessage":"selenium.common.exceptions.TimeoutException: Message: \nStacktrace:\n#0 0x56428f8afdca <unknown>\n#1 0x56428f3a63f0 <unknown>\n#2 0x56428f3f610c <unknown>\n#3 0x56428f3f6331 <unknown>\n#4 0x56428f43c154 <unknown>\n#5 0x56428f41aabd <unknown>\n#6 0x56428f4394b3 <unknown>\n#7 0x56428f41a833 <unknown>\n#8 0x56428f3e75a0 <unknown>\n#9 0x56428f3e8ece <unknown>\n#10 0x56428f879bdb <unknown>\n#11 0x56428f87db67 <unknown>\n#12 0x56428f8653bc <unknown>\n#13 0x56428f87e727 <unknown>\n#14 0x56428f84974f <unknown>\n#15 0x56428f89e938 <unknown>\n#16 0x56428f89eb00 <unknown>\n#17 0x56428f8aec46 <unknown>\n#18 0x7f343249ca94 <unknown>\n#19 0x7f3432529c3c <unknown>\n\n","statusTrace":"  File \"/home/runner/work/Selenium-Python-Example/Selenium-Python-Example/.venv/lib/python3.12/site-packages/allure_commons/_allure.py\", line 192, in impl\n    return func(*a, **kw)\n           ^^^^^^^^^^^^^^\n  File \"/home/runner/work/Selenium-Python-Example/Selenium-Python-Example/pages/about_page.py\", line 20, in click_login_link\n    self.click(self.LOGIN_LINK)\n  File \"/home/runner/work/Selenium-Python-Example/Selenium-Python-Example/pages/base_page.py\", line 60, in click\n    el: WebElement = self.wait.until(\n                     ^^^^^^^^^^^^^^^^\n  File \"/home/runner/work/Selenium-Python-Example/Selenium-Python-Example/.venv/lib/python3.12/site-packages/selenium/webdriver/support/wait.py\", line 105, in until\n    raise TimeoutException(message, screen, stacktrace)\n","steps":[],"attachments":[],"parameters":[],"shouldDisplayMessage":true,"stepsCount":0,"attachmentsCount":0,"hasContent":true,"attachmentStep":false}],"attachments":[],"parameters":[],"shouldDisplayMessage":false,"stepsCount":1,"attachmentsCount":0,"hasContent":true,"attachmentStep":false}],"testStage":{"description":"Delete an existing workspace","status":"broken","statusMessage":"selenium.common.exceptions.TimeoutException: Message: \nStacktrace:\n#0 0x56428f8afdca <unknown>\n#1 0x56428f3a63f0 <unknown>\n#2 0x56428f3f610c <unknown>\n#3 0x56428f3f6331 <unknown>\n#4 0x56428f43c154 <unknown>\n#5 0x56428f41aabd <unknown>\n#6 0x56428f4394b3 <unknown>\n#7 0x56428f41a833 <unknown>\n#8 0x56428f3e75a0 <unknown>\n#9 0x56428f3e8ece <unknown>\n#10 0x56428f879bdb <unknown>\n#11 0x56428f87db67 <unknown>\n#12 0x56428f8653bc <unknown>\n#13 0x56428f87e727 <unknown>\n#14 0x56428f84974f <unknown>\n#15 0x56428f89e938 <unknown>\n#16 0x56428f89eb00 <unknown>\n#17 0x56428f8aec46 <unknown>\n#18 0x7f343249ca94 <unknown>\n#19 0x7f3432529c3c <unknown>","statusTrace":"self = <tests.workspaces_test.TestWorkspaces object at 0x7f331795c2c0>\n\n    @pytest.fixture(autouse=True)\n    def setup_method_fixture(self):\n>       login(self.about_page, self.login_page)\n\ntests/workspaces_test.py:25: \n_ _ _ _ _ _ _ _ _ _ _ _ _ _ _ _ _ _ _ _ _ _ _ _ _ _ _ _ _ _ _ _ _ _ _ _ _ _ _ _ \ntests/workspaces_test.py:15: in login\n    about_page.click_login_link()\npages/about_page.py:20: in click_login_link\n    self.click(self.LOGIN_LINK)\npages/base_page.py:60: in click\n    el: WebElement = self.wait.until(\n_ _ _ _ _ _ _ _ _ _ _ _ _ _ _ _ _ _ _ _ _ _ _ _ _ _ _ _ _ _ _ _ _ _ _ _ _ _ _ _ \n\nself = <selenium.webdriver.support.wait.WebDriverWait (session=\"f0c15ab34d3af23f9e3137fe78a5a6d5\")>\nmethod = <function element_to_be_clickable.<locals>._predicate at 0x7f331768d9e0>\nmessage = ''\n\n    def until(self, method: Callable[[D], Union[Literal[False], T]], message: str = \"\") -> T:\n        \"\"\"Calls the method provided with the driver as an argument until the \\\n        return value does not evaluate to ``False``.\n    \n        :param method: callable(WebDriver)\n        :param message: optional message for :exc:`TimeoutException`\n        :returns: the result of the last call to `method`\n        :raises: :exc:`selenium.common.exceptions.TimeoutException` if timeout occurs\n        \"\"\"\n        screen = None\n        stacktrace = None\n    \n        end_time = time.monotonic() + self._timeout\n        while True:\n            try:\n                value = method(self._driver)\n                if value:\n                    return value\n            except self._ignored_exceptions as exc:\n                screen = getattr(exc, \"screen\", None)\n                stacktrace = getattr(exc, \"stacktrace\", None)\n            if time.monotonic() > end_time:\n                break\n            time.sleep(self._poll)\n>       raise TimeoutException(message, screen, stacktrace)\nE       selenium.common.exceptions.TimeoutException: Message: \nE       Stacktrace:\nE       #0 0x56428f8afdca <unknown>\nE       #1 0x56428f3a63f0 <unknown>\nE       #2 0x56428f3f610c <unknown>\nE       #3 0x56428f3f6331 <unknown>\nE       #4 0x56428f43c154 <unknown>\nE       #5 0x56428f41aabd <unknown>\nE       #6 0x56428f4394b3 <unknown>\nE       #7 0x56428f41a833 <unknown>\nE       #8 0x56428f3e75a0 <unknown>\nE       #9 0x56428f3e8ece <unknown>\nE       #10 0x56428f879bdb <unknown>\nE       #11 0x56428f87db67 <unknown>\nE       #12 0x56428f8653bc <unknown>\nE       #13 0x56428f87e727 <unknown>\nE       #14 0x56428f84974f <unknown>\nE       #15 0x56428f89e938 <unknown>\nE       #16 0x56428f89eb00 <unknown>\nE       #17 0x56428f8aec46 <unknown>\nE       #18 0x7f343249ca94 <unknown>\nE       #19 0x7f3432529c3c <unknown>\n\n.venv/lib/python3.12/site-packages/selenium/webdriver/support/wait.py:105: TimeoutException","steps":[{"name":"public ip address","time":{"start":1738374057374,"stop":1738374057384,"duration":10},"status":"passed","steps":[],"attachments":[{"uid":"ce25362bda78c1d0","name":"HTTP logs of http://checkip.amazonaws.com/","source":"ce25362bda78c1d0.txt","type":"text/plain","size":356}],"parameters":[],"shouldDisplayMessage":false,"stepsCount":0,"attachmentsCount":1,"hasContent":true,"attachmentStep":false}],"attachments":[{"uid":"a377c753603b5103","name":"Cookies","source":"a377c753603b5103.json","type":"application/json","size":4379},{"uid":"8ff0af6875ea29ee","name":"Session Storage","source":"8ff0af6875ea29ee.json","type":"application/json","size":359},{"uid":"a3abe189db378b4d","name":"Local Storage","source":"a3abe189db378b4d.json","type":"application/json","size":791},{"uid":"4d5ebf6a2d30cc95","name":"Console Logs","source":"4d5ebf6a2d30cc95.json","type":"application/json","size":236},{"uid":"cfde4e918962f42a","name":"Full Page Screenshot","source":"cfde4e918962f42a.png","type":"image/png","size":3985339},{"uid":"cabdb0e446351ed4","name":"URL","source":"cabdb0e446351ed4.uri","type":"text/uri-list","size":23},{"uid":"bdd677d411c694","name":"Network Logs","source":"bdd677d411c694.json","type":"application/json","size":5963860}],"parameters":[],"shouldDisplayMessage":true,"stepsCount":1,"attachmentsCount":8,"hasContent":true,"attachmentStep":false},"afterStages":[{"name":"session_request::0","time":{"start":1738374156970,"stop":1738374156970,"duration":0},"status":"passed","steps":[],"attachments":[],"parameters":[],"shouldDisplayMessage":false,"stepsCount":0,"attachmentsCount":0,"hasContent":false,"attachmentStep":false}],"labels":[{"name":"story","value":"WorkSpaces Creation and Editing Functionality"},{"name":"severity","value":"normal"},{"name":"epic","value":"Workspaces"},{"name":"tag","value":"run(order=3)"},{"name":"parentSuite","value":"tests"},{"name":"suite","value":"workspaces_test"},{"name":"subSuite","value":"TestWorkspaces"},{"name":"host","value":"fv-az802-788"},{"name":"thread","value":"2087-MainThread"},{"name":"framework","value":"pytest"},{"name":"language","value":"cpython3"},{"name":"package","value":"tests.workspaces_test"},{"name":"resultFormat","value":"allure2"}],"parameters":[],"links":[],"hidden":false,"retry":false,"extra":{"severity":"normal","retries":[],"categories":[{"name":"Test defects","matchedStatuses":[],"flaky":false}],"tags":["run(order=3)"]},"source":"f1420489e97ce7c5.json","parameterValues":[]}