{"uid":"1002416f9a5e4758","name":"Exception test","fullName":"tests.test_forgot_password.TestForgotPassword#test_expected_exception_on_page_title","historyId":"061c5b0976c95aa1a24ea00f0e67c641","time":{"start":1682630824621,"stop":1682630834831,"duration":10210},"description":"Exception catching","descriptionHtml":"<p>Exception catching</p>\n","status":"broken","statusMessage":"selenium.common.exceptions.TimeoutException: Message: \nStacktrace:\n#0 0x556b06e47fe3 <unknown>\n#1 0x556b06b86d36 <unknown>\n#2 0x556b06bc3c4d <unknown>\n#3 0x556b06bc3d61 <unknown>\n#4 0x556b06bff6a4 <unknown>\n#5 0x556b06be48ed <unknown>\n#6 0x556b06bfd232 <unknown>\n#7 0x556b06be4693 <unknown>\n#8 0x556b06bb703a <unknown>\n#9 0x556b06bb817e <unknown>\n#10 0x556b06e09dbd <unknown>\n#11 0x556b06e0dc6c <unknown>\n#12 0x556b06e174b0 <unknown>\n#13 0x556b06e0ed63 <unknown>\n#14 0x556b06de1c35 <unknown>\n#15 0x556b06e32138 <unknown>\n#16 0x556b06e322c7 <unknown>\n#17 0x556b06e40093 <unknown>\n#18 0x7f75a4048b43 <unknown>","statusTrace":"self = <tests.test_forgot_password.TestForgotPassword object at 0x7f465cf3c550>\n\n    @allure.description(\"Exception catching\")\n    @allure.title(\"Exception test\")\n    def test_expected_exception_on_page_title(self):\n>       self.pages['about_page'].click_login_link()\n\ntests/test_forgot_password.py:37: \n_ _ _ _ _ _ _ _ _ _ _ _ _ _ _ _ _ _ _ _ _ _ _ _ _ _ _ _ _ _ _ _ _ _ _ _ _ _ _ _ \npages/about_page.py:17: in click_login_link\n    self.click(self.LOGIN_LINK)\npages/base_page.py:17: in click\n    el: WebElement = self._wait.until(expected_conditions.element_to_be_clickable(webelement))\n_ _ _ _ _ _ _ _ _ _ _ _ _ _ _ _ _ _ _ _ _ _ _ _ _ _ _ _ _ _ _ _ _ _ _ _ _ _ _ _ \n\nself = <selenium.webdriver.support.wait.WebDriverWait (session=\"376970cfccf5072f33e71a07d53e6e1a\")>\nmethod = <function element_to_be_clickable.<locals>._predicate at 0x7f465cb82440>\nmessage = ''\n\n    def until(self, method, message: str = \"\"):\n        \"\"\"Calls the method provided with the driver as an argument until the \\\n        return value does not evaluate to ``False``.\n    \n        :param method: callable(WebDriver)\n        :param message: optional message for :exc:`TimeoutException`\n        :returns: the result of the last call to `method`\n        :raises: :exc:`selenium.common.exceptions.TimeoutException` if timeout occurs\n        \"\"\"\n        screen = None\n        stacktrace = None\n    \n        end_time = time.monotonic() + self._timeout\n        while True:\n            try:\n                value = method(self._driver)\n                if value:\n                    return value\n            except self._ignored_exceptions as exc:\n                screen = getattr(exc, \"screen\", None)\n                stacktrace = getattr(exc, \"stacktrace\", None)\n            time.sleep(self._poll)\n            if time.monotonic() > end_time:\n                break\n>       raise TimeoutException(message, screen, stacktrace)\nE       selenium.common.exceptions.TimeoutException: Message: \nE       Stacktrace:\nE       #0 0x556b06e47fe3 <unknown>\nE       #1 0x556b06b86d36 <unknown>\nE       #2 0x556b06bc3c4d <unknown>\nE       #3 0x556b06bc3d61 <unknown>\nE       #4 0x556b06bff6a4 <unknown>\nE       #5 0x556b06be48ed <unknown>\nE       #6 0x556b06bfd232 <unknown>\nE       #7 0x556b06be4693 <unknown>\nE       #8 0x556b06bb703a <unknown>\nE       #9 0x556b06bb817e <unknown>\nE       #10 0x556b06e09dbd <unknown>\nE       #11 0x556b06e0dc6c <unknown>\nE       #12 0x556b06e174b0 <unknown>\nE       #13 0x556b06e0ed63 <unknown>\nE       #14 0x556b06de1c35 <unknown>\nE       #15 0x556b06e32138 <unknown>\nE       #16 0x556b06e322c7 <unknown>\nE       #17 0x556b06e40093 <unknown>\nE       #18 0x7f75a4048b43 <unknown>\n\n/opt/hostedtoolcache/Python/3.10.11/x64/lib/python3.10/site-packages/selenium/webdriver/support/wait.py:95: TimeoutException","flaky":false,"newFailed":false,"newBroken":false,"newPassed":false,"retriesCount":0,"retriesStatusChange":false,"beforeStages":[{"name":"prep_properties","time":{"start":1682630582815,"stop":1682630582815,"duration":0},"status":"passed","steps":[],"attachments":[],"parameters":[],"stepsCount":0,"attachmentsCount":0,"shouldDisplayMessage":false,"hasContent":false},{"name":"write_allure_environment","time":{"start":1682630582815,"stop":1682630582815,"duration":0},"status":"passed","steps":[],"attachments":[],"parameters":[],"stepsCount":0,"attachmentsCount":0,"shouldDisplayMessage":false,"hasContent":false},{"name":"create_driver","time":{"start":1682630821851,"stop":1682630824620,"duration":2769},"status":"passed","steps":[],"attachments":[],"parameters":[],"stepsCount":0,"attachmentsCount":0,"shouldDisplayMessage":false,"hasContent":false},{"name":"pages","time":{"start":1682630824621,"stop":1682630824621,"duration":0},"status":"passed","steps":[],"attachments":[],"parameters":[],"stepsCount":0,"attachmentsCount":0,"shouldDisplayMessage":false,"hasContent":false},{"name":"injector","time":{"start":1682630824621,"stop":1682630824621,"duration":0},"status":"passed","steps":[],"attachments":[],"parameters":[],"stepsCount":0,"attachmentsCount":0,"shouldDisplayMessage":false,"hasContent":false}],"testStage":{"description":"Exception catching","status":"broken","statusMessage":"selenium.common.exceptions.TimeoutException: Message: \nStacktrace:\n#0 0x556b06e47fe3 <unknown>\n#1 0x556b06b86d36 <unknown>\n#2 0x556b06bc3c4d <unknown>\n#3 0x556b06bc3d61 <unknown>\n#4 0x556b06bff6a4 <unknown>\n#5 0x556b06be48ed <unknown>\n#6 0x556b06bfd232 <unknown>\n#7 0x556b06be4693 <unknown>\n#8 0x556b06bb703a <unknown>\n#9 0x556b06bb817e <unknown>\n#10 0x556b06e09dbd <unknown>\n#11 0x556b06e0dc6c <unknown>\n#12 0x556b06e174b0 <unknown>\n#13 0x556b06e0ed63 <unknown>\n#14 0x556b06de1c35 <unknown>\n#15 0x556b06e32138 <unknown>\n#16 0x556b06e322c7 <unknown>\n#17 0x556b06e40093 <unknown>\n#18 0x7f75a4048b43 <unknown>","statusTrace":"self = <tests.test_forgot_password.TestForgotPassword object at 0x7f465cf3c550>\n\n    @allure.description(\"Exception catching\")\n    @allure.title(\"Exception test\")\n    def test_expected_exception_on_page_title(self):\n>       self.pages['about_page'].click_login_link()\n\ntests/test_forgot_password.py:37: \n_ _ _ _ _ _ _ _ _ _ _ _ _ _ _ _ _ _ _ _ _ _ _ _ _ _ _ _ _ _ _ _ _ _ _ _ _ _ _ _ \npages/about_page.py:17: in click_login_link\n    self.click(self.LOGIN_LINK)\npages/base_page.py:17: in click\n    el: WebElement = self._wait.until(expected_conditions.element_to_be_clickable(webelement))\n_ _ _ _ _ _ _ _ _ _ _ _ _ _ _ _ _ _ _ _ _ _ _ _ _ _ _ _ _ _ _ _ _ _ _ _ _ _ _ _ \n\nself = <selenium.webdriver.support.wait.WebDriverWait (session=\"376970cfccf5072f33e71a07d53e6e1a\")>\nmethod = <function element_to_be_clickable.<locals>._predicate at 0x7f465cb82440>\nmessage = ''\n\n    def until(self, method, message: str = \"\"):\n        \"\"\"Calls the method provided with the driver as an argument until the \\\n        return value does not evaluate to ``False``.\n    \n        :param method: callable(WebDriver)\n        :param message: optional message for :exc:`TimeoutException`\n        :returns: the result of the last call to `method`\n        :raises: :exc:`selenium.common.exceptions.TimeoutException` if timeout occurs\n        \"\"\"\n        screen = None\n        stacktrace = None\n    \n        end_time = time.monotonic() + self._timeout\n        while True:\n            try:\n                value = method(self._driver)\n                if value:\n                    return value\n            except self._ignored_exceptions as exc:\n                screen = getattr(exc, \"screen\", None)\n                stacktrace = getattr(exc, \"stacktrace\", None)\n            time.sleep(self._poll)\n            if time.monotonic() > end_time:\n                break\n>       raise TimeoutException(message, screen, stacktrace)\nE       selenium.common.exceptions.TimeoutException: Message: \nE       Stacktrace:\nE       #0 0x556b06e47fe3 <unknown>\nE       #1 0x556b06b86d36 <unknown>\nE       #2 0x556b06bc3c4d <unknown>\nE       #3 0x556b06bc3d61 <unknown>\nE       #4 0x556b06bff6a4 <unknown>\nE       #5 0x556b06be48ed <unknown>\nE       #6 0x556b06bfd232 <unknown>\nE       #7 0x556b06be4693 <unknown>\nE       #8 0x556b06bb703a <unknown>\nE       #9 0x556b06bb817e <unknown>\nE       #10 0x556b06e09dbd <unknown>\nE       #11 0x556b06e0dc6c <unknown>\nE       #12 0x556b06e174b0 <unknown>\nE       #13 0x556b06e0ed63 <unknown>\nE       #14 0x556b06de1c35 <unknown>\nE       #15 0x556b06e32138 <unknown>\nE       #16 0x556b06e322c7 <unknown>\nE       #17 0x556b06e40093 <unknown>\nE       #18 0x7f75a4048b43 <unknown>\n\n/opt/hostedtoolcache/Python/3.10.11/x64/lib/python3.10/site-packages/selenium/webdriver/support/wait.py:95: TimeoutException","steps":[{"name":"Click Login link","time":{"start":1682630824622,"stop":1682630834831,"duration":10209},"status":"broken","statusMessage":"selenium.common.exceptions.TimeoutException: Message: \nStacktrace:\n#0 0x556b06e47fe3 <unknown>\n#1 0x556b06b86d36 <unknown>\n#2 0x556b06bc3c4d <unknown>\n#3 0x556b06bc3d61 <unknown>\n#4 0x556b06bff6a4 <unknown>\n#5 0x556b06be48ed <unknown>\n#6 0x556b06bfd232 <unknown>\n#7 0x556b06be4693 <unknown>\n#8 0x556b06bb703a <unknown>\n#9 0x556b06bb817e <unknown>\n#10 0x556b06e09dbd <unknown>\n#11 0x556b06e0dc6c <unknown>\n#12 0x556b06e174b0 <unknown>\n#13 0x556b06e0ed63 <unknown>\n#14 0x556b06de1c35 <unknown>\n#15 0x556b06e32138 <unknown>\n#16 0x556b06e322c7 <unknown>\n#17 0x556b06e40093 <unknown>\n#18 0x7f75a4048b43 <unknown>\n\n","statusTrace":"  File \"/opt/hostedtoolcache/Python/3.10.11/x64/lib/python3.10/site-packages/allure_commons/_allure.py\", line 192, in impl\n    return func(*a, **kw)\n  File \"/home/runner/work/Selenium-Python-Example/Selenium-Python-Example/pages/about_page.py\", line 17, in click_login_link\n    self.click(self.LOGIN_LINK)\n  File \"/home/runner/work/Selenium-Python-Example/Selenium-Python-Example/pages/base_page.py\", line 17, in click\n    el: WebElement = self._wait.until(expected_conditions.element_to_be_clickable(webelement))\n  File \"/opt/hostedtoolcache/Python/3.10.11/x64/lib/python3.10/site-packages/selenium/webdriver/support/wait.py\", line 95, in until\n    raise TimeoutException(message, screen, stacktrace)\n","steps":[],"attachments":[],"parameters":[],"stepsCount":0,"attachmentsCount":0,"shouldDisplayMessage":true,"hasContent":true}],"attachments":[{"uid":"33a3098acc81d850","name":"Full Page Screenshot","source":"33a3098acc81d850.png","type":"image/png","size":2646979},{"uid":"47750deb840d0f4b","name":"URL","source":"47750deb840d0f4b.uri","type":"text/uri-list","size":23},{"uid":"538fc06dbb5368aa","name":"public ip address","source":"538fc06dbb5368aa.txt","type":"text/plain","size":11},{"uid":"bab6fbd654a14aa8","name":"Cookies","source":"bab6fbd654a14aa8.json","type":"application/json","size":3531},{"uid":"265a1a14cf1a2909","name":"Session Storage","source":"265a1a14cf1a2909.json","type":"application/json","size":2},{"uid":"6812d5fec11f7814","name":"Local Storage","source":"6812d5fec11f7814.json","type":"application/json","size":1400},{"uid":"b7843914fd80ab06","name":"Console Logs","source":"b7843914fd80ab06.json","type":"application/json","size":5136},{"uid":"b5ea6d56cd1c03e","name":"Network Logs","source":"b5ea6d56cd1c03e.json","type":"application/json","size":86637}],"parameters":[],"stepsCount":1,"attachmentsCount":8,"shouldDisplayMessage":true,"hasContent":true},"afterStages":[{"name":"create_driver::0","time":{"start":1682630837122,"stop":1682630837183,"duration":61},"status":"passed","steps":[],"attachments":[],"parameters":[],"stepsCount":0,"attachmentsCount":0,"shouldDisplayMessage":false,"hasContent":false},{"name":"write_allure_environment::0","time":{"start":1682630837186,"stop":1682630837194,"duration":8},"status":"broken","statusMessage":"TypeError: HEAD is a detached symbolic reference as it points to '98dd2a10b1f7d48204014f3fd831721516a8125d'\n","statusTrace":"  File \"/opt/hostedtoolcache/Python/3.10.11/x64/lib/python3.10/site-packages/allure_commons/_allure.py\", line 221, in __call__\n    return self._fixture_function(*args, **kwargs)\n  File \"/opt/hostedtoolcache/Python/3.10.11/x64/lib/python3.10/site-packages/_pytest/fixtures.py\", line 917, in _teardown_yield_fixture\n    next(it)\n  File \"/home/runner/work/Selenium-Python-Example/Selenium-Python-Example/tests/conftest.py\", line 55, in write_allure_environment\n    \"Branch\": repo.active_branch.name\n  File \"/opt/hostedtoolcache/Python/3.10.11/x64/lib/python3.10/site-packages/git/repo/base.py\", line 896, in active_branch\n    return self.head.reference\n  File \"/opt/hostedtoolcache/Python/3.10.11/x64/lib/python3.10/site-packages/git/refs/symbolic.py\", line 309, in _get_reference\n    raise TypeError(\"%s is a detached symbolic reference as it points to %r\" % (self, sha))\n","steps":[],"attachments":[],"parameters":[],"stepsCount":0,"attachmentsCount":0,"shouldDisplayMessage":true,"hasContent":true}],"labels":[{"name":"severity","value":"critical"},{"name":"epic","value":"Security"},{"name":"story","value":"Forgot Password Feature's Functionality"},{"name":"tag","value":"security"},{"name":"parentSuite","value":"tests"},{"name":"suite","value":"test_forgot_password"},{"name":"subSuite","value":"TestForgotPassword"},{"name":"host","value":"fv-az1114-741"},{"name":"thread","value":"2257-MainThread"},{"name":"framework","value":"pytest"},{"name":"language","value":"cpython3"},{"name":"package","value":"tests.test_forgot_password"},{"name":"resultFormat","value":"allure2"}],"parameters":[],"links":[],"hidden":false,"retry":false,"extra":{"severity":"critical","retries":[],"categories":[{"name":"Test defects","matchedStatuses":[],"flaky":false}],"tags":["security"]},"source":"1002416f9a5e4758.json","parameterValues":[]}