{"uid":"bcfb30858262f725","name":"Forgot Password with valid email test","fullName":"tests.test_forgot_password.TestForgotPassword#test_valid_email","historyId":"ad76d87e5a831f6b00837c8ab7fbb24e","time":{"start":1682630793814,"stop":1682630804033,"duration":10219},"description":"Forgot password with a valid email address","descriptionHtml":"<p>Forgot password with a valid email address</p>\n","status":"broken","statusMessage":"selenium.common.exceptions.TimeoutException: Message: \nStacktrace:\n#0 0x556196130fe3 <unknown>\n#1 0x556195e6fd36 <unknown>\n#2 0x556195eacc4d <unknown>\n#3 0x556195eacd61 <unknown>\n#4 0x556195ee86a4 <unknown>\n#5 0x556195ecd8ed <unknown>\n#6 0x556195ee6232 <unknown>\n#7 0x556195ecd693 <unknown>\n#8 0x556195ea003a <unknown>\n#9 0x556195ea117e <unknown>\n#10 0x5561960f2dbd <unknown>\n#11 0x5561960f6c6c <unknown>\n#12 0x5561961004b0 <unknown>\n#13 0x5561960f7d63 <unknown>\n#14 0x5561960cac35 <unknown>\n#15 0x55619611b138 <unknown>\n#16 0x55619611b2c7 <unknown>\n#17 0x556196129093 <unknown>\n#18 0x7fb1d6713b43 <unknown>","statusTrace":"self = <tests.test_forgot_password.TestForgotPassword object at 0x7f465cf3ff10>\n\n    @allure.description(\"Forgot password with a valid email address\")\n    @allure.title(\"Forgot Password with valid email test\")\n    def test_valid_email(self):\n        email = self.config_reader.config_section_dict(\"Base Url\")[\"username\"]\n>       self.pages['about_page'].click_login_link()\n\ntests/test_forgot_password.py:18: \n_ _ _ _ _ _ _ _ _ _ _ _ _ _ _ _ _ _ _ _ _ _ _ _ _ _ _ _ _ _ _ _ _ _ _ _ _ _ _ _ \npages/about_page.py:17: in click_login_link\n    self.click(self.LOGIN_LINK)\npages/base_page.py:17: in click\n    el: WebElement = self._wait.until(expected_conditions.element_to_be_clickable(webelement))\n_ _ _ _ _ _ _ _ _ _ _ _ _ _ _ _ _ _ _ _ _ _ _ _ _ _ _ _ _ _ _ _ _ _ _ _ _ _ _ _ \n\nself = <selenium.webdriver.support.wait.WebDriverWait (session=\"966c52a6c2b53e7ca53548e8fcfd8020\")>\nmethod = <function element_to_be_clickable.<locals>._predicate at 0x7f465cb83a30>\nmessage = ''\n\n    def until(self, method, message: str = \"\"):\n        \"\"\"Calls the method provided with the driver as an argument until the \\\n        return value does not evaluate to ``False``.\n    \n        :param method: callable(WebDriver)\n        :param message: optional message for :exc:`TimeoutException`\n        :returns: the result of the last call to `method`\n        :raises: :exc:`selenium.common.exceptions.TimeoutException` if timeout occurs\n        \"\"\"\n        screen = None\n        stacktrace = None\n    \n        end_time = time.monotonic() + self._timeout\n        while True:\n            try:\n                value = method(self._driver)\n                if value:\n                    return value\n            except self._ignored_exceptions as exc:\n                screen = getattr(exc, \"screen\", None)\n                stacktrace = getattr(exc, \"stacktrace\", None)\n            time.sleep(self._poll)\n            if time.monotonic() > end_time:\n                break\n>       raise TimeoutException(message, screen, stacktrace)\nE       selenium.common.exceptions.TimeoutException: Message: \nE       Stacktrace:\nE       #0 0x556196130fe3 <unknown>\nE       #1 0x556195e6fd36 <unknown>\nE       #2 0x556195eacc4d <unknown>\nE       #3 0x556195eacd61 <unknown>\nE       #4 0x556195ee86a4 <unknown>\nE       #5 0x556195ecd8ed <unknown>\nE       #6 0x556195ee6232 <unknown>\nE       #7 0x556195ecd693 <unknown>\nE       #8 0x556195ea003a <unknown>\nE       #9 0x556195ea117e <unknown>\nE       #10 0x5561960f2dbd <unknown>\nE       #11 0x5561960f6c6c <unknown>\nE       #12 0x5561961004b0 <unknown>\nE       #13 0x5561960f7d63 <unknown>\nE       #14 0x5561960cac35 <unknown>\nE       #15 0x55619611b138 <unknown>\nE       #16 0x55619611b2c7 <unknown>\nE       #17 0x556196129093 <unknown>\nE       #18 0x7fb1d6713b43 <unknown>\n\n/opt/hostedtoolcache/Python/3.10.11/x64/lib/python3.10/site-packages/selenium/webdriver/support/wait.py:95: TimeoutException","flaky":false,"newFailed":false,"newBroken":false,"newPassed":false,"retriesCount":0,"retriesStatusChange":false,"beforeStages":[{"name":"prep_properties","time":{"start":1682630582815,"stop":1682630582815,"duration":0},"status":"passed","steps":[],"attachments":[],"parameters":[],"stepsCount":0,"attachmentsCount":0,"shouldDisplayMessage":false,"hasContent":false},{"name":"write_allure_environment","time":{"start":1682630582815,"stop":1682630582815,"duration":0},"status":"passed","steps":[],"attachments":[],"parameters":[],"stepsCount":0,"attachmentsCount":0,"shouldDisplayMessage":false,"hasContent":false},{"name":"create_driver","time":{"start":1682630790933,"stop":1682630793813,"duration":2880},"status":"passed","steps":[],"attachments":[],"parameters":[],"stepsCount":0,"attachmentsCount":0,"shouldDisplayMessage":false,"hasContent":false},{"name":"pages","time":{"start":1682630793813,"stop":1682630793813,"duration":0},"status":"passed","steps":[],"attachments":[],"parameters":[],"stepsCount":0,"attachmentsCount":0,"shouldDisplayMessage":false,"hasContent":false},{"name":"injector","time":{"start":1682630793813,"stop":1682630793813,"duration":0},"status":"passed","steps":[],"attachments":[],"parameters":[],"stepsCount":0,"attachmentsCount":0,"shouldDisplayMessage":false,"hasContent":false}],"testStage":{"description":"Forgot password with a valid email address","status":"broken","statusMessage":"selenium.common.exceptions.TimeoutException: Message: \nStacktrace:\n#0 0x556196130fe3 <unknown>\n#1 0x556195e6fd36 <unknown>\n#2 0x556195eacc4d <unknown>\n#3 0x556195eacd61 <unknown>\n#4 0x556195ee86a4 <unknown>\n#5 0x556195ecd8ed <unknown>\n#6 0x556195ee6232 <unknown>\n#7 0x556195ecd693 <unknown>\n#8 0x556195ea003a <unknown>\n#9 0x556195ea117e <unknown>\n#10 0x5561960f2dbd <unknown>\n#11 0x5561960f6c6c <unknown>\n#12 0x5561961004b0 <unknown>\n#13 0x5561960f7d63 <unknown>\n#14 0x5561960cac35 <unknown>\n#15 0x55619611b138 <unknown>\n#16 0x55619611b2c7 <unknown>\n#17 0x556196129093 <unknown>\n#18 0x7fb1d6713b43 <unknown>","statusTrace":"self = <tests.test_forgot_password.TestForgotPassword object at 0x7f465cf3ff10>\n\n    @allure.description(\"Forgot password with a valid email address\")\n    @allure.title(\"Forgot Password with valid email test\")\n    def test_valid_email(self):\n        email = self.config_reader.config_section_dict(\"Base Url\")[\"username\"]\n>       self.pages['about_page'].click_login_link()\n\ntests/test_forgot_password.py:18: \n_ _ _ _ _ _ _ _ _ _ _ _ _ _ _ _ _ _ _ _ _ _ _ _ _ _ _ _ _ _ _ _ _ _ _ _ _ _ _ _ \npages/about_page.py:17: in click_login_link\n    self.click(self.LOGIN_LINK)\npages/base_page.py:17: in click\n    el: WebElement = self._wait.until(expected_conditions.element_to_be_clickable(webelement))\n_ _ _ _ _ _ _ _ _ _ _ _ _ _ _ _ _ _ _ _ _ _ _ _ _ _ _ _ _ _ _ _ _ _ _ _ _ _ _ _ \n\nself = <selenium.webdriver.support.wait.WebDriverWait (session=\"966c52a6c2b53e7ca53548e8fcfd8020\")>\nmethod = <function element_to_be_clickable.<locals>._predicate at 0x7f465cb83a30>\nmessage = ''\n\n    def until(self, method, message: str = \"\"):\n        \"\"\"Calls the method provided with the driver as an argument until the \\\n        return value does not evaluate to ``False``.\n    \n        :param method: callable(WebDriver)\n        :param message: optional message for :exc:`TimeoutException`\n        :returns: the result of the last call to `method`\n        :raises: :exc:`selenium.common.exceptions.TimeoutException` if timeout occurs\n        \"\"\"\n        screen = None\n        stacktrace = None\n    \n        end_time = time.monotonic() + self._timeout\n        while True:\n            try:\n                value = method(self._driver)\n                if value:\n                    return value\n            except self._ignored_exceptions as exc:\n                screen = getattr(exc, \"screen\", None)\n                stacktrace = getattr(exc, \"stacktrace\", None)\n            time.sleep(self._poll)\n            if time.monotonic() > end_time:\n                break\n>       raise TimeoutException(message, screen, stacktrace)\nE       selenium.common.exceptions.TimeoutException: Message: \nE       Stacktrace:\nE       #0 0x556196130fe3 <unknown>\nE       #1 0x556195e6fd36 <unknown>\nE       #2 0x556195eacc4d <unknown>\nE       #3 0x556195eacd61 <unknown>\nE       #4 0x556195ee86a4 <unknown>\nE       #5 0x556195ecd8ed <unknown>\nE       #6 0x556195ee6232 <unknown>\nE       #7 0x556195ecd693 <unknown>\nE       #8 0x556195ea003a <unknown>\nE       #9 0x556195ea117e <unknown>\nE       #10 0x5561960f2dbd <unknown>\nE       #11 0x5561960f6c6c <unknown>\nE       #12 0x5561961004b0 <unknown>\nE       #13 0x5561960f7d63 <unknown>\nE       #14 0x5561960cac35 <unknown>\nE       #15 0x55619611b138 <unknown>\nE       #16 0x55619611b2c7 <unknown>\nE       #17 0x556196129093 <unknown>\nE       #18 0x7fb1d6713b43 <unknown>\n\n/opt/hostedtoolcache/Python/3.10.11/x64/lib/python3.10/site-packages/selenium/webdriver/support/wait.py:95: TimeoutException","steps":[{"name":"Click Login link","time":{"start":1682630793814,"stop":1682630804032,"duration":10218},"status":"broken","statusMessage":"selenium.common.exceptions.TimeoutException: Message: \nStacktrace:\n#0 0x556196130fe3 <unknown>\n#1 0x556195e6fd36 <unknown>\n#2 0x556195eacc4d <unknown>\n#3 0x556195eacd61 <unknown>\n#4 0x556195ee86a4 <unknown>\n#5 0x556195ecd8ed <unknown>\n#6 0x556195ee6232 <unknown>\n#7 0x556195ecd693 <unknown>\n#8 0x556195ea003a <unknown>\n#9 0x556195ea117e <unknown>\n#10 0x5561960f2dbd <unknown>\n#11 0x5561960f6c6c <unknown>\n#12 0x5561961004b0 <unknown>\n#13 0x5561960f7d63 <unknown>\n#14 0x5561960cac35 <unknown>\n#15 0x55619611b138 <unknown>\n#16 0x55619611b2c7 <unknown>\n#17 0x556196129093 <unknown>\n#18 0x7fb1d6713b43 <unknown>\n\n","statusTrace":"  File \"/opt/hostedtoolcache/Python/3.10.11/x64/lib/python3.10/site-packages/allure_commons/_allure.py\", line 192, in impl\n    return func(*a, **kw)\n  File \"/home/runner/work/Selenium-Python-Example/Selenium-Python-Example/pages/about_page.py\", line 17, in click_login_link\n    self.click(self.LOGIN_LINK)\n  File \"/home/runner/work/Selenium-Python-Example/Selenium-Python-Example/pages/base_page.py\", line 17, in click\n    el: WebElement = self._wait.until(expected_conditions.element_to_be_clickable(webelement))\n  File \"/opt/hostedtoolcache/Python/3.10.11/x64/lib/python3.10/site-packages/selenium/webdriver/support/wait.py\", line 95, in until\n    raise TimeoutException(message, screen, stacktrace)\n","steps":[],"attachments":[],"parameters":[],"stepsCount":0,"attachmentsCount":0,"shouldDisplayMessage":true,"hasContent":true}],"attachments":[{"uid":"7c1ac879f7068913","name":"Full Page Screenshot","source":"7c1ac879f7068913.png","type":"image/png","size":2646979},{"uid":"c94db3d219c01a74","name":"URL","source":"c94db3d219c01a74.uri","type":"text/uri-list","size":23},{"uid":"7886dad2a7a9ae73","name":"public ip address","source":"7886dad2a7a9ae73.txt","type":"text/plain","size":11},{"uid":"5d21c5c9133b5fc2","name":"Cookies","source":"5d21c5c9133b5fc2.json","type":"application/json","size":3530},{"uid":"893bfa047511be90","name":"Session Storage","source":"893bfa047511be90.json","type":"application/json","size":2},{"uid":"f9222c9b89d94546","name":"Local Storage","source":"f9222c9b89d94546.json","type":"application/json","size":1400},{"uid":"391ccb120667e9b8","name":"Console Logs","source":"391ccb120667e9b8.json","type":"application/json","size":5136},{"uid":"755ba5dd3b148a56","name":"Network Logs","source":"755ba5dd3b148a56.json","type":"application/json","size":86638}],"parameters":[],"stepsCount":1,"attachmentsCount":8,"shouldDisplayMessage":true,"hasContent":true},"afterStages":[{"name":"create_driver::0","time":{"start":1682630806309,"stop":1682630806369,"duration":60},"status":"passed","steps":[],"attachments":[],"parameters":[],"stepsCount":0,"attachmentsCount":0,"shouldDisplayMessage":false,"hasContent":false},{"name":"write_allure_environment::0","time":{"start":1682630837186,"stop":1682630837194,"duration":8},"status":"broken","statusMessage":"TypeError: HEAD is a detached symbolic reference as it points to '98dd2a10b1f7d48204014f3fd831721516a8125d'\n","statusTrace":"  File \"/opt/hostedtoolcache/Python/3.10.11/x64/lib/python3.10/site-packages/allure_commons/_allure.py\", line 221, in __call__\n    return self._fixture_function(*args, **kwargs)\n  File \"/opt/hostedtoolcache/Python/3.10.11/x64/lib/python3.10/site-packages/_pytest/fixtures.py\", line 917, in _teardown_yield_fixture\n    next(it)\n  File \"/home/runner/work/Selenium-Python-Example/Selenium-Python-Example/tests/conftest.py\", line 55, in write_allure_environment\n    \"Branch\": repo.active_branch.name\n  File \"/opt/hostedtoolcache/Python/3.10.11/x64/lib/python3.10/site-packages/git/repo/base.py\", line 896, in active_branch\n    return self.head.reference\n  File \"/opt/hostedtoolcache/Python/3.10.11/x64/lib/python3.10/site-packages/git/refs/symbolic.py\", line 309, in _get_reference\n    raise TypeError(\"%s is a detached symbolic reference as it points to %r\" % (self, sha))\n","steps":[],"attachments":[],"parameters":[],"stepsCount":0,"attachmentsCount":0,"shouldDisplayMessage":true,"hasContent":true}],"labels":[{"name":"severity","value":"critical"},{"name":"epic","value":"Security"},{"name":"story","value":"Forgot Password Feature's Functionality"},{"name":"tag","value":"security"},{"name":"parentSuite","value":"tests"},{"name":"suite","value":"test_forgot_password"},{"name":"subSuite","value":"TestForgotPassword"},{"name":"host","value":"fv-az1114-741"},{"name":"thread","value":"2257-MainThread"},{"name":"framework","value":"pytest"},{"name":"language","value":"cpython3"},{"name":"package","value":"tests.test_forgot_password"},{"name":"resultFormat","value":"allure2"}],"parameters":[],"links":[],"hidden":false,"retry":false,"extra":{"severity":"critical","retries":[],"categories":[{"name":"Test defects","matchedStatuses":[],"flaky":false}],"tags":["security"]},"source":"bcfb30858262f725.json","parameterValues":[]}