{"uid":"ed5c2ac79cb8bd99","name":"Rename an existing workspace test","fullName":"tests.workspaces_test.TestWorkspaces#test_rename_workspace","historyId":"cd63adf5d11191c5904362b968c9e131","time":{"start":1719278242603,"stop":1719278242603,"duration":0},"description":"Rename an existing workspace","descriptionHtml":"<p>Rename an existing workspace</p>\n","status":"broken","statusMessage":"selenium.common.exceptions.TimeoutException: Message: \nStacktrace:\n#0 0x5622f06f36aa <unknown>\n#1 0x5622f03d60dc <unknown>\n#2 0x5622f0422931 <unknown>\n#3 0x5622f0422a21 <unknown>\n#4 0x5622f0467234 <unknown>\n#5 0x5622f044589d <unknown>\n#6 0x5622f04645c3 <unknown>\n#7 0x5622f0445613 <unknown>\n#8 0x5622f04154f7 <unknown>\n#9 0x5622f0415e4e <unknown>\n#10 0x5622f06b987b <unknown>\n#11 0x5622f06bd921 <unknown>\n#12 0x5622f06a536e <unknown>\n#13 0x5622f06be482 <unknown>\n#14 0x5622f0689ccf <unknown>\n#15 0x5622f06e30a8 <unknown>\n#16 0x5622f06e3280 <unknown>\n#17 0x5622f06f27dc <unknown>\n#18 0x7f1352894ac3 <unknown>","statusTrace":"self = <tests.workspaces_test.TestWorkspaces object at 0x7f40b66ccf80>\n\n    @pytest.fixture(autouse=True)\n    def setup_method_fixture(self):\n>       login(self.about_page, self.login_page)\n\ntests/workspaces_test.py:25: \n_ _ _ _ _ _ _ _ _ _ _ _ _ _ _ _ _ _ _ _ _ _ _ _ _ _ _ _ _ _ _ _ _ _ _ _ _ _ _ _ \ntests/workspaces_test.py:15: in login\n    about_page.click_login_link()\npages/about_page.py:20: in click_login_link\n    self.click(self.LOGIN_LINK)\npages/base_page.py:60: in click\n    el: WebElement = self.wait.until(\n_ _ _ _ _ _ _ _ _ _ _ _ _ _ _ _ _ _ _ _ _ _ _ _ _ _ _ _ _ _ _ _ _ _ _ _ _ _ _ _ \n\nself = <selenium.webdriver.support.wait.WebDriverWait (session=\"8307b84ca97eb6ba49f0d79075aa77cf\")>\nmethod = <function element_to_be_clickable.<locals>._predicate at 0x7f40b63c5580>\nmessage = ''\n\n    def until(self, method: Callable[[D], Union[Literal[False], T]], message: str = \"\") -> T:\n        \"\"\"Calls the method provided with the driver as an argument until the \\\n        return value does not evaluate to ``False``.\n    \n        :param method: callable(WebDriver)\n        :param message: optional message for :exc:`TimeoutException`\n        :returns: the result of the last call to `method`\n        :raises: :exc:`selenium.common.exceptions.TimeoutException` if timeout occurs\n        \"\"\"\n        screen = None\n        stacktrace = None\n    \n        end_time = time.monotonic() + self._timeout\n        while True:\n            try:\n                value = method(self._driver)\n                if value:\n                    return value\n            except self._ignored_exceptions as exc:\n                screen = getattr(exc, \"screen\", None)\n                stacktrace = getattr(exc, \"stacktrace\", None)\n            time.sleep(self._poll)\n            if time.monotonic() > end_time:\n                break\n>       raise TimeoutException(message, screen, stacktrace)\nE       selenium.common.exceptions.TimeoutException: Message: \nE       Stacktrace:\nE       #0 0x5622f06f36aa <unknown>\nE       #1 0x5622f03d60dc <unknown>\nE       #2 0x5622f0422931 <unknown>\nE       #3 0x5622f0422a21 <unknown>\nE       #4 0x5622f0467234 <unknown>\nE       #5 0x5622f044589d <unknown>\nE       #6 0x5622f04645c3 <unknown>\nE       #7 0x5622f0445613 <unknown>\nE       #8 0x5622f04154f7 <unknown>\nE       #9 0x5622f0415e4e <unknown>\nE       #10 0x5622f06b987b <unknown>\nE       #11 0x5622f06bd921 <unknown>\nE       #12 0x5622f06a536e <unknown>\nE       #13 0x5622f06be482 <unknown>\nE       #14 0x5622f0689ccf <unknown>\nE       #15 0x5622f06e30a8 <unknown>\nE       #16 0x5622f06e3280 <unknown>\nE       #17 0x5622f06f27dc <unknown>\nE       #18 0x7f1352894ac3 <unknown>\n\n.venv/lib/python3.12/site-packages/selenium/webdriver/support/wait.py:105: TimeoutException","flaky":false,"newFailed":false,"newBroken":false,"newPassed":false,"retriesCount":0,"retriesStatusChange":false,"beforeStages":[{"name":"setup_method_fixture","time":{"start":1719278244232,"stop":1719278254519,"duration":10287},"status":"broken","statusMessage":"selenium.common.exceptions.TimeoutException: Message: \nStacktrace:\n#0 0x5622f06f36aa <unknown>\n#1 0x5622f03d60dc <unknown>\n#2 0x5622f0422931 <unknown>\n#3 0x5622f0422a21 <unknown>\n#4 0x5622f0467234 <unknown>\n#5 0x5622f044589d <unknown>\n#6 0x5622f04645c3 <unknown>\n#7 0x5622f0445613 <unknown>\n#8 0x5622f04154f7 <unknown>\n#9 0x5622f0415e4e <unknown>\n#10 0x5622f06b987b <unknown>\n#11 0x5622f06bd921 <unknown>\n#12 0x5622f06a536e <unknown>\n#13 0x5622f06be482 <unknown>\n#14 0x5622f0689ccf <unknown>\n#15 0x5622f06e30a8 <unknown>\n#16 0x5622f06e3280 <unknown>\n#17 0x5622f06f27dc <unknown>\n#18 0x7f1352894ac3 <unknown>\n\n","statusTrace":"  File \"/home/runner/work/Selenium-Python-Example/Selenium-Python-Example/.venv/lib/python3.12/site-packages/pluggy/_callers.py\", line 167, in _multicall\n    teardown.throw(outcome._exception)\n  File \"/home/runner/work/Selenium-Python-Example/Selenium-Python-Example/.venv/lib/python3.12/site-packages/_pytest/setuponly.py\", line 36, in pytest_fixture_setup\n    return (yield)\n            ^^^^^\n  File \"/home/runner/work/Selenium-Python-Example/Selenium-Python-Example/.venv/lib/python3.12/site-packages/pluggy/_callers.py\", line 103, in _multicall\n    res = hook_impl.function(*args)\n          ^^^^^^^^^^^^^^^^^^^^^^^^^\n  File \"/home/runner/work/Selenium-Python-Example/Selenium-Python-Example/.venv/lib/python3.12/site-packages/_pytest/fixtures.py\", line 1122, in pytest_fixture_setup\n    result = call_fixture_func(fixturefunc, request, kwargs)\n             ^^^^^^^^^^^^^^^^^^^^^^^^^^^^^^^^^^^^^^^^^^^^^^^\n  File \"/home/runner/work/Selenium-Python-Example/Selenium-Python-Example/.venv/lib/python3.12/site-packages/_pytest/fixtures.py\", line 884, in call_fixture_func\n    fixture_result = fixturefunc(**kwargs)\n                     ^^^^^^^^^^^^^^^^^^^^^\n  File \"/home/runner/work/Selenium-Python-Example/Selenium-Python-Example/tests/workspaces_test.py\", line 25, in setup_method_fixture\n    login(self.about_page, self.login_page)\n  File \"/home/runner/work/Selenium-Python-Example/Selenium-Python-Example/tests/workspaces_test.py\", line 15, in login\n    about_page.click_login_link()\n  File \"/home/runner/work/Selenium-Python-Example/Selenium-Python-Example/.venv/lib/python3.12/site-packages/allure_commons/_allure.py\", line 192, in impl\n    return func(*a, **kw)\n           ^^^^^^^^^^^^^^\n  File \"/home/runner/work/Selenium-Python-Example/Selenium-Python-Example/pages/about_page.py\", line 20, in click_login_link\n    self.click(self.LOGIN_LINK)\n  File \"/home/runner/work/Selenium-Python-Example/Selenium-Python-Example/pages/base_page.py\", line 60, in click\n    el: WebElement = self.wait.until(\n                     ^^^^^^^^^^^^^^^^\n  File \"/home/runner/work/Selenium-Python-Example/Selenium-Python-Example/.venv/lib/python3.12/site-packages/selenium/webdriver/support/wait.py\", line 105, in until\n    raise TimeoutException(message, screen, stacktrace)\n","steps":[{"name":"Click Login link","time":{"start":1719278244233,"stop":1719278254518,"duration":10285},"status":"broken","statusMessage":"selenium.common.exceptions.TimeoutException: Message: \nStacktrace:\n#0 0x5622f06f36aa <unknown>\n#1 0x5622f03d60dc <unknown>\n#2 0x5622f0422931 <unknown>\n#3 0x5622f0422a21 <unknown>\n#4 0x5622f0467234 <unknown>\n#5 0x5622f044589d <unknown>\n#6 0x5622f04645c3 <unknown>\n#7 0x5622f0445613 <unknown>\n#8 0x5622f04154f7 <unknown>\n#9 0x5622f0415e4e <unknown>\n#10 0x5622f06b987b <unknown>\n#11 0x5622f06bd921 <unknown>\n#12 0x5622f06a536e <unknown>\n#13 0x5622f06be482 <unknown>\n#14 0x5622f0689ccf <unknown>\n#15 0x5622f06e30a8 <unknown>\n#16 0x5622f06e3280 <unknown>\n#17 0x5622f06f27dc <unknown>\n#18 0x7f1352894ac3 <unknown>\n\n","statusTrace":"  File \"/home/runner/work/Selenium-Python-Example/Selenium-Python-Example/.venv/lib/python3.12/site-packages/allure_commons/_allure.py\", line 192, in impl\n    return func(*a, **kw)\n           ^^^^^^^^^^^^^^\n  File \"/home/runner/work/Selenium-Python-Example/Selenium-Python-Example/pages/about_page.py\", line 20, in click_login_link\n    self.click(self.LOGIN_LINK)\n  File \"/home/runner/work/Selenium-Python-Example/Selenium-Python-Example/pages/base_page.py\", line 60, in click\n    el: WebElement = self.wait.until(\n                     ^^^^^^^^^^^^^^^^\n  File \"/home/runner/work/Selenium-Python-Example/Selenium-Python-Example/.venv/lib/python3.12/site-packages/selenium/webdriver/support/wait.py\", line 105, in until\n    raise TimeoutException(message, screen, stacktrace)\n","steps":[],"attachments":[],"parameters":[],"shouldDisplayMessage":true,"stepsCount":0,"attachmentsCount":0,"hasContent":true,"attachmentStep":false}],"attachments":[],"parameters":[],"shouldDisplayMessage":false,"stepsCount":1,"attachmentsCount":0,"hasContent":true,"attachmentStep":false}],"testStage":{"description":"Rename an existing workspace","status":"broken","statusMessage":"selenium.common.exceptions.TimeoutException: Message: \nStacktrace:\n#0 0x5622f06f36aa <unknown>\n#1 0x5622f03d60dc <unknown>\n#2 0x5622f0422931 <unknown>\n#3 0x5622f0422a21 <unknown>\n#4 0x5622f0467234 <unknown>\n#5 0x5622f044589d <unknown>\n#6 0x5622f04645c3 <unknown>\n#7 0x5622f0445613 <unknown>\n#8 0x5622f04154f7 <unknown>\n#9 0x5622f0415e4e <unknown>\n#10 0x5622f06b987b <unknown>\n#11 0x5622f06bd921 <unknown>\n#12 0x5622f06a536e <unknown>\n#13 0x5622f06be482 <unknown>\n#14 0x5622f0689ccf <unknown>\n#15 0x5622f06e30a8 <unknown>\n#16 0x5622f06e3280 <unknown>\n#17 0x5622f06f27dc <unknown>\n#18 0x7f1352894ac3 <unknown>","statusTrace":"self = <tests.workspaces_test.TestWorkspaces object at 0x7f40b66ccf80>\n\n    @pytest.fixture(autouse=True)\n    def setup_method_fixture(self):\n>       login(self.about_page, self.login_page)\n\ntests/workspaces_test.py:25: \n_ _ _ _ _ _ _ _ _ _ _ _ _ _ _ _ _ _ _ _ _ _ _ _ _ _ _ _ _ _ _ _ _ _ _ _ _ _ _ _ \ntests/workspaces_test.py:15: in login\n    about_page.click_login_link()\npages/about_page.py:20: in click_login_link\n    self.click(self.LOGIN_LINK)\npages/base_page.py:60: in click\n    el: WebElement = self.wait.until(\n_ _ _ _ _ _ _ _ _ _ _ _ _ _ _ _ _ _ _ _ _ _ _ _ _ _ _ _ _ _ _ _ _ _ _ _ _ _ _ _ \n\nself = <selenium.webdriver.support.wait.WebDriverWait (session=\"8307b84ca97eb6ba49f0d79075aa77cf\")>\nmethod = <function element_to_be_clickable.<locals>._predicate at 0x7f40b63c5580>\nmessage = ''\n\n    def until(self, method: Callable[[D], Union[Literal[False], T]], message: str = \"\") -> T:\n        \"\"\"Calls the method provided with the driver as an argument until the \\\n        return value does not evaluate to ``False``.\n    \n        :param method: callable(WebDriver)\n        :param message: optional message for :exc:`TimeoutException`\n        :returns: the result of the last call to `method`\n        :raises: :exc:`selenium.common.exceptions.TimeoutException` if timeout occurs\n        \"\"\"\n        screen = None\n        stacktrace = None\n    \n        end_time = time.monotonic() + self._timeout\n        while True:\n            try:\n                value = method(self._driver)\n                if value:\n                    return value\n            except self._ignored_exceptions as exc:\n                screen = getattr(exc, \"screen\", None)\n                stacktrace = getattr(exc, \"stacktrace\", None)\n            time.sleep(self._poll)\n            if time.monotonic() > end_time:\n                break\n>       raise TimeoutException(message, screen, stacktrace)\nE       selenium.common.exceptions.TimeoutException: Message: \nE       Stacktrace:\nE       #0 0x5622f06f36aa <unknown>\nE       #1 0x5622f03d60dc <unknown>\nE       #2 0x5622f0422931 <unknown>\nE       #3 0x5622f0422a21 <unknown>\nE       #4 0x5622f0467234 <unknown>\nE       #5 0x5622f044589d <unknown>\nE       #6 0x5622f04645c3 <unknown>\nE       #7 0x5622f0445613 <unknown>\nE       #8 0x5622f04154f7 <unknown>\nE       #9 0x5622f0415e4e <unknown>\nE       #10 0x5622f06b987b <unknown>\nE       #11 0x5622f06bd921 <unknown>\nE       #12 0x5622f06a536e <unknown>\nE       #13 0x5622f06be482 <unknown>\nE       #14 0x5622f0689ccf <unknown>\nE       #15 0x5622f06e30a8 <unknown>\nE       #16 0x5622f06e3280 <unknown>\nE       #17 0x5622f06f27dc <unknown>\nE       #18 0x7f1352894ac3 <unknown>\n\n.venv/lib/python3.12/site-packages/selenium/webdriver/support/wait.py:105: TimeoutException","steps":[{"name":"public ip address","time":{"start":1719278254533,"stop":1719278254606,"duration":73},"status":"passed","steps":[],"attachments":[{"uid":"df6a53c9d416cde8","name":"HTTP logs of http://checkip.amazonaws.com/","source":"df6a53c9d416cde8.txt","type":"text/plain","size":358}],"parameters":[],"shouldDisplayMessage":false,"stepsCount":0,"attachmentsCount":1,"hasContent":true,"attachmentStep":false}],"attachments":[{"uid":"9e1ef2bf4c8e12d6","name":"Cookies","source":"9e1ef2bf4c8e12d6.json","type":"application/json","size":3585},{"uid":"17cbc40a702544a8","name":"Session Storage","source":"17cbc40a702544a8.json","type":"application/json","size":359},{"uid":"b94f24fad4cdb8da","name":"Local Storage","source":"b94f24fad4cdb8da.json","type":"application/json","size":294},{"uid":"628656ff15a94aa8","name":"Console Logs","source":"628656ff15a94aa8.json","type":"application/json","size":2},{"uid":"c44d3f74bbf58786","name":"Full Page Screenshot","source":"c44d3f74bbf58786.png","type":"image/png","size":5695915},{"uid":"2a5fbca7109f451b","name":"URL","source":"2a5fbca7109f451b.uri","type":"text/uri-list","size":23},{"uid":"23f28149e92b777c","name":"Network Logs","source":"23f28149e92b777c.json","type":"application/json","size":66346}],"parameters":[],"shouldDisplayMessage":true,"stepsCount":1,"attachmentsCount":8,"hasContent":true,"attachmentStep":false},"afterStages":[],"labels":[{"name":"story","value":"WorkSpaces Creation and Editing Functionality"},{"name":"severity","value":"normal"},{"name":"epic","value":"Workspaces"},{"name":"tag","value":"run(order=2)"},{"name":"parentSuite","value":"tests"},{"name":"suite","value":"workspaces_test"},{"name":"subSuite","value":"TestWorkspaces"},{"name":"host","value":"fv-az692-824"},{"name":"thread","value":"2389-MainThread"},{"name":"framework","value":"pytest"},{"name":"language","value":"cpython3"},{"name":"package","value":"tests.workspaces_test"},{"name":"resultFormat","value":"allure2"}],"parameters":[],"links":[],"hidden":false,"retry":false,"extra":{"severity":"normal","retries":[],"categories":[{"name":"Test defects","matchedStatuses":[],"flaky":false}],"tags":["run(order=2)"]},"source":"ed5c2ac79cb8bd99.json","parameterValues":[]}