{"uid":"df9a30959606e08b","name":"Rename an existing workspace test","fullName":"tests.workspaces_test.TestWorkspaces#test_rename_workspace","historyId":"cd63adf5d11191c5904362b968c9e131","time":{"start":1743817418951,"stop":1743817418951,"duration":0},"description":"Rename an existing workspace","descriptionHtml":"<p>Rename an existing workspace</p>\n","status":"broken","statusMessage":"selenium.common.exceptions.TimeoutException: Message: \nStacktrace:\n#0 0x55ae3196e53a <unknown>\n#1 0x55ae31469f00 <unknown>\n#2 0x55ae314b9c0c <unknown>\n#3 0x55ae314b9e31 <unknown>\n#4 0x55ae314ffbd4 <unknown>\n#5 0x55ae314de5cd <unknown>\n#6 0x55ae314fcf84 <unknown>\n#7 0x55ae314de343 <unknown>\n#8 0x55ae314ab78a <unknown>\n#9 0x55ae314ac9de <unknown>\n#10 0x55ae319382cb <unknown>\n#11 0x55ae3193c242 <unknown>\n#12 0x55ae319257ac <unknown>\n#13 0x55ae3193cdf7 <unknown>\n#14 0x55ae31909b2f <unknown>\n#15 0x55ae3195d1a8 <unknown>\n#16 0x55ae3195d370 <unknown>\n#17 0x55ae3196d3b6 <unknown>\n#18 0x7fcb6729caa4 <unknown>\n#19 0x7fcb67329c3c <unknown>","statusTrace":"self = <tests.workspaces_test.TestWorkspaces object at 0x7f4012b811d0>\n\n    @pytest.fixture(autouse=True)\n    def setup_method_fixture(self):\n>       login(self.about_page, self.login_page)\n\ntests/workspaces_test.py:25: \n_ _ _ _ _ _ _ _ _ _ _ _ _ _ _ _ _ _ _ _ _ _ _ _ _ _ _ _ _ _ _ _ _ _ _ _ _ _ _ _ \ntests/workspaces_test.py:15: in login\n    about_page.click_login_link()\npages/about_page.py:20: in click_login_link\n    self.click(self.LOGIN_LINK)\npages/base_page.py:60: in click\n    el: WebElement = self.wait.until(\n_ _ _ _ _ _ _ _ _ _ _ _ _ _ _ _ _ _ _ _ _ _ _ _ _ _ _ _ _ _ _ _ _ _ _ _ _ _ _ _ \n\nself = <selenium.webdriver.support.wait.WebDriverWait (session=\"e97109aaaefb7d0235132ae7dbaf3246\")>\nmethod = <function element_to_be_clickable.<locals>._predicate at 0x7f4012a931a0>\nmessage = ''\n\n    def until(self, method: Callable[[D], Union[Literal[False], T]], message: str = \"\") -> T:\n        \"\"\"Wait until the method returns a value that is not False.\n    \n        Calls the method provided with the driver as an argument until the\n        return value does not evaluate to ``False``.\n    \n        Parameters:\n        ----------\n        method: callable(WebDriver)\n            - A callable object that takes a WebDriver instance as an argument.\n    \n        message: str\n            - Optional message for :exc:`TimeoutException`\n    \n        Return:\n        -------\n        object: T\n            - The result of the last call to `method`\n    \n        Raises:\n        -------\n        TimeoutException\n            - If 'method' does not return a truthy value within the WebDriverWait\n            object's timeout\n    \n        Example:\n        --------\n        >>> from selenium.webdriver.common.by import By\n        >>> from selenium.webdriver.support.ui import WebDriverWait\n        >>> from selenium.webdriver.support import expected_conditions as EC\n    \n        # Wait until an element is visible on the page\n        >>> wait = WebDriverWait(driver, 10)\n        >>> element = wait.until(EC.visibility_of_element_located((By.ID, \"exampleId\")))\n        >>> print(element.text)\n        \"\"\"\n        screen = None\n        stacktrace = None\n    \n        end_time = time.monotonic() + self._timeout\n        while True:\n            try:\n                value = method(self._driver)\n                if value:\n                    return value\n            except self._ignored_exceptions as exc:\n                screen = getattr(exc, \"screen\", None)\n                stacktrace = getattr(exc, \"stacktrace\", None)\n            if time.monotonic() > end_time:\n                break\n            time.sleep(self._poll)\n>       raise TimeoutException(message, screen, stacktrace)\nE       selenium.common.exceptions.TimeoutException: Message: \nE       Stacktrace:\nE       #0 0x55ae3196e53a <unknown>\nE       #1 0x55ae31469f00 <unknown>\nE       #2 0x55ae314b9c0c <unknown>\nE       #3 0x55ae314b9e31 <unknown>\nE       #4 0x55ae314ffbd4 <unknown>\nE       #5 0x55ae314de5cd <unknown>\nE       #6 0x55ae314fcf84 <unknown>\nE       #7 0x55ae314de343 <unknown>\nE       #8 0x55ae314ab78a <unknown>\nE       #9 0x55ae314ac9de <unknown>\nE       #10 0x55ae319382cb <unknown>\nE       #11 0x55ae3193c242 <unknown>\nE       #12 0x55ae319257ac <unknown>\nE       #13 0x55ae3193cdf7 <unknown>\nE       #14 0x55ae31909b2f <unknown>\nE       #15 0x55ae3195d1a8 <unknown>\nE       #16 0x55ae3195d370 <unknown>\nE       #17 0x55ae3196d3b6 <unknown>\nE       #18 0x7fcb6729caa4 <unknown>\nE       #19 0x7fcb67329c3c <unknown>\n\n.venv/lib/python3.13/site-packages/selenium/webdriver/support/wait.py:146: TimeoutException","flaky":false,"newFailed":false,"newBroken":false,"newPassed":false,"retriesCount":0,"retriesStatusChange":false,"beforeStages":[{"name":"_verify_url","time":{"start":1743817406823,"stop":1743817406824,"duration":1},"status":"passed","steps":[],"attachments":[],"parameters":[],"shouldDisplayMessage":false,"stepsCount":0,"attachmentsCount":0,"hasContent":false,"attachmentStep":false},{"name":"base_url","time":{"start":1743817406823,"stop":1743817406823,"duration":0},"status":"passed","steps":[],"attachments":[],"parameters":[],"shouldDisplayMessage":false,"stepsCount":0,"attachmentsCount":0,"hasContent":false,"attachmentStep":false},{"name":"session_request","time":{"start":1743817406824,"stop":1743817406824,"duration":0},"status":"passed","steps":[],"attachments":[],"parameters":[],"shouldDisplayMessage":false,"stepsCount":0,"attachmentsCount":0,"hasContent":false,"attachmentStep":false},{"name":"data","time":{"start":1743817406824,"stop":1743817406825,"duration":1},"status":"passed","steps":[],"attachments":[],"parameters":[],"shouldDisplayMessage":false,"stepsCount":0,"attachmentsCount":0,"hasContent":false,"attachmentStep":false},{"name":"setup_method_fixture","time":{"start":1743817421234,"stop":1743817431236,"duration":10002},"status":"broken","statusMessage":"selenium.common.exceptions.TimeoutException: Message: \nStacktrace:\n#0 0x55ae3196e53a <unknown>\n#1 0x55ae31469f00 <unknown>\n#2 0x55ae314b9c0c <unknown>\n#3 0x55ae314b9e31 <unknown>\n#4 0x55ae314ffbd4 <unknown>\n#5 0x55ae314de5cd <unknown>\n#6 0x55ae314fcf84 <unknown>\n#7 0x55ae314de343 <unknown>\n#8 0x55ae314ab78a <unknown>\n#9 0x55ae314ac9de <unknown>\n#10 0x55ae319382cb <unknown>\n#11 0x55ae3193c242 <unknown>\n#12 0x55ae319257ac <unknown>\n#13 0x55ae3193cdf7 <unknown>\n#14 0x55ae31909b2f <unknown>\n#15 0x55ae3195d1a8 <unknown>\n#16 0x55ae3195d370 <unknown>\n#17 0x55ae3196d3b6 <unknown>\n#18 0x7fcb6729caa4 <unknown>\n#19 0x7fcb67329c3c <unknown>\n\n","statusTrace":"  File \"/home/runner/work/Selenium-Python-Example/Selenium-Python-Example/.venv/lib/python3.13/site-packages/pluggy/_callers.py\", line 167, in _multicall\n    teardown.throw(outcome._exception)\n    ~~~~~~~~~~~~~~^^^^^^^^^^^^^^^^^^^^\n  File \"/home/runner/work/Selenium-Python-Example/Selenium-Python-Example/.venv/lib/python3.13/site-packages/_pytest/setuponly.py\", line 36, in pytest_fixture_setup\n    return (yield)\n            ^^^^^\n  File \"/home/runner/work/Selenium-Python-Example/Selenium-Python-Example/.venv/lib/python3.13/site-packages/pluggy/_callers.py\", line 103, in _multicall\n    res = hook_impl.function(*args)\n  File \"/home/runner/work/Selenium-Python-Example/Selenium-Python-Example/.venv/lib/python3.13/site-packages/_pytest/fixtures.py\", line 1140, in pytest_fixture_setup\n    result = call_fixture_func(fixturefunc, request, kwargs)\n  File \"/home/runner/work/Selenium-Python-Example/Selenium-Python-Example/.venv/lib/python3.13/site-packages/_pytest/fixtures.py\", line 898, in call_fixture_func\n    fixture_result = fixturefunc(**kwargs)\n  File \"/home/runner/work/Selenium-Python-Example/Selenium-Python-Example/tests/workspaces_test.py\", line 25, in setup_method_fixture\n    login(self.about_page, self.login_page)\n    ~~~~~^^^^^^^^^^^^^^^^^^^^^^^^^^^^^^^^^^\n  File \"/home/runner/work/Selenium-Python-Example/Selenium-Python-Example/tests/workspaces_test.py\", line 15, in login\n    about_page.click_login_link()\n    ~~~~~~~~~~~~~~~~~~~~~~~~~~~^^\n  File \"/home/runner/work/Selenium-Python-Example/Selenium-Python-Example/.venv/lib/python3.13/site-packages/allure_commons/_allure.py\", line 192, in impl\n    return func(*a, **kw)\n  File \"/home/runner/work/Selenium-Python-Example/Selenium-Python-Example/pages/about_page.py\", line 20, in click_login_link\n    self.click(self.LOGIN_LINK)\n    ~~~~~~~~~~^^^^^^^^^^^^^^^^^\n  File \"/home/runner/work/Selenium-Python-Example/Selenium-Python-Example/pages/base_page.py\", line 60, in click\n    el: WebElement = self.wait.until(\n                     ~~~~~~~~~~~~~~~^\n        expected_conditions.element_to_be_clickable(locator)\n        ^^^^^^^^^^^^^^^^^^^^^^^^^^^^^^^^^^^^^^^^^^^^^^^^^^^^\n    )\n    ^\n  File \"/home/runner/work/Selenium-Python-Example/Selenium-Python-Example/.venv/lib/python3.13/site-packages/selenium/webdriver/support/wait.py\", line 146, in until\n    raise TimeoutException(message, screen, stacktrace)\n","steps":[{"name":"Click Login link","time":{"start":1743817421234,"stop":1743817431235,"duration":10001},"status":"broken","statusMessage":"selenium.common.exceptions.TimeoutException: Message: \nStacktrace:\n#0 0x55ae3196e53a <unknown>\n#1 0x55ae31469f00 <unknown>\n#2 0x55ae314b9c0c <unknown>\n#3 0x55ae314b9e31 <unknown>\n#4 0x55ae314ffbd4 <unknown>\n#5 0x55ae314de5cd <unknown>\n#6 0x55ae314fcf84 <unknown>\n#7 0x55ae314de343 <unknown>\n#8 0x55ae314ab78a <unknown>\n#9 0x55ae314ac9de <unknown>\n#10 0x55ae319382cb <unknown>\n#11 0x55ae3193c242 <unknown>\n#12 0x55ae319257ac <unknown>\n#13 0x55ae3193cdf7 <unknown>\n#14 0x55ae31909b2f <unknown>\n#15 0x55ae3195d1a8 <unknown>\n#16 0x55ae3195d370 <unknown>\n#17 0x55ae3196d3b6 <unknown>\n#18 0x7fcb6729caa4 <unknown>\n#19 0x7fcb67329c3c <unknown>\n\n","statusTrace":"  File \"/home/runner/work/Selenium-Python-Example/Selenium-Python-Example/.venv/lib/python3.13/site-packages/allure_commons/_allure.py\", line 192, in impl\n    return func(*a, **kw)\n  File \"/home/runner/work/Selenium-Python-Example/Selenium-Python-Example/pages/about_page.py\", line 20, in click_login_link\n    self.click(self.LOGIN_LINK)\n    ~~~~~~~~~~^^^^^^^^^^^^^^^^^\n  File \"/home/runner/work/Selenium-Python-Example/Selenium-Python-Example/pages/base_page.py\", line 60, in click\n    el: WebElement = self.wait.until(\n                     ~~~~~~~~~~~~~~~^\n        expected_conditions.element_to_be_clickable(locator)\n        ^^^^^^^^^^^^^^^^^^^^^^^^^^^^^^^^^^^^^^^^^^^^^^^^^^^^\n    )\n    ^\n  File \"/home/runner/work/Selenium-Python-Example/Selenium-Python-Example/.venv/lib/python3.13/site-packages/selenium/webdriver/support/wait.py\", line 146, in until\n    raise TimeoutException(message, screen, stacktrace)\n","steps":[],"attachments":[],"parameters":[],"shouldDisplayMessage":true,"stepsCount":0,"attachmentsCount":0,"hasContent":true,"attachmentStep":false}],"attachments":[],"parameters":[],"shouldDisplayMessage":false,"stepsCount":1,"attachmentsCount":0,"hasContent":true,"attachmentStep":false}],"testStage":{"description":"Rename an existing workspace","status":"broken","statusMessage":"selenium.common.exceptions.TimeoutException: Message: \nStacktrace:\n#0 0x55ae3196e53a <unknown>\n#1 0x55ae31469f00 <unknown>\n#2 0x55ae314b9c0c <unknown>\n#3 0x55ae314b9e31 <unknown>\n#4 0x55ae314ffbd4 <unknown>\n#5 0x55ae314de5cd <unknown>\n#6 0x55ae314fcf84 <unknown>\n#7 0x55ae314de343 <unknown>\n#8 0x55ae314ab78a <unknown>\n#9 0x55ae314ac9de <unknown>\n#10 0x55ae319382cb <unknown>\n#11 0x55ae3193c242 <unknown>\n#12 0x55ae319257ac <unknown>\n#13 0x55ae3193cdf7 <unknown>\n#14 0x55ae31909b2f <unknown>\n#15 0x55ae3195d1a8 <unknown>\n#16 0x55ae3195d370 <unknown>\n#17 0x55ae3196d3b6 <unknown>\n#18 0x7fcb6729caa4 <unknown>\n#19 0x7fcb67329c3c <unknown>","statusTrace":"self = <tests.workspaces_test.TestWorkspaces object at 0x7f4012b811d0>\n\n    @pytest.fixture(autouse=True)\n    def setup_method_fixture(self):\n>       login(self.about_page, self.login_page)\n\ntests/workspaces_test.py:25: \n_ _ _ _ _ _ _ _ _ _ _ _ _ _ _ _ _ _ _ _ _ _ _ _ _ _ _ _ _ _ _ _ _ _ _ _ _ _ _ _ \ntests/workspaces_test.py:15: in login\n    about_page.click_login_link()\npages/about_page.py:20: in click_login_link\n    self.click(self.LOGIN_LINK)\npages/base_page.py:60: in click\n    el: WebElement = self.wait.until(\n_ _ _ _ _ _ _ _ _ _ _ _ _ _ _ _ _ _ _ _ _ _ _ _ _ _ _ _ _ _ _ _ _ _ _ _ _ _ _ _ \n\nself = <selenium.webdriver.support.wait.WebDriverWait (session=\"e97109aaaefb7d0235132ae7dbaf3246\")>\nmethod = <function element_to_be_clickable.<locals>._predicate at 0x7f4012a931a0>\nmessage = ''\n\n    def until(self, method: Callable[[D], Union[Literal[False], T]], message: str = \"\") -> T:\n        \"\"\"Wait until the method returns a value that is not False.\n    \n        Calls the method provided with the driver as an argument until the\n        return value does not evaluate to ``False``.\n    \n        Parameters:\n        ----------\n        method: callable(WebDriver)\n            - A callable object that takes a WebDriver instance as an argument.\n    \n        message: str\n            - Optional message for :exc:`TimeoutException`\n    \n        Return:\n        -------\n        object: T\n            - The result of the last call to `method`\n    \n        Raises:\n        -------\n        TimeoutException\n            - If 'method' does not return a truthy value within the WebDriverWait\n            object's timeout\n    \n        Example:\n        --------\n        >>> from selenium.webdriver.common.by import By\n        >>> from selenium.webdriver.support.ui import WebDriverWait\n        >>> from selenium.webdriver.support import expected_conditions as EC\n    \n        # Wait until an element is visible on the page\n        >>> wait = WebDriverWait(driver, 10)\n        >>> element = wait.until(EC.visibility_of_element_located((By.ID, \"exampleId\")))\n        >>> print(element.text)\n        \"\"\"\n        screen = None\n        stacktrace = None\n    \n        end_time = time.monotonic() + self._timeout\n        while True:\n            try:\n                value = method(self._driver)\n                if value:\n                    return value\n            except self._ignored_exceptions as exc:\n                screen = getattr(exc, \"screen\", None)\n                stacktrace = getattr(exc, \"stacktrace\", None)\n            if time.monotonic() > end_time:\n                break\n            time.sleep(self._poll)\n>       raise TimeoutException(message, screen, stacktrace)\nE       selenium.common.exceptions.TimeoutException: Message: \nE       Stacktrace:\nE       #0 0x55ae3196e53a <unknown>\nE       #1 0x55ae31469f00 <unknown>\nE       #2 0x55ae314b9c0c <unknown>\nE       #3 0x55ae314b9e31 <unknown>\nE       #4 0x55ae314ffbd4 <unknown>\nE       #5 0x55ae314de5cd <unknown>\nE       #6 0x55ae314fcf84 <unknown>\nE       #7 0x55ae314de343 <unknown>\nE       #8 0x55ae314ab78a <unknown>\nE       #9 0x55ae314ac9de <unknown>\nE       #10 0x55ae319382cb <unknown>\nE       #11 0x55ae3193c242 <unknown>\nE       #12 0x55ae319257ac <unknown>\nE       #13 0x55ae3193cdf7 <unknown>\nE       #14 0x55ae31909b2f <unknown>\nE       #15 0x55ae3195d1a8 <unknown>\nE       #16 0x55ae3195d370 <unknown>\nE       #17 0x55ae3196d3b6 <unknown>\nE       #18 0x7fcb6729caa4 <unknown>\nE       #19 0x7fcb67329c3c <unknown>\n\n.venv/lib/python3.13/site-packages/selenium/webdriver/support/wait.py:146: TimeoutException","steps":[{"name":"public ip address","time":{"start":1743817431253,"stop":1743817431284,"duration":31},"status":"passed","steps":[],"attachments":[{"uid":"df2b83837874ac6f","name":"HTTP logs of http://checkip.amazonaws.com/","source":"df2b83837874ac6f.txt","type":"text/plain","size":356}],"parameters":[],"shouldDisplayMessage":false,"stepsCount":0,"attachmentsCount":1,"hasContent":true,"attachmentStep":false}],"attachments":[{"uid":"f08f869439f8e245","name":"Cookies","source":"f08f869439f8e245.json","type":"application/json","size":4112},{"uid":"4881845b1231c35e","name":"Session Storage","source":"4881845b1231c35e.json","type":"application/json","size":358},{"uid":"1a88317ab502e10f","name":"Local Storage","source":"1a88317ab502e10f.json","type":"application/json","size":350},{"uid":"5684106bf203c35c","name":"Full Page Screenshot","source":"5684106bf203c35c.png","type":"image/png","size":1358357},{"uid":"4598dcf7d35d56cd","name":"URL","source":"4598dcf7d35d56cd.uri","type":"text/uri-list","size":23},{"uid":"e24d3a4bf3c2c8ff","name":"Network Logs","source":"e24d3a4bf3c2c8ff.json","type":"application/json","size":59461}],"parameters":[],"shouldDisplayMessage":true,"stepsCount":1,"attachmentsCount":7,"hasContent":true,"attachmentStep":false},"afterStages":[{"name":"session_request::0","time":{"start":1743817559939,"stop":1743817559939,"duration":0},"status":"passed","steps":[],"attachments":[],"parameters":[],"shouldDisplayMessage":false,"stepsCount":0,"attachmentsCount":0,"hasContent":false,"attachmentStep":false}],"labels":[{"name":"story","value":"WorkSpaces Creation and Editing Functionality"},{"name":"epic","value":"Workspaces"},{"name":"severity","value":"normal"},{"name":"tag","value":"run(order=2)"},{"name":"parentSuite","value":"tests"},{"name":"suite","value":"workspaces_test"},{"name":"subSuite","value":"TestWorkspaces"},{"name":"host","value":"fv-az1657-525"},{"name":"thread","value":"2057-MainThread"},{"name":"framework","value":"pytest"},{"name":"language","value":"cpython3"},{"name":"package","value":"tests.workspaces_test"},{"name":"resultFormat","value":"allure2"}],"parameters":[],"links":[],"hidden":false,"retry":false,"extra":{"severity":"normal","retries":[],"categories":[{"name":"Test defects","matchedStatuses":[],"flaky":false}],"history":{"statistic":{"failed":0,"broken":4,"skipped":0,"passed":0,"unknown":0,"total":4},"items":[{"uid":"1f88e932e06346d7","reportUrl":"https://nirtal85.github.io/Selenium-Python-Example/611//#testresult/1f88e932e06346d7","status":"broken","statusDetails":"selenium.common.exceptions.TimeoutException: Message: \nStacktrace:\n#0 0x55674f35153a <unknown>\n#1 0x55674ee4cf00 <unknown>\n#2 0x55674ee9cc0c <unknown>\n#3 0x55674ee9ce31 <unknown>\n#4 0x55674eee2bd4 <unknown>\n#5 0x55674eec15cd <unknown>\n#6 0x55674eedff84 <unknown>\n#7 0x55674eec1343 <unknown>\n#8 0x55674ee8e78a <unknown>\n#9 0x55674ee8f9de <unknown>\n#10 0x55674f31b2cb <unknown>\n#11 0x55674f31f242 <unknown>\n#12 0x55674f3087ac <unknown>\n#13 0x55674f31fdf7 <unknown>\n#14 0x55674f2ecb2f <unknown>\n#15 0x55674f3401a8 <unknown>\n#16 0x55674f340370 <unknown>\n#17 0x55674f3503b6 <unknown>\n#18 0x7f2020a9caa4 <unknown>\n#19 0x7f2020b29c3c <unknown>","time":{"start":1743731100301,"stop":1743731100301,"duration":0}},{"uid":"a4800f561179bfaf","reportUrl":"https://nirtal85.github.io/Selenium-Python-Example/610//#testresult/a4800f561179bfaf","status":"broken","statusDetails":"selenium.common.exceptions.TimeoutException: Message: \nStacktrace:\n#0 0x555b03ee553a <unknown>\n#1 0x555b039e0f00 <unknown>\n#2 0x555b03a30c0c <unknown>\n#3 0x555b03a30e31 <unknown>\n#4 0x555b03a76bd4 <unknown>\n#5 0x555b03a555cd <unknown>\n#6 0x555b03a73f84 <unknown>\n#7 0x555b03a55343 <unknown>\n#8 0x555b03a2278a <unknown>\n#9 0x555b03a239de <unknown>\n#10 0x555b03eaf2cb <unknown>\n#11 0x555b03eb3242 <unknown>\n#12 0x555b03e9c7ac <unknown>\n#13 0x555b03eb3df7 <unknown>\n#14 0x555b03e80b2f <unknown>\n#15 0x555b03ed41a8 <unknown>\n#16 0x555b03ed4370 <unknown>\n#17 0x555b03ee43b6 <unknown>\n#18 0x7fdbcd69caa4 <unknown>\n#19 0x7fdbcd729c3c <unknown>","time":{"start":1743644700943,"stop":1743644700943,"duration":0}},{"uid":"3fb4a9cf828f7bf9","reportUrl":"https://nirtal85.github.io/Selenium-Python-Example/609//#testresult/3fb4a9cf828f7bf9","status":"broken","statusDetails":"selenium.common.exceptions.TimeoutException: Message: \nStacktrace:\n#0 0x55869af0453a <unknown>\n#1 0x55869a9fff00 <unknown>\n#2 0x55869aa4fc0c <unknown>\n#3 0x55869aa4fe31 <unknown>\n#4 0x55869aa95bd4 <unknown>\n#5 0x55869aa745cd <unknown>\n#6 0x55869aa92f84 <unknown>\n#7 0x55869aa74343 <unknown>\n#8 0x55869aa4178a <unknown>\n#9 0x55869aa429de <unknown>\n#10 0x55869aece2cb <unknown>\n#11 0x55869aed2242 <unknown>\n#12 0x55869aebb7ac <unknown>\n#13 0x55869aed2df7 <unknown>\n#14 0x55869ae9fb2f <unknown>\n#15 0x55869aef31a8 <unknown>\n#16 0x55869aef3370 <unknown>\n#17 0x55869af033b6 <unknown>\n#18 0x7f751ee9caa4 <unknown>\n#19 0x7f751ef29c3c <unknown>","time":{"start":1743558397050,"stop":1743558397050,"duration":0}}]},"tags":["run(order=2)"]},"source":"df9a30959606e08b.json","parameterValues":[]}