{"uid":"16d88e48d133810b","name":"Cancel a project deletion","fullName":"tests.workspaces_test.TestWorkspaces#test_cancel_project_deletion","historyId":"4e88bda60b0c69cc538a06ace82098c3","time":{"start":1712797969335,"stop":1712797969335,"duration":0},"description":"Cancel project deletion","descriptionHtml":"<p>Cancel project deletion</p>\n","status":"broken","statusMessage":"selenium.common.exceptions.TimeoutException: Message: \nStacktrace:\n#0 0x5644c1c57873 <unknown>\n#1 0x5644c194d8c6 <unknown>\n#2 0x5644c1998618 <unknown>\n#3 0x5644c19986d1 <unknown>\n#4 0x5644c19db744 <unknown>\n#5 0x5644c19ba5cd <unknown>\n#6 0x5644c19d8c19 <unknown>\n#7 0x5644c19ba343 <unknown>\n#8 0x5644c198b593 <unknown>\n#9 0x5644c198bf5e <unknown>\n#10 0x5644c1c1b85b <unknown>\n#11 0x5644c1c1f7b5 <unknown>\n#12 0x5644c1c09581 <unknown>\n#13 0x5644c1c20342 <unknown>\n#14 0x5644c1bee88f <unknown>\n#15 0x5644c1c46738 <unknown>\n#16 0x5644c1c4690b <unknown>\n#17 0x5644c1c569c4 <unknown>\n#18 0x7f9131494ac3 <unknown>","statusTrace":"self = <tests.workspaces_test.TestWorkspaces object at 0x7fafb064b320>\n\n    @pytest.fixture(autouse=True)\n    def setup_method_fixture(self):\n>       login(self.about_page, self.login_page)\n\ntests/workspaces_test.py:25: \n_ _ _ _ _ _ _ _ _ _ _ _ _ _ _ _ _ _ _ _ _ _ _ _ _ _ _ _ _ _ _ _ _ _ _ _ _ _ _ _ \ntests/workspaces_test.py:15: in login\n    about_page.click_login_link()\npages/about_page.py:20: in click_login_link\n    self.click(self.LOGIN_LINK)\npages/base_page.py:60: in click\n    el: WebElement = self.wait.until(\n_ _ _ _ _ _ _ _ _ _ _ _ _ _ _ _ _ _ _ _ _ _ _ _ _ _ _ _ _ _ _ _ _ _ _ _ _ _ _ _ \n\nself = <selenium.webdriver.support.wait.WebDriverWait (session=\"9b06c9985197cc0c29600fbe91c6a58e\")>\nmethod = <function element_to_be_clickable.<locals>._predicate at 0x7fafafd9d3a0>\nmessage = ''\n\n    def until(self, method: Callable[[D], Union[Literal[False], T]], message: str = \"\") -> T:\n        \"\"\"Calls the method provided with the driver as an argument until the \\\n        return value does not evaluate to ``False``.\n    \n        :param method: callable(WebDriver)\n        :param message: optional message for :exc:`TimeoutException`\n        :returns: the result of the last call to `method`\n        :raises: :exc:`selenium.common.exceptions.TimeoutException` if timeout occurs\n        \"\"\"\n        screen = None\n        stacktrace = None\n    \n        end_time = time.monotonic() + self._timeout\n        while True:\n            try:\n                value = method(self._driver)\n                if value:\n                    return value\n            except self._ignored_exceptions as exc:\n                screen = getattr(exc, \"screen\", None)\n                stacktrace = getattr(exc, \"stacktrace\", None)\n            time.sleep(self._poll)\n            if time.monotonic() > end_time:\n                break\n>       raise TimeoutException(message, screen, stacktrace)\nE       selenium.common.exceptions.TimeoutException: Message: \nE       Stacktrace:\nE       #0 0x5644c1c57873 <unknown>\nE       #1 0x5644c194d8c6 <unknown>\nE       #2 0x5644c1998618 <unknown>\nE       #3 0x5644c19986d1 <unknown>\nE       #4 0x5644c19db744 <unknown>\nE       #5 0x5644c19ba5cd <unknown>\nE       #6 0x5644c19d8c19 <unknown>\nE       #7 0x5644c19ba343 <unknown>\nE       #8 0x5644c198b593 <unknown>\nE       #9 0x5644c198bf5e <unknown>\nE       #10 0x5644c1c1b85b <unknown>\nE       #11 0x5644c1c1f7b5 <unknown>\nE       #12 0x5644c1c09581 <unknown>\nE       #13 0x5644c1c20342 <unknown>\nE       #14 0x5644c1bee88f <unknown>\nE       #15 0x5644c1c46738 <unknown>\nE       #16 0x5644c1c4690b <unknown>\nE       #17 0x5644c1c569c4 <unknown>\nE       #18 0x7f9131494ac3 <unknown>\n\n.venv/lib/python3.12/site-packages/selenium/webdriver/support/wait.py:105: TimeoutException","flaky":false,"newFailed":false,"newBroken":false,"newPassed":false,"retriesCount":0,"retriesStatusChange":false,"beforeStages":[{"name":"_verify_url","time":{"start":1712797820182,"stop":1712797820183,"duration":1},"status":"passed","steps":[],"attachments":[],"parameters":[],"shouldDisplayMessage":false,"stepsCount":0,"attachmentsCount":0,"hasContent":false,"attachmentStep":false},{"name":"base_url","time":{"start":1712797820182,"stop":1712797820182,"duration":0},"status":"passed","steps":[],"attachments":[],"parameters":[],"shouldDisplayMessage":false,"stepsCount":0,"attachmentsCount":0,"hasContent":false,"attachmentStep":false},{"name":"session_request","time":{"start":1712797820183,"stop":1712797820183,"duration":0},"status":"passed","steps":[],"attachments":[],"parameters":[],"shouldDisplayMessage":false,"stepsCount":0,"attachmentsCount":0,"hasContent":false,"attachmentStep":false},{"name":"data","time":{"start":1712797820183,"stop":1712797820184,"duration":1},"status":"passed","steps":[],"attachments":[],"parameters":[],"shouldDisplayMessage":false,"stepsCount":0,"attachmentsCount":0,"hasContent":false,"attachmentStep":false},{"name":"setup_method_fixture","time":{"start":1712797970704,"stop":1712797980928,"duration":10224},"status":"broken","statusMessage":"selenium.common.exceptions.TimeoutException: Message: \nStacktrace:\n#0 0x5644c1c57873 <unknown>\n#1 0x5644c194d8c6 <unknown>\n#2 0x5644c1998618 <unknown>\n#3 0x5644c19986d1 <unknown>\n#4 0x5644c19db744 <unknown>\n#5 0x5644c19ba5cd <unknown>\n#6 0x5644c19d8c19 <unknown>\n#7 0x5644c19ba343 <unknown>\n#8 0x5644c198b593 <unknown>\n#9 0x5644c198bf5e <unknown>\n#10 0x5644c1c1b85b <unknown>\n#11 0x5644c1c1f7b5 <unknown>\n#12 0x5644c1c09581 <unknown>\n#13 0x5644c1c20342 <unknown>\n#14 0x5644c1bee88f <unknown>\n#15 0x5644c1c46738 <unknown>\n#16 0x5644c1c4690b <unknown>\n#17 0x5644c1c569c4 <unknown>\n#18 0x7f9131494ac3 <unknown>\n\n","statusTrace":"  File \"/home/runner/work/Selenium-Python-Example/Selenium-Python-Example/.venv/lib/python3.12/site-packages/pluggy/_callers.py\", line 166, in _multicall\n    teardown.throw(outcome._exception)\n  File \"/home/runner/work/Selenium-Python-Example/Selenium-Python-Example/.venv/lib/python3.12/site-packages/_pytest/setuponly.py\", line 36, in pytest_fixture_setup\n    return (yield)\n            ^^^^^\n  File \"/home/runner/work/Selenium-Python-Example/Selenium-Python-Example/.venv/lib/python3.12/site-packages/pluggy/_callers.py\", line 102, in _multicall\n    res = hook_impl.function(*args)\n          ^^^^^^^^^^^^^^^^^^^^^^^^^\n  File \"/home/runner/work/Selenium-Python-Example/Selenium-Python-Example/.venv/lib/python3.12/site-packages/_pytest/fixtures.py\", line 1132, in pytest_fixture_setup\n    result = call_fixture_func(fixturefunc, request, kwargs)\n             ^^^^^^^^^^^^^^^^^^^^^^^^^^^^^^^^^^^^^^^^^^^^^^^\n  File \"/home/runner/work/Selenium-Python-Example/Selenium-Python-Example/.venv/lib/python3.12/site-packages/_pytest/fixtures.py\", line 913, in call_fixture_func\n    fixture_result = fixturefunc(**kwargs)\n                     ^^^^^^^^^^^^^^^^^^^^^\n  File \"/home/runner/work/Selenium-Python-Example/Selenium-Python-Example/tests/workspaces_test.py\", line 25, in setup_method_fixture\n    login(self.about_page, self.login_page)\n  File \"/home/runner/work/Selenium-Python-Example/Selenium-Python-Example/tests/workspaces_test.py\", line 15, in login\n    about_page.click_login_link()\n  File \"/home/runner/work/Selenium-Python-Example/Selenium-Python-Example/.venv/lib/python3.12/site-packages/allure_commons/_allure.py\", line 192, in impl\n    return func(*a, **kw)\n           ^^^^^^^^^^^^^^\n  File \"/home/runner/work/Selenium-Python-Example/Selenium-Python-Example/pages/about_page.py\", line 20, in click_login_link\n    self.click(self.LOGIN_LINK)\n  File \"/home/runner/work/Selenium-Python-Example/Selenium-Python-Example/pages/base_page.py\", line 60, in click\n    el: WebElement = self.wait.until(\n                     ^^^^^^^^^^^^^^^^\n  File \"/home/runner/work/Selenium-Python-Example/Selenium-Python-Example/.venv/lib/python3.12/site-packages/selenium/webdriver/support/wait.py\", line 105, in until\n    raise TimeoutException(message, screen, stacktrace)\n","steps":[{"name":"Click Login link","time":{"start":1712797970704,"stop":1712797980928,"duration":10224},"status":"broken","statusMessage":"selenium.common.exceptions.TimeoutException: Message: \nStacktrace:\n#0 0x5644c1c57873 <unknown>\n#1 0x5644c194d8c6 <unknown>\n#2 0x5644c1998618 <unknown>\n#3 0x5644c19986d1 <unknown>\n#4 0x5644c19db744 <unknown>\n#5 0x5644c19ba5cd <unknown>\n#6 0x5644c19d8c19 <unknown>\n#7 0x5644c19ba343 <unknown>\n#8 0x5644c198b593 <unknown>\n#9 0x5644c198bf5e <unknown>\n#10 0x5644c1c1b85b <unknown>\n#11 0x5644c1c1f7b5 <unknown>\n#12 0x5644c1c09581 <unknown>\n#13 0x5644c1c20342 <unknown>\n#14 0x5644c1bee88f <unknown>\n#15 0x5644c1c46738 <unknown>\n#16 0x5644c1c4690b <unknown>\n#17 0x5644c1c569c4 <unknown>\n#18 0x7f9131494ac3 <unknown>\n\n","statusTrace":"  File \"/home/runner/work/Selenium-Python-Example/Selenium-Python-Example/.venv/lib/python3.12/site-packages/allure_commons/_allure.py\", line 192, in impl\n    return func(*a, **kw)\n           ^^^^^^^^^^^^^^\n  File \"/home/runner/work/Selenium-Python-Example/Selenium-Python-Example/pages/about_page.py\", line 20, in click_login_link\n    self.click(self.LOGIN_LINK)\n  File \"/home/runner/work/Selenium-Python-Example/Selenium-Python-Example/pages/base_page.py\", line 60, in click\n    el: WebElement = self.wait.until(\n                     ^^^^^^^^^^^^^^^^\n  File \"/home/runner/work/Selenium-Python-Example/Selenium-Python-Example/.venv/lib/python3.12/site-packages/selenium/webdriver/support/wait.py\", line 105, in until\n    raise TimeoutException(message, screen, stacktrace)\n","steps":[],"attachments":[],"parameters":[],"shouldDisplayMessage":true,"stepsCount":0,"attachmentsCount":0,"hasContent":true,"attachmentStep":false}],"attachments":[],"parameters":[],"shouldDisplayMessage":false,"stepsCount":1,"attachmentsCount":0,"hasContent":true,"attachmentStep":false}],"testStage":{"description":"Cancel project deletion","status":"broken","statusMessage":"selenium.common.exceptions.TimeoutException: Message: \nStacktrace:\n#0 0x5644c1c57873 <unknown>\n#1 0x5644c194d8c6 <unknown>\n#2 0x5644c1998618 <unknown>\n#3 0x5644c19986d1 <unknown>\n#4 0x5644c19db744 <unknown>\n#5 0x5644c19ba5cd <unknown>\n#6 0x5644c19d8c19 <unknown>\n#7 0x5644c19ba343 <unknown>\n#8 0x5644c198b593 <unknown>\n#9 0x5644c198bf5e <unknown>\n#10 0x5644c1c1b85b <unknown>\n#11 0x5644c1c1f7b5 <unknown>\n#12 0x5644c1c09581 <unknown>\n#13 0x5644c1c20342 <unknown>\n#14 0x5644c1bee88f <unknown>\n#15 0x5644c1c46738 <unknown>\n#16 0x5644c1c4690b <unknown>\n#17 0x5644c1c569c4 <unknown>\n#18 0x7f9131494ac3 <unknown>","statusTrace":"self = <tests.workspaces_test.TestWorkspaces object at 0x7fafb064b320>\n\n    @pytest.fixture(autouse=True)\n    def setup_method_fixture(self):\n>       login(self.about_page, self.login_page)\n\ntests/workspaces_test.py:25: \n_ _ _ _ _ _ _ _ _ _ _ _ _ _ _ _ _ _ _ _ _ _ _ _ _ _ _ _ _ _ _ _ _ _ _ _ _ _ _ _ \ntests/workspaces_test.py:15: in login\n    about_page.click_login_link()\npages/about_page.py:20: in click_login_link\n    self.click(self.LOGIN_LINK)\npages/base_page.py:60: in click\n    el: WebElement = self.wait.until(\n_ _ _ _ _ _ _ _ _ _ _ _ _ _ _ _ _ _ _ _ _ _ _ _ _ _ _ _ _ _ _ _ _ _ _ _ _ _ _ _ \n\nself = <selenium.webdriver.support.wait.WebDriverWait (session=\"9b06c9985197cc0c29600fbe91c6a58e\")>\nmethod = <function element_to_be_clickable.<locals>._predicate at 0x7fafafd9d3a0>\nmessage = ''\n\n    def until(self, method: Callable[[D], Union[Literal[False], T]], message: str = \"\") -> T:\n        \"\"\"Calls the method provided with the driver as an argument until the \\\n        return value does not evaluate to ``False``.\n    \n        :param method: callable(WebDriver)\n        :param message: optional message for :exc:`TimeoutException`\n        :returns: the result of the last call to `method`\n        :raises: :exc:`selenium.common.exceptions.TimeoutException` if timeout occurs\n        \"\"\"\n        screen = None\n        stacktrace = None\n    \n        end_time = time.monotonic() + self._timeout\n        while True:\n            try:\n                value = method(self._driver)\n                if value:\n                    return value\n            except self._ignored_exceptions as exc:\n                screen = getattr(exc, \"screen\", None)\n                stacktrace = getattr(exc, \"stacktrace\", None)\n            time.sleep(self._poll)\n            if time.monotonic() > end_time:\n                break\n>       raise TimeoutException(message, screen, stacktrace)\nE       selenium.common.exceptions.TimeoutException: Message: \nE       Stacktrace:\nE       #0 0x5644c1c57873 <unknown>\nE       #1 0x5644c194d8c6 <unknown>\nE       #2 0x5644c1998618 <unknown>\nE       #3 0x5644c19986d1 <unknown>\nE       #4 0x5644c19db744 <unknown>\nE       #5 0x5644c19ba5cd <unknown>\nE       #6 0x5644c19d8c19 <unknown>\nE       #7 0x5644c19ba343 <unknown>\nE       #8 0x5644c198b593 <unknown>\nE       #9 0x5644c198bf5e <unknown>\nE       #10 0x5644c1c1b85b <unknown>\nE       #11 0x5644c1c1f7b5 <unknown>\nE       #12 0x5644c1c09581 <unknown>\nE       #13 0x5644c1c20342 <unknown>\nE       #14 0x5644c1bee88f <unknown>\nE       #15 0x5644c1c46738 <unknown>\nE       #16 0x5644c1c4690b <unknown>\nE       #17 0x5644c1c569c4 <unknown>\nE       #18 0x7f9131494ac3 <unknown>\n\n.venv/lib/python3.12/site-packages/selenium/webdriver/support/wait.py:105: TimeoutException","steps":[{"name":"public ip address","time":{"start":1712797980946,"stop":1712797980963,"duration":17},"status":"passed","steps":[],"attachments":[{"uid":"9596b32b232fb61b","name":"HTTP logs of http://checkip.amazonaws.com/","source":"9596b32b232fb61b.txt","type":"text/plain","size":261}],"parameters":[],"shouldDisplayMessage":false,"stepsCount":0,"attachmentsCount":1,"hasContent":true,"attachmentStep":false}],"attachments":[{"uid":"a0508d751cc4b0bb","name":"Cookies","source":"a0508d751cc4b0bb.json","type":"application/json","size":3078},{"uid":"ce80c48509c63cfa","name":"Session Storage","source":"ce80c48509c63cfa.json","type":"application/json","size":358},{"uid":"3cd48d26ab2f5700","name":"Local Storage","source":"3cd48d26ab2f5700.json","type":"application/json","size":208},{"uid":"544c20976a88727a","name":"Console Logs","source":"544c20976a88727a.json","type":"application/json","size":653},{"uid":"891d17d14969dedf","name":"Full Page Screenshot","source":"891d17d14969dedf.png","type":"image/png","size":6240362},{"uid":"30b4e0f9ee6e71a0","name":"URL","source":"30b4e0f9ee6e71a0.uri","type":"text/uri-list","size":23},{"uid":"5d25f6854e71478c","name":"Network Logs","source":"5d25f6854e71478c.json","type":"application/json","size":23310}],"parameters":[],"shouldDisplayMessage":true,"stepsCount":1,"attachmentsCount":8,"hasContent":true,"attachmentStep":false},"afterStages":[{"name":"session_request::0","time":{"start":1712798080976,"stop":1712798080976,"duration":0},"status":"passed","steps":[],"attachments":[],"parameters":[],"shouldDisplayMessage":false,"stepsCount":0,"attachmentsCount":0,"hasContent":false,"attachmentStep":false}],"labels":[{"name":"epic","value":"Workspaces"},{"name":"severity","value":"normal"},{"name":"story","value":"WorkSpaces Creation and Editing Functionality"},{"name":"tag","value":"run(order=8)"},{"name":"parentSuite","value":"tests"},{"name":"suite","value":"workspaces_test"},{"name":"subSuite","value":"TestWorkspaces"},{"name":"host","value":"fv-az661-806"},{"name":"thread","value":"2341-MainThread"},{"name":"framework","value":"pytest"},{"name":"language","value":"cpython3"},{"name":"package","value":"tests.workspaces_test"},{"name":"resultFormat","value":"allure2"}],"parameters":[],"links":[],"hidden":false,"retry":false,"extra":{"severity":"normal","retries":[],"categories":[{"name":"Test defects","matchedStatuses":[],"flaky":false}],"tags":["run(order=8)"]},"source":"16d88e48d133810b.json","parameterValues":[]}