{"uid":"3678d0c9e6623a9b","name":"Add project to workspace test","fullName":"tests.workspaces_test.TestWorkspaces#test_add_project_to_workspace","historyId":"557b6733f5784cd469824aeac0e8ff06","time":{"start":1739929164266,"stop":1739929164266,"duration":0},"description":"Selecting and adding a project to workspace","descriptionHtml":"<p>Selecting and adding a project to workspace</p>\n","status":"broken","statusMessage":"selenium.common.exceptions.TimeoutException: Message: \nStacktrace:\n#0 0x555fb6d1b53a <unknown>\n#1 0x555fb6816f00 <unknown>\n#2 0x555fb6866c0c <unknown>\n#3 0x555fb6866e31 <unknown>\n#4 0x555fb68acbd4 <unknown>\n#5 0x555fb688b5cd <unknown>\n#6 0x555fb68a9f84 <unknown>\n#7 0x555fb688b343 <unknown>\n#8 0x555fb685878a <unknown>\n#9 0x555fb68599de <unknown>\n#10 0x555fb6ce52cb <unknown>\n#11 0x555fb6ce9242 <unknown>\n#12 0x555fb6cd27ac <unknown>\n#13 0x555fb6ce9df7 <unknown>\n#14 0x555fb6cb6b2f <unknown>\n#15 0x555fb6d0a1a8 <unknown>\n#16 0x555fb6d0a370 <unknown>\n#17 0x555fb6d1a3b6 <unknown>\n#18 0x7fa693c9caa4 <unknown>\n#19 0x7fa693d29c3c <unknown>","statusTrace":"self = <tests.workspaces_test.TestWorkspaces object at 0x7fc05f392870>\n\n    @pytest.fixture(autouse=True)\n    def setup_method_fixture(self):\n>       login(self.about_page, self.login_page)\n\ntests/workspaces_test.py:25: \n_ _ _ _ _ _ _ _ _ _ _ _ _ _ _ _ _ _ _ _ _ _ _ _ _ _ _ _ _ _ _ _ _ _ _ _ _ _ _ _ \ntests/workspaces_test.py:15: in login\n    about_page.click_login_link()\npages/about_page.py:20: in click_login_link\n    self.click(self.LOGIN_LINK)\npages/base_page.py:60: in click\n    el: WebElement = self.wait.until(\n_ _ _ _ _ _ _ _ _ _ _ _ _ _ _ _ _ _ _ _ _ _ _ _ _ _ _ _ _ _ _ _ _ _ _ _ _ _ _ _ \n\nself = <selenium.webdriver.support.wait.WebDriverWait (session=\"de95fb1c1889a877cd3ae67206e777a2\")>\nmethod = <function element_to_be_clickable.<locals>._predicate at 0x7fc05ec02d40>\nmessage = ''\n\n    def until(self, method: Callable[[D], Union[Literal[False], T]], message: str = \"\") -> T:\n        \"\"\"Wait until the method returns a value that is not False.\n    \n        Calls the method provided with the driver as an argument until the\n        return value does not evaluate to ``False``.\n    \n        Parameters:\n        ----------\n        method: callable(WebDriver)\n            - A callable object that takes a WebDriver instance as an argument.\n    \n        message: str\n            - Optional message for :exc:`TimeoutException`\n    \n        Return:\n        -------\n        object: T\n            - The result of the last call to `method`\n    \n        Raises:\n        -------\n        TimeoutException\n            - If 'method' does not return a truthy value within the WebDriverWait\n            object's timeout\n    \n        Example:\n        --------\n        >>> from selenium.webdriver.common.by import By\n        >>> from selenium.webdriver.support.ui import WebDriverWait\n        >>> from selenium.webdriver.support import expected_conditions as EC\n    \n        # Wait until an element is visible on the page\n        >>> wait = WebDriverWait(driver, 10)\n        >>> element = wait.until(EC.visibility_of_element_located((By.ID, \"exampleId\")))\n        >>> print(element.text)\n        \"\"\"\n        screen = None\n        stacktrace = None\n    \n        end_time = time.monotonic() + self._timeout\n        while True:\n            try:\n                value = method(self._driver)\n                if value:\n                    return value\n            except self._ignored_exceptions as exc:\n                screen = getattr(exc, \"screen\", None)\n                stacktrace = getattr(exc, \"stacktrace\", None)\n            if time.monotonic() > end_time:\n                break\n            time.sleep(self._poll)\n>       raise TimeoutException(message, screen, stacktrace)\nE       selenium.common.exceptions.TimeoutException: Message: \nE       Stacktrace:\nE       #0 0x555fb6d1b53a <unknown>\nE       #1 0x555fb6816f00 <unknown>\nE       #2 0x555fb6866c0c <unknown>\nE       #3 0x555fb6866e31 <unknown>\nE       #4 0x555fb68acbd4 <unknown>\nE       #5 0x555fb688b5cd <unknown>\nE       #6 0x555fb68a9f84 <unknown>\nE       #7 0x555fb688b343 <unknown>\nE       #8 0x555fb685878a <unknown>\nE       #9 0x555fb68599de <unknown>\nE       #10 0x555fb6ce52cb <unknown>\nE       #11 0x555fb6ce9242 <unknown>\nE       #12 0x555fb6cd27ac <unknown>\nE       #13 0x555fb6ce9df7 <unknown>\nE       #14 0x555fb6cb6b2f <unknown>\nE       #15 0x555fb6d0a1a8 <unknown>\nE       #16 0x555fb6d0a370 <unknown>\nE       #17 0x555fb6d1a3b6 <unknown>\nE       #18 0x7fa693c9caa4 <unknown>\nE       #19 0x7fa693d29c3c <unknown>\n\n.venv/lib/python3.12/site-packages/selenium/webdriver/support/wait.py:146: TimeoutException","flaky":false,"newFailed":false,"newBroken":false,"newPassed":false,"retriesCount":0,"retriesStatusChange":false,"beforeStages":[{"name":"session_request","time":{"start":1739929066745,"stop":1739929066745,"duration":0},"status":"passed","steps":[],"attachments":[],"parameters":[],"shouldDisplayMessage":false,"stepsCount":0,"attachmentsCount":0,"hasContent":false,"attachmentStep":false},{"name":"data","time":{"start":1739929066745,"stop":1739929066746,"duration":1},"status":"passed","steps":[],"attachments":[],"parameters":[],"shouldDisplayMessage":false,"stepsCount":0,"attachmentsCount":0,"hasContent":false,"attachmentStep":false},{"name":"_verify_url","time":{"start":1739929066745,"stop":1739929066745,"duration":0},"status":"passed","steps":[],"attachments":[],"parameters":[],"shouldDisplayMessage":false,"stepsCount":0,"attachmentsCount":0,"hasContent":false,"attachmentStep":false},{"name":"base_url","time":{"start":1739929066745,"stop":1739929066745,"duration":0},"status":"passed","steps":[],"attachments":[],"parameters":[],"shouldDisplayMessage":false,"stepsCount":0,"attachmentsCount":0,"hasContent":false,"attachmentStep":false},{"name":"setup_method_fixture","time":{"start":1739929166840,"stop":1739929176937,"duration":10097},"status":"broken","statusMessage":"selenium.common.exceptions.TimeoutException: Message: \nStacktrace:\n#0 0x555fb6d1b53a <unknown>\n#1 0x555fb6816f00 <unknown>\n#2 0x555fb6866c0c <unknown>\n#3 0x555fb6866e31 <unknown>\n#4 0x555fb68acbd4 <unknown>\n#5 0x555fb688b5cd <unknown>\n#6 0x555fb68a9f84 <unknown>\n#7 0x555fb688b343 <unknown>\n#8 0x555fb685878a <unknown>\n#9 0x555fb68599de <unknown>\n#10 0x555fb6ce52cb <unknown>\n#11 0x555fb6ce9242 <unknown>\n#12 0x555fb6cd27ac <unknown>\n#13 0x555fb6ce9df7 <unknown>\n#14 0x555fb6cb6b2f <unknown>\n#15 0x555fb6d0a1a8 <unknown>\n#16 0x555fb6d0a370 <unknown>\n#17 0x555fb6d1a3b6 <unknown>\n#18 0x7fa693c9caa4 <unknown>\n#19 0x7fa693d29c3c <unknown>\n\n","statusTrace":"  File \"/home/runner/work/Selenium-Python-Example/Selenium-Python-Example/.venv/lib/python3.12/site-packages/pluggy/_callers.py\", line 167, in _multicall\n    teardown.throw(outcome._exception)\n  File \"/home/runner/work/Selenium-Python-Example/Selenium-Python-Example/.venv/lib/python3.12/site-packages/_pytest/setuponly.py\", line 36, in pytest_fixture_setup\n    return (yield)\n            ^^^^^\n  File \"/home/runner/work/Selenium-Python-Example/Selenium-Python-Example/.venv/lib/python3.12/site-packages/pluggy/_callers.py\", line 103, in _multicall\n    res = hook_impl.function(*args)\n          ^^^^^^^^^^^^^^^^^^^^^^^^^\n  File \"/home/runner/work/Selenium-Python-Example/Selenium-Python-Example/.venv/lib/python3.12/site-packages/_pytest/fixtures.py\", line 1140, in pytest_fixture_setup\n    result = call_fixture_func(fixturefunc, request, kwargs)\n             ^^^^^^^^^^^^^^^^^^^^^^^^^^^^^^^^^^^^^^^^^^^^^^^\n  File \"/home/runner/work/Selenium-Python-Example/Selenium-Python-Example/.venv/lib/python3.12/site-packages/_pytest/fixtures.py\", line 898, in call_fixture_func\n    fixture_result = fixturefunc(**kwargs)\n                     ^^^^^^^^^^^^^^^^^^^^^\n  File \"/home/runner/work/Selenium-Python-Example/Selenium-Python-Example/tests/workspaces_test.py\", line 25, in setup_method_fixture\n    login(self.about_page, self.login_page)\n  File \"/home/runner/work/Selenium-Python-Example/Selenium-Python-Example/tests/workspaces_test.py\", line 15, in login\n    about_page.click_login_link()\n  File \"/home/runner/work/Selenium-Python-Example/Selenium-Python-Example/.venv/lib/python3.12/site-packages/allure_commons/_allure.py\", line 192, in impl\n    return func(*a, **kw)\n           ^^^^^^^^^^^^^^\n  File \"/home/runner/work/Selenium-Python-Example/Selenium-Python-Example/pages/about_page.py\", line 20, in click_login_link\n    self.click(self.LOGIN_LINK)\n  File \"/home/runner/work/Selenium-Python-Example/Selenium-Python-Example/pages/base_page.py\", line 60, in click\n    el: WebElement = self.wait.until(\n                     ^^^^^^^^^^^^^^^^\n  File \"/home/runner/work/Selenium-Python-Example/Selenium-Python-Example/.venv/lib/python3.12/site-packages/selenium/webdriver/support/wait.py\", line 146, in until\n    raise TimeoutException(message, screen, stacktrace)\n","steps":[{"name":"Click Login link","time":{"start":1739929166840,"stop":1739929176936,"duration":10096},"status":"broken","statusMessage":"selenium.common.exceptions.TimeoutException: Message: \nStacktrace:\n#0 0x555fb6d1b53a <unknown>\n#1 0x555fb6816f00 <unknown>\n#2 0x555fb6866c0c <unknown>\n#3 0x555fb6866e31 <unknown>\n#4 0x555fb68acbd4 <unknown>\n#5 0x555fb688b5cd <unknown>\n#6 0x555fb68a9f84 <unknown>\n#7 0x555fb688b343 <unknown>\n#8 0x555fb685878a <unknown>\n#9 0x555fb68599de <unknown>\n#10 0x555fb6ce52cb <unknown>\n#11 0x555fb6ce9242 <unknown>\n#12 0x555fb6cd27ac <unknown>\n#13 0x555fb6ce9df7 <unknown>\n#14 0x555fb6cb6b2f <unknown>\n#15 0x555fb6d0a1a8 <unknown>\n#16 0x555fb6d0a370 <unknown>\n#17 0x555fb6d1a3b6 <unknown>\n#18 0x7fa693c9caa4 <unknown>\n#19 0x7fa693d29c3c <unknown>\n\n","statusTrace":"  File \"/home/runner/work/Selenium-Python-Example/Selenium-Python-Example/.venv/lib/python3.12/site-packages/allure_commons/_allure.py\", line 192, in impl\n    return func(*a, **kw)\n           ^^^^^^^^^^^^^^\n  File \"/home/runner/work/Selenium-Python-Example/Selenium-Python-Example/pages/about_page.py\", line 20, in click_login_link\n    self.click(self.LOGIN_LINK)\n  File \"/home/runner/work/Selenium-Python-Example/Selenium-Python-Example/pages/base_page.py\", line 60, in click\n    el: WebElement = self.wait.until(\n                     ^^^^^^^^^^^^^^^^\n  File \"/home/runner/work/Selenium-Python-Example/Selenium-Python-Example/.venv/lib/python3.12/site-packages/selenium/webdriver/support/wait.py\", line 146, in until\n    raise TimeoutException(message, screen, stacktrace)\n","steps":[],"attachments":[],"parameters":[],"shouldDisplayMessage":true,"stepsCount":0,"attachmentsCount":0,"hasContent":true,"attachmentStep":false}],"attachments":[],"parameters":[],"shouldDisplayMessage":false,"stepsCount":1,"attachmentsCount":0,"hasContent":true,"attachmentStep":false}],"testStage":{"description":"Selecting and adding a project to workspace","status":"broken","statusMessage":"selenium.common.exceptions.TimeoutException: Message: \nStacktrace:\n#0 0x555fb6d1b53a <unknown>\n#1 0x555fb6816f00 <unknown>\n#2 0x555fb6866c0c <unknown>\n#3 0x555fb6866e31 <unknown>\n#4 0x555fb68acbd4 <unknown>\n#5 0x555fb688b5cd <unknown>\n#6 0x555fb68a9f84 <unknown>\n#7 0x555fb688b343 <unknown>\n#8 0x555fb685878a <unknown>\n#9 0x555fb68599de <unknown>\n#10 0x555fb6ce52cb <unknown>\n#11 0x555fb6ce9242 <unknown>\n#12 0x555fb6cd27ac <unknown>\n#13 0x555fb6ce9df7 <unknown>\n#14 0x555fb6cb6b2f <unknown>\n#15 0x555fb6d0a1a8 <unknown>\n#16 0x555fb6d0a370 <unknown>\n#17 0x555fb6d1a3b6 <unknown>\n#18 0x7fa693c9caa4 <unknown>\n#19 0x7fa693d29c3c <unknown>","statusTrace":"self = <tests.workspaces_test.TestWorkspaces object at 0x7fc05f392870>\n\n    @pytest.fixture(autouse=True)\n    def setup_method_fixture(self):\n>       login(self.about_page, self.login_page)\n\ntests/workspaces_test.py:25: \n_ _ _ _ _ _ _ _ _ _ _ _ _ _ _ _ _ _ _ _ _ _ _ _ _ _ _ _ _ _ _ _ _ _ _ _ _ _ _ _ \ntests/workspaces_test.py:15: in login\n    about_page.click_login_link()\npages/about_page.py:20: in click_login_link\n    self.click(self.LOGIN_LINK)\npages/base_page.py:60: in click\n    el: WebElement = self.wait.until(\n_ _ _ _ _ _ _ _ _ _ _ _ _ _ _ _ _ _ _ _ _ _ _ _ _ _ _ _ _ _ _ _ _ _ _ _ _ _ _ _ \n\nself = <selenium.webdriver.support.wait.WebDriverWait (session=\"de95fb1c1889a877cd3ae67206e777a2\")>\nmethod = <function element_to_be_clickable.<locals>._predicate at 0x7fc05ec02d40>\nmessage = ''\n\n    def until(self, method: Callable[[D], Union[Literal[False], T]], message: str = \"\") -> T:\n        \"\"\"Wait until the method returns a value that is not False.\n    \n        Calls the method provided with the driver as an argument until the\n        return value does not evaluate to ``False``.\n    \n        Parameters:\n        ----------\n        method: callable(WebDriver)\n            - A callable object that takes a WebDriver instance as an argument.\n    \n        message: str\n            - Optional message for :exc:`TimeoutException`\n    \n        Return:\n        -------\n        object: T\n            - The result of the last call to `method`\n    \n        Raises:\n        -------\n        TimeoutException\n            - If 'method' does not return a truthy value within the WebDriverWait\n            object's timeout\n    \n        Example:\n        --------\n        >>> from selenium.webdriver.common.by import By\n        >>> from selenium.webdriver.support.ui import WebDriverWait\n        >>> from selenium.webdriver.support import expected_conditions as EC\n    \n        # Wait until an element is visible on the page\n        >>> wait = WebDriverWait(driver, 10)\n        >>> element = wait.until(EC.visibility_of_element_located((By.ID, \"exampleId\")))\n        >>> print(element.text)\n        \"\"\"\n        screen = None\n        stacktrace = None\n    \n        end_time = time.monotonic() + self._timeout\n        while True:\n            try:\n                value = method(self._driver)\n                if value:\n                    return value\n            except self._ignored_exceptions as exc:\n                screen = getattr(exc, \"screen\", None)\n                stacktrace = getattr(exc, \"stacktrace\", None)\n            if time.monotonic() > end_time:\n                break\n            time.sleep(self._poll)\n>       raise TimeoutException(message, screen, stacktrace)\nE       selenium.common.exceptions.TimeoutException: Message: \nE       Stacktrace:\nE       #0 0x555fb6d1b53a <unknown>\nE       #1 0x555fb6816f00 <unknown>\nE       #2 0x555fb6866c0c <unknown>\nE       #3 0x555fb6866e31 <unknown>\nE       #4 0x555fb68acbd4 <unknown>\nE       #5 0x555fb688b5cd <unknown>\nE       #6 0x555fb68a9f84 <unknown>\nE       #7 0x555fb688b343 <unknown>\nE       #8 0x555fb685878a <unknown>\nE       #9 0x555fb68599de <unknown>\nE       #10 0x555fb6ce52cb <unknown>\nE       #11 0x555fb6ce9242 <unknown>\nE       #12 0x555fb6cd27ac <unknown>\nE       #13 0x555fb6ce9df7 <unknown>\nE       #14 0x555fb6cb6b2f <unknown>\nE       #15 0x555fb6d0a1a8 <unknown>\nE       #16 0x555fb6d0a370 <unknown>\nE       #17 0x555fb6d1a3b6 <unknown>\nE       #18 0x7fa693c9caa4 <unknown>\nE       #19 0x7fa693d29c3c <unknown>\n\n.venv/lib/python3.12/site-packages/selenium/webdriver/support/wait.py:146: TimeoutException","steps":[{"name":"public ip address","time":{"start":1739929176955,"stop":1739929177108,"duration":153},"status":"passed","steps":[],"attachments":[{"uid":"9074fd439985469b","name":"HTTP logs of http://checkip.amazonaws.com/","source":"9074fd439985469b.txt","type":"text/plain","size":357}],"parameters":[],"shouldDisplayMessage":false,"stepsCount":0,"attachmentsCount":1,"hasContent":true,"attachmentStep":false}],"attachments":[{"uid":"c4bd2c375ae17b3c","name":"Cookies","source":"c4bd2c375ae17b3c.json","type":"application/json","size":4383},{"uid":"9fb7a4348defbcd4","name":"Session Storage","source":"9fb7a4348defbcd4.json","type":"application/json","size":359},{"uid":"88387239fc6e331c","name":"Local Storage","source":"88387239fc6e331c.json","type":"application/json","size":790},{"uid":"5fe671bbaf5d56f0","name":"Console Logs","source":"5fe671bbaf5d56f0.json","type":"application/json","size":236},{"uid":"32814675b18fa2a7","name":"Full Page Screenshot","source":"32814675b18fa2a7.png","type":"image/png","size":4167777},{"uid":"61cdddf2f307855a","name":"URL","source":"61cdddf2f307855a.uri","type":"text/uri-list","size":23},{"uid":"89eab15672f1793b","name":"Network Logs","source":"89eab15672f1793b.json","type":"application/json","size":5938559}],"parameters":[],"shouldDisplayMessage":true,"stepsCount":1,"attachmentsCount":8,"hasContent":true,"attachmentStep":false},"afterStages":[{"name":"session_request::0","time":{"start":1739929245141,"stop":1739929245141,"duration":0},"status":"passed","steps":[],"attachments":[],"parameters":[],"shouldDisplayMessage":false,"stepsCount":0,"attachmentsCount":0,"hasContent":false,"attachmentStep":false}],"labels":[{"name":"epic","value":"Workspaces"},{"name":"severity","value":"normal"},{"name":"story","value":"WorkSpaces Creation and Editing Functionality"},{"name":"tag","value":"run(order=5)"},{"name":"parentSuite","value":"tests"},{"name":"suite","value":"workspaces_test"},{"name":"subSuite","value":"TestWorkspaces"},{"name":"host","value":"fv-az1344-816"},{"name":"thread","value":"2025-MainThread"},{"name":"framework","value":"pytest"},{"name":"language","value":"cpython3"},{"name":"package","value":"tests.workspaces_test"},{"name":"resultFormat","value":"allure2"}],"parameters":[],"links":[],"hidden":false,"retry":false,"extra":{"severity":"normal","retries":[],"categories":[{"name":"Test defects","matchedStatuses":[],"flaky":false}],"tags":["run(order=5)"]},"source":"3678d0c9e6623a9b.json","parameterValues":[]}