{"uid":"e95df71838afd795","name":"Exception test","fullName":"tests.forgot_password_test.TestForgotPassword#test_expected_exception_on_page_title","historyId":"288cd0030c92ba34b4ff4b58ed8ec476","time":{"start":1739929080732,"stop":1739929091248,"duration":10516},"description":"Exception catching","descriptionHtml":"<p>Exception catching</p>\n","status":"broken","statusMessage":"selenium.common.exceptions.TimeoutException: Message: \nStacktrace:\n#0 0x55dc77d4c53a <unknown>\n#1 0x55dc77847f00 <unknown>\n#2 0x55dc77897c0c <unknown>\n#3 0x55dc77897e31 <unknown>\n#4 0x55dc778ddbd4 <unknown>\n#5 0x55dc778bc5cd <unknown>\n#6 0x55dc778daf84 <unknown>\n#7 0x55dc778bc343 <unknown>\n#8 0x55dc7788978a <unknown>\n#9 0x55dc7788a9de <unknown>\n#10 0x55dc77d162cb <unknown>\n#11 0x55dc77d1a242 <unknown>\n#12 0x55dc77d037ac <unknown>\n#13 0x55dc77d1adf7 <unknown>\n#14 0x55dc77ce7b2f <unknown>\n#15 0x55dc77d3b1a8 <unknown>\n#16 0x55dc77d3b370 <unknown>\n#17 0x55dc77d4b3b6 <unknown>\n#18 0x7f74d349caa4 <unknown>\n#19 0x7f74d3529c3c <unknown>","statusTrace":"self = <tests.forgot_password_test.TestForgotPassword object at 0x7fa4fe04b350>\n\n    @allure.description(\"Exception catching\")\n    @allure.title(\"Exception test\")\n    @allure.link(\"github.com/allure-examples/\", name=\"Allure Examples\")\n    @allure.issue(\"github.com/allure-examples/allure-examples/issues/1\", name=\"ISSUE-1\")\n    @allure.testcase(\n        \"github.com/allure-examples/allure-examples/issues/2\", name=\"TESTCASE-2\"\n    )\n    def test_expected_exception_on_page_title(self):\n>       self.about_page.click_login_link()\n\ntests/forgot_password_test.py:53: \n_ _ _ _ _ _ _ _ _ _ _ _ _ _ _ _ _ _ _ _ _ _ _ _ _ _ _ _ _ _ _ _ _ _ _ _ _ _ _ _ \npages/about_page.py:20: in click_login_link\n    self.click(self.LOGIN_LINK)\npages/base_page.py:60: in click\n    el: WebElement = self.wait.until(\n_ _ _ _ _ _ _ _ _ _ _ _ _ _ _ _ _ _ _ _ _ _ _ _ _ _ _ _ _ _ _ _ _ _ _ _ _ _ _ _ \n\nself = <selenium.webdriver.support.wait.WebDriverWait (session=\"caf438d058ff0d6e7ac883fc00039e2d\")>\nmethod = <function element_to_be_clickable.<locals>._predicate at 0x7fa4fd1b3560>\nmessage = ''\n\n    def until(self, method: Callable[[D], Union[Literal[False], T]], message: str = \"\") -> T:\n        \"\"\"Wait until the method returns a value that is not False.\n    \n        Calls the method provided with the driver as an argument until the\n        return value does not evaluate to ``False``.\n    \n        Parameters:\n        ----------\n        method: callable(WebDriver)\n            - A callable object that takes a WebDriver instance as an argument.\n    \n        message: str\n            - Optional message for :exc:`TimeoutException`\n    \n        Return:\n        -------\n        object: T\n            - The result of the last call to `method`\n    \n        Raises:\n        -------\n        TimeoutException\n            - If 'method' does not return a truthy value within the WebDriverWait\n            object's timeout\n    \n        Example:\n        --------\n        >>> from selenium.webdriver.common.by import By\n        >>> from selenium.webdriver.support.ui import WebDriverWait\n        >>> from selenium.webdriver.support import expected_conditions as EC\n    \n        # Wait until an element is visible on the page\n        >>> wait = WebDriverWait(driver, 10)\n        >>> element = wait.until(EC.visibility_of_element_located((By.ID, \"exampleId\")))\n        >>> print(element.text)\n        \"\"\"\n        screen = None\n        stacktrace = None\n    \n        end_time = time.monotonic() + self._timeout\n        while True:\n            try:\n                value = method(self._driver)\n                if value:\n                    return value\n            except self._ignored_exceptions as exc:\n                screen = getattr(exc, \"screen\", None)\n                stacktrace = getattr(exc, \"stacktrace\", None)\n            if time.monotonic() > end_time:\n                break\n            time.sleep(self._poll)\n>       raise TimeoutException(message, screen, stacktrace)\nE       selenium.common.exceptions.TimeoutException: Message: \nE       Stacktrace:\nE       #0 0x55dc77d4c53a <unknown>\nE       #1 0x55dc77847f00 <unknown>\nE       #2 0x55dc77897c0c <unknown>\nE       #3 0x55dc77897e31 <unknown>\nE       #4 0x55dc778ddbd4 <unknown>\nE       #5 0x55dc778bc5cd <unknown>\nE       #6 0x55dc778daf84 <unknown>\nE       #7 0x55dc778bc343 <unknown>\nE       #8 0x55dc7788978a <unknown>\nE       #9 0x55dc7788a9de <unknown>\nE       #10 0x55dc77d162cb <unknown>\nE       #11 0x55dc77d1a242 <unknown>\nE       #12 0x55dc77d037ac <unknown>\nE       #13 0x55dc77d1adf7 <unknown>\nE       #14 0x55dc77ce7b2f <unknown>\nE       #15 0x55dc77d3b1a8 <unknown>\nE       #16 0x55dc77d3b370 <unknown>\nE       #17 0x55dc77d4b3b6 <unknown>\nE       #18 0x7f74d349caa4 <unknown>\nE       #19 0x7f74d3529c3c <unknown>\n\n.venv/lib/python3.12/site-packages/selenium/webdriver/support/wait.py:146: TimeoutException","flaky":false,"newFailed":false,"newBroken":false,"newPassed":false,"retriesCount":0,"retriesStatusChange":false,"beforeStages":[{"name":"base_url","time":{"start":1739929062861,"stop":1739929062862,"duration":1},"status":"passed","steps":[],"attachments":[],"parameters":[],"shouldDisplayMessage":false,"stepsCount":0,"attachmentsCount":0,"hasContent":false,"attachmentStep":false},{"name":"session_request","time":{"start":1739929062862,"stop":1739929062862,"duration":0},"status":"passed","steps":[],"attachments":[],"parameters":[],"shouldDisplayMessage":false,"stepsCount":0,"attachmentsCount":0,"hasContent":false,"attachmentStep":false},{"name":"_verify_url","time":{"start":1739929062862,"stop":1739929062862,"duration":0},"status":"passed","steps":[],"attachments":[],"parameters":[],"shouldDisplayMessage":false,"stepsCount":0,"attachmentsCount":0,"hasContent":false,"attachmentStep":false}],"testStage":{"description":"Exception catching","status":"broken","statusMessage":"selenium.common.exceptions.TimeoutException: Message: \nStacktrace:\n#0 0x55dc77d4c53a <unknown>\n#1 0x55dc77847f00 <unknown>\n#2 0x55dc77897c0c <unknown>\n#3 0x55dc77897e31 <unknown>\n#4 0x55dc778ddbd4 <unknown>\n#5 0x55dc778bc5cd <unknown>\n#6 0x55dc778daf84 <unknown>\n#7 0x55dc778bc343 <unknown>\n#8 0x55dc7788978a <unknown>\n#9 0x55dc7788a9de <unknown>\n#10 0x55dc77d162cb <unknown>\n#11 0x55dc77d1a242 <unknown>\n#12 0x55dc77d037ac <unknown>\n#13 0x55dc77d1adf7 <unknown>\n#14 0x55dc77ce7b2f <unknown>\n#15 0x55dc77d3b1a8 <unknown>\n#16 0x55dc77d3b370 <unknown>\n#17 0x55dc77d4b3b6 <unknown>\n#18 0x7f74d349caa4 <unknown>\n#19 0x7f74d3529c3c <unknown>","statusTrace":"self = <tests.forgot_password_test.TestForgotPassword object at 0x7fa4fe04b350>\n\n    @allure.description(\"Exception catching\")\n    @allure.title(\"Exception test\")\n    @allure.link(\"github.com/allure-examples/\", name=\"Allure Examples\")\n    @allure.issue(\"github.com/allure-examples/allure-examples/issues/1\", name=\"ISSUE-1\")\n    @allure.testcase(\n        \"github.com/allure-examples/allure-examples/issues/2\", name=\"TESTCASE-2\"\n    )\n    def test_expected_exception_on_page_title(self):\n>       self.about_page.click_login_link()\n\ntests/forgot_password_test.py:53: \n_ _ _ _ _ _ _ _ _ _ _ _ _ _ _ _ _ _ _ _ _ _ _ _ _ _ _ _ _ _ _ _ _ _ _ _ _ _ _ _ \npages/about_page.py:20: in click_login_link\n    self.click(self.LOGIN_LINK)\npages/base_page.py:60: in click\n    el: WebElement = self.wait.until(\n_ _ _ _ _ _ _ _ _ _ _ _ _ _ _ _ _ _ _ _ _ _ _ _ _ _ _ _ _ _ _ _ _ _ _ _ _ _ _ _ \n\nself = <selenium.webdriver.support.wait.WebDriverWait (session=\"caf438d058ff0d6e7ac883fc00039e2d\")>\nmethod = <function element_to_be_clickable.<locals>._predicate at 0x7fa4fd1b3560>\nmessage = ''\n\n    def until(self, method: Callable[[D], Union[Literal[False], T]], message: str = \"\") -> T:\n        \"\"\"Wait until the method returns a value that is not False.\n    \n        Calls the method provided with the driver as an argument until the\n        return value does not evaluate to ``False``.\n    \n        Parameters:\n        ----------\n        method: callable(WebDriver)\n            - A callable object that takes a WebDriver instance as an argument.\n    \n        message: str\n            - Optional message for :exc:`TimeoutException`\n    \n        Return:\n        -------\n        object: T\n            - The result of the last call to `method`\n    \n        Raises:\n        -------\n        TimeoutException\n            - If 'method' does not return a truthy value within the WebDriverWait\n            object's timeout\n    \n        Example:\n        --------\n        >>> from selenium.webdriver.common.by import By\n        >>> from selenium.webdriver.support.ui import WebDriverWait\n        >>> from selenium.webdriver.support import expected_conditions as EC\n    \n        # Wait until an element is visible on the page\n        >>> wait = WebDriverWait(driver, 10)\n        >>> element = wait.until(EC.visibility_of_element_located((By.ID, \"exampleId\")))\n        >>> print(element.text)\n        \"\"\"\n        screen = None\n        stacktrace = None\n    \n        end_time = time.monotonic() + self._timeout\n        while True:\n            try:\n                value = method(self._driver)\n                if value:\n                    return value\n            except self._ignored_exceptions as exc:\n                screen = getattr(exc, \"screen\", None)\n                stacktrace = getattr(exc, \"stacktrace\", None)\n            if time.monotonic() > end_time:\n                break\n            time.sleep(self._poll)\n>       raise TimeoutException(message, screen, stacktrace)\nE       selenium.common.exceptions.TimeoutException: Message: \nE       Stacktrace:\nE       #0 0x55dc77d4c53a <unknown>\nE       #1 0x55dc77847f00 <unknown>\nE       #2 0x55dc77897c0c <unknown>\nE       #3 0x55dc77897e31 <unknown>\nE       #4 0x55dc778ddbd4 <unknown>\nE       #5 0x55dc778bc5cd <unknown>\nE       #6 0x55dc778daf84 <unknown>\nE       #7 0x55dc778bc343 <unknown>\nE       #8 0x55dc7788978a <unknown>\nE       #9 0x55dc7788a9de <unknown>\nE       #10 0x55dc77d162cb <unknown>\nE       #11 0x55dc77d1a242 <unknown>\nE       #12 0x55dc77d037ac <unknown>\nE       #13 0x55dc77d1adf7 <unknown>\nE       #14 0x55dc77ce7b2f <unknown>\nE       #15 0x55dc77d3b1a8 <unknown>\nE       #16 0x55dc77d3b370 <unknown>\nE       #17 0x55dc77d4b3b6 <unknown>\nE       #18 0x7f74d349caa4 <unknown>\nE       #19 0x7f74d3529c3c <unknown>\n\n.venv/lib/python3.12/site-packages/selenium/webdriver/support/wait.py:146: TimeoutException","steps":[{"name":"Click Login link","time":{"start":1739929080732,"stop":1739929091248,"duration":10516},"status":"broken","statusMessage":"selenium.common.exceptions.TimeoutException: Message: \nStacktrace:\n#0 0x55dc77d4c53a <unknown>\n#1 0x55dc77847f00 <unknown>\n#2 0x55dc77897c0c <unknown>\n#3 0x55dc77897e31 <unknown>\n#4 0x55dc778ddbd4 <unknown>\n#5 0x55dc778bc5cd <unknown>\n#6 0x55dc778daf84 <unknown>\n#7 0x55dc778bc343 <unknown>\n#8 0x55dc7788978a <unknown>\n#9 0x55dc7788a9de <unknown>\n#10 0x55dc77d162cb <unknown>\n#11 0x55dc77d1a242 <unknown>\n#12 0x55dc77d037ac <unknown>\n#13 0x55dc77d1adf7 <unknown>\n#14 0x55dc77ce7b2f <unknown>\n#15 0x55dc77d3b1a8 <unknown>\n#16 0x55dc77d3b370 <unknown>\n#17 0x55dc77d4b3b6 <unknown>\n#18 0x7f74d349caa4 <unknown>\n#19 0x7f74d3529c3c <unknown>\n\n","statusTrace":"  File \"/home/runner/work/Selenium-Python-Example/Selenium-Python-Example/.venv/lib/python3.12/site-packages/allure_commons/_allure.py\", line 192, in impl\n    return func(*a, **kw)\n           ^^^^^^^^^^^^^^\n  File \"/home/runner/work/Selenium-Python-Example/Selenium-Python-Example/pages/about_page.py\", line 20, in click_login_link\n    self.click(self.LOGIN_LINK)\n  File \"/home/runner/work/Selenium-Python-Example/Selenium-Python-Example/pages/base_page.py\", line 60, in click\n    el: WebElement = self.wait.until(\n                     ^^^^^^^^^^^^^^^^\n  File \"/home/runner/work/Selenium-Python-Example/Selenium-Python-Example/.venv/lib/python3.12/site-packages/selenium/webdriver/support/wait.py\", line 146, in until\n    raise TimeoutException(message, screen, stacktrace)\n","steps":[],"attachments":[],"parameters":[],"shouldDisplayMessage":true,"stepsCount":0,"attachmentsCount":0,"hasContent":true,"attachmentStep":false},{"name":"public ip address","time":{"start":1739929091260,"stop":1739929091278,"duration":18},"status":"passed","steps":[],"attachments":[{"uid":"46b18e4dca72a51c","name":"HTTP logs of http://checkip.amazonaws.com/","source":"46b18e4dca72a51c.txt","type":"text/plain","size":357}],"parameters":[],"shouldDisplayMessage":false,"stepsCount":0,"attachmentsCount":1,"hasContent":true,"attachmentStep":false}],"attachments":[{"uid":"813ec6ccea1089c2","name":"Cookies","source":"813ec6ccea1089c2.json","type":"application/json","size":4382},{"uid":"111908fc5f13418a","name":"Session Storage","source":"111908fc5f13418a.json","type":"application/json","size":358},{"uid":"f7aed9fdd87d218f","name":"Local Storage","source":"f7aed9fdd87d218f.json","type":"application/json","size":791},{"uid":"db5e65d8d9c84492","name":"Console Logs","source":"db5e65d8d9c84492.json","type":"application/json","size":236},{"uid":"b16ad04566c4aefd","name":"Full Page Screenshot","source":"b16ad04566c4aefd.png","type":"image/png","size":4162582},{"uid":"8c86915a24063ebc","name":"URL","source":"8c86915a24063ebc.uri","type":"text/uri-list","size":23},{"uid":"74160e693804c10b","name":"Network Logs","source":"74160e693804c10b.json","type":"application/json","size":5938462}],"parameters":[],"shouldDisplayMessage":true,"stepsCount":2,"attachmentsCount":8,"hasContent":true,"attachmentStep":false},"afterStages":[{"name":"session_request::0","time":{"start":1739929142187,"stop":1739929142188,"duration":1},"status":"passed","steps":[],"attachments":[],"parameters":[],"shouldDisplayMessage":false,"stepsCount":0,"attachmentsCount":0,"hasContent":false,"attachmentStep":false}],"labels":[{"name":"subSuite","value":"Custom sub suite"},{"name":"story","value":"Forgot Password Feature's Functionality"},{"name":"severity","value":"critical"},{"name":"epic","value":"Security"},{"name":"parentSuite","value":"Custom parent suite"},{"name":"suite","value":"Custom suite"},{"name":"tag","value":"security"},{"name":"host","value":"fv-az1340-892"},{"name":"thread","value":"2065-MainThread"},{"name":"framework","value":"pytest"},{"name":"language","value":"cpython3"},{"name":"package","value":"tests.forgot_password_test"},{"name":"resultFormat","value":"allure2"}],"parameters":[],"links":[{"name":"TESTCASE-2","url":"https://github.com/allure-examples/allure-examples/issues/2","type":"tms"},{"name":"ISSUE-1","url":"https://github.com/allure-examples/allure-examples/issues/1","type":"issue"},{"name":"Allure Examples","url":"https://github.com/allure-examples/","type":"link"}],"hidden":false,"retry":false,"extra":{"severity":"critical","retries":[],"categories":[{"name":"Test defects","matchedStatuses":[],"flaky":false}],"tags":["security"]},"source":"e95df71838afd795.json","parameterValues":[]}