{"uid":"f8a53feef2f5ffc5","name":"Add project to workspace test","fullName":"tests.workspaces_test.TestWorkspaces#test_add_project_to_workspace","historyId":"557b6733f5784cd469824aeac0e8ff06","time":{"start":1699668763135,"stop":1699668763135,"duration":0},"description":"Selecting and adding a project to workspace","descriptionHtml":"<p>Selecting and adding a project to workspace</p>\n","status":"broken","statusMessage":"selenium.common.exceptions.TimeoutException: Message: \nStacktrace:\n#0 0x5602a7008fb3 <unknown>\n#1 0x5602a6cdc4a7 <unknown>\n#2 0x5602a6d23dd6 <unknown>\n#3 0x5602a6d23ec1 <unknown>\n#4 0x5602a6d61354 <unknown>\n#5 0x5602a6d4596d <unknown>\n#6 0x5602a6d5ec02 <unknown>\n#7 0x5602a6d45713 <unknown>\n#8 0x5602a6d1818b <unknown>\n#9 0x5602a6d18f7e <unknown>\n#10 0x5602a6fce8d8 <unknown>\n#11 0x5602a6fd2800 <unknown>\n#12 0x5602a6fdccfc <unknown>\n#13 0x5602a6fd3418 <unknown>\n#14 0x5602a6fa042f <unknown>\n#15 0x5602a6ff74e8 <unknown>\n#16 0x5602a6ff76b4 <unknown>\n#17 0x5602a7008143 <unknown>\n#18 0x7f18b3c94ac3 <unknown>","statusTrace":"self = <tests.workspaces_test.TestWorkspaces object at 0x7ff4047223d0>\n\n    @pytest.fixture(autouse=True)\n    def setup_method_fixture(self):\n>       login(self.about_page, self.login_page)\n\ntests/workspaces_test.py:24: \n_ _ _ _ _ _ _ _ _ _ _ _ _ _ _ _ _ _ _ _ _ _ _ _ _ _ _ _ _ _ _ _ _ _ _ _ _ _ _ _ \ntests/workspaces_test.py:14: in login\n    about_page.click_login_link()\npages/about_page.py:20: in click_login_link\n    self.click(self.LOGIN_LINK)\npages/base_page.py:38: in click\n    el: WebElement = self.wait.until(\n_ _ _ _ _ _ _ _ _ _ _ _ _ _ _ _ _ _ _ _ _ _ _ _ _ _ _ _ _ _ _ _ _ _ _ _ _ _ _ _ \n\nself = <selenium.webdriver.support.wait.WebDriverWait (session=\"b5a1e23a490a64d3b6875bd2b1d20fc4\")>\nmethod = <function element_to_be_clickable.<locals>._predicate at 0x7ff404604cc0>\nmessage = ''\n\n    def until(self, method, message: str = \"\"):\n        \"\"\"Calls the method provided with the driver as an argument until the \\\n        return value does not evaluate to ``False``.\n    \n        :param method: callable(WebDriver)\n        :param message: optional message for :exc:`TimeoutException`\n        :returns: the result of the last call to `method`\n        :raises: :exc:`selenium.common.exceptions.TimeoutException` if timeout occurs\n        \"\"\"\n        screen = None\n        stacktrace = None\n    \n        end_time = time.monotonic() + self._timeout\n        while True:\n            try:\n                value = method(self._driver)\n                if value:\n                    return value\n            except self._ignored_exceptions as exc:\n                screen = getattr(exc, \"screen\", None)\n                stacktrace = getattr(exc, \"stacktrace\", None)\n            time.sleep(self._poll)\n            if time.monotonic() > end_time:\n                break\n>       raise TimeoutException(message, screen, stacktrace)\nE       selenium.common.exceptions.TimeoutException: Message: \nE       Stacktrace:\nE       #0 0x5602a7008fb3 <unknown>\nE       #1 0x5602a6cdc4a7 <unknown>\nE       #2 0x5602a6d23dd6 <unknown>\nE       #3 0x5602a6d23ec1 <unknown>\nE       #4 0x5602a6d61354 <unknown>\nE       #5 0x5602a6d4596d <unknown>\nE       #6 0x5602a6d5ec02 <unknown>\nE       #7 0x5602a6d45713 <unknown>\nE       #8 0x5602a6d1818b <unknown>\nE       #9 0x5602a6d18f7e <unknown>\nE       #10 0x5602a6fce8d8 <unknown>\nE       #11 0x5602a6fd2800 <unknown>\nE       #12 0x5602a6fdccfc <unknown>\nE       #13 0x5602a6fd3418 <unknown>\nE       #14 0x5602a6fa042f <unknown>\nE       #15 0x5602a6ff74e8 <unknown>\nE       #16 0x5602a6ff76b4 <unknown>\nE       #17 0x5602a7008143 <unknown>\nE       #18 0x7f18b3c94ac3 <unknown>\n\n.venv/lib/python3.11/site-packages/selenium/webdriver/support/wait.py:95: TimeoutException","flaky":false,"newFailed":false,"newBroken":false,"newPassed":false,"retriesCount":0,"retriesStatusChange":false,"beforeStages":[{"name":"_verify_url","time":{"start":1699668687996,"stop":1699668687996,"duration":0},"status":"passed","steps":[],"attachments":[],"parameters":[],"shouldDisplayMessage":false,"stepsCount":0,"attachmentsCount":0,"hasContent":false},{"name":"json_data","time":{"start":1699668687996,"stop":1699668687996,"duration":0},"status":"passed","steps":[],"attachments":[],"parameters":[],"shouldDisplayMessage":false,"stepsCount":0,"attachmentsCount":0,"hasContent":false},{"name":"base_url","time":{"start":1699668687996,"stop":1699668687996,"duration":0},"status":"passed","steps":[],"attachments":[],"parameters":[],"shouldDisplayMessage":false,"stepsCount":0,"attachmentsCount":0,"hasContent":false},{"name":"setup_method_fixture","time":{"start":1699668765048,"stop":1699668775235,"duration":10187},"status":"broken","statusMessage":"selenium.common.exceptions.TimeoutException: Message: \nStacktrace:\n#0 0x5602a7008fb3 <unknown>\n#1 0x5602a6cdc4a7 <unknown>\n#2 0x5602a6d23dd6 <unknown>\n#3 0x5602a6d23ec1 <unknown>\n#4 0x5602a6d61354 <unknown>\n#5 0x5602a6d4596d <unknown>\n#6 0x5602a6d5ec02 <unknown>\n#7 0x5602a6d45713 <unknown>\n#8 0x5602a6d1818b <unknown>\n#9 0x5602a6d18f7e <unknown>\n#10 0x5602a6fce8d8 <unknown>\n#11 0x5602a6fd2800 <unknown>\n#12 0x5602a6fdccfc <unknown>\n#13 0x5602a6fd3418 <unknown>\n#14 0x5602a6fa042f <unknown>\n#15 0x5602a6ff74e8 <unknown>\n#16 0x5602a6ff76b4 <unknown>\n#17 0x5602a7008143 <unknown>\n#18 0x7f18b3c94ac3 <unknown>\n\n","statusTrace":"  File \"/home/runner/work/Selenium-Python-Example/Selenium-Python-Example/.venv/lib/python3.11/site-packages/pluggy/_callers.py\", line 80, in _multicall\n    res = hook_impl.function(*args)\n          ^^^^^^^^^^^^^^^^^^^^^^^^^\n  File \"/home/runner/work/Selenium-Python-Example/Selenium-Python-Example/.venv/lib/python3.11/site-packages/_pytest/fixtures.py\", line 1123, in pytest_fixture_setup\n    result = call_fixture_func(fixturefunc, request, kwargs)\n             ^^^^^^^^^^^^^^^^^^^^^^^^^^^^^^^^^^^^^^^^^^^^^^^\n  File \"/home/runner/work/Selenium-Python-Example/Selenium-Python-Example/.venv/lib/python3.11/site-packages/_pytest/fixtures.py\", line 902, in call_fixture_func\n    fixture_result = fixturefunc(**kwargs)\n                     ^^^^^^^^^^^^^^^^^^^^^\n  File \"/home/runner/work/Selenium-Python-Example/Selenium-Python-Example/tests/workspaces_test.py\", line 24, in setup_method_fixture\n    login(self.about_page, self.login_page)\n  File \"/home/runner/work/Selenium-Python-Example/Selenium-Python-Example/tests/workspaces_test.py\", line 14, in login\n    about_page.click_login_link()\n  File \"/home/runner/work/Selenium-Python-Example/Selenium-Python-Example/.venv/lib/python3.11/site-packages/allure_commons/_allure.py\", line 192, in impl\n    return func(*a, **kw)\n           ^^^^^^^^^^^^^^\n  File \"/home/runner/work/Selenium-Python-Example/Selenium-Python-Example/pages/about_page.py\", line 20, in click_login_link\n    self.click(self.LOGIN_LINK)\n  File \"/home/runner/work/Selenium-Python-Example/Selenium-Python-Example/pages/base_page.py\", line 38, in click\n    el: WebElement = self.wait.until(\n                     ^^^^^^^^^^^^^^^^\n  File \"/home/runner/work/Selenium-Python-Example/Selenium-Python-Example/.venv/lib/python3.11/site-packages/selenium/webdriver/support/wait.py\", line 95, in until\n    raise TimeoutException(message, screen, stacktrace)\n","steps":[{"name":"Click Login link","time":{"start":1699668765049,"stop":1699668775235,"duration":10186},"status":"broken","statusMessage":"selenium.common.exceptions.TimeoutException: Message: \nStacktrace:\n#0 0x5602a7008fb3 <unknown>\n#1 0x5602a6cdc4a7 <unknown>\n#2 0x5602a6d23dd6 <unknown>\n#3 0x5602a6d23ec1 <unknown>\n#4 0x5602a6d61354 <unknown>\n#5 0x5602a6d4596d <unknown>\n#6 0x5602a6d5ec02 <unknown>\n#7 0x5602a6d45713 <unknown>\n#8 0x5602a6d1818b <unknown>\n#9 0x5602a6d18f7e <unknown>\n#10 0x5602a6fce8d8 <unknown>\n#11 0x5602a6fd2800 <unknown>\n#12 0x5602a6fdccfc <unknown>\n#13 0x5602a6fd3418 <unknown>\n#14 0x5602a6fa042f <unknown>\n#15 0x5602a6ff74e8 <unknown>\n#16 0x5602a6ff76b4 <unknown>\n#17 0x5602a7008143 <unknown>\n#18 0x7f18b3c94ac3 <unknown>\n\n","statusTrace":"  File \"/home/runner/work/Selenium-Python-Example/Selenium-Python-Example/.venv/lib/python3.11/site-packages/allure_commons/_allure.py\", line 192, in impl\n    return func(*a, **kw)\n           ^^^^^^^^^^^^^^\n  File \"/home/runner/work/Selenium-Python-Example/Selenium-Python-Example/pages/about_page.py\", line 20, in click_login_link\n    self.click(self.LOGIN_LINK)\n  File \"/home/runner/work/Selenium-Python-Example/Selenium-Python-Example/pages/base_page.py\", line 38, in click\n    el: WebElement = self.wait.until(\n                     ^^^^^^^^^^^^^^^^\n  File \"/home/runner/work/Selenium-Python-Example/Selenium-Python-Example/.venv/lib/python3.11/site-packages/selenium/webdriver/support/wait.py\", line 95, in until\n    raise TimeoutException(message, screen, stacktrace)\n","steps":[],"attachments":[],"parameters":[],"shouldDisplayMessage":true,"stepsCount":0,"attachmentsCount":0,"hasContent":true}],"attachments":[],"parameters":[],"shouldDisplayMessage":false,"stepsCount":1,"attachmentsCount":0,"hasContent":true}],"testStage":{"description":"Selecting and adding a project to workspace","status":"broken","statusMessage":"selenium.common.exceptions.TimeoutException: Message: \nStacktrace:\n#0 0x5602a7008fb3 <unknown>\n#1 0x5602a6cdc4a7 <unknown>\n#2 0x5602a6d23dd6 <unknown>\n#3 0x5602a6d23ec1 <unknown>\n#4 0x5602a6d61354 <unknown>\n#5 0x5602a6d4596d <unknown>\n#6 0x5602a6d5ec02 <unknown>\n#7 0x5602a6d45713 <unknown>\n#8 0x5602a6d1818b <unknown>\n#9 0x5602a6d18f7e <unknown>\n#10 0x5602a6fce8d8 <unknown>\n#11 0x5602a6fd2800 <unknown>\n#12 0x5602a6fdccfc <unknown>\n#13 0x5602a6fd3418 <unknown>\n#14 0x5602a6fa042f <unknown>\n#15 0x5602a6ff74e8 <unknown>\n#16 0x5602a6ff76b4 <unknown>\n#17 0x5602a7008143 <unknown>\n#18 0x7f18b3c94ac3 <unknown>","statusTrace":"self = <tests.workspaces_test.TestWorkspaces object at 0x7ff4047223d0>\n\n    @pytest.fixture(autouse=True)\n    def setup_method_fixture(self):\n>       login(self.about_page, self.login_page)\n\ntests/workspaces_test.py:24: \n_ _ _ _ _ _ _ _ _ _ _ _ _ _ _ _ _ _ _ _ _ _ _ _ _ _ _ _ _ _ _ _ _ _ _ _ _ _ _ _ \ntests/workspaces_test.py:14: in login\n    about_page.click_login_link()\npages/about_page.py:20: in click_login_link\n    self.click(self.LOGIN_LINK)\npages/base_page.py:38: in click\n    el: WebElement = self.wait.until(\n_ _ _ _ _ _ _ _ _ _ _ _ _ _ _ _ _ _ _ _ _ _ _ _ _ _ _ _ _ _ _ _ _ _ _ _ _ _ _ _ \n\nself = <selenium.webdriver.support.wait.WebDriverWait (session=\"b5a1e23a490a64d3b6875bd2b1d20fc4\")>\nmethod = <function element_to_be_clickable.<locals>._predicate at 0x7ff404604cc0>\nmessage = ''\n\n    def until(self, method, message: str = \"\"):\n        \"\"\"Calls the method provided with the driver as an argument until the \\\n        return value does not evaluate to ``False``.\n    \n        :param method: callable(WebDriver)\n        :param message: optional message for :exc:`TimeoutException`\n        :returns: the result of the last call to `method`\n        :raises: :exc:`selenium.common.exceptions.TimeoutException` if timeout occurs\n        \"\"\"\n        screen = None\n        stacktrace = None\n    \n        end_time = time.monotonic() + self._timeout\n        while True:\n            try:\n                value = method(self._driver)\n                if value:\n                    return value\n            except self._ignored_exceptions as exc:\n                screen = getattr(exc, \"screen\", None)\n                stacktrace = getattr(exc, \"stacktrace\", None)\n            time.sleep(self._poll)\n            if time.monotonic() > end_time:\n                break\n>       raise TimeoutException(message, screen, stacktrace)\nE       selenium.common.exceptions.TimeoutException: Message: \nE       Stacktrace:\nE       #0 0x5602a7008fb3 <unknown>\nE       #1 0x5602a6cdc4a7 <unknown>\nE       #2 0x5602a6d23dd6 <unknown>\nE       #3 0x5602a6d23ec1 <unknown>\nE       #4 0x5602a6d61354 <unknown>\nE       #5 0x5602a6d4596d <unknown>\nE       #6 0x5602a6d5ec02 <unknown>\nE       #7 0x5602a6d45713 <unknown>\nE       #8 0x5602a6d1818b <unknown>\nE       #9 0x5602a6d18f7e <unknown>\nE       #10 0x5602a6fce8d8 <unknown>\nE       #11 0x5602a6fd2800 <unknown>\nE       #12 0x5602a6fdccfc <unknown>\nE       #13 0x5602a6fd3418 <unknown>\nE       #14 0x5602a6fa042f <unknown>\nE       #15 0x5602a6ff74e8 <unknown>\nE       #16 0x5602a6ff76b4 <unknown>\nE       #17 0x5602a7008143 <unknown>\nE       #18 0x7f18b3c94ac3 <unknown>\n\n.venv/lib/python3.11/site-packages/selenium/webdriver/support/wait.py:95: TimeoutException","steps":[],"attachments":[{"uid":"d17ec8416c7102f2","name":"public ip address","source":"d17ec8416c7102f2.txt","type":"text/plain","size":11},{"uid":"7ec1f6e02b0ba34c","name":"Cookies","source":"7ec1f6e02b0ba34c.json","type":"application/json","size":2503},{"uid":"34282a0edf629ee4","name":"Session Storage","source":"34282a0edf629ee4.json","type":"application/json","size":2},{"uid":"8ba83c535eb8a7e7","name":"Local Storage","source":"8ba83c535eb8a7e7.json","type":"application/json","size":208},{"uid":"cb5f55c5b9ad4bad","name":"Console Logs","source":"cb5f55c5b9ad4bad.json","type":"application/json","size":243},{"uid":"811573692b3c6da8","name":"Full Page Screenshot","source":"811573692b3c6da8.png","type":"image/png","size":716126},{"uid":"e08bdba3f5e8e4cc","name":"URL","source":"e08bdba3f5e8e4cc.uri","type":"text/uri-list","size":23},{"uid":"9ab58b18d5e552e","name":"Network Logs","source":"9ab58b18d5e552e.json","type":"application/json","size":2}],"parameters":[],"shouldDisplayMessage":true,"stepsCount":0,"attachmentsCount":8,"hasContent":true},"afterStages":[],"labels":[{"name":"severity","value":"normal"},{"name":"story","value":"WorkSpaces Creation and Editing Functionality"},{"name":"epic","value":"Workspaces"},{"name":"tag","value":"run(order=5)"},{"name":"parentSuite","value":"tests"},{"name":"suite","value":"workspaces_test"},{"name":"subSuite","value":"TestWorkspaces"},{"name":"host","value":"fv-az1391-392"},{"name":"thread","value":"2227-MainThread"},{"name":"framework","value":"pytest"},{"name":"language","value":"cpython3"},{"name":"package","value":"tests.workspaces_test"},{"name":"resultFormat","value":"allure2"}],"parameters":[],"links":[],"hidden":false,"retry":false,"extra":{"severity":"normal","retries":[],"categories":[{"name":"Test defects","matchedStatuses":[],"flaky":false}],"tags":["run(order=5)"]},"source":"f8a53feef2f5ffc5.json","parameterValues":[]}