{"uid":"e398b4cadeb8ea4e","name":"Search for non existing project","fullName":"tests.test_workspaces.TestWorkspaces#test_search_for_non_existing_project","historyId":"fd02db7e15fbde7f94675ef36547cabe","time":{"start":1688755792006,"stop":1688755792006,"duration":0},"description":"Search for a non existing project","descriptionHtml":"<p>Search for a non existing project</p>\n","status":"broken","statusMessage":"selenium.common.exceptions.TimeoutException: Message: \nStacktrace:\n#0 0x55e506bd94e3 <unknown>\n#1 0x55e506908c76 <unknown>\n#2 0x55e506944c96 <unknown>\n#3 0x55e506944dc1 <unknown>\n#4 0x55e50697e7f4 <unknown>\n#5 0x55e50696403d <unknown>\n#6 0x55e50697c30e <unknown>\n#7 0x55e506963de3 <unknown>\n#8 0x55e5069392dd <unknown>\n#9 0x55e50693a34e <unknown>\n#10 0x55e506b993e4 <unknown>\n#11 0x55e506b9d3d7 <unknown>\n#12 0x55e506ba7b20 <unknown>\n#13 0x55e506b9e023 <unknown>\n#14 0x55e506b6c1aa <unknown>\n#15 0x55e506bc26b8 <unknown>\n#16 0x55e506bc2847 <unknown>\n#17 0x55e506bd2243 <unknown>\n#18 0x7f57c285bb43 <unknown>","statusTrace":"self = <tests.test_workspaces.TestWorkspaces object at 0x7f069d5a2190>\nrequest = <SubRequest 'setup_method_fixture' for <Function test_search_for_non_existing_project>>\n\n    @pytest.fixture(autouse=True)\n    def setup_method_fixture(self, request):\n>       login(request, self.about_page, self.login_page)\n\ntests/test_workspaces.py:26: \n_ _ _ _ _ _ _ _ _ _ _ _ _ _ _ _ _ _ _ _ _ _ _ _ _ _ _ _ _ _ _ _ _ _ _ _ _ _ _ _ \ntests/test_workspaces.py:16: in login\n    about_page.click_login_link()\npages/about_page.py:20: in click_login_link\n    self.click(self.LOGIN_LINK)\npages/base_page.py:38: in click\n    el: WebElement = self.wait.until(\n_ _ _ _ _ _ _ _ _ _ _ _ _ _ _ _ _ _ _ _ _ _ _ _ _ _ _ _ _ _ _ _ _ _ _ _ _ _ _ _ \n\nself = <selenium.webdriver.support.wait.WebDriverWait (session=\"fb61598b016aac9678c6190b2b3684f1\")>\nmethod = <function element_to_be_clickable.<locals>._predicate at 0x7f069d410040>\nmessage = ''\n\n    def until(self, method, message: str = \"\"):\n        \"\"\"Calls the method provided with the driver as an argument until the \\\n        return value does not evaluate to ``False``.\n    \n        :param method: callable(WebDriver)\n        :param message: optional message for :exc:`TimeoutException`\n        :returns: the result of the last call to `method`\n        :raises: :exc:`selenium.common.exceptions.TimeoutException` if timeout occurs\n        \"\"\"\n        screen = None\n        stacktrace = None\n    \n        end_time = time.monotonic() + self._timeout\n        while True:\n            try:\n                value = method(self._driver)\n                if value:\n                    return value\n            except self._ignored_exceptions as exc:\n                screen = getattr(exc, \"screen\", None)\n                stacktrace = getattr(exc, \"stacktrace\", None)\n            time.sleep(self._poll)\n            if time.monotonic() > end_time:\n                break\n>       raise TimeoutException(message, screen, stacktrace)\nE       selenium.common.exceptions.TimeoutException: Message: \nE       Stacktrace:\nE       #0 0x55e506bd94e3 <unknown>\nE       #1 0x55e506908c76 <unknown>\nE       #2 0x55e506944c96 <unknown>\nE       #3 0x55e506944dc1 <unknown>\nE       #4 0x55e50697e7f4 <unknown>\nE       #5 0x55e50696403d <unknown>\nE       #6 0x55e50697c30e <unknown>\nE       #7 0x55e506963de3 <unknown>\nE       #8 0x55e5069392dd <unknown>\nE       #9 0x55e50693a34e <unknown>\nE       #10 0x55e506b993e4 <unknown>\nE       #11 0x55e506b9d3d7 <unknown>\nE       #12 0x55e506ba7b20 <unknown>\nE       #13 0x55e506b9e023 <unknown>\nE       #14 0x55e506b6c1aa <unknown>\nE       #15 0x55e506bc26b8 <unknown>\nE       #16 0x55e506bc2847 <unknown>\nE       #17 0x55e506bd2243 <unknown>\nE       #18 0x7f57c285bb43 <unknown>\n\n.venv/lib/python3.11/site-packages/selenium/webdriver/support/wait.py:95: TimeoutException","flaky":false,"newFailed":false,"newBroken":false,"newPassed":false,"retriesCount":0,"retriesStatusChange":false,"beforeStages":[{"name":"json_data","time":{"start":1688755639292,"stop":1688755639293,"duration":1},"status":"passed","steps":[],"attachments":[],"parameters":[],"stepsCount":0,"attachmentsCount":0,"shouldDisplayMessage":false,"hasContent":false},{"name":"setup_method_fixture","time":{"start":1688755794040,"stop":1688755804351,"duration":10311},"status":"broken","statusMessage":"selenium.common.exceptions.TimeoutException: Message: \nStacktrace:\n#0 0x55e506bd94e3 <unknown>\n#1 0x55e506908c76 <unknown>\n#2 0x55e506944c96 <unknown>\n#3 0x55e506944dc1 <unknown>\n#4 0x55e50697e7f4 <unknown>\n#5 0x55e50696403d <unknown>\n#6 0x55e50697c30e <unknown>\n#7 0x55e506963de3 <unknown>\n#8 0x55e5069392dd <unknown>\n#9 0x55e50693a34e <unknown>\n#10 0x55e506b993e4 <unknown>\n#11 0x55e506b9d3d7 <unknown>\n#12 0x55e506ba7b20 <unknown>\n#13 0x55e506b9e023 <unknown>\n#14 0x55e506b6c1aa <unknown>\n#15 0x55e506bc26b8 <unknown>\n#16 0x55e506bc2847 <unknown>\n#17 0x55e506bd2243 <unknown>\n#18 0x7f57c285bb43 <unknown>\n\n","statusTrace":"  File \"/home/runner/work/Selenium-Python-Example/Selenium-Python-Example/.venv/lib/python3.11/site-packages/pluggy/_callers.py\", line 80, in _multicall\n    res = hook_impl.function(*args)\n          ^^^^^^^^^^^^^^^^^^^^^^^^^\n  File \"/home/runner/work/Selenium-Python-Example/Selenium-Python-Example/.venv/lib/python3.11/site-packages/_pytest/fixtures.py\", line 1123, in pytest_fixture_setup\n    result = call_fixture_func(fixturefunc, request, kwargs)\n             ^^^^^^^^^^^^^^^^^^^^^^^^^^^^^^^^^^^^^^^^^^^^^^^\n  File \"/home/runner/work/Selenium-Python-Example/Selenium-Python-Example/.venv/lib/python3.11/site-packages/_pytest/fixtures.py\", line 902, in call_fixture_func\n    fixture_result = fixturefunc(**kwargs)\n                     ^^^^^^^^^^^^^^^^^^^^^\n  File \"/home/runner/work/Selenium-Python-Example/Selenium-Python-Example/tests/test_workspaces.py\", line 26, in setup_method_fixture\n    login(request, self.about_page, self.login_page)\n  File \"/home/runner/work/Selenium-Python-Example/Selenium-Python-Example/tests/test_workspaces.py\", line 16, in login\n    about_page.click_login_link()\n  File \"/home/runner/work/Selenium-Python-Example/Selenium-Python-Example/.venv/lib/python3.11/site-packages/allure_commons/_allure.py\", line 192, in impl\n    return func(*a, **kw)\n           ^^^^^^^^^^^^^^\n  File \"/home/runner/work/Selenium-Python-Example/Selenium-Python-Example/pages/about_page.py\", line 20, in click_login_link\n    self.click(self.LOGIN_LINK)\n  File \"/home/runner/work/Selenium-Python-Example/Selenium-Python-Example/pages/base_page.py\", line 38, in click\n    el: WebElement = self.wait.until(\n                     ^^^^^^^^^^^^^^^^\n  File \"/home/runner/work/Selenium-Python-Example/Selenium-Python-Example/.venv/lib/python3.11/site-packages/selenium/webdriver/support/wait.py\", line 95, in until\n    raise TimeoutException(message, screen, stacktrace)\n","steps":[{"name":"Click Login link","time":{"start":1688755794040,"stop":1688755804351,"duration":10311},"status":"broken","statusMessage":"selenium.common.exceptions.TimeoutException: Message: \nStacktrace:\n#0 0x55e506bd94e3 <unknown>\n#1 0x55e506908c76 <unknown>\n#2 0x55e506944c96 <unknown>\n#3 0x55e506944dc1 <unknown>\n#4 0x55e50697e7f4 <unknown>\n#5 0x55e50696403d <unknown>\n#6 0x55e50697c30e <unknown>\n#7 0x55e506963de3 <unknown>\n#8 0x55e5069392dd <unknown>\n#9 0x55e50693a34e <unknown>\n#10 0x55e506b993e4 <unknown>\n#11 0x55e506b9d3d7 <unknown>\n#12 0x55e506ba7b20 <unknown>\n#13 0x55e506b9e023 <unknown>\n#14 0x55e506b6c1aa <unknown>\n#15 0x55e506bc26b8 <unknown>\n#16 0x55e506bc2847 <unknown>\n#17 0x55e506bd2243 <unknown>\n#18 0x7f57c285bb43 <unknown>\n\n","statusTrace":"  File \"/home/runner/work/Selenium-Python-Example/Selenium-Python-Example/.venv/lib/python3.11/site-packages/allure_commons/_allure.py\", line 192, in impl\n    return func(*a, **kw)\n           ^^^^^^^^^^^^^^\n  File \"/home/runner/work/Selenium-Python-Example/Selenium-Python-Example/pages/about_page.py\", line 20, in click_login_link\n    self.click(self.LOGIN_LINK)\n  File \"/home/runner/work/Selenium-Python-Example/Selenium-Python-Example/pages/base_page.py\", line 38, in click\n    el: WebElement = self.wait.until(\n                     ^^^^^^^^^^^^^^^^\n  File \"/home/runner/work/Selenium-Python-Example/Selenium-Python-Example/.venv/lib/python3.11/site-packages/selenium/webdriver/support/wait.py\", line 95, in until\n    raise TimeoutException(message, screen, stacktrace)\n","steps":[],"attachments":[],"parameters":[],"stepsCount":0,"attachmentsCount":0,"shouldDisplayMessage":true,"hasContent":true}],"attachments":[],"parameters":[],"stepsCount":1,"attachmentsCount":0,"shouldDisplayMessage":false,"hasContent":true}],"testStage":{"description":"Search for a non existing project","status":"broken","statusMessage":"selenium.common.exceptions.TimeoutException: Message: \nStacktrace:\n#0 0x55e506bd94e3 <unknown>\n#1 0x55e506908c76 <unknown>\n#2 0x55e506944c96 <unknown>\n#3 0x55e506944dc1 <unknown>\n#4 0x55e50697e7f4 <unknown>\n#5 0x55e50696403d <unknown>\n#6 0x55e50697c30e <unknown>\n#7 0x55e506963de3 <unknown>\n#8 0x55e5069392dd <unknown>\n#9 0x55e50693a34e <unknown>\n#10 0x55e506b993e4 <unknown>\n#11 0x55e506b9d3d7 <unknown>\n#12 0x55e506ba7b20 <unknown>\n#13 0x55e506b9e023 <unknown>\n#14 0x55e506b6c1aa <unknown>\n#15 0x55e506bc26b8 <unknown>\n#16 0x55e506bc2847 <unknown>\n#17 0x55e506bd2243 <unknown>\n#18 0x7f57c285bb43 <unknown>","statusTrace":"self = <tests.test_workspaces.TestWorkspaces object at 0x7f069d5a2190>\nrequest = <SubRequest 'setup_method_fixture' for <Function test_search_for_non_existing_project>>\n\n    @pytest.fixture(autouse=True)\n    def setup_method_fixture(self, request):\n>       login(request, self.about_page, self.login_page)\n\ntests/test_workspaces.py:26: \n_ _ _ _ _ _ _ _ _ _ _ _ _ _ _ _ _ _ _ _ _ _ _ _ _ _ _ _ _ _ _ _ _ _ _ _ _ _ _ _ \ntests/test_workspaces.py:16: in login\n    about_page.click_login_link()\npages/about_page.py:20: in click_login_link\n    self.click(self.LOGIN_LINK)\npages/base_page.py:38: in click\n    el: WebElement = self.wait.until(\n_ _ _ _ _ _ _ _ _ _ _ _ _ _ _ _ _ _ _ _ _ _ _ _ _ _ _ _ _ _ _ _ _ _ _ _ _ _ _ _ \n\nself = <selenium.webdriver.support.wait.WebDriverWait (session=\"fb61598b016aac9678c6190b2b3684f1\")>\nmethod = <function element_to_be_clickable.<locals>._predicate at 0x7f069d410040>\nmessage = ''\n\n    def until(self, method, message: str = \"\"):\n        \"\"\"Calls the method provided with the driver as an argument until the \\\n        return value does not evaluate to ``False``.\n    \n        :param method: callable(WebDriver)\n        :param message: optional message for :exc:`TimeoutException`\n        :returns: the result of the last call to `method`\n        :raises: :exc:`selenium.common.exceptions.TimeoutException` if timeout occurs\n        \"\"\"\n        screen = None\n        stacktrace = None\n    \n        end_time = time.monotonic() + self._timeout\n        while True:\n            try:\n                value = method(self._driver)\n                if value:\n                    return value\n            except self._ignored_exceptions as exc:\n                screen = getattr(exc, \"screen\", None)\n                stacktrace = getattr(exc, \"stacktrace\", None)\n            time.sleep(self._poll)\n            if time.monotonic() > end_time:\n                break\n>       raise TimeoutException(message, screen, stacktrace)\nE       selenium.common.exceptions.TimeoutException: Message: \nE       Stacktrace:\nE       #0 0x55e506bd94e3 <unknown>\nE       #1 0x55e506908c76 <unknown>\nE       #2 0x55e506944c96 <unknown>\nE       #3 0x55e506944dc1 <unknown>\nE       #4 0x55e50697e7f4 <unknown>\nE       #5 0x55e50696403d <unknown>\nE       #6 0x55e50697c30e <unknown>\nE       #7 0x55e506963de3 <unknown>\nE       #8 0x55e5069392dd <unknown>\nE       #9 0x55e50693a34e <unknown>\nE       #10 0x55e506b993e4 <unknown>\nE       #11 0x55e506b9d3d7 <unknown>\nE       #12 0x55e506ba7b20 <unknown>\nE       #13 0x55e506b9e023 <unknown>\nE       #14 0x55e506b6c1aa <unknown>\nE       #15 0x55e506bc26b8 <unknown>\nE       #16 0x55e506bc2847 <unknown>\nE       #17 0x55e506bd2243 <unknown>\nE       #18 0x7f57c285bb43 <unknown>\n\n.venv/lib/python3.11/site-packages/selenium/webdriver/support/wait.py:95: TimeoutException","steps":[],"attachments":[{"uid":"d029f553f76493e8","name":"Full Page Screenshot","source":"d029f553f76493e8.png","type":"image/png","size":2759801},{"uid":"31014b737d5168e3","name":"URL","source":"31014b737d5168e3.uri","type":"text/uri-list","size":23},{"uid":"10d13751d93bef0b","name":"public ip address","source":"10d13751d93bef0b.txt","type":"text/plain","size":13},{"uid":"1d8577845144f6c8","name":"Cookies","source":"1d8577845144f6c8.json","type":"application/json","size":3283},{"uid":"9206ca06ac0a7544","name":"Session Storage","source":"9206ca06ac0a7544.json","type":"application/json","size":2},{"uid":"9a11cb6c05979da6","name":"Local Storage","source":"9a11cb6c05979da6.json","type":"application/json","size":208},{"uid":"616c6bef82d6a27f","name":"Console Logs","source":"616c6bef82d6a27f.json","type":"application/json","size":2},{"uid":"10693edb7ba1b6fa","name":"Network Logs","source":"10693edb7ba1b6fa.json","type":"application/json","size":47522}],"parameters":[],"stepsCount":0,"attachmentsCount":8,"shouldDisplayMessage":true,"hasContent":true},"afterStages":[],"labels":[{"name":"severity","value":"normal"},{"name":"epic","value":"Workspaces"},{"name":"story","value":"WorkSpaces Creation and Editing Functionality"},{"name":"tag","value":"run(order=7)"},{"name":"parentSuite","value":"tests"},{"name":"suite","value":"test_workspaces"},{"name":"subSuite","value":"TestWorkspaces"},{"name":"host","value":"fv-az1098-923"},{"name":"thread","value":"2329-MainThread"},{"name":"framework","value":"pytest"},{"name":"language","value":"cpython3"},{"name":"package","value":"tests.test_workspaces"},{"name":"resultFormat","value":"allure2"}],"parameters":[],"links":[],"hidden":false,"retry":false,"extra":{"severity":"normal","retries":[],"categories":[{"name":"Test defects","matchedStatuses":[],"flaky":false}],"tags":["run(order=7)"]},"source":"e398b4cadeb8ea4e.json","parameterValues":[]}