{"uid":"15f67bb87b7e1176","name":"Forgot Password with valid email test","fullName":"tests.forgot_password_test.TestForgotPassword#test_valid_email","historyId":"d6dde1715fb973c93e423cd6a34e3dff","time":{"start":1712625193508,"stop":1712625203734,"duration":10226},"description":"Forgot password with a valid email address","descriptionHtml":"<p>Forgot password with a valid email address</p>\n","status":"broken","statusMessage":"selenium.common.exceptions.TimeoutException: Message: \nStacktrace:\n#0 0x55f136ecc873 <unknown>\n#1 0x55f136bc28c6 <unknown>\n#2 0x55f136c0d618 <unknown>\n#3 0x55f136c0d6d1 <unknown>\n#4 0x55f136c50744 <unknown>\n#5 0x55f136c2f5cd <unknown>\n#6 0x55f136c4dc19 <unknown>\n#7 0x55f136c2f343 <unknown>\n#8 0x55f136c00593 <unknown>\n#9 0x55f136c00f5e <unknown>\n#10 0x55f136e9085b <unknown>\n#11 0x55f136e947b5 <unknown>\n#12 0x55f136e7e581 <unknown>\n#13 0x55f136e95342 <unknown>\n#14 0x55f136e6388f <unknown>\n#15 0x55f136ebb738 <unknown>\n#16 0x55f136ebb90b <unknown>\n#17 0x55f136ecb9c4 <unknown>\n#18 0x7fd701494ac3 <unknown>","statusTrace":"self = <tests.forgot_password_test.TestForgotPassword object at 0x7f491bee6fc0>\ndata = Data(forgot_password=ForgotPassword(error_message=\"We can't find a user with that e-mail address.\", success_message='A...ct='Non Existing', page_title='My Workspace', project_name='test project', project_type='quiz', template_type='Blank'))\n\n    @allure.description(\"Forgot password with a valid email address\")\n    @allure.title(\"Forgot Password with valid email test\")\n    def test_valid_email(self, data: Data):\n>       self.about_page.click_login_link()\n\ntests/forgot_password_test.py:22: \n_ _ _ _ _ _ _ _ _ _ _ _ _ _ _ _ _ _ _ _ _ _ _ _ _ _ _ _ _ _ _ _ _ _ _ _ _ _ _ _ \npages/about_page.py:20: in click_login_link\n    self.click(self.LOGIN_LINK)\npages/base_page.py:60: in click\n    el: WebElement = self.wait.until(\n_ _ _ _ _ _ _ _ _ _ _ _ _ _ _ _ _ _ _ _ _ _ _ _ _ _ _ _ _ _ _ _ _ _ _ _ _ _ _ _ \n\nself = <selenium.webdriver.support.wait.WebDriverWait (session=\"ca3e22a965fe6b4069f310febfc83bb1\")>\nmethod = <function element_to_be_clickable.<locals>._predicate at 0x7f491b597b00>\nmessage = ''\n\n    def until(self, method: Callable[[D], Union[Literal[False], T]], message: str = \"\") -> T:\n        \"\"\"Calls the method provided with the driver as an argument until the \\\n        return value does not evaluate to ``False``.\n    \n        :param method: callable(WebDriver)\n        :param message: optional message for :exc:`TimeoutException`\n        :returns: the result of the last call to `method`\n        :raises: :exc:`selenium.common.exceptions.TimeoutException` if timeout occurs\n        \"\"\"\n        screen = None\n        stacktrace = None\n    \n        end_time = time.monotonic() + self._timeout\n        while True:\n            try:\n                value = method(self._driver)\n                if value:\n                    return value\n            except self._ignored_exceptions as exc:\n                screen = getattr(exc, \"screen\", None)\n                stacktrace = getattr(exc, \"stacktrace\", None)\n            time.sleep(self._poll)\n            if time.monotonic() > end_time:\n                break\n>       raise TimeoutException(message, screen, stacktrace)\nE       selenium.common.exceptions.TimeoutException: Message: \nE       Stacktrace:\nE       #0 0x55f136ecc873 <unknown>\nE       #1 0x55f136bc28c6 <unknown>\nE       #2 0x55f136c0d618 <unknown>\nE       #3 0x55f136c0d6d1 <unknown>\nE       #4 0x55f136c50744 <unknown>\nE       #5 0x55f136c2f5cd <unknown>\nE       #6 0x55f136c4dc19 <unknown>\nE       #7 0x55f136c2f343 <unknown>\nE       #8 0x55f136c00593 <unknown>\nE       #9 0x55f136c00f5e <unknown>\nE       #10 0x55f136e9085b <unknown>\nE       #11 0x55f136e947b5 <unknown>\nE       #12 0x55f136e7e581 <unknown>\nE       #13 0x55f136e95342 <unknown>\nE       #14 0x55f136e6388f <unknown>\nE       #15 0x55f136ebb738 <unknown>\nE       #16 0x55f136ebb90b <unknown>\nE       #17 0x55f136ecb9c4 <unknown>\nE       #18 0x7fd701494ac3 <unknown>\n\n.venv/lib/python3.12/site-packages/selenium/webdriver/support/wait.py:105: TimeoutException","flaky":false,"newFailed":false,"newBroken":false,"newPassed":false,"retriesCount":0,"retriesStatusChange":false,"beforeStages":[{"name":"base_url","time":{"start":1712625017292,"stop":1712625017292,"duration":0},"status":"passed","steps":[],"attachments":[],"parameters":[],"shouldDisplayMessage":false,"stepsCount":0,"attachmentsCount":0,"hasContent":false,"attachmentStep":false},{"name":"_verify_url","time":{"start":1712625017292,"stop":1712625017292,"duration":0},"status":"passed","steps":[],"attachments":[],"parameters":[],"shouldDisplayMessage":false,"stepsCount":0,"attachmentsCount":0,"hasContent":false,"attachmentStep":false},{"name":"session_request","time":{"start":1712625017292,"stop":1712625017292,"duration":0},"status":"passed","steps":[],"attachments":[],"parameters":[],"shouldDisplayMessage":false,"stepsCount":0,"attachmentsCount":0,"hasContent":false,"attachmentStep":false},{"name":"data","time":{"start":1712625017292,"stop":1712625017293,"duration":1},"status":"passed","steps":[],"attachments":[],"parameters":[],"shouldDisplayMessage":false,"stepsCount":0,"attachmentsCount":0,"hasContent":false,"attachmentStep":false}],"testStage":{"description":"Forgot password with a valid email address","status":"broken","statusMessage":"selenium.common.exceptions.TimeoutException: Message: \nStacktrace:\n#0 0x55f136ecc873 <unknown>\n#1 0x55f136bc28c6 <unknown>\n#2 0x55f136c0d618 <unknown>\n#3 0x55f136c0d6d1 <unknown>\n#4 0x55f136c50744 <unknown>\n#5 0x55f136c2f5cd <unknown>\n#6 0x55f136c4dc19 <unknown>\n#7 0x55f136c2f343 <unknown>\n#8 0x55f136c00593 <unknown>\n#9 0x55f136c00f5e <unknown>\n#10 0x55f136e9085b <unknown>\n#11 0x55f136e947b5 <unknown>\n#12 0x55f136e7e581 <unknown>\n#13 0x55f136e95342 <unknown>\n#14 0x55f136e6388f <unknown>\n#15 0x55f136ebb738 <unknown>\n#16 0x55f136ebb90b <unknown>\n#17 0x55f136ecb9c4 <unknown>\n#18 0x7fd701494ac3 <unknown>","statusTrace":"self = <tests.forgot_password_test.TestForgotPassword object at 0x7f491bee6fc0>\ndata = Data(forgot_password=ForgotPassword(error_message=\"We can't find a user with that e-mail address.\", success_message='A...ct='Non Existing', page_title='My Workspace', project_name='test project', project_type='quiz', template_type='Blank'))\n\n    @allure.description(\"Forgot password with a valid email address\")\n    @allure.title(\"Forgot Password with valid email test\")\n    def test_valid_email(self, data: Data):\n>       self.about_page.click_login_link()\n\ntests/forgot_password_test.py:22: \n_ _ _ _ _ _ _ _ _ _ _ _ _ _ _ _ _ _ _ _ _ _ _ _ _ _ _ _ _ _ _ _ _ _ _ _ _ _ _ _ \npages/about_page.py:20: in click_login_link\n    self.click(self.LOGIN_LINK)\npages/base_page.py:60: in click\n    el: WebElement = self.wait.until(\n_ _ _ _ _ _ _ _ _ _ _ _ _ _ _ _ _ _ _ _ _ _ _ _ _ _ _ _ _ _ _ _ _ _ _ _ _ _ _ _ \n\nself = <selenium.webdriver.support.wait.WebDriverWait (session=\"ca3e22a965fe6b4069f310febfc83bb1\")>\nmethod = <function element_to_be_clickable.<locals>._predicate at 0x7f491b597b00>\nmessage = ''\n\n    def until(self, method: Callable[[D], Union[Literal[False], T]], message: str = \"\") -> T:\n        \"\"\"Calls the method provided with the driver as an argument until the \\\n        return value does not evaluate to ``False``.\n    \n        :param method: callable(WebDriver)\n        :param message: optional message for :exc:`TimeoutException`\n        :returns: the result of the last call to `method`\n        :raises: :exc:`selenium.common.exceptions.TimeoutException` if timeout occurs\n        \"\"\"\n        screen = None\n        stacktrace = None\n    \n        end_time = time.monotonic() + self._timeout\n        while True:\n            try:\n                value = method(self._driver)\n                if value:\n                    return value\n            except self._ignored_exceptions as exc:\n                screen = getattr(exc, \"screen\", None)\n                stacktrace = getattr(exc, \"stacktrace\", None)\n            time.sleep(self._poll)\n            if time.monotonic() > end_time:\n                break\n>       raise TimeoutException(message, screen, stacktrace)\nE       selenium.common.exceptions.TimeoutException: Message: \nE       Stacktrace:\nE       #0 0x55f136ecc873 <unknown>\nE       #1 0x55f136bc28c6 <unknown>\nE       #2 0x55f136c0d618 <unknown>\nE       #3 0x55f136c0d6d1 <unknown>\nE       #4 0x55f136c50744 <unknown>\nE       #5 0x55f136c2f5cd <unknown>\nE       #6 0x55f136c4dc19 <unknown>\nE       #7 0x55f136c2f343 <unknown>\nE       #8 0x55f136c00593 <unknown>\nE       #9 0x55f136c00f5e <unknown>\nE       #10 0x55f136e9085b <unknown>\nE       #11 0x55f136e947b5 <unknown>\nE       #12 0x55f136e7e581 <unknown>\nE       #13 0x55f136e95342 <unknown>\nE       #14 0x55f136e6388f <unknown>\nE       #15 0x55f136ebb738 <unknown>\nE       #16 0x55f136ebb90b <unknown>\nE       #17 0x55f136ecb9c4 <unknown>\nE       #18 0x7fd701494ac3 <unknown>\n\n.venv/lib/python3.12/site-packages/selenium/webdriver/support/wait.py:105: TimeoutException","steps":[{"name":"Click Login link","time":{"start":1712625193508,"stop":1712625203734,"duration":10226},"status":"broken","statusMessage":"selenium.common.exceptions.TimeoutException: Message: \nStacktrace:\n#0 0x55f136ecc873 <unknown>\n#1 0x55f136bc28c6 <unknown>\n#2 0x55f136c0d618 <unknown>\n#3 0x55f136c0d6d1 <unknown>\n#4 0x55f136c50744 <unknown>\n#5 0x55f136c2f5cd <unknown>\n#6 0x55f136c4dc19 <unknown>\n#7 0x55f136c2f343 <unknown>\n#8 0x55f136c00593 <unknown>\n#9 0x55f136c00f5e <unknown>\n#10 0x55f136e9085b <unknown>\n#11 0x55f136e947b5 <unknown>\n#12 0x55f136e7e581 <unknown>\n#13 0x55f136e95342 <unknown>\n#14 0x55f136e6388f <unknown>\n#15 0x55f136ebb738 <unknown>\n#16 0x55f136ebb90b <unknown>\n#17 0x55f136ecb9c4 <unknown>\n#18 0x7fd701494ac3 <unknown>\n\n","statusTrace":"  File \"/home/runner/work/Selenium-Python-Example/Selenium-Python-Example/.venv/lib/python3.12/site-packages/allure_commons/_allure.py\", line 192, in impl\n    return func(*a, **kw)\n           ^^^^^^^^^^^^^^\n  File \"/home/runner/work/Selenium-Python-Example/Selenium-Python-Example/pages/about_page.py\", line 20, in click_login_link\n    self.click(self.LOGIN_LINK)\n  File \"/home/runner/work/Selenium-Python-Example/Selenium-Python-Example/pages/base_page.py\", line 60, in click\n    el: WebElement = self.wait.until(\n                     ^^^^^^^^^^^^^^^^\n  File \"/home/runner/work/Selenium-Python-Example/Selenium-Python-Example/.venv/lib/python3.12/site-packages/selenium/webdriver/support/wait.py\", line 105, in until\n    raise TimeoutException(message, screen, stacktrace)\n","steps":[],"attachments":[],"parameters":[],"shouldDisplayMessage":true,"stepsCount":0,"attachmentsCount":0,"hasContent":true,"attachmentStep":false},{"name":"public ip address","time":{"start":1712625203745,"stop":1712625203760,"duration":15},"status":"passed","steps":[],"attachments":[{"uid":"a3350f05cab74da4","name":"HTTP logs of http://checkip.amazonaws.com/","source":"a3350f05cab74da4.txt","type":"text/plain","size":261}],"parameters":[],"shouldDisplayMessage":false,"stepsCount":0,"attachmentsCount":1,"hasContent":true,"attachmentStep":false}],"attachments":[{"uid":"fb94eb35c6749187","name":"Cookies","source":"fb94eb35c6749187.json","type":"application/json","size":3098},{"uid":"2f6353bdf4b851a0","name":"Session Storage","source":"2f6353bdf4b851a0.json","type":"application/json","size":359},{"uid":"3364f9681a4b2b14","name":"Local Storage","source":"3364f9681a4b2b14.json","type":"application/json","size":208},{"uid":"4cbd59e0db44c014","name":"Console Logs","source":"4cbd59e0db44c014.json","type":"application/json","size":653},{"uid":"ea105fbfb6cb3cfd","name":"Full Page Screenshot","source":"ea105fbfb6cb3cfd.png","type":"image/png","size":6238264},{"uid":"729e1dafd4c579a2","name":"URL","source":"729e1dafd4c579a2.uri","type":"text/uri-list","size":23},{"uid":"c3608f3387d2c1d2","name":"Network Logs","source":"c3608f3387d2c1d2.json","type":"application/json","size":23164}],"parameters":[],"shouldDisplayMessage":true,"stepsCount":2,"attachmentsCount":8,"hasContent":true,"attachmentStep":false},"afterStages":[{"name":"session_request::0","time":{"start":1712625272841,"stop":1712625272841,"duration":0},"status":"passed","steps":[],"attachments":[],"parameters":[],"shouldDisplayMessage":false,"stepsCount":0,"attachmentsCount":0,"hasContent":false,"attachmentStep":false}],"labels":[{"name":"suite","value":"Custom suite"},{"name":"severity","value":"critical"},{"name":"story","value":"Forgot Password Feature's Functionality"},{"name":"epic","value":"Security"},{"name":"parentSuite","value":"Custom parent suite"},{"name":"subSuite","value":"Custom sub suite"},{"name":"tag","value":"security"},{"name":"host","value":"fv-az1152-839"},{"name":"thread","value":"3890-MainThread"},{"name":"framework","value":"pytest"},{"name":"language","value":"cpython3"},{"name":"package","value":"tests.forgot_password_test"},{"name":"resultFormat","value":"allure2"}],"parameters":[],"links":[],"hidden":false,"retry":false,"extra":{"severity":"critical","retries":[],"categories":[{"name":"Test defects","matchedStatuses":[],"flaky":false}],"tags":["security"]},"source":"15f67bb87b7e1176.json","parameterValues":[]}