{"uid":"34be965e297c73b8","name":"Create new workspace test","fullName":"tests.workspaces_test.TestWorkspaces#test_create_new_workspace","historyId":"e1f088bc30a040de4100d958931562b3","time":{"start":1712625000468,"stop":1712625000468,"duration":0},"description":"Create new Workspace","descriptionHtml":"<p>Create new Workspace</p>\n","status":"broken","statusMessage":"selenium.common.exceptions.TimeoutException: Message: \nStacktrace:\n#0 0x55928d2c7873 <unknown>\n#1 0x55928cfbd8c6 <unknown>\n#2 0x55928d008618 <unknown>\n#3 0x55928d0086d1 <unknown>\n#4 0x55928d04b744 <unknown>\n#5 0x55928d02a5cd <unknown>\n#6 0x55928d048c19 <unknown>\n#7 0x55928d02a343 <unknown>\n#8 0x55928cffb593 <unknown>\n#9 0x55928cffbf5e <unknown>\n#10 0x55928d28b85b <unknown>\n#11 0x55928d28f7b5 <unknown>\n#12 0x55928d279581 <unknown>\n#13 0x55928d290342 <unknown>\n#14 0x55928d25e88f <unknown>\n#15 0x55928d2b6738 <unknown>\n#16 0x55928d2b690b <unknown>\n#17 0x55928d2c69c4 <unknown>\n#18 0x7f8139494ac3 <unknown>","statusTrace":"self = <tests.workspaces_test.TestWorkspaces object at 0x7f491bf21fa0>\n\n    @pytest.fixture(autouse=True)\n    def setup_method_fixture(self):\n>       login(self.about_page, self.login_page)\n\ntests/workspaces_test.py:25: \n_ _ _ _ _ _ _ _ _ _ _ _ _ _ _ _ _ _ _ _ _ _ _ _ _ _ _ _ _ _ _ _ _ _ _ _ _ _ _ _ \ntests/workspaces_test.py:15: in login\n    about_page.click_login_link()\npages/about_page.py:20: in click_login_link\n    self.click(self.LOGIN_LINK)\npages/base_page.py:60: in click\n    el: WebElement = self.wait.until(\n_ _ _ _ _ _ _ _ _ _ _ _ _ _ _ _ _ _ _ _ _ _ _ _ _ _ _ _ _ _ _ _ _ _ _ _ _ _ _ _ \n\nself = <selenium.webdriver.support.wait.WebDriverWait (session=\"c55baeba341a0e3942c65ec5a9c445a6\")>\nmethod = <function element_to_be_clickable.<locals>._predicate at 0x7f491c8539c0>\nmessage = ''\n\n    def until(self, method: Callable[[D], Union[Literal[False], T]], message: str = \"\") -> T:\n        \"\"\"Calls the method provided with the driver as an argument until the \\\n        return value does not evaluate to ``False``.\n    \n        :param method: callable(WebDriver)\n        :param message: optional message for :exc:`TimeoutException`\n        :returns: the result of the last call to `method`\n        :raises: :exc:`selenium.common.exceptions.TimeoutException` if timeout occurs\n        \"\"\"\n        screen = None\n        stacktrace = None\n    \n        end_time = time.monotonic() + self._timeout\n        while True:\n            try:\n                value = method(self._driver)\n                if value:\n                    return value\n            except self._ignored_exceptions as exc:\n                screen = getattr(exc, \"screen\", None)\n                stacktrace = getattr(exc, \"stacktrace\", None)\n            time.sleep(self._poll)\n            if time.monotonic() > end_time:\n                break\n>       raise TimeoutException(message, screen, stacktrace)\nE       selenium.common.exceptions.TimeoutException: Message: \nE       Stacktrace:\nE       #0 0x55928d2c7873 <unknown>\nE       #1 0x55928cfbd8c6 <unknown>\nE       #2 0x55928d008618 <unknown>\nE       #3 0x55928d0086d1 <unknown>\nE       #4 0x55928d04b744 <unknown>\nE       #5 0x55928d02a5cd <unknown>\nE       #6 0x55928d048c19 <unknown>\nE       #7 0x55928d02a343 <unknown>\nE       #8 0x55928cffb593 <unknown>\nE       #9 0x55928cffbf5e <unknown>\nE       #10 0x55928d28b85b <unknown>\nE       #11 0x55928d28f7b5 <unknown>\nE       #12 0x55928d279581 <unknown>\nE       #13 0x55928d290342 <unknown>\nE       #14 0x55928d25e88f <unknown>\nE       #15 0x55928d2b6738 <unknown>\nE       #16 0x55928d2b690b <unknown>\nE       #17 0x55928d2c69c4 <unknown>\nE       #18 0x7f8139494ac3 <unknown>\n\n.venv/lib/python3.12/site-packages/selenium/webdriver/support/wait.py:105: TimeoutException","flaky":false,"newFailed":false,"newBroken":false,"newPassed":false,"retriesCount":0,"retriesStatusChange":false,"beforeStages":[{"name":"base_url","time":{"start":1712625017292,"stop":1712625017292,"duration":0},"status":"passed","steps":[],"attachments":[],"parameters":[],"shouldDisplayMessage":false,"stepsCount":0,"attachmentsCount":0,"hasContent":false,"attachmentStep":false},{"name":"_verify_url","time":{"start":1712625017292,"stop":1712625017292,"duration":0},"status":"passed","steps":[],"attachments":[],"parameters":[],"shouldDisplayMessage":false,"stepsCount":0,"attachmentsCount":0,"hasContent":false,"attachmentStep":false},{"name":"data","time":{"start":1712625017292,"stop":1712625017293,"duration":1},"status":"passed","steps":[],"attachments":[],"parameters":[],"shouldDisplayMessage":false,"stepsCount":0,"attachmentsCount":0,"hasContent":false,"attachmentStep":false},{"name":"session_request","time":{"start":1712625017292,"stop":1712625017292,"duration":0},"status":"passed","steps":[],"attachments":[],"parameters":[],"shouldDisplayMessage":false,"stepsCount":0,"attachmentsCount":0,"hasContent":false,"attachmentStep":false},{"name":"setup_method_fixture","time":{"start":1712625017293,"stop":1712625027576,"duration":10283},"status":"broken","statusMessage":"selenium.common.exceptions.TimeoutException: Message: \nStacktrace:\n#0 0x55928d2c7873 <unknown>\n#1 0x55928cfbd8c6 <unknown>\n#2 0x55928d008618 <unknown>\n#3 0x55928d0086d1 <unknown>\n#4 0x55928d04b744 <unknown>\n#5 0x55928d02a5cd <unknown>\n#6 0x55928d048c19 <unknown>\n#7 0x55928d02a343 <unknown>\n#8 0x55928cffb593 <unknown>\n#9 0x55928cffbf5e <unknown>\n#10 0x55928d28b85b <unknown>\n#11 0x55928d28f7b5 <unknown>\n#12 0x55928d279581 <unknown>\n#13 0x55928d290342 <unknown>\n#14 0x55928d25e88f <unknown>\n#15 0x55928d2b6738 <unknown>\n#16 0x55928d2b690b <unknown>\n#17 0x55928d2c69c4 <unknown>\n#18 0x7f8139494ac3 <unknown>\n\n","statusTrace":"  File \"/home/runner/work/Selenium-Python-Example/Selenium-Python-Example/.venv/lib/python3.12/site-packages/pluggy/_callers.py\", line 166, in _multicall\n    teardown.throw(outcome._exception)\n  File \"/home/runner/work/Selenium-Python-Example/Selenium-Python-Example/.venv/lib/python3.12/site-packages/_pytest/setuponly.py\", line 36, in pytest_fixture_setup\n    return (yield)\n            ^^^^^\n  File \"/home/runner/work/Selenium-Python-Example/Selenium-Python-Example/.venv/lib/python3.12/site-packages/pluggy/_callers.py\", line 102, in _multicall\n    res = hook_impl.function(*args)\n          ^^^^^^^^^^^^^^^^^^^^^^^^^\n  File \"/home/runner/work/Selenium-Python-Example/Selenium-Python-Example/.venv/lib/python3.12/site-packages/_pytest/fixtures.py\", line 1132, in pytest_fixture_setup\n    result = call_fixture_func(fixturefunc, request, kwargs)\n             ^^^^^^^^^^^^^^^^^^^^^^^^^^^^^^^^^^^^^^^^^^^^^^^\n  File \"/home/runner/work/Selenium-Python-Example/Selenium-Python-Example/.venv/lib/python3.12/site-packages/_pytest/fixtures.py\", line 913, in call_fixture_func\n    fixture_result = fixturefunc(**kwargs)\n                     ^^^^^^^^^^^^^^^^^^^^^\n  File \"/home/runner/work/Selenium-Python-Example/Selenium-Python-Example/tests/workspaces_test.py\", line 25, in setup_method_fixture\n    login(self.about_page, self.login_page)\n  File \"/home/runner/work/Selenium-Python-Example/Selenium-Python-Example/tests/workspaces_test.py\", line 15, in login\n    about_page.click_login_link()\n  File \"/home/runner/work/Selenium-Python-Example/Selenium-Python-Example/.venv/lib/python3.12/site-packages/allure_commons/_allure.py\", line 192, in impl\n    return func(*a, **kw)\n           ^^^^^^^^^^^^^^\n  File \"/home/runner/work/Selenium-Python-Example/Selenium-Python-Example/pages/about_page.py\", line 20, in click_login_link\n    self.click(self.LOGIN_LINK)\n  File \"/home/runner/work/Selenium-Python-Example/Selenium-Python-Example/pages/base_page.py\", line 60, in click\n    el: WebElement = self.wait.until(\n                     ^^^^^^^^^^^^^^^^\n  File \"/home/runner/work/Selenium-Python-Example/Selenium-Python-Example/.venv/lib/python3.12/site-packages/selenium/webdriver/support/wait.py\", line 105, in until\n    raise TimeoutException(message, screen, stacktrace)\n","steps":[{"name":"Click Login link","time":{"start":1712625017294,"stop":1712625027576,"duration":10282},"status":"broken","statusMessage":"selenium.common.exceptions.TimeoutException: Message: \nStacktrace:\n#0 0x55928d2c7873 <unknown>\n#1 0x55928cfbd8c6 <unknown>\n#2 0x55928d008618 <unknown>\n#3 0x55928d0086d1 <unknown>\n#4 0x55928d04b744 <unknown>\n#5 0x55928d02a5cd <unknown>\n#6 0x55928d048c19 <unknown>\n#7 0x55928d02a343 <unknown>\n#8 0x55928cffb593 <unknown>\n#9 0x55928cffbf5e <unknown>\n#10 0x55928d28b85b <unknown>\n#11 0x55928d28f7b5 <unknown>\n#12 0x55928d279581 <unknown>\n#13 0x55928d290342 <unknown>\n#14 0x55928d25e88f <unknown>\n#15 0x55928d2b6738 <unknown>\n#16 0x55928d2b690b <unknown>\n#17 0x55928d2c69c4 <unknown>\n#18 0x7f8139494ac3 <unknown>\n\n","statusTrace":"  File \"/home/runner/work/Selenium-Python-Example/Selenium-Python-Example/.venv/lib/python3.12/site-packages/allure_commons/_allure.py\", line 192, in impl\n    return func(*a, **kw)\n           ^^^^^^^^^^^^^^\n  File \"/home/runner/work/Selenium-Python-Example/Selenium-Python-Example/pages/about_page.py\", line 20, in click_login_link\n    self.click(self.LOGIN_LINK)\n  File \"/home/runner/work/Selenium-Python-Example/Selenium-Python-Example/pages/base_page.py\", line 60, in click\n    el: WebElement = self.wait.until(\n                     ^^^^^^^^^^^^^^^^\n  File \"/home/runner/work/Selenium-Python-Example/Selenium-Python-Example/.venv/lib/python3.12/site-packages/selenium/webdriver/support/wait.py\", line 105, in until\n    raise TimeoutException(message, screen, stacktrace)\n","steps":[],"attachments":[],"parameters":[],"shouldDisplayMessage":true,"stepsCount":0,"attachmentsCount":0,"hasContent":true,"attachmentStep":false}],"attachments":[],"parameters":[],"shouldDisplayMessage":false,"stepsCount":1,"attachmentsCount":0,"hasContent":true,"attachmentStep":false}],"testStage":{"description":"Create new Workspace","status":"broken","statusMessage":"selenium.common.exceptions.TimeoutException: Message: \nStacktrace:\n#0 0x55928d2c7873 <unknown>\n#1 0x55928cfbd8c6 <unknown>\n#2 0x55928d008618 <unknown>\n#3 0x55928d0086d1 <unknown>\n#4 0x55928d04b744 <unknown>\n#5 0x55928d02a5cd <unknown>\n#6 0x55928d048c19 <unknown>\n#7 0x55928d02a343 <unknown>\n#8 0x55928cffb593 <unknown>\n#9 0x55928cffbf5e <unknown>\n#10 0x55928d28b85b <unknown>\n#11 0x55928d28f7b5 <unknown>\n#12 0x55928d279581 <unknown>\n#13 0x55928d290342 <unknown>\n#14 0x55928d25e88f <unknown>\n#15 0x55928d2b6738 <unknown>\n#16 0x55928d2b690b <unknown>\n#17 0x55928d2c69c4 <unknown>\n#18 0x7f8139494ac3 <unknown>","statusTrace":"self = <tests.workspaces_test.TestWorkspaces object at 0x7f491bf21fa0>\n\n    @pytest.fixture(autouse=True)\n    def setup_method_fixture(self):\n>       login(self.about_page, self.login_page)\n\ntests/workspaces_test.py:25: \n_ _ _ _ _ _ _ _ _ _ _ _ _ _ _ _ _ _ _ _ _ _ _ _ _ _ _ _ _ _ _ _ _ _ _ _ _ _ _ _ \ntests/workspaces_test.py:15: in login\n    about_page.click_login_link()\npages/about_page.py:20: in click_login_link\n    self.click(self.LOGIN_LINK)\npages/base_page.py:60: in click\n    el: WebElement = self.wait.until(\n_ _ _ _ _ _ _ _ _ _ _ _ _ _ _ _ _ _ _ _ _ _ _ _ _ _ _ _ _ _ _ _ _ _ _ _ _ _ _ _ \n\nself = <selenium.webdriver.support.wait.WebDriverWait (session=\"c55baeba341a0e3942c65ec5a9c445a6\")>\nmethod = <function element_to_be_clickable.<locals>._predicate at 0x7f491c8539c0>\nmessage = ''\n\n    def until(self, method: Callable[[D], Union[Literal[False], T]], message: str = \"\") -> T:\n        \"\"\"Calls the method provided with the driver as an argument until the \\\n        return value does not evaluate to ``False``.\n    \n        :param method: callable(WebDriver)\n        :param message: optional message for :exc:`TimeoutException`\n        :returns: the result of the last call to `method`\n        :raises: :exc:`selenium.common.exceptions.TimeoutException` if timeout occurs\n        \"\"\"\n        screen = None\n        stacktrace = None\n    \n        end_time = time.monotonic() + self._timeout\n        while True:\n            try:\n                value = method(self._driver)\n                if value:\n                    return value\n            except self._ignored_exceptions as exc:\n                screen = getattr(exc, \"screen\", None)\n                stacktrace = getattr(exc, \"stacktrace\", None)\n            time.sleep(self._poll)\n            if time.monotonic() > end_time:\n                break\n>       raise TimeoutException(message, screen, stacktrace)\nE       selenium.common.exceptions.TimeoutException: Message: \nE       Stacktrace:\nE       #0 0x55928d2c7873 <unknown>\nE       #1 0x55928cfbd8c6 <unknown>\nE       #2 0x55928d008618 <unknown>\nE       #3 0x55928d0086d1 <unknown>\nE       #4 0x55928d04b744 <unknown>\nE       #5 0x55928d02a5cd <unknown>\nE       #6 0x55928d048c19 <unknown>\nE       #7 0x55928d02a343 <unknown>\nE       #8 0x55928cffb593 <unknown>\nE       #9 0x55928cffbf5e <unknown>\nE       #10 0x55928d28b85b <unknown>\nE       #11 0x55928d28f7b5 <unknown>\nE       #12 0x55928d279581 <unknown>\nE       #13 0x55928d290342 <unknown>\nE       #14 0x55928d25e88f <unknown>\nE       #15 0x55928d2b6738 <unknown>\nE       #16 0x55928d2b690b <unknown>\nE       #17 0x55928d2c69c4 <unknown>\nE       #18 0x7f8139494ac3 <unknown>\n\n.venv/lib/python3.12/site-packages/selenium/webdriver/support/wait.py:105: TimeoutException","steps":[{"name":"public ip address","time":{"start":1712625027632,"stop":1712625027739,"duration":107},"status":"passed","steps":[],"attachments":[{"uid":"83cf9477020094b0","name":"HTTP logs of http://checkip.amazonaws.com/","source":"83cf9477020094b0.txt","type":"text/plain","size":261}],"parameters":[],"shouldDisplayMessage":false,"stepsCount":0,"attachmentsCount":1,"hasContent":true,"attachmentStep":false}],"attachments":[{"uid":"6e4812c480981ea","name":"Cookies","source":"6e4812c480981ea.json","type":"application/json","size":3099},{"uid":"9ac6155bb7365d32","name":"Session Storage","source":"9ac6155bb7365d32.json","type":"application/json","size":359},{"uid":"4d5c5d8832b93cf7","name":"Local Storage","source":"4d5c5d8832b93cf7.json","type":"application/json","size":208},{"uid":"c83957e55dab6f0","name":"Console Logs","source":"c83957e55dab6f0.json","type":"application/json","size":653},{"uid":"4e4dc1ffa7ecc9ff","name":"Full Page Screenshot","source":"4e4dc1ffa7ecc9ff.png","type":"image/png","size":6238264},{"uid":"3b2724748b87f30e","name":"URL","source":"3b2724748b87f30e.uri","type":"text/uri-list","size":23},{"uid":"80ef7d79d03b0800","name":"Network Logs","source":"80ef7d79d03b0800.json","type":"application/json","size":23169}],"parameters":[],"shouldDisplayMessage":true,"stepsCount":1,"attachmentsCount":8,"hasContent":true,"attachmentStep":false},"afterStages":[{"name":"session_request::0","time":{"start":1712625272841,"stop":1712625272841,"duration":0},"status":"passed","steps":[],"attachments":[],"parameters":[],"shouldDisplayMessage":false,"stepsCount":0,"attachmentsCount":0,"hasContent":false,"attachmentStep":false}],"labels":[{"name":"severity","value":"normal"},{"name":"epic","value":"Workspaces"},{"name":"story","value":"WorkSpaces Creation and Editing Functionality"},{"name":"tag","value":"run(order=1)"},{"name":"parentSuite","value":"tests"},{"name":"suite","value":"workspaces_test"},{"name":"subSuite","value":"TestWorkspaces"},{"name":"host","value":"fv-az1152-839"},{"name":"thread","value":"3890-MainThread"},{"name":"framework","value":"pytest"},{"name":"language","value":"cpython3"},{"name":"package","value":"tests.workspaces_test"},{"name":"resultFormat","value":"allure2"}],"parameters":[],"links":[],"hidden":false,"retry":false,"extra":{"severity":"normal","retries":[],"categories":[{"name":"Test defects","matchedStatuses":[],"flaky":false}],"tags":["run(order=1)"]},"source":"34be965e297c73b8.json","parameterValues":[]}