{"uid":"b6de15307a2e98fd","name":"Login with valid credentials test","fullName":"tests.login_test.TestLogin#test_valid_login","historyId":"18657c207d70aa57845e0b7f4751c290","time":{"start":1712625242493,"stop":1712625252705,"duration":10212},"description":"valid login","descriptionHtml":"<p>valid login</p>\n","status":"broken","statusMessage":"selenium.common.exceptions.TimeoutException: Message: \nStacktrace:\n#0 0x55f7fff61873 <unknown>\n#1 0x55f7ffc578c6 <unknown>\n#2 0x55f7ffca2618 <unknown>\n#3 0x55f7ffca26d1 <unknown>\n#4 0x55f7ffce5744 <unknown>\n#5 0x55f7ffcc45cd <unknown>\n#6 0x55f7ffce2c19 <unknown>\n#7 0x55f7ffcc4343 <unknown>\n#8 0x55f7ffc95593 <unknown>\n#9 0x55f7ffc95f5e <unknown>\n#10 0x55f7fff2585b <unknown>\n#11 0x55f7fff297b5 <unknown>\n#12 0x55f7fff13581 <unknown>\n#13 0x55f7fff2a342 <unknown>\n#14 0x55f7ffef888f <unknown>\n#15 0x55f7fff50738 <unknown>\n#16 0x55f7fff5090b <unknown>\n#17 0x55f7fff609c4 <unknown>\n#18 0x7fbae4e94ac3 <unknown>","statusTrace":"self = <tests.login_test.TestLogin object at 0x7f491bf20530>\ndata = Data(forgot_password=ForgotPassword(error_message=\"We can't find a user with that e-mail address.\", success_message='A...ct='Non Existing', page_title='My Workspace', project_name='test project', project_type='quiz', template_type='Blank'))\n\n    @allure.description(\"valid login\")\n    @allure.title(\"Login with valid credentials test\")\n    @allure.tag(\"Tagged test\")\n    @pytest.mark.flaky(reruns=1)\n    def test_valid_login(self, data: Data):\n        self.about_page.set_geo_location(30.3079823, -97.893803)\n>       self.about_page.click_login_link()\n\ntests/login_test.py:43: \n_ _ _ _ _ _ _ _ _ _ _ _ _ _ _ _ _ _ _ _ _ _ _ _ _ _ _ _ _ _ _ _ _ _ _ _ _ _ _ _ \npages/about_page.py:20: in click_login_link\n    self.click(self.LOGIN_LINK)\npages/base_page.py:60: in click\n    el: WebElement = self.wait.until(\n_ _ _ _ _ _ _ _ _ _ _ _ _ _ _ _ _ _ _ _ _ _ _ _ _ _ _ _ _ _ _ _ _ _ _ _ _ _ _ _ \n\nself = <selenium.webdriver.support.wait.WebDriverWait (session=\"ac5862693eeeee298d72d8b32e4dcf51\")>\nmethod = <function element_to_be_clickable.<locals>._predicate at 0x7f491af10400>\nmessage = ''\n\n    def until(self, method: Callable[[D], Union[Literal[False], T]], message: str = \"\") -> T:\n        \"\"\"Calls the method provided with the driver as an argument until the \\\n        return value does not evaluate to ``False``.\n    \n        :param method: callable(WebDriver)\n        :param message: optional message for :exc:`TimeoutException`\n        :returns: the result of the last call to `method`\n        :raises: :exc:`selenium.common.exceptions.TimeoutException` if timeout occurs\n        \"\"\"\n        screen = None\n        stacktrace = None\n    \n        end_time = time.monotonic() + self._timeout\n        while True:\n            try:\n                value = method(self._driver)\n                if value:\n                    return value\n            except self._ignored_exceptions as exc:\n                screen = getattr(exc, \"screen\", None)\n                stacktrace = getattr(exc, \"stacktrace\", None)\n            time.sleep(self._poll)\n            if time.monotonic() > end_time:\n                break\n>       raise TimeoutException(message, screen, stacktrace)\nE       selenium.common.exceptions.TimeoutException: Message: \nE       Stacktrace:\nE       #0 0x55f7fff61873 <unknown>\nE       #1 0x55f7ffc578c6 <unknown>\nE       #2 0x55f7ffca2618 <unknown>\nE       #3 0x55f7ffca26d1 <unknown>\nE       #4 0x55f7ffce5744 <unknown>\nE       #5 0x55f7ffcc45cd <unknown>\nE       #6 0x55f7ffce2c19 <unknown>\nE       #7 0x55f7ffcc4343 <unknown>\nE       #8 0x55f7ffc95593 <unknown>\nE       #9 0x55f7ffc95f5e <unknown>\nE       #10 0x55f7fff2585b <unknown>\nE       #11 0x55f7fff297b5 <unknown>\nE       #12 0x55f7fff13581 <unknown>\nE       #13 0x55f7fff2a342 <unknown>\nE       #14 0x55f7ffef888f <unknown>\nE       #15 0x55f7fff50738 <unknown>\nE       #16 0x55f7fff5090b <unknown>\nE       #17 0x55f7fff609c4 <unknown>\nE       #18 0x7fbae4e94ac3 <unknown>\n\n.venv/lib/python3.12/site-packages/selenium/webdriver/support/wait.py:105: TimeoutException","flaky":false,"newFailed":false,"newBroken":false,"newPassed":false,"retriesCount":1,"retriesStatusChange":false,"beforeStages":[{"name":"base_url","time":{"start":1712625017292,"stop":1712625017292,"duration":0},"status":"passed","steps":[],"attachments":[],"parameters":[],"shouldDisplayMessage":false,"stepsCount":0,"attachmentsCount":0,"hasContent":false,"attachmentStep":false},{"name":"_verify_url","time":{"start":1712625017292,"stop":1712625017292,"duration":0},"status":"passed","steps":[],"attachments":[],"parameters":[],"shouldDisplayMessage":false,"stepsCount":0,"attachmentsCount":0,"hasContent":false,"attachmentStep":false},{"name":"session_request","time":{"start":1712625017292,"stop":1712625017292,"duration":0},"status":"passed","steps":[],"attachments":[],"parameters":[],"shouldDisplayMessage":false,"stepsCount":0,"attachmentsCount":0,"hasContent":false,"attachmentStep":false},{"name":"data","time":{"start":1712625017292,"stop":1712625017293,"duration":1},"status":"passed","steps":[],"attachments":[],"parameters":[],"shouldDisplayMessage":false,"stepsCount":0,"attachmentsCount":0,"hasContent":false,"attachmentStep":false}],"testStage":{"description":"valid login","status":"broken","statusMessage":"selenium.common.exceptions.TimeoutException: Message: \nStacktrace:\n#0 0x55f7fff61873 <unknown>\n#1 0x55f7ffc578c6 <unknown>\n#2 0x55f7ffca2618 <unknown>\n#3 0x55f7ffca26d1 <unknown>\n#4 0x55f7ffce5744 <unknown>\n#5 0x55f7ffcc45cd <unknown>\n#6 0x55f7ffce2c19 <unknown>\n#7 0x55f7ffcc4343 <unknown>\n#8 0x55f7ffc95593 <unknown>\n#9 0x55f7ffc95f5e <unknown>\n#10 0x55f7fff2585b <unknown>\n#11 0x55f7fff297b5 <unknown>\n#12 0x55f7fff13581 <unknown>\n#13 0x55f7fff2a342 <unknown>\n#14 0x55f7ffef888f <unknown>\n#15 0x55f7fff50738 <unknown>\n#16 0x55f7fff5090b <unknown>\n#17 0x55f7fff609c4 <unknown>\n#18 0x7fbae4e94ac3 <unknown>","statusTrace":"self = <tests.login_test.TestLogin object at 0x7f491bf20530>\ndata = Data(forgot_password=ForgotPassword(error_message=\"We can't find a user with that e-mail address.\", success_message='A...ct='Non Existing', page_title='My Workspace', project_name='test project', project_type='quiz', template_type='Blank'))\n\n    @allure.description(\"valid login\")\n    @allure.title(\"Login with valid credentials test\")\n    @allure.tag(\"Tagged test\")\n    @pytest.mark.flaky(reruns=1)\n    def test_valid_login(self, data: Data):\n        self.about_page.set_geo_location(30.3079823, -97.893803)\n>       self.about_page.click_login_link()\n\ntests/login_test.py:43: \n_ _ _ _ _ _ _ _ _ _ _ _ _ _ _ _ _ _ _ _ _ _ _ _ _ _ _ _ _ _ _ _ _ _ _ _ _ _ _ _ \npages/about_page.py:20: in click_login_link\n    self.click(self.LOGIN_LINK)\npages/base_page.py:60: in click\n    el: WebElement = self.wait.until(\n_ _ _ _ _ _ _ _ _ _ _ _ _ _ _ _ _ _ _ _ _ _ _ _ _ _ _ _ _ _ _ _ _ _ _ _ _ _ _ _ \n\nself = <selenium.webdriver.support.wait.WebDriverWait (session=\"ac5862693eeeee298d72d8b32e4dcf51\")>\nmethod = <function element_to_be_clickable.<locals>._predicate at 0x7f491af10400>\nmessage = ''\n\n    def until(self, method: Callable[[D], Union[Literal[False], T]], message: str = \"\") -> T:\n        \"\"\"Calls the method provided with the driver as an argument until the \\\n        return value does not evaluate to ``False``.\n    \n        :param method: callable(WebDriver)\n        :param message: optional message for :exc:`TimeoutException`\n        :returns: the result of the last call to `method`\n        :raises: :exc:`selenium.common.exceptions.TimeoutException` if timeout occurs\n        \"\"\"\n        screen = None\n        stacktrace = None\n    \n        end_time = time.monotonic() + self._timeout\n        while True:\n            try:\n                value = method(self._driver)\n                if value:\n                    return value\n            except self._ignored_exceptions as exc:\n                screen = getattr(exc, \"screen\", None)\n                stacktrace = getattr(exc, \"stacktrace\", None)\n            time.sleep(self._poll)\n            if time.monotonic() > end_time:\n                break\n>       raise TimeoutException(message, screen, stacktrace)\nE       selenium.common.exceptions.TimeoutException: Message: \nE       Stacktrace:\nE       #0 0x55f7fff61873 <unknown>\nE       #1 0x55f7ffc578c6 <unknown>\nE       #2 0x55f7ffca2618 <unknown>\nE       #3 0x55f7ffca26d1 <unknown>\nE       #4 0x55f7ffce5744 <unknown>\nE       #5 0x55f7ffcc45cd <unknown>\nE       #6 0x55f7ffce2c19 <unknown>\nE       #7 0x55f7ffcc4343 <unknown>\nE       #8 0x55f7ffc95593 <unknown>\nE       #9 0x55f7ffc95f5e <unknown>\nE       #10 0x55f7fff2585b <unknown>\nE       #11 0x55f7fff297b5 <unknown>\nE       #12 0x55f7fff13581 <unknown>\nE       #13 0x55f7fff2a342 <unknown>\nE       #14 0x55f7ffef888f <unknown>\nE       #15 0x55f7fff50738 <unknown>\nE       #16 0x55f7fff5090b <unknown>\nE       #17 0x55f7fff609c4 <unknown>\nE       #18 0x7fbae4e94ac3 <unknown>\n\n.venv/lib/python3.12/site-packages/selenium/webdriver/support/wait.py:105: TimeoutException","steps":[{"name":"Click Login link","time":{"start":1712625242502,"stop":1712625252705,"duration":10203},"status":"broken","statusMessage":"selenium.common.exceptions.TimeoutException: Message: \nStacktrace:\n#0 0x55f7fff61873 <unknown>\n#1 0x55f7ffc578c6 <unknown>\n#2 0x55f7ffca2618 <unknown>\n#3 0x55f7ffca26d1 <unknown>\n#4 0x55f7ffce5744 <unknown>\n#5 0x55f7ffcc45cd <unknown>\n#6 0x55f7ffce2c19 <unknown>\n#7 0x55f7ffcc4343 <unknown>\n#8 0x55f7ffc95593 <unknown>\n#9 0x55f7ffc95f5e <unknown>\n#10 0x55f7fff2585b <unknown>\n#11 0x55f7fff297b5 <unknown>\n#12 0x55f7fff13581 <unknown>\n#13 0x55f7fff2a342 <unknown>\n#14 0x55f7ffef888f <unknown>\n#15 0x55f7fff50738 <unknown>\n#16 0x55f7fff5090b <unknown>\n#17 0x55f7fff609c4 <unknown>\n#18 0x7fbae4e94ac3 <unknown>\n\n","statusTrace":"  File \"/home/runner/work/Selenium-Python-Example/Selenium-Python-Example/.venv/lib/python3.12/site-packages/allure_commons/_allure.py\", line 192, in impl\n    return func(*a, **kw)\n           ^^^^^^^^^^^^^^\n  File \"/home/runner/work/Selenium-Python-Example/Selenium-Python-Example/pages/about_page.py\", line 20, in click_login_link\n    self.click(self.LOGIN_LINK)\n  File \"/home/runner/work/Selenium-Python-Example/Selenium-Python-Example/pages/base_page.py\", line 60, in click\n    el: WebElement = self.wait.until(\n                     ^^^^^^^^^^^^^^^^\n  File \"/home/runner/work/Selenium-Python-Example/Selenium-Python-Example/.venv/lib/python3.12/site-packages/selenium/webdriver/support/wait.py\", line 105, in until\n    raise TimeoutException(message, screen, stacktrace)\n","steps":[],"attachments":[],"parameters":[],"shouldDisplayMessage":true,"stepsCount":0,"attachmentsCount":0,"hasContent":true,"attachmentStep":false},{"name":"public ip address","time":{"start":1712625252715,"stop":1712625252731,"duration":16},"status":"passed","steps":[],"attachments":[{"uid":"1897b332e4f01132","name":"HTTP logs of http://checkip.amazonaws.com/","source":"1897b332e4f01132.txt","type":"text/plain","size":261}],"parameters":[],"shouldDisplayMessage":false,"stepsCount":0,"attachmentsCount":1,"hasContent":true,"attachmentStep":false}],"attachments":[{"uid":"a28e20f8b0e81816","name":"Cookies","source":"a28e20f8b0e81816.json","type":"application/json","size":3098},{"uid":"caffd6e78100bb6c","name":"Session Storage","source":"caffd6e78100bb6c.json","type":"application/json","size":359},{"uid":"e637a92409012b65","name":"Local Storage","source":"e637a92409012b65.json","type":"application/json","size":208},{"uid":"580aebe08a87625a","name":"Console Logs","source":"580aebe08a87625a.json","type":"application/json","size":653},{"uid":"feff290f3a4d0842","name":"Full Page Screenshot","source":"feff290f3a4d0842.png","type":"image/png","size":6238264},{"uid":"743deaa432e3399a","name":"URL","source":"743deaa432e3399a.uri","type":"text/uri-list","size":23},{"uid":"8617971b844a1c1","name":"Network Logs","source":"8617971b844a1c1.json","type":"application/json","size":23214}],"parameters":[],"shouldDisplayMessage":true,"stepsCount":2,"attachmentsCount":8,"hasContent":true,"attachmentStep":false},"afterStages":[{"name":"session_request::0","time":{"start":1712625272841,"stop":1712625272841,"duration":0},"status":"passed","steps":[],"attachments":[],"parameters":[],"shouldDisplayMessage":false,"stepsCount":0,"attachmentsCount":0,"hasContent":false,"attachmentStep":false}],"labels":[{"name":"epic","value":"Security"},{"name":"tag","value":"Tagged test"},{"name":"feature","value":"Login"},{"name":"severity","value":"blocker"},{"name":"tag","value":"flaky(reruns=1)"},{"name":"tag","value":"security"},{"name":"parentSuite","value":"tests"},{"name":"suite","value":"login_test"},{"name":"subSuite","value":"TestLogin"},{"name":"host","value":"fv-az1152-839"},{"name":"thread","value":"3890-MainThread"},{"name":"framework","value":"pytest"},{"name":"language","value":"cpython3"},{"name":"package","value":"tests.login_test"},{"name":"resultFormat","value":"allure2"}],"parameters":[],"links":[],"hidden":false,"retry":false,"extra":{"severity":"blocker","retries":[{"uid":"d8c8cef59a1b656d","status":"broken","statusDetails":"selenium.common.exceptions.TimeoutException: Message: \nStacktrace:\n#0 0x558a20576873 <unknown>\n#1 0x558a2026c8c6 <unknown>\n#2 0x558a202b7618 <unknown>\n#3 0x558a202b76d1 <unknown>\n#4 0x558a202fa744 <unknown>\n#5 0x558a202d95cd <unknown>\n#6 0x558a202f7c19 <unknown>\n#7 0x558a202d9343 <unknown>\n#8 0x558a202aa593 <unknown>\n#9 0x558a202aaf5e <unknown>\n#10 0x558a2053a85b <unknown>\n#11 0x558a2053e7b5 <unknown>\n#12 0x558a20528581 <unknown>\n#13 0x558a2053f342 <unknown>\n#14 0x558a2050d88f <unknown>\n#15 0x558a20565738 <unknown>\n#16 0x558a2056590b <unknown>\n#17 0x558a205759c4 <unknown>\n#18 0x7f68ecc94ac3 <unknown>","time":{"start":1712625225584,"stop":1712625235860,"duration":10276}}],"categories":[{"name":"Test defects","matchedStatuses":[],"flaky":false}],"tags":["security","Tagged test","flaky(reruns=1)"]},"source":"b6de15307a2e98fd.json","parameterValues":[]}