{"uid":"c22269d6133a1c66","name":"Exception test","fullName":"tests.forgot_password_test.TestForgotPassword#test_expected_exception_on_page_title","historyId":"288cd0030c92ba34b4ff4b58ed8ec476","time":{"start":1725845254212,"stop":1725845264538,"duration":10326},"description":"Exception catching","descriptionHtml":"<p>Exception catching</p>\n","status":"broken","statusMessage":"selenium.common.exceptions.TimeoutException: Message: \nStacktrace:\n#0 0x56384bf528da <unknown>\n#1 0x56384bc20e50 <unknown>\n#2 0x56384bc70644 <unknown>\n#3 0x56384bc70931 <unknown>\n#4 0x56384bcb6534 <unknown>\n#5 0x56384bc954bd <unknown>\n#6 0x56384bcb39c6 <unknown>\n#7 0x56384bc95233 <unknown>\n#8 0x56384bc63093 <unknown>\n#9 0x56384bc6409e <unknown>\n#10 0x56384bf19b3b <unknown>\n#11 0x56384bf1daf1 <unknown>\n#12 0x56384bf05705 <unknown>\n#13 0x56384bf1e662 <unknown>\n#14 0x56384beea8df <unknown>\n#15 0x56384bf416d8 <unknown>\n#16 0x56384bf418a2 <unknown>\n#17 0x56384bf516cc <unknown>\n#18 0x7fc338e94ac3 <unknown>","statusTrace":"self = <tests.forgot_password_test.TestForgotPassword object at 0x7f8d6b648110>\n\n    @allure.description(\"Exception catching\")\n    @allure.title(\"Exception test\")\n    @allure.link(\"github.com/allure-examples/\", name=\"Allure Examples\")\n    @allure.issue(\"github.com/allure-examples/allure-examples/issues/1\", name=\"ISSUE-1\")\n    @allure.testcase(\n        \"github.com/allure-examples/allure-examples/issues/2\", name=\"TESTCASE-2\"\n    )\n    def test_expected_exception_on_page_title(self):\n>       self.about_page.click_login_link()\n\ntests/forgot_password_test.py:53: \n_ _ _ _ _ _ _ _ _ _ _ _ _ _ _ _ _ _ _ _ _ _ _ _ _ _ _ _ _ _ _ _ _ _ _ _ _ _ _ _ \npages/about_page.py:20: in click_login_link\n    self.click(self.LOGIN_LINK)\npages/base_page.py:60: in click\n    el: WebElement = self.wait.until(\n_ _ _ _ _ _ _ _ _ _ _ _ _ _ _ _ _ _ _ _ _ _ _ _ _ _ _ _ _ _ _ _ _ _ _ _ _ _ _ _ \n\nself = <selenium.webdriver.support.wait.WebDriverWait (session=\"0cc5c4953da4fb76b601b74ddce2ea25\")>\nmethod = <function element_to_be_clickable.<locals>._predicate at 0x7f8d6b1d1620>\nmessage = ''\n\n    def until(self, method: Callable[[D], Union[Literal[False], T]], message: str = \"\") -> T:\n        \"\"\"Calls the method provided with the driver as an argument until the \\\n        return value does not evaluate to ``False``.\n    \n        :param method: callable(WebDriver)\n        :param message: optional message for :exc:`TimeoutException`\n        :returns: the result of the last call to `method`\n        :raises: :exc:`selenium.common.exceptions.TimeoutException` if timeout occurs\n        \"\"\"\n        screen = None\n        stacktrace = None\n    \n        end_time = time.monotonic() + self._timeout\n        while True:\n            try:\n                value = method(self._driver)\n                if value:\n                    return value\n            except self._ignored_exceptions as exc:\n                screen = getattr(exc, \"screen\", None)\n                stacktrace = getattr(exc, \"stacktrace\", None)\n            time.sleep(self._poll)\n            if time.monotonic() > end_time:\n                break\n>       raise TimeoutException(message, screen, stacktrace)\nE       selenium.common.exceptions.TimeoutException: Message: \nE       Stacktrace:\nE       #0 0x56384bf528da <unknown>\nE       #1 0x56384bc20e50 <unknown>\nE       #2 0x56384bc70644 <unknown>\nE       #3 0x56384bc70931 <unknown>\nE       #4 0x56384bcb6534 <unknown>\nE       #5 0x56384bc954bd <unknown>\nE       #6 0x56384bcb39c6 <unknown>\nE       #7 0x56384bc95233 <unknown>\nE       #8 0x56384bc63093 <unknown>\nE       #9 0x56384bc6409e <unknown>\nE       #10 0x56384bf19b3b <unknown>\nE       #11 0x56384bf1daf1 <unknown>\nE       #12 0x56384bf05705 <unknown>\nE       #13 0x56384bf1e662 <unknown>\nE       #14 0x56384beea8df <unknown>\nE       #15 0x56384bf416d8 <unknown>\nE       #16 0x56384bf418a2 <unknown>\nE       #17 0x56384bf516cc <unknown>\nE       #18 0x7fc338e94ac3 <unknown>\n\n.venv/lib/python3.12/site-packages/selenium/webdriver/support/wait.py:105: TimeoutException","flaky":false,"newFailed":false,"newBroken":false,"newPassed":false,"retriesCount":0,"retriesStatusChange":false,"beforeStages":[],"testStage":{"description":"Exception catching","status":"broken","statusMessage":"selenium.common.exceptions.TimeoutException: Message: \nStacktrace:\n#0 0x56384bf528da <unknown>\n#1 0x56384bc20e50 <unknown>\n#2 0x56384bc70644 <unknown>\n#3 0x56384bc70931 <unknown>\n#4 0x56384bcb6534 <unknown>\n#5 0x56384bc954bd <unknown>\n#6 0x56384bcb39c6 <unknown>\n#7 0x56384bc95233 <unknown>\n#8 0x56384bc63093 <unknown>\n#9 0x56384bc6409e <unknown>\n#10 0x56384bf19b3b <unknown>\n#11 0x56384bf1daf1 <unknown>\n#12 0x56384bf05705 <unknown>\n#13 0x56384bf1e662 <unknown>\n#14 0x56384beea8df <unknown>\n#15 0x56384bf416d8 <unknown>\n#16 0x56384bf418a2 <unknown>\n#17 0x56384bf516cc <unknown>\n#18 0x7fc338e94ac3 <unknown>","statusTrace":"self = <tests.forgot_password_test.TestForgotPassword object at 0x7f8d6b648110>\n\n    @allure.description(\"Exception catching\")\n    @allure.title(\"Exception test\")\n    @allure.link(\"github.com/allure-examples/\", name=\"Allure Examples\")\n    @allure.issue(\"github.com/allure-examples/allure-examples/issues/1\", name=\"ISSUE-1\")\n    @allure.testcase(\n        \"github.com/allure-examples/allure-examples/issues/2\", name=\"TESTCASE-2\"\n    )\n    def test_expected_exception_on_page_title(self):\n>       self.about_page.click_login_link()\n\ntests/forgot_password_test.py:53: \n_ _ _ _ _ _ _ _ _ _ _ _ _ _ _ _ _ _ _ _ _ _ _ _ _ _ _ _ _ _ _ _ _ _ _ _ _ _ _ _ \npages/about_page.py:20: in click_login_link\n    self.click(self.LOGIN_LINK)\npages/base_page.py:60: in click\n    el: WebElement = self.wait.until(\n_ _ _ _ _ _ _ _ _ _ _ _ _ _ _ _ _ _ _ _ _ _ _ _ _ _ _ _ _ _ _ _ _ _ _ _ _ _ _ _ \n\nself = <selenium.webdriver.support.wait.WebDriverWait (session=\"0cc5c4953da4fb76b601b74ddce2ea25\")>\nmethod = <function element_to_be_clickable.<locals>._predicate at 0x7f8d6b1d1620>\nmessage = ''\n\n    def until(self, method: Callable[[D], Union[Literal[False], T]], message: str = \"\") -> T:\n        \"\"\"Calls the method provided with the driver as an argument until the \\\n        return value does not evaluate to ``False``.\n    \n        :param method: callable(WebDriver)\n        :param message: optional message for :exc:`TimeoutException`\n        :returns: the result of the last call to `method`\n        :raises: :exc:`selenium.common.exceptions.TimeoutException` if timeout occurs\n        \"\"\"\n        screen = None\n        stacktrace = None\n    \n        end_time = time.monotonic() + self._timeout\n        while True:\n            try:\n                value = method(self._driver)\n                if value:\n                    return value\n            except self._ignored_exceptions as exc:\n                screen = getattr(exc, \"screen\", None)\n                stacktrace = getattr(exc, \"stacktrace\", None)\n            time.sleep(self._poll)\n            if time.monotonic() > end_time:\n                break\n>       raise TimeoutException(message, screen, stacktrace)\nE       selenium.common.exceptions.TimeoutException: Message: \nE       Stacktrace:\nE       #0 0x56384bf528da <unknown>\nE       #1 0x56384bc20e50 <unknown>\nE       #2 0x56384bc70644 <unknown>\nE       #3 0x56384bc70931 <unknown>\nE       #4 0x56384bcb6534 <unknown>\nE       #5 0x56384bc954bd <unknown>\nE       #6 0x56384bcb39c6 <unknown>\nE       #7 0x56384bc95233 <unknown>\nE       #8 0x56384bc63093 <unknown>\nE       #9 0x56384bc6409e <unknown>\nE       #10 0x56384bf19b3b <unknown>\nE       #11 0x56384bf1daf1 <unknown>\nE       #12 0x56384bf05705 <unknown>\nE       #13 0x56384bf1e662 <unknown>\nE       #14 0x56384beea8df <unknown>\nE       #15 0x56384bf416d8 <unknown>\nE       #16 0x56384bf418a2 <unknown>\nE       #17 0x56384bf516cc <unknown>\nE       #18 0x7fc338e94ac3 <unknown>\n\n.venv/lib/python3.12/site-packages/selenium/webdriver/support/wait.py:105: TimeoutException","steps":[{"name":"Click Login link","time":{"start":1725845254212,"stop":1725845264538,"duration":10326},"status":"broken","statusMessage":"selenium.common.exceptions.TimeoutException: Message: \nStacktrace:\n#0 0x56384bf528da <unknown>\n#1 0x56384bc20e50 <unknown>\n#2 0x56384bc70644 <unknown>\n#3 0x56384bc70931 <unknown>\n#4 0x56384bcb6534 <unknown>\n#5 0x56384bc954bd <unknown>\n#6 0x56384bcb39c6 <unknown>\n#7 0x56384bc95233 <unknown>\n#8 0x56384bc63093 <unknown>\n#9 0x56384bc6409e <unknown>\n#10 0x56384bf19b3b <unknown>\n#11 0x56384bf1daf1 <unknown>\n#12 0x56384bf05705 <unknown>\n#13 0x56384bf1e662 <unknown>\n#14 0x56384beea8df <unknown>\n#15 0x56384bf416d8 <unknown>\n#16 0x56384bf418a2 <unknown>\n#17 0x56384bf516cc <unknown>\n#18 0x7fc338e94ac3 <unknown>\n\n","statusTrace":"  File \"/home/runner/work/Selenium-Python-Example/Selenium-Python-Example/.venv/lib/python3.12/site-packages/allure_commons/_allure.py\", line 192, in impl\n    return func(*a, **kw)\n           ^^^^^^^^^^^^^^\n  File \"/home/runner/work/Selenium-Python-Example/Selenium-Python-Example/pages/about_page.py\", line 20, in click_login_link\n    self.click(self.LOGIN_LINK)\n  File \"/home/runner/work/Selenium-Python-Example/Selenium-Python-Example/pages/base_page.py\", line 60, in click\n    el: WebElement = self.wait.until(\n                     ^^^^^^^^^^^^^^^^\n  File \"/home/runner/work/Selenium-Python-Example/Selenium-Python-Example/.venv/lib/python3.12/site-packages/selenium/webdriver/support/wait.py\", line 105, in until\n    raise TimeoutException(message, screen, stacktrace)\n","steps":[],"attachments":[],"parameters":[],"shouldDisplayMessage":true,"stepsCount":0,"attachmentsCount":0,"hasContent":true,"attachmentStep":false},{"name":"public ip address","time":{"start":1725845264547,"stop":1725845264698,"duration":151},"status":"passed","steps":[],"attachments":[{"uid":"873e985b12e0ccca","name":"HTTP logs of http://checkip.amazonaws.com/","source":"873e985b12e0ccca.txt","type":"text/plain","size":355}],"parameters":[],"shouldDisplayMessage":false,"stepsCount":0,"attachmentsCount":1,"hasContent":true,"attachmentStep":false}],"attachments":[{"uid":"dd871e4b83ce5dbd","name":"Cookies","source":"dd871e4b83ce5dbd.json","type":"application/json","size":3583},{"uid":"19971ad629d1f1d7","name":"Session Storage","source":"19971ad629d1f1d7.json","type":"application/json","size":358},{"uid":"ec5dc33e6d0a2cf","name":"Local Storage","source":"ec5dc33e6d0a2cf.json","type":"application/json","size":350},{"uid":"70c4bceacf544a0b","name":"Console Logs","source":"70c4bceacf544a0b.json","type":"application/json","size":236},{"uid":"b579bd6cc92c6fe1","name":"Full Page Screenshot","source":"b579bd6cc92c6fe1.png","type":"image/png","size":4598015},{"uid":"243d26da9b2dd4","name":"URL","source":"243d26da9b2dd4.uri","type":"text/uri-list","size":23},{"uid":"8b5245d491c40469","name":"Network Logs","source":"8b5245d491c40469.json","type":"application/json","size":66217}],"parameters":[],"shouldDisplayMessage":true,"stepsCount":2,"attachmentsCount":8,"hasContent":true,"attachmentStep":false},"afterStages":[],"labels":[{"name":"subSuite","value":"Custom sub suite"},{"name":"suite","value":"Custom suite"},{"name":"story","value":"Forgot Password Feature's Functionality"},{"name":"parentSuite","value":"Custom parent suite"},{"name":"severity","value":"critical"},{"name":"epic","value":"Security"},{"name":"tag","value":"security"},{"name":"host","value":"fv-az735-752"},{"name":"thread","value":"1942-MainThread"},{"name":"framework","value":"pytest"},{"name":"language","value":"cpython3"},{"name":"package","value":"tests.forgot_password_test"},{"name":"resultFormat","value":"allure2"}],"parameters":[],"links":[{"name":"TESTCASE-2","url":"https://github.com/allure-examples/allure-examples/issues/2","type":"tms"},{"name":"ISSUE-1","url":"https://github.com/allure-examples/allure-examples/issues/1","type":"issue"},{"name":"Allure Examples","url":"https://github.com/allure-examples/","type":"link"}],"hidden":false,"retry":false,"extra":{"severity":"critical","retries":[],"categories":[{"name":"Test defects","matchedStatuses":[],"flaky":false}],"tags":["security"]},"source":"c22269d6133a1c66.json","parameterValues":[]}