{"uid":"aace21283732f9b7","name":"Add project to workspace test","fullName":"tests.workspaces_test.TestWorkspaces#test_add_project_to_workspace","historyId":"557b6733f5784cd469824aeac0e8ff06","time":{"start":1717723186541,"stop":1717723186541,"duration":0},"description":"Selecting and adding a project to workspace","descriptionHtml":"<p>Selecting and adding a project to workspace</p>\n","status":"broken","statusMessage":"selenium.common.exceptions.TimeoutException: Message: \nStacktrace:\n#0 0x55867439fe3a <unknown>\n#1 0x55867408945c <unknown>\n#2 0x5586740d55b5 <unknown>\n#3 0x5586740d5671 <unknown>\n#4 0x558674119f14 <unknown>\n#5 0x5586740f84dd <unknown>\n#6 0x5586741172cc <unknown>\n#7 0x5586740f8253 <unknown>\n#8 0x5586740c81c7 <unknown>\n#9 0x5586740c8b3e <unknown>\n#10 0x55867436627b <unknown>\n#11 0x55867436a327 <unknown>\n#12 0x558674352dae <unknown>\n#13 0x55867436adf2 <unknown>\n#14 0x55867433774f <unknown>\n#15 0x55867438f128 <unknown>\n#16 0x55867438f2fb <unknown>\n#17 0x55867439ef6c <unknown>\n#18 0x7fbb99894ac3 <unknown>","statusTrace":"self = <tests.workspaces_test.TestWorkspaces object at 0x7f338fa0afc0>\n\n    @pytest.fixture(autouse=True)\n    def setup_method_fixture(self):\n>       login(self.about_page, self.login_page)\n\ntests/workspaces_test.py:25: \n_ _ _ _ _ _ _ _ _ _ _ _ _ _ _ _ _ _ _ _ _ _ _ _ _ _ _ _ _ _ _ _ _ _ _ _ _ _ _ _ \ntests/workspaces_test.py:15: in login\n    about_page.click_login_link()\npages/about_page.py:20: in click_login_link\n    self.click(self.LOGIN_LINK)\npages/base_page.py:60: in click\n    el: WebElement = self.wait.until(\n_ _ _ _ _ _ _ _ _ _ _ _ _ _ _ _ _ _ _ _ _ _ _ _ _ _ _ _ _ _ _ _ _ _ _ _ _ _ _ _ \n\nself = <selenium.webdriver.support.wait.WebDriverWait (session=\"92d71156078eb2d3d9b3bb152bbb8522\")>\nmethod = <function element_to_be_clickable.<locals>._predicate at 0x7f338fa993a0>\nmessage = ''\n\n    def until(self, method: Callable[[D], Union[Literal[False], T]], message: str = \"\") -> T:\n        \"\"\"Calls the method provided with the driver as an argument until the \\\n        return value does not evaluate to ``False``.\n    \n        :param method: callable(WebDriver)\n        :param message: optional message for :exc:`TimeoutException`\n        :returns: the result of the last call to `method`\n        :raises: :exc:`selenium.common.exceptions.TimeoutException` if timeout occurs\n        \"\"\"\n        screen = None\n        stacktrace = None\n    \n        end_time = time.monotonic() + self._timeout\n        while True:\n            try:\n                value = method(self._driver)\n                if value:\n                    return value\n            except self._ignored_exceptions as exc:\n                screen = getattr(exc, \"screen\", None)\n                stacktrace = getattr(exc, \"stacktrace\", None)\n            time.sleep(self._poll)\n            if time.monotonic() > end_time:\n                break\n>       raise TimeoutException(message, screen, stacktrace)\nE       selenium.common.exceptions.TimeoutException: Message: \nE       Stacktrace:\nE       #0 0x55867439fe3a <unknown>\nE       #1 0x55867408945c <unknown>\nE       #2 0x5586740d55b5 <unknown>\nE       #3 0x5586740d5671 <unknown>\nE       #4 0x558674119f14 <unknown>\nE       #5 0x5586740f84dd <unknown>\nE       #6 0x5586741172cc <unknown>\nE       #7 0x5586740f8253 <unknown>\nE       #8 0x5586740c81c7 <unknown>\nE       #9 0x5586740c8b3e <unknown>\nE       #10 0x55867436627b <unknown>\nE       #11 0x55867436a327 <unknown>\nE       #12 0x558674352dae <unknown>\nE       #13 0x55867436adf2 <unknown>\nE       #14 0x55867433774f <unknown>\nE       #15 0x55867438f128 <unknown>\nE       #16 0x55867438f2fb <unknown>\nE       #17 0x55867439ef6c <unknown>\nE       #18 0x7fbb99894ac3 <unknown>\n\n.venv/lib/python3.12/site-packages/selenium/webdriver/support/wait.py:105: TimeoutException","flaky":false,"newFailed":false,"newBroken":false,"newPassed":false,"retriesCount":0,"retriesStatusChange":false,"beforeStages":[{"name":"setup_method_fixture","time":{"start":1717723188288,"stop":1717723198646,"duration":10358},"status":"broken","statusMessage":"selenium.common.exceptions.TimeoutException: Message: \nStacktrace:\n#0 0x55867439fe3a <unknown>\n#1 0x55867408945c <unknown>\n#2 0x5586740d55b5 <unknown>\n#3 0x5586740d5671 <unknown>\n#4 0x558674119f14 <unknown>\n#5 0x5586740f84dd <unknown>\n#6 0x5586741172cc <unknown>\n#7 0x5586740f8253 <unknown>\n#8 0x5586740c81c7 <unknown>\n#9 0x5586740c8b3e <unknown>\n#10 0x55867436627b <unknown>\n#11 0x55867436a327 <unknown>\n#12 0x558674352dae <unknown>\n#13 0x55867436adf2 <unknown>\n#14 0x55867433774f <unknown>\n#15 0x55867438f128 <unknown>\n#16 0x55867438f2fb <unknown>\n#17 0x55867439ef6c <unknown>\n#18 0x7fbb99894ac3 <unknown>\n\n","statusTrace":"  File \"/home/runner/work/Selenium-Python-Example/Selenium-Python-Example/.venv/lib/python3.12/site-packages/pluggy/_callers.py\", line 167, in _multicall\n    teardown.throw(outcome._exception)\n  File \"/home/runner/work/Selenium-Python-Example/Selenium-Python-Example/.venv/lib/python3.12/site-packages/_pytest/setuponly.py\", line 36, in pytest_fixture_setup\n    return (yield)\n            ^^^^^\n  File \"/home/runner/work/Selenium-Python-Example/Selenium-Python-Example/.venv/lib/python3.12/site-packages/pluggy/_callers.py\", line 103, in _multicall\n    res = hook_impl.function(*args)\n          ^^^^^^^^^^^^^^^^^^^^^^^^^\n  File \"/home/runner/work/Selenium-Python-Example/Selenium-Python-Example/.venv/lib/python3.12/site-packages/_pytest/fixtures.py\", line 1122, in pytest_fixture_setup\n    result = call_fixture_func(fixturefunc, request, kwargs)\n             ^^^^^^^^^^^^^^^^^^^^^^^^^^^^^^^^^^^^^^^^^^^^^^^\n  File \"/home/runner/work/Selenium-Python-Example/Selenium-Python-Example/.venv/lib/python3.12/site-packages/_pytest/fixtures.py\", line 884, in call_fixture_func\n    fixture_result = fixturefunc(**kwargs)\n                     ^^^^^^^^^^^^^^^^^^^^^\n  File \"/home/runner/work/Selenium-Python-Example/Selenium-Python-Example/tests/workspaces_test.py\", line 25, in setup_method_fixture\n    login(self.about_page, self.login_page)\n  File \"/home/runner/work/Selenium-Python-Example/Selenium-Python-Example/tests/workspaces_test.py\", line 15, in login\n    about_page.click_login_link()\n  File \"/home/runner/work/Selenium-Python-Example/Selenium-Python-Example/.venv/lib/python3.12/site-packages/allure_commons/_allure.py\", line 192, in impl\n    return func(*a, **kw)\n           ^^^^^^^^^^^^^^\n  File \"/home/runner/work/Selenium-Python-Example/Selenium-Python-Example/pages/about_page.py\", line 20, in click_login_link\n    self.click(self.LOGIN_LINK)\n  File \"/home/runner/work/Selenium-Python-Example/Selenium-Python-Example/pages/base_page.py\", line 60, in click\n    el: WebElement = self.wait.until(\n                     ^^^^^^^^^^^^^^^^\n  File \"/home/runner/work/Selenium-Python-Example/Selenium-Python-Example/.venv/lib/python3.12/site-packages/selenium/webdriver/support/wait.py\", line 105, in until\n    raise TimeoutException(message, screen, stacktrace)\n","steps":[{"name":"Click Login link","time":{"start":1717723188288,"stop":1717723198646,"duration":10358},"status":"broken","statusMessage":"selenium.common.exceptions.TimeoutException: Message: \nStacktrace:\n#0 0x55867439fe3a <unknown>\n#1 0x55867408945c <unknown>\n#2 0x5586740d55b5 <unknown>\n#3 0x5586740d5671 <unknown>\n#4 0x558674119f14 <unknown>\n#5 0x5586740f84dd <unknown>\n#6 0x5586741172cc <unknown>\n#7 0x5586740f8253 <unknown>\n#8 0x5586740c81c7 <unknown>\n#9 0x5586740c8b3e <unknown>\n#10 0x55867436627b <unknown>\n#11 0x55867436a327 <unknown>\n#12 0x558674352dae <unknown>\n#13 0x55867436adf2 <unknown>\n#14 0x55867433774f <unknown>\n#15 0x55867438f128 <unknown>\n#16 0x55867438f2fb <unknown>\n#17 0x55867439ef6c <unknown>\n#18 0x7fbb99894ac3 <unknown>\n\n","statusTrace":"  File \"/home/runner/work/Selenium-Python-Example/Selenium-Python-Example/.venv/lib/python3.12/site-packages/allure_commons/_allure.py\", line 192, in impl\n    return func(*a, **kw)\n           ^^^^^^^^^^^^^^\n  File \"/home/runner/work/Selenium-Python-Example/Selenium-Python-Example/pages/about_page.py\", line 20, in click_login_link\n    self.click(self.LOGIN_LINK)\n  File \"/home/runner/work/Selenium-Python-Example/Selenium-Python-Example/pages/base_page.py\", line 60, in click\n    el: WebElement = self.wait.until(\n                     ^^^^^^^^^^^^^^^^\n  File \"/home/runner/work/Selenium-Python-Example/Selenium-Python-Example/.venv/lib/python3.12/site-packages/selenium/webdriver/support/wait.py\", line 105, in until\n    raise TimeoutException(message, screen, stacktrace)\n","steps":[],"attachments":[],"parameters":[],"shouldDisplayMessage":true,"stepsCount":0,"attachmentsCount":0,"hasContent":true,"attachmentStep":false}],"attachments":[],"parameters":[],"shouldDisplayMessage":false,"stepsCount":1,"attachmentsCount":0,"hasContent":true,"attachmentStep":false}],"testStage":{"description":"Selecting and adding a project to workspace","status":"broken","statusMessage":"selenium.common.exceptions.TimeoutException: Message: \nStacktrace:\n#0 0x55867439fe3a <unknown>\n#1 0x55867408945c <unknown>\n#2 0x5586740d55b5 <unknown>\n#3 0x5586740d5671 <unknown>\n#4 0x558674119f14 <unknown>\n#5 0x5586740f84dd <unknown>\n#6 0x5586741172cc <unknown>\n#7 0x5586740f8253 <unknown>\n#8 0x5586740c81c7 <unknown>\n#9 0x5586740c8b3e <unknown>\n#10 0x55867436627b <unknown>\n#11 0x55867436a327 <unknown>\n#12 0x558674352dae <unknown>\n#13 0x55867436adf2 <unknown>\n#14 0x55867433774f <unknown>\n#15 0x55867438f128 <unknown>\n#16 0x55867438f2fb <unknown>\n#17 0x55867439ef6c <unknown>\n#18 0x7fbb99894ac3 <unknown>","statusTrace":"self = <tests.workspaces_test.TestWorkspaces object at 0x7f338fa0afc0>\n\n    @pytest.fixture(autouse=True)\n    def setup_method_fixture(self):\n>       login(self.about_page, self.login_page)\n\ntests/workspaces_test.py:25: \n_ _ _ _ _ _ _ _ _ _ _ _ _ _ _ _ _ _ _ _ _ _ _ _ _ _ _ _ _ _ _ _ _ _ _ _ _ _ _ _ \ntests/workspaces_test.py:15: in login\n    about_page.click_login_link()\npages/about_page.py:20: in click_login_link\n    self.click(self.LOGIN_LINK)\npages/base_page.py:60: in click\n    el: WebElement = self.wait.until(\n_ _ _ _ _ _ _ _ _ _ _ _ _ _ _ _ _ _ _ _ _ _ _ _ _ _ _ _ _ _ _ _ _ _ _ _ _ _ _ _ \n\nself = <selenium.webdriver.support.wait.WebDriverWait (session=\"92d71156078eb2d3d9b3bb152bbb8522\")>\nmethod = <function element_to_be_clickable.<locals>._predicate at 0x7f338fa993a0>\nmessage = ''\n\n    def until(self, method: Callable[[D], Union[Literal[False], T]], message: str = \"\") -> T:\n        \"\"\"Calls the method provided with the driver as an argument until the \\\n        return value does not evaluate to ``False``.\n    \n        :param method: callable(WebDriver)\n        :param message: optional message for :exc:`TimeoutException`\n        :returns: the result of the last call to `method`\n        :raises: :exc:`selenium.common.exceptions.TimeoutException` if timeout occurs\n        \"\"\"\n        screen = None\n        stacktrace = None\n    \n        end_time = time.monotonic() + self._timeout\n        while True:\n            try:\n                value = method(self._driver)\n                if value:\n                    return value\n            except self._ignored_exceptions as exc:\n                screen = getattr(exc, \"screen\", None)\n                stacktrace = getattr(exc, \"stacktrace\", None)\n            time.sleep(self._poll)\n            if time.monotonic() > end_time:\n                break\n>       raise TimeoutException(message, screen, stacktrace)\nE       selenium.common.exceptions.TimeoutException: Message: \nE       Stacktrace:\nE       #0 0x55867439fe3a <unknown>\nE       #1 0x55867408945c <unknown>\nE       #2 0x5586740d55b5 <unknown>\nE       #3 0x5586740d5671 <unknown>\nE       #4 0x558674119f14 <unknown>\nE       #5 0x5586740f84dd <unknown>\nE       #6 0x5586741172cc <unknown>\nE       #7 0x5586740f8253 <unknown>\nE       #8 0x5586740c81c7 <unknown>\nE       #9 0x5586740c8b3e <unknown>\nE       #10 0x55867436627b <unknown>\nE       #11 0x55867436a327 <unknown>\nE       #12 0x558674352dae <unknown>\nE       #13 0x55867436adf2 <unknown>\nE       #14 0x55867433774f <unknown>\nE       #15 0x55867438f128 <unknown>\nE       #16 0x55867438f2fb <unknown>\nE       #17 0x55867439ef6c <unknown>\nE       #18 0x7fbb99894ac3 <unknown>\n\n.venv/lib/python3.12/site-packages/selenium/webdriver/support/wait.py:105: TimeoutException","steps":[{"name":"public ip address","time":{"start":1717723198665,"stop":1717723198817,"duration":152},"status":"passed","steps":[],"attachments":[{"uid":"72601ca39bd1ac5a","name":"HTTP logs of http://checkip.amazonaws.com/","source":"72601ca39bd1ac5a.txt","type":"text/plain","size":356}],"parameters":[],"shouldDisplayMessage":false,"stepsCount":0,"attachmentsCount":1,"hasContent":true,"attachmentStep":false}],"attachments":[{"uid":"6760a923afc62570","name":"Cookies","source":"6760a923afc62570.json","type":"application/json","size":3641},{"uid":"f06bd2173ca8fbc6","name":"Session Storage","source":"f06bd2173ca8fbc6.json","type":"application/json","size":359},{"uid":"9be7c45ade919221","name":"Local Storage","source":"9be7c45ade919221.json","type":"application/json","size":294},{"uid":"9ce9fd28d20b8ef4","name":"Console Logs","source":"9ce9fd28d20b8ef4.json","type":"application/json","size":7163},{"uid":"d411daaa27cf6305","name":"Full Page Screenshot","source":"d411daaa27cf6305.png","type":"image/png","size":5696115},{"uid":"304ff1988dc024","name":"URL","source":"304ff1988dc024.uri","type":"text/uri-list","size":23},{"uid":"5e719a66e4797c19","name":"Network Logs","source":"5e719a66e4797c19.json","type":"application/json","size":867099}],"parameters":[],"shouldDisplayMessage":true,"stepsCount":1,"attachmentsCount":8,"hasContent":true,"attachmentStep":false},"afterStages":[],"labels":[{"name":"epic","value":"Workspaces"},{"name":"severity","value":"normal"},{"name":"story","value":"WorkSpaces Creation and Editing Functionality"},{"name":"tag","value":"run(order=5)"},{"name":"parentSuite","value":"tests"},{"name":"suite","value":"workspaces_test"},{"name":"subSuite","value":"TestWorkspaces"},{"name":"host","value":"fv-az1773-913"},{"name":"thread","value":"2336-MainThread"},{"name":"framework","value":"pytest"},{"name":"language","value":"cpython3"},{"name":"package","value":"tests.workspaces_test"},{"name":"resultFormat","value":"allure2"}],"parameters":[],"links":[],"hidden":false,"retry":false,"extra":{"severity":"normal","retries":[],"categories":[{"name":"Test defects","matchedStatuses":[],"flaky":false}],"tags":["run(order=5)"]},"source":"aace21283732f9b7.json","parameterValues":[]}