{"uid":"84618d53e6c56c9a","name":"Login with invalid credentials test","fullName":"tests.login_test.TestLogin#test_invalid_login","historyId":"d8696551571014a71a874c85cadaf3fe","time":{"start":1726364535641,"stop":1726364545980,"duration":10339},"description":"invalid login","descriptionHtml":"<p>invalid login</p>\n","status":"broken","statusMessage":"selenium.common.exceptions.TimeoutException: Message: \nStacktrace:\n#0 0x5559a1f8986a <unknown>\n#1 0x5559a1c57e50 <unknown>\n#2 0x5559a1ca7644 <unknown>\n#3 0x5559a1ca7931 <unknown>\n#4 0x5559a1ced534 <unknown>\n#5 0x5559a1ccc4bd <unknown>\n#6 0x5559a1cea9c6 <unknown>\n#7 0x5559a1ccc233 <unknown>\n#8 0x5559a1c9a093 <unknown>\n#9 0x5559a1c9b09e <unknown>\n#10 0x5559a1f50acb <unknown>\n#11 0x5559a1f54a81 <unknown>\n#12 0x5559a1f3c695 <unknown>\n#13 0x5559a1f555f2 <unknown>\n#14 0x5559a1f2186f <unknown>\n#15 0x5559a1f78668 <unknown>\n#16 0x5559a1f78832 <unknown>\n#17 0x5559a1f8865c <unknown>\n#18 0x7ff552894ac3 <unknown>","statusTrace":"self = <tests.login_test.TestLogin object at 0x7f1507e49910>\nemail = 'nirt236@gmail.com', password = '123456'\ndata = Data(forgot_password=ForgotPassword(error_message=\"We can't find a user with that e-mail address.\", success_message='A...ct='Non Existing', page_title='My Workspace', project_name='test project', project_type='quiz', template_type='Blank'))\n\n    @allure.description(\"invalid login\")\n    @allure.title(\"Login with invalid credentials test\")\n    @pytest.mark.parametrize(\"email, password\", users)\n    @pytest.mark.run(order=3)\n    def test_invalid_login(self, email: str, password: str, data: Data):\n>       self.about_page.click_login_link()\n\ntests/login_test.py:26: \n_ _ _ _ _ _ _ _ _ _ _ _ _ _ _ _ _ _ _ _ _ _ _ _ _ _ _ _ _ _ _ _ _ _ _ _ _ _ _ _ \npages/about_page.py:20: in click_login_link\n    self.click(self.LOGIN_LINK)\npages/base_page.py:60: in click\n    el: WebElement = self.wait.until(\n_ _ _ _ _ _ _ _ _ _ _ _ _ _ _ _ _ _ _ _ _ _ _ _ _ _ _ _ _ _ _ _ _ _ _ _ _ _ _ _ \n\nself = <selenium.webdriver.support.wait.WebDriverWait (session=\"a6538c2e4673eff2e86d91696d748e2c\")>\nmethod = <function element_to_be_clickable.<locals>._predicate at 0x7f15079f8b80>\nmessage = ''\n\n    def until(self, method: Callable[[D], Union[Literal[False], T]], message: str = \"\") -> T:\n        \"\"\"Calls the method provided with the driver as an argument until the \\\n        return value does not evaluate to ``False``.\n    \n        :param method: callable(WebDriver)\n        :param message: optional message for :exc:`TimeoutException`\n        :returns: the result of the last call to `method`\n        :raises: :exc:`selenium.common.exceptions.TimeoutException` if timeout occurs\n        \"\"\"\n        screen = None\n        stacktrace = None\n    \n        end_time = time.monotonic() + self._timeout\n        while True:\n            try:\n                value = method(self._driver)\n                if value:\n                    return value\n            except self._ignored_exceptions as exc:\n                screen = getattr(exc, \"screen\", None)\n                stacktrace = getattr(exc, \"stacktrace\", None)\n            time.sleep(self._poll)\n            if time.monotonic() > end_time:\n                break\n>       raise TimeoutException(message, screen, stacktrace)\nE       selenium.common.exceptions.TimeoutException: Message: \nE       Stacktrace:\nE       #0 0x5559a1f8986a <unknown>\nE       #1 0x5559a1c57e50 <unknown>\nE       #2 0x5559a1ca7644 <unknown>\nE       #3 0x5559a1ca7931 <unknown>\nE       #4 0x5559a1ced534 <unknown>\nE       #5 0x5559a1ccc4bd <unknown>\nE       #6 0x5559a1cea9c6 <unknown>\nE       #7 0x5559a1ccc233 <unknown>\nE       #8 0x5559a1c9a093 <unknown>\nE       #9 0x5559a1c9b09e <unknown>\nE       #10 0x5559a1f50acb <unknown>\nE       #11 0x5559a1f54a81 <unknown>\nE       #12 0x5559a1f3c695 <unknown>\nE       #13 0x5559a1f555f2 <unknown>\nE       #14 0x5559a1f2186f <unknown>\nE       #15 0x5559a1f78668 <unknown>\nE       #16 0x5559a1f78832 <unknown>\nE       #17 0x5559a1f8865c <unknown>\nE       #18 0x7ff552894ac3 <unknown>\n\n.venv/lib/python3.12/site-packages/selenium/webdriver/support/wait.py:105: TimeoutException","flaky":false,"newFailed":false,"newBroken":false,"newPassed":false,"retriesCount":0,"retriesStatusChange":false,"beforeStages":[{"name":"base_url","time":{"start":1726364504913,"stop":1726364504913,"duration":0},"status":"passed","steps":[],"attachments":[],"parameters":[],"shouldDisplayMessage":false,"stepsCount":0,"attachmentsCount":0,"hasContent":false,"attachmentStep":false},{"name":"data","time":{"start":1726364504913,"stop":1726364504914,"duration":1},"status":"passed","steps":[],"attachments":[],"parameters":[],"shouldDisplayMessage":false,"stepsCount":0,"attachmentsCount":0,"hasContent":false,"attachmentStep":false},{"name":"session_request","time":{"start":1726364504913,"stop":1726364504913,"duration":0},"status":"passed","steps":[],"attachments":[],"parameters":[],"shouldDisplayMessage":false,"stepsCount":0,"attachmentsCount":0,"hasContent":false,"attachmentStep":false},{"name":"_verify_url","time":{"start":1726364504913,"stop":1726364504913,"duration":0},"status":"passed","steps":[],"attachments":[],"parameters":[],"shouldDisplayMessage":false,"stepsCount":0,"attachmentsCount":0,"hasContent":false,"attachmentStep":false}],"testStage":{"description":"invalid login","status":"broken","statusMessage":"selenium.common.exceptions.TimeoutException: Message: \nStacktrace:\n#0 0x5559a1f8986a <unknown>\n#1 0x5559a1c57e50 <unknown>\n#2 0x5559a1ca7644 <unknown>\n#3 0x5559a1ca7931 <unknown>\n#4 0x5559a1ced534 <unknown>\n#5 0x5559a1ccc4bd <unknown>\n#6 0x5559a1cea9c6 <unknown>\n#7 0x5559a1ccc233 <unknown>\n#8 0x5559a1c9a093 <unknown>\n#9 0x5559a1c9b09e <unknown>\n#10 0x5559a1f50acb <unknown>\n#11 0x5559a1f54a81 <unknown>\n#12 0x5559a1f3c695 <unknown>\n#13 0x5559a1f555f2 <unknown>\n#14 0x5559a1f2186f <unknown>\n#15 0x5559a1f78668 <unknown>\n#16 0x5559a1f78832 <unknown>\n#17 0x5559a1f8865c <unknown>\n#18 0x7ff552894ac3 <unknown>","statusTrace":"self = <tests.login_test.TestLogin object at 0x7f1507e49910>\nemail = 'nirt236@gmail.com', password = '123456'\ndata = Data(forgot_password=ForgotPassword(error_message=\"We can't find a user with that e-mail address.\", success_message='A...ct='Non Existing', page_title='My Workspace', project_name='test project', project_type='quiz', template_type='Blank'))\n\n    @allure.description(\"invalid login\")\n    @allure.title(\"Login with invalid credentials test\")\n    @pytest.mark.parametrize(\"email, password\", users)\n    @pytest.mark.run(order=3)\n    def test_invalid_login(self, email: str, password: str, data: Data):\n>       self.about_page.click_login_link()\n\ntests/login_test.py:26: \n_ _ _ _ _ _ _ _ _ _ _ _ _ _ _ _ _ _ _ _ _ _ _ _ _ _ _ _ _ _ _ _ _ _ _ _ _ _ _ _ \npages/about_page.py:20: in click_login_link\n    self.click(self.LOGIN_LINK)\npages/base_page.py:60: in click\n    el: WebElement = self.wait.until(\n_ _ _ _ _ _ _ _ _ _ _ _ _ _ _ _ _ _ _ _ _ _ _ _ _ _ _ _ _ _ _ _ _ _ _ _ _ _ _ _ \n\nself = <selenium.webdriver.support.wait.WebDriverWait (session=\"a6538c2e4673eff2e86d91696d748e2c\")>\nmethod = <function element_to_be_clickable.<locals>._predicate at 0x7f15079f8b80>\nmessage = ''\n\n    def until(self, method: Callable[[D], Union[Literal[False], T]], message: str = \"\") -> T:\n        \"\"\"Calls the method provided with the driver as an argument until the \\\n        return value does not evaluate to ``False``.\n    \n        :param method: callable(WebDriver)\n        :param message: optional message for :exc:`TimeoutException`\n        :returns: the result of the last call to `method`\n        :raises: :exc:`selenium.common.exceptions.TimeoutException` if timeout occurs\n        \"\"\"\n        screen = None\n        stacktrace = None\n    \n        end_time = time.monotonic() + self._timeout\n        while True:\n            try:\n                value = method(self._driver)\n                if value:\n                    return value\n            except self._ignored_exceptions as exc:\n                screen = getattr(exc, \"screen\", None)\n                stacktrace = getattr(exc, \"stacktrace\", None)\n            time.sleep(self._poll)\n            if time.monotonic() > end_time:\n                break\n>       raise TimeoutException(message, screen, stacktrace)\nE       selenium.common.exceptions.TimeoutException: Message: \nE       Stacktrace:\nE       #0 0x5559a1f8986a <unknown>\nE       #1 0x5559a1c57e50 <unknown>\nE       #2 0x5559a1ca7644 <unknown>\nE       #3 0x5559a1ca7931 <unknown>\nE       #4 0x5559a1ced534 <unknown>\nE       #5 0x5559a1ccc4bd <unknown>\nE       #6 0x5559a1cea9c6 <unknown>\nE       #7 0x5559a1ccc233 <unknown>\nE       #8 0x5559a1c9a093 <unknown>\nE       #9 0x5559a1c9b09e <unknown>\nE       #10 0x5559a1f50acb <unknown>\nE       #11 0x5559a1f54a81 <unknown>\nE       #12 0x5559a1f3c695 <unknown>\nE       #13 0x5559a1f555f2 <unknown>\nE       #14 0x5559a1f2186f <unknown>\nE       #15 0x5559a1f78668 <unknown>\nE       #16 0x5559a1f78832 <unknown>\nE       #17 0x5559a1f8865c <unknown>\nE       #18 0x7ff552894ac3 <unknown>\n\n.venv/lib/python3.12/site-packages/selenium/webdriver/support/wait.py:105: TimeoutException","steps":[{"name":"Click Login link","time":{"start":1726364535641,"stop":1726364545979,"duration":10338},"status":"broken","statusMessage":"selenium.common.exceptions.TimeoutException: Message: \nStacktrace:\n#0 0x5559a1f8986a <unknown>\n#1 0x5559a1c57e50 <unknown>\n#2 0x5559a1ca7644 <unknown>\n#3 0x5559a1ca7931 <unknown>\n#4 0x5559a1ced534 <unknown>\n#5 0x5559a1ccc4bd <unknown>\n#6 0x5559a1cea9c6 <unknown>\n#7 0x5559a1ccc233 <unknown>\n#8 0x5559a1c9a093 <unknown>\n#9 0x5559a1c9b09e <unknown>\n#10 0x5559a1f50acb <unknown>\n#11 0x5559a1f54a81 <unknown>\n#12 0x5559a1f3c695 <unknown>\n#13 0x5559a1f555f2 <unknown>\n#14 0x5559a1f2186f <unknown>\n#15 0x5559a1f78668 <unknown>\n#16 0x5559a1f78832 <unknown>\n#17 0x5559a1f8865c <unknown>\n#18 0x7ff552894ac3 <unknown>\n\n","statusTrace":"  File \"/home/runner/work/Selenium-Python-Example/Selenium-Python-Example/.venv/lib/python3.12/site-packages/allure_commons/_allure.py\", line 192, in impl\n    return func(*a, **kw)\n           ^^^^^^^^^^^^^^\n  File \"/home/runner/work/Selenium-Python-Example/Selenium-Python-Example/pages/about_page.py\", line 20, in click_login_link\n    self.click(self.LOGIN_LINK)\n  File \"/home/runner/work/Selenium-Python-Example/Selenium-Python-Example/pages/base_page.py\", line 60, in click\n    el: WebElement = self.wait.until(\n                     ^^^^^^^^^^^^^^^^\n  File \"/home/runner/work/Selenium-Python-Example/Selenium-Python-Example/.venv/lib/python3.12/site-packages/selenium/webdriver/support/wait.py\", line 105, in until\n    raise TimeoutException(message, screen, stacktrace)\n","steps":[],"attachments":[],"parameters":[],"shouldDisplayMessage":true,"stepsCount":0,"attachmentsCount":0,"hasContent":true,"attachmentStep":false},{"name":"public ip address","time":{"start":1726364545989,"stop":1726364546026,"duration":37},"status":"passed","steps":[],"attachments":[{"uid":"5d8c7ce403df83f","name":"HTTP logs of http://checkip.amazonaws.com/","source":"5d8c7ce403df83f.txt","type":"text/plain","size":356}],"parameters":[],"shouldDisplayMessage":false,"stepsCount":0,"attachmentsCount":1,"hasContent":true,"attachmentStep":false}],"attachments":[{"uid":"e14068956bbdd3ea","name":"Cookies","source":"e14068956bbdd3ea.json","type":"application/json","size":3587},{"uid":"4417090e6e354fd8","name":"Session Storage","source":"4417090e6e354fd8.json","type":"application/json","size":359},{"uid":"2ff118f6ea6ab51c","name":"Local Storage","source":"2ff118f6ea6ab51c.json","type":"application/json","size":350},{"uid":"23bec121bf162ecf","name":"Console Logs","source":"23bec121bf162ecf.json","type":"application/json","size":236},{"uid":"a0897daeb921e0b9","name":"Full Page Screenshot","source":"a0897daeb921e0b9.png","type":"image/png","size":4645955},{"uid":"ab64d96025c8862","name":"URL","source":"ab64d96025c8862.uri","type":"text/uri-list","size":23},{"uid":"2a3526dee761d574","name":"Network Logs","source":"2a3526dee761d574.json","type":"application/json","size":66711}],"parameters":[],"shouldDisplayMessage":true,"stepsCount":2,"attachmentsCount":8,"hasContent":true,"attachmentStep":false},"afterStages":[{"name":"session_request::0","time":{"start":1726364670947,"stop":1726364670947,"duration":0},"status":"passed","steps":[],"attachments":[],"parameters":[],"shouldDisplayMessage":false,"stepsCount":0,"attachmentsCount":0,"hasContent":false,"attachmentStep":false}],"labels":[{"name":"severity","value":"blocker"},{"name":"feature","value":"Login"},{"name":"epic","value":"Security"},{"name":"tag","value":"run(order=3)"},{"name":"tag","value":"security"},{"name":"parentSuite","value":"tests"},{"name":"suite","value":"login_test"},{"name":"subSuite","value":"TestLogin"},{"name":"host","value":"fv-az1251-851"},{"name":"thread","value":"1940-MainThread"},{"name":"framework","value":"pytest"},{"name":"language","value":"cpython3"},{"name":"package","value":"tests.login_test"},{"name":"resultFormat","value":"allure2"}],"parameters":[{"name":"email","value":"'nirt236@gmail.com'"},{"name":"password","value":"'123456'"}],"links":[],"hidden":false,"retry":false,"extra":{"severity":"blocker","retries":[],"categories":[{"name":"Test defects","matchedStatuses":[],"flaky":false}],"tags":["run(order=3)","security"]},"source":"84618d53e6c56c9a.json","parameterValues":["'nirt236@gmail.com'","'123456'"]}