{"uid":"ed93fffea5e42d80","name":"Login with valid credentials test","fullName":"tests.login_test.TestLogin#test_valid_login","historyId":"18657c207d70aa57845e0b7f4751c290","time":{"start":1705195342913,"stop":1705195353179,"duration":10266},"description":"valid login","descriptionHtml":"<p>valid login</p>\n","status":"broken","statusMessage":"selenium.common.exceptions.TimeoutException: Message: \nStacktrace:\n#0 0x56334ede3f83 <unknown>\n#1 0x56334ea9ccf7 <unknown>\n#2 0x56334eaec99e <unknown>\n#3 0x56334eaecaa1 <unknown>\n#4 0x56334eb37d64 <unknown>\n#5 0x56334eb160dd <unknown>\n#6 0x56334eb35006 <unknown>\n#7 0x56334eb15e53 <unknown>\n#8 0x56334eadddd4 <unknown>\n#9 0x56334eadf1de <unknown>\n#10 0x56334eda8531 <unknown>\n#11 0x56334edac455 <unknown>\n#12 0x56334ed94f55 <unknown>\n#13 0x56334edad0ef <unknown>\n#14 0x56334ed7899f <unknown>\n#15 0x56334edd1008 <unknown>\n#16 0x56334edd11d7 <unknown>\n#17 0x56334ede3124 <unknown>\n#18 0x7f1524894ac3 <unknown>","statusTrace":"self = <tests.login_test.TestLogin object at 0x7f5bdc5acbc0>\njson_data = {'forgot_password': {'error_message': \"We can't find a user with that e-mail address.\", 'success_message': 'A reset li...you page', 'name': 'test', 'new_name': 'another test', 'no_project_found_msg': 'No project matches the criteria', ...}}\n\n    @allure.description(\"valid login\")\n    @allure.title(\"Login with valid credentials test\")\n    @allure.tag(\"Tagged test\")\n    @pytest.mark.flaky(reruns=1)\n    def test_valid_login(self, json_data: dict):\n        self.about_page.set_geo_location(30.3079823, -97.893803)\n>       self.about_page.click_login_link()\n\ntests/login_test.py:43: \n_ _ _ _ _ _ _ _ _ _ _ _ _ _ _ _ _ _ _ _ _ _ _ _ _ _ _ _ _ _ _ _ _ _ _ _ _ _ _ _ \npages/about_page.py:20: in click_login_link\n    self.click(self.LOGIN_LINK)\npages/base_page.py:60: in click\n    el: WebElement = self.wait.until(\n_ _ _ _ _ _ _ _ _ _ _ _ _ _ _ _ _ _ _ _ _ _ _ _ _ _ _ _ _ _ _ _ _ _ _ _ _ _ _ _ \n\nself = <selenium.webdriver.support.wait.WebDriverWait (session=\"fcb9f51c177d369dc4b7e55ebb37e4f1\")>\nmethod = <function element_to_be_clickable.<locals>._predicate at 0x7f5bdc2ce660>\nmessage = ''\n\n    def until(self, method: Callable[[D], Union[Literal[False], T]], message: str = \"\") -> T:\n        \"\"\"Calls the method provided with the driver as an argument until the \\\n        return value does not evaluate to ``False``.\n    \n        :param method: callable(WebDriver)\n        :param message: optional message for :exc:`TimeoutException`\n        :returns: the result of the last call to `method`\n        :raises: :exc:`selenium.common.exceptions.TimeoutException` if timeout occurs\n        \"\"\"\n        screen = None\n        stacktrace = None\n    \n        end_time = time.monotonic() + self._timeout\n        while True:\n            try:\n                value = method(self._driver)\n                if value:\n                    return value\n            except self._ignored_exceptions as exc:\n                screen = getattr(exc, \"screen\", None)\n                stacktrace = getattr(exc, \"stacktrace\", None)\n            time.sleep(self._poll)\n            if time.monotonic() > end_time:\n                break\n>       raise TimeoutException(message, screen, stacktrace)\nE       selenium.common.exceptions.TimeoutException: Message: \nE       Stacktrace:\nE       #0 0x56334ede3f83 <unknown>\nE       #1 0x56334ea9ccf7 <unknown>\nE       #2 0x56334eaec99e <unknown>\nE       #3 0x56334eaecaa1 <unknown>\nE       #4 0x56334eb37d64 <unknown>\nE       #5 0x56334eb160dd <unknown>\nE       #6 0x56334eb35006 <unknown>\nE       #7 0x56334eb15e53 <unknown>\nE       #8 0x56334eadddd4 <unknown>\nE       #9 0x56334eadf1de <unknown>\nE       #10 0x56334eda8531 <unknown>\nE       #11 0x56334edac455 <unknown>\nE       #12 0x56334ed94f55 <unknown>\nE       #13 0x56334edad0ef <unknown>\nE       #14 0x56334ed7899f <unknown>\nE       #15 0x56334edd1008 <unknown>\nE       #16 0x56334edd11d7 <unknown>\nE       #17 0x56334ede3124 <unknown>\nE       #18 0x7f1524894ac3 <unknown>\n\n.venv/lib/python3.12/site-packages/selenium/webdriver/support/wait.py:105: TimeoutException","flaky":false,"newFailed":false,"newBroken":false,"newPassed":false,"retriesCount":0,"retriesStatusChange":false,"beforeStages":[{"name":"json_data","time":{"start":1705195130851,"stop":1705195130851,"duration":0},"status":"passed","steps":[],"attachments":[],"parameters":[],"shouldDisplayMessage":false,"stepsCount":0,"attachmentsCount":0,"hasContent":false,"attachmentStep":false},{"name":"base_url","time":{"start":1705195130851,"stop":1705195130851,"duration":0},"status":"passed","steps":[],"attachments":[],"parameters":[],"shouldDisplayMessage":false,"stepsCount":0,"attachmentsCount":0,"hasContent":false,"attachmentStep":false},{"name":"_verify_url","time":{"start":1705195130851,"stop":1705195130851,"duration":0},"status":"passed","steps":[],"attachments":[],"parameters":[],"shouldDisplayMessage":false,"stepsCount":0,"attachmentsCount":0,"hasContent":false,"attachmentStep":false}],"testStage":{"description":"valid login","status":"broken","statusMessage":"selenium.common.exceptions.TimeoutException: Message: \nStacktrace:\n#0 0x56334ede3f83 <unknown>\n#1 0x56334ea9ccf7 <unknown>\n#2 0x56334eaec99e <unknown>\n#3 0x56334eaecaa1 <unknown>\n#4 0x56334eb37d64 <unknown>\n#5 0x56334eb160dd <unknown>\n#6 0x56334eb35006 <unknown>\n#7 0x56334eb15e53 <unknown>\n#8 0x56334eadddd4 <unknown>\n#9 0x56334eadf1de <unknown>\n#10 0x56334eda8531 <unknown>\n#11 0x56334edac455 <unknown>\n#12 0x56334ed94f55 <unknown>\n#13 0x56334edad0ef <unknown>\n#14 0x56334ed7899f <unknown>\n#15 0x56334edd1008 <unknown>\n#16 0x56334edd11d7 <unknown>\n#17 0x56334ede3124 <unknown>\n#18 0x7f1524894ac3 <unknown>","statusTrace":"self = <tests.login_test.TestLogin object at 0x7f5bdc5acbc0>\njson_data = {'forgot_password': {'error_message': \"We can't find a user with that e-mail address.\", 'success_message': 'A reset li...you page', 'name': 'test', 'new_name': 'another test', 'no_project_found_msg': 'No project matches the criteria', ...}}\n\n    @allure.description(\"valid login\")\n    @allure.title(\"Login with valid credentials test\")\n    @allure.tag(\"Tagged test\")\n    @pytest.mark.flaky(reruns=1)\n    def test_valid_login(self, json_data: dict):\n        self.about_page.set_geo_location(30.3079823, -97.893803)\n>       self.about_page.click_login_link()\n\ntests/login_test.py:43: \n_ _ _ _ _ _ _ _ _ _ _ _ _ _ _ _ _ _ _ _ _ _ _ _ _ _ _ _ _ _ _ _ _ _ _ _ _ _ _ _ \npages/about_page.py:20: in click_login_link\n    self.click(self.LOGIN_LINK)\npages/base_page.py:60: in click\n    el: WebElement = self.wait.until(\n_ _ _ _ _ _ _ _ _ _ _ _ _ _ _ _ _ _ _ _ _ _ _ _ _ _ _ _ _ _ _ _ _ _ _ _ _ _ _ _ \n\nself = <selenium.webdriver.support.wait.WebDriverWait (session=\"fcb9f51c177d369dc4b7e55ebb37e4f1\")>\nmethod = <function element_to_be_clickable.<locals>._predicate at 0x7f5bdc2ce660>\nmessage = ''\n\n    def until(self, method: Callable[[D], Union[Literal[False], T]], message: str = \"\") -> T:\n        \"\"\"Calls the method provided with the driver as an argument until the \\\n        return value does not evaluate to ``False``.\n    \n        :param method: callable(WebDriver)\n        :param message: optional message for :exc:`TimeoutException`\n        :returns: the result of the last call to `method`\n        :raises: :exc:`selenium.common.exceptions.TimeoutException` if timeout occurs\n        \"\"\"\n        screen = None\n        stacktrace = None\n    \n        end_time = time.monotonic() + self._timeout\n        while True:\n            try:\n                value = method(self._driver)\n                if value:\n                    return value\n            except self._ignored_exceptions as exc:\n                screen = getattr(exc, \"screen\", None)\n                stacktrace = getattr(exc, \"stacktrace\", None)\n            time.sleep(self._poll)\n            if time.monotonic() > end_time:\n                break\n>       raise TimeoutException(message, screen, stacktrace)\nE       selenium.common.exceptions.TimeoutException: Message: \nE       Stacktrace:\nE       #0 0x56334ede3f83 <unknown>\nE       #1 0x56334ea9ccf7 <unknown>\nE       #2 0x56334eaec99e <unknown>\nE       #3 0x56334eaecaa1 <unknown>\nE       #4 0x56334eb37d64 <unknown>\nE       #5 0x56334eb160dd <unknown>\nE       #6 0x56334eb35006 <unknown>\nE       #7 0x56334eb15e53 <unknown>\nE       #8 0x56334eadddd4 <unknown>\nE       #9 0x56334eadf1de <unknown>\nE       #10 0x56334eda8531 <unknown>\nE       #11 0x56334edac455 <unknown>\nE       #12 0x56334ed94f55 <unknown>\nE       #13 0x56334edad0ef <unknown>\nE       #14 0x56334ed7899f <unknown>\nE       #15 0x56334edd1008 <unknown>\nE       #16 0x56334edd11d7 <unknown>\nE       #17 0x56334ede3124 <unknown>\nE       #18 0x7f1524894ac3 <unknown>\n\n.venv/lib/python3.12/site-packages/selenium/webdriver/support/wait.py:105: TimeoutException","steps":[{"name":"Click Login link","time":{"start":1705195342927,"stop":1705195353178,"duration":10251},"status":"broken","statusMessage":"selenium.common.exceptions.TimeoutException: Message: \nStacktrace:\n#0 0x56334ede3f83 <unknown>\n#1 0x56334ea9ccf7 <unknown>\n#2 0x56334eaec99e <unknown>\n#3 0x56334eaecaa1 <unknown>\n#4 0x56334eb37d64 <unknown>\n#5 0x56334eb160dd <unknown>\n#6 0x56334eb35006 <unknown>\n#7 0x56334eb15e53 <unknown>\n#8 0x56334eadddd4 <unknown>\n#9 0x56334eadf1de <unknown>\n#10 0x56334eda8531 <unknown>\n#11 0x56334edac455 <unknown>\n#12 0x56334ed94f55 <unknown>\n#13 0x56334edad0ef <unknown>\n#14 0x56334ed7899f <unknown>\n#15 0x56334edd1008 <unknown>\n#16 0x56334edd11d7 <unknown>\n#17 0x56334ede3124 <unknown>\n#18 0x7f1524894ac3 <unknown>\n\n","statusTrace":"  File \"/home/runner/work/Selenium-Python-Example/Selenium-Python-Example/.venv/lib/python3.12/site-packages/allure_commons/_allure.py\", line 192, in impl\n    return func(*a, **kw)\n           ^^^^^^^^^^^^^^\n  File \"/home/runner/work/Selenium-Python-Example/Selenium-Python-Example/pages/about_page.py\", line 20, in click_login_link\n    self.click(self.LOGIN_LINK)\n  File \"/home/runner/work/Selenium-Python-Example/Selenium-Python-Example/pages/base_page.py\", line 60, in click\n    el: WebElement = self.wait.until(\n                     ^^^^^^^^^^^^^^^^\n  File \"/home/runner/work/Selenium-Python-Example/Selenium-Python-Example/.venv/lib/python3.12/site-packages/selenium/webdriver/support/wait.py\", line 105, in until\n    raise TimeoutException(message, screen, stacktrace)\n","steps":[],"attachments":[],"parameters":[],"shouldDisplayMessage":true,"stepsCount":0,"attachmentsCount":0,"hasContent":true,"attachmentStep":false}],"attachments":[{"uid":"2ab42704ee33316","name":"public ip address","source":"2ab42704ee33316.txt","type":"text/plain","size":12},{"uid":"b493a758f8d0b542","name":"Cookies","source":"b493a758f8d0b542.json","type":"application/json","size":4467},{"uid":"ec95ef63587d2894","name":"Session Storage","source":"ec95ef63587d2894.json","type":"application/json","size":359},{"uid":"c09ab0575a2d3620","name":"Local Storage","source":"c09ab0575a2d3620.json","type":"application/json","size":208},{"uid":"488b75bb366f9abf","name":"Console Logs","source":"488b75bb366f9abf.json","type":"application/json","size":2},{"uid":"12bf0a79fee2cc18","name":"Full Page Screenshot","source":"12bf0a79fee2cc18.png","type":"image/png","size":5726176},{"uid":"d48c413d4555ab3d","name":"URL","source":"d48c413d4555ab3d.uri","type":"text/uri-list","size":23},{"uid":"2360db3beca65744","name":"Network Logs","source":"2360db3beca65744.json","type":"application/json","size":857790}],"parameters":[],"shouldDisplayMessage":true,"stepsCount":1,"attachmentsCount":8,"hasContent":true,"attachmentStep":false},"afterStages":[],"labels":[{"name":"tag","value":"Tagged test"},{"name":"feature","value":"Login"},{"name":"severity","value":"blocker"},{"name":"epic","value":"Security"},{"name":"tag","value":"flaky(reruns=1)"},{"name":"tag","value":"security"},{"name":"parentSuite","value":"tests"},{"name":"suite","value":"login_test"},{"name":"subSuite","value":"TestLogin"},{"name":"host","value":"fv-az777-93"},{"name":"thread","value":"2344-MainThread"},{"name":"framework","value":"pytest"},{"name":"language","value":"cpython3"},{"name":"package","value":"tests.login_test"},{"name":"resultFormat","value":"allure2"}],"parameters":[],"links":[],"hidden":true,"retry":true,"extra":{"categories":[],"tags":["security","Tagged test","flaky(reruns=1)"]},"source":"ed93fffea5e42d80.json","parameterValues":[]}