{"uid":"658d46f77a36d1b5","name":"Number of projects displayed in page test","fullName":"tests.workspaces_test.TestWorkspaces#test_number_of_existing_projects","historyId":"34e866e263d4a1ed453e065aefe8091d","time":{"start":1729647486228,"stop":1729647486228,"duration":0},"description":"Compare between the actual number of projects seen on page and the number shown in workspaces block","descriptionHtml":"<p>Compare between the actual number of projects seen on page and the number shown in workspaces block</p>\n","status":"broken","statusMessage":"selenium.common.exceptions.TimeoutException: Message: \nStacktrace:\n#0 0x55e810ff80aa <unknown>\n#1 0x55e810b0f1a0 <unknown>\n#2 0x55e810b5bd06 <unknown>\n#3 0x55e810b5bfa1 <unknown>\n#4 0x55e810ba1344 <unknown>\n#5 0x55e810b7fdad <unknown>\n#6 0x55e810b9e866 <unknown>\n#7 0x55e810b7fb23 <unknown>\n#8 0x55e810b4e990 <unknown>\n#9 0x55e810b4f96e <unknown>\n#10 0x55e810fc416b <unknown>\n#11 0x55e810fc7f68 <unknown>\n#12 0x55e810fb164c <unknown>\n#13 0x55e810fc8ae7 <unknown>\n#14 0x55e810f964af <unknown>\n#15 0x55e810fe64f8 <unknown>\n#16 0x55e810fe66c0 <unknown>\n#17 0x55e810ff6f26 <unknown>\n#18 0x7eff66894ac3 <unknown>","statusTrace":"self = <tests.workspaces_test.TestWorkspaces object at 0x7fe3b345e570>\n\n    @pytest.fixture(autouse=True)\n    def setup_method_fixture(self):\n>       login(self.about_page, self.login_page)\n\ntests/workspaces_test.py:25: \n_ _ _ _ _ _ _ _ _ _ _ _ _ _ _ _ _ _ _ _ _ _ _ _ _ _ _ _ _ _ _ _ _ _ _ _ _ _ _ _ \ntests/workspaces_test.py:15: in login\n    about_page.click_login_link()\npages/about_page.py:20: in click_login_link\n    self.click(self.LOGIN_LINK)\npages/base_page.py:60: in click\n    el: WebElement = self.wait.until(\n_ _ _ _ _ _ _ _ _ _ _ _ _ _ _ _ _ _ _ _ _ _ _ _ _ _ _ _ _ _ _ _ _ _ _ _ _ _ _ _ \n\nself = <selenium.webdriver.support.wait.WebDriverWait (session=\"8d81546c6cc2a55362656a517b40432e\")>\nmethod = <function element_to_be_clickable.<locals>._predicate at 0x7fe3b2951080>\nmessage = ''\n\n    def until(self, method: Callable[[D], Union[Literal[False], T]], message: str = \"\") -> T:\n        \"\"\"Calls the method provided with the driver as an argument until the \\\n        return value does not evaluate to ``False``.\n    \n        :param method: callable(WebDriver)\n        :param message: optional message for :exc:`TimeoutException`\n        :returns: the result of the last call to `method`\n        :raises: :exc:`selenium.common.exceptions.TimeoutException` if timeout occurs\n        \"\"\"\n        screen = None\n        stacktrace = None\n    \n        end_time = time.monotonic() + self._timeout\n        while True:\n            try:\n                value = method(self._driver)\n                if value:\n                    return value\n            except self._ignored_exceptions as exc:\n                screen = getattr(exc, \"screen\", None)\n                stacktrace = getattr(exc, \"stacktrace\", None)\n            time.sleep(self._poll)\n            if time.monotonic() > end_time:\n                break\n>       raise TimeoutException(message, screen, stacktrace)\nE       selenium.common.exceptions.TimeoutException: Message: \nE       Stacktrace:\nE       #0 0x55e810ff80aa <unknown>\nE       #1 0x55e810b0f1a0 <unknown>\nE       #2 0x55e810b5bd06 <unknown>\nE       #3 0x55e810b5bfa1 <unknown>\nE       #4 0x55e810ba1344 <unknown>\nE       #5 0x55e810b7fdad <unknown>\nE       #6 0x55e810b9e866 <unknown>\nE       #7 0x55e810b7fb23 <unknown>\nE       #8 0x55e810b4e990 <unknown>\nE       #9 0x55e810b4f96e <unknown>\nE       #10 0x55e810fc416b <unknown>\nE       #11 0x55e810fc7f68 <unknown>\nE       #12 0x55e810fb164c <unknown>\nE       #13 0x55e810fc8ae7 <unknown>\nE       #14 0x55e810f964af <unknown>\nE       #15 0x55e810fe64f8 <unknown>\nE       #16 0x55e810fe66c0 <unknown>\nE       #17 0x55e810ff6f26 <unknown>\nE       #18 0x7eff66894ac3 <unknown>\n\n.venv/lib/python3.12/site-packages/selenium/webdriver/support/wait.py:105: TimeoutException","flaky":false,"newFailed":false,"newBroken":false,"newPassed":false,"retriesCount":0,"retriesStatusChange":false,"beforeStages":[{"name":"_verify_url","time":{"start":1729647413729,"stop":1729647413729,"duration":0},"status":"passed","steps":[],"attachments":[],"parameters":[],"shouldDisplayMessage":false,"stepsCount":0,"attachmentsCount":0,"hasContent":false,"attachmentStep":false},{"name":"session_request","time":{"start":1729647413729,"stop":1729647413729,"duration":0},"status":"passed","steps":[],"attachments":[],"parameters":[],"shouldDisplayMessage":false,"stepsCount":0,"attachmentsCount":0,"hasContent":false,"attachmentStep":false},{"name":"base_url","time":{"start":1729647413729,"stop":1729647413729,"duration":0},"status":"passed","steps":[],"attachments":[],"parameters":[],"shouldDisplayMessage":false,"stepsCount":0,"attachmentsCount":0,"hasContent":false,"attachmentStep":false},{"name":"setup_method_fixture","time":{"start":1729647488263,"stop":1729647498623,"duration":10360},"status":"broken","statusMessage":"selenium.common.exceptions.TimeoutException: Message: \nStacktrace:\n#0 0x55e810ff80aa <unknown>\n#1 0x55e810b0f1a0 <unknown>\n#2 0x55e810b5bd06 <unknown>\n#3 0x55e810b5bfa1 <unknown>\n#4 0x55e810ba1344 <unknown>\n#5 0x55e810b7fdad <unknown>\n#6 0x55e810b9e866 <unknown>\n#7 0x55e810b7fb23 <unknown>\n#8 0x55e810b4e990 <unknown>\n#9 0x55e810b4f96e <unknown>\n#10 0x55e810fc416b <unknown>\n#11 0x55e810fc7f68 <unknown>\n#12 0x55e810fb164c <unknown>\n#13 0x55e810fc8ae7 <unknown>\n#14 0x55e810f964af <unknown>\n#15 0x55e810fe64f8 <unknown>\n#16 0x55e810fe66c0 <unknown>\n#17 0x55e810ff6f26 <unknown>\n#18 0x7eff66894ac3 <unknown>\n\n","statusTrace":"  File \"/home/runner/work/Selenium-Python-Example/Selenium-Python-Example/.venv/lib/python3.12/site-packages/pluggy/_callers.py\", line 167, in _multicall\n    teardown.throw(outcome._exception)\n  File \"/home/runner/work/Selenium-Python-Example/Selenium-Python-Example/.venv/lib/python3.12/site-packages/_pytest/setuponly.py\", line 36, in pytest_fixture_setup\n    return (yield)\n            ^^^^^\n  File \"/home/runner/work/Selenium-Python-Example/Selenium-Python-Example/.venv/lib/python3.12/site-packages/pluggy/_callers.py\", line 103, in _multicall\n    res = hook_impl.function(*args)\n          ^^^^^^^^^^^^^^^^^^^^^^^^^\n  File \"/home/runner/work/Selenium-Python-Example/Selenium-Python-Example/.venv/lib/python3.12/site-packages/_pytest/fixtures.py\", line 1140, in pytest_fixture_setup\n    result = call_fixture_func(fixturefunc, request, kwargs)\n             ^^^^^^^^^^^^^^^^^^^^^^^^^^^^^^^^^^^^^^^^^^^^^^^\n  File \"/home/runner/work/Selenium-Python-Example/Selenium-Python-Example/.venv/lib/python3.12/site-packages/_pytest/fixtures.py\", line 898, in call_fixture_func\n    fixture_result = fixturefunc(**kwargs)\n                     ^^^^^^^^^^^^^^^^^^^^^\n  File \"/home/runner/work/Selenium-Python-Example/Selenium-Python-Example/tests/workspaces_test.py\", line 25, in setup_method_fixture\n    login(self.about_page, self.login_page)\n  File \"/home/runner/work/Selenium-Python-Example/Selenium-Python-Example/tests/workspaces_test.py\", line 15, in login\n    about_page.click_login_link()\n  File \"/home/runner/work/Selenium-Python-Example/Selenium-Python-Example/.venv/lib/python3.12/site-packages/allure_commons/_allure.py\", line 192, in impl\n    return func(*a, **kw)\n           ^^^^^^^^^^^^^^\n  File \"/home/runner/work/Selenium-Python-Example/Selenium-Python-Example/pages/about_page.py\", line 20, in click_login_link\n    self.click(self.LOGIN_LINK)\n  File \"/home/runner/work/Selenium-Python-Example/Selenium-Python-Example/pages/base_page.py\", line 60, in click\n    el: WebElement = self.wait.until(\n                     ^^^^^^^^^^^^^^^^\n  File \"/home/runner/work/Selenium-Python-Example/Selenium-Python-Example/.venv/lib/python3.12/site-packages/selenium/webdriver/support/wait.py\", line 105, in until\n    raise TimeoutException(message, screen, stacktrace)\n","steps":[{"name":"Click Login link","time":{"start":1729647488263,"stop":1729647498623,"duration":10360},"status":"broken","statusMessage":"selenium.common.exceptions.TimeoutException: Message: \nStacktrace:\n#0 0x55e810ff80aa <unknown>\n#1 0x55e810b0f1a0 <unknown>\n#2 0x55e810b5bd06 <unknown>\n#3 0x55e810b5bfa1 <unknown>\n#4 0x55e810ba1344 <unknown>\n#5 0x55e810b7fdad <unknown>\n#6 0x55e810b9e866 <unknown>\n#7 0x55e810b7fb23 <unknown>\n#8 0x55e810b4e990 <unknown>\n#9 0x55e810b4f96e <unknown>\n#10 0x55e810fc416b <unknown>\n#11 0x55e810fc7f68 <unknown>\n#12 0x55e810fb164c <unknown>\n#13 0x55e810fc8ae7 <unknown>\n#14 0x55e810f964af <unknown>\n#15 0x55e810fe64f8 <unknown>\n#16 0x55e810fe66c0 <unknown>\n#17 0x55e810ff6f26 <unknown>\n#18 0x7eff66894ac3 <unknown>\n\n","statusTrace":"  File \"/home/runner/work/Selenium-Python-Example/Selenium-Python-Example/.venv/lib/python3.12/site-packages/allure_commons/_allure.py\", line 192, in impl\n    return func(*a, **kw)\n           ^^^^^^^^^^^^^^\n  File \"/home/runner/work/Selenium-Python-Example/Selenium-Python-Example/pages/about_page.py\", line 20, in click_login_link\n    self.click(self.LOGIN_LINK)\n  File \"/home/runner/work/Selenium-Python-Example/Selenium-Python-Example/pages/base_page.py\", line 60, in click\n    el: WebElement = self.wait.until(\n                     ^^^^^^^^^^^^^^^^\n  File \"/home/runner/work/Selenium-Python-Example/Selenium-Python-Example/.venv/lib/python3.12/site-packages/selenium/webdriver/support/wait.py\", line 105, in until\n    raise TimeoutException(message, screen, stacktrace)\n","steps":[],"attachments":[],"parameters":[],"shouldDisplayMessage":true,"stepsCount":0,"attachmentsCount":0,"hasContent":true,"attachmentStep":false}],"attachments":[],"parameters":[],"shouldDisplayMessage":false,"stepsCount":1,"attachmentsCount":0,"hasContent":true,"attachmentStep":false}],"testStage":{"description":"Compare between the actual number of projects seen on page and the number shown in workspaces block","status":"broken","statusMessage":"selenium.common.exceptions.TimeoutException: Message: \nStacktrace:\n#0 0x55e810ff80aa <unknown>\n#1 0x55e810b0f1a0 <unknown>\n#2 0x55e810b5bd06 <unknown>\n#3 0x55e810b5bfa1 <unknown>\n#4 0x55e810ba1344 <unknown>\n#5 0x55e810b7fdad <unknown>\n#6 0x55e810b9e866 <unknown>\n#7 0x55e810b7fb23 <unknown>\n#8 0x55e810b4e990 <unknown>\n#9 0x55e810b4f96e <unknown>\n#10 0x55e810fc416b <unknown>\n#11 0x55e810fc7f68 <unknown>\n#12 0x55e810fb164c <unknown>\n#13 0x55e810fc8ae7 <unknown>\n#14 0x55e810f964af <unknown>\n#15 0x55e810fe64f8 <unknown>\n#16 0x55e810fe66c0 <unknown>\n#17 0x55e810ff6f26 <unknown>\n#18 0x7eff66894ac3 <unknown>","statusTrace":"self = <tests.workspaces_test.TestWorkspaces object at 0x7fe3b345e570>\n\n    @pytest.fixture(autouse=True)\n    def setup_method_fixture(self):\n>       login(self.about_page, self.login_page)\n\ntests/workspaces_test.py:25: \n_ _ _ _ _ _ _ _ _ _ _ _ _ _ _ _ _ _ _ _ _ _ _ _ _ _ _ _ _ _ _ _ _ _ _ _ _ _ _ _ \ntests/workspaces_test.py:15: in login\n    about_page.click_login_link()\npages/about_page.py:20: in click_login_link\n    self.click(self.LOGIN_LINK)\npages/base_page.py:60: in click\n    el: WebElement = self.wait.until(\n_ _ _ _ _ _ _ _ _ _ _ _ _ _ _ _ _ _ _ _ _ _ _ _ _ _ _ _ _ _ _ _ _ _ _ _ _ _ _ _ \n\nself = <selenium.webdriver.support.wait.WebDriverWait (session=\"8d81546c6cc2a55362656a517b40432e\")>\nmethod = <function element_to_be_clickable.<locals>._predicate at 0x7fe3b2951080>\nmessage = ''\n\n    def until(self, method: Callable[[D], Union[Literal[False], T]], message: str = \"\") -> T:\n        \"\"\"Calls the method provided with the driver as an argument until the \\\n        return value does not evaluate to ``False``.\n    \n        :param method: callable(WebDriver)\n        :param message: optional message for :exc:`TimeoutException`\n        :returns: the result of the last call to `method`\n        :raises: :exc:`selenium.common.exceptions.TimeoutException` if timeout occurs\n        \"\"\"\n        screen = None\n        stacktrace = None\n    \n        end_time = time.monotonic() + self._timeout\n        while True:\n            try:\n                value = method(self._driver)\n                if value:\n                    return value\n            except self._ignored_exceptions as exc:\n                screen = getattr(exc, \"screen\", None)\n                stacktrace = getattr(exc, \"stacktrace\", None)\n            time.sleep(self._poll)\n            if time.monotonic() > end_time:\n                break\n>       raise TimeoutException(message, screen, stacktrace)\nE       selenium.common.exceptions.TimeoutException: Message: \nE       Stacktrace:\nE       #0 0x55e810ff80aa <unknown>\nE       #1 0x55e810b0f1a0 <unknown>\nE       #2 0x55e810b5bd06 <unknown>\nE       #3 0x55e810b5bfa1 <unknown>\nE       #4 0x55e810ba1344 <unknown>\nE       #5 0x55e810b7fdad <unknown>\nE       #6 0x55e810b9e866 <unknown>\nE       #7 0x55e810b7fb23 <unknown>\nE       #8 0x55e810b4e990 <unknown>\nE       #9 0x55e810b4f96e <unknown>\nE       #10 0x55e810fc416b <unknown>\nE       #11 0x55e810fc7f68 <unknown>\nE       #12 0x55e810fb164c <unknown>\nE       #13 0x55e810fc8ae7 <unknown>\nE       #14 0x55e810f964af <unknown>\nE       #15 0x55e810fe64f8 <unknown>\nE       #16 0x55e810fe66c0 <unknown>\nE       #17 0x55e810ff6f26 <unknown>\nE       #18 0x7eff66894ac3 <unknown>\n\n.venv/lib/python3.12/site-packages/selenium/webdriver/support/wait.py:105: TimeoutException","steps":[{"name":"public ip address","time":{"start":1729647498638,"stop":1729647498791,"duration":153},"status":"passed","steps":[],"attachments":[{"uid":"6eae88431019df64","name":"HTTP logs of http://checkip.amazonaws.com/","source":"6eae88431019df64.txt","type":"text/plain","size":355}],"parameters":[],"shouldDisplayMessage":false,"stepsCount":0,"attachmentsCount":1,"hasContent":true,"attachmentStep":false}],"attachments":[{"uid":"a1b08152934d8076","name":"Cookies","source":"a1b08152934d8076.json","type":"application/json","size":3583},{"uid":"3600c505de7a0080","name":"Session Storage","source":"3600c505de7a0080.json","type":"application/json","size":359},{"uid":"8e08de26fe74905b","name":"Local Storage","source":"8e08de26fe74905b.json","type":"application/json","size":350},{"uid":"a9fe87f988f00a8a","name":"Console Logs","source":"a9fe87f988f00a8a.json","type":"application/json","size":236},{"uid":"47587a2aa48d4124","name":"Full Page Screenshot","source":"47587a2aa48d4124.png","type":"image/png","size":3641673},{"uid":"761011cf1422fb99","name":"URL","source":"761011cf1422fb99.uri","type":"text/uri-list","size":23},{"uid":"4918db9a0e672a77","name":"Network Logs","source":"4918db9a0e672a77.json","type":"application/json","size":67235}],"parameters":[],"shouldDisplayMessage":true,"stepsCount":1,"attachmentsCount":8,"hasContent":true,"attachmentStep":false},"afterStages":[{"name":"session_request::0","time":{"start":1729647575656,"stop":1729647575656,"duration":0},"status":"passed","steps":[],"attachments":[],"parameters":[],"shouldDisplayMessage":false,"stepsCount":0,"attachmentsCount":0,"hasContent":false,"attachmentStep":false}],"labels":[{"name":"severity","value":"normal"},{"name":"epic","value":"Workspaces"},{"name":"story","value":"WorkSpaces Creation and Editing Functionality"},{"name":"tag","value":"run(order=4)"},{"name":"parentSuite","value":"tests"},{"name":"suite","value":"workspaces_test"},{"name":"subSuite","value":"TestWorkspaces"},{"name":"host","value":"fv-az735-602"},{"name":"thread","value":"1916-MainThread"},{"name":"framework","value":"pytest"},{"name":"language","value":"cpython3"},{"name":"package","value":"tests.workspaces_test"},{"name":"resultFormat","value":"allure2"}],"parameters":[],"links":[],"hidden":false,"retry":false,"extra":{"severity":"normal","retries":[],"categories":[{"name":"Test defects","matchedStatuses":[],"flaky":false}],"tags":["run(order=4)"]},"source":"658d46f77a36d1b5.json","parameterValues":[]}