{"uid":"aa3f05300dfd67f6","name":"Cancel a project deletion","fullName":"tests.workspaces_test.TestWorkspaces#test_cancel_project_deletion","historyId":"4e88bda60b0c69cc538a06ace82098c3","time":{"start":1713921294841,"stop":1713921294841,"duration":0},"description":"Cancel project deletion","descriptionHtml":"<p>Cancel project deletion</p>\n","status":"broken","statusMessage":"selenium.common.exceptions.TimeoutException: Message: \nStacktrace:\n#0 0x55b855d25863 <unknown>\n#1 0x55b855a1b8c6 <unknown>\n#2 0x55b855a66618 <unknown>\n#3 0x55b855a666d1 <unknown>\n#4 0x55b855aa9744 <unknown>\n#5 0x55b855a885cd <unknown>\n#6 0x55b855aa6c19 <unknown>\n#7 0x55b855a88343 <unknown>\n#8 0x55b855a59593 <unknown>\n#9 0x55b855a59f5e <unknown>\n#10 0x55b855ce984b <unknown>\n#11 0x55b855ced7a5 <unknown>\n#12 0x55b855cd7571 <unknown>\n#13 0x55b855cee332 <unknown>\n#14 0x55b855cbc87f <unknown>\n#15 0x55b855d14728 <unknown>\n#16 0x55b855d148fb <unknown>\n#17 0x55b855d249b4 <unknown>\n#18 0x7fddc6494ac3 <unknown>","statusTrace":"self = <tests.workspaces_test.TestWorkspaces object at 0x7f448ee20230>\n\n    @pytest.fixture(autouse=True)\n    def setup_method_fixture(self):\n>       login(self.about_page, self.login_page)\n\ntests/workspaces_test.py:25: \n_ _ _ _ _ _ _ _ _ _ _ _ _ _ _ _ _ _ _ _ _ _ _ _ _ _ _ _ _ _ _ _ _ _ _ _ _ _ _ _ \ntests/workspaces_test.py:15: in login\n    about_page.click_login_link()\npages/about_page.py:20: in click_login_link\n    self.click(self.LOGIN_LINK)\npages/base_page.py:60: in click\n    el: WebElement = self.wait.until(\n_ _ _ _ _ _ _ _ _ _ _ _ _ _ _ _ _ _ _ _ _ _ _ _ _ _ _ _ _ _ _ _ _ _ _ _ _ _ _ _ \n\nself = <selenium.webdriver.support.wait.WebDriverWait (session=\"8848376984cb6bfcd5d72b5342060835\")>\nmethod = <function element_to_be_clickable.<locals>._predicate at 0x7f448eb2d300>\nmessage = ''\n\n    def until(self, method: Callable[[D], Union[Literal[False], T]], message: str = \"\") -> T:\n        \"\"\"Calls the method provided with the driver as an argument until the \\\n        return value does not evaluate to ``False``.\n    \n        :param method: callable(WebDriver)\n        :param message: optional message for :exc:`TimeoutException`\n        :returns: the result of the last call to `method`\n        :raises: :exc:`selenium.common.exceptions.TimeoutException` if timeout occurs\n        \"\"\"\n        screen = None\n        stacktrace = None\n    \n        end_time = time.monotonic() + self._timeout\n        while True:\n            try:\n                value = method(self._driver)\n                if value:\n                    return value\n            except self._ignored_exceptions as exc:\n                screen = getattr(exc, \"screen\", None)\n                stacktrace = getattr(exc, \"stacktrace\", None)\n            time.sleep(self._poll)\n            if time.monotonic() > end_time:\n                break\n>       raise TimeoutException(message, screen, stacktrace)\nE       selenium.common.exceptions.TimeoutException: Message: \nE       Stacktrace:\nE       #0 0x55b855d25863 <unknown>\nE       #1 0x55b855a1b8c6 <unknown>\nE       #2 0x55b855a66618 <unknown>\nE       #3 0x55b855a666d1 <unknown>\nE       #4 0x55b855aa9744 <unknown>\nE       #5 0x55b855a885cd <unknown>\nE       #6 0x55b855aa6c19 <unknown>\nE       #7 0x55b855a88343 <unknown>\nE       #8 0x55b855a59593 <unknown>\nE       #9 0x55b855a59f5e <unknown>\nE       #10 0x55b855ce984b <unknown>\nE       #11 0x55b855ced7a5 <unknown>\nE       #12 0x55b855cd7571 <unknown>\nE       #13 0x55b855cee332 <unknown>\nE       #14 0x55b855cbc87f <unknown>\nE       #15 0x55b855d14728 <unknown>\nE       #16 0x55b855d148fb <unknown>\nE       #17 0x55b855d249b4 <unknown>\nE       #18 0x7fddc6494ac3 <unknown>\n\n.venv/lib/python3.12/site-packages/selenium/webdriver/support/wait.py:105: TimeoutException","flaky":false,"newFailed":false,"newBroken":false,"newPassed":false,"retriesCount":0,"retriesStatusChange":false,"beforeStages":[{"name":"base_url","time":{"start":1713921148484,"stop":1713921148484,"duration":0},"status":"passed","steps":[],"attachments":[],"parameters":[],"shouldDisplayMessage":false,"stepsCount":0,"attachmentsCount":0,"hasContent":false,"attachmentStep":false},{"name":"_verify_url","time":{"start":1713921148485,"stop":1713921148485,"duration":0},"status":"passed","steps":[],"attachments":[],"parameters":[],"shouldDisplayMessage":false,"stepsCount":0,"attachmentsCount":0,"hasContent":false,"attachmentStep":false},{"name":"session_request","time":{"start":1713921148485,"stop":1713921148485,"duration":0},"status":"passed","steps":[],"attachments":[],"parameters":[],"shouldDisplayMessage":false,"stepsCount":0,"attachmentsCount":0,"hasContent":false,"attachmentStep":false},{"name":"data","time":{"start":1713921148485,"stop":1713921148485,"duration":0},"status":"passed","steps":[],"attachments":[],"parameters":[],"shouldDisplayMessage":false,"stepsCount":0,"attachmentsCount":0,"hasContent":false,"attachmentStep":false},{"name":"setup_method_fixture","time":{"start":1713921296460,"stop":1713921306725,"duration":10265},"status":"broken","statusMessage":"selenium.common.exceptions.TimeoutException: Message: \nStacktrace:\n#0 0x55b855d25863 <unknown>\n#1 0x55b855a1b8c6 <unknown>\n#2 0x55b855a66618 <unknown>\n#3 0x55b855a666d1 <unknown>\n#4 0x55b855aa9744 <unknown>\n#5 0x55b855a885cd <unknown>\n#6 0x55b855aa6c19 <unknown>\n#7 0x55b855a88343 <unknown>\n#8 0x55b855a59593 <unknown>\n#9 0x55b855a59f5e <unknown>\n#10 0x55b855ce984b <unknown>\n#11 0x55b855ced7a5 <unknown>\n#12 0x55b855cd7571 <unknown>\n#13 0x55b855cee332 <unknown>\n#14 0x55b855cbc87f <unknown>\n#15 0x55b855d14728 <unknown>\n#16 0x55b855d148fb <unknown>\n#17 0x55b855d249b4 <unknown>\n#18 0x7fddc6494ac3 <unknown>\n\n","statusTrace":"  File \"/home/runner/work/Selenium-Python-Example/Selenium-Python-Example/.venv/lib/python3.12/site-packages/pluggy/_callers.py\", line 166, in _multicall\n    teardown.throw(outcome._exception)\n  File \"/home/runner/work/Selenium-Python-Example/Selenium-Python-Example/.venv/lib/python3.12/site-packages/_pytest/setuponly.py\", line 36, in pytest_fixture_setup\n    return (yield)\n            ^^^^^\n  File \"/home/runner/work/Selenium-Python-Example/Selenium-Python-Example/.venv/lib/python3.12/site-packages/pluggy/_callers.py\", line 102, in _multicall\n    res = hook_impl.function(*args)\n          ^^^^^^^^^^^^^^^^^^^^^^^^^\n  File \"/home/runner/work/Selenium-Python-Example/Selenium-Python-Example/.venv/lib/python3.12/site-packages/_pytest/fixtures.py\", line 1132, in pytest_fixture_setup\n    result = call_fixture_func(fixturefunc, request, kwargs)\n             ^^^^^^^^^^^^^^^^^^^^^^^^^^^^^^^^^^^^^^^^^^^^^^^\n  File \"/home/runner/work/Selenium-Python-Example/Selenium-Python-Example/.venv/lib/python3.12/site-packages/_pytest/fixtures.py\", line 913, in call_fixture_func\n    fixture_result = fixturefunc(**kwargs)\n                     ^^^^^^^^^^^^^^^^^^^^^\n  File \"/home/runner/work/Selenium-Python-Example/Selenium-Python-Example/tests/workspaces_test.py\", line 25, in setup_method_fixture\n    login(self.about_page, self.login_page)\n  File \"/home/runner/work/Selenium-Python-Example/Selenium-Python-Example/tests/workspaces_test.py\", line 15, in login\n    about_page.click_login_link()\n  File \"/home/runner/work/Selenium-Python-Example/Selenium-Python-Example/.venv/lib/python3.12/site-packages/allure_commons/_allure.py\", line 192, in impl\n    return func(*a, **kw)\n           ^^^^^^^^^^^^^^\n  File \"/home/runner/work/Selenium-Python-Example/Selenium-Python-Example/pages/about_page.py\", line 20, in click_login_link\n    self.click(self.LOGIN_LINK)\n  File \"/home/runner/work/Selenium-Python-Example/Selenium-Python-Example/pages/base_page.py\", line 60, in click\n    el: WebElement = self.wait.until(\n                     ^^^^^^^^^^^^^^^^\n  File \"/home/runner/work/Selenium-Python-Example/Selenium-Python-Example/.venv/lib/python3.12/site-packages/selenium/webdriver/support/wait.py\", line 105, in until\n    raise TimeoutException(message, screen, stacktrace)\n","steps":[{"name":"Click Login link","time":{"start":1713921296460,"stop":1713921306724,"duration":10264},"status":"broken","statusMessage":"selenium.common.exceptions.TimeoutException: Message: \nStacktrace:\n#0 0x55b855d25863 <unknown>\n#1 0x55b855a1b8c6 <unknown>\n#2 0x55b855a66618 <unknown>\n#3 0x55b855a666d1 <unknown>\n#4 0x55b855aa9744 <unknown>\n#5 0x55b855a885cd <unknown>\n#6 0x55b855aa6c19 <unknown>\n#7 0x55b855a88343 <unknown>\n#8 0x55b855a59593 <unknown>\n#9 0x55b855a59f5e <unknown>\n#10 0x55b855ce984b <unknown>\n#11 0x55b855ced7a5 <unknown>\n#12 0x55b855cd7571 <unknown>\n#13 0x55b855cee332 <unknown>\n#14 0x55b855cbc87f <unknown>\n#15 0x55b855d14728 <unknown>\n#16 0x55b855d148fb <unknown>\n#17 0x55b855d249b4 <unknown>\n#18 0x7fddc6494ac3 <unknown>\n\n","statusTrace":"  File \"/home/runner/work/Selenium-Python-Example/Selenium-Python-Example/.venv/lib/python3.12/site-packages/allure_commons/_allure.py\", line 192, in impl\n    return func(*a, **kw)\n           ^^^^^^^^^^^^^^\n  File \"/home/runner/work/Selenium-Python-Example/Selenium-Python-Example/pages/about_page.py\", line 20, in click_login_link\n    self.click(self.LOGIN_LINK)\n  File \"/home/runner/work/Selenium-Python-Example/Selenium-Python-Example/pages/base_page.py\", line 60, in click\n    el: WebElement = self.wait.until(\n                     ^^^^^^^^^^^^^^^^\n  File \"/home/runner/work/Selenium-Python-Example/Selenium-Python-Example/.venv/lib/python3.12/site-packages/selenium/webdriver/support/wait.py\", line 105, in until\n    raise TimeoutException(message, screen, stacktrace)\n","steps":[],"attachments":[],"parameters":[],"shouldDisplayMessage":true,"stepsCount":0,"attachmentsCount":0,"hasContent":true,"attachmentStep":false}],"attachments":[],"parameters":[],"shouldDisplayMessage":false,"stepsCount":1,"attachmentsCount":0,"hasContent":true,"attachmentStep":false}],"testStage":{"description":"Cancel project deletion","status":"broken","statusMessage":"selenium.common.exceptions.TimeoutException: Message: \nStacktrace:\n#0 0x55b855d25863 <unknown>\n#1 0x55b855a1b8c6 <unknown>\n#2 0x55b855a66618 <unknown>\n#3 0x55b855a666d1 <unknown>\n#4 0x55b855aa9744 <unknown>\n#5 0x55b855a885cd <unknown>\n#6 0x55b855aa6c19 <unknown>\n#7 0x55b855a88343 <unknown>\n#8 0x55b855a59593 <unknown>\n#9 0x55b855a59f5e <unknown>\n#10 0x55b855ce984b <unknown>\n#11 0x55b855ced7a5 <unknown>\n#12 0x55b855cd7571 <unknown>\n#13 0x55b855cee332 <unknown>\n#14 0x55b855cbc87f <unknown>\n#15 0x55b855d14728 <unknown>\n#16 0x55b855d148fb <unknown>\n#17 0x55b855d249b4 <unknown>\n#18 0x7fddc6494ac3 <unknown>","statusTrace":"self = <tests.workspaces_test.TestWorkspaces object at 0x7f448ee20230>\n\n    @pytest.fixture(autouse=True)\n    def setup_method_fixture(self):\n>       login(self.about_page, self.login_page)\n\ntests/workspaces_test.py:25: \n_ _ _ _ _ _ _ _ _ _ _ _ _ _ _ _ _ _ _ _ _ _ _ _ _ _ _ _ _ _ _ _ _ _ _ _ _ _ _ _ \ntests/workspaces_test.py:15: in login\n    about_page.click_login_link()\npages/about_page.py:20: in click_login_link\n    self.click(self.LOGIN_LINK)\npages/base_page.py:60: in click\n    el: WebElement = self.wait.until(\n_ _ _ _ _ _ _ _ _ _ _ _ _ _ _ _ _ _ _ _ _ _ _ _ _ _ _ _ _ _ _ _ _ _ _ _ _ _ _ _ \n\nself = <selenium.webdriver.support.wait.WebDriverWait (session=\"8848376984cb6bfcd5d72b5342060835\")>\nmethod = <function element_to_be_clickable.<locals>._predicate at 0x7f448eb2d300>\nmessage = ''\n\n    def until(self, method: Callable[[D], Union[Literal[False], T]], message: str = \"\") -> T:\n        \"\"\"Calls the method provided with the driver as an argument until the \\\n        return value does not evaluate to ``False``.\n    \n        :param method: callable(WebDriver)\n        :param message: optional message for :exc:`TimeoutException`\n        :returns: the result of the last call to `method`\n        :raises: :exc:`selenium.common.exceptions.TimeoutException` if timeout occurs\n        \"\"\"\n        screen = None\n        stacktrace = None\n    \n        end_time = time.monotonic() + self._timeout\n        while True:\n            try:\n                value = method(self._driver)\n                if value:\n                    return value\n            except self._ignored_exceptions as exc:\n                screen = getattr(exc, \"screen\", None)\n                stacktrace = getattr(exc, \"stacktrace\", None)\n            time.sleep(self._poll)\n            if time.monotonic() > end_time:\n                break\n>       raise TimeoutException(message, screen, stacktrace)\nE       selenium.common.exceptions.TimeoutException: Message: \nE       Stacktrace:\nE       #0 0x55b855d25863 <unknown>\nE       #1 0x55b855a1b8c6 <unknown>\nE       #2 0x55b855a66618 <unknown>\nE       #3 0x55b855a666d1 <unknown>\nE       #4 0x55b855aa9744 <unknown>\nE       #5 0x55b855a885cd <unknown>\nE       #6 0x55b855aa6c19 <unknown>\nE       #7 0x55b855a88343 <unknown>\nE       #8 0x55b855a59593 <unknown>\nE       #9 0x55b855a59f5e <unknown>\nE       #10 0x55b855ce984b <unknown>\nE       #11 0x55b855ced7a5 <unknown>\nE       #12 0x55b855cd7571 <unknown>\nE       #13 0x55b855cee332 <unknown>\nE       #14 0x55b855cbc87f <unknown>\nE       #15 0x55b855d14728 <unknown>\nE       #16 0x55b855d148fb <unknown>\nE       #17 0x55b855d249b4 <unknown>\nE       #18 0x7fddc6494ac3 <unknown>\n\n.venv/lib/python3.12/site-packages/selenium/webdriver/support/wait.py:105: TimeoutException","steps":[{"name":"public ip address","time":{"start":1713921306738,"stop":1713921306890,"duration":152},"status":"passed","steps":[],"attachments":[{"uid":"2676c0e970dcf07c","name":"HTTP logs of http://checkip.amazonaws.com/","source":"2676c0e970dcf07c.txt","type":"text/plain","size":357}],"parameters":[],"shouldDisplayMessage":false,"stepsCount":0,"attachmentsCount":1,"hasContent":true,"attachmentStep":false}],"attachments":[{"uid":"743e5d9416e06697","name":"Cookies","source":"743e5d9416e06697.json","type":"application/json","size":3636},{"uid":"c8c53aecfb2c2238","name":"Session Storage","source":"c8c53aecfb2c2238.json","type":"application/json","size":359},{"uid":"ebb6a8d1c97a6899","name":"Local Storage","source":"ebb6a8d1c97a6899.json","type":"application/json","size":350},{"uid":"ab7f3bd39b61eb34","name":"Console Logs","source":"ab7f3bd39b61eb34.json","type":"application/json","size":7723},{"uid":"ca1a36d2db469c4d","name":"Full Page Screenshot","source":"ca1a36d2db469c4d.png","type":"image/png","size":6238629},{"uid":"4b916cefdc71ee96","name":"URL","source":"4b916cefdc71ee96.uri","type":"text/uri-list","size":23},{"uid":"f0d6324d88e4cb70","name":"Network Logs","source":"f0d6324d88e4cb70.json","type":"application/json","size":843158}],"parameters":[],"shouldDisplayMessage":true,"stepsCount":1,"attachmentsCount":8,"hasContent":true,"attachmentStep":false},"afterStages":[{"name":"session_request::0","time":{"start":1713921410719,"stop":1713921410719,"duration":0},"status":"passed","steps":[],"attachments":[],"parameters":[],"shouldDisplayMessage":false,"stepsCount":0,"attachmentsCount":0,"hasContent":false,"attachmentStep":false}],"labels":[{"name":"severity","value":"normal"},{"name":"epic","value":"Workspaces"},{"name":"story","value":"WorkSpaces Creation and Editing Functionality"},{"name":"tag","value":"run(order=8)"},{"name":"parentSuite","value":"tests"},{"name":"suite","value":"workspaces_test"},{"name":"subSuite","value":"TestWorkspaces"},{"name":"host","value":"fv-az711-732"},{"name":"thread","value":"2563-MainThread"},{"name":"framework","value":"pytest"},{"name":"language","value":"cpython3"},{"name":"package","value":"tests.workspaces_test"},{"name":"resultFormat","value":"allure2"}],"parameters":[],"links":[],"hidden":false,"retry":false,"extra":{"severity":"normal","retries":[],"categories":[{"name":"Test defects","matchedStatuses":[],"flaky":false}],"tags":["run(order=8)"]},"source":"aa3f05300dfd67f6.json","parameterValues":[]}