{"uid":"24862a16193991e7","name":"Exception test","fullName":"tests.forgot_password_test.TestForgotPassword#test_expected_exception_on_page_title","historyId":"288cd0030c92ba34b4ff4b58ed8ec476","time":{"start":1750384516721,"stop":1750384526833,"duration":10112},"description":"Exception catching","descriptionHtml":"<p>Exception catching</p>\n","status":"broken","statusMessage":"selenium.common.exceptions.TimeoutException: Message: \nStacktrace:\n#0 0x55f2d1cd653a <unknown>\n#1 0x55f2d17d1f00 <unknown>\n#2 0x55f2d1821c0c <unknown>\n#3 0x55f2d1821e31 <unknown>\n#4 0x55f2d1867bd4 <unknown>\n#5 0x55f2d18465cd <unknown>\n#6 0x55f2d1864f84 <unknown>\n#7 0x55f2d1846343 <unknown>\n#8 0x55f2d181378a <unknown>\n#9 0x55f2d18149de <unknown>\n#10 0x55f2d1ca02cb <unknown>\n#11 0x55f2d1ca4242 <unknown>\n#12 0x55f2d1c8d7ac <unknown>\n#13 0x55f2d1ca4df7 <unknown>\n#14 0x55f2d1c71b2f <unknown>\n#15 0x55f2d1cc51a8 <unknown>\n#16 0x55f2d1cc5370 <unknown>\n#17 0x55f2d1cd53b6 <unknown>\n#18 0x7f187f69caa4 <unknown>\n#19 0x7f187f729c3c <unknown>","statusTrace":"self = <tests.forgot_password_test.TestForgotPassword object at 0x7f6c8e81bce0>\n\n    @allure.description(\"Exception catching\")\n    @allure.title(\"Exception test\")\n    @allure.link(\"github.com/allure-examples/\", name=\"Allure Examples\")\n    @allure.issue(\"github.com/allure-examples/allure-examples/issues/1\", name=\"ISSUE-1\")\n    @allure.testcase(\"github.com/allure-examples/allure-examples/issues/2\", name=\"TESTCASE-2\")\n    def test_expected_exception_on_page_title(self) -> None:\n>       self.about_page.click_login_link()\n\ntests/forgot_password_test.py:51: \n_ _ _ _ _ _ _ _ _ _ _ _ _ _ _ _ _ _ _ _ _ _ _ _ _ _ _ _ _ _ _ _ _ _ _ _ _ _ _ _ \nsrc/pages/about_page.py:18: in click_login_link\n    self.click(self.LOGIN_LINK)\nsrc/pages/base_page.py:59: in click\n    el: WebElement = self.wait.until(expected_conditions.element_to_be_clickable(locator))\n                     ^^^^^^^^^^^^^^^^^^^^^^^^^^^^^^^^^^^^^^^^^^^^^^^^^^^^^^^^^^^^^^^^^^^^^\n_ _ _ _ _ _ _ _ _ _ _ _ _ _ _ _ _ _ _ _ _ _ _ _ _ _ _ _ _ _ _ _ _ _ _ _ _ _ _ _ \n\nself = <selenium.webdriver.support.wait.WebDriverWait (session=\"ac0751bd80bc1574bd90f46317e744fe\")>\nmethod = <function element_to_be_clickable.<locals>._predicate at 0x7f6c8e50b380>\nmessage = ''\n\n    def until(self, method: Callable[[D], Union[Literal[False], T]], message: str = \"\") -> T:\n        \"\"\"Wait until the method returns a value that is not False.\n    \n        Calls the method provided with the driver as an argument until the\n        return value does not evaluate to ``False``.\n    \n        Parameters:\n        -----------\n        method: callable(WebDriver)\n            - A callable object that takes a WebDriver instance as an argument.\n    \n        message: str\n            - Optional message for :exc:`TimeoutException`\n    \n        Return:\n        -------\n        object: T\n            - The result of the last call to `method`\n    \n        Raises:\n        -------\n        TimeoutException\n            - If 'method' does not return a truthy value within the WebDriverWait\n            object's timeout\n    \n        Example:\n        --------\n        >>> from selenium.webdriver.common.by import By\n        >>> from selenium.webdriver.support.ui import WebDriverWait\n        >>> from selenium.webdriver.support import expected_conditions as EC\n    \n        # Wait until an element is visible on the page\n        >>> wait = WebDriverWait(driver, 10)\n        >>> element = wait.until(EC.visibility_of_element_located((By.ID, \"exampleId\")))\n        >>> print(element.text)\n        \"\"\"\n        screen = None\n        stacktrace = None\n    \n        end_time = time.monotonic() + self._timeout\n        while True:\n            try:\n                value = method(self._driver)\n                if value:\n                    return value\n            except self._ignored_exceptions as exc:\n                screen = getattr(exc, \"screen\", None)\n                stacktrace = getattr(exc, \"stacktrace\", None)\n            if time.monotonic() > end_time:\n                break\n            time.sleep(self._poll)\n>       raise TimeoutException(message, screen, stacktrace)\nE       selenium.common.exceptions.TimeoutException: Message: \nE       Stacktrace:\nE       #0 0x55f2d1cd653a <unknown>\nE       #1 0x55f2d17d1f00 <unknown>\nE       #2 0x55f2d1821c0c <unknown>\nE       #3 0x55f2d1821e31 <unknown>\nE       #4 0x55f2d1867bd4 <unknown>\nE       #5 0x55f2d18465cd <unknown>\nE       #6 0x55f2d1864f84 <unknown>\nE       #7 0x55f2d1846343 <unknown>\nE       #8 0x55f2d181378a <unknown>\nE       #9 0x55f2d18149de <unknown>\nE       #10 0x55f2d1ca02cb <unknown>\nE       #11 0x55f2d1ca4242 <unknown>\nE       #12 0x55f2d1c8d7ac <unknown>\nE       #13 0x55f2d1ca4df7 <unknown>\nE       #14 0x55f2d1c71b2f <unknown>\nE       #15 0x55f2d1cc51a8 <unknown>\nE       #16 0x55f2d1cc5370 <unknown>\nE       #17 0x55f2d1cd53b6 <unknown>\nE       #18 0x7f187f69caa4 <unknown>\nE       #19 0x7f187f729c3c <unknown>\n\n.venv/lib/python3.13/site-packages/selenium/webdriver/support/wait.py:138: TimeoutException","flaky":false,"newFailed":false,"newBroken":false,"newPassed":false,"retriesCount":0,"retriesStatusChange":false,"beforeStages":[{"name":"_verify_url","time":{"start":1750384512706,"stop":1750384512706,"duration":0},"status":"passed","steps":[],"attachments":[],"parameters":[],"shouldDisplayMessage":false,"stepsCount":0,"attachmentsCount":0,"hasContent":false,"attachmentStep":false},{"name":"base_url","time":{"start":1750384512706,"stop":1750384512706,"duration":0},"status":"passed","steps":[],"attachments":[],"parameters":[],"shouldDisplayMessage":false,"stepsCount":0,"attachmentsCount":0,"hasContent":false,"attachmentStep":false},{"name":"session_request","time":{"start":1750384512707,"stop":1750384512707,"duration":0},"status":"passed","steps":[],"attachments":[],"parameters":[],"shouldDisplayMessage":false,"stepsCount":0,"attachmentsCount":0,"hasContent":false,"attachmentStep":false}],"testStage":{"description":"Exception catching","status":"broken","statusMessage":"selenium.common.exceptions.TimeoutException: Message: \nStacktrace:\n#0 0x55f2d1cd653a <unknown>\n#1 0x55f2d17d1f00 <unknown>\n#2 0x55f2d1821c0c <unknown>\n#3 0x55f2d1821e31 <unknown>\n#4 0x55f2d1867bd4 <unknown>\n#5 0x55f2d18465cd <unknown>\n#6 0x55f2d1864f84 <unknown>\n#7 0x55f2d1846343 <unknown>\n#8 0x55f2d181378a <unknown>\n#9 0x55f2d18149de <unknown>\n#10 0x55f2d1ca02cb <unknown>\n#11 0x55f2d1ca4242 <unknown>\n#12 0x55f2d1c8d7ac <unknown>\n#13 0x55f2d1ca4df7 <unknown>\n#14 0x55f2d1c71b2f <unknown>\n#15 0x55f2d1cc51a8 <unknown>\n#16 0x55f2d1cc5370 <unknown>\n#17 0x55f2d1cd53b6 <unknown>\n#18 0x7f187f69caa4 <unknown>\n#19 0x7f187f729c3c <unknown>","statusTrace":"self = <tests.forgot_password_test.TestForgotPassword object at 0x7f6c8e81bce0>\n\n    @allure.description(\"Exception catching\")\n    @allure.title(\"Exception test\")\n    @allure.link(\"github.com/allure-examples/\", name=\"Allure Examples\")\n    @allure.issue(\"github.com/allure-examples/allure-examples/issues/1\", name=\"ISSUE-1\")\n    @allure.testcase(\"github.com/allure-examples/allure-examples/issues/2\", name=\"TESTCASE-2\")\n    def test_expected_exception_on_page_title(self) -> None:\n>       self.about_page.click_login_link()\n\ntests/forgot_password_test.py:51: \n_ _ _ _ _ _ _ _ _ _ _ _ _ _ _ _ _ _ _ _ _ _ _ _ _ _ _ _ _ _ _ _ _ _ _ _ _ _ _ _ \nsrc/pages/about_page.py:18: in click_login_link\n    self.click(self.LOGIN_LINK)\nsrc/pages/base_page.py:59: in click\n    el: WebElement = self.wait.until(expected_conditions.element_to_be_clickable(locator))\n                     ^^^^^^^^^^^^^^^^^^^^^^^^^^^^^^^^^^^^^^^^^^^^^^^^^^^^^^^^^^^^^^^^^^^^^\n_ _ _ _ _ _ _ _ _ _ _ _ _ _ _ _ _ _ _ _ _ _ _ _ _ _ _ _ _ _ _ _ _ _ _ _ _ _ _ _ \n\nself = <selenium.webdriver.support.wait.WebDriverWait (session=\"ac0751bd80bc1574bd90f46317e744fe\")>\nmethod = <function element_to_be_clickable.<locals>._predicate at 0x7f6c8e50b380>\nmessage = ''\n\n    def until(self, method: Callable[[D], Union[Literal[False], T]], message: str = \"\") -> T:\n        \"\"\"Wait until the method returns a value that is not False.\n    \n        Calls the method provided with the driver as an argument until the\n        return value does not evaluate to ``False``.\n    \n        Parameters:\n        -----------\n        method: callable(WebDriver)\n            - A callable object that takes a WebDriver instance as an argument.\n    \n        message: str\n            - Optional message for :exc:`TimeoutException`\n    \n        Return:\n        -------\n        object: T\n            - The result of the last call to `method`\n    \n        Raises:\n        -------\n        TimeoutException\n            - If 'method' does not return a truthy value within the WebDriverWait\n            object's timeout\n    \n        Example:\n        --------\n        >>> from selenium.webdriver.common.by import By\n        >>> from selenium.webdriver.support.ui import WebDriverWait\n        >>> from selenium.webdriver.support import expected_conditions as EC\n    \n        # Wait until an element is visible on the page\n        >>> wait = WebDriverWait(driver, 10)\n        >>> element = wait.until(EC.visibility_of_element_located((By.ID, \"exampleId\")))\n        >>> print(element.text)\n        \"\"\"\n        screen = None\n        stacktrace = None\n    \n        end_time = time.monotonic() + self._timeout\n        while True:\n            try:\n                value = method(self._driver)\n                if value:\n                    return value\n            except self._ignored_exceptions as exc:\n                screen = getattr(exc, \"screen\", None)\n                stacktrace = getattr(exc, \"stacktrace\", None)\n            if time.monotonic() > end_time:\n                break\n            time.sleep(self._poll)\n>       raise TimeoutException(message, screen, stacktrace)\nE       selenium.common.exceptions.TimeoutException: Message: \nE       Stacktrace:\nE       #0 0x55f2d1cd653a <unknown>\nE       #1 0x55f2d17d1f00 <unknown>\nE       #2 0x55f2d1821c0c <unknown>\nE       #3 0x55f2d1821e31 <unknown>\nE       #4 0x55f2d1867bd4 <unknown>\nE       #5 0x55f2d18465cd <unknown>\nE       #6 0x55f2d1864f84 <unknown>\nE       #7 0x55f2d1846343 <unknown>\nE       #8 0x55f2d181378a <unknown>\nE       #9 0x55f2d18149de <unknown>\nE       #10 0x55f2d1ca02cb <unknown>\nE       #11 0x55f2d1ca4242 <unknown>\nE       #12 0x55f2d1c8d7ac <unknown>\nE       #13 0x55f2d1ca4df7 <unknown>\nE       #14 0x55f2d1c71b2f <unknown>\nE       #15 0x55f2d1cc51a8 <unknown>\nE       #16 0x55f2d1cc5370 <unknown>\nE       #17 0x55f2d1cd53b6 <unknown>\nE       #18 0x7f187f69caa4 <unknown>\nE       #19 0x7f187f729c3c <unknown>\n\n.venv/lib/python3.13/site-packages/selenium/webdriver/support/wait.py:138: TimeoutException","steps":[{"name":"Click Login link","time":{"start":1750384516722,"stop":1750384526832,"duration":10110},"status":"broken","statusMessage":"selenium.common.exceptions.TimeoutException: Message: \nStacktrace:\n#0 0x55f2d1cd653a <unknown>\n#1 0x55f2d17d1f00 <unknown>\n#2 0x55f2d1821c0c <unknown>\n#3 0x55f2d1821e31 <unknown>\n#4 0x55f2d1867bd4 <unknown>\n#5 0x55f2d18465cd <unknown>\n#6 0x55f2d1864f84 <unknown>\n#7 0x55f2d1846343 <unknown>\n#8 0x55f2d181378a <unknown>\n#9 0x55f2d18149de <unknown>\n#10 0x55f2d1ca02cb <unknown>\n#11 0x55f2d1ca4242 <unknown>\n#12 0x55f2d1c8d7ac <unknown>\n#13 0x55f2d1ca4df7 <unknown>\n#14 0x55f2d1c71b2f <unknown>\n#15 0x55f2d1cc51a8 <unknown>\n#16 0x55f2d1cc5370 <unknown>\n#17 0x55f2d1cd53b6 <unknown>\n#18 0x7f187f69caa4 <unknown>\n#19 0x7f187f729c3c <unknown>\n\n","statusTrace":"  File \"/home/runner/work/Selenium-Python-Example/Selenium-Python-Example/.venv/lib/python3.13/site-packages/allure_commons/_allure.py\", line 202, in impl\n    return func(*a, **kw)\n  File \"/home/runner/work/Selenium-Python-Example/Selenium-Python-Example/src/pages/about_page.py\", line 18, in click_login_link\n    self.click(self.LOGIN_LINK)\n    ~~~~~~~~~~^^^^^^^^^^^^^^^^^\n  File \"/home/runner/work/Selenium-Python-Example/Selenium-Python-Example/src/pages/base_page.py\", line 59, in click\n    el: WebElement = self.wait.until(expected_conditions.element_to_be_clickable(locator))\n                     ~~~~~~~~~~~~~~~^^^^^^^^^^^^^^^^^^^^^^^^^^^^^^^^^^^^^^^^^^^^^^^^^^^^^^\n  File \"/home/runner/work/Selenium-Python-Example/Selenium-Python-Example/.venv/lib/python3.13/site-packages/selenium/webdriver/support/wait.py\", line 138, in until\n    raise TimeoutException(message, screen, stacktrace)\n","steps":[],"attachments":[],"parameters":[],"shouldDisplayMessage":true,"stepsCount":0,"attachmentsCount":0,"hasContent":true,"attachmentStep":false},{"name":"public ip address","time":{"start":1750384526844,"stop":1750384526855,"duration":11},"status":"passed","steps":[],"attachments":[{"uid":"2de941d6fb3f6f55","name":"HTTP logs of http://checkip.amazonaws.com/","source":"2de941d6fb3f6f55.txt","type":"text/plain","size":356}],"parameters":[],"shouldDisplayMessage":false,"stepsCount":0,"attachmentsCount":1,"hasContent":true,"attachmentStep":false}],"attachments":[{"uid":"7a7fd8af89d2f64a","name":"Cookies","source":"7a7fd8af89d2f64a.json","type":"application/json","size":4120},{"uid":"ccafec81a50c91ff","name":"Session Storage","source":"ccafec81a50c91ff.json","type":"application/json","size":358},{"uid":"488cb476446333ef","name":"Local Storage","source":"488cb476446333ef.json","type":"application/json","size":548},{"uid":"2b6034c777cbdaed","name":"Full Page Screenshot","source":"2b6034c777cbdaed.png","type":"image/png","size":1357580},{"uid":"b62d2fa3c53cc875","name":"URL","source":"b62d2fa3c53cc875.uri","type":"text/uri-list","size":23},{"uid":"3b9e3f1e752b95e1","name":"Network Logs","source":"3b9e3f1e752b95e1.json","type":"application/json","size":59521}],"parameters":[],"shouldDisplayMessage":true,"stepsCount":2,"attachmentsCount":7,"hasContent":true,"attachmentStep":false},"afterStages":[{"name":"session_request::0","time":{"start":1750384542331,"stop":1750384542331,"duration":0},"status":"passed","steps":[],"attachments":[],"parameters":[],"shouldDisplayMessage":false,"stepsCount":0,"attachmentsCount":0,"hasContent":false,"attachmentStep":false}],"labels":[{"name":"parentSuite","value":"Custom parent suite"},{"name":"story","value":"Forgot Password Feature's Functionality"},{"name":"suite","value":"Custom suite"},{"name":"severity","value":"critical"},{"name":"subSuite","value":"Custom sub suite"},{"name":"epic","value":"Security"},{"name":"tag","value":"security"},{"name":"host","value":"fv-az1308-737"},{"name":"thread","value":"2071-MainThread"},{"name":"framework","value":"pytest"},{"name":"language","value":"cpython3"},{"name":"package","value":"tests.forgot_password_test"},{"name":"resultFormat","value":"allure2"}],"parameters":[],"links":[{"name":"TESTCASE-2","url":"https://github.com/allure-examples/allure-examples/issues/2","type":"tms"},{"name":"ISSUE-1","url":"https://github.com/allure-examples/allure-examples/issues/1","type":"issue"},{"name":"Allure Examples","url":"https://github.com/allure-examples/","type":"link"}],"hidden":false,"retry":false,"extra":{"severity":"critical","retries":[],"categories":[{"name":"Test defects","matchedStatuses":[],"flaky":false}],"history":{"statistic":{"failed":0,"broken":6,"skipped":0,"passed":0,"unknown":0,"total":6},"items":[{"uid":"7c10075fcc35bab1","reportUrl":"https://nirtal85.github.io/Selenium-Python-Example/689//#testresult/7c10075fcc35bab1","status":"broken","statusDetails":"selenium.common.exceptions.TimeoutException: Message: \nStacktrace:\n#0 0x5558fd6b353a <unknown>\n#1 0x5558fd1aef00 <unknown>\n#2 0x5558fd1fec0c <unknown>\n#3 0x5558fd1fee31 <unknown>\n#4 0x5558fd244bd4 <unknown>\n#5 0x5558fd2235cd <unknown>\n#6 0x5558fd241f84 <unknown>\n#7 0x5558fd223343 <unknown>\n#8 0x5558fd1f078a <unknown>\n#9 0x5558fd1f19de <unknown>\n#10 0x5558fd67d2cb <unknown>\n#11 0x5558fd681242 <unknown>\n#12 0x5558fd66a7ac <unknown>\n#13 0x5558fd681df7 <unknown>\n#14 0x5558fd64eb2f <unknown>\n#15 0x5558fd6a21a8 <unknown>\n#16 0x5558fd6a2370 <unknown>\n#17 0x5558fd6b23b6 <unknown>\n#18 0x7ffb8c49caa4 <unknown>\n#19 0x7ffb8c529c3c <unknown>","time":{"start":1750298177305,"stop":1750298187348,"duration":10043}},{"uid":"e55b2553a5f87f52","reportUrl":"https://nirtal85.github.io/Selenium-Python-Example/688//#testresult/e55b2553a5f87f52","status":"broken","statusDetails":"selenium.common.exceptions.TimeoutException: Message: \nStacktrace:\n#0 0x5581bc2f253a <unknown>\n#1 0x5581bbdedf00 <unknown>\n#2 0x5581bbe3dc0c <unknown>\n#3 0x5581bbe3de31 <unknown>\n#4 0x5581bbe83bd4 <unknown>\n#5 0x5581bbe625cd <unknown>\n#6 0x5581bbe80f84 <unknown>\n#7 0x5581bbe62343 <unknown>\n#8 0x5581bbe2f78a <unknown>\n#9 0x5581bbe309de <unknown>\n#10 0x5581bc2bc2cb <unknown>\n#11 0x5581bc2c0242 <unknown>\n#12 0x5581bc2a97ac <unknown>\n#13 0x5581bc2c0df7 <unknown>\n#14 0x5581bc28db2f <unknown>\n#15 0x5581bc2e11a8 <unknown>\n#16 0x5581bc2e1370 <unknown>\n#17 0x5581bc2f13b6 <unknown>\n#18 0x7f8860c9caa4 <unknown>\n#19 0x7f8860d29c3c <unknown>","time":{"start":1750211726509,"stop":1750211736582,"duration":10073}},{"uid":"382f8444aec8c961","reportUrl":"https://nirtal85.github.io/Selenium-Python-Example/687//#testresult/382f8444aec8c961","status":"broken","statusDetails":"selenium.common.exceptions.TimeoutException: Message: \nStacktrace:\n#0 0x5648fd1d753a <unknown>\n#1 0x5648fccd2f00 <unknown>\n#2 0x5648fcd22c0c <unknown>\n#3 0x5648fcd22e31 <unknown>\n#4 0x5648fcd68bd4 <unknown>\n#5 0x5648fcd475cd <unknown>\n#6 0x5648fcd65f84 <unknown>\n#7 0x5648fcd47343 <unknown>\n#8 0x5648fcd1478a <unknown>\n#9 0x5648fcd159de <unknown>\n#10 0x5648fd1a12cb <unknown>\n#11 0x5648fd1a5242 <unknown>\n#12 0x5648fd18e7ac <unknown>\n#13 0x5648fd1a5df7 <unknown>\n#14 0x5648fd172b2f <unknown>\n#15 0x5648fd1c61a8 <unknown>\n#16 0x5648fd1c6370 <unknown>\n#17 0x5648fd1d63b6 <unknown>\n#18 0x7f766889caa4 <unknown>\n#19 0x7f7668929c3c <unknown>","time":{"start":1750125375091,"stop":1750125385113,"duration":10022}},{"uid":"924475a326baae9a","reportUrl":"https://nirtal85.github.io/Selenium-Python-Example/686//#testresult/924475a326baae9a","status":"broken","statusDetails":"selenium.common.exceptions.TimeoutException: Message: \nStacktrace:\n#0 0x5625056ba53a <unknown>\n#1 0x5625051b5f00 <unknown>\n#2 0x562505205c0c <unknown>\n#3 0x562505205e31 <unknown>\n#4 0x56250524bbd4 <unknown>\n#5 0x56250522a5cd <unknown>\n#6 0x562505248f84 <unknown>\n#7 0x56250522a343 <unknown>\n#8 0x5625051f778a <unknown>\n#9 0x5625051f89de <unknown>\n#10 0x5625056842cb <unknown>\n#11 0x562505688242 <unknown>\n#12 0x5625056717ac <unknown>\n#13 0x562505688df7 <unknown>\n#14 0x562505655b2f <unknown>\n#15 0x5625056a91a8 <unknown>\n#16 0x5625056a9370 <unknown>\n#17 0x5625056b93b6 <unknown>\n#18 0x7f0bfb09caa4 <unknown>\n#19 0x7f0bfb129c3c <unknown>","time":{"start":1750039174291,"stop":1750039184403,"duration":10112}},{"uid":"559eaa9cd2f89c3a","reportUrl":"https://nirtal85.github.io/Selenium-Python-Example/685//#testresult/559eaa9cd2f89c3a","status":"broken","statusDetails":"selenium.common.exceptions.TimeoutException: Message: \nStacktrace:\n#0 0x55a9c0c9d53a <unknown>\n#1 0x55a9c0798f00 <unknown>\n#2 0x55a9c07e8c0c <unknown>\n#3 0x55a9c07e8e31 <unknown>\n#4 0x55a9c082ebd4 <unknown>\n#5 0x55a9c080d5cd <unknown>\n#6 0x55a9c082bf84 <unknown>\n#7 0x55a9c080d343 <unknown>\n#8 0x55a9c07da78a <unknown>\n#9 0x55a9c07db9de <unknown>\n#10 0x55a9c0c672cb <unknown>\n#11 0x55a9c0c6b242 <unknown>\n#12 0x55a9c0c547ac <unknown>\n#13 0x55a9c0c6bdf7 <unknown>\n#14 0x55a9c0c38b2f <unknown>\n#15 0x55a9c0c8c1a8 <unknown>\n#16 0x55a9c0c8c370 <unknown>\n#17 0x55a9c0c9c3b6 <unknown>\n#18 0x7f6a7929caa4 <unknown>\n#19 0x7f6a79329c3c <unknown>","time":{"start":1749953122204,"stop":1749953132292,"duration":10088}}]},"tags":["security"]},"source":"24862a16193991e7.json","parameterValues":[]}