{"uid":"4dcbc22dc1845e01","name":"Add project to workspace test","fullName":"tests.test_workspaces.TestWorkspaces#test_add_project_to_workspace","historyId":"fc6ee288c49142976b6c23b6071583ec","time":{"start":1687127695361,"stop":1687127695361,"duration":0},"description":"Selecting and adding a project to workspace","descriptionHtml":"<p>Selecting and adding a project to workspace</p>\n","status":"broken","statusMessage":"selenium.common.exceptions.TimeoutException: Message: \nStacktrace:\n#0 0x55607540c4e3 <unknown>\n#1 0x55607513bc76 <unknown>\n#2 0x556075177c96 <unknown>\n#3 0x556075177dc1 <unknown>\n#4 0x5560751b17f4 <unknown>\n#5 0x55607519703d <unknown>\n#6 0x5560751af30e <unknown>\n#7 0x556075196de3 <unknown>\n#8 0x55607516c2dd <unknown>\n#9 0x55607516d34e <unknown>\n#10 0x5560753cc3e4 <unknown>\n#11 0x5560753d03d7 <unknown>\n#12 0x5560753dab20 <unknown>\n#13 0x5560753d1023 <unknown>\n#14 0x55607539f1aa <unknown>\n#15 0x5560753f56b8 <unknown>\n#16 0x5560753f5847 <unknown>\n#17 0x556075405243 <unknown>\n#18 0x7fc676101b43 <unknown>","statusTrace":"self = <tests.test_workspaces.TestWorkspaces object at 0x7fba0c367ad0>\nrequest = <SubRequest 'setup_method_fixture' for <Function test_add_project_to_workspace>>\n\n    @pytest.fixture(autouse=True)\n    def setup_method_fixture(self, request):\n>       login(request, self.about_page, self.login_page)\n\ntests/test_workspaces.py:27: \n_ _ _ _ _ _ _ _ _ _ _ _ _ _ _ _ _ _ _ _ _ _ _ _ _ _ _ _ _ _ _ _ _ _ _ _ _ _ _ _ \ntests/test_workspaces.py:16: in login\n    about_page.click_login_link()\npages/about_page.py:19: in click_login_link\n    self.click(self.LOGIN_LINK)\npages/base_page.py:35: in click\n    el: WebElement = self.wait.until(expected_conditions.element_to_be_clickable(locator))\n_ _ _ _ _ _ _ _ _ _ _ _ _ _ _ _ _ _ _ _ _ _ _ _ _ _ _ _ _ _ _ _ _ _ _ _ _ _ _ _ \n\nself = <selenium.webdriver.support.wait.WebDriverWait (session=\"eaac0e26aaef274beae32a6e9ae67cc1\")>\nmethod = <function element_to_be_clickable.<locals>._predicate at 0x7fba0c0642c0>\nmessage = ''\n\n    def until(self, method, message: str = \"\"):\n        \"\"\"Calls the method provided with the driver as an argument until the \\\n        return value does not evaluate to ``False``.\n    \n        :param method: callable(WebDriver)\n        :param message: optional message for :exc:`TimeoutException`\n        :returns: the result of the last call to `method`\n        :raises: :exc:`selenium.common.exceptions.TimeoutException` if timeout occurs\n        \"\"\"\n        screen = None\n        stacktrace = None\n    \n        end_time = time.monotonic() + self._timeout\n        while True:\n            try:\n                value = method(self._driver)\n                if value:\n                    return value\n            except self._ignored_exceptions as exc:\n                screen = getattr(exc, \"screen\", None)\n                stacktrace = getattr(exc, \"stacktrace\", None)\n            time.sleep(self._poll)\n            if time.monotonic() > end_time:\n                break\n>       raise TimeoutException(message, screen, stacktrace)\nE       selenium.common.exceptions.TimeoutException: Message: \nE       Stacktrace:\nE       #0 0x55607540c4e3 <unknown>\nE       #1 0x55607513bc76 <unknown>\nE       #2 0x556075177c96 <unknown>\nE       #3 0x556075177dc1 <unknown>\nE       #4 0x5560751b17f4 <unknown>\nE       #5 0x55607519703d <unknown>\nE       #6 0x5560751af30e <unknown>\nE       #7 0x556075196de3 <unknown>\nE       #8 0x55607516c2dd <unknown>\nE       #9 0x55607516d34e <unknown>\nE       #10 0x5560753cc3e4 <unknown>\nE       #11 0x5560753d03d7 <unknown>\nE       #12 0x5560753dab20 <unknown>\nE       #13 0x5560753d1023 <unknown>\nE       #14 0x55607539f1aa <unknown>\nE       #15 0x5560753f56b8 <unknown>\nE       #16 0x5560753f5847 <unknown>\nE       #17 0x556075405243 <unknown>\nE       #18 0x7fc676101b43 <unknown>\n\n.venv/lib/python3.11/site-packages/selenium/webdriver/support/wait.py:95: TimeoutException","flaky":false,"newFailed":false,"newBroken":false,"newPassed":false,"retriesCount":0,"retriesStatusChange":false,"beforeStages":[{"name":"json_data","time":{"start":1687127581243,"stop":1687127581243,"duration":0},"status":"passed","steps":[],"attachments":[],"parameters":[],"stepsCount":0,"attachmentsCount":0,"shouldDisplayMessage":false,"hasContent":false},{"name":"setup_method_fixture","time":{"start":1687127697135,"stop":1687127707388,"duration":10253},"status":"broken","statusMessage":"selenium.common.exceptions.TimeoutException: Message: \nStacktrace:\n#0 0x55607540c4e3 <unknown>\n#1 0x55607513bc76 <unknown>\n#2 0x556075177c96 <unknown>\n#3 0x556075177dc1 <unknown>\n#4 0x5560751b17f4 <unknown>\n#5 0x55607519703d <unknown>\n#6 0x5560751af30e <unknown>\n#7 0x556075196de3 <unknown>\n#8 0x55607516c2dd <unknown>\n#9 0x55607516d34e <unknown>\n#10 0x5560753cc3e4 <unknown>\n#11 0x5560753d03d7 <unknown>\n#12 0x5560753dab20 <unknown>\n#13 0x5560753d1023 <unknown>\n#14 0x55607539f1aa <unknown>\n#15 0x5560753f56b8 <unknown>\n#16 0x5560753f5847 <unknown>\n#17 0x556075405243 <unknown>\n#18 0x7fc676101b43 <unknown>\n\n","statusTrace":"  File \"/home/runner/work/Selenium-Python-Example/Selenium-Python-Example/.venv/lib/python3.11/site-packages/pluggy/_callers.py\", line 39, in _multicall\n    res = hook_impl.function(*args)\n          ^^^^^^^^^^^^^^^^^^^^^^^^^\n  File \"/home/runner/work/Selenium-Python-Example/Selenium-Python-Example/.venv/lib/python3.11/site-packages/_pytest/fixtures.py\", line 1130, in pytest_fixture_setup\n    result = call_fixture_func(fixturefunc, request, kwargs)\n             ^^^^^^^^^^^^^^^^^^^^^^^^^^^^^^^^^^^^^^^^^^^^^^^\n  File \"/home/runner/work/Selenium-Python-Example/Selenium-Python-Example/.venv/lib/python3.11/site-packages/_pytest/fixtures.py\", line 909, in call_fixture_func\n    fixture_result = fixturefunc(**kwargs)\n                     ^^^^^^^^^^^^^^^^^^^^^\n  File \"/home/runner/work/Selenium-Python-Example/Selenium-Python-Example/tests/test_workspaces.py\", line 27, in setup_method_fixture\n    login(request, self.about_page, self.login_page)\n  File \"/home/runner/work/Selenium-Python-Example/Selenium-Python-Example/tests/test_workspaces.py\", line 16, in login\n    about_page.click_login_link()\n  File \"/home/runner/work/Selenium-Python-Example/Selenium-Python-Example/.venv/lib/python3.11/site-packages/allure_commons/_allure.py\", line 192, in impl\n    return func(*a, **kw)\n           ^^^^^^^^^^^^^^\n  File \"/home/runner/work/Selenium-Python-Example/Selenium-Python-Example/pages/about_page.py\", line 19, in click_login_link\n    self.click(self.LOGIN_LINK)\n  File \"/home/runner/work/Selenium-Python-Example/Selenium-Python-Example/pages/base_page.py\", line 35, in click\n    el: WebElement = self.wait.until(expected_conditions.element_to_be_clickable(locator))\n                     ^^^^^^^^^^^^^^^^^^^^^^^^^^^^^^^^^^^^^^^^^^^^^^^^^^^^^^^^^^^^^^^^^^^^^\n  File \"/home/runner/work/Selenium-Python-Example/Selenium-Python-Example/.venv/lib/python3.11/site-packages/selenium/webdriver/support/wait.py\", line 95, in until\n    raise TimeoutException(message, screen, stacktrace)\n","steps":[{"name":"Click Login link","time":{"start":1687127697135,"stop":1687127707388,"duration":10253},"status":"broken","statusMessage":"selenium.common.exceptions.TimeoutException: Message: \nStacktrace:\n#0 0x55607540c4e3 <unknown>\n#1 0x55607513bc76 <unknown>\n#2 0x556075177c96 <unknown>\n#3 0x556075177dc1 <unknown>\n#4 0x5560751b17f4 <unknown>\n#5 0x55607519703d <unknown>\n#6 0x5560751af30e <unknown>\n#7 0x556075196de3 <unknown>\n#8 0x55607516c2dd <unknown>\n#9 0x55607516d34e <unknown>\n#10 0x5560753cc3e4 <unknown>\n#11 0x5560753d03d7 <unknown>\n#12 0x5560753dab20 <unknown>\n#13 0x5560753d1023 <unknown>\n#14 0x55607539f1aa <unknown>\n#15 0x5560753f56b8 <unknown>\n#16 0x5560753f5847 <unknown>\n#17 0x556075405243 <unknown>\n#18 0x7fc676101b43 <unknown>\n\n","statusTrace":"  File \"/home/runner/work/Selenium-Python-Example/Selenium-Python-Example/.venv/lib/python3.11/site-packages/allure_commons/_allure.py\", line 192, in impl\n    return func(*a, **kw)\n           ^^^^^^^^^^^^^^\n  File \"/home/runner/work/Selenium-Python-Example/Selenium-Python-Example/pages/about_page.py\", line 19, in click_login_link\n    self.click(self.LOGIN_LINK)\n  File \"/home/runner/work/Selenium-Python-Example/Selenium-Python-Example/pages/base_page.py\", line 35, in click\n    el: WebElement = self.wait.until(expected_conditions.element_to_be_clickable(locator))\n                     ^^^^^^^^^^^^^^^^^^^^^^^^^^^^^^^^^^^^^^^^^^^^^^^^^^^^^^^^^^^^^^^^^^^^^\n  File \"/home/runner/work/Selenium-Python-Example/Selenium-Python-Example/.venv/lib/python3.11/site-packages/selenium/webdriver/support/wait.py\", line 95, in until\n    raise TimeoutException(message, screen, stacktrace)\n","steps":[],"attachments":[],"parameters":[],"stepsCount":0,"attachmentsCount":0,"shouldDisplayMessage":true,"hasContent":true}],"attachments":[],"parameters":[],"stepsCount":1,"attachmentsCount":0,"shouldDisplayMessage":false,"hasContent":true}],"testStage":{"description":"Selecting and adding a project to workspace","status":"broken","statusMessage":"selenium.common.exceptions.TimeoutException: Message: \nStacktrace:\n#0 0x55607540c4e3 <unknown>\n#1 0x55607513bc76 <unknown>\n#2 0x556075177c96 <unknown>\n#3 0x556075177dc1 <unknown>\n#4 0x5560751b17f4 <unknown>\n#5 0x55607519703d <unknown>\n#6 0x5560751af30e <unknown>\n#7 0x556075196de3 <unknown>\n#8 0x55607516c2dd <unknown>\n#9 0x55607516d34e <unknown>\n#10 0x5560753cc3e4 <unknown>\n#11 0x5560753d03d7 <unknown>\n#12 0x5560753dab20 <unknown>\n#13 0x5560753d1023 <unknown>\n#14 0x55607539f1aa <unknown>\n#15 0x5560753f56b8 <unknown>\n#16 0x5560753f5847 <unknown>\n#17 0x556075405243 <unknown>\n#18 0x7fc676101b43 <unknown>","statusTrace":"self = <tests.test_workspaces.TestWorkspaces object at 0x7fba0c367ad0>\nrequest = <SubRequest 'setup_method_fixture' for <Function test_add_project_to_workspace>>\n\n    @pytest.fixture(autouse=True)\n    def setup_method_fixture(self, request):\n>       login(request, self.about_page, self.login_page)\n\ntests/test_workspaces.py:27: \n_ _ _ _ _ _ _ _ _ _ _ _ _ _ _ _ _ _ _ _ _ _ _ _ _ _ _ _ _ _ _ _ _ _ _ _ _ _ _ _ \ntests/test_workspaces.py:16: in login\n    about_page.click_login_link()\npages/about_page.py:19: in click_login_link\n    self.click(self.LOGIN_LINK)\npages/base_page.py:35: in click\n    el: WebElement = self.wait.until(expected_conditions.element_to_be_clickable(locator))\n_ _ _ _ _ _ _ _ _ _ _ _ _ _ _ _ _ _ _ _ _ _ _ _ _ _ _ _ _ _ _ _ _ _ _ _ _ _ _ _ \n\nself = <selenium.webdriver.support.wait.WebDriverWait (session=\"eaac0e26aaef274beae32a6e9ae67cc1\")>\nmethod = <function element_to_be_clickable.<locals>._predicate at 0x7fba0c0642c0>\nmessage = ''\n\n    def until(self, method, message: str = \"\"):\n        \"\"\"Calls the method provided with the driver as an argument until the \\\n        return value does not evaluate to ``False``.\n    \n        :param method: callable(WebDriver)\n        :param message: optional message for :exc:`TimeoutException`\n        :returns: the result of the last call to `method`\n        :raises: :exc:`selenium.common.exceptions.TimeoutException` if timeout occurs\n        \"\"\"\n        screen = None\n        stacktrace = None\n    \n        end_time = time.monotonic() + self._timeout\n        while True:\n            try:\n                value = method(self._driver)\n                if value:\n                    return value\n            except self._ignored_exceptions as exc:\n                screen = getattr(exc, \"screen\", None)\n                stacktrace = getattr(exc, \"stacktrace\", None)\n            time.sleep(self._poll)\n            if time.monotonic() > end_time:\n                break\n>       raise TimeoutException(message, screen, stacktrace)\nE       selenium.common.exceptions.TimeoutException: Message: \nE       Stacktrace:\nE       #0 0x55607540c4e3 <unknown>\nE       #1 0x55607513bc76 <unknown>\nE       #2 0x556075177c96 <unknown>\nE       #3 0x556075177dc1 <unknown>\nE       #4 0x5560751b17f4 <unknown>\nE       #5 0x55607519703d <unknown>\nE       #6 0x5560751af30e <unknown>\nE       #7 0x556075196de3 <unknown>\nE       #8 0x55607516c2dd <unknown>\nE       #9 0x55607516d34e <unknown>\nE       #10 0x5560753cc3e4 <unknown>\nE       #11 0x5560753d03d7 <unknown>\nE       #12 0x5560753dab20 <unknown>\nE       #13 0x5560753d1023 <unknown>\nE       #14 0x55607539f1aa <unknown>\nE       #15 0x5560753f56b8 <unknown>\nE       #16 0x5560753f5847 <unknown>\nE       #17 0x556075405243 <unknown>\nE       #18 0x7fc676101b43 <unknown>\n\n.venv/lib/python3.11/site-packages/selenium/webdriver/support/wait.py:95: TimeoutException","steps":[],"attachments":[{"uid":"6803297fa2e7d257","name":"Full Page Screenshot","source":"6803297fa2e7d257.png","type":"image/png","size":2690007},{"uid":"b9f28296bbef293a","name":"URL","source":"b9f28296bbef293a.uri","type":"text/uri-list","size":23},{"uid":"19475024df535796","name":"public ip address","source":"19475024df535796.txt","type":"text/plain","size":13},{"uid":"40dacc5f275e8ac1","name":"Cookies","source":"40dacc5f275e8ac1.json","type":"application/json","size":2738},{"uid":"fab92c96fe54120","name":"Session Storage","source":"fab92c96fe54120.json","type":"application/json","size":2},{"uid":"342532b3a428c48e","name":"Local Storage","source":"342532b3a428c48e.json","type":"application/json","size":208},{"uid":"b66d1a03c4b63f8a","name":"Console Logs","source":"b66d1a03c4b63f8a.json","type":"application/json","size":2},{"uid":"a836415c7270efe1","name":"Network Logs","source":"a836415c7270efe1.json","type":"application/json","size":47487}],"parameters":[],"stepsCount":0,"attachmentsCount":8,"shouldDisplayMessage":true,"hasContent":true},"afterStages":[],"labels":[{"name":"epic","value":"Workspaces"},{"name":"severity","value":"normal"},{"name":"story","value":"WorkSpaces Creation and Editing Functionality"},{"name":"tag","value":"run(order=5)"},{"name":"parentSuite","value":"tests"},{"name":"suite","value":"test_workspaces"},{"name":"subSuite","value":"TestWorkspaces"},{"name":"host","value":"fv-az810-630"},{"name":"thread","value":"2398-MainThread"},{"name":"framework","value":"pytest"},{"name":"language","value":"cpython3"},{"name":"package","value":"tests.test_workspaces"},{"name":"resultFormat","value":"allure2"}],"parameters":[],"links":[],"hidden":false,"retry":false,"extra":{"severity":"normal","retries":[],"categories":[{"name":"Test defects","matchedStatuses":[],"flaky":false}],"tags":["run(order=5)"]},"source":"4dcbc22dc1845e01.json","parameterValues":[]}