{"uid":"66a0ab21040cc472","name":"Forgot Password with valid email test","fullName":"tests.forgot_password_test.TestForgotPassword#test_valid_email","historyId":"d6dde1715fb973c93e423cd6a34e3dff","time":{"start":1727055406775,"stop":1727055417104,"duration":10329},"description":"Forgot password with a valid email address","descriptionHtml":"<p>Forgot password with a valid email address</p>\n","status":"broken","statusMessage":"selenium.common.exceptions.TimeoutException: Message: \nStacktrace:\n#0 0x564c1ba6b2da <unknown>\n#1 0x564c1b739200 <unknown>\n#2 0x564c1b788aa2 <unknown>\n#3 0x564c1b788d41 <unknown>\n#4 0x564c1b7ce964 <unknown>\n#5 0x564c1b7ad8fd <unknown>\n#6 0x564c1b7cbdfd <unknown>\n#7 0x564c1b7ad673 <unknown>\n#8 0x564c1b77b473 <unknown>\n#9 0x564c1b77c47e <unknown>\n#10 0x564c1ba320db <unknown>\n#11 0x564c1ba36071 <unknown>\n#12 0x564c1ba1e9d5 <unknown>\n#13 0x564c1ba36bf2 <unknown>\n#14 0x564c1ba03b6f <unknown>\n#15 0x564c1ba5a248 <unknown>\n#16 0x564c1ba5a417 <unknown>\n#17 0x564c1ba6a0cc <unknown>\n#18 0x7f70b5694ac3 <unknown>","statusTrace":"self = <tests.forgot_password_test.TestForgotPassword object at 0x7f251ee79fa0>\ndata = Data(forgot_password=ForgotPassword(error_message=\"We can't find a user with that e-mail address.\", success_message='A...ct='Non Existing', page_title='My Workspace', project_name='test project', project_type='quiz', template_type='Blank'))\n\n    @allure.description(\"Forgot password with a valid email address\")\n    @allure.title(\"Forgot Password with valid email test\")\n    def test_valid_email(self, data: Data):\n>       self.about_page.click_login_link()\n\ntests/forgot_password_test.py:22: \n_ _ _ _ _ _ _ _ _ _ _ _ _ _ _ _ _ _ _ _ _ _ _ _ _ _ _ _ _ _ _ _ _ _ _ _ _ _ _ _ \npages/about_page.py:20: in click_login_link\n    self.click(self.LOGIN_LINK)\npages/base_page.py:60: in click\n    el: WebElement = self.wait.until(\n_ _ _ _ _ _ _ _ _ _ _ _ _ _ _ _ _ _ _ _ _ _ _ _ _ _ _ _ _ _ _ _ _ _ _ _ _ _ _ _ \n\nself = <selenium.webdriver.support.wait.WebDriverWait (session=\"78c0bb96a02b14d8ce83ca79c8fc9210\")>\nmethod = <function element_to_be_clickable.<locals>._predicate at 0x7f251fd27560>\nmessage = ''\n\n    def until(self, method: Callable[[D], Union[Literal[False], T]], message: str = \"\") -> T:\n        \"\"\"Calls the method provided with the driver as an argument until the \\\n        return value does not evaluate to ``False``.\n    \n        :param method: callable(WebDriver)\n        :param message: optional message for :exc:`TimeoutException`\n        :returns: the result of the last call to `method`\n        :raises: :exc:`selenium.common.exceptions.TimeoutException` if timeout occurs\n        \"\"\"\n        screen = None\n        stacktrace = None\n    \n        end_time = time.monotonic() + self._timeout\n        while True:\n            try:\n                value = method(self._driver)\n                if value:\n                    return value\n            except self._ignored_exceptions as exc:\n                screen = getattr(exc, \"screen\", None)\n                stacktrace = getattr(exc, \"stacktrace\", None)\n            time.sleep(self._poll)\n            if time.monotonic() > end_time:\n                break\n>       raise TimeoutException(message, screen, stacktrace)\nE       selenium.common.exceptions.TimeoutException: Message: \nE       Stacktrace:\nE       #0 0x564c1ba6b2da <unknown>\nE       #1 0x564c1b739200 <unknown>\nE       #2 0x564c1b788aa2 <unknown>\nE       #3 0x564c1b788d41 <unknown>\nE       #4 0x564c1b7ce964 <unknown>\nE       #5 0x564c1b7ad8fd <unknown>\nE       #6 0x564c1b7cbdfd <unknown>\nE       #7 0x564c1b7ad673 <unknown>\nE       #8 0x564c1b77b473 <unknown>\nE       #9 0x564c1b77c47e <unknown>\nE       #10 0x564c1ba320db <unknown>\nE       #11 0x564c1ba36071 <unknown>\nE       #12 0x564c1ba1e9d5 <unknown>\nE       #13 0x564c1ba36bf2 <unknown>\nE       #14 0x564c1ba03b6f <unknown>\nE       #15 0x564c1ba5a248 <unknown>\nE       #16 0x564c1ba5a417 <unknown>\nE       #17 0x564c1ba6a0cc <unknown>\nE       #18 0x7f70b5694ac3 <unknown>\n\n.venv/lib/python3.12/site-packages/selenium/webdriver/support/wait.py:105: TimeoutException","flaky":false,"newFailed":false,"newBroken":false,"newPassed":false,"retriesCount":0,"retriesStatusChange":false,"beforeStages":[],"testStage":{"description":"Forgot password with a valid email address","status":"broken","statusMessage":"selenium.common.exceptions.TimeoutException: Message: \nStacktrace:\n#0 0x564c1ba6b2da <unknown>\n#1 0x564c1b739200 <unknown>\n#2 0x564c1b788aa2 <unknown>\n#3 0x564c1b788d41 <unknown>\n#4 0x564c1b7ce964 <unknown>\n#5 0x564c1b7ad8fd <unknown>\n#6 0x564c1b7cbdfd <unknown>\n#7 0x564c1b7ad673 <unknown>\n#8 0x564c1b77b473 <unknown>\n#9 0x564c1b77c47e <unknown>\n#10 0x564c1ba320db <unknown>\n#11 0x564c1ba36071 <unknown>\n#12 0x564c1ba1e9d5 <unknown>\n#13 0x564c1ba36bf2 <unknown>\n#14 0x564c1ba03b6f <unknown>\n#15 0x564c1ba5a248 <unknown>\n#16 0x564c1ba5a417 <unknown>\n#17 0x564c1ba6a0cc <unknown>\n#18 0x7f70b5694ac3 <unknown>","statusTrace":"self = <tests.forgot_password_test.TestForgotPassword object at 0x7f251ee79fa0>\ndata = Data(forgot_password=ForgotPassword(error_message=\"We can't find a user with that e-mail address.\", success_message='A...ct='Non Existing', page_title='My Workspace', project_name='test project', project_type='quiz', template_type='Blank'))\n\n    @allure.description(\"Forgot password with a valid email address\")\n    @allure.title(\"Forgot Password with valid email test\")\n    def test_valid_email(self, data: Data):\n>       self.about_page.click_login_link()\n\ntests/forgot_password_test.py:22: \n_ _ _ _ _ _ _ _ _ _ _ _ _ _ _ _ _ _ _ _ _ _ _ _ _ _ _ _ _ _ _ _ _ _ _ _ _ _ _ _ \npages/about_page.py:20: in click_login_link\n    self.click(self.LOGIN_LINK)\npages/base_page.py:60: in click\n    el: WebElement = self.wait.until(\n_ _ _ _ _ _ _ _ _ _ _ _ _ _ _ _ _ _ _ _ _ _ _ _ _ _ _ _ _ _ _ _ _ _ _ _ _ _ _ _ \n\nself = <selenium.webdriver.support.wait.WebDriverWait (session=\"78c0bb96a02b14d8ce83ca79c8fc9210\")>\nmethod = <function element_to_be_clickable.<locals>._predicate at 0x7f251fd27560>\nmessage = ''\n\n    def until(self, method: Callable[[D], Union[Literal[False], T]], message: str = \"\") -> T:\n        \"\"\"Calls the method provided with the driver as an argument until the \\\n        return value does not evaluate to ``False``.\n    \n        :param method: callable(WebDriver)\n        :param message: optional message for :exc:`TimeoutException`\n        :returns: the result of the last call to `method`\n        :raises: :exc:`selenium.common.exceptions.TimeoutException` if timeout occurs\n        \"\"\"\n        screen = None\n        stacktrace = None\n    \n        end_time = time.monotonic() + self._timeout\n        while True:\n            try:\n                value = method(self._driver)\n                if value:\n                    return value\n            except self._ignored_exceptions as exc:\n                screen = getattr(exc, \"screen\", None)\n                stacktrace = getattr(exc, \"stacktrace\", None)\n            time.sleep(self._poll)\n            if time.monotonic() > end_time:\n                break\n>       raise TimeoutException(message, screen, stacktrace)\nE       selenium.common.exceptions.TimeoutException: Message: \nE       Stacktrace:\nE       #0 0x564c1ba6b2da <unknown>\nE       #1 0x564c1b739200 <unknown>\nE       #2 0x564c1b788aa2 <unknown>\nE       #3 0x564c1b788d41 <unknown>\nE       #4 0x564c1b7ce964 <unknown>\nE       #5 0x564c1b7ad8fd <unknown>\nE       #6 0x564c1b7cbdfd <unknown>\nE       #7 0x564c1b7ad673 <unknown>\nE       #8 0x564c1b77b473 <unknown>\nE       #9 0x564c1b77c47e <unknown>\nE       #10 0x564c1ba320db <unknown>\nE       #11 0x564c1ba36071 <unknown>\nE       #12 0x564c1ba1e9d5 <unknown>\nE       #13 0x564c1ba36bf2 <unknown>\nE       #14 0x564c1ba03b6f <unknown>\nE       #15 0x564c1ba5a248 <unknown>\nE       #16 0x564c1ba5a417 <unknown>\nE       #17 0x564c1ba6a0cc <unknown>\nE       #18 0x7f70b5694ac3 <unknown>\n\n.venv/lib/python3.12/site-packages/selenium/webdriver/support/wait.py:105: TimeoutException","steps":[{"name":"Click Login link","time":{"start":1727055406775,"stop":1727055417103,"duration":10328},"status":"broken","statusMessage":"selenium.common.exceptions.TimeoutException: Message: \nStacktrace:\n#0 0x564c1ba6b2da <unknown>\n#1 0x564c1b739200 <unknown>\n#2 0x564c1b788aa2 <unknown>\n#3 0x564c1b788d41 <unknown>\n#4 0x564c1b7ce964 <unknown>\n#5 0x564c1b7ad8fd <unknown>\n#6 0x564c1b7cbdfd <unknown>\n#7 0x564c1b7ad673 <unknown>\n#8 0x564c1b77b473 <unknown>\n#9 0x564c1b77c47e <unknown>\n#10 0x564c1ba320db <unknown>\n#11 0x564c1ba36071 <unknown>\n#12 0x564c1ba1e9d5 <unknown>\n#13 0x564c1ba36bf2 <unknown>\n#14 0x564c1ba03b6f <unknown>\n#15 0x564c1ba5a248 <unknown>\n#16 0x564c1ba5a417 <unknown>\n#17 0x564c1ba6a0cc <unknown>\n#18 0x7f70b5694ac3 <unknown>\n\n","statusTrace":"  File \"/home/runner/work/Selenium-Python-Example/Selenium-Python-Example/.venv/lib/python3.12/site-packages/allure_commons/_allure.py\", line 192, in impl\n    return func(*a, **kw)\n           ^^^^^^^^^^^^^^\n  File \"/home/runner/work/Selenium-Python-Example/Selenium-Python-Example/pages/about_page.py\", line 20, in click_login_link\n    self.click(self.LOGIN_LINK)\n  File \"/home/runner/work/Selenium-Python-Example/Selenium-Python-Example/pages/base_page.py\", line 60, in click\n    el: WebElement = self.wait.until(\n                     ^^^^^^^^^^^^^^^^\n  File \"/home/runner/work/Selenium-Python-Example/Selenium-Python-Example/.venv/lib/python3.12/site-packages/selenium/webdriver/support/wait.py\", line 105, in until\n    raise TimeoutException(message, screen, stacktrace)\n","steps":[],"attachments":[],"parameters":[],"shouldDisplayMessage":true,"stepsCount":0,"attachmentsCount":0,"hasContent":true,"attachmentStep":false},{"name":"public ip address","time":{"start":1727055417156,"stop":1727055417282,"duration":126},"status":"passed","steps":[],"attachments":[{"uid":"dd0a3353babb23","name":"HTTP logs of http://checkip.amazonaws.com/","source":"dd0a3353babb23.txt","type":"text/plain","size":359}],"parameters":[],"shouldDisplayMessage":false,"stepsCount":0,"attachmentsCount":1,"hasContent":true,"attachmentStep":false}],"attachments":[{"uid":"9ff0bf392f2c3a7c","name":"Cookies","source":"9ff0bf392f2c3a7c.json","type":"application/json","size":3587},{"uid":"3a165491d10a7bb5","name":"Session Storage","source":"3a165491d10a7bb5.json","type":"application/json","size":359},{"uid":"4ede06699dd86359","name":"Local Storage","source":"4ede06699dd86359.json","type":"application/json","size":350},{"uid":"f747838a0947d30c","name":"Console Logs","source":"f747838a0947d30c.json","type":"application/json","size":236},{"uid":"15b043b02814b17d","name":"Full Page Screenshot","source":"15b043b02814b17d.png","type":"image/png","size":4643828},{"uid":"8a9a6ca96ad25101","name":"URL","source":"8a9a6ca96ad25101.uri","type":"text/uri-list","size":23},{"uid":"641ed11385c3a9c4","name":"Network Logs","source":"641ed11385c3a9c4.json","type":"application/json","size":66420}],"parameters":[],"shouldDisplayMessage":true,"stepsCount":2,"attachmentsCount":8,"hasContent":true,"attachmentStep":false},"afterStages":[],"labels":[{"name":"epic","value":"Security"},{"name":"parentSuite","value":"Custom parent suite"},{"name":"suite","value":"Custom suite"},{"name":"severity","value":"critical"},{"name":"story","value":"Forgot Password Feature's Functionality"},{"name":"subSuite","value":"Custom sub suite"},{"name":"tag","value":"security"},{"name":"host","value":"fv-az1490-494"},{"name":"thread","value":"1884-MainThread"},{"name":"framework","value":"pytest"},{"name":"language","value":"cpython3"},{"name":"package","value":"tests.forgot_password_test"},{"name":"resultFormat","value":"allure2"}],"parameters":[],"links":[],"hidden":false,"retry":false,"extra":{"severity":"critical","retries":[],"categories":[{"name":"Test defects","matchedStatuses":[],"flaky":false}],"tags":["security"]},"source":"66a0ab21040cc472.json","parameterValues":[]}