{"uid":"7e7318bde570f398","name":"Exception test","fullName":"tests.test_forgot_password.TestForgotPassword#test_expected_exception_on_page_title","historyId":"cf4fc082d0d58c4cc0a6263c56ab7f00","time":{"start":1688754001942,"stop":1688754012237,"duration":10295},"description":"Exception catching","descriptionHtml":"<p>Exception catching</p>\n","status":"broken","statusMessage":"selenium.common.exceptions.TimeoutException: Message: \nStacktrace:\n#0 0x5620b8a434e3 <unknown>\n#1 0x5620b8772c76 <unknown>\n#2 0x5620b87aec96 <unknown>\n#3 0x5620b87aedc1 <unknown>\n#4 0x5620b87e87f4 <unknown>\n#5 0x5620b87ce03d <unknown>\n#6 0x5620b87e630e <unknown>\n#7 0x5620b87cdde3 <unknown>\n#8 0x5620b87a32dd <unknown>\n#9 0x5620b87a434e <unknown>\n#10 0x5620b8a033e4 <unknown>\n#11 0x5620b8a073d7 <unknown>\n#12 0x5620b8a11b20 <unknown>\n#13 0x5620b8a08023 <unknown>\n#14 0x5620b89d61aa <unknown>\n#15 0x5620b8a2c6b8 <unknown>\n#16 0x5620b8a2c847 <unknown>\n#17 0x5620b8a3c243 <unknown>\n#18 0x7fac4c21fb43 <unknown>","statusTrace":"self = <tests.test_forgot_password.TestForgotPassword object at 0x7f19a9e053d0>\n\n    @allure.description(\"Exception catching\")\n    @allure.title(\"Exception test\")\n    def test_expected_exception_on_page_title(self):\n>       self.about_page.click_login_link()\n\ntests/test_forgot_password.py:38: \n_ _ _ _ _ _ _ _ _ _ _ _ _ _ _ _ _ _ _ _ _ _ _ _ _ _ _ _ _ _ _ _ _ _ _ _ _ _ _ _ \npages/about_page.py:19: in click_login_link\n    self.click(self.LOGIN_LINK)\npages/base_page.py:34: in click\n    el: WebElement = self.wait.until(expected_conditions.element_to_be_clickable(locator))\n_ _ _ _ _ _ _ _ _ _ _ _ _ _ _ _ _ _ _ _ _ _ _ _ _ _ _ _ _ _ _ _ _ _ _ _ _ _ _ _ \n\nself = <selenium.webdriver.support.wait.WebDriverWait (session=\"f5d379bcebf83372cf74179ffaba8ae0\")>\nmethod = <function element_to_be_clickable.<locals>._predicate at 0x7f19a9a38fe0>\nmessage = ''\n\n    def until(self, method, message: str = \"\"):\n        \"\"\"Calls the method provided with the driver as an argument until the \\\n        return value does not evaluate to ``False``.\n    \n        :param method: callable(WebDriver)\n        :param message: optional message for :exc:`TimeoutException`\n        :returns: the result of the last call to `method`\n        :raises: :exc:`selenium.common.exceptions.TimeoutException` if timeout occurs\n        \"\"\"\n        screen = None\n        stacktrace = None\n    \n        end_time = time.monotonic() + self._timeout\n        while True:\n            try:\n                value = method(self._driver)\n                if value:\n                    return value\n            except self._ignored_exceptions as exc:\n                screen = getattr(exc, \"screen\", None)\n                stacktrace = getattr(exc, \"stacktrace\", None)\n            time.sleep(self._poll)\n            if time.monotonic() > end_time:\n                break\n>       raise TimeoutException(message, screen, stacktrace)\nE       selenium.common.exceptions.TimeoutException: Message: \nE       Stacktrace:\nE       #0 0x5620b8a434e3 <unknown>\nE       #1 0x5620b8772c76 <unknown>\nE       #2 0x5620b87aec96 <unknown>\nE       #3 0x5620b87aedc1 <unknown>\nE       #4 0x5620b87e87f4 <unknown>\nE       #5 0x5620b87ce03d <unknown>\nE       #6 0x5620b87e630e <unknown>\nE       #7 0x5620b87cdde3 <unknown>\nE       #8 0x5620b87a32dd <unknown>\nE       #9 0x5620b87a434e <unknown>\nE       #10 0x5620b8a033e4 <unknown>\nE       #11 0x5620b8a073d7 <unknown>\nE       #12 0x5620b8a11b20 <unknown>\nE       #13 0x5620b8a08023 <unknown>\nE       #14 0x5620b89d61aa <unknown>\nE       #15 0x5620b8a2c6b8 <unknown>\nE       #16 0x5620b8a2c847 <unknown>\nE       #17 0x5620b8a3c243 <unknown>\nE       #18 0x7fac4c21fb43 <unknown>\n\n.venv/lib/python3.11/site-packages/selenium/webdriver/support/wait.py:95: TimeoutException","flaky":false,"newFailed":false,"newBroken":false,"newPassed":false,"retriesCount":0,"retriesStatusChange":false,"beforeStages":[],"testStage":{"description":"Exception catching","status":"broken","statusMessage":"selenium.common.exceptions.TimeoutException: Message: \nStacktrace:\n#0 0x5620b8a434e3 <unknown>\n#1 0x5620b8772c76 <unknown>\n#2 0x5620b87aec96 <unknown>\n#3 0x5620b87aedc1 <unknown>\n#4 0x5620b87e87f4 <unknown>\n#5 0x5620b87ce03d <unknown>\n#6 0x5620b87e630e <unknown>\n#7 0x5620b87cdde3 <unknown>\n#8 0x5620b87a32dd <unknown>\n#9 0x5620b87a434e <unknown>\n#10 0x5620b8a033e4 <unknown>\n#11 0x5620b8a073d7 <unknown>\n#12 0x5620b8a11b20 <unknown>\n#13 0x5620b8a08023 <unknown>\n#14 0x5620b89d61aa <unknown>\n#15 0x5620b8a2c6b8 <unknown>\n#16 0x5620b8a2c847 <unknown>\n#17 0x5620b8a3c243 <unknown>\n#18 0x7fac4c21fb43 <unknown>","statusTrace":"self = <tests.test_forgot_password.TestForgotPassword object at 0x7f19a9e053d0>\n\n    @allure.description(\"Exception catching\")\n    @allure.title(\"Exception test\")\n    def test_expected_exception_on_page_title(self):\n>       self.about_page.click_login_link()\n\ntests/test_forgot_password.py:38: \n_ _ _ _ _ _ _ _ _ _ _ _ _ _ _ _ _ _ _ _ _ _ _ _ _ _ _ _ _ _ _ _ _ _ _ _ _ _ _ _ \npages/about_page.py:19: in click_login_link\n    self.click(self.LOGIN_LINK)\npages/base_page.py:34: in click\n    el: WebElement = self.wait.until(expected_conditions.element_to_be_clickable(locator))\n_ _ _ _ _ _ _ _ _ _ _ _ _ _ _ _ _ _ _ _ _ _ _ _ _ _ _ _ _ _ _ _ _ _ _ _ _ _ _ _ \n\nself = <selenium.webdriver.support.wait.WebDriverWait (session=\"f5d379bcebf83372cf74179ffaba8ae0\")>\nmethod = <function element_to_be_clickable.<locals>._predicate at 0x7f19a9a38fe0>\nmessage = ''\n\n    def until(self, method, message: str = \"\"):\n        \"\"\"Calls the method provided with the driver as an argument until the \\\n        return value does not evaluate to ``False``.\n    \n        :param method: callable(WebDriver)\n        :param message: optional message for :exc:`TimeoutException`\n        :returns: the result of the last call to `method`\n        :raises: :exc:`selenium.common.exceptions.TimeoutException` if timeout occurs\n        \"\"\"\n        screen = None\n        stacktrace = None\n    \n        end_time = time.monotonic() + self._timeout\n        while True:\n            try:\n                value = method(self._driver)\n                if value:\n                    return value\n            except self._ignored_exceptions as exc:\n                screen = getattr(exc, \"screen\", None)\n                stacktrace = getattr(exc, \"stacktrace\", None)\n            time.sleep(self._poll)\n            if time.monotonic() > end_time:\n                break\n>       raise TimeoutException(message, screen, stacktrace)\nE       selenium.common.exceptions.TimeoutException: Message: \nE       Stacktrace:\nE       #0 0x5620b8a434e3 <unknown>\nE       #1 0x5620b8772c76 <unknown>\nE       #2 0x5620b87aec96 <unknown>\nE       #3 0x5620b87aedc1 <unknown>\nE       #4 0x5620b87e87f4 <unknown>\nE       #5 0x5620b87ce03d <unknown>\nE       #6 0x5620b87e630e <unknown>\nE       #7 0x5620b87cdde3 <unknown>\nE       #8 0x5620b87a32dd <unknown>\nE       #9 0x5620b87a434e <unknown>\nE       #10 0x5620b8a033e4 <unknown>\nE       #11 0x5620b8a073d7 <unknown>\nE       #12 0x5620b8a11b20 <unknown>\nE       #13 0x5620b8a08023 <unknown>\nE       #14 0x5620b89d61aa <unknown>\nE       #15 0x5620b8a2c6b8 <unknown>\nE       #16 0x5620b8a2c847 <unknown>\nE       #17 0x5620b8a3c243 <unknown>\nE       #18 0x7fac4c21fb43 <unknown>\n\n.venv/lib/python3.11/site-packages/selenium/webdriver/support/wait.py:95: TimeoutException","steps":[{"name":"Click Login link","time":{"start":1688754001942,"stop":1688754012236,"duration":10294},"status":"broken","statusMessage":"selenium.common.exceptions.TimeoutException: Message: \nStacktrace:\n#0 0x5620b8a434e3 <unknown>\n#1 0x5620b8772c76 <unknown>\n#2 0x5620b87aec96 <unknown>\n#3 0x5620b87aedc1 <unknown>\n#4 0x5620b87e87f4 <unknown>\n#5 0x5620b87ce03d <unknown>\n#6 0x5620b87e630e <unknown>\n#7 0x5620b87cdde3 <unknown>\n#8 0x5620b87a32dd <unknown>\n#9 0x5620b87a434e <unknown>\n#10 0x5620b8a033e4 <unknown>\n#11 0x5620b8a073d7 <unknown>\n#12 0x5620b8a11b20 <unknown>\n#13 0x5620b8a08023 <unknown>\n#14 0x5620b89d61aa <unknown>\n#15 0x5620b8a2c6b8 <unknown>\n#16 0x5620b8a2c847 <unknown>\n#17 0x5620b8a3c243 <unknown>\n#18 0x7fac4c21fb43 <unknown>\n\n","statusTrace":"  File \"/home/runner/work/Selenium-Python-Example/Selenium-Python-Example/.venv/lib/python3.11/site-packages/allure_commons/_allure.py\", line 192, in impl\n    return func(*a, **kw)\n           ^^^^^^^^^^^^^^\n  File \"/home/runner/work/Selenium-Python-Example/Selenium-Python-Example/pages/about_page.py\", line 19, in click_login_link\n    self.click(self.LOGIN_LINK)\n  File \"/home/runner/work/Selenium-Python-Example/Selenium-Python-Example/pages/base_page.py\", line 34, in click\n    el: WebElement = self.wait.until(expected_conditions.element_to_be_clickable(locator))\n                     ^^^^^^^^^^^^^^^^^^^^^^^^^^^^^^^^^^^^^^^^^^^^^^^^^^^^^^^^^^^^^^^^^^^^^\n  File \"/home/runner/work/Selenium-Python-Example/Selenium-Python-Example/.venv/lib/python3.11/site-packages/selenium/webdriver/support/wait.py\", line 95, in until\n    raise TimeoutException(message, screen, stacktrace)\n","steps":[],"attachments":[],"parameters":[],"stepsCount":0,"attachmentsCount":0,"shouldDisplayMessage":true,"hasContent":true}],"attachments":[{"uid":"e27d12622d2cb7c7","name":"Full Page Screenshot","source":"e27d12622d2cb7c7.png","type":"image/png","size":2759801},{"uid":"5d767ca0b1bc12e8","name":"URL","source":"5d767ca0b1bc12e8.uri","type":"text/uri-list","size":23},{"uid":"90c152e8d26faf4","name":"public ip address","source":"90c152e8d26faf4.txt","type":"text/plain","size":10},{"uid":"fad7c62253035d0e","name":"Cookies","source":"fad7c62253035d0e.json","type":"application/json","size":3279},{"uid":"4110963b77854066","name":"Session Storage","source":"4110963b77854066.json","type":"application/json","size":2},{"uid":"fdb9592e5c4f139a","name":"Local Storage","source":"fdb9592e5c4f139a.json","type":"application/json","size":208},{"uid":"59e9e5648f4224c6","name":"Console Logs","source":"59e9e5648f4224c6.json","type":"application/json","size":2},{"uid":"44f109d07e5c10a9","name":"Network Logs","source":"44f109d07e5c10a9.json","type":"application/json","size":47503}],"parameters":[],"stepsCount":1,"attachmentsCount":8,"shouldDisplayMessage":true,"hasContent":true},"afterStages":[],"labels":[{"name":"severity","value":"critical"},{"name":"epic","value":"Security"},{"name":"story","value":"Forgot Password Feature's Functionality"},{"name":"tag","value":"security"},{"name":"parentSuite","value":"tests"},{"name":"suite","value":"test_forgot_password"},{"name":"subSuite","value":"TestForgotPassword"},{"name":"host","value":"fv-az398-763"},{"name":"thread","value":"2309-MainThread"},{"name":"framework","value":"pytest"},{"name":"language","value":"cpython3"},{"name":"package","value":"tests.test_forgot_password"},{"name":"resultFormat","value":"allure2"}],"parameters":[],"links":[],"hidden":false,"retry":false,"extra":{"severity":"critical","retries":[],"categories":[{"name":"Test defects","matchedStatuses":[],"flaky":false}],"tags":["security"]},"source":"7e7318bde570f398.json","parameterValues":[]}