{"uid":"6c0316a600e34a3e","name":"Login with valid credentials test","fullName":"tests.login_test.TestLogin#test_valid_login","historyId":"18657c207d70aa57845e0b7f4751c290","time":{"start":1703034173378,"stop":1703034183466,"duration":10088},"description":"valid login","descriptionHtml":"<p>valid login</p>\n","status":"broken","statusMessage":"selenium.common.exceptions.TimeoutException: Message: \nStacktrace:\n#0 0x55d300c8bd33 <unknown>\n#1 0x55d300948f87 <unknown>\n#2 0x55d300998c0e <unknown>\n#3 0x55d300998d11 <unknown>\n#4 0x55d3009e4004 <unknown>\n#5 0x55d3009c236d <unknown>\n#6 0x55d3009e1297 <unknown>\n#7 0x55d3009c20e3 <unknown>\n#8 0x55d30098a044 <unknown>\n#9 0x55d30098b44e <unknown>\n#10 0x55d300c50861 <unknown>\n#11 0x55d300c54785 <unknown>\n#12 0x55d300c3e285 <unknown>\n#13 0x55d300c5541f <unknown>\n#14 0x55d300c2220f <unknown>\n#15 0x55d300c79028 <unknown>\n#16 0x55d300c791f7 <unknown>\n#17 0x55d300c8aed4 <unknown>\n#18 0x7f7415e94ac3 <unknown>","statusTrace":"self = <tests.login_test.TestLogin object at 0x7fdbf5ca5e10>\njson_data = {'forgot_password': {'error_message': \"We can't find a user with that e-mail address.\", 'success_message': 'A reset li...you page', 'name': 'test', 'new_name': 'another test', 'no_project_found_msg': 'No project matches the criteria', ...}}\n\n    @allure.description(\"valid login\")\n    @allure.title(\"Login with valid credentials test\")\n    @allure.tag(\"Tagged test\")\n    @pytest.mark.flaky(reruns=1)\n    def test_valid_login(self, json_data: dict):\n>       self.about_page.click_login_link()\n\ntests/login_test.py:42: \n_ _ _ _ _ _ _ _ _ _ _ _ _ _ _ _ _ _ _ _ _ _ _ _ _ _ _ _ _ _ _ _ _ _ _ _ _ _ _ _ \npages/about_page.py:20: in click_login_link\n    self.click(self.LOGIN_LINK)\npages/base_page.py:38: in click\n    el: WebElement = self.wait.until(\n_ _ _ _ _ _ _ _ _ _ _ _ _ _ _ _ _ _ _ _ _ _ _ _ _ _ _ _ _ _ _ _ _ _ _ _ _ _ _ _ \n\nself = <selenium.webdriver.support.wait.WebDriverWait (session=\"c385197e36c7cc086db4eb75323d6129\")>\nmethod = <function element_to_be_clickable.<locals>._predicate at 0x7fdbf5d61800>\nmessage = ''\n\n    def until(self, method: Callable[[WebDriver], Union[Literal[False], T]], message: str = \"\") -> T:\n        \"\"\"Calls the method provided with the driver as an argument until the \\\n        return value does not evaluate to ``False``.\n    \n        :param method: callable(WebDriver)\n        :param message: optional message for :exc:`TimeoutException`\n        :returns: the result of the last call to `method`\n        :raises: :exc:`selenium.common.exceptions.TimeoutException` if timeout occurs\n        \"\"\"\n        screen = None\n        stacktrace = None\n    \n        end_time = time.monotonic() + self._timeout\n        while True:\n            try:\n                value = method(self._driver)\n                if value:\n                    return value\n            except self._ignored_exceptions as exc:\n                screen = getattr(exc, \"screen\", None)\n                stacktrace = getattr(exc, \"stacktrace\", None)\n            time.sleep(self._poll)\n            if time.monotonic() > end_time:\n                break\n>       raise TimeoutException(message, screen, stacktrace)\nE       selenium.common.exceptions.TimeoutException: Message: \nE       Stacktrace:\nE       #0 0x55d300c8bd33 <unknown>\nE       #1 0x55d300948f87 <unknown>\nE       #2 0x55d300998c0e <unknown>\nE       #3 0x55d300998d11 <unknown>\nE       #4 0x55d3009e4004 <unknown>\nE       #5 0x55d3009c236d <unknown>\nE       #6 0x55d3009e1297 <unknown>\nE       #7 0x55d3009c20e3 <unknown>\nE       #8 0x55d30098a044 <unknown>\nE       #9 0x55d30098b44e <unknown>\nE       #10 0x55d300c50861 <unknown>\nE       #11 0x55d300c54785 <unknown>\nE       #12 0x55d300c3e285 <unknown>\nE       #13 0x55d300c5541f <unknown>\nE       #14 0x55d300c2220f <unknown>\nE       #15 0x55d300c79028 <unknown>\nE       #16 0x55d300c791f7 <unknown>\nE       #17 0x55d300c8aed4 <unknown>\nE       #18 0x7f7415e94ac3 <unknown>\n\n.venv/lib/python3.11/site-packages/selenium/webdriver/support/wait.py:101: TimeoutException","flaky":false,"newFailed":false,"newBroken":false,"newPassed":false,"retriesCount":1,"retriesStatusChange":false,"beforeStages":[{"name":"json_data","time":{"start":1703033988465,"stop":1703033988465,"duration":0},"status":"passed","steps":[],"attachments":[],"parameters":[],"shouldDisplayMessage":false,"stepsCount":0,"attachmentsCount":0,"hasContent":false,"attachmentStep":false},{"name":"_verify_url","time":{"start":1703033988465,"stop":1703033988465,"duration":0},"status":"passed","steps":[],"attachments":[],"parameters":[],"shouldDisplayMessage":false,"stepsCount":0,"attachmentsCount":0,"hasContent":false,"attachmentStep":false},{"name":"base_url","time":{"start":1703033988465,"stop":1703033988465,"duration":0},"status":"passed","steps":[],"attachments":[],"parameters":[],"shouldDisplayMessage":false,"stepsCount":0,"attachmentsCount":0,"hasContent":false,"attachmentStep":false}],"testStage":{"description":"valid login","status":"broken","statusMessage":"selenium.common.exceptions.TimeoutException: Message: \nStacktrace:\n#0 0x55d300c8bd33 <unknown>\n#1 0x55d300948f87 <unknown>\n#2 0x55d300998c0e <unknown>\n#3 0x55d300998d11 <unknown>\n#4 0x55d3009e4004 <unknown>\n#5 0x55d3009c236d <unknown>\n#6 0x55d3009e1297 <unknown>\n#7 0x55d3009c20e3 <unknown>\n#8 0x55d30098a044 <unknown>\n#9 0x55d30098b44e <unknown>\n#10 0x55d300c50861 <unknown>\n#11 0x55d300c54785 <unknown>\n#12 0x55d300c3e285 <unknown>\n#13 0x55d300c5541f <unknown>\n#14 0x55d300c2220f <unknown>\n#15 0x55d300c79028 <unknown>\n#16 0x55d300c791f7 <unknown>\n#17 0x55d300c8aed4 <unknown>\n#18 0x7f7415e94ac3 <unknown>","statusTrace":"self = <tests.login_test.TestLogin object at 0x7fdbf5ca5e10>\njson_data = {'forgot_password': {'error_message': \"We can't find a user with that e-mail address.\", 'success_message': 'A reset li...you page', 'name': 'test', 'new_name': 'another test', 'no_project_found_msg': 'No project matches the criteria', ...}}\n\n    @allure.description(\"valid login\")\n    @allure.title(\"Login with valid credentials test\")\n    @allure.tag(\"Tagged test\")\n    @pytest.mark.flaky(reruns=1)\n    def test_valid_login(self, json_data: dict):\n>       self.about_page.click_login_link()\n\ntests/login_test.py:42: \n_ _ _ _ _ _ _ _ _ _ _ _ _ _ _ _ _ _ _ _ _ _ _ _ _ _ _ _ _ _ _ _ _ _ _ _ _ _ _ _ \npages/about_page.py:20: in click_login_link\n    self.click(self.LOGIN_LINK)\npages/base_page.py:38: in click\n    el: WebElement = self.wait.until(\n_ _ _ _ _ _ _ _ _ _ _ _ _ _ _ _ _ _ _ _ _ _ _ _ _ _ _ _ _ _ _ _ _ _ _ _ _ _ _ _ \n\nself = <selenium.webdriver.support.wait.WebDriverWait (session=\"c385197e36c7cc086db4eb75323d6129\")>\nmethod = <function element_to_be_clickable.<locals>._predicate at 0x7fdbf5d61800>\nmessage = ''\n\n    def until(self, method: Callable[[WebDriver], Union[Literal[False], T]], message: str = \"\") -> T:\n        \"\"\"Calls the method provided with the driver as an argument until the \\\n        return value does not evaluate to ``False``.\n    \n        :param method: callable(WebDriver)\n        :param message: optional message for :exc:`TimeoutException`\n        :returns: the result of the last call to `method`\n        :raises: :exc:`selenium.common.exceptions.TimeoutException` if timeout occurs\n        \"\"\"\n        screen = None\n        stacktrace = None\n    \n        end_time = time.monotonic() + self._timeout\n        while True:\n            try:\n                value = method(self._driver)\n                if value:\n                    return value\n            except self._ignored_exceptions as exc:\n                screen = getattr(exc, \"screen\", None)\n                stacktrace = getattr(exc, \"stacktrace\", None)\n            time.sleep(self._poll)\n            if time.monotonic() > end_time:\n                break\n>       raise TimeoutException(message, screen, stacktrace)\nE       selenium.common.exceptions.TimeoutException: Message: \nE       Stacktrace:\nE       #0 0x55d300c8bd33 <unknown>\nE       #1 0x55d300948f87 <unknown>\nE       #2 0x55d300998c0e <unknown>\nE       #3 0x55d300998d11 <unknown>\nE       #4 0x55d3009e4004 <unknown>\nE       #5 0x55d3009c236d <unknown>\nE       #6 0x55d3009e1297 <unknown>\nE       #7 0x55d3009c20e3 <unknown>\nE       #8 0x55d30098a044 <unknown>\nE       #9 0x55d30098b44e <unknown>\nE       #10 0x55d300c50861 <unknown>\nE       #11 0x55d300c54785 <unknown>\nE       #12 0x55d300c3e285 <unknown>\nE       #13 0x55d300c5541f <unknown>\nE       #14 0x55d300c2220f <unknown>\nE       #15 0x55d300c79028 <unknown>\nE       #16 0x55d300c791f7 <unknown>\nE       #17 0x55d300c8aed4 <unknown>\nE       #18 0x7f7415e94ac3 <unknown>\n\n.venv/lib/python3.11/site-packages/selenium/webdriver/support/wait.py:101: TimeoutException","steps":[{"name":"Click Login link","time":{"start":1703034173378,"stop":1703034183466,"duration":10088},"status":"broken","statusMessage":"selenium.common.exceptions.TimeoutException: Message: \nStacktrace:\n#0 0x55d300c8bd33 <unknown>\n#1 0x55d300948f87 <unknown>\n#2 0x55d300998c0e <unknown>\n#3 0x55d300998d11 <unknown>\n#4 0x55d3009e4004 <unknown>\n#5 0x55d3009c236d <unknown>\n#6 0x55d3009e1297 <unknown>\n#7 0x55d3009c20e3 <unknown>\n#8 0x55d30098a044 <unknown>\n#9 0x55d30098b44e <unknown>\n#10 0x55d300c50861 <unknown>\n#11 0x55d300c54785 <unknown>\n#12 0x55d300c3e285 <unknown>\n#13 0x55d300c5541f <unknown>\n#14 0x55d300c2220f <unknown>\n#15 0x55d300c79028 <unknown>\n#16 0x55d300c791f7 <unknown>\n#17 0x55d300c8aed4 <unknown>\n#18 0x7f7415e94ac3 <unknown>\n\n","statusTrace":"  File \"/home/runner/work/Selenium-Python-Example/Selenium-Python-Example/.venv/lib/python3.11/site-packages/allure_commons/_allure.py\", line 192, in impl\n    return func(*a, **kw)\n           ^^^^^^^^^^^^^^\n  File \"/home/runner/work/Selenium-Python-Example/Selenium-Python-Example/pages/about_page.py\", line 20, in click_login_link\n    self.click(self.LOGIN_LINK)\n  File \"/home/runner/work/Selenium-Python-Example/Selenium-Python-Example/pages/base_page.py\", line 38, in click\n    el: WebElement = self.wait.until(\n                     ^^^^^^^^^^^^^^^^\n  File \"/home/runner/work/Selenium-Python-Example/Selenium-Python-Example/.venv/lib/python3.11/site-packages/selenium/webdriver/support/wait.py\", line 101, in until\n    raise TimeoutException(message, screen, stacktrace)\n","steps":[],"attachments":[],"parameters":[],"shouldDisplayMessage":true,"stepsCount":0,"attachmentsCount":0,"hasContent":true,"attachmentStep":false}],"attachments":[{"uid":"4aace1c5f51fc4dd","name":"public ip address","source":"4aace1c5f51fc4dd.txt","type":"text/plain","size":11},{"uid":"a00cb228af0ff520","name":"Cookies","source":"a00cb228af0ff520.json","type":"application/json","size":3358},{"uid":"bc8d3c99ac96e183","name":"Session Storage","source":"bc8d3c99ac96e183.json","type":"application/json","size":357},{"uid":"676662869c3f52eb","name":"Local Storage","source":"676662869c3f52eb.json","type":"application/json","size":208},{"uid":"dfaf65fdd2fd2fc0","name":"Console Logs","source":"dfaf65fdd2fd2fc0.json","type":"application/json","size":2},{"uid":"45dc9d64f64c66ab","name":"Full Page Screenshot","source":"45dc9d64f64c66ab.png","type":"image/png","size":1282058},{"uid":"db06f47c5188e6e5","name":"URL","source":"db06f47c5188e6e5.uri","type":"text/uri-list","size":23},{"uid":"3be0052e5ba0a1e3","name":"Network Logs","source":"3be0052e5ba0a1e3.json","type":"application/json","size":22925}],"parameters":[],"shouldDisplayMessage":true,"stepsCount":1,"attachmentsCount":8,"hasContent":true,"attachmentStep":false},"afterStages":[],"labels":[{"name":"epic","value":"Security"},{"name":"tag","value":"Tagged test"},{"name":"feature","value":"Login"},{"name":"severity","value":"blocker"},{"name":"tag","value":"flaky(reruns=1)"},{"name":"tag","value":"security"},{"name":"parentSuite","value":"tests"},{"name":"suite","value":"login_test"},{"name":"subSuite","value":"TestLogin"},{"name":"host","value":"fv-az1014-649"},{"name":"thread","value":"2442-MainThread"},{"name":"framework","value":"pytest"},{"name":"language","value":"cpython3"},{"name":"package","value":"tests.login_test"},{"name":"resultFormat","value":"allure2"}],"parameters":[],"links":[],"hidden":false,"retry":false,"extra":{"severity":"blocker","retries":[{"uid":"4d827e3cba5d81f1","status":"broken","statusDetails":"selenium.common.exceptions.TimeoutException: Message: \nStacktrace:\n#0 0x55bddbffcd33 <unknown>\n#1 0x55bddbcb9f87 <unknown>\n#2 0x55bddbd09c0e <unknown>\n#3 0x55bddbd09d11 <unknown>\n#4 0x55bddbd55004 <unknown>\n#5 0x55bddbd3336d <unknown>\n#6 0x55bddbd52297 <unknown>\n#7 0x55bddbd330e3 <unknown>\n#8 0x55bddbcfb044 <unknown>\n#9 0x55bddbcfc44e <unknown>\n#10 0x55bddbfc1861 <unknown>\n#11 0x55bddbfc5785 <unknown>\n#12 0x55bddbfaf285 <unknown>\n#13 0x55bddbfc641f <unknown>\n#14 0x55bddbf9320f <unknown>\n#15 0x55bddbfea028 <unknown>\n#16 0x55bddbfea1f7 <unknown>\n#17 0x55bddbffbed4 <unknown>\n#18 0x7ff8eb494ac3 <unknown>","time":{"start":1703034161045,"stop":1703034171278,"duration":10233}}],"categories":[{"name":"Test defects","matchedStatuses":[],"flaky":false}],"tags":["security","Tagged test","flaky(reruns=1)"]},"source":"6c0316a600e34a3e.json","parameterValues":[]}