{"uid":"f3beb587c280897b","name":"Exception test","fullName":"tests.forgot_password_test.TestForgotPassword#test_expected_exception_on_page_title","historyId":"288cd0030c92ba34b4ff4b58ed8ec476","time":{"start":1730165991807,"stop":1730166002300,"duration":10493},"description":"Exception catching","descriptionHtml":"<p>Exception catching</p>\n","status":"broken","statusMessage":"selenium.common.exceptions.TimeoutException: Message: \nStacktrace:\n#0 0x556605b310aa <unknown>\n#1 0x5566056481a0 <unknown>\n#2 0x556605694d06 <unknown>\n#3 0x556605694fa1 <unknown>\n#4 0x5566056da344 <unknown>\n#5 0x5566056b8dad <unknown>\n#6 0x5566056d7866 <unknown>\n#7 0x5566056b8b23 <unknown>\n#8 0x556605687990 <unknown>\n#9 0x55660568896e <unknown>\n#10 0x556605afd16b <unknown>\n#11 0x556605b00f68 <unknown>\n#12 0x556605aea64c <unknown>\n#13 0x556605b01ae7 <unknown>\n#14 0x556605acf4af <unknown>\n#15 0x556605b1f4f8 <unknown>\n#16 0x556605b1f6c0 <unknown>\n#17 0x556605b2ff26 <unknown>\n#18 0x7f3706494ac3 <unknown>","statusTrace":"self = <tests.forgot_password_test.TestForgotPassword object at 0x7feac03e6f30>\n\n    @allure.description(\"Exception catching\")\n    @allure.title(\"Exception test\")\n    @allure.link(\"github.com/allure-examples/\", name=\"Allure Examples\")\n    @allure.issue(\"github.com/allure-examples/allure-examples/issues/1\", name=\"ISSUE-1\")\n    @allure.testcase(\n        \"github.com/allure-examples/allure-examples/issues/2\", name=\"TESTCASE-2\"\n    )\n    def test_expected_exception_on_page_title(self):\n>       self.about_page.click_login_link()\n\ntests/forgot_password_test.py:53: \n_ _ _ _ _ _ _ _ _ _ _ _ _ _ _ _ _ _ _ _ _ _ _ _ _ _ _ _ _ _ _ _ _ _ _ _ _ _ _ _ \npages/about_page.py:20: in click_login_link\n    self.click(self.LOGIN_LINK)\npages/base_page.py:60: in click\n    el: WebElement = self.wait.until(\n_ _ _ _ _ _ _ _ _ _ _ _ _ _ _ _ _ _ _ _ _ _ _ _ _ _ _ _ _ _ _ _ _ _ _ _ _ _ _ _ \n\nself = <selenium.webdriver.support.wait.WebDriverWait (session=\"93e35b29deb673675e6c3c9249fdac6a\")>\nmethod = <function element_to_be_clickable.<locals>._predicate at 0x7feabfd55da0>\nmessage = ''\n\n    def until(self, method: Callable[[D], Union[Literal[False], T]], message: str = \"\") -> T:\n        \"\"\"Calls the method provided with the driver as an argument until the \\\n        return value does not evaluate to ``False``.\n    \n        :param method: callable(WebDriver)\n        :param message: optional message for :exc:`TimeoutException`\n        :returns: the result of the last call to `method`\n        :raises: :exc:`selenium.common.exceptions.TimeoutException` if timeout occurs\n        \"\"\"\n        screen = None\n        stacktrace = None\n    \n        end_time = time.monotonic() + self._timeout\n        while True:\n            try:\n                value = method(self._driver)\n                if value:\n                    return value\n            except self._ignored_exceptions as exc:\n                screen = getattr(exc, \"screen\", None)\n                stacktrace = getattr(exc, \"stacktrace\", None)\n            time.sleep(self._poll)\n            if time.monotonic() > end_time:\n                break\n>       raise TimeoutException(message, screen, stacktrace)\nE       selenium.common.exceptions.TimeoutException: Message: \nE       Stacktrace:\nE       #0 0x556605b310aa <unknown>\nE       #1 0x5566056481a0 <unknown>\nE       #2 0x556605694d06 <unknown>\nE       #3 0x556605694fa1 <unknown>\nE       #4 0x5566056da344 <unknown>\nE       #5 0x5566056b8dad <unknown>\nE       #6 0x5566056d7866 <unknown>\nE       #7 0x5566056b8b23 <unknown>\nE       #8 0x556605687990 <unknown>\nE       #9 0x55660568896e <unknown>\nE       #10 0x556605afd16b <unknown>\nE       #11 0x556605b00f68 <unknown>\nE       #12 0x556605aea64c <unknown>\nE       #13 0x556605b01ae7 <unknown>\nE       #14 0x556605acf4af <unknown>\nE       #15 0x556605b1f4f8 <unknown>\nE       #16 0x556605b1f6c0 <unknown>\nE       #17 0x556605b2ff26 <unknown>\nE       #18 0x7f3706494ac3 <unknown>\n\n.venv/lib/python3.12/site-packages/selenium/webdriver/support/wait.py:105: TimeoutException","flaky":false,"newFailed":false,"newBroken":false,"newPassed":false,"retriesCount":0,"retriesStatusChange":false,"beforeStages":[],"testStage":{"description":"Exception catching","status":"broken","statusMessage":"selenium.common.exceptions.TimeoutException: Message: \nStacktrace:\n#0 0x556605b310aa <unknown>\n#1 0x5566056481a0 <unknown>\n#2 0x556605694d06 <unknown>\n#3 0x556605694fa1 <unknown>\n#4 0x5566056da344 <unknown>\n#5 0x5566056b8dad <unknown>\n#6 0x5566056d7866 <unknown>\n#7 0x5566056b8b23 <unknown>\n#8 0x556605687990 <unknown>\n#9 0x55660568896e <unknown>\n#10 0x556605afd16b <unknown>\n#11 0x556605b00f68 <unknown>\n#12 0x556605aea64c <unknown>\n#13 0x556605b01ae7 <unknown>\n#14 0x556605acf4af <unknown>\n#15 0x556605b1f4f8 <unknown>\n#16 0x556605b1f6c0 <unknown>\n#17 0x556605b2ff26 <unknown>\n#18 0x7f3706494ac3 <unknown>","statusTrace":"self = <tests.forgot_password_test.TestForgotPassword object at 0x7feac03e6f30>\n\n    @allure.description(\"Exception catching\")\n    @allure.title(\"Exception test\")\n    @allure.link(\"github.com/allure-examples/\", name=\"Allure Examples\")\n    @allure.issue(\"github.com/allure-examples/allure-examples/issues/1\", name=\"ISSUE-1\")\n    @allure.testcase(\n        \"github.com/allure-examples/allure-examples/issues/2\", name=\"TESTCASE-2\"\n    )\n    def test_expected_exception_on_page_title(self):\n>       self.about_page.click_login_link()\n\ntests/forgot_password_test.py:53: \n_ _ _ _ _ _ _ _ _ _ _ _ _ _ _ _ _ _ _ _ _ _ _ _ _ _ _ _ _ _ _ _ _ _ _ _ _ _ _ _ \npages/about_page.py:20: in click_login_link\n    self.click(self.LOGIN_LINK)\npages/base_page.py:60: in click\n    el: WebElement = self.wait.until(\n_ _ _ _ _ _ _ _ _ _ _ _ _ _ _ _ _ _ _ _ _ _ _ _ _ _ _ _ _ _ _ _ _ _ _ _ _ _ _ _ \n\nself = <selenium.webdriver.support.wait.WebDriverWait (session=\"93e35b29deb673675e6c3c9249fdac6a\")>\nmethod = <function element_to_be_clickable.<locals>._predicate at 0x7feabfd55da0>\nmessage = ''\n\n    def until(self, method: Callable[[D], Union[Literal[False], T]], message: str = \"\") -> T:\n        \"\"\"Calls the method provided with the driver as an argument until the \\\n        return value does not evaluate to ``False``.\n    \n        :param method: callable(WebDriver)\n        :param message: optional message for :exc:`TimeoutException`\n        :returns: the result of the last call to `method`\n        :raises: :exc:`selenium.common.exceptions.TimeoutException` if timeout occurs\n        \"\"\"\n        screen = None\n        stacktrace = None\n    \n        end_time = time.monotonic() + self._timeout\n        while True:\n            try:\n                value = method(self._driver)\n                if value:\n                    return value\n            except self._ignored_exceptions as exc:\n                screen = getattr(exc, \"screen\", None)\n                stacktrace = getattr(exc, \"stacktrace\", None)\n            time.sleep(self._poll)\n            if time.monotonic() > end_time:\n                break\n>       raise TimeoutException(message, screen, stacktrace)\nE       selenium.common.exceptions.TimeoutException: Message: \nE       Stacktrace:\nE       #0 0x556605b310aa <unknown>\nE       #1 0x5566056481a0 <unknown>\nE       #2 0x556605694d06 <unknown>\nE       #3 0x556605694fa1 <unknown>\nE       #4 0x5566056da344 <unknown>\nE       #5 0x5566056b8dad <unknown>\nE       #6 0x5566056d7866 <unknown>\nE       #7 0x5566056b8b23 <unknown>\nE       #8 0x556605687990 <unknown>\nE       #9 0x55660568896e <unknown>\nE       #10 0x556605afd16b <unknown>\nE       #11 0x556605b00f68 <unknown>\nE       #12 0x556605aea64c <unknown>\nE       #13 0x556605b01ae7 <unknown>\nE       #14 0x556605acf4af <unknown>\nE       #15 0x556605b1f4f8 <unknown>\nE       #16 0x556605b1f6c0 <unknown>\nE       #17 0x556605b2ff26 <unknown>\nE       #18 0x7f3706494ac3 <unknown>\n\n.venv/lib/python3.12/site-packages/selenium/webdriver/support/wait.py:105: TimeoutException","steps":[{"name":"Click Login link","time":{"start":1730165991807,"stop":1730166002299,"duration":10492},"status":"broken","statusMessage":"selenium.common.exceptions.TimeoutException: Message: \nStacktrace:\n#0 0x556605b310aa <unknown>\n#1 0x5566056481a0 <unknown>\n#2 0x556605694d06 <unknown>\n#3 0x556605694fa1 <unknown>\n#4 0x5566056da344 <unknown>\n#5 0x5566056b8dad <unknown>\n#6 0x5566056d7866 <unknown>\n#7 0x5566056b8b23 <unknown>\n#8 0x556605687990 <unknown>\n#9 0x55660568896e <unknown>\n#10 0x556605afd16b <unknown>\n#11 0x556605b00f68 <unknown>\n#12 0x556605aea64c <unknown>\n#13 0x556605b01ae7 <unknown>\n#14 0x556605acf4af <unknown>\n#15 0x556605b1f4f8 <unknown>\n#16 0x556605b1f6c0 <unknown>\n#17 0x556605b2ff26 <unknown>\n#18 0x7f3706494ac3 <unknown>\n\n","statusTrace":"  File \"/home/runner/work/Selenium-Python-Example/Selenium-Python-Example/.venv/lib/python3.12/site-packages/allure_commons/_allure.py\", line 192, in impl\n    return func(*a, **kw)\n           ^^^^^^^^^^^^^^\n  File \"/home/runner/work/Selenium-Python-Example/Selenium-Python-Example/pages/about_page.py\", line 20, in click_login_link\n    self.click(self.LOGIN_LINK)\n  File \"/home/runner/work/Selenium-Python-Example/Selenium-Python-Example/pages/base_page.py\", line 60, in click\n    el: WebElement = self.wait.until(\n                     ^^^^^^^^^^^^^^^^\n  File \"/home/runner/work/Selenium-Python-Example/Selenium-Python-Example/.venv/lib/python3.12/site-packages/selenium/webdriver/support/wait.py\", line 105, in until\n    raise TimeoutException(message, screen, stacktrace)\n","steps":[],"attachments":[],"parameters":[],"shouldDisplayMessage":true,"stepsCount":0,"attachmentsCount":0,"hasContent":true,"attachmentStep":false},{"name":"public ip address","time":{"start":1730166002311,"stop":1730166002623,"duration":312},"status":"passed","steps":[],"attachments":[{"uid":"a21a318907346105","name":"HTTP logs of http://checkip.amazonaws.com/","source":"a21a318907346105.txt","type":"text/plain","size":356}],"parameters":[],"shouldDisplayMessage":false,"stepsCount":0,"attachmentsCount":1,"hasContent":true,"attachmentStep":false}],"attachments":[{"uid":"43a0af85f5c3dd7e","name":"Cookies","source":"43a0af85f5c3dd7e.json","type":"application/json","size":3583},{"uid":"e28694759b4f8af3","name":"Session Storage","source":"e28694759b4f8af3.json","type":"application/json","size":359},{"uid":"f6b08a6bd50f3bca","name":"Local Storage","source":"f6b08a6bd50f3bca.json","type":"application/json","size":350},{"uid":"5d710f50e30c041b","name":"Console Logs","source":"5d710f50e30c041b.json","type":"application/json","size":236},{"uid":"2e28ded250fb542","name":"Full Page Screenshot","source":"2e28ded250fb542.png","type":"image/png","size":3627656},{"uid":"40c38993848d66ec","name":"URL","source":"40c38993848d66ec.uri","type":"text/uri-list","size":23},{"uid":"8e15ea9c6c299702","name":"Network Logs","source":"8e15ea9c6c299702.json","type":"application/json","size":66987}],"parameters":[],"shouldDisplayMessage":true,"stepsCount":2,"attachmentsCount":8,"hasContent":true,"attachmentStep":false},"afterStages":[],"labels":[{"name":"subSuite","value":"Custom sub suite"},{"name":"story","value":"Forgot Password Feature's Functionality"},{"name":"suite","value":"Custom suite"},{"name":"parentSuite","value":"Custom parent suite"},{"name":"epic","value":"Security"},{"name":"severity","value":"critical"},{"name":"tag","value":"security"},{"name":"host","value":"fv-az1771-323"},{"name":"thread","value":"1908-MainThread"},{"name":"framework","value":"pytest"},{"name":"language","value":"cpython3"},{"name":"package","value":"tests.forgot_password_test"},{"name":"resultFormat","value":"allure2"}],"parameters":[],"links":[{"name":"TESTCASE-2","url":"https://github.com/allure-examples/allure-examples/issues/2","type":"tms"},{"name":"ISSUE-1","url":"https://github.com/allure-examples/allure-examples/issues/1","type":"issue"},{"name":"Allure Examples","url":"https://github.com/allure-examples/","type":"link"}],"hidden":false,"retry":false,"extra":{"severity":"critical","retries":[],"categories":[{"name":"Test defects","matchedStatuses":[],"flaky":false}],"tags":["security"]},"source":"f3beb587c280897b.json","parameterValues":[]}