{"uid":"6952436411278f31","name":"Login with invalid credentials test","fullName":"tests.login_test.TestLogin#test_invalid_login","historyId":"9bbc2729137fa409b9bc8067987e1d0d","time":{"start":1709514555671,"stop":1709514565891,"duration":10220},"description":"invalid login","descriptionHtml":"<p>invalid login</p>\n","status":"broken","statusMessage":"selenium.common.exceptions.TimeoutException: Message: \nStacktrace:\n#0 0x55c04f132793 <unknown>\n#1 0x55c04ee261c6 <unknown>\n#2 0x55c04ee71358 <unknown>\n#3 0x55c04ee71411 <unknown>\n#4 0x55c04eeb4934 <unknown>\n#5 0x55c04ee933fd <unknown>\n#6 0x55c04eeb1dd9 <unknown>\n#7 0x55c04ee93173 <unknown>\n#8 0x55c04ee642d3 <unknown>\n#9 0x55c04ee64c9e <unknown>\n#10 0x55c04f0f68cb <unknown>\n#11 0x55c04f0fa745 <unknown>\n#12 0x55c04f0e32e1 <unknown>\n#13 0x55c04f0fb2d2 <unknown>\n#14 0x55c04f0c717f <unknown>\n#15 0x55c04f120dc8 <unknown>\n#16 0x55c04f120fc3 <unknown>\n#17 0x55c04f131944 <unknown>\n#18 0x7f1a90494ac3 <unknown>","statusTrace":"self = <tests.login_test.TestLogin object at 0x7f14699c81d0>\nemail = 'elias@gmail.com', password = '12345Tr'\ndata = Data(forgot_password=ForgotPassword(error_message=\"We can't find a user with that e-mail address.\", success_message='A...ct='Non Existing', page_title='My Workspace', project_name='test project', project_type='quiz', template_type='Blank'))\n\n    @allure.description(\"invalid login\")\n    @allure.title(\"Login with invalid credentials test\")\n    @pytest.mark.parametrize(\"email, password\", users)\n    @pytest.mark.run(order=3)\n    def test_invalid_login(self, email: str, password: str, data: Data):\n>       self.about_page.click_login_link()\n\ntests/login_test.py:26: \n_ _ _ _ _ _ _ _ _ _ _ _ _ _ _ _ _ _ _ _ _ _ _ _ _ _ _ _ _ _ _ _ _ _ _ _ _ _ _ _ \npages/about_page.py:20: in click_login_link\n    self.click(self.LOGIN_LINK)\npages/base_page.py:60: in click\n    el: WebElement = self.wait.until(\n_ _ _ _ _ _ _ _ _ _ _ _ _ _ _ _ _ _ _ _ _ _ _ _ _ _ _ _ _ _ _ _ _ _ _ _ _ _ _ _ \n\nself = <selenium.webdriver.support.wait.WebDriverWait (session=\"edc819562c9770c4b3fec7d2d4fce836\")>\nmethod = <function element_to_be_clickable.<locals>._predicate at 0x7f14698314e0>\nmessage = ''\n\n    def until(self, method: Callable[[D], Union[Literal[False], T]], message: str = \"\") -> T:\n        \"\"\"Calls the method provided with the driver as an argument until the \\\n        return value does not evaluate to ``False``.\n    \n        :param method: callable(WebDriver)\n        :param message: optional message for :exc:`TimeoutException`\n        :returns: the result of the last call to `method`\n        :raises: :exc:`selenium.common.exceptions.TimeoutException` if timeout occurs\n        \"\"\"\n        screen = None\n        stacktrace = None\n    \n        end_time = time.monotonic() + self._timeout\n        while True:\n            try:\n                value = method(self._driver)\n                if value:\n                    return value\n            except self._ignored_exceptions as exc:\n                screen = getattr(exc, \"screen\", None)\n                stacktrace = getattr(exc, \"stacktrace\", None)\n            time.sleep(self._poll)\n            if time.monotonic() > end_time:\n                break\n>       raise TimeoutException(message, screen, stacktrace)\nE       selenium.common.exceptions.TimeoutException: Message: \nE       Stacktrace:\nE       #0 0x55c04f132793 <unknown>\nE       #1 0x55c04ee261c6 <unknown>\nE       #2 0x55c04ee71358 <unknown>\nE       #3 0x55c04ee71411 <unknown>\nE       #4 0x55c04eeb4934 <unknown>\nE       #5 0x55c04ee933fd <unknown>\nE       #6 0x55c04eeb1dd9 <unknown>\nE       #7 0x55c04ee93173 <unknown>\nE       #8 0x55c04ee642d3 <unknown>\nE       #9 0x55c04ee64c9e <unknown>\nE       #10 0x55c04f0f68cb <unknown>\nE       #11 0x55c04f0fa745 <unknown>\nE       #12 0x55c04f0e32e1 <unknown>\nE       #13 0x55c04f0fb2d2 <unknown>\nE       #14 0x55c04f0c717f <unknown>\nE       #15 0x55c04f120dc8 <unknown>\nE       #16 0x55c04f120fc3 <unknown>\nE       #17 0x55c04f131944 <unknown>\nE       #18 0x7f1a90494ac3 <unknown>\n\n.venv/lib/python3.12/site-packages/selenium/webdriver/support/wait.py:105: TimeoutException","flaky":false,"newFailed":false,"newBroken":false,"newPassed":false,"retriesCount":0,"retriesStatusChange":false,"beforeStages":[{"name":"data","time":{"start":1709514507744,"stop":1709514507745,"duration":1},"status":"passed","steps":[],"attachments":[],"parameters":[],"shouldDisplayMessage":false,"stepsCount":0,"attachmentsCount":0,"hasContent":false,"attachmentStep":false},{"name":"_verify_url","time":{"start":1709514507744,"stop":1709514507744,"duration":0},"status":"passed","steps":[],"attachments":[],"parameters":[],"shouldDisplayMessage":false,"stepsCount":0,"attachmentsCount":0,"hasContent":false,"attachmentStep":false},{"name":"base_url","time":{"start":1709514507744,"stop":1709514507744,"duration":0},"status":"passed","steps":[],"attachments":[],"parameters":[],"shouldDisplayMessage":false,"stepsCount":0,"attachmentsCount":0,"hasContent":false,"attachmentStep":false}],"testStage":{"description":"invalid login","status":"broken","statusMessage":"selenium.common.exceptions.TimeoutException: Message: \nStacktrace:\n#0 0x55c04f132793 <unknown>\n#1 0x55c04ee261c6 <unknown>\n#2 0x55c04ee71358 <unknown>\n#3 0x55c04ee71411 <unknown>\n#4 0x55c04eeb4934 <unknown>\n#5 0x55c04ee933fd <unknown>\n#6 0x55c04eeb1dd9 <unknown>\n#7 0x55c04ee93173 <unknown>\n#8 0x55c04ee642d3 <unknown>\n#9 0x55c04ee64c9e <unknown>\n#10 0x55c04f0f68cb <unknown>\n#11 0x55c04f0fa745 <unknown>\n#12 0x55c04f0e32e1 <unknown>\n#13 0x55c04f0fb2d2 <unknown>\n#14 0x55c04f0c717f <unknown>\n#15 0x55c04f120dc8 <unknown>\n#16 0x55c04f120fc3 <unknown>\n#17 0x55c04f131944 <unknown>\n#18 0x7f1a90494ac3 <unknown>","statusTrace":"self = <tests.login_test.TestLogin object at 0x7f14699c81d0>\nemail = 'elias@gmail.com', password = '12345Tr'\ndata = Data(forgot_password=ForgotPassword(error_message=\"We can't find a user with that e-mail address.\", success_message='A...ct='Non Existing', page_title='My Workspace', project_name='test project', project_type='quiz', template_type='Blank'))\n\n    @allure.description(\"invalid login\")\n    @allure.title(\"Login with invalid credentials test\")\n    @pytest.mark.parametrize(\"email, password\", users)\n    @pytest.mark.run(order=3)\n    def test_invalid_login(self, email: str, password: str, data: Data):\n>       self.about_page.click_login_link()\n\ntests/login_test.py:26: \n_ _ _ _ _ _ _ _ _ _ _ _ _ _ _ _ _ _ _ _ _ _ _ _ _ _ _ _ _ _ _ _ _ _ _ _ _ _ _ _ \npages/about_page.py:20: in click_login_link\n    self.click(self.LOGIN_LINK)\npages/base_page.py:60: in click\n    el: WebElement = self.wait.until(\n_ _ _ _ _ _ _ _ _ _ _ _ _ _ _ _ _ _ _ _ _ _ _ _ _ _ _ _ _ _ _ _ _ _ _ _ _ _ _ _ \n\nself = <selenium.webdriver.support.wait.WebDriverWait (session=\"edc819562c9770c4b3fec7d2d4fce836\")>\nmethod = <function element_to_be_clickable.<locals>._predicate at 0x7f14698314e0>\nmessage = ''\n\n    def until(self, method: Callable[[D], Union[Literal[False], T]], message: str = \"\") -> T:\n        \"\"\"Calls the method provided with the driver as an argument until the \\\n        return value does not evaluate to ``False``.\n    \n        :param method: callable(WebDriver)\n        :param message: optional message for :exc:`TimeoutException`\n        :returns: the result of the last call to `method`\n        :raises: :exc:`selenium.common.exceptions.TimeoutException` if timeout occurs\n        \"\"\"\n        screen = None\n        stacktrace = None\n    \n        end_time = time.monotonic() + self._timeout\n        while True:\n            try:\n                value = method(self._driver)\n                if value:\n                    return value\n            except self._ignored_exceptions as exc:\n                screen = getattr(exc, \"screen\", None)\n                stacktrace = getattr(exc, \"stacktrace\", None)\n            time.sleep(self._poll)\n            if time.monotonic() > end_time:\n                break\n>       raise TimeoutException(message, screen, stacktrace)\nE       selenium.common.exceptions.TimeoutException: Message: \nE       Stacktrace:\nE       #0 0x55c04f132793 <unknown>\nE       #1 0x55c04ee261c6 <unknown>\nE       #2 0x55c04ee71358 <unknown>\nE       #3 0x55c04ee71411 <unknown>\nE       #4 0x55c04eeb4934 <unknown>\nE       #5 0x55c04ee933fd <unknown>\nE       #6 0x55c04eeb1dd9 <unknown>\nE       #7 0x55c04ee93173 <unknown>\nE       #8 0x55c04ee642d3 <unknown>\nE       #9 0x55c04ee64c9e <unknown>\nE       #10 0x55c04f0f68cb <unknown>\nE       #11 0x55c04f0fa745 <unknown>\nE       #12 0x55c04f0e32e1 <unknown>\nE       #13 0x55c04f0fb2d2 <unknown>\nE       #14 0x55c04f0c717f <unknown>\nE       #15 0x55c04f120dc8 <unknown>\nE       #16 0x55c04f120fc3 <unknown>\nE       #17 0x55c04f131944 <unknown>\nE       #18 0x7f1a90494ac3 <unknown>\n\n.venv/lib/python3.12/site-packages/selenium/webdriver/support/wait.py:105: TimeoutException","steps":[{"name":"Click Login link","time":{"start":1709514555672,"stop":1709514565890,"duration":10218},"status":"broken","statusMessage":"selenium.common.exceptions.TimeoutException: Message: \nStacktrace:\n#0 0x55c04f132793 <unknown>\n#1 0x55c04ee261c6 <unknown>\n#2 0x55c04ee71358 <unknown>\n#3 0x55c04ee71411 <unknown>\n#4 0x55c04eeb4934 <unknown>\n#5 0x55c04ee933fd <unknown>\n#6 0x55c04eeb1dd9 <unknown>\n#7 0x55c04ee93173 <unknown>\n#8 0x55c04ee642d3 <unknown>\n#9 0x55c04ee64c9e <unknown>\n#10 0x55c04f0f68cb <unknown>\n#11 0x55c04f0fa745 <unknown>\n#12 0x55c04f0e32e1 <unknown>\n#13 0x55c04f0fb2d2 <unknown>\n#14 0x55c04f0c717f <unknown>\n#15 0x55c04f120dc8 <unknown>\n#16 0x55c04f120fc3 <unknown>\n#17 0x55c04f131944 <unknown>\n#18 0x7f1a90494ac3 <unknown>\n\n","statusTrace":"  File \"/home/runner/work/Selenium-Python-Example/Selenium-Python-Example/.venv/lib/python3.12/site-packages/allure_commons/_allure.py\", line 192, in impl\n    return func(*a, **kw)\n           ^^^^^^^^^^^^^^\n  File \"/home/runner/work/Selenium-Python-Example/Selenium-Python-Example/pages/about_page.py\", line 20, in click_login_link\n    self.click(self.LOGIN_LINK)\n  File \"/home/runner/work/Selenium-Python-Example/Selenium-Python-Example/pages/base_page.py\", line 60, in click\n    el: WebElement = self.wait.until(\n                     ^^^^^^^^^^^^^^^^\n  File \"/home/runner/work/Selenium-Python-Example/Selenium-Python-Example/.venv/lib/python3.12/site-packages/selenium/webdriver/support/wait.py\", line 105, in until\n    raise TimeoutException(message, screen, stacktrace)\n","steps":[],"attachments":[],"parameters":[],"shouldDisplayMessage":true,"stepsCount":0,"attachmentsCount":0,"hasContent":true,"attachmentStep":false}],"attachments":[{"uid":"ac8c21778f274088","name":"public ip address","source":"ac8c21778f274088.txt","type":"text/plain","size":11},{"uid":"725f1abb8456ef9d","name":"Cookies","source":"725f1abb8456ef9d.json","type":"application/json","size":3098},{"uid":"8eb25b609e072f45","name":"Session Storage","source":"8eb25b609e072f45.json","type":"application/json","size":359},{"uid":"ede179737c0bcb38","name":"Local Storage","source":"ede179737c0bcb38.json","type":"application/json","size":208},{"uid":"4d9c775c621b8841","name":"Console Logs","source":"4d9c775c621b8841.json","type":"application/json","size":653},{"uid":"93ae84463a87f1c1","name":"Full Page Screenshot","source":"93ae84463a87f1c1.png","type":"image/png","size":6189709},{"uid":"abc7d4e6ffc5c83c","name":"URL","source":"abc7d4e6ffc5c83c.uri","type":"text/uri-list","size":23},{"uid":"3af18f90af6bdae0","name":"Network Logs","source":"3af18f90af6bdae0.json","type":"application/json","size":23196}],"parameters":[],"shouldDisplayMessage":true,"stepsCount":1,"attachmentsCount":8,"hasContent":true,"attachmentStep":false},"afterStages":[],"labels":[{"name":"epic","value":"Security"},{"name":"feature","value":"Login"},{"name":"severity","value":"blocker"},{"name":"tag","value":"run(order=3)"},{"name":"tag","value":"security"},{"name":"parentSuite","value":"tests"},{"name":"suite","value":"login_test"},{"name":"subSuite","value":"TestLogin"},{"name":"host","value":"fv-az1543-729"},{"name":"thread","value":"2415-MainThread"},{"name":"framework","value":"pytest"},{"name":"language","value":"cpython3"},{"name":"package","value":"tests.login_test"},{"name":"resultFormat","value":"allure2"}],"parameters":[{"name":"email","value":"'elias@gmail.com'"},{"name":"password","value":"'12345Tr'"}],"links":[],"hidden":false,"retry":false,"extra":{"severity":"blocker","retries":[],"categories":[{"name":"Test defects","matchedStatuses":[],"flaky":false}],"tags":["run(order=3)","security"]},"source":"6952436411278f31.json","parameterValues":["'elias@gmail.com'","'12345Tr'"]}