{"uid":"4c891cadcd560a8c","name":"Exception test","fullName":"tests.test_forgot_password.TestForgotPassword#test_expected_exception_on_page_title","historyId":"cf4fc082d0d58c4cc0a6263c56ab7f00","time":{"start":1688754083859,"stop":1688754094067,"duration":10208},"description":"Exception catching","descriptionHtml":"<p>Exception catching</p>\n","status":"broken","statusMessage":"selenium.common.exceptions.TimeoutException: Message: \nStacktrace:\n#0 0x555b7a1af4e3 <unknown>\n#1 0x555b79edec76 <unknown>\n#2 0x555b79f1ac96 <unknown>\n#3 0x555b79f1adc1 <unknown>\n#4 0x555b79f547f4 <unknown>\n#5 0x555b79f3a03d <unknown>\n#6 0x555b79f5230e <unknown>\n#7 0x555b79f39de3 <unknown>\n#8 0x555b79f0f2dd <unknown>\n#9 0x555b79f1034e <unknown>\n#10 0x555b7a16f3e4 <unknown>\n#11 0x555b7a1733d7 <unknown>\n#12 0x555b7a17db20 <unknown>\n#13 0x555b7a174023 <unknown>\n#14 0x555b7a1421aa <unknown>\n#15 0x555b7a1986b8 <unknown>\n#16 0x555b7a198847 <unknown>\n#17 0x555b7a1a8243 <unknown>\n#18 0x7f3f11683b43 <unknown>","statusTrace":"self = <tests.test_forgot_password.TestForgotPassword object at 0x7f1ea595cf50>\n\n    @allure.description(\"Exception catching\")\n    @allure.title(\"Exception test\")\n    def test_expected_exception_on_page_title(self):\n>       self.about_page.click_login_link()\n\ntests/test_forgot_password.py:38: \n_ _ _ _ _ _ _ _ _ _ _ _ _ _ _ _ _ _ _ _ _ _ _ _ _ _ _ _ _ _ _ _ _ _ _ _ _ _ _ _ \npages/about_page.py:19: in click_login_link\n    self.click(self.LOGIN_LINK)\npages/base_page.py:34: in click\n    el: WebElement = self.wait.until(expected_conditions.element_to_be_clickable(locator))\n_ _ _ _ _ _ _ _ _ _ _ _ _ _ _ _ _ _ _ _ _ _ _ _ _ _ _ _ _ _ _ _ _ _ _ _ _ _ _ _ \n\nself = <selenium.webdriver.support.wait.WebDriverWait (session=\"18f023e7bf9092d6ad2122366d12e83a\")>\nmethod = <function element_to_be_clickable.<locals>._predicate at 0x7f1ea567d6c0>\nmessage = ''\n\n    def until(self, method, message: str = \"\"):\n        \"\"\"Calls the method provided with the driver as an argument until the \\\n        return value does not evaluate to ``False``.\n    \n        :param method: callable(WebDriver)\n        :param message: optional message for :exc:`TimeoutException`\n        :returns: the result of the last call to `method`\n        :raises: :exc:`selenium.common.exceptions.TimeoutException` if timeout occurs\n        \"\"\"\n        screen = None\n        stacktrace = None\n    \n        end_time = time.monotonic() + self._timeout\n        while True:\n            try:\n                value = method(self._driver)\n                if value:\n                    return value\n            except self._ignored_exceptions as exc:\n                screen = getattr(exc, \"screen\", None)\n                stacktrace = getattr(exc, \"stacktrace\", None)\n            time.sleep(self._poll)\n            if time.monotonic() > end_time:\n                break\n>       raise TimeoutException(message, screen, stacktrace)\nE       selenium.common.exceptions.TimeoutException: Message: \nE       Stacktrace:\nE       #0 0x555b7a1af4e3 <unknown>\nE       #1 0x555b79edec76 <unknown>\nE       #2 0x555b79f1ac96 <unknown>\nE       #3 0x555b79f1adc1 <unknown>\nE       #4 0x555b79f547f4 <unknown>\nE       #5 0x555b79f3a03d <unknown>\nE       #6 0x555b79f5230e <unknown>\nE       #7 0x555b79f39de3 <unknown>\nE       #8 0x555b79f0f2dd <unknown>\nE       #9 0x555b79f1034e <unknown>\nE       #10 0x555b7a16f3e4 <unknown>\nE       #11 0x555b7a1733d7 <unknown>\nE       #12 0x555b7a17db20 <unknown>\nE       #13 0x555b7a174023 <unknown>\nE       #14 0x555b7a1421aa <unknown>\nE       #15 0x555b7a1986b8 <unknown>\nE       #16 0x555b7a198847 <unknown>\nE       #17 0x555b7a1a8243 <unknown>\nE       #18 0x7f3f11683b43 <unknown>\n\n.venv/lib/python3.11/site-packages/selenium/webdriver/support/wait.py:95: TimeoutException","flaky":false,"newFailed":false,"newBroken":false,"newPassed":false,"retriesCount":0,"retriesStatusChange":false,"beforeStages":[],"testStage":{"description":"Exception catching","status":"broken","statusMessage":"selenium.common.exceptions.TimeoutException: Message: \nStacktrace:\n#0 0x555b7a1af4e3 <unknown>\n#1 0x555b79edec76 <unknown>\n#2 0x555b79f1ac96 <unknown>\n#3 0x555b79f1adc1 <unknown>\n#4 0x555b79f547f4 <unknown>\n#5 0x555b79f3a03d <unknown>\n#6 0x555b79f5230e <unknown>\n#7 0x555b79f39de3 <unknown>\n#8 0x555b79f0f2dd <unknown>\n#9 0x555b79f1034e <unknown>\n#10 0x555b7a16f3e4 <unknown>\n#11 0x555b7a1733d7 <unknown>\n#12 0x555b7a17db20 <unknown>\n#13 0x555b7a174023 <unknown>\n#14 0x555b7a1421aa <unknown>\n#15 0x555b7a1986b8 <unknown>\n#16 0x555b7a198847 <unknown>\n#17 0x555b7a1a8243 <unknown>\n#18 0x7f3f11683b43 <unknown>","statusTrace":"self = <tests.test_forgot_password.TestForgotPassword object at 0x7f1ea595cf50>\n\n    @allure.description(\"Exception catching\")\n    @allure.title(\"Exception test\")\n    def test_expected_exception_on_page_title(self):\n>       self.about_page.click_login_link()\n\ntests/test_forgot_password.py:38: \n_ _ _ _ _ _ _ _ _ _ _ _ _ _ _ _ _ _ _ _ _ _ _ _ _ _ _ _ _ _ _ _ _ _ _ _ _ _ _ _ \npages/about_page.py:19: in click_login_link\n    self.click(self.LOGIN_LINK)\npages/base_page.py:34: in click\n    el: WebElement = self.wait.until(expected_conditions.element_to_be_clickable(locator))\n_ _ _ _ _ _ _ _ _ _ _ _ _ _ _ _ _ _ _ _ _ _ _ _ _ _ _ _ _ _ _ _ _ _ _ _ _ _ _ _ \n\nself = <selenium.webdriver.support.wait.WebDriverWait (session=\"18f023e7bf9092d6ad2122366d12e83a\")>\nmethod = <function element_to_be_clickable.<locals>._predicate at 0x7f1ea567d6c0>\nmessage = ''\n\n    def until(self, method, message: str = \"\"):\n        \"\"\"Calls the method provided with the driver as an argument until the \\\n        return value does not evaluate to ``False``.\n    \n        :param method: callable(WebDriver)\n        :param message: optional message for :exc:`TimeoutException`\n        :returns: the result of the last call to `method`\n        :raises: :exc:`selenium.common.exceptions.TimeoutException` if timeout occurs\n        \"\"\"\n        screen = None\n        stacktrace = None\n    \n        end_time = time.monotonic() + self._timeout\n        while True:\n            try:\n                value = method(self._driver)\n                if value:\n                    return value\n            except self._ignored_exceptions as exc:\n                screen = getattr(exc, \"screen\", None)\n                stacktrace = getattr(exc, \"stacktrace\", None)\n            time.sleep(self._poll)\n            if time.monotonic() > end_time:\n                break\n>       raise TimeoutException(message, screen, stacktrace)\nE       selenium.common.exceptions.TimeoutException: Message: \nE       Stacktrace:\nE       #0 0x555b7a1af4e3 <unknown>\nE       #1 0x555b79edec76 <unknown>\nE       #2 0x555b79f1ac96 <unknown>\nE       #3 0x555b79f1adc1 <unknown>\nE       #4 0x555b79f547f4 <unknown>\nE       #5 0x555b79f3a03d <unknown>\nE       #6 0x555b79f5230e <unknown>\nE       #7 0x555b79f39de3 <unknown>\nE       #8 0x555b79f0f2dd <unknown>\nE       #9 0x555b79f1034e <unknown>\nE       #10 0x555b7a16f3e4 <unknown>\nE       #11 0x555b7a1733d7 <unknown>\nE       #12 0x555b7a17db20 <unknown>\nE       #13 0x555b7a174023 <unknown>\nE       #14 0x555b7a1421aa <unknown>\nE       #15 0x555b7a1986b8 <unknown>\nE       #16 0x555b7a198847 <unknown>\nE       #17 0x555b7a1a8243 <unknown>\nE       #18 0x7f3f11683b43 <unknown>\n\n.venv/lib/python3.11/site-packages/selenium/webdriver/support/wait.py:95: TimeoutException","steps":[{"name":"Click Login link","time":{"start":1688754083859,"stop":1688754094067,"duration":10208},"status":"broken","statusMessage":"selenium.common.exceptions.TimeoutException: Message: \nStacktrace:\n#0 0x555b7a1af4e3 <unknown>\n#1 0x555b79edec76 <unknown>\n#2 0x555b79f1ac96 <unknown>\n#3 0x555b79f1adc1 <unknown>\n#4 0x555b79f547f4 <unknown>\n#5 0x555b79f3a03d <unknown>\n#6 0x555b79f5230e <unknown>\n#7 0x555b79f39de3 <unknown>\n#8 0x555b79f0f2dd <unknown>\n#9 0x555b79f1034e <unknown>\n#10 0x555b7a16f3e4 <unknown>\n#11 0x555b7a1733d7 <unknown>\n#12 0x555b7a17db20 <unknown>\n#13 0x555b7a174023 <unknown>\n#14 0x555b7a1421aa <unknown>\n#15 0x555b7a1986b8 <unknown>\n#16 0x555b7a198847 <unknown>\n#17 0x555b7a1a8243 <unknown>\n#18 0x7f3f11683b43 <unknown>\n\n","statusTrace":"  File \"/home/runner/work/Selenium-Python-Example/Selenium-Python-Example/.venv/lib/python3.11/site-packages/allure_commons/_allure.py\", line 192, in impl\n    return func(*a, **kw)\n           ^^^^^^^^^^^^^^\n  File \"/home/runner/work/Selenium-Python-Example/Selenium-Python-Example/pages/about_page.py\", line 19, in click_login_link\n    self.click(self.LOGIN_LINK)\n  File \"/home/runner/work/Selenium-Python-Example/Selenium-Python-Example/pages/base_page.py\", line 34, in click\n    el: WebElement = self.wait.until(expected_conditions.element_to_be_clickable(locator))\n                     ^^^^^^^^^^^^^^^^^^^^^^^^^^^^^^^^^^^^^^^^^^^^^^^^^^^^^^^^^^^^^^^^^^^^^\n  File \"/home/runner/work/Selenium-Python-Example/Selenium-Python-Example/.venv/lib/python3.11/site-packages/selenium/webdriver/support/wait.py\", line 95, in until\n    raise TimeoutException(message, screen, stacktrace)\n","steps":[],"attachments":[],"parameters":[],"stepsCount":0,"attachmentsCount":0,"shouldDisplayMessage":true,"hasContent":true}],"attachments":[{"uid":"66d937839b77f3b3","name":"Full Page Screenshot","source":"66d937839b77f3b3.png","type":"image/png","size":2759801},{"uid":"f0db2dbc44a1f26f","name":"URL","source":"f0db2dbc44a1f26f.uri","type":"text/uri-list","size":23},{"uid":"65b960737982c67a","name":"public ip address","source":"65b960737982c67a.txt","type":"text/plain","size":13},{"uid":"16ddf8b89ed962b9","name":"Cookies","source":"16ddf8b89ed962b9.json","type":"application/json","size":3279},{"uid":"426c9e265d160507","name":"Session Storage","source":"426c9e265d160507.json","type":"application/json","size":2},{"uid":"87ab25f98e66a35c","name":"Local Storage","source":"87ab25f98e66a35c.json","type":"application/json","size":208},{"uid":"abcbeb4c5ff22a61","name":"Console Logs","source":"abcbeb4c5ff22a61.json","type":"application/json","size":2},{"uid":"194cfbdd5b1a6918","name":"Network Logs","source":"194cfbdd5b1a6918.json","type":"application/json","size":47534}],"parameters":[],"stepsCount":1,"attachmentsCount":8,"shouldDisplayMessage":true,"hasContent":true},"afterStages":[],"labels":[{"name":"epic","value":"Security"},{"name":"severity","value":"critical"},{"name":"story","value":"Forgot Password Feature's Functionality"},{"name":"tag","value":"security"},{"name":"parentSuite","value":"tests"},{"name":"suite","value":"test_forgot_password"},{"name":"subSuite","value":"TestForgotPassword"},{"name":"host","value":"fv-az586-284"},{"name":"thread","value":"2280-MainThread"},{"name":"framework","value":"pytest"},{"name":"language","value":"cpython3"},{"name":"package","value":"tests.test_forgot_password"},{"name":"resultFormat","value":"allure2"}],"parameters":[],"links":[],"hidden":false,"retry":false,"extra":{"severity":"critical","retries":[],"categories":[{"name":"Test defects","matchedStatuses":[],"flaky":false}],"tags":["security"]},"source":"4c891cadcd560a8c.json","parameterValues":[]}