{"uid":"d7540105a885cdfc","name":"Login with invalid credentials test","fullName":"tests.login_test.TestLogin#test_invalid_login","historyId":"9bbc2729137fa409b9bc8067987e1d0d","time":{"start":1730770604647,"stop":1730770614782,"duration":10135},"description":"invalid login","descriptionHtml":"<p>invalid login</p>\n","status":"broken","statusMessage":"selenium.common.exceptions.TimeoutException: Message: \nStacktrace:\n#0 0x557ddd4ca0aa <unknown>\n#1 0x557ddcfe11a0 <unknown>\n#2 0x557ddd02dd06 <unknown>\n#3 0x557ddd02dfa1 <unknown>\n#4 0x557ddd073344 <unknown>\n#5 0x557ddd051dad <unknown>\n#6 0x557ddd070866 <unknown>\n#7 0x557ddd051b23 <unknown>\n#8 0x557ddd020990 <unknown>\n#9 0x557ddd02196e <unknown>\n#10 0x557ddd49616b <unknown>\n#11 0x557ddd499f68 <unknown>\n#12 0x557ddd48364c <unknown>\n#13 0x557ddd49aae7 <unknown>\n#14 0x557ddd4684af <unknown>\n#15 0x557ddd4b84f8 <unknown>\n#16 0x557ddd4b86c0 <unknown>\n#17 0x557ddd4c8f26 <unknown>\n#18 0x7f1dcf094ac3 <unknown>","statusTrace":"self = <tests.login_test.TestLogin object at 0x7ff04dd8d010>\nemail = 'elias@gmail.com', password = '12345Tr'\ndata = Data(forgot_password=ForgotPassword(error_message=\"We can't find a user with that e-mail address.\", success_message='A...ct='Non Existing', page_title='My Workspace', project_name='test project', project_type='quiz', template_type='Blank'))\n\n    @allure.description(\"invalid login\")\n    @allure.title(\"Login with invalid credentials test\")\n    @pytest.mark.parametrize(\"email, password\", users)\n    @pytest.mark.run(order=3)\n    def test_invalid_login(self, email: str, password: str, data: Data):\n>       self.about_page.click_login_link()\n\ntests/login_test.py:26: \n_ _ _ _ _ _ _ _ _ _ _ _ _ _ _ _ _ _ _ _ _ _ _ _ _ _ _ _ _ _ _ _ _ _ _ _ _ _ _ _ \npages/about_page.py:20: in click_login_link\n    self.click(self.LOGIN_LINK)\npages/base_page.py:60: in click\n    el: WebElement = self.wait.until(\n_ _ _ _ _ _ _ _ _ _ _ _ _ _ _ _ _ _ _ _ _ _ _ _ _ _ _ _ _ _ _ _ _ _ _ _ _ _ _ _ \n\nself = <selenium.webdriver.support.wait.WebDriverWait (session=\"8bbff4844ce41b2d1b89425272e8d352\")>\nmethod = <function element_to_be_clickable.<locals>._predicate at 0x7ff04dadef20>\nmessage = ''\n\n    def until(self, method: Callable[[D], Union[Literal[False], T]], message: str = \"\") -> T:\n        \"\"\"Calls the method provided with the driver as an argument until the \\\n        return value does not evaluate to ``False``.\n    \n        :param method: callable(WebDriver)\n        :param message: optional message for :exc:`TimeoutException`\n        :returns: the result of the last call to `method`\n        :raises: :exc:`selenium.common.exceptions.TimeoutException` if timeout occurs\n        \"\"\"\n        screen = None\n        stacktrace = None\n    \n        end_time = time.monotonic() + self._timeout\n        while True:\n            try:\n                value = method(self._driver)\n                if value:\n                    return value\n            except self._ignored_exceptions as exc:\n                screen = getattr(exc, \"screen\", None)\n                stacktrace = getattr(exc, \"stacktrace\", None)\n            if time.monotonic() > end_time:\n                break\n            time.sleep(self._poll)\n>       raise TimeoutException(message, screen, stacktrace)\nE       selenium.common.exceptions.TimeoutException: Message: \nE       Stacktrace:\nE       #0 0x557ddd4ca0aa <unknown>\nE       #1 0x557ddcfe11a0 <unknown>\nE       #2 0x557ddd02dd06 <unknown>\nE       #3 0x557ddd02dfa1 <unknown>\nE       #4 0x557ddd073344 <unknown>\nE       #5 0x557ddd051dad <unknown>\nE       #6 0x557ddd070866 <unknown>\nE       #7 0x557ddd051b23 <unknown>\nE       #8 0x557ddd020990 <unknown>\nE       #9 0x557ddd02196e <unknown>\nE       #10 0x557ddd49616b <unknown>\nE       #11 0x557ddd499f68 <unknown>\nE       #12 0x557ddd48364c <unknown>\nE       #13 0x557ddd49aae7 <unknown>\nE       #14 0x557ddd4684af <unknown>\nE       #15 0x557ddd4b84f8 <unknown>\nE       #16 0x557ddd4b86c0 <unknown>\nE       #17 0x557ddd4c8f26 <unknown>\nE       #18 0x7f1dcf094ac3 <unknown>\n\n.venv/lib/python3.12/site-packages/selenium/webdriver/support/wait.py:105: TimeoutException","flaky":false,"newFailed":false,"newBroken":false,"newPassed":false,"retriesCount":0,"retriesStatusChange":false,"beforeStages":[{"name":"base_url","time":{"start":1730770556976,"stop":1730770556976,"duration":0},"status":"passed","steps":[],"attachments":[],"parameters":[],"shouldDisplayMessage":false,"stepsCount":0,"attachmentsCount":0,"hasContent":false,"attachmentStep":false},{"name":"_verify_url","time":{"start":1730770556976,"stop":1730770556976,"duration":0},"status":"passed","steps":[],"attachments":[],"parameters":[],"shouldDisplayMessage":false,"stepsCount":0,"attachmentsCount":0,"hasContent":false,"attachmentStep":false},{"name":"session_request","time":{"start":1730770556976,"stop":1730770556977,"duration":1},"status":"passed","steps":[],"attachments":[],"parameters":[],"shouldDisplayMessage":false,"stepsCount":0,"attachmentsCount":0,"hasContent":false,"attachmentStep":false},{"name":"data","time":{"start":1730770556977,"stop":1730770556977,"duration":0},"status":"passed","steps":[],"attachments":[],"parameters":[],"shouldDisplayMessage":false,"stepsCount":0,"attachmentsCount":0,"hasContent":false,"attachmentStep":false}],"testStage":{"description":"invalid login","status":"broken","statusMessage":"selenium.common.exceptions.TimeoutException: Message: \nStacktrace:\n#0 0x557ddd4ca0aa <unknown>\n#1 0x557ddcfe11a0 <unknown>\n#2 0x557ddd02dd06 <unknown>\n#3 0x557ddd02dfa1 <unknown>\n#4 0x557ddd073344 <unknown>\n#5 0x557ddd051dad <unknown>\n#6 0x557ddd070866 <unknown>\n#7 0x557ddd051b23 <unknown>\n#8 0x557ddd020990 <unknown>\n#9 0x557ddd02196e <unknown>\n#10 0x557ddd49616b <unknown>\n#11 0x557ddd499f68 <unknown>\n#12 0x557ddd48364c <unknown>\n#13 0x557ddd49aae7 <unknown>\n#14 0x557ddd4684af <unknown>\n#15 0x557ddd4b84f8 <unknown>\n#16 0x557ddd4b86c0 <unknown>\n#17 0x557ddd4c8f26 <unknown>\n#18 0x7f1dcf094ac3 <unknown>","statusTrace":"self = <tests.login_test.TestLogin object at 0x7ff04dd8d010>\nemail = 'elias@gmail.com', password = '12345Tr'\ndata = Data(forgot_password=ForgotPassword(error_message=\"We can't find a user with that e-mail address.\", success_message='A...ct='Non Existing', page_title='My Workspace', project_name='test project', project_type='quiz', template_type='Blank'))\n\n    @allure.description(\"invalid login\")\n    @allure.title(\"Login with invalid credentials test\")\n    @pytest.mark.parametrize(\"email, password\", users)\n    @pytest.mark.run(order=3)\n    def test_invalid_login(self, email: str, password: str, data: Data):\n>       self.about_page.click_login_link()\n\ntests/login_test.py:26: \n_ _ _ _ _ _ _ _ _ _ _ _ _ _ _ _ _ _ _ _ _ _ _ _ _ _ _ _ _ _ _ _ _ _ _ _ _ _ _ _ \npages/about_page.py:20: in click_login_link\n    self.click(self.LOGIN_LINK)\npages/base_page.py:60: in click\n    el: WebElement = self.wait.until(\n_ _ _ _ _ _ _ _ _ _ _ _ _ _ _ _ _ _ _ _ _ _ _ _ _ _ _ _ _ _ _ _ _ _ _ _ _ _ _ _ \n\nself = <selenium.webdriver.support.wait.WebDriverWait (session=\"8bbff4844ce41b2d1b89425272e8d352\")>\nmethod = <function element_to_be_clickable.<locals>._predicate at 0x7ff04dadef20>\nmessage = ''\n\n    def until(self, method: Callable[[D], Union[Literal[False], T]], message: str = \"\") -> T:\n        \"\"\"Calls the method provided with the driver as an argument until the \\\n        return value does not evaluate to ``False``.\n    \n        :param method: callable(WebDriver)\n        :param message: optional message for :exc:`TimeoutException`\n        :returns: the result of the last call to `method`\n        :raises: :exc:`selenium.common.exceptions.TimeoutException` if timeout occurs\n        \"\"\"\n        screen = None\n        stacktrace = None\n    \n        end_time = time.monotonic() + self._timeout\n        while True:\n            try:\n                value = method(self._driver)\n                if value:\n                    return value\n            except self._ignored_exceptions as exc:\n                screen = getattr(exc, \"screen\", None)\n                stacktrace = getattr(exc, \"stacktrace\", None)\n            if time.monotonic() > end_time:\n                break\n            time.sleep(self._poll)\n>       raise TimeoutException(message, screen, stacktrace)\nE       selenium.common.exceptions.TimeoutException: Message: \nE       Stacktrace:\nE       #0 0x557ddd4ca0aa <unknown>\nE       #1 0x557ddcfe11a0 <unknown>\nE       #2 0x557ddd02dd06 <unknown>\nE       #3 0x557ddd02dfa1 <unknown>\nE       #4 0x557ddd073344 <unknown>\nE       #5 0x557ddd051dad <unknown>\nE       #6 0x557ddd070866 <unknown>\nE       #7 0x557ddd051b23 <unknown>\nE       #8 0x557ddd020990 <unknown>\nE       #9 0x557ddd02196e <unknown>\nE       #10 0x557ddd49616b <unknown>\nE       #11 0x557ddd499f68 <unknown>\nE       #12 0x557ddd48364c <unknown>\nE       #13 0x557ddd49aae7 <unknown>\nE       #14 0x557ddd4684af <unknown>\nE       #15 0x557ddd4b84f8 <unknown>\nE       #16 0x557ddd4b86c0 <unknown>\nE       #17 0x557ddd4c8f26 <unknown>\nE       #18 0x7f1dcf094ac3 <unknown>\n\n.venv/lib/python3.12/site-packages/selenium/webdriver/support/wait.py:105: TimeoutException","steps":[{"name":"Click Login link","time":{"start":1730770604647,"stop":1730770614782,"duration":10135},"status":"broken","statusMessage":"selenium.common.exceptions.TimeoutException: Message: \nStacktrace:\n#0 0x557ddd4ca0aa <unknown>\n#1 0x557ddcfe11a0 <unknown>\n#2 0x557ddd02dd06 <unknown>\n#3 0x557ddd02dfa1 <unknown>\n#4 0x557ddd073344 <unknown>\n#5 0x557ddd051dad <unknown>\n#6 0x557ddd070866 <unknown>\n#7 0x557ddd051b23 <unknown>\n#8 0x557ddd020990 <unknown>\n#9 0x557ddd02196e <unknown>\n#10 0x557ddd49616b <unknown>\n#11 0x557ddd499f68 <unknown>\n#12 0x557ddd48364c <unknown>\n#13 0x557ddd49aae7 <unknown>\n#14 0x557ddd4684af <unknown>\n#15 0x557ddd4b84f8 <unknown>\n#16 0x557ddd4b86c0 <unknown>\n#17 0x557ddd4c8f26 <unknown>\n#18 0x7f1dcf094ac3 <unknown>\n\n","statusTrace":"  File \"/home/runner/work/Selenium-Python-Example/Selenium-Python-Example/.venv/lib/python3.12/site-packages/allure_commons/_allure.py\", line 192, in impl\n    return func(*a, **kw)\n           ^^^^^^^^^^^^^^\n  File \"/home/runner/work/Selenium-Python-Example/Selenium-Python-Example/pages/about_page.py\", line 20, in click_login_link\n    self.click(self.LOGIN_LINK)\n  File \"/home/runner/work/Selenium-Python-Example/Selenium-Python-Example/pages/base_page.py\", line 60, in click\n    el: WebElement = self.wait.until(\n                     ^^^^^^^^^^^^^^^^\n  File \"/home/runner/work/Selenium-Python-Example/Selenium-Python-Example/.venv/lib/python3.12/site-packages/selenium/webdriver/support/wait.py\", line 105, in until\n    raise TimeoutException(message, screen, stacktrace)\n","steps":[],"attachments":[],"parameters":[],"shouldDisplayMessage":true,"stepsCount":0,"attachmentsCount":0,"hasContent":true,"attachmentStep":false},{"name":"public ip address","time":{"start":1730770614796,"stop":1730770614857,"duration":61},"status":"passed","steps":[],"attachments":[{"uid":"c0f5df3501e88761","name":"HTTP logs of http://checkip.amazonaws.com/","source":"c0f5df3501e88761.txt","type":"text/plain","size":357}],"parameters":[],"shouldDisplayMessage":false,"stepsCount":0,"attachmentsCount":1,"hasContent":true,"attachmentStep":false}],"attachments":[{"uid":"f5ec59302bd4063f","name":"Cookies","source":"f5ec59302bd4063f.json","type":"application/json","size":3583},{"uid":"d2a607e3eba2ba1c","name":"Session Storage","source":"d2a607e3eba2ba1c.json","type":"application/json","size":359},{"uid":"c4405dae9ddf245","name":"Local Storage","source":"c4405dae9ddf245.json","type":"application/json","size":780},{"uid":"e76f78c1a8317239","name":"Console Logs","source":"e76f78c1a8317239.json","type":"application/json","size":236},{"uid":"160b2f52d98b4d32","name":"Full Page Screenshot","source":"160b2f52d98b4d32.png","type":"image/png","size":4185858},{"uid":"5d0c7c6f02a362b0","name":"URL","source":"5d0c7c6f02a362b0.uri","type":"text/uri-list","size":23},{"uid":"c1b6e1b1ad919b4","name":"Network Logs","source":"c1b6e1b1ad919b4.json","type":"application/json","size":3950823}],"parameters":[],"shouldDisplayMessage":true,"stepsCount":2,"attachmentsCount":8,"hasContent":true,"attachmentStep":false},"afterStages":[{"name":"session_request::0","time":{"start":1730770726673,"stop":1730770726673,"duration":0},"status":"passed","steps":[],"attachments":[],"parameters":[],"shouldDisplayMessage":false,"stepsCount":0,"attachmentsCount":0,"hasContent":false,"attachmentStep":false}],"labels":[{"name":"epic","value":"Security"},{"name":"severity","value":"blocker"},{"name":"feature","value":"Login"},{"name":"tag","value":"run(order=3)"},{"name":"tag","value":"security"},{"name":"parentSuite","value":"tests"},{"name":"suite","value":"login_test"},{"name":"subSuite","value":"TestLogin"},{"name":"host","value":"fv-az1153-265"},{"name":"thread","value":"1948-MainThread"},{"name":"framework","value":"pytest"},{"name":"language","value":"cpython3"},{"name":"package","value":"tests.login_test"},{"name":"resultFormat","value":"allure2"}],"parameters":[{"name":"email","value":"'elias@gmail.com'"},{"name":"password","value":"'12345Tr'"}],"links":[],"hidden":false,"retry":false,"extra":{"severity":"blocker","retries":[],"categories":[{"name":"Test defects","matchedStatuses":[],"flaky":false}],"tags":["run(order=3)","security"]},"source":"d7540105a885cdfc.json","parameterValues":["'elias@gmail.com'","'12345Tr'"]}