{"uid":"3cc6bcb43e4c647c","name":"Login with invalid credentials test","fullName":"tests.login_test.TestLogin#test_invalid_login","historyId":"9bbc2729137fa409b9bc8067987e1d0d","time":{"start":1700788275548,"stop":1700788285736,"duration":10188},"description":"invalid login","descriptionHtml":"<p>invalid login</p>\n","status":"broken","statusMessage":"selenium.common.exceptions.TimeoutException: Message: \nStacktrace:\n#0 0x5555bc0d35e3 <unknown>\n#1 0x5555bbd960b7 <unknown>\n#2 0x5555bbde3f53 <unknown>\n#3 0x5555bbde4051 <unknown>\n#4 0x5555bbe299c4 <unknown>\n#5 0x5555bbe0af1d <unknown>\n#6 0x5555bbe26b3d <unknown>\n#7 0x5555bbe0acc3 <unknown>\n#8 0x5555bbdd60e4 <unknown>\n#9 0x5555bbdd70ae <unknown>\n#10 0x5555bc099ce1 <unknown>\n#11 0x5555bc09db7e <unknown>\n#12 0x5555bc0874b5 <unknown>\n#13 0x5555bc09e7d6 <unknown>\n#14 0x5555bc06adbf <unknown>\n#15 0x5555bc0c1748 <unknown>\n#16 0x5555bc0c1917 <unknown>\n#17 0x5555bc0d2773 <unknown>\n#18 0x7fc995c94ac3 <unknown>","statusTrace":"self = <tests.login_test.TestLogin object at 0x7fa12200cf90>\nemail = 'elias@gmail.com', password = '12345Tr'\njson_data = {'forgot_password': {'error_message': \"We can't find a user with that e-mail address.\", 'success_message': 'A reset li...you page', 'name': 'test', 'new_name': 'another test', 'no_project_found_msg': 'No project matches the criteria', ...}}\n\n    @allure.description(\"invalid login\")\n    @allure.title(\"Login with invalid credentials test\")\n    @pytest.mark.parametrize(\"email, password\", users)\n    @pytest.mark.run(order=3)\n    def test_invalid_login(self, email: str, password: str, json_data: dict):\n>       self.about_page.click_login_link()\n\ntests/login_test.py:24: \n_ _ _ _ _ _ _ _ _ _ _ _ _ _ _ _ _ _ _ _ _ _ _ _ _ _ _ _ _ _ _ _ _ _ _ _ _ _ _ _ \npages/about_page.py:20: in click_login_link\n    self.click(self.LOGIN_LINK)\npages/base_page.py:38: in click\n    el: WebElement = self.wait.until(\n_ _ _ _ _ _ _ _ _ _ _ _ _ _ _ _ _ _ _ _ _ _ _ _ _ _ _ _ _ _ _ _ _ _ _ _ _ _ _ _ \n\nself = <selenium.webdriver.support.wait.WebDriverWait (session=\"e7e9b21ec814777ba331f3fa9cda74ca\")>\nmethod = <function element_to_be_clickable.<locals>._predicate at 0x7fa122084fe0>\nmessage = ''\n\n    def until(self, method: Callable[[WebDriver], Union[Literal[False], T]], message: str = \"\") -> T:\n        \"\"\"Calls the method provided with the driver as an argument until the \\\n        return value does not evaluate to ``False``.\n    \n        :param method: callable(WebDriver)\n        :param message: optional message for :exc:`TimeoutException`\n        :returns: the result of the last call to `method`\n        :raises: :exc:`selenium.common.exceptions.TimeoutException` if timeout occurs\n        \"\"\"\n        screen = None\n        stacktrace = None\n    \n        end_time = time.monotonic() + self._timeout\n        while True:\n            try:\n                value = method(self._driver)\n                if value:\n                    return value\n            except self._ignored_exceptions as exc:\n                screen = getattr(exc, \"screen\", None)\n                stacktrace = getattr(exc, \"stacktrace\", None)\n            time.sleep(self._poll)\n            if time.monotonic() > end_time:\n                break\n>       raise TimeoutException(message, screen, stacktrace)\nE       selenium.common.exceptions.TimeoutException: Message: \nE       Stacktrace:\nE       #0 0x5555bc0d35e3 <unknown>\nE       #1 0x5555bbd960b7 <unknown>\nE       #2 0x5555bbde3f53 <unknown>\nE       #3 0x5555bbde4051 <unknown>\nE       #4 0x5555bbe299c4 <unknown>\nE       #5 0x5555bbe0af1d <unknown>\nE       #6 0x5555bbe26b3d <unknown>\nE       #7 0x5555bbe0acc3 <unknown>\nE       #8 0x5555bbdd60e4 <unknown>\nE       #9 0x5555bbdd70ae <unknown>\nE       #10 0x5555bc099ce1 <unknown>\nE       #11 0x5555bc09db7e <unknown>\nE       #12 0x5555bc0874b5 <unknown>\nE       #13 0x5555bc09e7d6 <unknown>\nE       #14 0x5555bc06adbf <unknown>\nE       #15 0x5555bc0c1748 <unknown>\nE       #16 0x5555bc0c1917 <unknown>\nE       #17 0x5555bc0d2773 <unknown>\nE       #18 0x7fc995c94ac3 <unknown>\n\n.venv/lib/python3.11/site-packages/selenium/webdriver/support/wait.py:101: TimeoutException","flaky":false,"newFailed":false,"newBroken":false,"newPassed":false,"retriesCount":0,"retriesStatusChange":false,"beforeStages":[{"name":"base_url","time":{"start":1700788234711,"stop":1700788234712,"duration":1},"status":"passed","steps":[],"attachments":[],"parameters":[],"shouldDisplayMessage":false,"stepsCount":0,"attachmentsCount":0,"hasContent":false},{"name":"json_data","time":{"start":1700788234712,"stop":1700788234712,"duration":0},"status":"passed","steps":[],"attachments":[],"parameters":[],"shouldDisplayMessage":false,"stepsCount":0,"attachmentsCount":0,"hasContent":false},{"name":"_verify_url","time":{"start":1700788234712,"stop":1700788234712,"duration":0},"status":"passed","steps":[],"attachments":[],"parameters":[],"shouldDisplayMessage":false,"stepsCount":0,"attachmentsCount":0,"hasContent":false}],"testStage":{"description":"invalid login","status":"broken","statusMessage":"selenium.common.exceptions.TimeoutException: Message: \nStacktrace:\n#0 0x5555bc0d35e3 <unknown>\n#1 0x5555bbd960b7 <unknown>\n#2 0x5555bbde3f53 <unknown>\n#3 0x5555bbde4051 <unknown>\n#4 0x5555bbe299c4 <unknown>\n#5 0x5555bbe0af1d <unknown>\n#6 0x5555bbe26b3d <unknown>\n#7 0x5555bbe0acc3 <unknown>\n#8 0x5555bbdd60e4 <unknown>\n#9 0x5555bbdd70ae <unknown>\n#10 0x5555bc099ce1 <unknown>\n#11 0x5555bc09db7e <unknown>\n#12 0x5555bc0874b5 <unknown>\n#13 0x5555bc09e7d6 <unknown>\n#14 0x5555bc06adbf <unknown>\n#15 0x5555bc0c1748 <unknown>\n#16 0x5555bc0c1917 <unknown>\n#17 0x5555bc0d2773 <unknown>\n#18 0x7fc995c94ac3 <unknown>","statusTrace":"self = <tests.login_test.TestLogin object at 0x7fa12200cf90>\nemail = 'elias@gmail.com', password = '12345Tr'\njson_data = {'forgot_password': {'error_message': \"We can't find a user with that e-mail address.\", 'success_message': 'A reset li...you page', 'name': 'test', 'new_name': 'another test', 'no_project_found_msg': 'No project matches the criteria', ...}}\n\n    @allure.description(\"invalid login\")\n    @allure.title(\"Login with invalid credentials test\")\n    @pytest.mark.parametrize(\"email, password\", users)\n    @pytest.mark.run(order=3)\n    def test_invalid_login(self, email: str, password: str, json_data: dict):\n>       self.about_page.click_login_link()\n\ntests/login_test.py:24: \n_ _ _ _ _ _ _ _ _ _ _ _ _ _ _ _ _ _ _ _ _ _ _ _ _ _ _ _ _ _ _ _ _ _ _ _ _ _ _ _ \npages/about_page.py:20: in click_login_link\n    self.click(self.LOGIN_LINK)\npages/base_page.py:38: in click\n    el: WebElement = self.wait.until(\n_ _ _ _ _ _ _ _ _ _ _ _ _ _ _ _ _ _ _ _ _ _ _ _ _ _ _ _ _ _ _ _ _ _ _ _ _ _ _ _ \n\nself = <selenium.webdriver.support.wait.WebDriverWait (session=\"e7e9b21ec814777ba331f3fa9cda74ca\")>\nmethod = <function element_to_be_clickable.<locals>._predicate at 0x7fa122084fe0>\nmessage = ''\n\n    def until(self, method: Callable[[WebDriver], Union[Literal[False], T]], message: str = \"\") -> T:\n        \"\"\"Calls the method provided with the driver as an argument until the \\\n        return value does not evaluate to ``False``.\n    \n        :param method: callable(WebDriver)\n        :param message: optional message for :exc:`TimeoutException`\n        :returns: the result of the last call to `method`\n        :raises: :exc:`selenium.common.exceptions.TimeoutException` if timeout occurs\n        \"\"\"\n        screen = None\n        stacktrace = None\n    \n        end_time = time.monotonic() + self._timeout\n        while True:\n            try:\n                value = method(self._driver)\n                if value:\n                    return value\n            except self._ignored_exceptions as exc:\n                screen = getattr(exc, \"screen\", None)\n                stacktrace = getattr(exc, \"stacktrace\", None)\n            time.sleep(self._poll)\n            if time.monotonic() > end_time:\n                break\n>       raise TimeoutException(message, screen, stacktrace)\nE       selenium.common.exceptions.TimeoutException: Message: \nE       Stacktrace:\nE       #0 0x5555bc0d35e3 <unknown>\nE       #1 0x5555bbd960b7 <unknown>\nE       #2 0x5555bbde3f53 <unknown>\nE       #3 0x5555bbde4051 <unknown>\nE       #4 0x5555bbe299c4 <unknown>\nE       #5 0x5555bbe0af1d <unknown>\nE       #6 0x5555bbe26b3d <unknown>\nE       #7 0x5555bbe0acc3 <unknown>\nE       #8 0x5555bbdd60e4 <unknown>\nE       #9 0x5555bbdd70ae <unknown>\nE       #10 0x5555bc099ce1 <unknown>\nE       #11 0x5555bc09db7e <unknown>\nE       #12 0x5555bc0874b5 <unknown>\nE       #13 0x5555bc09e7d6 <unknown>\nE       #14 0x5555bc06adbf <unknown>\nE       #15 0x5555bc0c1748 <unknown>\nE       #16 0x5555bc0c1917 <unknown>\nE       #17 0x5555bc0d2773 <unknown>\nE       #18 0x7fc995c94ac3 <unknown>\n\n.venv/lib/python3.11/site-packages/selenium/webdriver/support/wait.py:101: TimeoutException","steps":[{"name":"Click Login link","time":{"start":1700788275548,"stop":1700788285736,"duration":10188},"status":"broken","statusMessage":"selenium.common.exceptions.TimeoutException: Message: \nStacktrace:\n#0 0x5555bc0d35e3 <unknown>\n#1 0x5555bbd960b7 <unknown>\n#2 0x5555bbde3f53 <unknown>\n#3 0x5555bbde4051 <unknown>\n#4 0x5555bbe299c4 <unknown>\n#5 0x5555bbe0af1d <unknown>\n#6 0x5555bbe26b3d <unknown>\n#7 0x5555bbe0acc3 <unknown>\n#8 0x5555bbdd60e4 <unknown>\n#9 0x5555bbdd70ae <unknown>\n#10 0x5555bc099ce1 <unknown>\n#11 0x5555bc09db7e <unknown>\n#12 0x5555bc0874b5 <unknown>\n#13 0x5555bc09e7d6 <unknown>\n#14 0x5555bc06adbf <unknown>\n#15 0x5555bc0c1748 <unknown>\n#16 0x5555bc0c1917 <unknown>\n#17 0x5555bc0d2773 <unknown>\n#18 0x7fc995c94ac3 <unknown>\n\n","statusTrace":"  File \"/home/runner/work/Selenium-Python-Example/Selenium-Python-Example/.venv/lib/python3.11/site-packages/allure_commons/_allure.py\", line 192, in impl\n    return func(*a, **kw)\n           ^^^^^^^^^^^^^^\n  File \"/home/runner/work/Selenium-Python-Example/Selenium-Python-Example/pages/about_page.py\", line 20, in click_login_link\n    self.click(self.LOGIN_LINK)\n  File \"/home/runner/work/Selenium-Python-Example/Selenium-Python-Example/pages/base_page.py\", line 38, in click\n    el: WebElement = self.wait.until(\n                     ^^^^^^^^^^^^^^^^\n  File \"/home/runner/work/Selenium-Python-Example/Selenium-Python-Example/.venv/lib/python3.11/site-packages/selenium/webdriver/support/wait.py\", line 101, in until\n    raise TimeoutException(message, screen, stacktrace)\n","steps":[],"attachments":[],"parameters":[],"shouldDisplayMessage":true,"stepsCount":0,"attachmentsCount":0,"hasContent":true}],"attachments":[{"uid":"83d6c69b4fcbf57a","name":"public ip address","source":"83d6c69b4fcbf57a.txt","type":"text/plain","size":12},{"uid":"aad77e75d84d8c4b","name":"Cookies","source":"aad77e75d84d8c4b.json","type":"application/json","size":3359},{"uid":"663c77e9cb57f661","name":"Session Storage","source":"663c77e9cb57f661.json","type":"application/json","size":358},{"uid":"b5384114797a9af","name":"Local Storage","source":"b5384114797a9af.json","type":"application/json","size":208},{"uid":"bf66a4928a01c633","name":"Console Logs","source":"bf66a4928a01c633.json","type":"application/json","size":2},{"uid":"f450d358a43aff10","name":"Full Page Screenshot","source":"f450d358a43aff10.png","type":"image/png","size":1203202},{"uid":"4dd0a805493f10b5","name":"URL","source":"4dd0a805493f10b5.uri","type":"text/uri-list","size":23},{"uid":"59bcf905999ba6d7","name":"Network Logs","source":"59bcf905999ba6d7.json","type":"application/json","size":22792}],"parameters":[],"shouldDisplayMessage":true,"stepsCount":1,"attachmentsCount":8,"hasContent":true},"afterStages":[],"labels":[{"name":"feature","value":"Login"},{"name":"epic","value":"Security"},{"name":"severity","value":"blocker"},{"name":"tag","value":"run(order=3)"},{"name":"tag","value":"security"},{"name":"parentSuite","value":"tests"},{"name":"suite","value":"login_test"},{"name":"subSuite","value":"TestLogin"},{"name":"host","value":"fv-az915-694"},{"name":"thread","value":"2217-MainThread"},{"name":"framework","value":"pytest"},{"name":"language","value":"cpython3"},{"name":"package","value":"tests.login_test"},{"name":"resultFormat","value":"allure2"}],"parameters":[{"name":"email","value":"'elias@gmail.com'"},{"name":"password","value":"'12345Tr'"}],"links":[],"hidden":false,"retry":false,"extra":{"severity":"blocker","retries":[],"categories":[{"name":"Test defects","matchedStatuses":[],"flaky":false}],"tags":["run(order=3)","security"]},"source":"3cc6bcb43e4c647c.json","parameterValues":["'elias@gmail.com'","'12345Tr'"]}