{
  "uid" : "3f11a0e549f7c44d",
  "name" : "Delete existing project",
  "fullName" : "tests.test_workspaces.TestWorkspaces#test_delete_project",
  "historyId" : "d24bb8ba4e26861dd091ba1e78a5d0b8",
  "time" : {
    "start" : 1651955815513,
    "stop" : 1651955829892,
    "duration" : 14379
  },
  "description" : "Deleting an existing project from workspace",
  "descriptionHtml" : "<p>Deleting an existing project from workspace</p>\n",
  "status" : "broken",
  "statusMessage" : "selenium.common.exceptions.TimeoutException: Message:",
  "statusTrace" : "self = <tests.test_workspaces.TestWorkspaces object at 0x7f91f8ae6c70>\n\n    @allure.description(\"Deleting an existing project from workspace\")\n    @allure.title(\"Delete existing project\")\n    @pytest.mark.run(order=9)\n    def test_delete_project(self):\n        login(self.config_reader, self.pages)\n>       before = self.pages['projects_page'].get_projects_number_in_page()\n\ntests/test_workspaces.py:116: \n_ _ _ _ _ _ _ _ _ _ _ _ _ _ _ _ _ _ _ _ _ _ _ _ _ _ _ _ _ _ _ _ _ _ _ _ _ _ _ _ \npages/projects_page.py:127: in get_projects_number_in_page\n    projects = self._wait.until(\n_ _ _ _ _ _ _ _ _ _ _ _ _ _ _ _ _ _ _ _ _ _ _ _ _ _ _ _ _ _ _ _ _ _ _ _ _ _ _ _ \n\nself = <selenium.webdriver.support.wait.WebDriverWait (session=\"c875eab35b4d3fd34ae9621d10594f29\")>\nmethod = <function visibility_of_all_elements_located.<locals>._predicate at 0x7f91f79f5b80>\nmessage = ''\n\n    def until(self, method, message=''):\n        \"\"\"Calls the method provided with the driver as an argument until the \\\n        return value does not evaluate to ``False``.\n    \n        :param method: callable(WebDriver)\n        :param message: optional message for :exc:`TimeoutException`\n        :returns: the result of the last call to `method`\n        :raises: :exc:`selenium.common.exceptions.TimeoutException` if timeout occurs\n        \"\"\"\n        screen = None\n        stacktrace = None\n    \n        end_time = time.monotonic() + self._timeout\n        while True:\n            try:\n                value = method(self._driver)\n                if value:\n                    return value\n            except InvalidSelectorException as e:\n                raise e\n            except self._ignored_exceptions as exc:\n                screen = getattr(exc, 'screen', None)\n                stacktrace = getattr(exc, 'stacktrace', None)\n            time.sleep(self._poll)\n            if time.monotonic() > end_time:\n                break\n>       raise TimeoutException(message, screen, stacktrace)\nE       selenium.common.exceptions.TimeoutException: Message:\n\n/opt/hostedtoolcache/Python/3.9.12/x64/lib/python3.9/site-packages/selenium/webdriver/support/wait.py:89: TimeoutException",
  "flaky" : false,
  "newFailed" : false,
  "beforeStages" : [ {
    "name" : "pages",
    "time" : {
      "start" : 1651955815510,
      "stop" : 1651955815511,
      "duration" : 1
    },
    "status" : "passed",
    "steps" : [ ],
    "attachments" : [ ],
    "parameters" : [ ],
    "stepsCount" : 0,
    "attachmentsCount" : 0,
    "shouldDisplayMessage" : false,
    "hasContent" : false
  }, {
    "name" : "create_driver",
    "time" : {
      "start" : 1651955813383,
      "stop" : 1651955815510,
      "duration" : 2127
    },
    "status" : "passed",
    "steps" : [ ],
    "attachments" : [ ],
    "parameters" : [ ],
    "stepsCount" : 0,
    "attachmentsCount" : 0,
    "shouldDisplayMessage" : false,
    "hasContent" : false
  }, {
    "name" : "write_allure_environment",
    "time" : {
      "start" : 1651955813383,
      "stop" : 1651955813383,
      "duration" : 0
    },
    "status" : "passed",
    "steps" : [ ],
    "attachments" : [ ],
    "parameters" : [ ],
    "stepsCount" : 0,
    "attachmentsCount" : 0,
    "shouldDisplayMessage" : false,
    "hasContent" : false
  }, {
    "name" : "prep_properties",
    "time" : {
      "start" : 1651955645948,
      "stop" : 1651955645962,
      "duration" : 14
    },
    "status" : "passed",
    "steps" : [ ],
    "attachments" : [ ],
    "parameters" : [ ],
    "stepsCount" : 0,
    "attachmentsCount" : 0,
    "shouldDisplayMessage" : false,
    "hasContent" : false
  }, {
    "name" : "injector",
    "time" : {
      "start" : 1651955815511,
      "stop" : 1651955815511,
      "duration" : 0
    },
    "status" : "passed",
    "steps" : [ ],
    "attachments" : [ ],
    "parameters" : [ ],
    "stepsCount" : 0,
    "attachmentsCount" : 0,
    "shouldDisplayMessage" : false,
    "hasContent" : false
  } ],
  "testStage" : {
    "description" : "Deleting an existing project from workspace",
    "status" : "broken",
    "statusMessage" : "selenium.common.exceptions.TimeoutException: Message:",
    "statusTrace" : "self = <tests.test_workspaces.TestWorkspaces object at 0x7f91f8ae6c70>\n\n    @allure.description(\"Deleting an existing project from workspace\")\n    @allure.title(\"Delete existing project\")\n    @pytest.mark.run(order=9)\n    def test_delete_project(self):\n        login(self.config_reader, self.pages)\n>       before = self.pages['projects_page'].get_projects_number_in_page()\n\ntests/test_workspaces.py:116: \n_ _ _ _ _ _ _ _ _ _ _ _ _ _ _ _ _ _ _ _ _ _ _ _ _ _ _ _ _ _ _ _ _ _ _ _ _ _ _ _ \npages/projects_page.py:127: in get_projects_number_in_page\n    projects = self._wait.until(\n_ _ _ _ _ _ _ _ _ _ _ _ _ _ _ _ _ _ _ _ _ _ _ _ _ _ _ _ _ _ _ _ _ _ _ _ _ _ _ _ \n\nself = <selenium.webdriver.support.wait.WebDriverWait (session=\"c875eab35b4d3fd34ae9621d10594f29\")>\nmethod = <function visibility_of_all_elements_located.<locals>._predicate at 0x7f91f79f5b80>\nmessage = ''\n\n    def until(self, method, message=''):\n        \"\"\"Calls the method provided with the driver as an argument until the \\\n        return value does not evaluate to ``False``.\n    \n        :param method: callable(WebDriver)\n        :param message: optional message for :exc:`TimeoutException`\n        :returns: the result of the last call to `method`\n        :raises: :exc:`selenium.common.exceptions.TimeoutException` if timeout occurs\n        \"\"\"\n        screen = None\n        stacktrace = None\n    \n        end_time = time.monotonic() + self._timeout\n        while True:\n            try:\n                value = method(self._driver)\n                if value:\n                    return value\n            except InvalidSelectorException as e:\n                raise e\n            except self._ignored_exceptions as exc:\n                screen = getattr(exc, 'screen', None)\n                stacktrace = getattr(exc, 'stacktrace', None)\n            time.sleep(self._poll)\n            if time.monotonic() > end_time:\n                break\n>       raise TimeoutException(message, screen, stacktrace)\nE       selenium.common.exceptions.TimeoutException: Message:\n\n/opt/hostedtoolcache/Python/3.9.12/x64/lib/python3.9/site-packages/selenium/webdriver/support/wait.py:89: TimeoutException",
    "steps" : [ {
      "name" : "Click Login link",
      "time" : {
        "start" : 1651955815514,
        "stop" : 1651955816721,
        "duration" : 1207
      },
      "status" : "passed",
      "steps" : [ ],
      "attachments" : [ ],
      "parameters" : [ ],
      "stepsCount" : 0,
      "attachmentsCount" : 0,
      "shouldDisplayMessage" : false,
      "hasContent" : false
    }, {
      "name" : "Log in with username: 'elias123@gmail.com' and password: 'El123456789'",
      "time" : {
        "start" : 1651955816722,
        "stop" : 1651955818779,
        "duration" : 2057
      },
      "status" : "passed",
      "steps" : [ ],
      "attachments" : [ ],
      "parameters" : [ {
        "name" : "username",
        "value" : "'elias123@gmail.com'"
      }, {
        "name" : "password",
        "value" : "'El123456789'"
      } ],
      "stepsCount" : 0,
      "attachmentsCount" : 0,
      "shouldDisplayMessage" : false,
      "hasContent" : true
    }, {
      "name" : "Get number of projects display on page",
      "time" : {
        "start" : 1651955818779,
        "stop" : 1651955829891,
        "duration" : 11112
      },
      "status" : "broken",
      "statusMessage" : "selenium.common.exceptions.TimeoutException: Message: \n\n",
      "statusTrace" : "  File \"/opt/hostedtoolcache/Python/3.9.12/x64/lib/python3.9/site-packages/allure_commons/_allure.py\", line 172, in impl\n    return func(*a, **kw)\n  File \"/home/runner/work/Selenium-Python-Example/Selenium-Python-Example/pages/projects_page.py\", line 127, in get_projects_number_in_page\n    projects = self._wait.until(\n  File \"/opt/hostedtoolcache/Python/3.9.12/x64/lib/python3.9/site-packages/selenium/webdriver/support/wait.py\", line 89, in until\n    raise TimeoutException(message, screen, stacktrace)\n",
      "steps" : [ ],
      "attachments" : [ ],
      "parameters" : [ ],
      "stepsCount" : 0,
      "attachmentsCount" : 0,
      "shouldDisplayMessage" : true,
      "hasContent" : true
    } ],
    "attachments" : [ {
      "uid" : "89c65eef9ab8fe1e",
      "name" : "log",
      "source" : "89c65eef9ab8fe1e.txt",
      "type" : "text/plain",
      "size" : 366
    }, {
      "uid" : "38114cd79c7daa4e",
      "name" : "stderr",
      "source" : "38114cd79c7daa4e.txt",
      "type" : "text/plain",
      "size" : 237
    } ],
    "parameters" : [ ],
    "stepsCount" : 3,
    "attachmentsCount" : 2,
    "shouldDisplayMessage" : true,
    "hasContent" : true
  },
  "afterStages" : [ {
    "name" : "create_driver::0",
    "time" : {
      "start" : 1651955829904,
      "stop" : 1651955830030,
      "duration" : 126
    },
    "status" : "passed",
    "steps" : [ ],
    "attachments" : [ {
      "uid" : "41b58c7e6e992d62",
      "name" : "screenshot on failure: 07/05/2022, 20:37:09",
      "source" : "41b58c7e6e992d62.png",
      "type" : "image/png",
      "size" : 65620
    }, {
      "uid" : "854d44813cb4abc7",
      "name" : "public ip address",
      "source" : "854d44813cb4abc7.txt",
      "type" : "text/plain",
      "size" : 14
    } ],
    "parameters" : [ ],
    "stepsCount" : 0,
    "attachmentsCount" : 2,
    "shouldDisplayMessage" : false,
    "hasContent" : true
  }, {
    "name" : "write_allure_environment::0",
    "time" : {
      "start" : 1651955830031,
      "stop" : 1651955830031,
      "duration" : 0
    },
    "status" : "passed",
    "steps" : [ ],
    "attachments" : [ ],
    "parameters" : [ ],
    "stepsCount" : 0,
    "attachmentsCount" : 0,
    "shouldDisplayMessage" : false,
    "hasContent" : false
  } ],
  "labels" : [ {
    "name" : "severity",
    "value" : "normal"
  }, {
    "name" : "story",
    "value" : "WorkSpaces Creation and Editing Functionality"
  }, {
    "name" : "epic",
    "value" : "Workspaces"
  }, {
    "name" : "tag",
    "value" : "run(order=9)"
  }, {
    "name" : "parentSuite",
    "value" : "tests"
  }, {
    "name" : "suite",
    "value" : "test_workspaces"
  }, {
    "name" : "subSuite",
    "value" : "TestWorkspaces"
  }, {
    "name" : "host",
    "value" : "fv-az105-19"
  }, {
    "name" : "thread",
    "value" : "2113-MainThread"
  }, {
    "name" : "framework",
    "value" : "pytest"
  }, {
    "name" : "language",
    "value" : "cpython3"
  }, {
    "name" : "package",
    "value" : "tests.test_workspaces"
  }, {
    "name" : "resultFormat",
    "value" : "allure2"
  } ],
  "parameters" : [ ],
  "links" : [ ],
  "hidden" : false,
  "retry" : false,
  "extra" : {
    "severity" : "normal",
    "retries" : [ ],
    "categories" : [ {
      "name" : "Test defects",
      "matchedStatuses" : [ ],
      "flaky" : false
    } ],
    "tags" : [ "run(order=9)" ]
  },
  "source" : "3f11a0e549f7c44d.json",
  "parameterValues" : [ ]
}