{"uid":"dfd0c15cd18d54c5","name":"Forgot Password with valid email test","fullName":"tests.forgot_password_test.TestForgotPassword#test_valid_email","historyId":"d6dde1715fb973c93e423cd6a34e3dff","time":{"start":1735781786826,"stop":1735781796907,"duration":10081},"description":"Forgot password with a valid email address","descriptionHtml":"<p>Forgot password with a valid email address</p>\n","status":"broken","statusMessage":"selenium.common.exceptions.TimeoutException: Message: \nStacktrace:\n#0 0x564d9a18731a <unknown>\n#1 0x564d99c9d6e0 <unknown>\n#2 0x564d99cec3e6 <unknown>\n#3 0x564d99cec681 <unknown>\n#4 0x564d99d31b04 <unknown>\n#5 0x564d99d1048d <unknown>\n#6 0x564d99d2eed7 <unknown>\n#7 0x564d99d10203 <unknown>\n#8 0x564d99cdecc0 <unknown>\n#9 0x564d99cdfc9e <unknown>\n#10 0x564d9a154d0b <unknown>\n#11 0x564d9a158c92 <unknown>\n#12 0x564d9a141b3c <unknown>\n#13 0x564d9a159807 <unknown>\n#14 0x564d9a1270df <unknown>\n#15 0x564d9a176578 <unknown>\n#16 0x564d9a176740 <unknown>\n#17 0x564d9a186196 <unknown>\n#18 0x7ffafd69ca94 <unknown>\n#19 0x7ffafd729c3c <unknown>","statusTrace":"self = <tests.forgot_password_test.TestForgotPassword object at 0x7f61e681a210>\ndata = Data(forgot_password=ForgotPassword(error_message=\"We can't find a user with that e-mail address.\", success_message='A...ct='Non Existing', page_title='My Workspace', project_name='test project', project_type='quiz', template_type='Blank'))\n\n    @allure.description(\"Forgot password with a valid email address\")\n    @allure.title(\"Forgot Password with valid email test\")\n    def test_valid_email(self, data: Data):\n>       self.about_page.click_login_link()\n\ntests/forgot_password_test.py:22: \n_ _ _ _ _ _ _ _ _ _ _ _ _ _ _ _ _ _ _ _ _ _ _ _ _ _ _ _ _ _ _ _ _ _ _ _ _ _ _ _ \npages/about_page.py:20: in click_login_link\n    self.click(self.LOGIN_LINK)\npages/base_page.py:60: in click\n    el: WebElement = self.wait.until(\n_ _ _ _ _ _ _ _ _ _ _ _ _ _ _ _ _ _ _ _ _ _ _ _ _ _ _ _ _ _ _ _ _ _ _ _ _ _ _ _ \n\nself = <selenium.webdriver.support.wait.WebDriverWait (session=\"098720695bb2a9d85d77f81f06fcbf30\")>\nmethod = <function element_to_be_clickable.<locals>._predicate at 0x7f61e4636a20>\nmessage = ''\n\n    def until(self, method: Callable[[D], Union[Literal[False], T]], message: str = \"\") -> T:\n        \"\"\"Calls the method provided with the driver as an argument until the \\\n        return value does not evaluate to ``False``.\n    \n        :param method: callable(WebDriver)\n        :param message: optional message for :exc:`TimeoutException`\n        :returns: the result of the last call to `method`\n        :raises: :exc:`selenium.common.exceptions.TimeoutException` if timeout occurs\n        \"\"\"\n        screen = None\n        stacktrace = None\n    \n        end_time = time.monotonic() + self._timeout\n        while True:\n            try:\n                value = method(self._driver)\n                if value:\n                    return value\n            except self._ignored_exceptions as exc:\n                screen = getattr(exc, \"screen\", None)\n                stacktrace = getattr(exc, \"stacktrace\", None)\n            if time.monotonic() > end_time:\n                break\n            time.sleep(self._poll)\n>       raise TimeoutException(message, screen, stacktrace)\nE       selenium.common.exceptions.TimeoutException: Message: \nE       Stacktrace:\nE       #0 0x564d9a18731a <unknown>\nE       #1 0x564d99c9d6e0 <unknown>\nE       #2 0x564d99cec3e6 <unknown>\nE       #3 0x564d99cec681 <unknown>\nE       #4 0x564d99d31b04 <unknown>\nE       #5 0x564d99d1048d <unknown>\nE       #6 0x564d99d2eed7 <unknown>\nE       #7 0x564d99d10203 <unknown>\nE       #8 0x564d99cdecc0 <unknown>\nE       #9 0x564d99cdfc9e <unknown>\nE       #10 0x564d9a154d0b <unknown>\nE       #11 0x564d9a158c92 <unknown>\nE       #12 0x564d9a141b3c <unknown>\nE       #13 0x564d9a159807 <unknown>\nE       #14 0x564d9a1270df <unknown>\nE       #15 0x564d9a176578 <unknown>\nE       #16 0x564d9a176740 <unknown>\nE       #17 0x564d9a186196 <unknown>\nE       #18 0x7ffafd69ca94 <unknown>\nE       #19 0x7ffafd729c3c <unknown>\n\n.venv/lib/python3.12/site-packages/selenium/webdriver/support/wait.py:105: TimeoutException","flaky":false,"newFailed":false,"newBroken":false,"newPassed":false,"retriesCount":0,"retriesStatusChange":false,"beforeStages":[{"name":"base_url","time":{"start":1735781786824,"stop":1735781786824,"duration":0},"status":"passed","steps":[],"attachments":[],"parameters":[],"shouldDisplayMessage":false,"stepsCount":0,"attachmentsCount":0,"hasContent":false,"attachmentStep":false},{"name":"session_request","time":{"start":1735781786824,"stop":1735781786825,"duration":1},"status":"passed","steps":[],"attachments":[],"parameters":[],"shouldDisplayMessage":false,"stepsCount":0,"attachmentsCount":0,"hasContent":false,"attachmentStep":false},{"name":"_verify_url","time":{"start":1735781786824,"stop":1735781786824,"duration":0},"status":"passed","steps":[],"attachments":[],"parameters":[],"shouldDisplayMessage":false,"stepsCount":0,"attachmentsCount":0,"hasContent":false,"attachmentStep":false},{"name":"data","time":{"start":1735781786825,"stop":1735781786826,"duration":1},"status":"passed","steps":[],"attachments":[],"parameters":[],"shouldDisplayMessage":false,"stepsCount":0,"attachmentsCount":0,"hasContent":false,"attachmentStep":false}],"testStage":{"description":"Forgot password with a valid email address","status":"broken","statusMessage":"selenium.common.exceptions.TimeoutException: Message: \nStacktrace:\n#0 0x564d9a18731a <unknown>\n#1 0x564d99c9d6e0 <unknown>\n#2 0x564d99cec3e6 <unknown>\n#3 0x564d99cec681 <unknown>\n#4 0x564d99d31b04 <unknown>\n#5 0x564d99d1048d <unknown>\n#6 0x564d99d2eed7 <unknown>\n#7 0x564d99d10203 <unknown>\n#8 0x564d99cdecc0 <unknown>\n#9 0x564d99cdfc9e <unknown>\n#10 0x564d9a154d0b <unknown>\n#11 0x564d9a158c92 <unknown>\n#12 0x564d9a141b3c <unknown>\n#13 0x564d9a159807 <unknown>\n#14 0x564d9a1270df <unknown>\n#15 0x564d9a176578 <unknown>\n#16 0x564d9a176740 <unknown>\n#17 0x564d9a186196 <unknown>\n#18 0x7ffafd69ca94 <unknown>\n#19 0x7ffafd729c3c <unknown>","statusTrace":"self = <tests.forgot_password_test.TestForgotPassword object at 0x7f61e681a210>\ndata = Data(forgot_password=ForgotPassword(error_message=\"We can't find a user with that e-mail address.\", success_message='A...ct='Non Existing', page_title='My Workspace', project_name='test project', project_type='quiz', template_type='Blank'))\n\n    @allure.description(\"Forgot password with a valid email address\")\n    @allure.title(\"Forgot Password with valid email test\")\n    def test_valid_email(self, data: Data):\n>       self.about_page.click_login_link()\n\ntests/forgot_password_test.py:22: \n_ _ _ _ _ _ _ _ _ _ _ _ _ _ _ _ _ _ _ _ _ _ _ _ _ _ _ _ _ _ _ _ _ _ _ _ _ _ _ _ \npages/about_page.py:20: in click_login_link\n    self.click(self.LOGIN_LINK)\npages/base_page.py:60: in click\n    el: WebElement = self.wait.until(\n_ _ _ _ _ _ _ _ _ _ _ _ _ _ _ _ _ _ _ _ _ _ _ _ _ _ _ _ _ _ _ _ _ _ _ _ _ _ _ _ \n\nself = <selenium.webdriver.support.wait.WebDriverWait (session=\"098720695bb2a9d85d77f81f06fcbf30\")>\nmethod = <function element_to_be_clickable.<locals>._predicate at 0x7f61e4636a20>\nmessage = ''\n\n    def until(self, method: Callable[[D], Union[Literal[False], T]], message: str = \"\") -> T:\n        \"\"\"Calls the method provided with the driver as an argument until the \\\n        return value does not evaluate to ``False``.\n    \n        :param method: callable(WebDriver)\n        :param message: optional message for :exc:`TimeoutException`\n        :returns: the result of the last call to `method`\n        :raises: :exc:`selenium.common.exceptions.TimeoutException` if timeout occurs\n        \"\"\"\n        screen = None\n        stacktrace = None\n    \n        end_time = time.monotonic() + self._timeout\n        while True:\n            try:\n                value = method(self._driver)\n                if value:\n                    return value\n            except self._ignored_exceptions as exc:\n                screen = getattr(exc, \"screen\", None)\n                stacktrace = getattr(exc, \"stacktrace\", None)\n            if time.monotonic() > end_time:\n                break\n            time.sleep(self._poll)\n>       raise TimeoutException(message, screen, stacktrace)\nE       selenium.common.exceptions.TimeoutException: Message: \nE       Stacktrace:\nE       #0 0x564d9a18731a <unknown>\nE       #1 0x564d99c9d6e0 <unknown>\nE       #2 0x564d99cec3e6 <unknown>\nE       #3 0x564d99cec681 <unknown>\nE       #4 0x564d99d31b04 <unknown>\nE       #5 0x564d99d1048d <unknown>\nE       #6 0x564d99d2eed7 <unknown>\nE       #7 0x564d99d10203 <unknown>\nE       #8 0x564d99cdecc0 <unknown>\nE       #9 0x564d99cdfc9e <unknown>\nE       #10 0x564d9a154d0b <unknown>\nE       #11 0x564d9a158c92 <unknown>\nE       #12 0x564d9a141b3c <unknown>\nE       #13 0x564d9a159807 <unknown>\nE       #14 0x564d9a1270df <unknown>\nE       #15 0x564d9a176578 <unknown>\nE       #16 0x564d9a176740 <unknown>\nE       #17 0x564d9a186196 <unknown>\nE       #18 0x7ffafd69ca94 <unknown>\nE       #19 0x7ffafd729c3c <unknown>\n\n.venv/lib/python3.12/site-packages/selenium/webdriver/support/wait.py:105: TimeoutException","steps":[{"name":"Click Login link","time":{"start":1735781786826,"stop":1735781796906,"duration":10080},"status":"broken","statusMessage":"selenium.common.exceptions.TimeoutException: Message: \nStacktrace:\n#0 0x564d9a18731a <unknown>\n#1 0x564d99c9d6e0 <unknown>\n#2 0x564d99cec3e6 <unknown>\n#3 0x564d99cec681 <unknown>\n#4 0x564d99d31b04 <unknown>\n#5 0x564d99d1048d <unknown>\n#6 0x564d99d2eed7 <unknown>\n#7 0x564d99d10203 <unknown>\n#8 0x564d99cdecc0 <unknown>\n#9 0x564d99cdfc9e <unknown>\n#10 0x564d9a154d0b <unknown>\n#11 0x564d9a158c92 <unknown>\n#12 0x564d9a141b3c <unknown>\n#13 0x564d9a159807 <unknown>\n#14 0x564d9a1270df <unknown>\n#15 0x564d9a176578 <unknown>\n#16 0x564d9a176740 <unknown>\n#17 0x564d9a186196 <unknown>\n#18 0x7ffafd69ca94 <unknown>\n#19 0x7ffafd729c3c <unknown>\n\n","statusTrace":"  File \"/home/runner/work/Selenium-Python-Example/Selenium-Python-Example/.venv/lib/python3.12/site-packages/allure_commons/_allure.py\", line 192, in impl\n    return func(*a, **kw)\n           ^^^^^^^^^^^^^^\n  File \"/home/runner/work/Selenium-Python-Example/Selenium-Python-Example/pages/about_page.py\", line 20, in click_login_link\n    self.click(self.LOGIN_LINK)\n  File \"/home/runner/work/Selenium-Python-Example/Selenium-Python-Example/pages/base_page.py\", line 60, in click\n    el: WebElement = self.wait.until(\n                     ^^^^^^^^^^^^^^^^\n  File \"/home/runner/work/Selenium-Python-Example/Selenium-Python-Example/.venv/lib/python3.12/site-packages/selenium/webdriver/support/wait.py\", line 105, in until\n    raise TimeoutException(message, screen, stacktrace)\n","steps":[],"attachments":[],"parameters":[],"shouldDisplayMessage":true,"stepsCount":0,"attachmentsCount":0,"hasContent":true,"attachmentStep":false},{"name":"public ip address","time":{"start":1735781796962,"stop":1735781797109,"duration":147},"status":"passed","steps":[],"attachments":[{"uid":"b8dc84e8e35e683b","name":"HTTP logs of http://checkip.amazonaws.com/","source":"b8dc84e8e35e683b.txt","type":"text/plain","size":358}],"parameters":[],"shouldDisplayMessage":false,"stepsCount":0,"attachmentsCount":1,"hasContent":true,"attachmentStep":false}],"attachments":[{"uid":"ab4dcb67be8a77a0","name":"Cookies","source":"ab4dcb67be8a77a0.json","type":"application/json","size":3583},{"uid":"80e945061cad80db","name":"Session Storage","source":"80e945061cad80db.json","type":"application/json","size":359},{"uid":"f98afd5a0ec1608e","name":"Local Storage","source":"f98afd5a0ec1608e.json","type":"application/json","size":791},{"uid":"f19f69d198e986e4","name":"Console Logs","source":"f19f69d198e986e4.json","type":"application/json","size":236},{"uid":"eb4a7d8ad8d614ec","name":"Full Page Screenshot","source":"eb4a7d8ad8d614ec.png","type":"image/png","size":4151793},{"uid":"932792e7ef88a6cf","name":"URL","source":"932792e7ef88a6cf.uri","type":"text/uri-list","size":23},{"uid":"90bbff0bde11292d","name":"Network Logs","source":"90bbff0bde11292d.json","type":"application/json","size":4211769}],"parameters":[],"shouldDisplayMessage":true,"stepsCount":2,"attachmentsCount":8,"hasContent":true,"attachmentStep":false},"afterStages":[{"name":"session_request::0","time":{"start":1735781862496,"stop":1735781862496,"duration":0},"status":"passed","steps":[],"attachments":[],"parameters":[],"shouldDisplayMessage":false,"stepsCount":0,"attachmentsCount":0,"hasContent":false,"attachmentStep":false}],"labels":[{"name":"parentSuite","value":"Custom parent suite"},{"name":"subSuite","value":"Custom sub suite"},{"name":"suite","value":"Custom suite"},{"name":"epic","value":"Security"},{"name":"severity","value":"critical"},{"name":"story","value":"Forgot Password Feature's Functionality"},{"name":"tag","value":"security"},{"name":"host","value":"fv-az1915-640"},{"name":"thread","value":"2037-MainThread"},{"name":"framework","value":"pytest"},{"name":"language","value":"cpython3"},{"name":"package","value":"tests.forgot_password_test"},{"name":"resultFormat","value":"allure2"}],"parameters":[],"links":[],"hidden":false,"retry":false,"extra":{"severity":"critical","retries":[],"categories":[{"name":"Test defects","matchedStatuses":[],"flaky":false}],"tags":["security"]},"source":"dfd0c15cd18d54c5.json","parameterValues":[]}