{"uid":"907a7a0df3b97af4","name":"Rename an existing workspace test","fullName":"tests.workspaces_test.TestWorkspaces#test_rename_workspace","historyId":"cd63adf5d11191c5904362b968c9e131","time":{"start":1702602838748,"stop":1702602838748,"duration":0},"description":"Rename an existing workspace","descriptionHtml":"<p>Rename an existing workspace</p>\n","status":"broken","statusMessage":"selenium.common.exceptions.TimeoutException: Message: \nStacktrace:\n#0 0x5604eec54d33 <unknown>\n#1 0x5604ee911f87 <unknown>\n#2 0x5604ee961c0e <unknown>\n#3 0x5604ee961d11 <unknown>\n#4 0x5604ee9ad004 <unknown>\n#5 0x5604ee98b36d <unknown>\n#6 0x5604ee9aa297 <unknown>\n#7 0x5604ee98b0e3 <unknown>\n#8 0x5604ee953044 <unknown>\n#9 0x5604ee95444e <unknown>\n#10 0x5604eec19861 <unknown>\n#11 0x5604eec1d785 <unknown>\n#12 0x5604eec07285 <unknown>\n#13 0x5604eec1e41f <unknown>\n#14 0x5604eebeb20f <unknown>\n#15 0x5604eec42028 <unknown>\n#16 0x5604eec421f7 <unknown>\n#17 0x5604eec53ed4 <unknown>\n#18 0x7f6e9b694ac3 <unknown>","statusTrace":"self = <tests.workspaces_test.TestWorkspaces object at 0x7f7d38633b50>\n\n    @pytest.fixture(autouse=True)\n    def setup_method_fixture(self):\n>       login(self.about_page, self.login_page)\n\ntests/workspaces_test.py:24: \n_ _ _ _ _ _ _ _ _ _ _ _ _ _ _ _ _ _ _ _ _ _ _ _ _ _ _ _ _ _ _ _ _ _ _ _ _ _ _ _ \ntests/workspaces_test.py:14: in login\n    about_page.click_login_link()\npages/about_page.py:20: in click_login_link\n    self.click(self.LOGIN_LINK)\npages/base_page.py:38: in click\n    el: WebElement = self.wait.until(\n_ _ _ _ _ _ _ _ _ _ _ _ _ _ _ _ _ _ _ _ _ _ _ _ _ _ _ _ _ _ _ _ _ _ _ _ _ _ _ _ \n\nself = <selenium.webdriver.support.wait.WebDriverWait (session=\"95782b7d0ea0a8adbba5dd1864a286f0\")>\nmethod = <function element_to_be_clickable.<locals>._predicate at 0x7f7d386ec540>\nmessage = ''\n\n    def until(self, method: Callable[[WebDriver], Union[Literal[False], T]], message: str = \"\") -> T:\n        \"\"\"Calls the method provided with the driver as an argument until the \\\n        return value does not evaluate to ``False``.\n    \n        :param method: callable(WebDriver)\n        :param message: optional message for :exc:`TimeoutException`\n        :returns: the result of the last call to `method`\n        :raises: :exc:`selenium.common.exceptions.TimeoutException` if timeout occurs\n        \"\"\"\n        screen = None\n        stacktrace = None\n    \n        end_time = time.monotonic() + self._timeout\n        while True:\n            try:\n                value = method(self._driver)\n                if value:\n                    return value\n            except self._ignored_exceptions as exc:\n                screen = getattr(exc, \"screen\", None)\n                stacktrace = getattr(exc, \"stacktrace\", None)\n            time.sleep(self._poll)\n            if time.monotonic() > end_time:\n                break\n>       raise TimeoutException(message, screen, stacktrace)\nE       selenium.common.exceptions.TimeoutException: Message: \nE       Stacktrace:\nE       #0 0x5604eec54d33 <unknown>\nE       #1 0x5604ee911f87 <unknown>\nE       #2 0x5604ee961c0e <unknown>\nE       #3 0x5604ee961d11 <unknown>\nE       #4 0x5604ee9ad004 <unknown>\nE       #5 0x5604ee98b36d <unknown>\nE       #6 0x5604ee9aa297 <unknown>\nE       #7 0x5604ee98b0e3 <unknown>\nE       #8 0x5604ee953044 <unknown>\nE       #9 0x5604ee95444e <unknown>\nE       #10 0x5604eec19861 <unknown>\nE       #11 0x5604eec1d785 <unknown>\nE       #12 0x5604eec07285 <unknown>\nE       #13 0x5604eec1e41f <unknown>\nE       #14 0x5604eebeb20f <unknown>\nE       #15 0x5604eec42028 <unknown>\nE       #16 0x5604eec421f7 <unknown>\nE       #17 0x5604eec53ed4 <unknown>\nE       #18 0x7f6e9b694ac3 <unknown>\n\n.venv/lib/python3.11/site-packages/selenium/webdriver/support/wait.py:101: TimeoutException","flaky":false,"newFailed":false,"newBroken":false,"newPassed":false,"retriesCount":0,"retriesStatusChange":false,"beforeStages":[{"name":"_verify_url","time":{"start":1702602827228,"stop":1702602827228,"duration":0},"status":"passed","steps":[],"attachments":[],"parameters":[],"shouldDisplayMessage":false,"stepsCount":0,"attachmentsCount":0,"hasContent":false,"attachmentStep":false},{"name":"base_url","time":{"start":1702602827228,"stop":1702602827228,"duration":0},"status":"passed","steps":[],"attachments":[],"parameters":[],"shouldDisplayMessage":false,"stepsCount":0,"attachmentsCount":0,"hasContent":false,"attachmentStep":false},{"name":"json_data","time":{"start":1702602827229,"stop":1702602827229,"duration":0},"status":"passed","steps":[],"attachments":[],"parameters":[],"shouldDisplayMessage":false,"stepsCount":0,"attachmentsCount":0,"hasContent":false,"attachmentStep":false},{"name":"setup_method_fixture","time":{"start":1702602840543,"stop":1702602850801,"duration":10258},"status":"broken","statusMessage":"selenium.common.exceptions.TimeoutException: Message: \nStacktrace:\n#0 0x5604eec54d33 <unknown>\n#1 0x5604ee911f87 <unknown>\n#2 0x5604ee961c0e <unknown>\n#3 0x5604ee961d11 <unknown>\n#4 0x5604ee9ad004 <unknown>\n#5 0x5604ee98b36d <unknown>\n#6 0x5604ee9aa297 <unknown>\n#7 0x5604ee98b0e3 <unknown>\n#8 0x5604ee953044 <unknown>\n#9 0x5604ee95444e <unknown>\n#10 0x5604eec19861 <unknown>\n#11 0x5604eec1d785 <unknown>\n#12 0x5604eec07285 <unknown>\n#13 0x5604eec1e41f <unknown>\n#14 0x5604eebeb20f <unknown>\n#15 0x5604eec42028 <unknown>\n#16 0x5604eec421f7 <unknown>\n#17 0x5604eec53ed4 <unknown>\n#18 0x7f6e9b694ac3 <unknown>\n\n","statusTrace":"  File \"/home/runner/work/Selenium-Python-Example/Selenium-Python-Example/.venv/lib/python3.11/site-packages/pluggy/_callers.py\", line 80, in _multicall\n    res = hook_impl.function(*args)\n          ^^^^^^^^^^^^^^^^^^^^^^^^^\n  File \"/home/runner/work/Selenium-Python-Example/Selenium-Python-Example/.venv/lib/python3.11/site-packages/_pytest/fixtures.py\", line 1123, in pytest_fixture_setup\n    result = call_fixture_func(fixturefunc, request, kwargs)\n             ^^^^^^^^^^^^^^^^^^^^^^^^^^^^^^^^^^^^^^^^^^^^^^^\n  File \"/home/runner/work/Selenium-Python-Example/Selenium-Python-Example/.venv/lib/python3.11/site-packages/_pytest/fixtures.py\", line 902, in call_fixture_func\n    fixture_result = fixturefunc(**kwargs)\n                     ^^^^^^^^^^^^^^^^^^^^^\n  File \"/home/runner/work/Selenium-Python-Example/Selenium-Python-Example/tests/workspaces_test.py\", line 24, in setup_method_fixture\n    login(self.about_page, self.login_page)\n  File \"/home/runner/work/Selenium-Python-Example/Selenium-Python-Example/tests/workspaces_test.py\", line 14, in login\n    about_page.click_login_link()\n  File \"/home/runner/work/Selenium-Python-Example/Selenium-Python-Example/.venv/lib/python3.11/site-packages/allure_commons/_allure.py\", line 192, in impl\n    return func(*a, **kw)\n           ^^^^^^^^^^^^^^\n  File \"/home/runner/work/Selenium-Python-Example/Selenium-Python-Example/pages/about_page.py\", line 20, in click_login_link\n    self.click(self.LOGIN_LINK)\n  File \"/home/runner/work/Selenium-Python-Example/Selenium-Python-Example/pages/base_page.py\", line 38, in click\n    el: WebElement = self.wait.until(\n                     ^^^^^^^^^^^^^^^^\n  File \"/home/runner/work/Selenium-Python-Example/Selenium-Python-Example/.venv/lib/python3.11/site-packages/selenium/webdriver/support/wait.py\", line 101, in until\n    raise TimeoutException(message, screen, stacktrace)\n","steps":[{"name":"Click Login link","time":{"start":1702602840543,"stop":1702602850800,"duration":10257},"status":"broken","statusMessage":"selenium.common.exceptions.TimeoutException: Message: \nStacktrace:\n#0 0x5604eec54d33 <unknown>\n#1 0x5604ee911f87 <unknown>\n#2 0x5604ee961c0e <unknown>\n#3 0x5604ee961d11 <unknown>\n#4 0x5604ee9ad004 <unknown>\n#5 0x5604ee98b36d <unknown>\n#6 0x5604ee9aa297 <unknown>\n#7 0x5604ee98b0e3 <unknown>\n#8 0x5604ee953044 <unknown>\n#9 0x5604ee95444e <unknown>\n#10 0x5604eec19861 <unknown>\n#11 0x5604eec1d785 <unknown>\n#12 0x5604eec07285 <unknown>\n#13 0x5604eec1e41f <unknown>\n#14 0x5604eebeb20f <unknown>\n#15 0x5604eec42028 <unknown>\n#16 0x5604eec421f7 <unknown>\n#17 0x5604eec53ed4 <unknown>\n#18 0x7f6e9b694ac3 <unknown>\n\n","statusTrace":"  File \"/home/runner/work/Selenium-Python-Example/Selenium-Python-Example/.venv/lib/python3.11/site-packages/allure_commons/_allure.py\", line 192, in impl\n    return func(*a, **kw)\n           ^^^^^^^^^^^^^^\n  File \"/home/runner/work/Selenium-Python-Example/Selenium-Python-Example/pages/about_page.py\", line 20, in click_login_link\n    self.click(self.LOGIN_LINK)\n  File \"/home/runner/work/Selenium-Python-Example/Selenium-Python-Example/pages/base_page.py\", line 38, in click\n    el: WebElement = self.wait.until(\n                     ^^^^^^^^^^^^^^^^\n  File \"/home/runner/work/Selenium-Python-Example/Selenium-Python-Example/.venv/lib/python3.11/site-packages/selenium/webdriver/support/wait.py\", line 101, in until\n    raise TimeoutException(message, screen, stacktrace)\n","steps":[],"attachments":[],"parameters":[],"shouldDisplayMessage":true,"stepsCount":0,"attachmentsCount":0,"hasContent":true,"attachmentStep":false}],"attachments":[],"parameters":[],"shouldDisplayMessage":false,"stepsCount":1,"attachmentsCount":0,"hasContent":true,"attachmentStep":false}],"testStage":{"description":"Rename an existing workspace","status":"broken","statusMessage":"selenium.common.exceptions.TimeoutException: Message: \nStacktrace:\n#0 0x5604eec54d33 <unknown>\n#1 0x5604ee911f87 <unknown>\n#2 0x5604ee961c0e <unknown>\n#3 0x5604ee961d11 <unknown>\n#4 0x5604ee9ad004 <unknown>\n#5 0x5604ee98b36d <unknown>\n#6 0x5604ee9aa297 <unknown>\n#7 0x5604ee98b0e3 <unknown>\n#8 0x5604ee953044 <unknown>\n#9 0x5604ee95444e <unknown>\n#10 0x5604eec19861 <unknown>\n#11 0x5604eec1d785 <unknown>\n#12 0x5604eec07285 <unknown>\n#13 0x5604eec1e41f <unknown>\n#14 0x5604eebeb20f <unknown>\n#15 0x5604eec42028 <unknown>\n#16 0x5604eec421f7 <unknown>\n#17 0x5604eec53ed4 <unknown>\n#18 0x7f6e9b694ac3 <unknown>","statusTrace":"self = <tests.workspaces_test.TestWorkspaces object at 0x7f7d38633b50>\n\n    @pytest.fixture(autouse=True)\n    def setup_method_fixture(self):\n>       login(self.about_page, self.login_page)\n\ntests/workspaces_test.py:24: \n_ _ _ _ _ _ _ _ _ _ _ _ _ _ _ _ _ _ _ _ _ _ _ _ _ _ _ _ _ _ _ _ _ _ _ _ _ _ _ _ \ntests/workspaces_test.py:14: in login\n    about_page.click_login_link()\npages/about_page.py:20: in click_login_link\n    self.click(self.LOGIN_LINK)\npages/base_page.py:38: in click\n    el: WebElement = self.wait.until(\n_ _ _ _ _ _ _ _ _ _ _ _ _ _ _ _ _ _ _ _ _ _ _ _ _ _ _ _ _ _ _ _ _ _ _ _ _ _ _ _ \n\nself = <selenium.webdriver.support.wait.WebDriverWait (session=\"95782b7d0ea0a8adbba5dd1864a286f0\")>\nmethod = <function element_to_be_clickable.<locals>._predicate at 0x7f7d386ec540>\nmessage = ''\n\n    def until(self, method: Callable[[WebDriver], Union[Literal[False], T]], message: str = \"\") -> T:\n        \"\"\"Calls the method provided with the driver as an argument until the \\\n        return value does not evaluate to ``False``.\n    \n        :param method: callable(WebDriver)\n        :param message: optional message for :exc:`TimeoutException`\n        :returns: the result of the last call to `method`\n        :raises: :exc:`selenium.common.exceptions.TimeoutException` if timeout occurs\n        \"\"\"\n        screen = None\n        stacktrace = None\n    \n        end_time = time.monotonic() + self._timeout\n        while True:\n            try:\n                value = method(self._driver)\n                if value:\n                    return value\n            except self._ignored_exceptions as exc:\n                screen = getattr(exc, \"screen\", None)\n                stacktrace = getattr(exc, \"stacktrace\", None)\n            time.sleep(self._poll)\n            if time.monotonic() > end_time:\n                break\n>       raise TimeoutException(message, screen, stacktrace)\nE       selenium.common.exceptions.TimeoutException: Message: \nE       Stacktrace:\nE       #0 0x5604eec54d33 <unknown>\nE       #1 0x5604ee911f87 <unknown>\nE       #2 0x5604ee961c0e <unknown>\nE       #3 0x5604ee961d11 <unknown>\nE       #4 0x5604ee9ad004 <unknown>\nE       #5 0x5604ee98b36d <unknown>\nE       #6 0x5604ee9aa297 <unknown>\nE       #7 0x5604ee98b0e3 <unknown>\nE       #8 0x5604ee953044 <unknown>\nE       #9 0x5604ee95444e <unknown>\nE       #10 0x5604eec19861 <unknown>\nE       #11 0x5604eec1d785 <unknown>\nE       #12 0x5604eec07285 <unknown>\nE       #13 0x5604eec1e41f <unknown>\nE       #14 0x5604eebeb20f <unknown>\nE       #15 0x5604eec42028 <unknown>\nE       #16 0x5604eec421f7 <unknown>\nE       #17 0x5604eec53ed4 <unknown>\nE       #18 0x7f6e9b694ac3 <unknown>\n\n.venv/lib/python3.11/site-packages/selenium/webdriver/support/wait.py:101: TimeoutException","steps":[],"attachments":[{"uid":"7a964da207c7c0dd","name":"public ip address","source":"7a964da207c7c0dd.txt","type":"text/plain","size":13},{"uid":"ea3645b7125f536b","name":"Cookies","source":"ea3645b7125f536b.json","type":"application/json","size":3359},{"uid":"67490050ae629a09","name":"Session Storage","source":"67490050ae629a09.json","type":"application/json","size":358},{"uid":"320dcc74015f949a","name":"Local Storage","source":"320dcc74015f949a.json","type":"application/json","size":208},{"uid":"ae3067b60d18717a","name":"Console Logs","source":"ae3067b60d18717a.json","type":"application/json","size":2},{"uid":"93e9c7769ce0705a","name":"Full Page Screenshot","source":"93e9c7769ce0705a.png","type":"image/png","size":1280118},{"uid":"a12fe32a06951935","name":"URL","source":"a12fe32a06951935.uri","type":"text/uri-list","size":23},{"uid":"ba1d11bc8ba6185b","name":"Network Logs","source":"ba1d11bc8ba6185b.json","type":"application/json","size":25718}],"parameters":[],"shouldDisplayMessage":true,"stepsCount":0,"attachmentsCount":8,"hasContent":true,"attachmentStep":false},"afterStages":[],"labels":[{"name":"severity","value":"normal"},{"name":"story","value":"WorkSpaces Creation and Editing Functionality"},{"name":"epic","value":"Workspaces"},{"name":"tag","value":"run(order=2)"},{"name":"parentSuite","value":"tests"},{"name":"suite","value":"workspaces_test"},{"name":"subSuite","value":"TestWorkspaces"},{"name":"host","value":"fv-az1538-860"},{"name":"thread","value":"2305-MainThread"},{"name":"framework","value":"pytest"},{"name":"language","value":"cpython3"},{"name":"package","value":"tests.workspaces_test"},{"name":"resultFormat","value":"allure2"}],"parameters":[],"links":[],"hidden":false,"retry":false,"extra":{"severity":"normal","retries":[],"categories":[{"name":"Test defects","matchedStatuses":[],"flaky":false}],"tags":["run(order=2)"]},"source":"907a7a0df3b97af4.json","parameterValues":[]}