{"uid":"253d9b6fe15b7dca","name":"Rename an existing workspace test","fullName":"tests.workspaces_test.TestWorkspaces#test_rename_workspace","historyId":"cd63adf5d11191c5904362b968c9e131","time":{"start":1708650420146,"stop":1708650420146,"duration":0},"description":"Rename an existing workspace","descriptionHtml":"<p>Rename an existing workspace</p>\n","status":"broken","statusMessage":"selenium.common.exceptions.TimeoutException: Message: \nStacktrace:\n#0 0x556181369303 <unknown>\n#1 0x55618104e2b7 <unknown>\n#2 0x556181099cc0 <unknown>\n#3 0x556181099db1 <unknown>\n#4 0x5561810ddb44 <unknown>\n#5 0x5561810bc3ad <unknown>\n#6 0x5561810db07c <unknown>\n#7 0x5561810bc123 <unknown>\n#8 0x55618108c095 <unknown>\n#9 0x55618108d09e <unknown>\n#10 0x55618132d6ab <unknown>\n#11 0x5561813314ba <unknown>\n#12 0x556181319f85 <unknown>\n#13 0x55618133212f <unknown>\n#14 0x5561812fde6f <unknown>\n#15 0x5561813565f8 <unknown>\n#16 0x5561813567c2 <unknown>\n#17 0x5561813684a4 <unknown>\n#18 0x7f0704294ac3 <unknown>","statusTrace":"self = <tests.workspaces_test.TestWorkspaces object at 0x7f348fab0e00>\n\n    @pytest.fixture(autouse=True)\n    def setup_method_fixture(self):\n>       login(self.about_page, self.login_page)\n\ntests/workspaces_test.py:25: \n_ _ _ _ _ _ _ _ _ _ _ _ _ _ _ _ _ _ _ _ _ _ _ _ _ _ _ _ _ _ _ _ _ _ _ _ _ _ _ _ \ntests/workspaces_test.py:15: in login\n    about_page.click_login_link()\npages/about_page.py:20: in click_login_link\n    self.click(self.LOGIN_LINK)\npages/base_page.py:60: in click\n    el: WebElement = self.wait.until(\n_ _ _ _ _ _ _ _ _ _ _ _ _ _ _ _ _ _ _ _ _ _ _ _ _ _ _ _ _ _ _ _ _ _ _ _ _ _ _ _ \n\nself = <selenium.webdriver.support.wait.WebDriverWait (session=\"0724aa14d6bb6e4d3d3bfce5c69a2dbf\")>\nmethod = <function element_to_be_clickable.<locals>._predicate at 0x7f348ef7aa20>\nmessage = ''\n\n    def until(self, method: Callable[[D], Union[Literal[False], T]], message: str = \"\") -> T:\n        \"\"\"Calls the method provided with the driver as an argument until the \\\n        return value does not evaluate to ``False``.\n    \n        :param method: callable(WebDriver)\n        :param message: optional message for :exc:`TimeoutException`\n        :returns: the result of the last call to `method`\n        :raises: :exc:`selenium.common.exceptions.TimeoutException` if timeout occurs\n        \"\"\"\n        screen = None\n        stacktrace = None\n    \n        end_time = time.monotonic() + self._timeout\n        while True:\n            try:\n                value = method(self._driver)\n                if value:\n                    return value\n            except self._ignored_exceptions as exc:\n                screen = getattr(exc, \"screen\", None)\n                stacktrace = getattr(exc, \"stacktrace\", None)\n            time.sleep(self._poll)\n            if time.monotonic() > end_time:\n                break\n>       raise TimeoutException(message, screen, stacktrace)\nE       selenium.common.exceptions.TimeoutException: Message: \nE       Stacktrace:\nE       #0 0x556181369303 <unknown>\nE       #1 0x55618104e2b7 <unknown>\nE       #2 0x556181099cc0 <unknown>\nE       #3 0x556181099db1 <unknown>\nE       #4 0x5561810ddb44 <unknown>\nE       #5 0x5561810bc3ad <unknown>\nE       #6 0x5561810db07c <unknown>\nE       #7 0x5561810bc123 <unknown>\nE       #8 0x55618108c095 <unknown>\nE       #9 0x55618108d09e <unknown>\nE       #10 0x55618132d6ab <unknown>\nE       #11 0x5561813314ba <unknown>\nE       #12 0x556181319f85 <unknown>\nE       #13 0x55618133212f <unknown>\nE       #14 0x5561812fde6f <unknown>\nE       #15 0x5561813565f8 <unknown>\nE       #16 0x5561813567c2 <unknown>\nE       #17 0x5561813684a4 <unknown>\nE       #18 0x7f0704294ac3 <unknown>\n\n.venv/lib/python3.12/site-packages/selenium/webdriver/support/wait.py:105: TimeoutException","flaky":false,"newFailed":false,"newBroken":false,"newPassed":false,"retriesCount":0,"retriesStatusChange":false,"beforeStages":[{"name":"data","time":{"start":1708650405454,"stop":1708650405455,"duration":1},"status":"passed","steps":[],"attachments":[],"parameters":[],"shouldDisplayMessage":false,"stepsCount":0,"attachmentsCount":0,"hasContent":false,"attachmentStep":false},{"name":"_verify_url","time":{"start":1708650405454,"stop":1708650405454,"duration":0},"status":"passed","steps":[],"attachments":[],"parameters":[],"shouldDisplayMessage":false,"stepsCount":0,"attachmentsCount":0,"hasContent":false,"attachmentStep":false},{"name":"base_url","time":{"start":1708650405454,"stop":1708650405454,"duration":0},"status":"passed","steps":[],"attachments":[],"parameters":[],"shouldDisplayMessage":false,"stepsCount":0,"attachmentsCount":0,"hasContent":false,"attachmentStep":false},{"name":"setup_method_fixture","time":{"start":1708650422138,"stop":1708650432356,"duration":10218},"status":"broken","statusMessage":"selenium.common.exceptions.TimeoutException: Message: \nStacktrace:\n#0 0x556181369303 <unknown>\n#1 0x55618104e2b7 <unknown>\n#2 0x556181099cc0 <unknown>\n#3 0x556181099db1 <unknown>\n#4 0x5561810ddb44 <unknown>\n#5 0x5561810bc3ad <unknown>\n#6 0x5561810db07c <unknown>\n#7 0x5561810bc123 <unknown>\n#8 0x55618108c095 <unknown>\n#9 0x55618108d09e <unknown>\n#10 0x55618132d6ab <unknown>\n#11 0x5561813314ba <unknown>\n#12 0x556181319f85 <unknown>\n#13 0x55618133212f <unknown>\n#14 0x5561812fde6f <unknown>\n#15 0x5561813565f8 <unknown>\n#16 0x5561813567c2 <unknown>\n#17 0x5561813684a4 <unknown>\n#18 0x7f0704294ac3 <unknown>\n\n","statusTrace":"  File \"/home/runner/work/Selenium-Python-Example/Selenium-Python-Example/.venv/lib/python3.12/site-packages/pluggy/_callers.py\", line 137, in _multicall\n    teardown.throw(outcome._exception)\n  File \"/home/runner/work/Selenium-Python-Example/Selenium-Python-Example/.venv/lib/python3.12/site-packages/_pytest/setuponly.py\", line 36, in pytest_fixture_setup\n    return (yield)\n            ^^^^^\n  File \"/home/runner/work/Selenium-Python-Example/Selenium-Python-Example/.venv/lib/python3.12/site-packages/pluggy/_callers.py\", line 77, in _multicall\n    res = hook_impl.function(*args)\n          ^^^^^^^^^^^^^^^^^^^^^^^^^\n  File \"/home/runner/work/Selenium-Python-Example/Selenium-Python-Example/.venv/lib/python3.12/site-packages/_pytest/fixtures.py\", line 1149, in pytest_fixture_setup\n    result = call_fixture_func(fixturefunc, request, kwargs)\n             ^^^^^^^^^^^^^^^^^^^^^^^^^^^^^^^^^^^^^^^^^^^^^^^\n  File \"/home/runner/work/Selenium-Python-Example/Selenium-Python-Example/.venv/lib/python3.12/site-packages/_pytest/fixtures.py\", line 923, in call_fixture_func\n    fixture_result = fixturefunc(**kwargs)\n                     ^^^^^^^^^^^^^^^^^^^^^\n  File \"/home/runner/work/Selenium-Python-Example/Selenium-Python-Example/tests/workspaces_test.py\", line 25, in setup_method_fixture\n    login(self.about_page, self.login_page)\n  File \"/home/runner/work/Selenium-Python-Example/Selenium-Python-Example/tests/workspaces_test.py\", line 15, in login\n    about_page.click_login_link()\n  File \"/home/runner/work/Selenium-Python-Example/Selenium-Python-Example/.venv/lib/python3.12/site-packages/allure_commons/_allure.py\", line 192, in impl\n    return func(*a, **kw)\n           ^^^^^^^^^^^^^^\n  File \"/home/runner/work/Selenium-Python-Example/Selenium-Python-Example/pages/about_page.py\", line 20, in click_login_link\n    self.click(self.LOGIN_LINK)\n  File \"/home/runner/work/Selenium-Python-Example/Selenium-Python-Example/pages/base_page.py\", line 60, in click\n    el: WebElement = self.wait.until(\n                     ^^^^^^^^^^^^^^^^\n  File \"/home/runner/work/Selenium-Python-Example/Selenium-Python-Example/.venv/lib/python3.12/site-packages/selenium/webdriver/support/wait.py\", line 105, in until\n    raise TimeoutException(message, screen, stacktrace)\n","steps":[{"name":"Click Login link","time":{"start":1708650422139,"stop":1708650432356,"duration":10217},"status":"broken","statusMessage":"selenium.common.exceptions.TimeoutException: Message: \nStacktrace:\n#0 0x556181369303 <unknown>\n#1 0x55618104e2b7 <unknown>\n#2 0x556181099cc0 <unknown>\n#3 0x556181099db1 <unknown>\n#4 0x5561810ddb44 <unknown>\n#5 0x5561810bc3ad <unknown>\n#6 0x5561810db07c <unknown>\n#7 0x5561810bc123 <unknown>\n#8 0x55618108c095 <unknown>\n#9 0x55618108d09e <unknown>\n#10 0x55618132d6ab <unknown>\n#11 0x5561813314ba <unknown>\n#12 0x556181319f85 <unknown>\n#13 0x55618133212f <unknown>\n#14 0x5561812fde6f <unknown>\n#15 0x5561813565f8 <unknown>\n#16 0x5561813567c2 <unknown>\n#17 0x5561813684a4 <unknown>\n#18 0x7f0704294ac3 <unknown>\n\n","statusTrace":"  File \"/home/runner/work/Selenium-Python-Example/Selenium-Python-Example/.venv/lib/python3.12/site-packages/allure_commons/_allure.py\", line 192, in impl\n    return func(*a, **kw)\n           ^^^^^^^^^^^^^^\n  File \"/home/runner/work/Selenium-Python-Example/Selenium-Python-Example/pages/about_page.py\", line 20, in click_login_link\n    self.click(self.LOGIN_LINK)\n  File \"/home/runner/work/Selenium-Python-Example/Selenium-Python-Example/pages/base_page.py\", line 60, in click\n    el: WebElement = self.wait.until(\n                     ^^^^^^^^^^^^^^^^\n  File \"/home/runner/work/Selenium-Python-Example/Selenium-Python-Example/.venv/lib/python3.12/site-packages/selenium/webdriver/support/wait.py\", line 105, in until\n    raise TimeoutException(message, screen, stacktrace)\n","steps":[],"attachments":[],"parameters":[],"shouldDisplayMessage":true,"stepsCount":0,"attachmentsCount":0,"hasContent":true,"attachmentStep":false}],"attachments":[],"parameters":[],"shouldDisplayMessage":false,"stepsCount":1,"attachmentsCount":0,"hasContent":true,"attachmentStep":false}],"testStage":{"description":"Rename an existing workspace","status":"broken","statusMessage":"selenium.common.exceptions.TimeoutException: Message: \nStacktrace:\n#0 0x556181369303 <unknown>\n#1 0x55618104e2b7 <unknown>\n#2 0x556181099cc0 <unknown>\n#3 0x556181099db1 <unknown>\n#4 0x5561810ddb44 <unknown>\n#5 0x5561810bc3ad <unknown>\n#6 0x5561810db07c <unknown>\n#7 0x5561810bc123 <unknown>\n#8 0x55618108c095 <unknown>\n#9 0x55618108d09e <unknown>\n#10 0x55618132d6ab <unknown>\n#11 0x5561813314ba <unknown>\n#12 0x556181319f85 <unknown>\n#13 0x55618133212f <unknown>\n#14 0x5561812fde6f <unknown>\n#15 0x5561813565f8 <unknown>\n#16 0x5561813567c2 <unknown>\n#17 0x5561813684a4 <unknown>\n#18 0x7f0704294ac3 <unknown>","statusTrace":"self = <tests.workspaces_test.TestWorkspaces object at 0x7f348fab0e00>\n\n    @pytest.fixture(autouse=True)\n    def setup_method_fixture(self):\n>       login(self.about_page, self.login_page)\n\ntests/workspaces_test.py:25: \n_ _ _ _ _ _ _ _ _ _ _ _ _ _ _ _ _ _ _ _ _ _ _ _ _ _ _ _ _ _ _ _ _ _ _ _ _ _ _ _ \ntests/workspaces_test.py:15: in login\n    about_page.click_login_link()\npages/about_page.py:20: in click_login_link\n    self.click(self.LOGIN_LINK)\npages/base_page.py:60: in click\n    el: WebElement = self.wait.until(\n_ _ _ _ _ _ _ _ _ _ _ _ _ _ _ _ _ _ _ _ _ _ _ _ _ _ _ _ _ _ _ _ _ _ _ _ _ _ _ _ \n\nself = <selenium.webdriver.support.wait.WebDriverWait (session=\"0724aa14d6bb6e4d3d3bfce5c69a2dbf\")>\nmethod = <function element_to_be_clickable.<locals>._predicate at 0x7f348ef7aa20>\nmessage = ''\n\n    def until(self, method: Callable[[D], Union[Literal[False], T]], message: str = \"\") -> T:\n        \"\"\"Calls the method provided with the driver as an argument until the \\\n        return value does not evaluate to ``False``.\n    \n        :param method: callable(WebDriver)\n        :param message: optional message for :exc:`TimeoutException`\n        :returns: the result of the last call to `method`\n        :raises: :exc:`selenium.common.exceptions.TimeoutException` if timeout occurs\n        \"\"\"\n        screen = None\n        stacktrace = None\n    \n        end_time = time.monotonic() + self._timeout\n        while True:\n            try:\n                value = method(self._driver)\n                if value:\n                    return value\n            except self._ignored_exceptions as exc:\n                screen = getattr(exc, \"screen\", None)\n                stacktrace = getattr(exc, \"stacktrace\", None)\n            time.sleep(self._poll)\n            if time.monotonic() > end_time:\n                break\n>       raise TimeoutException(message, screen, stacktrace)\nE       selenium.common.exceptions.TimeoutException: Message: \nE       Stacktrace:\nE       #0 0x556181369303 <unknown>\nE       #1 0x55618104e2b7 <unknown>\nE       #2 0x556181099cc0 <unknown>\nE       #3 0x556181099db1 <unknown>\nE       #4 0x5561810ddb44 <unknown>\nE       #5 0x5561810bc3ad <unknown>\nE       #6 0x5561810db07c <unknown>\nE       #7 0x5561810bc123 <unknown>\nE       #8 0x55618108c095 <unknown>\nE       #9 0x55618108d09e <unknown>\nE       #10 0x55618132d6ab <unknown>\nE       #11 0x5561813314ba <unknown>\nE       #12 0x556181319f85 <unknown>\nE       #13 0x55618133212f <unknown>\nE       #14 0x5561812fde6f <unknown>\nE       #15 0x5561813565f8 <unknown>\nE       #16 0x5561813567c2 <unknown>\nE       #17 0x5561813684a4 <unknown>\nE       #18 0x7f0704294ac3 <unknown>\n\n.venv/lib/python3.12/site-packages/selenium/webdriver/support/wait.py:105: TimeoutException","steps":[],"attachments":[{"uid":"8af19e3becbfc051","name":"public ip address","source":"8af19e3becbfc051.txt","type":"text/plain","size":13},{"uid":"fa4eebbf83465c23","name":"Cookies","source":"fa4eebbf83465c23.json","type":"application/json","size":3874},{"uid":"254d3d5d4a6144fe","name":"Session Storage","source":"254d3d5d4a6144fe.json","type":"application/json","size":359},{"uid":"ae38f14640d326f2","name":"Local Storage","source":"ae38f14640d326f2.json","type":"application/json","size":208},{"uid":"e6a549a09500c652","name":"Console Logs","source":"e6a549a09500c652.json","type":"application/json","size":1521},{"uid":"77f9dbe2628bc7a4","name":"Full Page Screenshot","source":"77f9dbe2628bc7a4.png","type":"image/png","size":6186996},{"uid":"7a368489698bbf","name":"URL","source":"7a368489698bbf.uri","type":"text/uri-list","size":23},{"uid":"d124dd4d26ecaf5d","name":"Network Logs","source":"d124dd4d26ecaf5d.json","type":"application/json","size":23179}],"parameters":[],"shouldDisplayMessage":true,"stepsCount":0,"attachmentsCount":8,"hasContent":true,"attachmentStep":false},"afterStages":[],"labels":[{"name":"story","value":"WorkSpaces Creation and Editing Functionality"},{"name":"epic","value":"Workspaces"},{"name":"severity","value":"normal"},{"name":"tag","value":"run(order=2)"},{"name":"parentSuite","value":"tests"},{"name":"suite","value":"workspaces_test"},{"name":"subSuite","value":"TestWorkspaces"},{"name":"host","value":"fv-az714-373"},{"name":"thread","value":"2426-MainThread"},{"name":"framework","value":"pytest"},{"name":"language","value":"cpython3"},{"name":"package","value":"tests.workspaces_test"},{"name":"resultFormat","value":"allure2"}],"parameters":[],"links":[],"hidden":false,"retry":false,"extra":{"severity":"normal","retries":[],"categories":[{"name":"Test defects","matchedStatuses":[],"flaky":false}],"tags":["run(order=2)"]},"source":"253d9b6fe15b7dca.json","parameterValues":[]}