{"uid":"ec1084be3981d1b2","name":"Search for non existing project","fullName":"tests.workspaces_test.TestWorkspaces#test_search_for_non_existing_project","historyId":"ed697c69c4643fc2c746342bc96c6608","time":{"start":1700183658547,"stop":1700183658547,"duration":0},"description":"Search for a non existing project","descriptionHtml":"<p>Search for a non existing project</p>\n","status":"broken","statusMessage":"selenium.common.exceptions.TimeoutException: Message: \nStacktrace:\n#0 0x55fe65daffb3 <unknown>\n#1 0x55fe65a834a7 <unknown>\n#2 0x55fe65acadd6 <unknown>\n#3 0x55fe65acaec1 <unknown>\n#4 0x55fe65b08354 <unknown>\n#5 0x55fe65aec96d <unknown>\n#6 0x55fe65b05c02 <unknown>\n#7 0x55fe65aec713 <unknown>\n#8 0x55fe65abf18b <unknown>\n#9 0x55fe65abff7e <unknown>\n#10 0x55fe65d758d8 <unknown>\n#11 0x55fe65d79800 <unknown>\n#12 0x55fe65d83cfc <unknown>\n#13 0x55fe65d7a418 <unknown>\n#14 0x55fe65d4742f <unknown>\n#15 0x55fe65d9e4e8 <unknown>\n#16 0x55fe65d9e6b4 <unknown>\n#17 0x55fe65daf143 <unknown>\n#18 0x7fd498a94ac3 <unknown>","statusTrace":"self = <tests.workspaces_test.TestWorkspaces object at 0x7f8b2272f050>\n\n    @pytest.fixture(autouse=True)\n    def setup_method_fixture(self):\n>       login(self.about_page, self.login_page)\n\ntests/workspaces_test.py:24: \n_ _ _ _ _ _ _ _ _ _ _ _ _ _ _ _ _ _ _ _ _ _ _ _ _ _ _ _ _ _ _ _ _ _ _ _ _ _ _ _ \ntests/workspaces_test.py:14: in login\n    about_page.click_login_link()\npages/about_page.py:20: in click_login_link\n    self.click(self.LOGIN_LINK)\npages/base_page.py:38: in click\n    el: WebElement = self.wait.until(\n_ _ _ _ _ _ _ _ _ _ _ _ _ _ _ _ _ _ _ _ _ _ _ _ _ _ _ _ _ _ _ _ _ _ _ _ _ _ _ _ \n\nself = <selenium.webdriver.support.wait.WebDriverWait (session=\"bbe1865b4e61fde9daed789ec9a5e168\")>\nmethod = <function element_to_be_clickable.<locals>._predicate at 0x7f8b226258a0>\nmessage = ''\n\n    def until(self, method, message: str = \"\"):\n        \"\"\"Calls the method provided with the driver as an argument until the \\\n        return value does not evaluate to ``False``.\n    \n        :param method: callable(WebDriver)\n        :param message: optional message for :exc:`TimeoutException`\n        :returns: the result of the last call to `method`\n        :raises: :exc:`selenium.common.exceptions.TimeoutException` if timeout occurs\n        \"\"\"\n        screen = None\n        stacktrace = None\n    \n        end_time = time.monotonic() + self._timeout\n        while True:\n            try:\n                value = method(self._driver)\n                if value:\n                    return value\n            except self._ignored_exceptions as exc:\n                screen = getattr(exc, \"screen\", None)\n                stacktrace = getattr(exc, \"stacktrace\", None)\n            time.sleep(self._poll)\n            if time.monotonic() > end_time:\n                break\n>       raise TimeoutException(message, screen, stacktrace)\nE       selenium.common.exceptions.TimeoutException: Message: \nE       Stacktrace:\nE       #0 0x55fe65daffb3 <unknown>\nE       #1 0x55fe65a834a7 <unknown>\nE       #2 0x55fe65acadd6 <unknown>\nE       #3 0x55fe65acaec1 <unknown>\nE       #4 0x55fe65b08354 <unknown>\nE       #5 0x55fe65aec96d <unknown>\nE       #6 0x55fe65b05c02 <unknown>\nE       #7 0x55fe65aec713 <unknown>\nE       #8 0x55fe65abf18b <unknown>\nE       #9 0x55fe65abff7e <unknown>\nE       #10 0x55fe65d758d8 <unknown>\nE       #11 0x55fe65d79800 <unknown>\nE       #12 0x55fe65d83cfc <unknown>\nE       #13 0x55fe65d7a418 <unknown>\nE       #14 0x55fe65d4742f <unknown>\nE       #15 0x55fe65d9e4e8 <unknown>\nE       #16 0x55fe65d9e6b4 <unknown>\nE       #17 0x55fe65daf143 <unknown>\nE       #18 0x7fd498a94ac3 <unknown>\n\n.venv/lib/python3.11/site-packages/selenium/webdriver/support/wait.py:95: TimeoutException","flaky":false,"newFailed":false,"newBroken":false,"newPassed":false,"retriesCount":0,"retriesStatusChange":false,"beforeStages":[{"name":"_verify_url","time":{"start":1700183556818,"stop":1700183556818,"duration":0},"status":"passed","steps":[],"attachments":[],"parameters":[],"shouldDisplayMessage":false,"stepsCount":0,"attachmentsCount":0,"hasContent":false},{"name":"base_url","time":{"start":1700183556818,"stop":1700183556818,"duration":0},"status":"passed","steps":[],"attachments":[],"parameters":[],"shouldDisplayMessage":false,"stepsCount":0,"attachmentsCount":0,"hasContent":false},{"name":"json_data","time":{"start":1700183556818,"stop":1700183556819,"duration":1},"status":"passed","steps":[],"attachments":[],"parameters":[],"shouldDisplayMessage":false,"stepsCount":0,"attachmentsCount":0,"hasContent":false},{"name":"setup_method_fixture","time":{"start":1700183660428,"stop":1700183670628,"duration":10200},"status":"broken","statusMessage":"selenium.common.exceptions.TimeoutException: Message: \nStacktrace:\n#0 0x55fe65daffb3 <unknown>\n#1 0x55fe65a834a7 <unknown>\n#2 0x55fe65acadd6 <unknown>\n#3 0x55fe65acaec1 <unknown>\n#4 0x55fe65b08354 <unknown>\n#5 0x55fe65aec96d <unknown>\n#6 0x55fe65b05c02 <unknown>\n#7 0x55fe65aec713 <unknown>\n#8 0x55fe65abf18b <unknown>\n#9 0x55fe65abff7e <unknown>\n#10 0x55fe65d758d8 <unknown>\n#11 0x55fe65d79800 <unknown>\n#12 0x55fe65d83cfc <unknown>\n#13 0x55fe65d7a418 <unknown>\n#14 0x55fe65d4742f <unknown>\n#15 0x55fe65d9e4e8 <unknown>\n#16 0x55fe65d9e6b4 <unknown>\n#17 0x55fe65daf143 <unknown>\n#18 0x7fd498a94ac3 <unknown>\n\n","statusTrace":"  File \"/home/runner/work/Selenium-Python-Example/Selenium-Python-Example/.venv/lib/python3.11/site-packages/pluggy/_callers.py\", line 80, in _multicall\n    res = hook_impl.function(*args)\n          ^^^^^^^^^^^^^^^^^^^^^^^^^\n  File \"/home/runner/work/Selenium-Python-Example/Selenium-Python-Example/.venv/lib/python3.11/site-packages/_pytest/fixtures.py\", line 1123, in pytest_fixture_setup\n    result = call_fixture_func(fixturefunc, request, kwargs)\n             ^^^^^^^^^^^^^^^^^^^^^^^^^^^^^^^^^^^^^^^^^^^^^^^\n  File \"/home/runner/work/Selenium-Python-Example/Selenium-Python-Example/.venv/lib/python3.11/site-packages/_pytest/fixtures.py\", line 902, in call_fixture_func\n    fixture_result = fixturefunc(**kwargs)\n                     ^^^^^^^^^^^^^^^^^^^^^\n  File \"/home/runner/work/Selenium-Python-Example/Selenium-Python-Example/tests/workspaces_test.py\", line 24, in setup_method_fixture\n    login(self.about_page, self.login_page)\n  File \"/home/runner/work/Selenium-Python-Example/Selenium-Python-Example/tests/workspaces_test.py\", line 14, in login\n    about_page.click_login_link()\n  File \"/home/runner/work/Selenium-Python-Example/Selenium-Python-Example/.venv/lib/python3.11/site-packages/allure_commons/_allure.py\", line 192, in impl\n    return func(*a, **kw)\n           ^^^^^^^^^^^^^^\n  File \"/home/runner/work/Selenium-Python-Example/Selenium-Python-Example/pages/about_page.py\", line 20, in click_login_link\n    self.click(self.LOGIN_LINK)\n  File \"/home/runner/work/Selenium-Python-Example/Selenium-Python-Example/pages/base_page.py\", line 38, in click\n    el: WebElement = self.wait.until(\n                     ^^^^^^^^^^^^^^^^\n  File \"/home/runner/work/Selenium-Python-Example/Selenium-Python-Example/.venv/lib/python3.11/site-packages/selenium/webdriver/support/wait.py\", line 95, in until\n    raise TimeoutException(message, screen, stacktrace)\n","steps":[{"name":"Click Login link","time":{"start":1700183660428,"stop":1700183670628,"duration":10200},"status":"broken","statusMessage":"selenium.common.exceptions.TimeoutException: Message: \nStacktrace:\n#0 0x55fe65daffb3 <unknown>\n#1 0x55fe65a834a7 <unknown>\n#2 0x55fe65acadd6 <unknown>\n#3 0x55fe65acaec1 <unknown>\n#4 0x55fe65b08354 <unknown>\n#5 0x55fe65aec96d <unknown>\n#6 0x55fe65b05c02 <unknown>\n#7 0x55fe65aec713 <unknown>\n#8 0x55fe65abf18b <unknown>\n#9 0x55fe65abff7e <unknown>\n#10 0x55fe65d758d8 <unknown>\n#11 0x55fe65d79800 <unknown>\n#12 0x55fe65d83cfc <unknown>\n#13 0x55fe65d7a418 <unknown>\n#14 0x55fe65d4742f <unknown>\n#15 0x55fe65d9e4e8 <unknown>\n#16 0x55fe65d9e6b4 <unknown>\n#17 0x55fe65daf143 <unknown>\n#18 0x7fd498a94ac3 <unknown>\n\n","statusTrace":"  File \"/home/runner/work/Selenium-Python-Example/Selenium-Python-Example/.venv/lib/python3.11/site-packages/allure_commons/_allure.py\", line 192, in impl\n    return func(*a, **kw)\n           ^^^^^^^^^^^^^^\n  File \"/home/runner/work/Selenium-Python-Example/Selenium-Python-Example/pages/about_page.py\", line 20, in click_login_link\n    self.click(self.LOGIN_LINK)\n  File \"/home/runner/work/Selenium-Python-Example/Selenium-Python-Example/pages/base_page.py\", line 38, in click\n    el: WebElement = self.wait.until(\n                     ^^^^^^^^^^^^^^^^\n  File \"/home/runner/work/Selenium-Python-Example/Selenium-Python-Example/.venv/lib/python3.11/site-packages/selenium/webdriver/support/wait.py\", line 95, in until\n    raise TimeoutException(message, screen, stacktrace)\n","steps":[],"attachments":[],"parameters":[],"shouldDisplayMessage":true,"stepsCount":0,"attachmentsCount":0,"hasContent":true}],"attachments":[],"parameters":[],"shouldDisplayMessage":false,"stepsCount":1,"attachmentsCount":0,"hasContent":true}],"testStage":{"description":"Search for a non existing project","status":"broken","statusMessage":"selenium.common.exceptions.TimeoutException: Message: \nStacktrace:\n#0 0x55fe65daffb3 <unknown>\n#1 0x55fe65a834a7 <unknown>\n#2 0x55fe65acadd6 <unknown>\n#3 0x55fe65acaec1 <unknown>\n#4 0x55fe65b08354 <unknown>\n#5 0x55fe65aec96d <unknown>\n#6 0x55fe65b05c02 <unknown>\n#7 0x55fe65aec713 <unknown>\n#8 0x55fe65abf18b <unknown>\n#9 0x55fe65abff7e <unknown>\n#10 0x55fe65d758d8 <unknown>\n#11 0x55fe65d79800 <unknown>\n#12 0x55fe65d83cfc <unknown>\n#13 0x55fe65d7a418 <unknown>\n#14 0x55fe65d4742f <unknown>\n#15 0x55fe65d9e4e8 <unknown>\n#16 0x55fe65d9e6b4 <unknown>\n#17 0x55fe65daf143 <unknown>\n#18 0x7fd498a94ac3 <unknown>","statusTrace":"self = <tests.workspaces_test.TestWorkspaces object at 0x7f8b2272f050>\n\n    @pytest.fixture(autouse=True)\n    def setup_method_fixture(self):\n>       login(self.about_page, self.login_page)\n\ntests/workspaces_test.py:24: \n_ _ _ _ _ _ _ _ _ _ _ _ _ _ _ _ _ _ _ _ _ _ _ _ _ _ _ _ _ _ _ _ _ _ _ _ _ _ _ _ \ntests/workspaces_test.py:14: in login\n    about_page.click_login_link()\npages/about_page.py:20: in click_login_link\n    self.click(self.LOGIN_LINK)\npages/base_page.py:38: in click\n    el: WebElement = self.wait.until(\n_ _ _ _ _ _ _ _ _ _ _ _ _ _ _ _ _ _ _ _ _ _ _ _ _ _ _ _ _ _ _ _ _ _ _ _ _ _ _ _ \n\nself = <selenium.webdriver.support.wait.WebDriverWait (session=\"bbe1865b4e61fde9daed789ec9a5e168\")>\nmethod = <function element_to_be_clickable.<locals>._predicate at 0x7f8b226258a0>\nmessage = ''\n\n    def until(self, method, message: str = \"\"):\n        \"\"\"Calls the method provided with the driver as an argument until the \\\n        return value does not evaluate to ``False``.\n    \n        :param method: callable(WebDriver)\n        :param message: optional message for :exc:`TimeoutException`\n        :returns: the result of the last call to `method`\n        :raises: :exc:`selenium.common.exceptions.TimeoutException` if timeout occurs\n        \"\"\"\n        screen = None\n        stacktrace = None\n    \n        end_time = time.monotonic() + self._timeout\n        while True:\n            try:\n                value = method(self._driver)\n                if value:\n                    return value\n            except self._ignored_exceptions as exc:\n                screen = getattr(exc, \"screen\", None)\n                stacktrace = getattr(exc, \"stacktrace\", None)\n            time.sleep(self._poll)\n            if time.monotonic() > end_time:\n                break\n>       raise TimeoutException(message, screen, stacktrace)\nE       selenium.common.exceptions.TimeoutException: Message: \nE       Stacktrace:\nE       #0 0x55fe65daffb3 <unknown>\nE       #1 0x55fe65a834a7 <unknown>\nE       #2 0x55fe65acadd6 <unknown>\nE       #3 0x55fe65acaec1 <unknown>\nE       #4 0x55fe65b08354 <unknown>\nE       #5 0x55fe65aec96d <unknown>\nE       #6 0x55fe65b05c02 <unknown>\nE       #7 0x55fe65aec713 <unknown>\nE       #8 0x55fe65abf18b <unknown>\nE       #9 0x55fe65abff7e <unknown>\nE       #10 0x55fe65d758d8 <unknown>\nE       #11 0x55fe65d79800 <unknown>\nE       #12 0x55fe65d83cfc <unknown>\nE       #13 0x55fe65d7a418 <unknown>\nE       #14 0x55fe65d4742f <unknown>\nE       #15 0x55fe65d9e4e8 <unknown>\nE       #16 0x55fe65d9e6b4 <unknown>\nE       #17 0x55fe65daf143 <unknown>\nE       #18 0x7fd498a94ac3 <unknown>\n\n.venv/lib/python3.11/site-packages/selenium/webdriver/support/wait.py:95: TimeoutException","steps":[],"attachments":[{"uid":"542f0c9a29a7aec","name":"public ip address","source":"542f0c9a29a7aec.txt","type":"text/plain","size":13},{"uid":"c346f7a36a0d5f8c","name":"Cookies","source":"c346f7a36a0d5f8c.json","type":"application/json","size":2502},{"uid":"ea768b2d1d2490b2","name":"Session Storage","source":"ea768b2d1d2490b2.json","type":"application/json","size":2},{"uid":"1f13de2031af6643","name":"Local Storage","source":"1f13de2031af6643.json","type":"application/json","size":208},{"uid":"dc8e8ce9c6a277c","name":"Console Logs","source":"dc8e8ce9c6a277c.json","type":"application/json","size":243},{"uid":"2105536a7f07c7e1","name":"Full Page Screenshot","source":"2105536a7f07c7e1.png","type":"image/png","size":721374},{"uid":"17f1d3c71cf5d81f","name":"URL","source":"17f1d3c71cf5d81f.uri","type":"text/uri-list","size":23},{"uid":"650e5a084170d70","name":"Network Logs","source":"650e5a084170d70.json","type":"application/json","size":2}],"parameters":[],"shouldDisplayMessage":true,"stepsCount":0,"attachmentsCount":8,"hasContent":true},"afterStages":[],"labels":[{"name":"severity","value":"normal"},{"name":"story","value":"WorkSpaces Creation and Editing Functionality"},{"name":"epic","value":"Workspaces"},{"name":"tag","value":"run(order=7)"},{"name":"parentSuite","value":"tests"},{"name":"suite","value":"workspaces_test"},{"name":"subSuite","value":"TestWorkspaces"},{"name":"host","value":"fv-az1567-741"},{"name":"thread","value":"2219-MainThread"},{"name":"framework","value":"pytest"},{"name":"language","value":"cpython3"},{"name":"package","value":"tests.workspaces_test"},{"name":"resultFormat","value":"allure2"}],"parameters":[],"links":[],"hidden":false,"retry":false,"extra":{"severity":"normal","retries":[],"categories":[{"name":"Test defects","matchedStatuses":[],"flaky":false}],"tags":["run(order=7)"]},"source":"ec1084be3981d1b2.json","parameterValues":[]}