{"uid":"2629ee15bc45626a","name":"Forgot Password with invalid email test","fullName":"tests.forgot_password_test.TestForgotPassword#test_invalid_email","historyId":"d2a250cc6a2f1fc6537c2941dddbd8de","time":{"start":1699060258805,"stop":1699060269057,"duration":10252},"description":"Forgot Password with invalid email address","descriptionHtml":"<p>Forgot Password with invalid email address</p>\n","status":"broken","statusMessage":"selenium.common.exceptions.TimeoutException: Message: \nStacktrace:\n#0 0x55867f8c6fb3 <unknown>\n#1 0x55867f59a4a7 <unknown>\n#2 0x55867f5e1dd6 <unknown>\n#3 0x55867f5e1ec1 <unknown>\n#4 0x55867f61f354 <unknown>\n#5 0x55867f60396d <unknown>\n#6 0x55867f61cc02 <unknown>\n#7 0x55867f603713 <unknown>\n#8 0x55867f5d618b <unknown>\n#9 0x55867f5d6f7e <unknown>\n#10 0x55867f88c8d8 <unknown>\n#11 0x55867f890800 <unknown>\n#12 0x55867f89acfc <unknown>\n#13 0x55867f891418 <unknown>\n#14 0x55867f85e42f <unknown>\n#15 0x55867f8b54e8 <unknown>\n#16 0x55867f8b56b4 <unknown>\n#17 0x55867f8c6143 <unknown>\n#18 0x7f521ae94ac3 <unknown>","statusTrace":"self = <tests.forgot_password_test.TestForgotPassword object at 0x7fd24640fa50>\nexcel_reader = <utils.excel_parser.ExcelParser object at 0x7fd245f93850>\njson_data = {'forgot_password': {'error_message': \"We can't find a user with that e-mail address.\", 'success_message': 'A reset li...you page', 'name': 'test', 'new_name': 'another test', 'no_project_found_msg': 'No project matches the criteria', ...}}\n\n    @allure.description(\"Forgot Password with invalid email address\")\n    @allure.title(\"Forgot Password with invalid email test\")\n    def test_invalid_email(self, excel_reader, json_data: dict):\n        emails = excel_reader.read_from_excel(\"Emails\")\n>       self.about_page.click_login_link()\n\ntests/forgot_password_test.py:33: \n_ _ _ _ _ _ _ _ _ _ _ _ _ _ _ _ _ _ _ _ _ _ _ _ _ _ _ _ _ _ _ _ _ _ _ _ _ _ _ _ \npages/about_page.py:20: in click_login_link\n    self.click(self.LOGIN_LINK)\npages/base_page.py:38: in click\n    el: WebElement = self.wait.until(\n_ _ _ _ _ _ _ _ _ _ _ _ _ _ _ _ _ _ _ _ _ _ _ _ _ _ _ _ _ _ _ _ _ _ _ _ _ _ _ _ \n\nself = <selenium.webdriver.support.wait.WebDriverWait (session=\"469b894970f5e6830bda261d8945dd7a\")>\nmethod = <function element_to_be_clickable.<locals>._predicate at 0x7fd24602a520>\nmessage = ''\n\n    def until(self, method, message: str = \"\"):\n        \"\"\"Calls the method provided with the driver as an argument until the \\\n        return value does not evaluate to ``False``.\n    \n        :param method: callable(WebDriver)\n        :param message: optional message for :exc:`TimeoutException`\n        :returns: the result of the last call to `method`\n        :raises: :exc:`selenium.common.exceptions.TimeoutException` if timeout occurs\n        \"\"\"\n        screen = None\n        stacktrace = None\n    \n        end_time = time.monotonic() + self._timeout\n        while True:\n            try:\n                value = method(self._driver)\n                if value:\n                    return value\n            except self._ignored_exceptions as exc:\n                screen = getattr(exc, \"screen\", None)\n                stacktrace = getattr(exc, \"stacktrace\", None)\n            time.sleep(self._poll)\n            if time.monotonic() > end_time:\n                break\n>       raise TimeoutException(message, screen, stacktrace)\nE       selenium.common.exceptions.TimeoutException: Message: \nE       Stacktrace:\nE       #0 0x55867f8c6fb3 <unknown>\nE       #1 0x55867f59a4a7 <unknown>\nE       #2 0x55867f5e1dd6 <unknown>\nE       #3 0x55867f5e1ec1 <unknown>\nE       #4 0x55867f61f354 <unknown>\nE       #5 0x55867f60396d <unknown>\nE       #6 0x55867f61cc02 <unknown>\nE       #7 0x55867f603713 <unknown>\nE       #8 0x55867f5d618b <unknown>\nE       #9 0x55867f5d6f7e <unknown>\nE       #10 0x55867f88c8d8 <unknown>\nE       #11 0x55867f890800 <unknown>\nE       #12 0x55867f89acfc <unknown>\nE       #13 0x55867f891418 <unknown>\nE       #14 0x55867f85e42f <unknown>\nE       #15 0x55867f8b54e8 <unknown>\nE       #16 0x55867f8b56b4 <unknown>\nE       #17 0x55867f8c6143 <unknown>\nE       #18 0x7f521ae94ac3 <unknown>\n\n.venv/lib/python3.11/site-packages/selenium/webdriver/support/wait.py:95: TimeoutException","flaky":false,"newFailed":false,"newBroken":false,"newPassed":false,"retriesCount":0,"retriesStatusChange":false,"beforeStages":[{"name":"_verify_url","time":{"start":1699060107622,"stop":1699060107622,"duration":0},"status":"passed","steps":[],"attachments":[],"parameters":[],"shouldDisplayMessage":false,"stepsCount":0,"attachmentsCount":0,"hasContent":false},{"name":"base_url","time":{"start":1699060107622,"stop":1699060107622,"duration":0},"status":"passed","steps":[],"attachments":[],"parameters":[],"shouldDisplayMessage":false,"stepsCount":0,"attachmentsCount":0,"hasContent":false},{"name":"json_data","time":{"start":1699060107623,"stop":1699060107623,"duration":0},"status":"passed","steps":[],"attachments":[],"parameters":[],"shouldDisplayMessage":false,"stepsCount":0,"attachmentsCount":0,"hasContent":false}],"testStage":{"description":"Forgot Password with invalid email address","status":"broken","statusMessage":"selenium.common.exceptions.TimeoutException: Message: \nStacktrace:\n#0 0x55867f8c6fb3 <unknown>\n#1 0x55867f59a4a7 <unknown>\n#2 0x55867f5e1dd6 <unknown>\n#3 0x55867f5e1ec1 <unknown>\n#4 0x55867f61f354 <unknown>\n#5 0x55867f60396d <unknown>\n#6 0x55867f61cc02 <unknown>\n#7 0x55867f603713 <unknown>\n#8 0x55867f5d618b <unknown>\n#9 0x55867f5d6f7e <unknown>\n#10 0x55867f88c8d8 <unknown>\n#11 0x55867f890800 <unknown>\n#12 0x55867f89acfc <unknown>\n#13 0x55867f891418 <unknown>\n#14 0x55867f85e42f <unknown>\n#15 0x55867f8b54e8 <unknown>\n#16 0x55867f8b56b4 <unknown>\n#17 0x55867f8c6143 <unknown>\n#18 0x7f521ae94ac3 <unknown>","statusTrace":"self = <tests.forgot_password_test.TestForgotPassword object at 0x7fd24640fa50>\nexcel_reader = <utils.excel_parser.ExcelParser object at 0x7fd245f93850>\njson_data = {'forgot_password': {'error_message': \"We can't find a user with that e-mail address.\", 'success_message': 'A reset li...you page', 'name': 'test', 'new_name': 'another test', 'no_project_found_msg': 'No project matches the criteria', ...}}\n\n    @allure.description(\"Forgot Password with invalid email address\")\n    @allure.title(\"Forgot Password with invalid email test\")\n    def test_invalid_email(self, excel_reader, json_data: dict):\n        emails = excel_reader.read_from_excel(\"Emails\")\n>       self.about_page.click_login_link()\n\ntests/forgot_password_test.py:33: \n_ _ _ _ _ _ _ _ _ _ _ _ _ _ _ _ _ _ _ _ _ _ _ _ _ _ _ _ _ _ _ _ _ _ _ _ _ _ _ _ \npages/about_page.py:20: in click_login_link\n    self.click(self.LOGIN_LINK)\npages/base_page.py:38: in click\n    el: WebElement = self.wait.until(\n_ _ _ _ _ _ _ _ _ _ _ _ _ _ _ _ _ _ _ _ _ _ _ _ _ _ _ _ _ _ _ _ _ _ _ _ _ _ _ _ \n\nself = <selenium.webdriver.support.wait.WebDriverWait (session=\"469b894970f5e6830bda261d8945dd7a\")>\nmethod = <function element_to_be_clickable.<locals>._predicate at 0x7fd24602a520>\nmessage = ''\n\n    def until(self, method, message: str = \"\"):\n        \"\"\"Calls the method provided with the driver as an argument until the \\\n        return value does not evaluate to ``False``.\n    \n        :param method: callable(WebDriver)\n        :param message: optional message for :exc:`TimeoutException`\n        :returns: the result of the last call to `method`\n        :raises: :exc:`selenium.common.exceptions.TimeoutException` if timeout occurs\n        \"\"\"\n        screen = None\n        stacktrace = None\n    \n        end_time = time.monotonic() + self._timeout\n        while True:\n            try:\n                value = method(self._driver)\n                if value:\n                    return value\n            except self._ignored_exceptions as exc:\n                screen = getattr(exc, \"screen\", None)\n                stacktrace = getattr(exc, \"stacktrace\", None)\n            time.sleep(self._poll)\n            if time.monotonic() > end_time:\n                break\n>       raise TimeoutException(message, screen, stacktrace)\nE       selenium.common.exceptions.TimeoutException: Message: \nE       Stacktrace:\nE       #0 0x55867f8c6fb3 <unknown>\nE       #1 0x55867f59a4a7 <unknown>\nE       #2 0x55867f5e1dd6 <unknown>\nE       #3 0x55867f5e1ec1 <unknown>\nE       #4 0x55867f61f354 <unknown>\nE       #5 0x55867f60396d <unknown>\nE       #6 0x55867f61cc02 <unknown>\nE       #7 0x55867f603713 <unknown>\nE       #8 0x55867f5d618b <unknown>\nE       #9 0x55867f5d6f7e <unknown>\nE       #10 0x55867f88c8d8 <unknown>\nE       #11 0x55867f890800 <unknown>\nE       #12 0x55867f89acfc <unknown>\nE       #13 0x55867f891418 <unknown>\nE       #14 0x55867f85e42f <unknown>\nE       #15 0x55867f8b54e8 <unknown>\nE       #16 0x55867f8b56b4 <unknown>\nE       #17 0x55867f8c6143 <unknown>\nE       #18 0x7f521ae94ac3 <unknown>\n\n.venv/lib/python3.11/site-packages/selenium/webdriver/support/wait.py:95: TimeoutException","steps":[{"name":"Click Login link","time":{"start":1699060258848,"stop":1699060269056,"duration":10208},"status":"broken","statusMessage":"selenium.common.exceptions.TimeoutException: Message: \nStacktrace:\n#0 0x55867f8c6fb3 <unknown>\n#1 0x55867f59a4a7 <unknown>\n#2 0x55867f5e1dd6 <unknown>\n#3 0x55867f5e1ec1 <unknown>\n#4 0x55867f61f354 <unknown>\n#5 0x55867f60396d <unknown>\n#6 0x55867f61cc02 <unknown>\n#7 0x55867f603713 <unknown>\n#8 0x55867f5d618b <unknown>\n#9 0x55867f5d6f7e <unknown>\n#10 0x55867f88c8d8 <unknown>\n#11 0x55867f890800 <unknown>\n#12 0x55867f89acfc <unknown>\n#13 0x55867f891418 <unknown>\n#14 0x55867f85e42f <unknown>\n#15 0x55867f8b54e8 <unknown>\n#16 0x55867f8b56b4 <unknown>\n#17 0x55867f8c6143 <unknown>\n#18 0x7f521ae94ac3 <unknown>\n\n","statusTrace":"  File \"/home/runner/work/Selenium-Python-Example/Selenium-Python-Example/.venv/lib/python3.11/site-packages/allure_commons/_allure.py\", line 192, in impl\n    return func(*a, **kw)\n           ^^^^^^^^^^^^^^\n  File \"/home/runner/work/Selenium-Python-Example/Selenium-Python-Example/pages/about_page.py\", line 20, in click_login_link\n    self.click(self.LOGIN_LINK)\n  File \"/home/runner/work/Selenium-Python-Example/Selenium-Python-Example/pages/base_page.py\", line 38, in click\n    el: WebElement = self.wait.until(\n                     ^^^^^^^^^^^^^^^^\n  File \"/home/runner/work/Selenium-Python-Example/Selenium-Python-Example/.venv/lib/python3.11/site-packages/selenium/webdriver/support/wait.py\", line 95, in until\n    raise TimeoutException(message, screen, stacktrace)\n","steps":[],"attachments":[],"parameters":[],"shouldDisplayMessage":true,"stepsCount":0,"attachmentsCount":0,"hasContent":true}],"attachments":[{"uid":"76cc9236b1c284c0","name":"public ip address","source":"76cc9236b1c284c0.txt","type":"text/plain","size":15},{"uid":"45d2d225f95a360c","name":"Cookies","source":"45d2d225f95a360c.json","type":"application/json","size":3286},{"uid":"feca37ee21355a8a","name":"Session Storage","source":"feca37ee21355a8a.json","type":"application/json","size":333},{"uid":"c4440444182f2402","name":"Local Storage","source":"c4440444182f2402.json","type":"application/json","size":208},{"uid":"2697b7326448a46e","name":"Console Logs","source":"2697b7326448a46e.json","type":"application/json","size":2},{"uid":"69d3a58a8eeed275","name":"Full Page Screenshot","source":"69d3a58a8eeed275.png","type":"image/png","size":715470},{"uid":"23e71ba54566a1d6","name":"URL","source":"23e71ba54566a1d6.uri","type":"text/uri-list","size":23},{"uid":"7334087e7cafb09b","name":"Network Logs","source":"7334087e7cafb09b.json","type":"application/json","size":22793}],"parameters":[],"shouldDisplayMessage":true,"stepsCount":1,"attachmentsCount":8,"hasContent":true},"afterStages":[],"labels":[{"name":"story","value":"Forgot Password Feature's Functionality"},{"name":"epic","value":"Security"},{"name":"severity","value":"critical"},{"name":"suite","value":"Custom suite"},{"name":"subSuite","value":"Custom sub suite"},{"name":"parentSuite","value":"Custom parent suite"},{"name":"tag","value":"security"},{"name":"host","value":"fv-az1020-91"},{"name":"thread","value":"2216-MainThread"},{"name":"framework","value":"pytest"},{"name":"language","value":"cpython3"},{"name":"package","value":"tests.forgot_password_test"},{"name":"resultFormat","value":"allure2"}],"parameters":[],"links":[],"hidden":false,"retry":false,"extra":{"severity":"critical","retries":[],"categories":[{"name":"Test defects","matchedStatuses":[],"flaky":false}],"tags":["security"]},"source":"2629ee15bc45626a.json","parameterValues":[]}