{"uid":"c2e695aacb02fd01","name":"Login with valid credentials test","fullName":"tests.login_test.TestLogin#test_valid_login","historyId":"18657c207d70aa57845e0b7f4751c290","time":{"start":1699060296811,"stop":1699060307003,"duration":10192},"description":"valid login","descriptionHtml":"<p>valid login</p>\n","status":"broken","statusMessage":"selenium.common.exceptions.TimeoutException: Message: \nStacktrace:\n#0 0x5582e3657fb3 <unknown>\n#1 0x5582e332b4a7 <unknown>\n#2 0x5582e3372dd6 <unknown>\n#3 0x5582e3372ec1 <unknown>\n#4 0x5582e33b0354 <unknown>\n#5 0x5582e339496d <unknown>\n#6 0x5582e33adc02 <unknown>\n#7 0x5582e3394713 <unknown>\n#8 0x5582e336718b <unknown>\n#9 0x5582e3367f7e <unknown>\n#10 0x5582e361d8d8 <unknown>\n#11 0x5582e3621800 <unknown>\n#12 0x5582e362bcfc <unknown>\n#13 0x5582e3622418 <unknown>\n#14 0x5582e35ef42f <unknown>\n#15 0x5582e36464e8 <unknown>\n#16 0x5582e36466b4 <unknown>\n#17 0x5582e3657143 <unknown>\n#18 0x7fdc49c94ac3 <unknown>","statusTrace":"self = <tests.login_test.TestLogin object at 0x7fd24626c950>\njson_data = {'forgot_password': {'error_message': \"We can't find a user with that e-mail address.\", 'success_message': 'A reset li...you page', 'name': 'test', 'new_name': 'another test', 'no_project_found_msg': 'No project matches the criteria', ...}}\n\n    @allure.description(\"valid login\")\n    @allure.title(\"Login with valid credentials test\")\n    @allure.tag(\"Tagged test\")\n    @pytest.mark.flaky(reruns=1)\n    def test_valid_login(self, json_data: dict):\n>       self.about_page.click_login_link()\n\ntests/login_test.py:41: \n_ _ _ _ _ _ _ _ _ _ _ _ _ _ _ _ _ _ _ _ _ _ _ _ _ _ _ _ _ _ _ _ _ _ _ _ _ _ _ _ \npages/about_page.py:20: in click_login_link\n    self.click(self.LOGIN_LINK)\npages/base_page.py:38: in click\n    el: WebElement = self.wait.until(\n_ _ _ _ _ _ _ _ _ _ _ _ _ _ _ _ _ _ _ _ _ _ _ _ _ _ _ _ _ _ _ _ _ _ _ _ _ _ _ _ \n\nself = <selenium.webdriver.support.wait.WebDriverWait (session=\"72cafd0574a5b5d7e6cbad9f0d693dc3\")>\nmethod = <function element_to_be_clickable.<locals>._predicate at 0x7fd2462d5440>\nmessage = ''\n\n    def until(self, method, message: str = \"\"):\n        \"\"\"Calls the method provided with the driver as an argument until the \\\n        return value does not evaluate to ``False``.\n    \n        :param method: callable(WebDriver)\n        :param message: optional message for :exc:`TimeoutException`\n        :returns: the result of the last call to `method`\n        :raises: :exc:`selenium.common.exceptions.TimeoutException` if timeout occurs\n        \"\"\"\n        screen = None\n        stacktrace = None\n    \n        end_time = time.monotonic() + self._timeout\n        while True:\n            try:\n                value = method(self._driver)\n                if value:\n                    return value\n            except self._ignored_exceptions as exc:\n                screen = getattr(exc, \"screen\", None)\n                stacktrace = getattr(exc, \"stacktrace\", None)\n            time.sleep(self._poll)\n            if time.monotonic() > end_time:\n                break\n>       raise TimeoutException(message, screen, stacktrace)\nE       selenium.common.exceptions.TimeoutException: Message: \nE       Stacktrace:\nE       #0 0x5582e3657fb3 <unknown>\nE       #1 0x5582e332b4a7 <unknown>\nE       #2 0x5582e3372dd6 <unknown>\nE       #3 0x5582e3372ec1 <unknown>\nE       #4 0x5582e33b0354 <unknown>\nE       #5 0x5582e339496d <unknown>\nE       #6 0x5582e33adc02 <unknown>\nE       #7 0x5582e3394713 <unknown>\nE       #8 0x5582e336718b <unknown>\nE       #9 0x5582e3367f7e <unknown>\nE       #10 0x5582e361d8d8 <unknown>\nE       #11 0x5582e3621800 <unknown>\nE       #12 0x5582e362bcfc <unknown>\nE       #13 0x5582e3622418 <unknown>\nE       #14 0x5582e35ef42f <unknown>\nE       #15 0x5582e36464e8 <unknown>\nE       #16 0x5582e36466b4 <unknown>\nE       #17 0x5582e3657143 <unknown>\nE       #18 0x7fdc49c94ac3 <unknown>\n\n.venv/lib/python3.11/site-packages/selenium/webdriver/support/wait.py:95: TimeoutException","flaky":false,"newFailed":false,"newBroken":false,"newPassed":false,"retriesCount":1,"retriesStatusChange":false,"beforeStages":[{"name":"_verify_url","time":{"start":1699060107622,"stop":1699060107622,"duration":0},"status":"passed","steps":[],"attachments":[],"parameters":[],"shouldDisplayMessage":false,"stepsCount":0,"attachmentsCount":0,"hasContent":false},{"name":"base_url","time":{"start":1699060107622,"stop":1699060107622,"duration":0},"status":"passed","steps":[],"attachments":[],"parameters":[],"shouldDisplayMessage":false,"stepsCount":0,"attachmentsCount":0,"hasContent":false},{"name":"json_data","time":{"start":1699060107623,"stop":1699060107623,"duration":0},"status":"passed","steps":[],"attachments":[],"parameters":[],"shouldDisplayMessage":false,"stepsCount":0,"attachmentsCount":0,"hasContent":false}],"testStage":{"description":"valid login","status":"broken","statusMessage":"selenium.common.exceptions.TimeoutException: Message: \nStacktrace:\n#0 0x5582e3657fb3 <unknown>\n#1 0x5582e332b4a7 <unknown>\n#2 0x5582e3372dd6 <unknown>\n#3 0x5582e3372ec1 <unknown>\n#4 0x5582e33b0354 <unknown>\n#5 0x5582e339496d <unknown>\n#6 0x5582e33adc02 <unknown>\n#7 0x5582e3394713 <unknown>\n#8 0x5582e336718b <unknown>\n#9 0x5582e3367f7e <unknown>\n#10 0x5582e361d8d8 <unknown>\n#11 0x5582e3621800 <unknown>\n#12 0x5582e362bcfc <unknown>\n#13 0x5582e3622418 <unknown>\n#14 0x5582e35ef42f <unknown>\n#15 0x5582e36464e8 <unknown>\n#16 0x5582e36466b4 <unknown>\n#17 0x5582e3657143 <unknown>\n#18 0x7fdc49c94ac3 <unknown>","statusTrace":"self = <tests.login_test.TestLogin object at 0x7fd24626c950>\njson_data = {'forgot_password': {'error_message': \"We can't find a user with that e-mail address.\", 'success_message': 'A reset li...you page', 'name': 'test', 'new_name': 'another test', 'no_project_found_msg': 'No project matches the criteria', ...}}\n\n    @allure.description(\"valid login\")\n    @allure.title(\"Login with valid credentials test\")\n    @allure.tag(\"Tagged test\")\n    @pytest.mark.flaky(reruns=1)\n    def test_valid_login(self, json_data: dict):\n>       self.about_page.click_login_link()\n\ntests/login_test.py:41: \n_ _ _ _ _ _ _ _ _ _ _ _ _ _ _ _ _ _ _ _ _ _ _ _ _ _ _ _ _ _ _ _ _ _ _ _ _ _ _ _ \npages/about_page.py:20: in click_login_link\n    self.click(self.LOGIN_LINK)\npages/base_page.py:38: in click\n    el: WebElement = self.wait.until(\n_ _ _ _ _ _ _ _ _ _ _ _ _ _ _ _ _ _ _ _ _ _ _ _ _ _ _ _ _ _ _ _ _ _ _ _ _ _ _ _ \n\nself = <selenium.webdriver.support.wait.WebDriverWait (session=\"72cafd0574a5b5d7e6cbad9f0d693dc3\")>\nmethod = <function element_to_be_clickable.<locals>._predicate at 0x7fd2462d5440>\nmessage = ''\n\n    def until(self, method, message: str = \"\"):\n        \"\"\"Calls the method provided with the driver as an argument until the \\\n        return value does not evaluate to ``False``.\n    \n        :param method: callable(WebDriver)\n        :param message: optional message for :exc:`TimeoutException`\n        :returns: the result of the last call to `method`\n        :raises: :exc:`selenium.common.exceptions.TimeoutException` if timeout occurs\n        \"\"\"\n        screen = None\n        stacktrace = None\n    \n        end_time = time.monotonic() + self._timeout\n        while True:\n            try:\n                value = method(self._driver)\n                if value:\n                    return value\n            except self._ignored_exceptions as exc:\n                screen = getattr(exc, \"screen\", None)\n                stacktrace = getattr(exc, \"stacktrace\", None)\n            time.sleep(self._poll)\n            if time.monotonic() > end_time:\n                break\n>       raise TimeoutException(message, screen, stacktrace)\nE       selenium.common.exceptions.TimeoutException: Message: \nE       Stacktrace:\nE       #0 0x5582e3657fb3 <unknown>\nE       #1 0x5582e332b4a7 <unknown>\nE       #2 0x5582e3372dd6 <unknown>\nE       #3 0x5582e3372ec1 <unknown>\nE       #4 0x5582e33b0354 <unknown>\nE       #5 0x5582e339496d <unknown>\nE       #6 0x5582e33adc02 <unknown>\nE       #7 0x5582e3394713 <unknown>\nE       #8 0x5582e336718b <unknown>\nE       #9 0x5582e3367f7e <unknown>\nE       #10 0x5582e361d8d8 <unknown>\nE       #11 0x5582e3621800 <unknown>\nE       #12 0x5582e362bcfc <unknown>\nE       #13 0x5582e3622418 <unknown>\nE       #14 0x5582e35ef42f <unknown>\nE       #15 0x5582e36464e8 <unknown>\nE       #16 0x5582e36466b4 <unknown>\nE       #17 0x5582e3657143 <unknown>\nE       #18 0x7fdc49c94ac3 <unknown>\n\n.venv/lib/python3.11/site-packages/selenium/webdriver/support/wait.py:95: TimeoutException","steps":[{"name":"Click Login link","time":{"start":1699060296811,"stop":1699060307003,"duration":10192},"status":"broken","statusMessage":"selenium.common.exceptions.TimeoutException: Message: \nStacktrace:\n#0 0x5582e3657fb3 <unknown>\n#1 0x5582e332b4a7 <unknown>\n#2 0x5582e3372dd6 <unknown>\n#3 0x5582e3372ec1 <unknown>\n#4 0x5582e33b0354 <unknown>\n#5 0x5582e339496d <unknown>\n#6 0x5582e33adc02 <unknown>\n#7 0x5582e3394713 <unknown>\n#8 0x5582e336718b <unknown>\n#9 0x5582e3367f7e <unknown>\n#10 0x5582e361d8d8 <unknown>\n#11 0x5582e3621800 <unknown>\n#12 0x5582e362bcfc <unknown>\n#13 0x5582e3622418 <unknown>\n#14 0x5582e35ef42f <unknown>\n#15 0x5582e36464e8 <unknown>\n#16 0x5582e36466b4 <unknown>\n#17 0x5582e3657143 <unknown>\n#18 0x7fdc49c94ac3 <unknown>\n\n","statusTrace":"  File \"/home/runner/work/Selenium-Python-Example/Selenium-Python-Example/.venv/lib/python3.11/site-packages/allure_commons/_allure.py\", line 192, in impl\n    return func(*a, **kw)\n           ^^^^^^^^^^^^^^\n  File \"/home/runner/work/Selenium-Python-Example/Selenium-Python-Example/pages/about_page.py\", line 20, in click_login_link\n    self.click(self.LOGIN_LINK)\n  File \"/home/runner/work/Selenium-Python-Example/Selenium-Python-Example/pages/base_page.py\", line 38, in click\n    el: WebElement = self.wait.until(\n                     ^^^^^^^^^^^^^^^^\n  File \"/home/runner/work/Selenium-Python-Example/Selenium-Python-Example/.venv/lib/python3.11/site-packages/selenium/webdriver/support/wait.py\", line 95, in until\n    raise TimeoutException(message, screen, stacktrace)\n","steps":[],"attachments":[],"parameters":[],"shouldDisplayMessage":true,"stepsCount":0,"attachmentsCount":0,"hasContent":true}],"attachments":[{"uid":"7e773c87772de02f","name":"public ip address","source":"7e773c87772de02f.txt","type":"text/plain","size":15},{"uid":"2460180c32318cf0","name":"Cookies","source":"2460180c32318cf0.json","type":"application/json","size":3285},{"uid":"3c1b5c4968aa44a7","name":"Session Storage","source":"3c1b5c4968aa44a7.json","type":"application/json","size":333},{"uid":"fbb132a30c3867fc","name":"Local Storage","source":"fbb132a30c3867fc.json","type":"application/json","size":208},{"uid":"de0b6f04d298cdae","name":"Console Logs","source":"de0b6f04d298cdae.json","type":"application/json","size":2},{"uid":"7db89c8603dcaf68","name":"Full Page Screenshot","source":"7db89c8603dcaf68.png","type":"image/png","size":715470},{"uid":"c85d1461183eb794","name":"URL","source":"c85d1461183eb794.uri","type":"text/uri-list","size":23},{"uid":"2e691fb0f82cbc20","name":"Network Logs","source":"2e691fb0f82cbc20.json","type":"application/json","size":22921}],"parameters":[],"shouldDisplayMessage":true,"stepsCount":1,"attachmentsCount":8,"hasContent":true},"afterStages":[],"labels":[{"name":"feature","value":"Login"},{"name":"epic","value":"Security"},{"name":"severity","value":"blocker"},{"name":"tag","value":"Tagged test"},{"name":"tag","value":"flaky(reruns=1)"},{"name":"tag","value":"security"},{"name":"parentSuite","value":"tests"},{"name":"suite","value":"login_test"},{"name":"subSuite","value":"TestLogin"},{"name":"host","value":"fv-az1020-91"},{"name":"thread","value":"2216-MainThread"},{"name":"framework","value":"pytest"},{"name":"language","value":"cpython3"},{"name":"package","value":"tests.login_test"},{"name":"resultFormat","value":"allure2"}],"parameters":[],"links":[],"hidden":false,"retry":false,"extra":{"severity":"blocker","retries":[{"uid":"4ebda2bb5055c40","status":"broken","statusDetails":"selenium.common.exceptions.TimeoutException: Message: \nStacktrace:\n#0 0x55671827cfb3 <unknown>\n#1 0x556717f504a7 <unknown>\n#2 0x556717f97dd6 <unknown>\n#3 0x556717f97ec1 <unknown>\n#4 0x556717fd5354 <unknown>\n#5 0x556717fb996d <unknown>\n#6 0x556717fd2c02 <unknown>\n#7 0x556717fb9713 <unknown>\n#8 0x556717f8c18b <unknown>\n#9 0x556717f8cf7e <unknown>\n#10 0x5567182428d8 <unknown>\n#11 0x556718246800 <unknown>\n#12 0x556718250cfc <unknown>\n#13 0x556718247418 <unknown>\n#14 0x55671821442f <unknown>\n#15 0x55671826b4e8 <unknown>\n#16 0x55671826b6b4 <unknown>\n#17 0x55671827c143 <unknown>\n#18 0x7f1ef4e94ac3 <unknown>","time":{"start":1699060284145,"stop":1699060294385,"duration":10240}}],"categories":[{"name":"Test defects","matchedStatuses":[],"flaky":false}],"tags":["security","Tagged test","flaky(reruns=1)"]},"source":"c2e695aacb02fd01.json","parameterValues":[]}