{"uid":"89fffd596ada2be0","name":"Create new workspace test","fullName":"tests.workspaces_test.TestWorkspaces#test_create_new_workspace","historyId":"e1f088bc30a040de4100d958931562b3","time":{"start":1702171039605,"stop":1702171039605,"duration":0},"description":"Create new Workspace","descriptionHtml":"<p>Create new Workspace</p>\n","status":"broken","statusMessage":"selenium.common.exceptions.TimeoutException: Message: \nStacktrace:\n#0 0x5635168945e3 <unknown>\n#1 0x5635165570b7 <unknown>\n#2 0x5635165a4f53 <unknown>\n#3 0x5635165a5051 <unknown>\n#4 0x5635165ea9c4 <unknown>\n#5 0x5635165cbf1d <unknown>\n#6 0x5635165e7b3d <unknown>\n#7 0x5635165cbcc3 <unknown>\n#8 0x5635165970e4 <unknown>\n#9 0x5635165980ae <unknown>\n#10 0x56351685ace1 <unknown>\n#11 0x56351685eb7e <unknown>\n#12 0x5635168484b5 <unknown>\n#13 0x56351685f7d6 <unknown>\n#14 0x56351682bdbf <unknown>\n#15 0x563516882748 <unknown>\n#16 0x563516882917 <unknown>\n#17 0x563516893773 <unknown>\n#18 0x7febede94ac3 <unknown>","statusTrace":"self = <tests.workspaces_test.TestWorkspaces object at 0x7f79244a6bd0>\n\n    @pytest.fixture(autouse=True)\n    def setup_method_fixture(self):\n>       login(self.about_page, self.login_page)\n\ntests/workspaces_test.py:24: \n_ _ _ _ _ _ _ _ _ _ _ _ _ _ _ _ _ _ _ _ _ _ _ _ _ _ _ _ _ _ _ _ _ _ _ _ _ _ _ _ \ntests/workspaces_test.py:14: in login\n    about_page.click_login_link()\npages/about_page.py:20: in click_login_link\n    self.click(self.LOGIN_LINK)\npages/base_page.py:38: in click\n    el: WebElement = self.wait.until(\n_ _ _ _ _ _ _ _ _ _ _ _ _ _ _ _ _ _ _ _ _ _ _ _ _ _ _ _ _ _ _ _ _ _ _ _ _ _ _ _ \n\nself = <selenium.webdriver.support.wait.WebDriverWait (session=\"f4e5cad071b38f3274fdd5a281576935\")>\nmethod = <function element_to_be_clickable.<locals>._predicate at 0x7f79244c96c0>\nmessage = ''\n\n    def until(self, method: Callable[[WebDriver], Union[Literal[False], T]], message: str = \"\") -> T:\n        \"\"\"Calls the method provided with the driver as an argument until the \\\n        return value does not evaluate to ``False``.\n    \n        :param method: callable(WebDriver)\n        :param message: optional message for :exc:`TimeoutException`\n        :returns: the result of the last call to `method`\n        :raises: :exc:`selenium.common.exceptions.TimeoutException` if timeout occurs\n        \"\"\"\n        screen = None\n        stacktrace = None\n    \n        end_time = time.monotonic() + self._timeout\n        while True:\n            try:\n                value = method(self._driver)\n                if value:\n                    return value\n            except self._ignored_exceptions as exc:\n                screen = getattr(exc, \"screen\", None)\n                stacktrace = getattr(exc, \"stacktrace\", None)\n            time.sleep(self._poll)\n            if time.monotonic() > end_time:\n                break\n>       raise TimeoutException(message, screen, stacktrace)\nE       selenium.common.exceptions.TimeoutException: Message: \nE       Stacktrace:\nE       #0 0x5635168945e3 <unknown>\nE       #1 0x5635165570b7 <unknown>\nE       #2 0x5635165a4f53 <unknown>\nE       #3 0x5635165a5051 <unknown>\nE       #4 0x5635165ea9c4 <unknown>\nE       #5 0x5635165cbf1d <unknown>\nE       #6 0x5635165e7b3d <unknown>\nE       #7 0x5635165cbcc3 <unknown>\nE       #8 0x5635165970e4 <unknown>\nE       #9 0x5635165980ae <unknown>\nE       #10 0x56351685ace1 <unknown>\nE       #11 0x56351685eb7e <unknown>\nE       #12 0x5635168484b5 <unknown>\nE       #13 0x56351685f7d6 <unknown>\nE       #14 0x56351682bdbf <unknown>\nE       #15 0x563516882748 <unknown>\nE       #16 0x563516882917 <unknown>\nE       #17 0x563516893773 <unknown>\nE       #18 0x7febede94ac3 <unknown>\n\n.venv/lib/python3.11/site-packages/selenium/webdriver/support/wait.py:101: TimeoutException","flaky":false,"newFailed":false,"newBroken":false,"newPassed":false,"retriesCount":0,"retriesStatusChange":false,"beforeStages":[{"name":"base_url","time":{"start":1702171042417,"stop":1702171042417,"duration":0},"status":"passed","steps":[],"attachments":[],"parameters":[],"shouldDisplayMessage":false,"stepsCount":0,"attachmentsCount":0,"hasContent":false,"attachmentStep":false},{"name":"_verify_url","time":{"start":1702171042418,"stop":1702171042418,"duration":0},"status":"passed","steps":[],"attachments":[],"parameters":[],"shouldDisplayMessage":false,"stepsCount":0,"attachmentsCount":0,"hasContent":false,"attachmentStep":false},{"name":"setup_method_fixture","time":{"start":1702171042418,"stop":1702171052692,"duration":10274},"status":"broken","statusMessage":"selenium.common.exceptions.TimeoutException: Message: \nStacktrace:\n#0 0x5635168945e3 <unknown>\n#1 0x5635165570b7 <unknown>\n#2 0x5635165a4f53 <unknown>\n#3 0x5635165a5051 <unknown>\n#4 0x5635165ea9c4 <unknown>\n#5 0x5635165cbf1d <unknown>\n#6 0x5635165e7b3d <unknown>\n#7 0x5635165cbcc3 <unknown>\n#8 0x5635165970e4 <unknown>\n#9 0x5635165980ae <unknown>\n#10 0x56351685ace1 <unknown>\n#11 0x56351685eb7e <unknown>\n#12 0x5635168484b5 <unknown>\n#13 0x56351685f7d6 <unknown>\n#14 0x56351682bdbf <unknown>\n#15 0x563516882748 <unknown>\n#16 0x563516882917 <unknown>\n#17 0x563516893773 <unknown>\n#18 0x7febede94ac3 <unknown>\n\n","statusTrace":"  File \"/home/runner/work/Selenium-Python-Example/Selenium-Python-Example/.venv/lib/python3.11/site-packages/pluggy/_callers.py\", line 80, in _multicall\n    res = hook_impl.function(*args)\n          ^^^^^^^^^^^^^^^^^^^^^^^^^\n  File \"/home/runner/work/Selenium-Python-Example/Selenium-Python-Example/.venv/lib/python3.11/site-packages/_pytest/fixtures.py\", line 1123, in pytest_fixture_setup\n    result = call_fixture_func(fixturefunc, request, kwargs)\n             ^^^^^^^^^^^^^^^^^^^^^^^^^^^^^^^^^^^^^^^^^^^^^^^\n  File \"/home/runner/work/Selenium-Python-Example/Selenium-Python-Example/.venv/lib/python3.11/site-packages/_pytest/fixtures.py\", line 902, in call_fixture_func\n    fixture_result = fixturefunc(**kwargs)\n                     ^^^^^^^^^^^^^^^^^^^^^\n  File \"/home/runner/work/Selenium-Python-Example/Selenium-Python-Example/tests/workspaces_test.py\", line 24, in setup_method_fixture\n    login(self.about_page, self.login_page)\n  File \"/home/runner/work/Selenium-Python-Example/Selenium-Python-Example/tests/workspaces_test.py\", line 14, in login\n    about_page.click_login_link()\n  File \"/home/runner/work/Selenium-Python-Example/Selenium-Python-Example/.venv/lib/python3.11/site-packages/allure_commons/_allure.py\", line 192, in impl\n    return func(*a, **kw)\n           ^^^^^^^^^^^^^^\n  File \"/home/runner/work/Selenium-Python-Example/Selenium-Python-Example/pages/about_page.py\", line 20, in click_login_link\n    self.click(self.LOGIN_LINK)\n  File \"/home/runner/work/Selenium-Python-Example/Selenium-Python-Example/pages/base_page.py\", line 38, in click\n    el: WebElement = self.wait.until(\n                     ^^^^^^^^^^^^^^^^\n  File \"/home/runner/work/Selenium-Python-Example/Selenium-Python-Example/.venv/lib/python3.11/site-packages/selenium/webdriver/support/wait.py\", line 101, in until\n    raise TimeoutException(message, screen, stacktrace)\n","steps":[{"name":"Click Login link","time":{"start":1702171042418,"stop":1702171052692,"duration":10274},"status":"broken","statusMessage":"selenium.common.exceptions.TimeoutException: Message: \nStacktrace:\n#0 0x5635168945e3 <unknown>\n#1 0x5635165570b7 <unknown>\n#2 0x5635165a4f53 <unknown>\n#3 0x5635165a5051 <unknown>\n#4 0x5635165ea9c4 <unknown>\n#5 0x5635165cbf1d <unknown>\n#6 0x5635165e7b3d <unknown>\n#7 0x5635165cbcc3 <unknown>\n#8 0x5635165970e4 <unknown>\n#9 0x5635165980ae <unknown>\n#10 0x56351685ace1 <unknown>\n#11 0x56351685eb7e <unknown>\n#12 0x5635168484b5 <unknown>\n#13 0x56351685f7d6 <unknown>\n#14 0x56351682bdbf <unknown>\n#15 0x563516882748 <unknown>\n#16 0x563516882917 <unknown>\n#17 0x563516893773 <unknown>\n#18 0x7febede94ac3 <unknown>\n\n","statusTrace":"  File \"/home/runner/work/Selenium-Python-Example/Selenium-Python-Example/.venv/lib/python3.11/site-packages/allure_commons/_allure.py\", line 192, in impl\n    return func(*a, **kw)\n           ^^^^^^^^^^^^^^\n  File \"/home/runner/work/Selenium-Python-Example/Selenium-Python-Example/pages/about_page.py\", line 20, in click_login_link\n    self.click(self.LOGIN_LINK)\n  File \"/home/runner/work/Selenium-Python-Example/Selenium-Python-Example/pages/base_page.py\", line 38, in click\n    el: WebElement = self.wait.until(\n                     ^^^^^^^^^^^^^^^^\n  File \"/home/runner/work/Selenium-Python-Example/Selenium-Python-Example/.venv/lib/python3.11/site-packages/selenium/webdriver/support/wait.py\", line 101, in until\n    raise TimeoutException(message, screen, stacktrace)\n","steps":[],"attachments":[],"parameters":[],"shouldDisplayMessage":true,"stepsCount":0,"attachmentsCount":0,"hasContent":true,"attachmentStep":false}],"attachments":[],"parameters":[],"shouldDisplayMessage":false,"stepsCount":1,"attachmentsCount":0,"hasContent":true,"attachmentStep":false},{"name":"json_data","time":{"start":1702171042418,"stop":1702171042418,"duration":0},"status":"passed","steps":[],"attachments":[],"parameters":[],"shouldDisplayMessage":false,"stepsCount":0,"attachmentsCount":0,"hasContent":false,"attachmentStep":false}],"testStage":{"description":"Create new Workspace","status":"broken","statusMessage":"selenium.common.exceptions.TimeoutException: Message: \nStacktrace:\n#0 0x5635168945e3 <unknown>\n#1 0x5635165570b7 <unknown>\n#2 0x5635165a4f53 <unknown>\n#3 0x5635165a5051 <unknown>\n#4 0x5635165ea9c4 <unknown>\n#5 0x5635165cbf1d <unknown>\n#6 0x5635165e7b3d <unknown>\n#7 0x5635165cbcc3 <unknown>\n#8 0x5635165970e4 <unknown>\n#9 0x5635165980ae <unknown>\n#10 0x56351685ace1 <unknown>\n#11 0x56351685eb7e <unknown>\n#12 0x5635168484b5 <unknown>\n#13 0x56351685f7d6 <unknown>\n#14 0x56351682bdbf <unknown>\n#15 0x563516882748 <unknown>\n#16 0x563516882917 <unknown>\n#17 0x563516893773 <unknown>\n#18 0x7febede94ac3 <unknown>","statusTrace":"self = <tests.workspaces_test.TestWorkspaces object at 0x7f79244a6bd0>\n\n    @pytest.fixture(autouse=True)\n    def setup_method_fixture(self):\n>       login(self.about_page, self.login_page)\n\ntests/workspaces_test.py:24: \n_ _ _ _ _ _ _ _ _ _ _ _ _ _ _ _ _ _ _ _ _ _ _ _ _ _ _ _ _ _ _ _ _ _ _ _ _ _ _ _ \ntests/workspaces_test.py:14: in login\n    about_page.click_login_link()\npages/about_page.py:20: in click_login_link\n    self.click(self.LOGIN_LINK)\npages/base_page.py:38: in click\n    el: WebElement = self.wait.until(\n_ _ _ _ _ _ _ _ _ _ _ _ _ _ _ _ _ _ _ _ _ _ _ _ _ _ _ _ _ _ _ _ _ _ _ _ _ _ _ _ \n\nself = <selenium.webdriver.support.wait.WebDriverWait (session=\"f4e5cad071b38f3274fdd5a281576935\")>\nmethod = <function element_to_be_clickable.<locals>._predicate at 0x7f79244c96c0>\nmessage = ''\n\n    def until(self, method: Callable[[WebDriver], Union[Literal[False], T]], message: str = \"\") -> T:\n        \"\"\"Calls the method provided with the driver as an argument until the \\\n        return value does not evaluate to ``False``.\n    \n        :param method: callable(WebDriver)\n        :param message: optional message for :exc:`TimeoutException`\n        :returns: the result of the last call to `method`\n        :raises: :exc:`selenium.common.exceptions.TimeoutException` if timeout occurs\n        \"\"\"\n        screen = None\n        stacktrace = None\n    \n        end_time = time.monotonic() + self._timeout\n        while True:\n            try:\n                value = method(self._driver)\n                if value:\n                    return value\n            except self._ignored_exceptions as exc:\n                screen = getattr(exc, \"screen\", None)\n                stacktrace = getattr(exc, \"stacktrace\", None)\n            time.sleep(self._poll)\n            if time.monotonic() > end_time:\n                break\n>       raise TimeoutException(message, screen, stacktrace)\nE       selenium.common.exceptions.TimeoutException: Message: \nE       Stacktrace:\nE       #0 0x5635168945e3 <unknown>\nE       #1 0x5635165570b7 <unknown>\nE       #2 0x5635165a4f53 <unknown>\nE       #3 0x5635165a5051 <unknown>\nE       #4 0x5635165ea9c4 <unknown>\nE       #5 0x5635165cbf1d <unknown>\nE       #6 0x5635165e7b3d <unknown>\nE       #7 0x5635165cbcc3 <unknown>\nE       #8 0x5635165970e4 <unknown>\nE       #9 0x5635165980ae <unknown>\nE       #10 0x56351685ace1 <unknown>\nE       #11 0x56351685eb7e <unknown>\nE       #12 0x5635168484b5 <unknown>\nE       #13 0x56351685f7d6 <unknown>\nE       #14 0x56351682bdbf <unknown>\nE       #15 0x563516882748 <unknown>\nE       #16 0x563516882917 <unknown>\nE       #17 0x563516893773 <unknown>\nE       #18 0x7febede94ac3 <unknown>\n\n.venv/lib/python3.11/site-packages/selenium/webdriver/support/wait.py:101: TimeoutException","steps":[],"attachments":[{"uid":"751815d534e0ddbf","name":"public ip address","source":"751815d534e0ddbf.txt","type":"text/plain","size":12},{"uid":"583eb258ddccb5ef","name":"Cookies","source":"583eb258ddccb5ef.json","type":"application/json","size":3358},{"uid":"56060a6b4c85efb8","name":"Session Storage","source":"56060a6b4c85efb8.json","type":"application/json","size":358},{"uid":"2e2b08fd468f1234","name":"Local Storage","source":"2e2b08fd468f1234.json","type":"application/json","size":208},{"uid":"bb0d9c448f88e42e","name":"Console Logs","source":"bb0d9c448f88e42e.json","type":"application/json","size":2},{"uid":"7ce0bf9bd03df0b0","name":"Full Page Screenshot","source":"7ce0bf9bd03df0b0.png","type":"image/png","size":1300117},{"uid":"487816880182aeb3","name":"URL","source":"487816880182aeb3.uri","type":"text/uri-list","size":23},{"uid":"f835f93911f6d581","name":"Network Logs","source":"f835f93911f6d581.json","type":"application/json","size":22845}],"parameters":[],"shouldDisplayMessage":true,"stepsCount":0,"attachmentsCount":8,"hasContent":true,"attachmentStep":false},"afterStages":[],"labels":[{"name":"story","value":"WorkSpaces Creation and Editing Functionality"},{"name":"epic","value":"Workspaces"},{"name":"severity","value":"normal"},{"name":"tag","value":"run(order=1)"},{"name":"parentSuite","value":"tests"},{"name":"suite","value":"workspaces_test"},{"name":"subSuite","value":"TestWorkspaces"},{"name":"host","value":"fv-az1385-830"},{"name":"thread","value":"2307-MainThread"},{"name":"framework","value":"pytest"},{"name":"language","value":"cpython3"},{"name":"package","value":"tests.workspaces_test"},{"name":"resultFormat","value":"allure2"}],"parameters":[],"links":[],"hidden":false,"retry":false,"extra":{"severity":"normal","retries":[],"categories":[{"name":"Test defects","matchedStatuses":[],"flaky":false}],"tags":["run(order=1)"]},"source":"89fffd596ada2be0.json","parameterValues":[]}