{"uid":"90f2db82fed301dc","name":"Rename an existing workspace test","fullName":"tests.workspaces_test.TestWorkspaces#test_rename_workspace","historyId":"cd63adf5d11191c5904362b968c9e131","time":{"start":1733104086124,"stop":1733104086124,"duration":0},"description":"Rename an existing workspace","descriptionHtml":"<p>Rename an existing workspace</p>\n","status":"broken","statusMessage":"selenium.common.exceptions.TimeoutException: Message: \nStacktrace:\n#0 0x55be8baaa31a <unknown>\n#1 0x55be8b5c06e0 <unknown>\n#2 0x55be8b60f3e6 <unknown>\n#3 0x55be8b60f681 <unknown>\n#4 0x55be8b654b04 <unknown>\n#5 0x55be8b63348d <unknown>\n#6 0x55be8b651ed7 <unknown>\n#7 0x55be8b633203 <unknown>\n#8 0x55be8b601cc0 <unknown>\n#9 0x55be8b602c9e <unknown>\n#10 0x55be8ba77d0b <unknown>\n#11 0x55be8ba7bc92 <unknown>\n#12 0x55be8ba64b3c <unknown>\n#13 0x55be8ba7c807 <unknown>\n#14 0x55be8ba4a0df <unknown>\n#15 0x55be8ba99578 <unknown>\n#16 0x55be8ba99740 <unknown>\n#17 0x55be8baa9196 <unknown>\n#18 0x7fd9a4094ac3 <unknown>","statusTrace":"self = <tests.workspaces_test.TestWorkspaces object at 0x7f79506966f0>\n\n    @pytest.fixture(autouse=True)\n    def setup_method_fixture(self):\n>       login(self.about_page, self.login_page)\n\ntests/workspaces_test.py:25: \n_ _ _ _ _ _ _ _ _ _ _ _ _ _ _ _ _ _ _ _ _ _ _ _ _ _ _ _ _ _ _ _ _ _ _ _ _ _ _ _ \ntests/workspaces_test.py:15: in login\n    about_page.click_login_link()\npages/about_page.py:20: in click_login_link\n    self.click(self.LOGIN_LINK)\npages/base_page.py:60: in click\n    el: WebElement = self.wait.until(\n_ _ _ _ _ _ _ _ _ _ _ _ _ _ _ _ _ _ _ _ _ _ _ _ _ _ _ _ _ _ _ _ _ _ _ _ _ _ _ _ \n\nself = <selenium.webdriver.support.wait.WebDriverWait (session=\"43a2294beb447cadb93b0d68df077f7f\")>\nmethod = <function element_to_be_clickable.<locals>._predicate at 0x7f79503ab1a0>\nmessage = ''\n\n    def until(self, method: Callable[[D], Union[Literal[False], T]], message: str = \"\") -> T:\n        \"\"\"Calls the method provided with the driver as an argument until the \\\n        return value does not evaluate to ``False``.\n    \n        :param method: callable(WebDriver)\n        :param message: optional message for :exc:`TimeoutException`\n        :returns: the result of the last call to `method`\n        :raises: :exc:`selenium.common.exceptions.TimeoutException` if timeout occurs\n        \"\"\"\n        screen = None\n        stacktrace = None\n    \n        end_time = time.monotonic() + self._timeout\n        while True:\n            try:\n                value = method(self._driver)\n                if value:\n                    return value\n            except self._ignored_exceptions as exc:\n                screen = getattr(exc, \"screen\", None)\n                stacktrace = getattr(exc, \"stacktrace\", None)\n            if time.monotonic() > end_time:\n                break\n            time.sleep(self._poll)\n>       raise TimeoutException(message, screen, stacktrace)\nE       selenium.common.exceptions.TimeoutException: Message: \nE       Stacktrace:\nE       #0 0x55be8baaa31a <unknown>\nE       #1 0x55be8b5c06e0 <unknown>\nE       #2 0x55be8b60f3e6 <unknown>\nE       #3 0x55be8b60f681 <unknown>\nE       #4 0x55be8b654b04 <unknown>\nE       #5 0x55be8b63348d <unknown>\nE       #6 0x55be8b651ed7 <unknown>\nE       #7 0x55be8b633203 <unknown>\nE       #8 0x55be8b601cc0 <unknown>\nE       #9 0x55be8b602c9e <unknown>\nE       #10 0x55be8ba77d0b <unknown>\nE       #11 0x55be8ba7bc92 <unknown>\nE       #12 0x55be8ba64b3c <unknown>\nE       #13 0x55be8ba7c807 <unknown>\nE       #14 0x55be8ba4a0df <unknown>\nE       #15 0x55be8ba99578 <unknown>\nE       #16 0x55be8ba99740 <unknown>\nE       #17 0x55be8baa9196 <unknown>\nE       #18 0x7fd9a4094ac3 <unknown>\n\n.venv/lib/python3.12/site-packages/selenium/webdriver/support/wait.py:105: TimeoutException","flaky":false,"newFailed":false,"newBroken":false,"newPassed":false,"retriesCount":0,"retriesStatusChange":false,"beforeStages":[{"name":"data","time":{"start":1733104073135,"stop":1733104073136,"duration":1},"status":"passed","steps":[],"attachments":[],"parameters":[],"shouldDisplayMessage":false,"stepsCount":0,"attachmentsCount":0,"hasContent":false,"attachmentStep":false},{"name":"session_request","time":{"start":1733104073135,"stop":1733104073135,"duration":0},"status":"passed","steps":[],"attachments":[],"parameters":[],"shouldDisplayMessage":false,"stepsCount":0,"attachmentsCount":0,"hasContent":false,"attachmentStep":false},{"name":"_verify_url","time":{"start":1733104073135,"stop":1733104073135,"duration":0},"status":"passed","steps":[],"attachments":[],"parameters":[],"shouldDisplayMessage":false,"stepsCount":0,"attachmentsCount":0,"hasContent":false,"attachmentStep":false},{"name":"base_url","time":{"start":1733104073135,"stop":1733104073135,"duration":0},"status":"passed","steps":[],"attachments":[],"parameters":[],"shouldDisplayMessage":false,"stepsCount":0,"attachmentsCount":0,"hasContent":false,"attachmentStep":false},{"name":"setup_method_fixture","time":{"start":1733104088349,"stop":1733104098554,"duration":10205},"status":"broken","statusMessage":"selenium.common.exceptions.TimeoutException: Message: \nStacktrace:\n#0 0x55be8baaa31a <unknown>\n#1 0x55be8b5c06e0 <unknown>\n#2 0x55be8b60f3e6 <unknown>\n#3 0x55be8b60f681 <unknown>\n#4 0x55be8b654b04 <unknown>\n#5 0x55be8b63348d <unknown>\n#6 0x55be8b651ed7 <unknown>\n#7 0x55be8b633203 <unknown>\n#8 0x55be8b601cc0 <unknown>\n#9 0x55be8b602c9e <unknown>\n#10 0x55be8ba77d0b <unknown>\n#11 0x55be8ba7bc92 <unknown>\n#12 0x55be8ba64b3c <unknown>\n#13 0x55be8ba7c807 <unknown>\n#14 0x55be8ba4a0df <unknown>\n#15 0x55be8ba99578 <unknown>\n#16 0x55be8ba99740 <unknown>\n#17 0x55be8baa9196 <unknown>\n#18 0x7fd9a4094ac3 <unknown>\n\n","statusTrace":"  File \"/home/runner/work/Selenium-Python-Example/Selenium-Python-Example/.venv/lib/python3.12/site-packages/pluggy/_callers.py\", line 167, in _multicall\n    teardown.throw(outcome._exception)\n  File \"/home/runner/work/Selenium-Python-Example/Selenium-Python-Example/.venv/lib/python3.12/site-packages/_pytest/setuponly.py\", line 36, in pytest_fixture_setup\n    return (yield)\n            ^^^^^\n  File \"/home/runner/work/Selenium-Python-Example/Selenium-Python-Example/.venv/lib/python3.12/site-packages/pluggy/_callers.py\", line 103, in _multicall\n    res = hook_impl.function(*args)\n          ^^^^^^^^^^^^^^^^^^^^^^^^^\n  File \"/home/runner/work/Selenium-Python-Example/Selenium-Python-Example/.venv/lib/python3.12/site-packages/_pytest/fixtures.py\", line 1140, in pytest_fixture_setup\n    result = call_fixture_func(fixturefunc, request, kwargs)\n             ^^^^^^^^^^^^^^^^^^^^^^^^^^^^^^^^^^^^^^^^^^^^^^^\n  File \"/home/runner/work/Selenium-Python-Example/Selenium-Python-Example/.venv/lib/python3.12/site-packages/_pytest/fixtures.py\", line 898, in call_fixture_func\n    fixture_result = fixturefunc(**kwargs)\n                     ^^^^^^^^^^^^^^^^^^^^^\n  File \"/home/runner/work/Selenium-Python-Example/Selenium-Python-Example/tests/workspaces_test.py\", line 25, in setup_method_fixture\n    login(self.about_page, self.login_page)\n  File \"/home/runner/work/Selenium-Python-Example/Selenium-Python-Example/tests/workspaces_test.py\", line 15, in login\n    about_page.click_login_link()\n  File \"/home/runner/work/Selenium-Python-Example/Selenium-Python-Example/.venv/lib/python3.12/site-packages/allure_commons/_allure.py\", line 192, in impl\n    return func(*a, **kw)\n           ^^^^^^^^^^^^^^\n  File \"/home/runner/work/Selenium-Python-Example/Selenium-Python-Example/pages/about_page.py\", line 20, in click_login_link\n    self.click(self.LOGIN_LINK)\n  File \"/home/runner/work/Selenium-Python-Example/Selenium-Python-Example/pages/base_page.py\", line 60, in click\n    el: WebElement = self.wait.until(\n                     ^^^^^^^^^^^^^^^^\n  File \"/home/runner/work/Selenium-Python-Example/Selenium-Python-Example/.venv/lib/python3.12/site-packages/selenium/webdriver/support/wait.py\", line 105, in until\n    raise TimeoutException(message, screen, stacktrace)\n","steps":[{"name":"Click Login link","time":{"start":1733104088349,"stop":1733104098553,"duration":10204},"status":"broken","statusMessage":"selenium.common.exceptions.TimeoutException: Message: \nStacktrace:\n#0 0x55be8baaa31a <unknown>\n#1 0x55be8b5c06e0 <unknown>\n#2 0x55be8b60f3e6 <unknown>\n#3 0x55be8b60f681 <unknown>\n#4 0x55be8b654b04 <unknown>\n#5 0x55be8b63348d <unknown>\n#6 0x55be8b651ed7 <unknown>\n#7 0x55be8b633203 <unknown>\n#8 0x55be8b601cc0 <unknown>\n#9 0x55be8b602c9e <unknown>\n#10 0x55be8ba77d0b <unknown>\n#11 0x55be8ba7bc92 <unknown>\n#12 0x55be8ba64b3c <unknown>\n#13 0x55be8ba7c807 <unknown>\n#14 0x55be8ba4a0df <unknown>\n#15 0x55be8ba99578 <unknown>\n#16 0x55be8ba99740 <unknown>\n#17 0x55be8baa9196 <unknown>\n#18 0x7fd9a4094ac3 <unknown>\n\n","statusTrace":"  File \"/home/runner/work/Selenium-Python-Example/Selenium-Python-Example/.venv/lib/python3.12/site-packages/allure_commons/_allure.py\", line 192, in impl\n    return func(*a, **kw)\n           ^^^^^^^^^^^^^^\n  File \"/home/runner/work/Selenium-Python-Example/Selenium-Python-Example/pages/about_page.py\", line 20, in click_login_link\n    self.click(self.LOGIN_LINK)\n  File \"/home/runner/work/Selenium-Python-Example/Selenium-Python-Example/pages/base_page.py\", line 60, in click\n    el: WebElement = self.wait.until(\n                     ^^^^^^^^^^^^^^^^\n  File \"/home/runner/work/Selenium-Python-Example/Selenium-Python-Example/.venv/lib/python3.12/site-packages/selenium/webdriver/support/wait.py\", line 105, in until\n    raise TimeoutException(message, screen, stacktrace)\n","steps":[],"attachments":[],"parameters":[],"shouldDisplayMessage":true,"stepsCount":0,"attachmentsCount":0,"hasContent":true,"attachmentStep":false}],"attachments":[],"parameters":[],"shouldDisplayMessage":false,"stepsCount":1,"attachmentsCount":0,"hasContent":true,"attachmentStep":false}],"testStage":{"description":"Rename an existing workspace","status":"broken","statusMessage":"selenium.common.exceptions.TimeoutException: Message: \nStacktrace:\n#0 0x55be8baaa31a <unknown>\n#1 0x55be8b5c06e0 <unknown>\n#2 0x55be8b60f3e6 <unknown>\n#3 0x55be8b60f681 <unknown>\n#4 0x55be8b654b04 <unknown>\n#5 0x55be8b63348d <unknown>\n#6 0x55be8b651ed7 <unknown>\n#7 0x55be8b633203 <unknown>\n#8 0x55be8b601cc0 <unknown>\n#9 0x55be8b602c9e <unknown>\n#10 0x55be8ba77d0b <unknown>\n#11 0x55be8ba7bc92 <unknown>\n#12 0x55be8ba64b3c <unknown>\n#13 0x55be8ba7c807 <unknown>\n#14 0x55be8ba4a0df <unknown>\n#15 0x55be8ba99578 <unknown>\n#16 0x55be8ba99740 <unknown>\n#17 0x55be8baa9196 <unknown>\n#18 0x7fd9a4094ac3 <unknown>","statusTrace":"self = <tests.workspaces_test.TestWorkspaces object at 0x7f79506966f0>\n\n    @pytest.fixture(autouse=True)\n    def setup_method_fixture(self):\n>       login(self.about_page, self.login_page)\n\ntests/workspaces_test.py:25: \n_ _ _ _ _ _ _ _ _ _ _ _ _ _ _ _ _ _ _ _ _ _ _ _ _ _ _ _ _ _ _ _ _ _ _ _ _ _ _ _ \ntests/workspaces_test.py:15: in login\n    about_page.click_login_link()\npages/about_page.py:20: in click_login_link\n    self.click(self.LOGIN_LINK)\npages/base_page.py:60: in click\n    el: WebElement = self.wait.until(\n_ _ _ _ _ _ _ _ _ _ _ _ _ _ _ _ _ _ _ _ _ _ _ _ _ _ _ _ _ _ _ _ _ _ _ _ _ _ _ _ \n\nself = <selenium.webdriver.support.wait.WebDriverWait (session=\"43a2294beb447cadb93b0d68df077f7f\")>\nmethod = <function element_to_be_clickable.<locals>._predicate at 0x7f79503ab1a0>\nmessage = ''\n\n    def until(self, method: Callable[[D], Union[Literal[False], T]], message: str = \"\") -> T:\n        \"\"\"Calls the method provided with the driver as an argument until the \\\n        return value does not evaluate to ``False``.\n    \n        :param method: callable(WebDriver)\n        :param message: optional message for :exc:`TimeoutException`\n        :returns: the result of the last call to `method`\n        :raises: :exc:`selenium.common.exceptions.TimeoutException` if timeout occurs\n        \"\"\"\n        screen = None\n        stacktrace = None\n    \n        end_time = time.monotonic() + self._timeout\n        while True:\n            try:\n                value = method(self._driver)\n                if value:\n                    return value\n            except self._ignored_exceptions as exc:\n                screen = getattr(exc, \"screen\", None)\n                stacktrace = getattr(exc, \"stacktrace\", None)\n            if time.monotonic() > end_time:\n                break\n            time.sleep(self._poll)\n>       raise TimeoutException(message, screen, stacktrace)\nE       selenium.common.exceptions.TimeoutException: Message: \nE       Stacktrace:\nE       #0 0x55be8baaa31a <unknown>\nE       #1 0x55be8b5c06e0 <unknown>\nE       #2 0x55be8b60f3e6 <unknown>\nE       #3 0x55be8b60f681 <unknown>\nE       #4 0x55be8b654b04 <unknown>\nE       #5 0x55be8b63348d <unknown>\nE       #6 0x55be8b651ed7 <unknown>\nE       #7 0x55be8b633203 <unknown>\nE       #8 0x55be8b601cc0 <unknown>\nE       #9 0x55be8b602c9e <unknown>\nE       #10 0x55be8ba77d0b <unknown>\nE       #11 0x55be8ba7bc92 <unknown>\nE       #12 0x55be8ba64b3c <unknown>\nE       #13 0x55be8ba7c807 <unknown>\nE       #14 0x55be8ba4a0df <unknown>\nE       #15 0x55be8ba99578 <unknown>\nE       #16 0x55be8ba99740 <unknown>\nE       #17 0x55be8baa9196 <unknown>\nE       #18 0x7fd9a4094ac3 <unknown>\n\n.venv/lib/python3.12/site-packages/selenium/webdriver/support/wait.py:105: TimeoutException","steps":[{"name":"public ip address","time":{"start":1733104098578,"stop":1733104098626,"duration":48},"status":"passed","steps":[],"attachments":[{"uid":"a805157a0fd55447","name":"HTTP logs of http://checkip.amazonaws.com/","source":"a805157a0fd55447.txt","type":"text/plain","size":359}],"parameters":[],"shouldDisplayMessage":false,"stepsCount":0,"attachmentsCount":1,"hasContent":true,"attachmentStep":false}],"attachments":[{"uid":"16d0145077f51e9c","name":"Cookies","source":"16d0145077f51e9c.json","type":"application/json","size":3585},{"uid":"fe1c95e864054b6b","name":"Session Storage","source":"fe1c95e864054b6b.json","type":"application/json","size":358},{"uid":"244246e28223567d","name":"Local Storage","source":"244246e28223567d.json","type":"application/json","size":790},{"uid":"538c8fcca60e5628","name":"Console Logs","source":"538c8fcca60e5628.json","type":"application/json","size":236},{"uid":"2f0eb4de837c8e9a","name":"Full Page Screenshot","source":"2f0eb4de837c8e9a.png","type":"image/png","size":4167914},{"uid":"97400614d4a2f350","name":"URL","source":"97400614d4a2f350.uri","type":"text/uri-list","size":23},{"uid":"851820f69c6bb24c","name":"Network Logs","source":"851820f69c6bb24c.json","type":"application/json","size":4214865}],"parameters":[],"shouldDisplayMessage":true,"stepsCount":1,"attachmentsCount":8,"hasContent":true,"attachmentStep":false},"afterStages":[{"name":"session_request::0","time":{"start":1733104242061,"stop":1733104242061,"duration":0},"status":"passed","steps":[],"attachments":[],"parameters":[],"shouldDisplayMessage":false,"stepsCount":0,"attachmentsCount":0,"hasContent":false,"attachmentStep":false}],"labels":[{"name":"severity","value":"normal"},{"name":"epic","value":"Workspaces"},{"name":"story","value":"WorkSpaces Creation and Editing Functionality"},{"name":"tag","value":"run(order=2)"},{"name":"parentSuite","value":"tests"},{"name":"suite","value":"workspaces_test"},{"name":"subSuite","value":"TestWorkspaces"},{"name":"host","value":"fv-az1020-687"},{"name":"thread","value":"1860-MainThread"},{"name":"framework","value":"pytest"},{"name":"language","value":"cpython3"},{"name":"package","value":"tests.workspaces_test"},{"name":"resultFormat","value":"allure2"}],"parameters":[],"links":[],"hidden":false,"retry":false,"extra":{"severity":"normal","retries":[],"categories":[{"name":"Test defects","matchedStatuses":[],"flaky":false}],"tags":["run(order=2)"]},"source":"90f2db82fed301dc.json","parameterValues":[]}