{"uid":"c306b3fcc494abd9","name":"Rename an existing workspace test","fullName":"tests.workspaces_test.TestWorkspaces#test_rename_workspace","historyId":"cd63adf5d11191c5904362b968c9e131","time":{"start":1737768255256,"stop":1737768255256,"duration":0},"description":"Rename an existing workspace","descriptionHtml":"<p>Rename an existing workspace</p>\n","status":"broken","statusMessage":"selenium.common.exceptions.TimeoutException: Message: \nStacktrace:\n#0 0x55f2693747ca <unknown>\n#1 0x55f268e6c2f0 <unknown>\n#2 0x55f268ebc035 <unknown>\n#3 0x55f268ebc251 <unknown>\n#4 0x55f268f02054 <unknown>\n#5 0x55f268ee09dd <unknown>\n#6 0x55f268eff3b3 <unknown>\n#7 0x55f268ee0753 <unknown>\n#8 0x55f268eadbaa <unknown>\n#9 0x55f268eaedfe <unknown>\n#10 0x55f26933f38b <unknown>\n#11 0x55f269343307 <unknown>\n#12 0x55f26932be7c <unknown>\n#13 0x55f269343ec7 <unknown>\n#14 0x55f26931024f <unknown>\n#15 0x55f2693632f8 <unknown>\n#16 0x55f2693634c0 <unknown>\n#17 0x55f269373646 <unknown>\n#18 0x7f2d51a9ca94 <unknown>\n#19 0x7f2d51b29c3c <unknown>","statusTrace":"self = <tests.workspaces_test.TestWorkspaces object at 0x7f56472544d0>\n\n    @pytest.fixture(autouse=True)\n    def setup_method_fixture(self):\n>       login(self.about_page, self.login_page)\n\ntests/workspaces_test.py:25: \n_ _ _ _ _ _ _ _ _ _ _ _ _ _ _ _ _ _ _ _ _ _ _ _ _ _ _ _ _ _ _ _ _ _ _ _ _ _ _ _ \ntests/workspaces_test.py:15: in login\n    about_page.click_login_link()\npages/about_page.py:20: in click_login_link\n    self.click(self.LOGIN_LINK)\npages/base_page.py:60: in click\n    el: WebElement = self.wait.until(\n_ _ _ _ _ _ _ _ _ _ _ _ _ _ _ _ _ _ _ _ _ _ _ _ _ _ _ _ _ _ _ _ _ _ _ _ _ _ _ _ \n\nself = <selenium.webdriver.support.wait.WebDriverWait (session=\"8c536dc33b1de6a59e8185cad3ef493d\")>\nmethod = <function element_to_be_clickable.<locals>._predicate at 0x7f5646f8cea0>\nmessage = ''\n\n    def until(self, method: Callable[[D], Union[Literal[False], T]], message: str = \"\") -> T:\n        \"\"\"Calls the method provided with the driver as an argument until the \\\n        return value does not evaluate to ``False``.\n    \n        :param method: callable(WebDriver)\n        :param message: optional message for :exc:`TimeoutException`\n        :returns: the result of the last call to `method`\n        :raises: :exc:`selenium.common.exceptions.TimeoutException` if timeout occurs\n        \"\"\"\n        screen = None\n        stacktrace = None\n    \n        end_time = time.monotonic() + self._timeout\n        while True:\n            try:\n                value = method(self._driver)\n                if value:\n                    return value\n            except self._ignored_exceptions as exc:\n                screen = getattr(exc, \"screen\", None)\n                stacktrace = getattr(exc, \"stacktrace\", None)\n            if time.monotonic() > end_time:\n                break\n            time.sleep(self._poll)\n>       raise TimeoutException(message, screen, stacktrace)\nE       selenium.common.exceptions.TimeoutException: Message: \nE       Stacktrace:\nE       #0 0x55f2693747ca <unknown>\nE       #1 0x55f268e6c2f0 <unknown>\nE       #2 0x55f268ebc035 <unknown>\nE       #3 0x55f268ebc251 <unknown>\nE       #4 0x55f268f02054 <unknown>\nE       #5 0x55f268ee09dd <unknown>\nE       #6 0x55f268eff3b3 <unknown>\nE       #7 0x55f268ee0753 <unknown>\nE       #8 0x55f268eadbaa <unknown>\nE       #9 0x55f268eaedfe <unknown>\nE       #10 0x55f26933f38b <unknown>\nE       #11 0x55f269343307 <unknown>\nE       #12 0x55f26932be7c <unknown>\nE       #13 0x55f269343ec7 <unknown>\nE       #14 0x55f26931024f <unknown>\nE       #15 0x55f2693632f8 <unknown>\nE       #16 0x55f2693634c0 <unknown>\nE       #17 0x55f269373646 <unknown>\nE       #18 0x7f2d51a9ca94 <unknown>\nE       #19 0x7f2d51b29c3c <unknown>\n\n.venv/lib/python3.12/site-packages/selenium/webdriver/support/wait.py:105: TimeoutException","flaky":false,"newFailed":false,"newBroken":false,"newPassed":false,"retriesCount":0,"retriesStatusChange":false,"beforeStages":[{"name":"base_url","time":{"start":1737768241064,"stop":1737768241064,"duration":0},"status":"passed","steps":[],"attachments":[],"parameters":[],"shouldDisplayMessage":false,"stepsCount":0,"attachmentsCount":0,"hasContent":false,"attachmentStep":false},{"name":"_verify_url","time":{"start":1737768241065,"stop":1737768241065,"duration":0},"status":"passed","steps":[],"attachments":[],"parameters":[],"shouldDisplayMessage":false,"stepsCount":0,"attachmentsCount":0,"hasContent":false,"attachmentStep":false},{"name":"session_request","time":{"start":1737768241065,"stop":1737768241065,"duration":0},"status":"passed","steps":[],"attachments":[],"parameters":[],"shouldDisplayMessage":false,"stepsCount":0,"attachmentsCount":0,"hasContent":false,"attachmentStep":false},{"name":"data","time":{"start":1737768241065,"stop":1737768241066,"duration":1},"status":"passed","steps":[],"attachments":[],"parameters":[],"shouldDisplayMessage":false,"stepsCount":0,"attachmentsCount":0,"hasContent":false,"attachmentStep":false},{"name":"setup_method_fixture","time":{"start":1737768257658,"stop":1737768267810,"duration":10152},"status":"broken","statusMessage":"selenium.common.exceptions.TimeoutException: Message: \nStacktrace:\n#0 0x55f2693747ca <unknown>\n#1 0x55f268e6c2f0 <unknown>\n#2 0x55f268ebc035 <unknown>\n#3 0x55f268ebc251 <unknown>\n#4 0x55f268f02054 <unknown>\n#5 0x55f268ee09dd <unknown>\n#6 0x55f268eff3b3 <unknown>\n#7 0x55f268ee0753 <unknown>\n#8 0x55f268eadbaa <unknown>\n#9 0x55f268eaedfe <unknown>\n#10 0x55f26933f38b <unknown>\n#11 0x55f269343307 <unknown>\n#12 0x55f26932be7c <unknown>\n#13 0x55f269343ec7 <unknown>\n#14 0x55f26931024f <unknown>\n#15 0x55f2693632f8 <unknown>\n#16 0x55f2693634c0 <unknown>\n#17 0x55f269373646 <unknown>\n#18 0x7f2d51a9ca94 <unknown>\n#19 0x7f2d51b29c3c <unknown>\n\n","statusTrace":"  File \"/home/runner/work/Selenium-Python-Example/Selenium-Python-Example/.venv/lib/python3.12/site-packages/pluggy/_callers.py\", line 167, in _multicall\n    teardown.throw(outcome._exception)\n  File \"/home/runner/work/Selenium-Python-Example/Selenium-Python-Example/.venv/lib/python3.12/site-packages/_pytest/setuponly.py\", line 36, in pytest_fixture_setup\n    return (yield)\n            ^^^^^\n  File \"/home/runner/work/Selenium-Python-Example/Selenium-Python-Example/.venv/lib/python3.12/site-packages/pluggy/_callers.py\", line 103, in _multicall\n    res = hook_impl.function(*args)\n          ^^^^^^^^^^^^^^^^^^^^^^^^^\n  File \"/home/runner/work/Selenium-Python-Example/Selenium-Python-Example/.venv/lib/python3.12/site-packages/_pytest/fixtures.py\", line 1140, in pytest_fixture_setup\n    result = call_fixture_func(fixturefunc, request, kwargs)\n             ^^^^^^^^^^^^^^^^^^^^^^^^^^^^^^^^^^^^^^^^^^^^^^^\n  File \"/home/runner/work/Selenium-Python-Example/Selenium-Python-Example/.venv/lib/python3.12/site-packages/_pytest/fixtures.py\", line 898, in call_fixture_func\n    fixture_result = fixturefunc(**kwargs)\n                     ^^^^^^^^^^^^^^^^^^^^^\n  File \"/home/runner/work/Selenium-Python-Example/Selenium-Python-Example/tests/workspaces_test.py\", line 25, in setup_method_fixture\n    login(self.about_page, self.login_page)\n  File \"/home/runner/work/Selenium-Python-Example/Selenium-Python-Example/tests/workspaces_test.py\", line 15, in login\n    about_page.click_login_link()\n  File \"/home/runner/work/Selenium-Python-Example/Selenium-Python-Example/.venv/lib/python3.12/site-packages/allure_commons/_allure.py\", line 192, in impl\n    return func(*a, **kw)\n           ^^^^^^^^^^^^^^\n  File \"/home/runner/work/Selenium-Python-Example/Selenium-Python-Example/pages/about_page.py\", line 20, in click_login_link\n    self.click(self.LOGIN_LINK)\n  File \"/home/runner/work/Selenium-Python-Example/Selenium-Python-Example/pages/base_page.py\", line 60, in click\n    el: WebElement = self.wait.until(\n                     ^^^^^^^^^^^^^^^^\n  File \"/home/runner/work/Selenium-Python-Example/Selenium-Python-Example/.venv/lib/python3.12/site-packages/selenium/webdriver/support/wait.py\", line 105, in until\n    raise TimeoutException(message, screen, stacktrace)\n","steps":[{"name":"Click Login link","time":{"start":1737768257658,"stop":1737768267809,"duration":10151},"status":"broken","statusMessage":"selenium.common.exceptions.TimeoutException: Message: \nStacktrace:\n#0 0x55f2693747ca <unknown>\n#1 0x55f268e6c2f0 <unknown>\n#2 0x55f268ebc035 <unknown>\n#3 0x55f268ebc251 <unknown>\n#4 0x55f268f02054 <unknown>\n#5 0x55f268ee09dd <unknown>\n#6 0x55f268eff3b3 <unknown>\n#7 0x55f268ee0753 <unknown>\n#8 0x55f268eadbaa <unknown>\n#9 0x55f268eaedfe <unknown>\n#10 0x55f26933f38b <unknown>\n#11 0x55f269343307 <unknown>\n#12 0x55f26932be7c <unknown>\n#13 0x55f269343ec7 <unknown>\n#14 0x55f26931024f <unknown>\n#15 0x55f2693632f8 <unknown>\n#16 0x55f2693634c0 <unknown>\n#17 0x55f269373646 <unknown>\n#18 0x7f2d51a9ca94 <unknown>\n#19 0x7f2d51b29c3c <unknown>\n\n","statusTrace":"  File \"/home/runner/work/Selenium-Python-Example/Selenium-Python-Example/.venv/lib/python3.12/site-packages/allure_commons/_allure.py\", line 192, in impl\n    return func(*a, **kw)\n           ^^^^^^^^^^^^^^\n  File \"/home/runner/work/Selenium-Python-Example/Selenium-Python-Example/pages/about_page.py\", line 20, in click_login_link\n    self.click(self.LOGIN_LINK)\n  File \"/home/runner/work/Selenium-Python-Example/Selenium-Python-Example/pages/base_page.py\", line 60, in click\n    el: WebElement = self.wait.until(\n                     ^^^^^^^^^^^^^^^^\n  File \"/home/runner/work/Selenium-Python-Example/Selenium-Python-Example/.venv/lib/python3.12/site-packages/selenium/webdriver/support/wait.py\", line 105, in until\n    raise TimeoutException(message, screen, stacktrace)\n","steps":[],"attachments":[],"parameters":[],"shouldDisplayMessage":true,"stepsCount":0,"attachmentsCount":0,"hasContent":true,"attachmentStep":false}],"attachments":[],"parameters":[],"shouldDisplayMessage":false,"stepsCount":1,"attachmentsCount":0,"hasContent":true,"attachmentStep":false}],"testStage":{"description":"Rename an existing workspace","status":"broken","statusMessage":"selenium.common.exceptions.TimeoutException: Message: \nStacktrace:\n#0 0x55f2693747ca <unknown>\n#1 0x55f268e6c2f0 <unknown>\n#2 0x55f268ebc035 <unknown>\n#3 0x55f268ebc251 <unknown>\n#4 0x55f268f02054 <unknown>\n#5 0x55f268ee09dd <unknown>\n#6 0x55f268eff3b3 <unknown>\n#7 0x55f268ee0753 <unknown>\n#8 0x55f268eadbaa <unknown>\n#9 0x55f268eaedfe <unknown>\n#10 0x55f26933f38b <unknown>\n#11 0x55f269343307 <unknown>\n#12 0x55f26932be7c <unknown>\n#13 0x55f269343ec7 <unknown>\n#14 0x55f26931024f <unknown>\n#15 0x55f2693632f8 <unknown>\n#16 0x55f2693634c0 <unknown>\n#17 0x55f269373646 <unknown>\n#18 0x7f2d51a9ca94 <unknown>\n#19 0x7f2d51b29c3c <unknown>","statusTrace":"self = <tests.workspaces_test.TestWorkspaces object at 0x7f56472544d0>\n\n    @pytest.fixture(autouse=True)\n    def setup_method_fixture(self):\n>       login(self.about_page, self.login_page)\n\ntests/workspaces_test.py:25: \n_ _ _ _ _ _ _ _ _ _ _ _ _ _ _ _ _ _ _ _ _ _ _ _ _ _ _ _ _ _ _ _ _ _ _ _ _ _ _ _ \ntests/workspaces_test.py:15: in login\n    about_page.click_login_link()\npages/about_page.py:20: in click_login_link\n    self.click(self.LOGIN_LINK)\npages/base_page.py:60: in click\n    el: WebElement = self.wait.until(\n_ _ _ _ _ _ _ _ _ _ _ _ _ _ _ _ _ _ _ _ _ _ _ _ _ _ _ _ _ _ _ _ _ _ _ _ _ _ _ _ \n\nself = <selenium.webdriver.support.wait.WebDriverWait (session=\"8c536dc33b1de6a59e8185cad3ef493d\")>\nmethod = <function element_to_be_clickable.<locals>._predicate at 0x7f5646f8cea0>\nmessage = ''\n\n    def until(self, method: Callable[[D], Union[Literal[False], T]], message: str = \"\") -> T:\n        \"\"\"Calls the method provided with the driver as an argument until the \\\n        return value does not evaluate to ``False``.\n    \n        :param method: callable(WebDriver)\n        :param message: optional message for :exc:`TimeoutException`\n        :returns: the result of the last call to `method`\n        :raises: :exc:`selenium.common.exceptions.TimeoutException` if timeout occurs\n        \"\"\"\n        screen = None\n        stacktrace = None\n    \n        end_time = time.monotonic() + self._timeout\n        while True:\n            try:\n                value = method(self._driver)\n                if value:\n                    return value\n            except self._ignored_exceptions as exc:\n                screen = getattr(exc, \"screen\", None)\n                stacktrace = getattr(exc, \"stacktrace\", None)\n            if time.monotonic() > end_time:\n                break\n            time.sleep(self._poll)\n>       raise TimeoutException(message, screen, stacktrace)\nE       selenium.common.exceptions.TimeoutException: Message: \nE       Stacktrace:\nE       #0 0x55f2693747ca <unknown>\nE       #1 0x55f268e6c2f0 <unknown>\nE       #2 0x55f268ebc035 <unknown>\nE       #3 0x55f268ebc251 <unknown>\nE       #4 0x55f268f02054 <unknown>\nE       #5 0x55f268ee09dd <unknown>\nE       #6 0x55f268eff3b3 <unknown>\nE       #7 0x55f268ee0753 <unknown>\nE       #8 0x55f268eadbaa <unknown>\nE       #9 0x55f268eaedfe <unknown>\nE       #10 0x55f26933f38b <unknown>\nE       #11 0x55f269343307 <unknown>\nE       #12 0x55f26932be7c <unknown>\nE       #13 0x55f269343ec7 <unknown>\nE       #14 0x55f26931024f <unknown>\nE       #15 0x55f2693632f8 <unknown>\nE       #16 0x55f2693634c0 <unknown>\nE       #17 0x55f269373646 <unknown>\nE       #18 0x7f2d51a9ca94 <unknown>\nE       #19 0x7f2d51b29c3c <unknown>\n\n.venv/lib/python3.12/site-packages/selenium/webdriver/support/wait.py:105: TimeoutException","steps":[{"name":"public ip address","time":{"start":1737768267821,"stop":1737768267972,"duration":151},"status":"passed","steps":[],"attachments":[{"uid":"33c81ff1e957bc27","name":"HTTP logs of http://checkip.amazonaws.com/","source":"33c81ff1e957bc27.txt","type":"text/plain","size":356}],"parameters":[],"shouldDisplayMessage":false,"stepsCount":0,"attachmentsCount":1,"hasContent":true,"attachmentStep":false}],"attachments":[{"uid":"d54e83f6c74de123","name":"Cookies","source":"d54e83f6c74de123.json","type":"application/json","size":4377},{"uid":"63475b3b6abb58fe","name":"Session Storage","source":"63475b3b6abb58fe.json","type":"application/json","size":359},{"uid":"924bdf6bd4ef6b56","name":"Local Storage","source":"924bdf6bd4ef6b56.json","type":"application/json","size":791},{"uid":"3fbd7a0283339954","name":"Console Logs","source":"3fbd7a0283339954.json","type":"application/json","size":236},{"uid":"dabeea0fe4dfc66a","name":"Full Page Screenshot","source":"dabeea0fe4dfc66a.png","type":"image/png","size":4001530},{"uid":"23b9b05afffd0341","name":"URL","source":"23b9b05afffd0341.uri","type":"text/uri-list","size":23},{"uid":"ed8d89b476ad9e1c","name":"Network Logs","source":"ed8d89b476ad9e1c.json","type":"application/json","size":6862370}],"parameters":[],"shouldDisplayMessage":true,"stepsCount":1,"attachmentsCount":8,"hasContent":true,"attachmentStep":false},"afterStages":[{"name":"session_request::0","time":{"start":1737768419479,"stop":1737768419479,"duration":0},"status":"passed","steps":[],"attachments":[],"parameters":[],"shouldDisplayMessage":false,"stepsCount":0,"attachmentsCount":0,"hasContent":false,"attachmentStep":false}],"labels":[{"name":"severity","value":"normal"},{"name":"story","value":"WorkSpaces Creation and Editing Functionality"},{"name":"epic","value":"Workspaces"},{"name":"tag","value":"run(order=2)"},{"name":"parentSuite","value":"tests"},{"name":"suite","value":"workspaces_test"},{"name":"subSuite","value":"TestWorkspaces"},{"name":"host","value":"fv-az1940-887"},{"name":"thread","value":"2013-MainThread"},{"name":"framework","value":"pytest"},{"name":"language","value":"cpython3"},{"name":"package","value":"tests.workspaces_test"},{"name":"resultFormat","value":"allure2"}],"parameters":[],"links":[],"hidden":false,"retry":false,"extra":{"severity":"normal","retries":[],"categories":[{"name":"Test defects","matchedStatuses":[],"flaky":false}],"tags":["run(order=2)"]},"source":"c306b3fcc494abd9.json","parameterValues":[]}