{"uid":"3a1f82fd7e004ac1","name":"Delete existing workspace","fullName":"tests.workspaces_test.TestWorkspaces#test_delete_workspace","historyId":"085ae9bea926da8512f07258dfb5df8c","time":{"start":1706231451383,"stop":1706231451383,"duration":0},"description":"Delete an existing workspace","descriptionHtml":"<p>Delete an existing workspace</p>\n","status":"broken","statusMessage":"selenium.common.exceptions.TimeoutException: Message: \nStacktrace:\n#0 0x5645b65f8f83 <unknown>\n#1 0x5645b62b1cf7 <unknown>\n#2 0x5645b630199e <unknown>\n#3 0x5645b6301aa1 <unknown>\n#4 0x5645b634cd64 <unknown>\n#5 0x5645b632b0dd <unknown>\n#6 0x5645b634a006 <unknown>\n#7 0x5645b632ae53 <unknown>\n#8 0x5645b62f2dd4 <unknown>\n#9 0x5645b62f41de <unknown>\n#10 0x5645b65bd531 <unknown>\n#11 0x5645b65c1455 <unknown>\n#12 0x5645b65a9f55 <unknown>\n#13 0x5645b65c20ef <unknown>\n#14 0x5645b658d99f <unknown>\n#15 0x5645b65e6008 <unknown>\n#16 0x5645b65e61d7 <unknown>\n#17 0x5645b65f8124 <unknown>\n#18 0x7f2631094ac3 <unknown>","statusTrace":"self = <tests.workspaces_test.TestWorkspaces object at 0x7f3d42c0ac00>\n\n    @pytest.fixture(autouse=True)\n    def setup_method_fixture(self):\n>       login(self.about_page, self.login_page)\n\ntests/workspaces_test.py:25: \n_ _ _ _ _ _ _ _ _ _ _ _ _ _ _ _ _ _ _ _ _ _ _ _ _ _ _ _ _ _ _ _ _ _ _ _ _ _ _ _ \ntests/workspaces_test.py:15: in login\n    about_page.click_login_link()\npages/about_page.py:20: in click_login_link\n    self.click(self.LOGIN_LINK)\npages/base_page.py:60: in click\n    el: WebElement = self.wait.until(\n_ _ _ _ _ _ _ _ _ _ _ _ _ _ _ _ _ _ _ _ _ _ _ _ _ _ _ _ _ _ _ _ _ _ _ _ _ _ _ _ \n\nself = <selenium.webdriver.support.wait.WebDriverWait (session=\"6b5fb079e8bb25303c5e435f107eae14\")>\nmethod = <function element_to_be_clickable.<locals>._predicate at 0x7f3d42ade0c0>\nmessage = ''\n\n    def until(self, method: Callable[[D], Union[Literal[False], T]], message: str = \"\") -> T:\n        \"\"\"Calls the method provided with the driver as an argument until the \\\n        return value does not evaluate to ``False``.\n    \n        :param method: callable(WebDriver)\n        :param message: optional message for :exc:`TimeoutException`\n        :returns: the result of the last call to `method`\n        :raises: :exc:`selenium.common.exceptions.TimeoutException` if timeout occurs\n        \"\"\"\n        screen = None\n        stacktrace = None\n    \n        end_time = time.monotonic() + self._timeout\n        while True:\n            try:\n                value = method(self._driver)\n                if value:\n                    return value\n            except self._ignored_exceptions as exc:\n                screen = getattr(exc, \"screen\", None)\n                stacktrace = getattr(exc, \"stacktrace\", None)\n            time.sleep(self._poll)\n            if time.monotonic() > end_time:\n                break\n>       raise TimeoutException(message, screen, stacktrace)\nE       selenium.common.exceptions.TimeoutException: Message: \nE       Stacktrace:\nE       #0 0x5645b65f8f83 <unknown>\nE       #1 0x5645b62b1cf7 <unknown>\nE       #2 0x5645b630199e <unknown>\nE       #3 0x5645b6301aa1 <unknown>\nE       #4 0x5645b634cd64 <unknown>\nE       #5 0x5645b632b0dd <unknown>\nE       #6 0x5645b634a006 <unknown>\nE       #7 0x5645b632ae53 <unknown>\nE       #8 0x5645b62f2dd4 <unknown>\nE       #9 0x5645b62f41de <unknown>\nE       #10 0x5645b65bd531 <unknown>\nE       #11 0x5645b65c1455 <unknown>\nE       #12 0x5645b65a9f55 <unknown>\nE       #13 0x5645b65c20ef <unknown>\nE       #14 0x5645b658d99f <unknown>\nE       #15 0x5645b65e6008 <unknown>\nE       #16 0x5645b65e61d7 <unknown>\nE       #17 0x5645b65f8124 <unknown>\nE       #18 0x7f2631094ac3 <unknown>\n\n.venv/lib/python3.12/site-packages/selenium/webdriver/support/wait.py:105: TimeoutException","flaky":false,"newFailed":false,"newBroken":false,"newPassed":false,"retriesCount":0,"retriesStatusChange":false,"beforeStages":[{"name":"base_url","time":{"start":1706231386973,"stop":1706231386973,"duration":0},"status":"passed","steps":[],"attachments":[],"parameters":[],"shouldDisplayMessage":false,"stepsCount":0,"attachmentsCount":0,"hasContent":false,"attachmentStep":false},{"name":"_verify_url","time":{"start":1706231386973,"stop":1706231386973,"duration":0},"status":"passed","steps":[],"attachments":[],"parameters":[],"shouldDisplayMessage":false,"stepsCount":0,"attachmentsCount":0,"hasContent":false,"attachmentStep":false},{"name":"setup_method_fixture","time":{"start":1706231453229,"stop":1706231463446,"duration":10217},"status":"broken","statusMessage":"selenium.common.exceptions.TimeoutException: Message: \nStacktrace:\n#0 0x5645b65f8f83 <unknown>\n#1 0x5645b62b1cf7 <unknown>\n#2 0x5645b630199e <unknown>\n#3 0x5645b6301aa1 <unknown>\n#4 0x5645b634cd64 <unknown>\n#5 0x5645b632b0dd <unknown>\n#6 0x5645b634a006 <unknown>\n#7 0x5645b632ae53 <unknown>\n#8 0x5645b62f2dd4 <unknown>\n#9 0x5645b62f41de <unknown>\n#10 0x5645b65bd531 <unknown>\n#11 0x5645b65c1455 <unknown>\n#12 0x5645b65a9f55 <unknown>\n#13 0x5645b65c20ef <unknown>\n#14 0x5645b658d99f <unknown>\n#15 0x5645b65e6008 <unknown>\n#16 0x5645b65e61d7 <unknown>\n#17 0x5645b65f8124 <unknown>\n#18 0x7f2631094ac3 <unknown>\n\n","statusTrace":"  File \"/home/runner/work/Selenium-Python-Example/Selenium-Python-Example/.venv/lib/python3.12/site-packages/pluggy/_callers.py\", line 77, in _multicall\n    res = hook_impl.function(*args)\n          ^^^^^^^^^^^^^^^^^^^^^^^^^\n  File \"/home/runner/work/Selenium-Python-Example/Selenium-Python-Example/.venv/lib/python3.12/site-packages/_pytest/fixtures.py\", line 1123, in pytest_fixture_setup\n    result = call_fixture_func(fixturefunc, request, kwargs)\n             ^^^^^^^^^^^^^^^^^^^^^^^^^^^^^^^^^^^^^^^^^^^^^^^\n  File \"/home/runner/work/Selenium-Python-Example/Selenium-Python-Example/.venv/lib/python3.12/site-packages/_pytest/fixtures.py\", line 902, in call_fixture_func\n    fixture_result = fixturefunc(**kwargs)\n                     ^^^^^^^^^^^^^^^^^^^^^\n  File \"/home/runner/work/Selenium-Python-Example/Selenium-Python-Example/tests/workspaces_test.py\", line 25, in setup_method_fixture\n    login(self.about_page, self.login_page)\n  File \"/home/runner/work/Selenium-Python-Example/Selenium-Python-Example/tests/workspaces_test.py\", line 15, in login\n    about_page.click_login_link()\n  File \"/home/runner/work/Selenium-Python-Example/Selenium-Python-Example/.venv/lib/python3.12/site-packages/allure_commons/_allure.py\", line 192, in impl\n    return func(*a, **kw)\n           ^^^^^^^^^^^^^^\n  File \"/home/runner/work/Selenium-Python-Example/Selenium-Python-Example/pages/about_page.py\", line 20, in click_login_link\n    self.click(self.LOGIN_LINK)\n  File \"/home/runner/work/Selenium-Python-Example/Selenium-Python-Example/pages/base_page.py\", line 60, in click\n    el: WebElement = self.wait.until(\n                     ^^^^^^^^^^^^^^^^\n  File \"/home/runner/work/Selenium-Python-Example/Selenium-Python-Example/.venv/lib/python3.12/site-packages/selenium/webdriver/support/wait.py\", line 105, in until\n    raise TimeoutException(message, screen, stacktrace)\n","steps":[{"name":"Click Login link","time":{"start":1706231453230,"stop":1706231463446,"duration":10216},"status":"broken","statusMessage":"selenium.common.exceptions.TimeoutException: Message: \nStacktrace:\n#0 0x5645b65f8f83 <unknown>\n#1 0x5645b62b1cf7 <unknown>\n#2 0x5645b630199e <unknown>\n#3 0x5645b6301aa1 <unknown>\n#4 0x5645b634cd64 <unknown>\n#5 0x5645b632b0dd <unknown>\n#6 0x5645b634a006 <unknown>\n#7 0x5645b632ae53 <unknown>\n#8 0x5645b62f2dd4 <unknown>\n#9 0x5645b62f41de <unknown>\n#10 0x5645b65bd531 <unknown>\n#11 0x5645b65c1455 <unknown>\n#12 0x5645b65a9f55 <unknown>\n#13 0x5645b65c20ef <unknown>\n#14 0x5645b658d99f <unknown>\n#15 0x5645b65e6008 <unknown>\n#16 0x5645b65e61d7 <unknown>\n#17 0x5645b65f8124 <unknown>\n#18 0x7f2631094ac3 <unknown>\n\n","statusTrace":"  File \"/home/runner/work/Selenium-Python-Example/Selenium-Python-Example/.venv/lib/python3.12/site-packages/allure_commons/_allure.py\", line 192, in impl\n    return func(*a, **kw)\n           ^^^^^^^^^^^^^^\n  File \"/home/runner/work/Selenium-Python-Example/Selenium-Python-Example/pages/about_page.py\", line 20, in click_login_link\n    self.click(self.LOGIN_LINK)\n  File \"/home/runner/work/Selenium-Python-Example/Selenium-Python-Example/pages/base_page.py\", line 60, in click\n    el: WebElement = self.wait.until(\n                     ^^^^^^^^^^^^^^^^\n  File \"/home/runner/work/Selenium-Python-Example/Selenium-Python-Example/.venv/lib/python3.12/site-packages/selenium/webdriver/support/wait.py\", line 105, in until\n    raise TimeoutException(message, screen, stacktrace)\n","steps":[],"attachments":[],"parameters":[],"shouldDisplayMessage":true,"stepsCount":0,"attachmentsCount":0,"hasContent":true,"attachmentStep":false}],"attachments":[],"parameters":[],"shouldDisplayMessage":false,"stepsCount":1,"attachmentsCount":0,"hasContent":true,"attachmentStep":false}],"testStage":{"description":"Delete an existing workspace","status":"broken","statusMessage":"selenium.common.exceptions.TimeoutException: Message: \nStacktrace:\n#0 0x5645b65f8f83 <unknown>\n#1 0x5645b62b1cf7 <unknown>\n#2 0x5645b630199e <unknown>\n#3 0x5645b6301aa1 <unknown>\n#4 0x5645b634cd64 <unknown>\n#5 0x5645b632b0dd <unknown>\n#6 0x5645b634a006 <unknown>\n#7 0x5645b632ae53 <unknown>\n#8 0x5645b62f2dd4 <unknown>\n#9 0x5645b62f41de <unknown>\n#10 0x5645b65bd531 <unknown>\n#11 0x5645b65c1455 <unknown>\n#12 0x5645b65a9f55 <unknown>\n#13 0x5645b65c20ef <unknown>\n#14 0x5645b658d99f <unknown>\n#15 0x5645b65e6008 <unknown>\n#16 0x5645b65e61d7 <unknown>\n#17 0x5645b65f8124 <unknown>\n#18 0x7f2631094ac3 <unknown>","statusTrace":"self = <tests.workspaces_test.TestWorkspaces object at 0x7f3d42c0ac00>\n\n    @pytest.fixture(autouse=True)\n    def setup_method_fixture(self):\n>       login(self.about_page, self.login_page)\n\ntests/workspaces_test.py:25: \n_ _ _ _ _ _ _ _ _ _ _ _ _ _ _ _ _ _ _ _ _ _ _ _ _ _ _ _ _ _ _ _ _ _ _ _ _ _ _ _ \ntests/workspaces_test.py:15: in login\n    about_page.click_login_link()\npages/about_page.py:20: in click_login_link\n    self.click(self.LOGIN_LINK)\npages/base_page.py:60: in click\n    el: WebElement = self.wait.until(\n_ _ _ _ _ _ _ _ _ _ _ _ _ _ _ _ _ _ _ _ _ _ _ _ _ _ _ _ _ _ _ _ _ _ _ _ _ _ _ _ \n\nself = <selenium.webdriver.support.wait.WebDriverWait (session=\"6b5fb079e8bb25303c5e435f107eae14\")>\nmethod = <function element_to_be_clickable.<locals>._predicate at 0x7f3d42ade0c0>\nmessage = ''\n\n    def until(self, method: Callable[[D], Union[Literal[False], T]], message: str = \"\") -> T:\n        \"\"\"Calls the method provided with the driver as an argument until the \\\n        return value does not evaluate to ``False``.\n    \n        :param method: callable(WebDriver)\n        :param message: optional message for :exc:`TimeoutException`\n        :returns: the result of the last call to `method`\n        :raises: :exc:`selenium.common.exceptions.TimeoutException` if timeout occurs\n        \"\"\"\n        screen = None\n        stacktrace = None\n    \n        end_time = time.monotonic() + self._timeout\n        while True:\n            try:\n                value = method(self._driver)\n                if value:\n                    return value\n            except self._ignored_exceptions as exc:\n                screen = getattr(exc, \"screen\", None)\n                stacktrace = getattr(exc, \"stacktrace\", None)\n            time.sleep(self._poll)\n            if time.monotonic() > end_time:\n                break\n>       raise TimeoutException(message, screen, stacktrace)\nE       selenium.common.exceptions.TimeoutException: Message: \nE       Stacktrace:\nE       #0 0x5645b65f8f83 <unknown>\nE       #1 0x5645b62b1cf7 <unknown>\nE       #2 0x5645b630199e <unknown>\nE       #3 0x5645b6301aa1 <unknown>\nE       #4 0x5645b634cd64 <unknown>\nE       #5 0x5645b632b0dd <unknown>\nE       #6 0x5645b634a006 <unknown>\nE       #7 0x5645b632ae53 <unknown>\nE       #8 0x5645b62f2dd4 <unknown>\nE       #9 0x5645b62f41de <unknown>\nE       #10 0x5645b65bd531 <unknown>\nE       #11 0x5645b65c1455 <unknown>\nE       #12 0x5645b65a9f55 <unknown>\nE       #13 0x5645b65c20ef <unknown>\nE       #14 0x5645b658d99f <unknown>\nE       #15 0x5645b65e6008 <unknown>\nE       #16 0x5645b65e61d7 <unknown>\nE       #17 0x5645b65f8124 <unknown>\nE       #18 0x7f2631094ac3 <unknown>\n\n.venv/lib/python3.12/site-packages/selenium/webdriver/support/wait.py:105: TimeoutException","steps":[],"attachments":[{"uid":"e7a015fe726f8470","name":"public ip address","source":"e7a015fe726f8470.txt","type":"text/plain","size":13},{"uid":"2bca12420f87273e","name":"Cookies","source":"2bca12420f87273e.json","type":"application/json","size":3873},{"uid":"323b4735d0a407da","name":"Session Storage","source":"323b4735d0a407da.json","type":"application/json","size":359},{"uid":"e5ae155dd5005554","name":"Local Storage","source":"e5ae155dd5005554.json","type":"application/json","size":208},{"uid":"967328f42438e5b6","name":"Console Logs","source":"967328f42438e5b6.json","type":"application/json","size":2},{"uid":"ff4832d5487ae506","name":"Full Page Screenshot","source":"ff4832d5487ae506.png","type":"image/png","size":5702497},{"uid":"88791275e73e7e00","name":"URL","source":"88791275e73e7e00.uri","type":"text/uri-list","size":23},{"uid":"90a7ad356e4e5108","name":"Network Logs","source":"90a7ad356e4e5108.json","type":"application/json","size":23060}],"parameters":[],"shouldDisplayMessage":true,"stepsCount":0,"attachmentsCount":8,"hasContent":true,"attachmentStep":false},"afterStages":[],"labels":[{"name":"story","value":"WorkSpaces Creation and Editing Functionality"},{"name":"epic","value":"Workspaces"},{"name":"severity","value":"normal"},{"name":"tag","value":"run(order=3)"},{"name":"parentSuite","value":"tests"},{"name":"suite","value":"workspaces_test"},{"name":"subSuite","value":"TestWorkspaces"},{"name":"host","value":"fv-az1144-454"},{"name":"thread","value":"2373-MainThread"},{"name":"framework","value":"pytest"},{"name":"language","value":"cpython3"},{"name":"package","value":"tests.workspaces_test"},{"name":"resultFormat","value":"allure2"}],"parameters":[],"links":[],"hidden":false,"retry":false,"extra":{"severity":"normal","retries":[],"categories":[{"name":"Test defects","matchedStatuses":[],"flaky":false}],"tags":["run(order=3)"]},"source":"3a1f82fd7e004ac1.json","parameterValues":[]}