{"uid":"6afe845a5c90bcd2","name":"Forgot Password with valid email test","fullName":"tests.forgot_password_test.TestForgotPassword#test_valid_email","historyId":"d6dde1715fb973c93e423cd6a34e3dff","time":{"start":1706231566447,"stop":1706231576706,"duration":10259},"description":"Forgot password with a valid email address","descriptionHtml":"<p>Forgot password with a valid email address</p>\n","status":"broken","statusMessage":"selenium.common.exceptions.TimeoutException: Message: \nStacktrace:\n#0 0x5614d4e0ef83 <unknown>\n#1 0x5614d4ac7cf7 <unknown>\n#2 0x5614d4b1799e <unknown>\n#3 0x5614d4b17aa1 <unknown>\n#4 0x5614d4b62d64 <unknown>\n#5 0x5614d4b410dd <unknown>\n#6 0x5614d4b60006 <unknown>\n#7 0x5614d4b40e53 <unknown>\n#8 0x5614d4b08dd4 <unknown>\n#9 0x5614d4b0a1de <unknown>\n#10 0x5614d4dd3531 <unknown>\n#11 0x5614d4dd7455 <unknown>\n#12 0x5614d4dbff55 <unknown>\n#13 0x5614d4dd80ef <unknown>\n#14 0x5614d4da399f <unknown>\n#15 0x5614d4dfc008 <unknown>\n#16 0x5614d4dfc1d7 <unknown>\n#17 0x5614d4e0e124 <unknown>\n#18 0x7f9e0b294ac3 <unknown>","statusTrace":"self = <tests.forgot_password_test.TestForgotPassword object at 0x7f3d42ba22a0>\ndata = Data(forgot_password=ForgotPassword(error_message=\"We can't find a user with that e-mail address.\", success_message='A...iteria', non_existing_project='Non Existing', project_name='test project', project_type='quiz', template_type='Blank'))\n\n    @allure.description(\"Forgot password with a valid email address\")\n    @allure.title(\"Forgot Password with valid email test\")\n    def test_valid_email(self, data: Data):\n>       self.about_page.click_login_link()\n\ntests/forgot_password_test.py:22: \n_ _ _ _ _ _ _ _ _ _ _ _ _ _ _ _ _ _ _ _ _ _ _ _ _ _ _ _ _ _ _ _ _ _ _ _ _ _ _ _ \npages/about_page.py:20: in click_login_link\n    self.click(self.LOGIN_LINK)\npages/base_page.py:60: in click\n    el: WebElement = self.wait.until(\n_ _ _ _ _ _ _ _ _ _ _ _ _ _ _ _ _ _ _ _ _ _ _ _ _ _ _ _ _ _ _ _ _ _ _ _ _ _ _ _ \n\nself = <selenium.webdriver.support.wait.WebDriverWait (session=\"6834bdb32be1172762a144eb94f5146e\")>\nmethod = <function element_to_be_clickable.<locals>._predicate at 0x7f3d42addf80>\nmessage = ''\n\n    def until(self, method: Callable[[D], Union[Literal[False], T]], message: str = \"\") -> T:\n        \"\"\"Calls the method provided with the driver as an argument until the \\\n        return value does not evaluate to ``False``.\n    \n        :param method: callable(WebDriver)\n        :param message: optional message for :exc:`TimeoutException`\n        :returns: the result of the last call to `method`\n        :raises: :exc:`selenium.common.exceptions.TimeoutException` if timeout occurs\n        \"\"\"\n        screen = None\n        stacktrace = None\n    \n        end_time = time.monotonic() + self._timeout\n        while True:\n            try:\n                value = method(self._driver)\n                if value:\n                    return value\n            except self._ignored_exceptions as exc:\n                screen = getattr(exc, \"screen\", None)\n                stacktrace = getattr(exc, \"stacktrace\", None)\n            time.sleep(self._poll)\n            if time.monotonic() > end_time:\n                break\n>       raise TimeoutException(message, screen, stacktrace)\nE       selenium.common.exceptions.TimeoutException: Message: \nE       Stacktrace:\nE       #0 0x5614d4e0ef83 <unknown>\nE       #1 0x5614d4ac7cf7 <unknown>\nE       #2 0x5614d4b1799e <unknown>\nE       #3 0x5614d4b17aa1 <unknown>\nE       #4 0x5614d4b62d64 <unknown>\nE       #5 0x5614d4b410dd <unknown>\nE       #6 0x5614d4b60006 <unknown>\nE       #7 0x5614d4b40e53 <unknown>\nE       #8 0x5614d4b08dd4 <unknown>\nE       #9 0x5614d4b0a1de <unknown>\nE       #10 0x5614d4dd3531 <unknown>\nE       #11 0x5614d4dd7455 <unknown>\nE       #12 0x5614d4dbff55 <unknown>\nE       #13 0x5614d4dd80ef <unknown>\nE       #14 0x5614d4da399f <unknown>\nE       #15 0x5614d4dfc008 <unknown>\nE       #16 0x5614d4dfc1d7 <unknown>\nE       #17 0x5614d4e0e124 <unknown>\nE       #18 0x7f9e0b294ac3 <unknown>\n\n.venv/lib/python3.12/site-packages/selenium/webdriver/support/wait.py:105: TimeoutException","flaky":false,"newFailed":false,"newBroken":false,"newPassed":false,"retriesCount":0,"retriesStatusChange":false,"beforeStages":[{"name":"data","time":{"start":1706231386973,"stop":1706231386974,"duration":1},"status":"passed","steps":[],"attachments":[],"parameters":[],"shouldDisplayMessage":false,"stepsCount":0,"attachmentsCount":0,"hasContent":false,"attachmentStep":false},{"name":"base_url","time":{"start":1706231386973,"stop":1706231386973,"duration":0},"status":"passed","steps":[],"attachments":[],"parameters":[],"shouldDisplayMessage":false,"stepsCount":0,"attachmentsCount":0,"hasContent":false,"attachmentStep":false},{"name":"_verify_url","time":{"start":1706231386973,"stop":1706231386973,"duration":0},"status":"passed","steps":[],"attachments":[],"parameters":[],"shouldDisplayMessage":false,"stepsCount":0,"attachmentsCount":0,"hasContent":false,"attachmentStep":false}],"testStage":{"description":"Forgot password with a valid email address","status":"broken","statusMessage":"selenium.common.exceptions.TimeoutException: Message: \nStacktrace:\n#0 0x5614d4e0ef83 <unknown>\n#1 0x5614d4ac7cf7 <unknown>\n#2 0x5614d4b1799e <unknown>\n#3 0x5614d4b17aa1 <unknown>\n#4 0x5614d4b62d64 <unknown>\n#5 0x5614d4b410dd <unknown>\n#6 0x5614d4b60006 <unknown>\n#7 0x5614d4b40e53 <unknown>\n#8 0x5614d4b08dd4 <unknown>\n#9 0x5614d4b0a1de <unknown>\n#10 0x5614d4dd3531 <unknown>\n#11 0x5614d4dd7455 <unknown>\n#12 0x5614d4dbff55 <unknown>\n#13 0x5614d4dd80ef <unknown>\n#14 0x5614d4da399f <unknown>\n#15 0x5614d4dfc008 <unknown>\n#16 0x5614d4dfc1d7 <unknown>\n#17 0x5614d4e0e124 <unknown>\n#18 0x7f9e0b294ac3 <unknown>","statusTrace":"self = <tests.forgot_password_test.TestForgotPassword object at 0x7f3d42ba22a0>\ndata = Data(forgot_password=ForgotPassword(error_message=\"We can't find a user with that e-mail address.\", success_message='A...iteria', non_existing_project='Non Existing', project_name='test project', project_type='quiz', template_type='Blank'))\n\n    @allure.description(\"Forgot password with a valid email address\")\n    @allure.title(\"Forgot Password with valid email test\")\n    def test_valid_email(self, data: Data):\n>       self.about_page.click_login_link()\n\ntests/forgot_password_test.py:22: \n_ _ _ _ _ _ _ _ _ _ _ _ _ _ _ _ _ _ _ _ _ _ _ _ _ _ _ _ _ _ _ _ _ _ _ _ _ _ _ _ \npages/about_page.py:20: in click_login_link\n    self.click(self.LOGIN_LINK)\npages/base_page.py:60: in click\n    el: WebElement = self.wait.until(\n_ _ _ _ _ _ _ _ _ _ _ _ _ _ _ _ _ _ _ _ _ _ _ _ _ _ _ _ _ _ _ _ _ _ _ _ _ _ _ _ \n\nself = <selenium.webdriver.support.wait.WebDriverWait (session=\"6834bdb32be1172762a144eb94f5146e\")>\nmethod = <function element_to_be_clickable.<locals>._predicate at 0x7f3d42addf80>\nmessage = ''\n\n    def until(self, method: Callable[[D], Union[Literal[False], T]], message: str = \"\") -> T:\n        \"\"\"Calls the method provided with the driver as an argument until the \\\n        return value does not evaluate to ``False``.\n    \n        :param method: callable(WebDriver)\n        :param message: optional message for :exc:`TimeoutException`\n        :returns: the result of the last call to `method`\n        :raises: :exc:`selenium.common.exceptions.TimeoutException` if timeout occurs\n        \"\"\"\n        screen = None\n        stacktrace = None\n    \n        end_time = time.monotonic() + self._timeout\n        while True:\n            try:\n                value = method(self._driver)\n                if value:\n                    return value\n            except self._ignored_exceptions as exc:\n                screen = getattr(exc, \"screen\", None)\n                stacktrace = getattr(exc, \"stacktrace\", None)\n            time.sleep(self._poll)\n            if time.monotonic() > end_time:\n                break\n>       raise TimeoutException(message, screen, stacktrace)\nE       selenium.common.exceptions.TimeoutException: Message: \nE       Stacktrace:\nE       #0 0x5614d4e0ef83 <unknown>\nE       #1 0x5614d4ac7cf7 <unknown>\nE       #2 0x5614d4b1799e <unknown>\nE       #3 0x5614d4b17aa1 <unknown>\nE       #4 0x5614d4b62d64 <unknown>\nE       #5 0x5614d4b410dd <unknown>\nE       #6 0x5614d4b60006 <unknown>\nE       #7 0x5614d4b40e53 <unknown>\nE       #8 0x5614d4b08dd4 <unknown>\nE       #9 0x5614d4b0a1de <unknown>\nE       #10 0x5614d4dd3531 <unknown>\nE       #11 0x5614d4dd7455 <unknown>\nE       #12 0x5614d4dbff55 <unknown>\nE       #13 0x5614d4dd80ef <unknown>\nE       #14 0x5614d4da399f <unknown>\nE       #15 0x5614d4dfc008 <unknown>\nE       #16 0x5614d4dfc1d7 <unknown>\nE       #17 0x5614d4e0e124 <unknown>\nE       #18 0x7f9e0b294ac3 <unknown>\n\n.venv/lib/python3.12/site-packages/selenium/webdriver/support/wait.py:105: TimeoutException","steps":[{"name":"Click Login link","time":{"start":1706231566447,"stop":1706231576705,"duration":10258},"status":"broken","statusMessage":"selenium.common.exceptions.TimeoutException: Message: \nStacktrace:\n#0 0x5614d4e0ef83 <unknown>\n#1 0x5614d4ac7cf7 <unknown>\n#2 0x5614d4b1799e <unknown>\n#3 0x5614d4b17aa1 <unknown>\n#4 0x5614d4b62d64 <unknown>\n#5 0x5614d4b410dd <unknown>\n#6 0x5614d4b60006 <unknown>\n#7 0x5614d4b40e53 <unknown>\n#8 0x5614d4b08dd4 <unknown>\n#9 0x5614d4b0a1de <unknown>\n#10 0x5614d4dd3531 <unknown>\n#11 0x5614d4dd7455 <unknown>\n#12 0x5614d4dbff55 <unknown>\n#13 0x5614d4dd80ef <unknown>\n#14 0x5614d4da399f <unknown>\n#15 0x5614d4dfc008 <unknown>\n#16 0x5614d4dfc1d7 <unknown>\n#17 0x5614d4e0e124 <unknown>\n#18 0x7f9e0b294ac3 <unknown>\n\n","statusTrace":"  File \"/home/runner/work/Selenium-Python-Example/Selenium-Python-Example/.venv/lib/python3.12/site-packages/allure_commons/_allure.py\", line 192, in impl\n    return func(*a, **kw)\n           ^^^^^^^^^^^^^^\n  File \"/home/runner/work/Selenium-Python-Example/Selenium-Python-Example/pages/about_page.py\", line 20, in click_login_link\n    self.click(self.LOGIN_LINK)\n  File \"/home/runner/work/Selenium-Python-Example/Selenium-Python-Example/pages/base_page.py\", line 60, in click\n    el: WebElement = self.wait.until(\n                     ^^^^^^^^^^^^^^^^\n  File \"/home/runner/work/Selenium-Python-Example/Selenium-Python-Example/.venv/lib/python3.12/site-packages/selenium/webdriver/support/wait.py\", line 105, in until\n    raise TimeoutException(message, screen, stacktrace)\n","steps":[],"attachments":[],"parameters":[],"shouldDisplayMessage":true,"stepsCount":0,"attachmentsCount":0,"hasContent":true,"attachmentStep":false}],"attachments":[{"uid":"fa0cf288c2ac759a","name":"public ip address","source":"fa0cf288c2ac759a.txt","type":"text/plain","size":13},{"uid":"a245251b008d350f","name":"Cookies","source":"a245251b008d350f.json","type":"application/json","size":3873},{"uid":"6ade98e2fc3a5264","name":"Session Storage","source":"6ade98e2fc3a5264.json","type":"application/json","size":359},{"uid":"63199e4c18e870fe","name":"Local Storage","source":"63199e4c18e870fe.json","type":"application/json","size":208},{"uid":"32b7f8abb65be039","name":"Console Logs","source":"32b7f8abb65be039.json","type":"application/json","size":2},{"uid":"f833bae1269a164c","name":"Full Page Screenshot","source":"f833bae1269a164c.png","type":"image/png","size":5702497},{"uid":"43d924848997b6bf","name":"URL","source":"43d924848997b6bf.uri","type":"text/uri-list","size":23},{"uid":"8eaa31c5426de41","name":"Network Logs","source":"8eaa31c5426de41.json","type":"application/json","size":23133}],"parameters":[],"shouldDisplayMessage":true,"stepsCount":1,"attachmentsCount":8,"hasContent":true,"attachmentStep":false},"afterStages":[],"labels":[{"name":"story","value":"Forgot Password Feature's Functionality"},{"name":"epic","value":"Security"},{"name":"parentSuite","value":"Custom parent suite"},{"name":"suite","value":"Custom suite"},{"name":"severity","value":"critical"},{"name":"subSuite","value":"Custom sub suite"},{"name":"tag","value":"security"},{"name":"host","value":"fv-az1144-454"},{"name":"thread","value":"2373-MainThread"},{"name":"framework","value":"pytest"},{"name":"language","value":"cpython3"},{"name":"package","value":"tests.forgot_password_test"},{"name":"resultFormat","value":"allure2"}],"parameters":[],"links":[],"hidden":false,"retry":false,"extra":{"severity":"critical","retries":[],"categories":[{"name":"Test defects","matchedStatuses":[],"flaky":false}],"tags":["security"]},"source":"6afe845a5c90bcd2.json","parameterValues":[]}