{"uid":"5f56c819273177bf","name":"Search for existing project test","fullName":"tests.workspaces_test.TestWorkspaces#test_search_project","historyId":"89e36300939846c9ff65d6b54eed8329","time":{"start":1715390035487,"stop":1715390035487,"duration":0},"description":"Search for an existing project","descriptionHtml":"<p>Search for an existing project</p>\n","status":"broken","statusMessage":"selenium.common.exceptions.TimeoutException: Message: \nStacktrace:\n#0 0x557c4facce33 <unknown>\n#1 0x557c4f7bc567 <unknown>\n#2 0x557c4f80727d <unknown>\n#3 0x557c4f807331 <unknown>\n#4 0x557c4f84a624 <unknown>\n#5 0x557c4f82938d <unknown>\n#6 0x557c4f847ae2 <unknown>\n#7 0x557c4f829103 <unknown>\n#8 0x557c4f7fa1ba <unknown>\n#9 0x557c4f7fab8e <unknown>\n#10 0x557c4fa9159b <unknown>\n#11 0x557c4fa9534b <unknown>\n#12 0x557c4fa7d681 <unknown>\n#13 0x557c4fa95eb2 <unknown>\n#14 0x557c4fa626af <unknown>\n#15 0x557c4fabc428 <unknown>\n#16 0x557c4fabc600 <unknown>\n#17 0x557c4facbf84 <unknown>\n#18 0x7fc4cca94ac3 <unknown>","statusTrace":"self = <tests.workspaces_test.TestWorkspaces object at 0x7fa644175b20>\n\n    @pytest.fixture(autouse=True)\n    def setup_method_fixture(self):\n>       login(self.about_page, self.login_page)\n\ntests/workspaces_test.py:25: \n_ _ _ _ _ _ _ _ _ _ _ _ _ _ _ _ _ _ _ _ _ _ _ _ _ _ _ _ _ _ _ _ _ _ _ _ _ _ _ _ \ntests/workspaces_test.py:15: in login\n    about_page.click_login_link()\npages/about_page.py:20: in click_login_link\n    self.click(self.LOGIN_LINK)\npages/base_page.py:60: in click\n    el: WebElement = self.wait.until(\n_ _ _ _ _ _ _ _ _ _ _ _ _ _ _ _ _ _ _ _ _ _ _ _ _ _ _ _ _ _ _ _ _ _ _ _ _ _ _ _ \n\nself = <selenium.webdriver.support.wait.WebDriverWait (session=\"076289a3b818a7c1a491944da380560e\")>\nmethod = <function element_to_be_clickable.<locals>._predicate at 0x7fa6441f2700>\nmessage = ''\n\n    def until(self, method: Callable[[D], Union[Literal[False], T]], message: str = \"\") -> T:\n        \"\"\"Calls the method provided with the driver as an argument until the \\\n        return value does not evaluate to ``False``.\n    \n        :param method: callable(WebDriver)\n        :param message: optional message for :exc:`TimeoutException`\n        :returns: the result of the last call to `method`\n        :raises: :exc:`selenium.common.exceptions.TimeoutException` if timeout occurs\n        \"\"\"\n        screen = None\n        stacktrace = None\n    \n        end_time = time.monotonic() + self._timeout\n        while True:\n            try:\n                value = method(self._driver)\n                if value:\n                    return value\n            except self._ignored_exceptions as exc:\n                screen = getattr(exc, \"screen\", None)\n                stacktrace = getattr(exc, \"stacktrace\", None)\n            time.sleep(self._poll)\n            if time.monotonic() > end_time:\n                break\n>       raise TimeoutException(message, screen, stacktrace)\nE       selenium.common.exceptions.TimeoutException: Message: \nE       Stacktrace:\nE       #0 0x557c4facce33 <unknown>\nE       #1 0x557c4f7bc567 <unknown>\nE       #2 0x557c4f80727d <unknown>\nE       #3 0x557c4f807331 <unknown>\nE       #4 0x557c4f84a624 <unknown>\nE       #5 0x557c4f82938d <unknown>\nE       #6 0x557c4f847ae2 <unknown>\nE       #7 0x557c4f829103 <unknown>\nE       #8 0x557c4f7fa1ba <unknown>\nE       #9 0x557c4f7fab8e <unknown>\nE       #10 0x557c4fa9159b <unknown>\nE       #11 0x557c4fa9534b <unknown>\nE       #12 0x557c4fa7d681 <unknown>\nE       #13 0x557c4fa95eb2 <unknown>\nE       #14 0x557c4fa626af <unknown>\nE       #15 0x557c4fabc428 <unknown>\nE       #16 0x557c4fabc600 <unknown>\nE       #17 0x557c4facbf84 <unknown>\nE       #18 0x7fc4cca94ac3 <unknown>\n\n.venv/lib/python3.12/site-packages/selenium/webdriver/support/wait.py:105: TimeoutException","flaky":false,"newFailed":false,"newBroken":false,"newPassed":false,"retriesCount":0,"retriesStatusChange":false,"beforeStages":[{"name":"setup_method_fixture","time":{"start":1715390036869,"stop":1715390047210,"duration":10341},"status":"broken","statusMessage":"selenium.common.exceptions.TimeoutException: Message: \nStacktrace:\n#0 0x557c4facce33 <unknown>\n#1 0x557c4f7bc567 <unknown>\n#2 0x557c4f80727d <unknown>\n#3 0x557c4f807331 <unknown>\n#4 0x557c4f84a624 <unknown>\n#5 0x557c4f82938d <unknown>\n#6 0x557c4f847ae2 <unknown>\n#7 0x557c4f829103 <unknown>\n#8 0x557c4f7fa1ba <unknown>\n#9 0x557c4f7fab8e <unknown>\n#10 0x557c4fa9159b <unknown>\n#11 0x557c4fa9534b <unknown>\n#12 0x557c4fa7d681 <unknown>\n#13 0x557c4fa95eb2 <unknown>\n#14 0x557c4fa626af <unknown>\n#15 0x557c4fabc428 <unknown>\n#16 0x557c4fabc600 <unknown>\n#17 0x557c4facbf84 <unknown>\n#18 0x7fc4cca94ac3 <unknown>\n\n","statusTrace":"  File \"/home/runner/work/Selenium-Python-Example/Selenium-Python-Example/.venv/lib/python3.12/site-packages/pluggy/_callers.py\", line 167, in _multicall\n    teardown.throw(outcome._exception)\n  File \"/home/runner/work/Selenium-Python-Example/Selenium-Python-Example/.venv/lib/python3.12/site-packages/_pytest/setuponly.py\", line 36, in pytest_fixture_setup\n    return (yield)\n            ^^^^^\n  File \"/home/runner/work/Selenium-Python-Example/Selenium-Python-Example/.venv/lib/python3.12/site-packages/pluggy/_callers.py\", line 103, in _multicall\n    res = hook_impl.function(*args)\n          ^^^^^^^^^^^^^^^^^^^^^^^^^\n  File \"/home/runner/work/Selenium-Python-Example/Selenium-Python-Example/.venv/lib/python3.12/site-packages/_pytest/fixtures.py\", line 1122, in pytest_fixture_setup\n    result = call_fixture_func(fixturefunc, request, kwargs)\n             ^^^^^^^^^^^^^^^^^^^^^^^^^^^^^^^^^^^^^^^^^^^^^^^\n  File \"/home/runner/work/Selenium-Python-Example/Selenium-Python-Example/.venv/lib/python3.12/site-packages/_pytest/fixtures.py\", line 884, in call_fixture_func\n    fixture_result = fixturefunc(**kwargs)\n                     ^^^^^^^^^^^^^^^^^^^^^\n  File \"/home/runner/work/Selenium-Python-Example/Selenium-Python-Example/tests/workspaces_test.py\", line 25, in setup_method_fixture\n    login(self.about_page, self.login_page)\n  File \"/home/runner/work/Selenium-Python-Example/Selenium-Python-Example/tests/workspaces_test.py\", line 15, in login\n    about_page.click_login_link()\n  File \"/home/runner/work/Selenium-Python-Example/Selenium-Python-Example/.venv/lib/python3.12/site-packages/allure_commons/_allure.py\", line 192, in impl\n    return func(*a, **kw)\n           ^^^^^^^^^^^^^^\n  File \"/home/runner/work/Selenium-Python-Example/Selenium-Python-Example/pages/about_page.py\", line 20, in click_login_link\n    self.click(self.LOGIN_LINK)\n  File \"/home/runner/work/Selenium-Python-Example/Selenium-Python-Example/pages/base_page.py\", line 60, in click\n    el: WebElement = self.wait.until(\n                     ^^^^^^^^^^^^^^^^\n  File \"/home/runner/work/Selenium-Python-Example/Selenium-Python-Example/.venv/lib/python3.12/site-packages/selenium/webdriver/support/wait.py\", line 105, in until\n    raise TimeoutException(message, screen, stacktrace)\n","steps":[{"name":"Click Login link","time":{"start":1715390036869,"stop":1715390047209,"duration":10340},"status":"broken","statusMessage":"selenium.common.exceptions.TimeoutException: Message: \nStacktrace:\n#0 0x557c4facce33 <unknown>\n#1 0x557c4f7bc567 <unknown>\n#2 0x557c4f80727d <unknown>\n#3 0x557c4f807331 <unknown>\n#4 0x557c4f84a624 <unknown>\n#5 0x557c4f82938d <unknown>\n#6 0x557c4f847ae2 <unknown>\n#7 0x557c4f829103 <unknown>\n#8 0x557c4f7fa1ba <unknown>\n#9 0x557c4f7fab8e <unknown>\n#10 0x557c4fa9159b <unknown>\n#11 0x557c4fa9534b <unknown>\n#12 0x557c4fa7d681 <unknown>\n#13 0x557c4fa95eb2 <unknown>\n#14 0x557c4fa626af <unknown>\n#15 0x557c4fabc428 <unknown>\n#16 0x557c4fabc600 <unknown>\n#17 0x557c4facbf84 <unknown>\n#18 0x7fc4cca94ac3 <unknown>\n\n","statusTrace":"  File \"/home/runner/work/Selenium-Python-Example/Selenium-Python-Example/.venv/lib/python3.12/site-packages/allure_commons/_allure.py\", line 192, in impl\n    return func(*a, **kw)\n           ^^^^^^^^^^^^^^\n  File \"/home/runner/work/Selenium-Python-Example/Selenium-Python-Example/pages/about_page.py\", line 20, in click_login_link\n    self.click(self.LOGIN_LINK)\n  File \"/home/runner/work/Selenium-Python-Example/Selenium-Python-Example/pages/base_page.py\", line 60, in click\n    el: WebElement = self.wait.until(\n                     ^^^^^^^^^^^^^^^^\n  File \"/home/runner/work/Selenium-Python-Example/Selenium-Python-Example/.venv/lib/python3.12/site-packages/selenium/webdriver/support/wait.py\", line 105, in until\n    raise TimeoutException(message, screen, stacktrace)\n","steps":[],"attachments":[],"parameters":[],"shouldDisplayMessage":true,"stepsCount":0,"attachmentsCount":0,"hasContent":true,"attachmentStep":false}],"attachments":[],"parameters":[],"shouldDisplayMessage":false,"stepsCount":1,"attachmentsCount":0,"hasContent":true,"attachmentStep":false}],"testStage":{"description":"Search for an existing project","status":"broken","statusMessage":"selenium.common.exceptions.TimeoutException: Message: \nStacktrace:\n#0 0x557c4facce33 <unknown>\n#1 0x557c4f7bc567 <unknown>\n#2 0x557c4f80727d <unknown>\n#3 0x557c4f807331 <unknown>\n#4 0x557c4f84a624 <unknown>\n#5 0x557c4f82938d <unknown>\n#6 0x557c4f847ae2 <unknown>\n#7 0x557c4f829103 <unknown>\n#8 0x557c4f7fa1ba <unknown>\n#9 0x557c4f7fab8e <unknown>\n#10 0x557c4fa9159b <unknown>\n#11 0x557c4fa9534b <unknown>\n#12 0x557c4fa7d681 <unknown>\n#13 0x557c4fa95eb2 <unknown>\n#14 0x557c4fa626af <unknown>\n#15 0x557c4fabc428 <unknown>\n#16 0x557c4fabc600 <unknown>\n#17 0x557c4facbf84 <unknown>\n#18 0x7fc4cca94ac3 <unknown>","statusTrace":"self = <tests.workspaces_test.TestWorkspaces object at 0x7fa644175b20>\n\n    @pytest.fixture(autouse=True)\n    def setup_method_fixture(self):\n>       login(self.about_page, self.login_page)\n\ntests/workspaces_test.py:25: \n_ _ _ _ _ _ _ _ _ _ _ _ _ _ _ _ _ _ _ _ _ _ _ _ _ _ _ _ _ _ _ _ _ _ _ _ _ _ _ _ \ntests/workspaces_test.py:15: in login\n    about_page.click_login_link()\npages/about_page.py:20: in click_login_link\n    self.click(self.LOGIN_LINK)\npages/base_page.py:60: in click\n    el: WebElement = self.wait.until(\n_ _ _ _ _ _ _ _ _ _ _ _ _ _ _ _ _ _ _ _ _ _ _ _ _ _ _ _ _ _ _ _ _ _ _ _ _ _ _ _ \n\nself = <selenium.webdriver.support.wait.WebDriverWait (session=\"076289a3b818a7c1a491944da380560e\")>\nmethod = <function element_to_be_clickable.<locals>._predicate at 0x7fa6441f2700>\nmessage = ''\n\n    def until(self, method: Callable[[D], Union[Literal[False], T]], message: str = \"\") -> T:\n        \"\"\"Calls the method provided with the driver as an argument until the \\\n        return value does not evaluate to ``False``.\n    \n        :param method: callable(WebDriver)\n        :param message: optional message for :exc:`TimeoutException`\n        :returns: the result of the last call to `method`\n        :raises: :exc:`selenium.common.exceptions.TimeoutException` if timeout occurs\n        \"\"\"\n        screen = None\n        stacktrace = None\n    \n        end_time = time.monotonic() + self._timeout\n        while True:\n            try:\n                value = method(self._driver)\n                if value:\n                    return value\n            except self._ignored_exceptions as exc:\n                screen = getattr(exc, \"screen\", None)\n                stacktrace = getattr(exc, \"stacktrace\", None)\n            time.sleep(self._poll)\n            if time.monotonic() > end_time:\n                break\n>       raise TimeoutException(message, screen, stacktrace)\nE       selenium.common.exceptions.TimeoutException: Message: \nE       Stacktrace:\nE       #0 0x557c4facce33 <unknown>\nE       #1 0x557c4f7bc567 <unknown>\nE       #2 0x557c4f80727d <unknown>\nE       #3 0x557c4f807331 <unknown>\nE       #4 0x557c4f84a624 <unknown>\nE       #5 0x557c4f82938d <unknown>\nE       #6 0x557c4f847ae2 <unknown>\nE       #7 0x557c4f829103 <unknown>\nE       #8 0x557c4f7fa1ba <unknown>\nE       #9 0x557c4f7fab8e <unknown>\nE       #10 0x557c4fa9159b <unknown>\nE       #11 0x557c4fa9534b <unknown>\nE       #12 0x557c4fa7d681 <unknown>\nE       #13 0x557c4fa95eb2 <unknown>\nE       #14 0x557c4fa626af <unknown>\nE       #15 0x557c4fabc428 <unknown>\nE       #16 0x557c4fabc600 <unknown>\nE       #17 0x557c4facbf84 <unknown>\nE       #18 0x7fc4cca94ac3 <unknown>\n\n.venv/lib/python3.12/site-packages/selenium/webdriver/support/wait.py:105: TimeoutException","steps":[{"name":"public ip address","time":{"start":1715390047223,"stop":1715390047301,"duration":78},"status":"passed","steps":[],"attachments":[{"uid":"3999dcda15056e87","name":"HTTP logs of http://checkip.amazonaws.com/","source":"3999dcda15056e87.txt","type":"text/plain","size":359}],"parameters":[],"shouldDisplayMessage":false,"stepsCount":0,"attachmentsCount":1,"hasContent":true,"attachmentStep":false}],"attachments":[{"uid":"c0ed06e6cabcad0c","name":"Cookies","source":"c0ed06e6cabcad0c.json","type":"application/json","size":3635},{"uid":"d4913b7c732051b8","name":"Session Storage","source":"d4913b7c732051b8.json","type":"application/json","size":359},{"uid":"22dc31ab128fca27","name":"Local Storage","source":"22dc31ab128fca27.json","type":"application/json","size":294},{"uid":"b9cf6ded124e091f","name":"Console Logs","source":"b9cf6ded124e091f.json","type":"application/json","size":7723},{"uid":"8b2c776c7b6b3443","name":"Full Page Screenshot","source":"8b2c776c7b6b3443.png","type":"image/png","size":6246649},{"uid":"52bea171c6c11aaf","name":"URL","source":"52bea171c6c11aaf.uri","type":"text/uri-list","size":23},{"uid":"4ad2734ad1c1bb35","name":"Network Logs","source":"4ad2734ad1c1bb35.json","type":"application/json","size":843774}],"parameters":[],"shouldDisplayMessage":true,"stepsCount":1,"attachmentsCount":8,"hasContent":true,"attachmentStep":false},"afterStages":[],"labels":[{"name":"severity","value":"normal"},{"name":"epic","value":"Workspaces"},{"name":"story","value":"WorkSpaces Creation and Editing Functionality"},{"name":"tag","value":"run(order=6)"},{"name":"parentSuite","value":"tests"},{"name":"suite","value":"workspaces_test"},{"name":"subSuite","value":"TestWorkspaces"},{"name":"host","value":"fv-az732-750"},{"name":"thread","value":"2451-MainThread"},{"name":"framework","value":"pytest"},{"name":"language","value":"cpython3"},{"name":"package","value":"tests.workspaces_test"},{"name":"resultFormat","value":"allure2"}],"parameters":[],"links":[],"hidden":false,"retry":false,"extra":{"severity":"normal","retries":[],"categories":[{"name":"Test defects","matchedStatuses":[],"flaky":false}],"tags":["run(order=6)"]},"source":"5f56c819273177bf.json","parameterValues":[]}