{"uid":"b4832422abec5f11","name":"Add project to workspace test","fullName":"tests.workspaces_test.TestWorkspaces#test_add_project_to_workspace","historyId":"557b6733f5784cd469824aeac0e8ff06","time":{"start":1738978112385,"stop":1738978112385,"duration":0},"description":"Selecting and adding a project to workspace","descriptionHtml":"<p>Selecting and adding a project to workspace</p>\n","status":"broken","statusMessage":"selenium.common.exceptions.TimeoutException: Message: \nStacktrace:\n#0 0x55f1c283153a <unknown>\n#1 0x55f1c232cf00 <unknown>\n#2 0x55f1c237cc0c <unknown>\n#3 0x55f1c237ce31 <unknown>\n#4 0x55f1c23c2bd4 <unknown>\n#5 0x55f1c23a15cd <unknown>\n#6 0x55f1c23bff84 <unknown>\n#7 0x55f1c23a1343 <unknown>\n#8 0x55f1c236e78a <unknown>\n#9 0x55f1c236f9de <unknown>\n#10 0x55f1c27fb2cb <unknown>\n#11 0x55f1c27ff242 <unknown>\n#12 0x55f1c27e87ac <unknown>\n#13 0x55f1c27ffdf7 <unknown>\n#14 0x55f1c27ccb2f <unknown>\n#15 0x55f1c28201a8 <unknown>\n#16 0x55f1c2820370 <unknown>\n#17 0x55f1c28303b6 <unknown>\n#18 0x7fbc94e9ca94 <unknown>\n#19 0x7fbc94f29c3c <unknown>","statusTrace":"self = <tests.workspaces_test.TestWorkspaces object at 0x7f5b9ce19fd0>\n\n    @pytest.fixture(autouse=True)\n    def setup_method_fixture(self):\n>       login(self.about_page, self.login_page)\n\ntests/workspaces_test.py:25: \n_ _ _ _ _ _ _ _ _ _ _ _ _ _ _ _ _ _ _ _ _ _ _ _ _ _ _ _ _ _ _ _ _ _ _ _ _ _ _ _ \ntests/workspaces_test.py:15: in login\n    about_page.click_login_link()\npages/about_page.py:20: in click_login_link\n    self.click(self.LOGIN_LINK)\npages/base_page.py:60: in click\n    el: WebElement = self.wait.until(\n_ _ _ _ _ _ _ _ _ _ _ _ _ _ _ _ _ _ _ _ _ _ _ _ _ _ _ _ _ _ _ _ _ _ _ _ _ _ _ _ \n\nself = <selenium.webdriver.support.wait.WebDriverWait (session=\"64fc6d01e5424ce9409e5b6629ab4bf5\")>\nmethod = <function element_to_be_clickable.<locals>._predicate at 0x7f5b9cc92ac0>\nmessage = ''\n\n    def until(self, method: Callable[[D], Union[Literal[False], T]], message: str = \"\") -> T:\n        \"\"\"Wait until the method returns a value that is not False.\n    \n        Calls the method provided with the driver as an argument until the\n        return value does not evaluate to ``False``.\n    \n        Parameters:\n        ----------\n        method: callable(WebDriver)\n            - A callable object that takes a WebDriver instance as an argument.\n    \n        message: str\n            - Optional message for :exc:`TimeoutException`\n    \n        Return:\n        -------\n        object: T\n            - The result of the last call to `method`\n    \n        Raises:\n        -------\n        TimeoutException\n            - If 'method' does not return a truthy value within the WebDriverWait\n            object's timeout\n    \n        Example:\n        --------\n        >>> from selenium.webdriver.common.by import By\n        >>> from selenium.webdriver.support.ui import WebDriverWait\n        >>> from selenium.webdriver.support import expected_conditions as EC\n    \n        # Wait until an element is visible on the page\n        >>> wait = WebDriverWait(driver, 10)\n        >>> element = wait.until(EC.visibility_of_element_located((By.ID, \"exampleId\")))\n        >>> print(element.text)\n        \"\"\"\n        screen = None\n        stacktrace = None\n    \n        end_time = time.monotonic() + self._timeout\n        while True:\n            try:\n                value = method(self._driver)\n                if value:\n                    return value\n            except self._ignored_exceptions as exc:\n                screen = getattr(exc, \"screen\", None)\n                stacktrace = getattr(exc, \"stacktrace\", None)\n            if time.monotonic() > end_time:\n                break\n            time.sleep(self._poll)\n>       raise TimeoutException(message, screen, stacktrace)\nE       selenium.common.exceptions.TimeoutException: Message: \nE       Stacktrace:\nE       #0 0x55f1c283153a <unknown>\nE       #1 0x55f1c232cf00 <unknown>\nE       #2 0x55f1c237cc0c <unknown>\nE       #3 0x55f1c237ce31 <unknown>\nE       #4 0x55f1c23c2bd4 <unknown>\nE       #5 0x55f1c23a15cd <unknown>\nE       #6 0x55f1c23bff84 <unknown>\nE       #7 0x55f1c23a1343 <unknown>\nE       #8 0x55f1c236e78a <unknown>\nE       #9 0x55f1c236f9de <unknown>\nE       #10 0x55f1c27fb2cb <unknown>\nE       #11 0x55f1c27ff242 <unknown>\nE       #12 0x55f1c27e87ac <unknown>\nE       #13 0x55f1c27ffdf7 <unknown>\nE       #14 0x55f1c27ccb2f <unknown>\nE       #15 0x55f1c28201a8 <unknown>\nE       #16 0x55f1c2820370 <unknown>\nE       #17 0x55f1c28303b6 <unknown>\nE       #18 0x7fbc94e9ca94 <unknown>\nE       #19 0x7fbc94f29c3c <unknown>\n\n.venv/lib/python3.12/site-packages/selenium/webdriver/support/wait.py:146: TimeoutException","flaky":false,"newFailed":false,"newBroken":false,"newPassed":false,"retriesCount":0,"retriesStatusChange":false,"beforeStages":[{"name":"_verify_url","time":{"start":1738978015286,"stop":1738978015286,"duration":0},"status":"passed","steps":[],"attachments":[],"parameters":[],"shouldDisplayMessage":false,"stepsCount":0,"attachmentsCount":0,"hasContent":false,"attachmentStep":false},{"name":"session_request","time":{"start":1738978015286,"stop":1738978015286,"duration":0},"status":"passed","steps":[],"attachments":[],"parameters":[],"shouldDisplayMessage":false,"stepsCount":0,"attachmentsCount":0,"hasContent":false,"attachmentStep":false},{"name":"data","time":{"start":1738978015286,"stop":1738978015287,"duration":1},"status":"passed","steps":[],"attachments":[],"parameters":[],"shouldDisplayMessage":false,"stepsCount":0,"attachmentsCount":0,"hasContent":false,"attachmentStep":false},{"name":"base_url","time":{"start":1738978015286,"stop":1738978015286,"duration":0},"status":"passed","steps":[],"attachments":[],"parameters":[],"shouldDisplayMessage":false,"stepsCount":0,"attachmentsCount":0,"hasContent":false,"attachmentStep":false},{"name":"setup_method_fixture","time":{"start":1738978115158,"stop":1738978125173,"duration":10015},"status":"broken","statusMessage":"selenium.common.exceptions.TimeoutException: Message: \nStacktrace:\n#0 0x55f1c283153a <unknown>\n#1 0x55f1c232cf00 <unknown>\n#2 0x55f1c237cc0c <unknown>\n#3 0x55f1c237ce31 <unknown>\n#4 0x55f1c23c2bd4 <unknown>\n#5 0x55f1c23a15cd <unknown>\n#6 0x55f1c23bff84 <unknown>\n#7 0x55f1c23a1343 <unknown>\n#8 0x55f1c236e78a <unknown>\n#9 0x55f1c236f9de <unknown>\n#10 0x55f1c27fb2cb <unknown>\n#11 0x55f1c27ff242 <unknown>\n#12 0x55f1c27e87ac <unknown>\n#13 0x55f1c27ffdf7 <unknown>\n#14 0x55f1c27ccb2f <unknown>\n#15 0x55f1c28201a8 <unknown>\n#16 0x55f1c2820370 <unknown>\n#17 0x55f1c28303b6 <unknown>\n#18 0x7fbc94e9ca94 <unknown>\n#19 0x7fbc94f29c3c <unknown>\n\n","statusTrace":"  File \"/home/runner/work/Selenium-Python-Example/Selenium-Python-Example/.venv/lib/python3.12/site-packages/pluggy/_callers.py\", line 167, in _multicall\n    teardown.throw(outcome._exception)\n  File \"/home/runner/work/Selenium-Python-Example/Selenium-Python-Example/.venv/lib/python3.12/site-packages/_pytest/setuponly.py\", line 36, in pytest_fixture_setup\n    return (yield)\n            ^^^^^\n  File \"/home/runner/work/Selenium-Python-Example/Selenium-Python-Example/.venv/lib/python3.12/site-packages/pluggy/_callers.py\", line 103, in _multicall\n    res = hook_impl.function(*args)\n          ^^^^^^^^^^^^^^^^^^^^^^^^^\n  File \"/home/runner/work/Selenium-Python-Example/Selenium-Python-Example/.venv/lib/python3.12/site-packages/_pytest/fixtures.py\", line 1140, in pytest_fixture_setup\n    result = call_fixture_func(fixturefunc, request, kwargs)\n             ^^^^^^^^^^^^^^^^^^^^^^^^^^^^^^^^^^^^^^^^^^^^^^^\n  File \"/home/runner/work/Selenium-Python-Example/Selenium-Python-Example/.venv/lib/python3.12/site-packages/_pytest/fixtures.py\", line 898, in call_fixture_func\n    fixture_result = fixturefunc(**kwargs)\n                     ^^^^^^^^^^^^^^^^^^^^^\n  File \"/home/runner/work/Selenium-Python-Example/Selenium-Python-Example/tests/workspaces_test.py\", line 25, in setup_method_fixture\n    login(self.about_page, self.login_page)\n  File \"/home/runner/work/Selenium-Python-Example/Selenium-Python-Example/tests/workspaces_test.py\", line 15, in login\n    about_page.click_login_link()\n  File \"/home/runner/work/Selenium-Python-Example/Selenium-Python-Example/.venv/lib/python3.12/site-packages/allure_commons/_allure.py\", line 192, in impl\n    return func(*a, **kw)\n           ^^^^^^^^^^^^^^\n  File \"/home/runner/work/Selenium-Python-Example/Selenium-Python-Example/pages/about_page.py\", line 20, in click_login_link\n    self.click(self.LOGIN_LINK)\n  File \"/home/runner/work/Selenium-Python-Example/Selenium-Python-Example/pages/base_page.py\", line 60, in click\n    el: WebElement = self.wait.until(\n                     ^^^^^^^^^^^^^^^^\n  File \"/home/runner/work/Selenium-Python-Example/Selenium-Python-Example/.venv/lib/python3.12/site-packages/selenium/webdriver/support/wait.py\", line 146, in until\n    raise TimeoutException(message, screen, stacktrace)\n","steps":[{"name":"Click Login link","time":{"start":1738978115158,"stop":1738978125172,"duration":10014},"status":"broken","statusMessage":"selenium.common.exceptions.TimeoutException: Message: \nStacktrace:\n#0 0x55f1c283153a <unknown>\n#1 0x55f1c232cf00 <unknown>\n#2 0x55f1c237cc0c <unknown>\n#3 0x55f1c237ce31 <unknown>\n#4 0x55f1c23c2bd4 <unknown>\n#5 0x55f1c23a15cd <unknown>\n#6 0x55f1c23bff84 <unknown>\n#7 0x55f1c23a1343 <unknown>\n#8 0x55f1c236e78a <unknown>\n#9 0x55f1c236f9de <unknown>\n#10 0x55f1c27fb2cb <unknown>\n#11 0x55f1c27ff242 <unknown>\n#12 0x55f1c27e87ac <unknown>\n#13 0x55f1c27ffdf7 <unknown>\n#14 0x55f1c27ccb2f <unknown>\n#15 0x55f1c28201a8 <unknown>\n#16 0x55f1c2820370 <unknown>\n#17 0x55f1c28303b6 <unknown>\n#18 0x7fbc94e9ca94 <unknown>\n#19 0x7fbc94f29c3c <unknown>\n\n","statusTrace":"  File \"/home/runner/work/Selenium-Python-Example/Selenium-Python-Example/.venv/lib/python3.12/site-packages/allure_commons/_allure.py\", line 192, in impl\n    return func(*a, **kw)\n           ^^^^^^^^^^^^^^\n  File \"/home/runner/work/Selenium-Python-Example/Selenium-Python-Example/pages/about_page.py\", line 20, in click_login_link\n    self.click(self.LOGIN_LINK)\n  File \"/home/runner/work/Selenium-Python-Example/Selenium-Python-Example/pages/base_page.py\", line 60, in click\n    el: WebElement = self.wait.until(\n                     ^^^^^^^^^^^^^^^^\n  File \"/home/runner/work/Selenium-Python-Example/Selenium-Python-Example/.venv/lib/python3.12/site-packages/selenium/webdriver/support/wait.py\", line 146, in until\n    raise TimeoutException(message, screen, stacktrace)\n","steps":[],"attachments":[],"parameters":[],"shouldDisplayMessage":true,"stepsCount":0,"attachmentsCount":0,"hasContent":true,"attachmentStep":false}],"attachments":[],"parameters":[],"shouldDisplayMessage":false,"stepsCount":1,"attachmentsCount":0,"hasContent":true,"attachmentStep":false}],"testStage":{"description":"Selecting and adding a project to workspace","status":"broken","statusMessage":"selenium.common.exceptions.TimeoutException: Message: \nStacktrace:\n#0 0x55f1c283153a <unknown>\n#1 0x55f1c232cf00 <unknown>\n#2 0x55f1c237cc0c <unknown>\n#3 0x55f1c237ce31 <unknown>\n#4 0x55f1c23c2bd4 <unknown>\n#5 0x55f1c23a15cd <unknown>\n#6 0x55f1c23bff84 <unknown>\n#7 0x55f1c23a1343 <unknown>\n#8 0x55f1c236e78a <unknown>\n#9 0x55f1c236f9de <unknown>\n#10 0x55f1c27fb2cb <unknown>\n#11 0x55f1c27ff242 <unknown>\n#12 0x55f1c27e87ac <unknown>\n#13 0x55f1c27ffdf7 <unknown>\n#14 0x55f1c27ccb2f <unknown>\n#15 0x55f1c28201a8 <unknown>\n#16 0x55f1c2820370 <unknown>\n#17 0x55f1c28303b6 <unknown>\n#18 0x7fbc94e9ca94 <unknown>\n#19 0x7fbc94f29c3c <unknown>","statusTrace":"self = <tests.workspaces_test.TestWorkspaces object at 0x7f5b9ce19fd0>\n\n    @pytest.fixture(autouse=True)\n    def setup_method_fixture(self):\n>       login(self.about_page, self.login_page)\n\ntests/workspaces_test.py:25: \n_ _ _ _ _ _ _ _ _ _ _ _ _ _ _ _ _ _ _ _ _ _ _ _ _ _ _ _ _ _ _ _ _ _ _ _ _ _ _ _ \ntests/workspaces_test.py:15: in login\n    about_page.click_login_link()\npages/about_page.py:20: in click_login_link\n    self.click(self.LOGIN_LINK)\npages/base_page.py:60: in click\n    el: WebElement = self.wait.until(\n_ _ _ _ _ _ _ _ _ _ _ _ _ _ _ _ _ _ _ _ _ _ _ _ _ _ _ _ _ _ _ _ _ _ _ _ _ _ _ _ \n\nself = <selenium.webdriver.support.wait.WebDriverWait (session=\"64fc6d01e5424ce9409e5b6629ab4bf5\")>\nmethod = <function element_to_be_clickable.<locals>._predicate at 0x7f5b9cc92ac0>\nmessage = ''\n\n    def until(self, method: Callable[[D], Union[Literal[False], T]], message: str = \"\") -> T:\n        \"\"\"Wait until the method returns a value that is not False.\n    \n        Calls the method provided with the driver as an argument until the\n        return value does not evaluate to ``False``.\n    \n        Parameters:\n        ----------\n        method: callable(WebDriver)\n            - A callable object that takes a WebDriver instance as an argument.\n    \n        message: str\n            - Optional message for :exc:`TimeoutException`\n    \n        Return:\n        -------\n        object: T\n            - The result of the last call to `method`\n    \n        Raises:\n        -------\n        TimeoutException\n            - If 'method' does not return a truthy value within the WebDriverWait\n            object's timeout\n    \n        Example:\n        --------\n        >>> from selenium.webdriver.common.by import By\n        >>> from selenium.webdriver.support.ui import WebDriverWait\n        >>> from selenium.webdriver.support import expected_conditions as EC\n    \n        # Wait until an element is visible on the page\n        >>> wait = WebDriverWait(driver, 10)\n        >>> element = wait.until(EC.visibility_of_element_located((By.ID, \"exampleId\")))\n        >>> print(element.text)\n        \"\"\"\n        screen = None\n        stacktrace = None\n    \n        end_time = time.monotonic() + self._timeout\n        while True:\n            try:\n                value = method(self._driver)\n                if value:\n                    return value\n            except self._ignored_exceptions as exc:\n                screen = getattr(exc, \"screen\", None)\n                stacktrace = getattr(exc, \"stacktrace\", None)\n            if time.monotonic() > end_time:\n                break\n            time.sleep(self._poll)\n>       raise TimeoutException(message, screen, stacktrace)\nE       selenium.common.exceptions.TimeoutException: Message: \nE       Stacktrace:\nE       #0 0x55f1c283153a <unknown>\nE       #1 0x55f1c232cf00 <unknown>\nE       #2 0x55f1c237cc0c <unknown>\nE       #3 0x55f1c237ce31 <unknown>\nE       #4 0x55f1c23c2bd4 <unknown>\nE       #5 0x55f1c23a15cd <unknown>\nE       #6 0x55f1c23bff84 <unknown>\nE       #7 0x55f1c23a1343 <unknown>\nE       #8 0x55f1c236e78a <unknown>\nE       #9 0x55f1c236f9de <unknown>\nE       #10 0x55f1c27fb2cb <unknown>\nE       #11 0x55f1c27ff242 <unknown>\nE       #12 0x55f1c27e87ac <unknown>\nE       #13 0x55f1c27ffdf7 <unknown>\nE       #14 0x55f1c27ccb2f <unknown>\nE       #15 0x55f1c28201a8 <unknown>\nE       #16 0x55f1c2820370 <unknown>\nE       #17 0x55f1c28303b6 <unknown>\nE       #18 0x7fbc94e9ca94 <unknown>\nE       #19 0x7fbc94f29c3c <unknown>\n\n.venv/lib/python3.12/site-packages/selenium/webdriver/support/wait.py:146: TimeoutException","steps":[{"name":"public ip address","time":{"start":1738978125185,"stop":1738978125338,"duration":153},"status":"passed","steps":[],"attachments":[{"uid":"be9f15abc022c31f","name":"HTTP logs of http://checkip.amazonaws.com/","source":"be9f15abc022c31f.txt","type":"text/plain","size":357}],"parameters":[],"shouldDisplayMessage":false,"stepsCount":0,"attachmentsCount":1,"hasContent":true,"attachmentStep":false}],"attachments":[{"uid":"4884da2212b5001d","name":"Cookies","source":"4884da2212b5001d.json","type":"application/json","size":4381},{"uid":"afa5c5aa0918de42","name":"Session Storage","source":"afa5c5aa0918de42.json","type":"application/json","size":359},{"uid":"1ab0d57d888f544f","name":"Local Storage","source":"1ab0d57d888f544f.json","type":"application/json","size":790},{"uid":"f674e4fbf8c06411","name":"Console Logs","source":"f674e4fbf8c06411.json","type":"application/json","size":236},{"uid":"429dab0649f5ece5","name":"Full Page Screenshot","source":"429dab0649f5ece5.png","type":"image/png","size":3997092},{"uid":"f3aea585f0165025","name":"URL","source":"f3aea585f0165025.uri","type":"text/uri-list","size":23},{"uid":"ed79d7c8d8573be2","name":"Network Logs","source":"ed79d7c8d8573be2.json","type":"application/json","size":6865052}],"parameters":[],"shouldDisplayMessage":true,"stepsCount":1,"attachmentsCount":8,"hasContent":true,"attachmentStep":false},"afterStages":[{"name":"session_request::0","time":{"start":1738978196703,"stop":1738978196703,"duration":0},"status":"passed","steps":[],"attachments":[],"parameters":[],"shouldDisplayMessage":false,"stepsCount":0,"attachmentsCount":0,"hasContent":false,"attachmentStep":false}],"labels":[{"name":"severity","value":"normal"},{"name":"story","value":"WorkSpaces Creation and Editing Functionality"},{"name":"epic","value":"Workspaces"},{"name":"tag","value":"run(order=5)"},{"name":"parentSuite","value":"tests"},{"name":"suite","value":"workspaces_test"},{"name":"subSuite","value":"TestWorkspaces"},{"name":"host","value":"fv-az1696-222"},{"name":"thread","value":"2034-MainThread"},{"name":"framework","value":"pytest"},{"name":"language","value":"cpython3"},{"name":"package","value":"tests.workspaces_test"},{"name":"resultFormat","value":"allure2"}],"parameters":[],"links":[],"hidden":false,"retry":false,"extra":{"severity":"normal","retries":[],"categories":[{"name":"Test defects","matchedStatuses":[],"flaky":false}],"tags":["run(order=5)"]},"source":"b4832422abec5f11.json","parameterValues":[]}