{"uid":"cc3ca9084db8bfde","name":"Login with invalid credentials test","fullName":"tests.test_login.TestLogin#test_invalid_login","historyId":"759a8709b421dba7c516b861c451e0c7","time":{"start":1682771170726,"stop":1682771181046,"duration":10320},"description":"invalid login","descriptionHtml":"<p>invalid login</p>\n","status":"broken","statusMessage":"selenium.common.exceptions.TimeoutException: Message: \nStacktrace:\n#0 0x5570ded3dfe3 <unknown>\n#1 0x5570dea7cd36 <unknown>\n#2 0x5570deab9c4d <unknown>\n#3 0x5570deab9d61 <unknown>\n#4 0x5570deaf56a4 <unknown>\n#5 0x5570deada8ed <unknown>\n#6 0x5570deaf3232 <unknown>\n#7 0x5570deada693 <unknown>\n#8 0x5570deaad03a <unknown>\n#9 0x5570deaae17e <unknown>\n#10 0x5570decffdbd <unknown>\n#11 0x5570ded03c6c <unknown>\n#12 0x5570ded0d4b0 <unknown>\n#13 0x5570ded04d63 <unknown>\n#14 0x5570decd7c35 <unknown>\n#15 0x5570ded28138 <unknown>\n#16 0x5570ded282c7 <unknown>\n#17 0x5570ded36093 <unknown>\n#18 0x7f2d2d3c7b43 <unknown>","statusTrace":"self = <tests.test_login.TestLogin object at 0x7f9b97eeb100>\nemail = 'nirt236@gmail.com', password = '123456'\njson_reader = <utils.json_parser.JsonParser object at 0x7f9b97f74820>\n\n    @allure.description(\"invalid login\")\n    @allure.title(\"Login with invalid credentials test\")\n    @pytest.mark.parametrize(\"email, password\", users)\n    @pytest.mark.run(order=3)\n    def test_invalid_login(self, email: str, password : str, json_reader):\n>       self.about_page.click_login_link()\n\ntests/test_login.py:24: \n_ _ _ _ _ _ _ _ _ _ _ _ _ _ _ _ _ _ _ _ _ _ _ _ _ _ _ _ _ _ _ _ _ _ _ _ _ _ _ _ \npages/about_page.py:19: in click_login_link\n    self.click(self.LOGIN_LINK)\npages/base_page.py:21: in click\n    el: WebElement = self._wait.until(expected_conditions.element_to_be_clickable(locator))\n_ _ _ _ _ _ _ _ _ _ _ _ _ _ _ _ _ _ _ _ _ _ _ _ _ _ _ _ _ _ _ _ _ _ _ _ _ _ _ _ \n\nself = <selenium.webdriver.support.wait.WebDriverWait (session=\"3c81bb2f4dbb1b01214d934489decc4f\")>\nmethod = <function element_to_be_clickable.<locals>._predicate at 0x7f9b97d739a0>\nmessage = ''\n\n    def until(self, method, message: str = \"\"):\n        \"\"\"Calls the method provided with the driver as an argument until the \\\n        return value does not evaluate to ``False``.\n    \n        :param method: callable(WebDriver)\n        :param message: optional message for :exc:`TimeoutException`\n        :returns: the result of the last call to `method`\n        :raises: :exc:`selenium.common.exceptions.TimeoutException` if timeout occurs\n        \"\"\"\n        screen = None\n        stacktrace = None\n    \n        end_time = time.monotonic() + self._timeout\n        while True:\n            try:\n                value = method(self._driver)\n                if value:\n                    return value\n            except self._ignored_exceptions as exc:\n                screen = getattr(exc, \"screen\", None)\n                stacktrace = getattr(exc, \"stacktrace\", None)\n            time.sleep(self._poll)\n            if time.monotonic() > end_time:\n                break\n>       raise TimeoutException(message, screen, stacktrace)\nE       selenium.common.exceptions.TimeoutException: Message: \nE       Stacktrace:\nE       #0 0x5570ded3dfe3 <unknown>\nE       #1 0x5570dea7cd36 <unknown>\nE       #2 0x5570deab9c4d <unknown>\nE       #3 0x5570deab9d61 <unknown>\nE       #4 0x5570deaf56a4 <unknown>\nE       #5 0x5570deada8ed <unknown>\nE       #6 0x5570deaf3232 <unknown>\nE       #7 0x5570deada693 <unknown>\nE       #8 0x5570deaad03a <unknown>\nE       #9 0x5570deaae17e <unknown>\nE       #10 0x5570decffdbd <unknown>\nE       #11 0x5570ded03c6c <unknown>\nE       #12 0x5570ded0d4b0 <unknown>\nE       #13 0x5570ded04d63 <unknown>\nE       #14 0x5570decd7c35 <unknown>\nE       #15 0x5570ded28138 <unknown>\nE       #16 0x5570ded282c7 <unknown>\nE       #17 0x5570ded36093 <unknown>\nE       #18 0x7f2d2d3c7b43 <unknown>\n\n/opt/hostedtoolcache/Python/3.10.11/x64/lib/python3.10/site-packages/selenium/webdriver/support/wait.py:95: TimeoutException","flaky":false,"newFailed":false,"newBroken":false,"newPassed":false,"retriesCount":0,"retriesStatusChange":false,"beforeStages":[{"name":"ini_reader","time":{"start":1682771099983,"stop":1682771099984,"duration":1},"status":"passed","steps":[],"attachments":[],"parameters":[],"hasContent":false,"stepsCount":0,"attachmentsCount":0,"shouldDisplayMessage":false},{"name":"json_reader","time":{"start":1682771099983,"stop":1682771099983,"duration":0},"status":"passed","steps":[],"attachments":[],"parameters":[],"hasContent":false,"stepsCount":0,"attachmentsCount":0,"shouldDisplayMessage":false},{"name":"create_driver","time":{"start":1682771167089,"stop":1682771170725,"duration":3636},"status":"passed","steps":[],"attachments":[],"parameters":[],"hasContent":false,"stepsCount":0,"attachmentsCount":0,"shouldDisplayMessage":false}],"testStage":{"description":"invalid login","status":"broken","statusMessage":"selenium.common.exceptions.TimeoutException: Message: \nStacktrace:\n#0 0x5570ded3dfe3 <unknown>\n#1 0x5570dea7cd36 <unknown>\n#2 0x5570deab9c4d <unknown>\n#3 0x5570deab9d61 <unknown>\n#4 0x5570deaf56a4 <unknown>\n#5 0x5570deada8ed <unknown>\n#6 0x5570deaf3232 <unknown>\n#7 0x5570deada693 <unknown>\n#8 0x5570deaad03a <unknown>\n#9 0x5570deaae17e <unknown>\n#10 0x5570decffdbd <unknown>\n#11 0x5570ded03c6c <unknown>\n#12 0x5570ded0d4b0 <unknown>\n#13 0x5570ded04d63 <unknown>\n#14 0x5570decd7c35 <unknown>\n#15 0x5570ded28138 <unknown>\n#16 0x5570ded282c7 <unknown>\n#17 0x5570ded36093 <unknown>\n#18 0x7f2d2d3c7b43 <unknown>","statusTrace":"self = <tests.test_login.TestLogin object at 0x7f9b97eeb100>\nemail = 'nirt236@gmail.com', password = '123456'\njson_reader = <utils.json_parser.JsonParser object at 0x7f9b97f74820>\n\n    @allure.description(\"invalid login\")\n    @allure.title(\"Login with invalid credentials test\")\n    @pytest.mark.parametrize(\"email, password\", users)\n    @pytest.mark.run(order=3)\n    def test_invalid_login(self, email: str, password : str, json_reader):\n>       self.about_page.click_login_link()\n\ntests/test_login.py:24: \n_ _ _ _ _ _ _ _ _ _ _ _ _ _ _ _ _ _ _ _ _ _ _ _ _ _ _ _ _ _ _ _ _ _ _ _ _ _ _ _ \npages/about_page.py:19: in click_login_link\n    self.click(self.LOGIN_LINK)\npages/base_page.py:21: in click\n    el: WebElement = self._wait.until(expected_conditions.element_to_be_clickable(locator))\n_ _ _ _ _ _ _ _ _ _ _ _ _ _ _ _ _ _ _ _ _ _ _ _ _ _ _ _ _ _ _ _ _ _ _ _ _ _ _ _ \n\nself = <selenium.webdriver.support.wait.WebDriverWait (session=\"3c81bb2f4dbb1b01214d934489decc4f\")>\nmethod = <function element_to_be_clickable.<locals>._predicate at 0x7f9b97d739a0>\nmessage = ''\n\n    def until(self, method, message: str = \"\"):\n        \"\"\"Calls the method provided with the driver as an argument until the \\\n        return value does not evaluate to ``False``.\n    \n        :param method: callable(WebDriver)\n        :param message: optional message for :exc:`TimeoutException`\n        :returns: the result of the last call to `method`\n        :raises: :exc:`selenium.common.exceptions.TimeoutException` if timeout occurs\n        \"\"\"\n        screen = None\n        stacktrace = None\n    \n        end_time = time.monotonic() + self._timeout\n        while True:\n            try:\n                value = method(self._driver)\n                if value:\n                    return value\n            except self._ignored_exceptions as exc:\n                screen = getattr(exc, \"screen\", None)\n                stacktrace = getattr(exc, \"stacktrace\", None)\n            time.sleep(self._poll)\n            if time.monotonic() > end_time:\n                break\n>       raise TimeoutException(message, screen, stacktrace)\nE       selenium.common.exceptions.TimeoutException: Message: \nE       Stacktrace:\nE       #0 0x5570ded3dfe3 <unknown>\nE       #1 0x5570dea7cd36 <unknown>\nE       #2 0x5570deab9c4d <unknown>\nE       #3 0x5570deab9d61 <unknown>\nE       #4 0x5570deaf56a4 <unknown>\nE       #5 0x5570deada8ed <unknown>\nE       #6 0x5570deaf3232 <unknown>\nE       #7 0x5570deada693 <unknown>\nE       #8 0x5570deaad03a <unknown>\nE       #9 0x5570deaae17e <unknown>\nE       #10 0x5570decffdbd <unknown>\nE       #11 0x5570ded03c6c <unknown>\nE       #12 0x5570ded0d4b0 <unknown>\nE       #13 0x5570ded04d63 <unknown>\nE       #14 0x5570decd7c35 <unknown>\nE       #15 0x5570ded28138 <unknown>\nE       #16 0x5570ded282c7 <unknown>\nE       #17 0x5570ded36093 <unknown>\nE       #18 0x7f2d2d3c7b43 <unknown>\n\n/opt/hostedtoolcache/Python/3.10.11/x64/lib/python3.10/site-packages/selenium/webdriver/support/wait.py:95: TimeoutException","steps":[{"name":"Click Login link","time":{"start":1682771170726,"stop":1682771181045,"duration":10319},"status":"broken","statusMessage":"selenium.common.exceptions.TimeoutException: Message: \nStacktrace:\n#0 0x5570ded3dfe3 <unknown>\n#1 0x5570dea7cd36 <unknown>\n#2 0x5570deab9c4d <unknown>\n#3 0x5570deab9d61 <unknown>\n#4 0x5570deaf56a4 <unknown>\n#5 0x5570deada8ed <unknown>\n#6 0x5570deaf3232 <unknown>\n#7 0x5570deada693 <unknown>\n#8 0x5570deaad03a <unknown>\n#9 0x5570deaae17e <unknown>\n#10 0x5570decffdbd <unknown>\n#11 0x5570ded03c6c <unknown>\n#12 0x5570ded0d4b0 <unknown>\n#13 0x5570ded04d63 <unknown>\n#14 0x5570decd7c35 <unknown>\n#15 0x5570ded28138 <unknown>\n#16 0x5570ded282c7 <unknown>\n#17 0x5570ded36093 <unknown>\n#18 0x7f2d2d3c7b43 <unknown>\n\n","statusTrace":"  File \"/opt/hostedtoolcache/Python/3.10.11/x64/lib/python3.10/site-packages/allure_commons/_allure.py\", line 192, in impl\n    return func(*a, **kw)\n  File \"/home/runner/work/Selenium-Python-Example/Selenium-Python-Example/pages/about_page.py\", line 19, in click_login_link\n    self.click(self.LOGIN_LINK)\n  File \"/home/runner/work/Selenium-Python-Example/Selenium-Python-Example/pages/base_page.py\", line 21, in click\n    el: WebElement = self._wait.until(expected_conditions.element_to_be_clickable(locator))\n  File \"/opt/hostedtoolcache/Python/3.10.11/x64/lib/python3.10/site-packages/selenium/webdriver/support/wait.py\", line 95, in until\n    raise TimeoutException(message, screen, stacktrace)\n","steps":[],"attachments":[],"parameters":[],"hasContent":true,"stepsCount":0,"attachmentsCount":0,"shouldDisplayMessage":true}],"attachments":[{"uid":"cf0e7909d0479dc2","name":"Full Page Screenshot","source":"cf0e7909d0479dc2.png","type":"image/png","size":2646979},{"uid":"613e35930c292898","name":"URL","source":"613e35930c292898.uri","type":"text/uri-list","size":23},{"uid":"d2791dc9243074dd","name":"public ip address","source":"d2791dc9243074dd.txt","type":"text/plain","size":13},{"uid":"e90f083708f2ef5e","name":"Cookies","source":"e90f083708f2ef5e.json","type":"application/json","size":3529},{"uid":"b1dfa76aa2d5ec79","name":"Session Storage","source":"b1dfa76aa2d5ec79.json","type":"application/json","size":2},{"uid":"38c78b8606388845","name":"Local Storage","source":"38c78b8606388845.json","type":"application/json","size":1400},{"uid":"9631d3456daa7b19","name":"Console Logs","source":"9631d3456daa7b19.json","type":"application/json","size":5314},{"uid":"5ce50d1c0fac750d","name":"Network Logs","source":"5ce50d1c0fac750d.json","type":"application/json","size":85010}],"parameters":[],"hasContent":true,"stepsCount":1,"attachmentsCount":8,"shouldDisplayMessage":true},"afterStages":[{"name":"create_driver::0","time":{"start":1682771184049,"stop":1682771184118,"duration":69},"status":"passed","steps":[],"attachments":[],"parameters":[],"hasContent":false,"stepsCount":0,"attachmentsCount":0,"shouldDisplayMessage":false}],"labels":[{"name":"feature","value":"Login"},{"name":"epic","value":"Security"},{"name":"severity","value":"blocker"},{"name":"tag","value":"run(order=3)"},{"name":"tag","value":"security"},{"name":"parentSuite","value":"tests"},{"name":"suite","value":"test_login"},{"name":"subSuite","value":"TestLogin"},{"name":"host","value":"fv-az451-606"},{"name":"thread","value":"2210-MainThread"},{"name":"framework","value":"pytest"},{"name":"language","value":"cpython3"},{"name":"package","value":"tests.test_login"},{"name":"resultFormat","value":"allure2"}],"parameters":[{"name":"email","value":"'nirt236@gmail.com'"},{"name":"password","value":"'123456'"}],"links":[],"hidden":false,"retry":false,"extra":{"severity":"blocker","retries":[],"categories":[{"name":"Test defects","matchedStatuses":[],"flaky":false}],"tags":["run(order=3)","security"]},"source":"cc3ca9084db8bfde.json","parameterValues":["'nirt236@gmail.com'","'123456'"]}