{"uid":"aa5315e6c62b1c69","name":"Cancel a project deletion","fullName":"tests.workspaces_test.TestWorkspaces#test_cancel_project_deletion","historyId":"4e88bda60b0c69cc538a06ace82098c3","time":{"start":1701652516150,"stop":1701652516150,"duration":0},"description":"Cancel project deletion","descriptionHtml":"<p>Cancel project deletion</p>\n","status":"broken","statusMessage":"selenium.common.exceptions.TimeoutException: Message: \nStacktrace:\n#0 0x563f779ae5e3 <unknown>\n#1 0x563f776710b7 <unknown>\n#2 0x563f776bef53 <unknown>\n#3 0x563f776bf051 <unknown>\n#4 0x563f777049c4 <unknown>\n#5 0x563f776e5f1d <unknown>\n#6 0x563f77701b3d <unknown>\n#7 0x563f776e5cc3 <unknown>\n#8 0x563f776b10e4 <unknown>\n#9 0x563f776b20ae <unknown>\n#10 0x563f77974ce1 <unknown>\n#11 0x563f77978b7e <unknown>\n#12 0x563f779624b5 <unknown>\n#13 0x563f779797d6 <unknown>\n#14 0x563f77945dbf <unknown>\n#15 0x563f7799c748 <unknown>\n#16 0x563f7799c917 <unknown>\n#17 0x563f779ad773 <unknown>\n#18 0x7f9e5f694ac3 <unknown>","statusTrace":"self = <tests.workspaces_test.TestWorkspaces object at 0x7fcb06dd0d90>\n\n    @pytest.fixture(autouse=True)\n    def setup_method_fixture(self):\n>       login(self.about_page, self.login_page)\n\ntests/workspaces_test.py:24: \n_ _ _ _ _ _ _ _ _ _ _ _ _ _ _ _ _ _ _ _ _ _ _ _ _ _ _ _ _ _ _ _ _ _ _ _ _ _ _ _ \ntests/workspaces_test.py:14: in login\n    about_page.click_login_link()\npages/about_page.py:20: in click_login_link\n    self.click(self.LOGIN_LINK)\npages/base_page.py:38: in click\n    el: WebElement = self.wait.until(\n_ _ _ _ _ _ _ _ _ _ _ _ _ _ _ _ _ _ _ _ _ _ _ _ _ _ _ _ _ _ _ _ _ _ _ _ _ _ _ _ \n\nself = <selenium.webdriver.support.wait.WebDriverWait (session=\"6bc2b8ee44cfbff8e44df15f4247537c\")>\nmethod = <function element_to_be_clickable.<locals>._predicate at 0x7fcb06e427a0>\nmessage = ''\n\n    def until(self, method: Callable[[WebDriver], Union[Literal[False], T]], message: str = \"\") -> T:\n        \"\"\"Calls the method provided with the driver as an argument until the \\\n        return value does not evaluate to ``False``.\n    \n        :param method: callable(WebDriver)\n        :param message: optional message for :exc:`TimeoutException`\n        :returns: the result of the last call to `method`\n        :raises: :exc:`selenium.common.exceptions.TimeoutException` if timeout occurs\n        \"\"\"\n        screen = None\n        stacktrace = None\n    \n        end_time = time.monotonic() + self._timeout\n        while True:\n            try:\n                value = method(self._driver)\n                if value:\n                    return value\n            except self._ignored_exceptions as exc:\n                screen = getattr(exc, \"screen\", None)\n                stacktrace = getattr(exc, \"stacktrace\", None)\n            time.sleep(self._poll)\n            if time.monotonic() > end_time:\n                break\n>       raise TimeoutException(message, screen, stacktrace)\nE       selenium.common.exceptions.TimeoutException: Message: \nE       Stacktrace:\nE       #0 0x563f779ae5e3 <unknown>\nE       #1 0x563f776710b7 <unknown>\nE       #2 0x563f776bef53 <unknown>\nE       #3 0x563f776bf051 <unknown>\nE       #4 0x563f777049c4 <unknown>\nE       #5 0x563f776e5f1d <unknown>\nE       #6 0x563f77701b3d <unknown>\nE       #7 0x563f776e5cc3 <unknown>\nE       #8 0x563f776b10e4 <unknown>\nE       #9 0x563f776b20ae <unknown>\nE       #10 0x563f77974ce1 <unknown>\nE       #11 0x563f77978b7e <unknown>\nE       #12 0x563f779624b5 <unknown>\nE       #13 0x563f779797d6 <unknown>\nE       #14 0x563f77945dbf <unknown>\nE       #15 0x563f7799c748 <unknown>\nE       #16 0x563f7799c917 <unknown>\nE       #17 0x563f779ad773 <unknown>\nE       #18 0x7f9e5f694ac3 <unknown>\n\n.venv/lib/python3.11/site-packages/selenium/webdriver/support/wait.py:101: TimeoutException","flaky":false,"newFailed":false,"newBroken":false,"newPassed":false,"retriesCount":0,"retriesStatusChange":false,"beforeStages":[{"name":"_verify_url","time":{"start":1701652395714,"stop":1701652395714,"duration":0},"status":"passed","steps":[],"attachments":[],"parameters":[],"shouldDisplayMessage":false,"stepsCount":0,"attachmentsCount":0,"hasContent":false},{"name":"base_url","time":{"start":1701652395714,"stop":1701652395714,"duration":0},"status":"passed","steps":[],"attachments":[],"parameters":[],"shouldDisplayMessage":false,"stepsCount":0,"attachmentsCount":0,"hasContent":false},{"name":"json_data","time":{"start":1701652395714,"stop":1701652395714,"duration":0},"status":"passed","steps":[],"attachments":[],"parameters":[],"shouldDisplayMessage":false,"stepsCount":0,"attachmentsCount":0,"hasContent":false},{"name":"setup_method_fixture","time":{"start":1701652518135,"stop":1701652528386,"duration":10251},"status":"broken","statusMessage":"selenium.common.exceptions.TimeoutException: Message: \nStacktrace:\n#0 0x563f779ae5e3 <unknown>\n#1 0x563f776710b7 <unknown>\n#2 0x563f776bef53 <unknown>\n#3 0x563f776bf051 <unknown>\n#4 0x563f777049c4 <unknown>\n#5 0x563f776e5f1d <unknown>\n#6 0x563f77701b3d <unknown>\n#7 0x563f776e5cc3 <unknown>\n#8 0x563f776b10e4 <unknown>\n#9 0x563f776b20ae <unknown>\n#10 0x563f77974ce1 <unknown>\n#11 0x563f77978b7e <unknown>\n#12 0x563f779624b5 <unknown>\n#13 0x563f779797d6 <unknown>\n#14 0x563f77945dbf <unknown>\n#15 0x563f7799c748 <unknown>\n#16 0x563f7799c917 <unknown>\n#17 0x563f779ad773 <unknown>\n#18 0x7f9e5f694ac3 <unknown>\n\n","statusTrace":"  File \"/home/runner/work/Selenium-Python-Example/Selenium-Python-Example/.venv/lib/python3.11/site-packages/pluggy/_callers.py\", line 80, in _multicall\n    res = hook_impl.function(*args)\n          ^^^^^^^^^^^^^^^^^^^^^^^^^\n  File \"/home/runner/work/Selenium-Python-Example/Selenium-Python-Example/.venv/lib/python3.11/site-packages/_pytest/fixtures.py\", line 1123, in pytest_fixture_setup\n    result = call_fixture_func(fixturefunc, request, kwargs)\n             ^^^^^^^^^^^^^^^^^^^^^^^^^^^^^^^^^^^^^^^^^^^^^^^\n  File \"/home/runner/work/Selenium-Python-Example/Selenium-Python-Example/.venv/lib/python3.11/site-packages/_pytest/fixtures.py\", line 902, in call_fixture_func\n    fixture_result = fixturefunc(**kwargs)\n                     ^^^^^^^^^^^^^^^^^^^^^\n  File \"/home/runner/work/Selenium-Python-Example/Selenium-Python-Example/tests/workspaces_test.py\", line 24, in setup_method_fixture\n    login(self.about_page, self.login_page)\n  File \"/home/runner/work/Selenium-Python-Example/Selenium-Python-Example/tests/workspaces_test.py\", line 14, in login\n    about_page.click_login_link()\n  File \"/home/runner/work/Selenium-Python-Example/Selenium-Python-Example/.venv/lib/python3.11/site-packages/allure_commons/_allure.py\", line 192, in impl\n    return func(*a, **kw)\n           ^^^^^^^^^^^^^^\n  File \"/home/runner/work/Selenium-Python-Example/Selenium-Python-Example/pages/about_page.py\", line 20, in click_login_link\n    self.click(self.LOGIN_LINK)\n  File \"/home/runner/work/Selenium-Python-Example/Selenium-Python-Example/pages/base_page.py\", line 38, in click\n    el: WebElement = self.wait.until(\n                     ^^^^^^^^^^^^^^^^\n  File \"/home/runner/work/Selenium-Python-Example/Selenium-Python-Example/.venv/lib/python3.11/site-packages/selenium/webdriver/support/wait.py\", line 101, in until\n    raise TimeoutException(message, screen, stacktrace)\n","steps":[{"name":"Click Login link","time":{"start":1701652518135,"stop":1701652528386,"duration":10251},"status":"broken","statusMessage":"selenium.common.exceptions.TimeoutException: Message: \nStacktrace:\n#0 0x563f779ae5e3 <unknown>\n#1 0x563f776710b7 <unknown>\n#2 0x563f776bef53 <unknown>\n#3 0x563f776bf051 <unknown>\n#4 0x563f777049c4 <unknown>\n#5 0x563f776e5f1d <unknown>\n#6 0x563f77701b3d <unknown>\n#7 0x563f776e5cc3 <unknown>\n#8 0x563f776b10e4 <unknown>\n#9 0x563f776b20ae <unknown>\n#10 0x563f77974ce1 <unknown>\n#11 0x563f77978b7e <unknown>\n#12 0x563f779624b5 <unknown>\n#13 0x563f779797d6 <unknown>\n#14 0x563f77945dbf <unknown>\n#15 0x563f7799c748 <unknown>\n#16 0x563f7799c917 <unknown>\n#17 0x563f779ad773 <unknown>\n#18 0x7f9e5f694ac3 <unknown>\n\n","statusTrace":"  File \"/home/runner/work/Selenium-Python-Example/Selenium-Python-Example/.venv/lib/python3.11/site-packages/allure_commons/_allure.py\", line 192, in impl\n    return func(*a, **kw)\n           ^^^^^^^^^^^^^^\n  File \"/home/runner/work/Selenium-Python-Example/Selenium-Python-Example/pages/about_page.py\", line 20, in click_login_link\n    self.click(self.LOGIN_LINK)\n  File \"/home/runner/work/Selenium-Python-Example/Selenium-Python-Example/pages/base_page.py\", line 38, in click\n    el: WebElement = self.wait.until(\n                     ^^^^^^^^^^^^^^^^\n  File \"/home/runner/work/Selenium-Python-Example/Selenium-Python-Example/.venv/lib/python3.11/site-packages/selenium/webdriver/support/wait.py\", line 101, in until\n    raise TimeoutException(message, screen, stacktrace)\n","steps":[],"attachments":[],"parameters":[],"shouldDisplayMessage":true,"stepsCount":0,"attachmentsCount":0,"hasContent":true}],"attachments":[],"parameters":[],"shouldDisplayMessage":false,"stepsCount":1,"attachmentsCount":0,"hasContent":true}],"testStage":{"description":"Cancel project deletion","status":"broken","statusMessage":"selenium.common.exceptions.TimeoutException: Message: \nStacktrace:\n#0 0x563f779ae5e3 <unknown>\n#1 0x563f776710b7 <unknown>\n#2 0x563f776bef53 <unknown>\n#3 0x563f776bf051 <unknown>\n#4 0x563f777049c4 <unknown>\n#5 0x563f776e5f1d <unknown>\n#6 0x563f77701b3d <unknown>\n#7 0x563f776e5cc3 <unknown>\n#8 0x563f776b10e4 <unknown>\n#9 0x563f776b20ae <unknown>\n#10 0x563f77974ce1 <unknown>\n#11 0x563f77978b7e <unknown>\n#12 0x563f779624b5 <unknown>\n#13 0x563f779797d6 <unknown>\n#14 0x563f77945dbf <unknown>\n#15 0x563f7799c748 <unknown>\n#16 0x563f7799c917 <unknown>\n#17 0x563f779ad773 <unknown>\n#18 0x7f9e5f694ac3 <unknown>","statusTrace":"self = <tests.workspaces_test.TestWorkspaces object at 0x7fcb06dd0d90>\n\n    @pytest.fixture(autouse=True)\n    def setup_method_fixture(self):\n>       login(self.about_page, self.login_page)\n\ntests/workspaces_test.py:24: \n_ _ _ _ _ _ _ _ _ _ _ _ _ _ _ _ _ _ _ _ _ _ _ _ _ _ _ _ _ _ _ _ _ _ _ _ _ _ _ _ \ntests/workspaces_test.py:14: in login\n    about_page.click_login_link()\npages/about_page.py:20: in click_login_link\n    self.click(self.LOGIN_LINK)\npages/base_page.py:38: in click\n    el: WebElement = self.wait.until(\n_ _ _ _ _ _ _ _ _ _ _ _ _ _ _ _ _ _ _ _ _ _ _ _ _ _ _ _ _ _ _ _ _ _ _ _ _ _ _ _ \n\nself = <selenium.webdriver.support.wait.WebDriverWait (session=\"6bc2b8ee44cfbff8e44df15f4247537c\")>\nmethod = <function element_to_be_clickable.<locals>._predicate at 0x7fcb06e427a0>\nmessage = ''\n\n    def until(self, method: Callable[[WebDriver], Union[Literal[False], T]], message: str = \"\") -> T:\n        \"\"\"Calls the method provided with the driver as an argument until the \\\n        return value does not evaluate to ``False``.\n    \n        :param method: callable(WebDriver)\n        :param message: optional message for :exc:`TimeoutException`\n        :returns: the result of the last call to `method`\n        :raises: :exc:`selenium.common.exceptions.TimeoutException` if timeout occurs\n        \"\"\"\n        screen = None\n        stacktrace = None\n    \n        end_time = time.monotonic() + self._timeout\n        while True:\n            try:\n                value = method(self._driver)\n                if value:\n                    return value\n            except self._ignored_exceptions as exc:\n                screen = getattr(exc, \"screen\", None)\n                stacktrace = getattr(exc, \"stacktrace\", None)\n            time.sleep(self._poll)\n            if time.monotonic() > end_time:\n                break\n>       raise TimeoutException(message, screen, stacktrace)\nE       selenium.common.exceptions.TimeoutException: Message: \nE       Stacktrace:\nE       #0 0x563f779ae5e3 <unknown>\nE       #1 0x563f776710b7 <unknown>\nE       #2 0x563f776bef53 <unknown>\nE       #3 0x563f776bf051 <unknown>\nE       #4 0x563f777049c4 <unknown>\nE       #5 0x563f776e5f1d <unknown>\nE       #6 0x563f77701b3d <unknown>\nE       #7 0x563f776e5cc3 <unknown>\nE       #8 0x563f776b10e4 <unknown>\nE       #9 0x563f776b20ae <unknown>\nE       #10 0x563f77974ce1 <unknown>\nE       #11 0x563f77978b7e <unknown>\nE       #12 0x563f779624b5 <unknown>\nE       #13 0x563f779797d6 <unknown>\nE       #14 0x563f77945dbf <unknown>\nE       #15 0x563f7799c748 <unknown>\nE       #16 0x563f7799c917 <unknown>\nE       #17 0x563f779ad773 <unknown>\nE       #18 0x7f9e5f694ac3 <unknown>\n\n.venv/lib/python3.11/site-packages/selenium/webdriver/support/wait.py:101: TimeoutException","steps":[],"attachments":[{"uid":"e922fe956599e258","name":"public ip address","source":"e922fe956599e258.txt","type":"text/plain","size":12},{"uid":"6f1b724233897461","name":"Cookies","source":"6f1b724233897461.json","type":"application/json","size":3357},{"uid":"6c9a216d42ed6dbf","name":"Session Storage","source":"6c9a216d42ed6dbf.json","type":"application/json","size":358},{"uid":"e23a584452a22a7c","name":"Local Storage","source":"e23a584452a22a7c.json","type":"application/json","size":208},{"uid":"f6d77942c4a6a873","name":"Console Logs","source":"f6d77942c4a6a873.json","type":"application/json","size":2},{"uid":"6e970d7cda033fa7","name":"Full Page Screenshot","source":"6e970d7cda033fa7.png","type":"image/png","size":1298608},{"uid":"43e397d1267c4062","name":"URL","source":"43e397d1267c4062.uri","type":"text/uri-list","size":23},{"uid":"119d1dfbff6b58af","name":"Network Logs","source":"119d1dfbff6b58af.json","type":"application/json","size":22972}],"parameters":[],"shouldDisplayMessage":true,"stepsCount":0,"attachmentsCount":8,"hasContent":true},"afterStages":[],"labels":[{"name":"epic","value":"Workspaces"},{"name":"severity","value":"normal"},{"name":"story","value":"WorkSpaces Creation and Editing Functionality"},{"name":"tag","value":"run(order=8)"},{"name":"parentSuite","value":"tests"},{"name":"suite","value":"workspaces_test"},{"name":"subSuite","value":"TestWorkspaces"},{"name":"host","value":"fv-az568-906"},{"name":"thread","value":"2221-MainThread"},{"name":"framework","value":"pytest"},{"name":"language","value":"cpython3"},{"name":"package","value":"tests.workspaces_test"},{"name":"resultFormat","value":"allure2"}],"parameters":[],"links":[],"hidden":false,"retry":false,"extra":{"severity":"normal","retries":[],"categories":[{"name":"Test defects","matchedStatuses":[],"flaky":false}],"tags":["run(order=8)"]},"source":"aa5315e6c62b1c69.json","parameterValues":[]}