{"uid":"aca74b2d763250b","name":"Rename an existing workspace test","fullName":"tests.workspaces_test.TestWorkspaces#test_rename_workspace","historyId":"cd63adf5d11191c5904362b968c9e131","time":{"start":1713316207895,"stop":1713316207895,"duration":0},"description":"Rename an existing workspace","descriptionHtml":"<p>Rename an existing workspace</p>\n","status":"broken","statusMessage":"selenium.common.exceptions.TimeoutException: Message: \nStacktrace:\n#0 0x55a3015be873 <unknown>\n#1 0x55a3012b48c6 <unknown>\n#2 0x55a3012ff618 <unknown>\n#3 0x55a3012ff6d1 <unknown>\n#4 0x55a301342744 <unknown>\n#5 0x55a3013215cd <unknown>\n#6 0x55a30133fc19 <unknown>\n#7 0x55a301321343 <unknown>\n#8 0x55a3012f2593 <unknown>\n#9 0x55a3012f2f5e <unknown>\n#10 0x55a30158285b <unknown>\n#11 0x55a3015867b5 <unknown>\n#12 0x55a301570581 <unknown>\n#13 0x55a301587342 <unknown>\n#14 0x55a30155588f <unknown>\n#15 0x55a3015ad738 <unknown>\n#16 0x55a3015ad90b <unknown>\n#17 0x55a3015bd9c4 <unknown>\n#18 0x7f96cc894ac3 <unknown>","statusTrace":"self = <tests.workspaces_test.TestWorkspaces object at 0x7f376740e480>\n\n    @pytest.fixture(autouse=True)\n    def setup_method_fixture(self):\n>       login(self.about_page, self.login_page)\n\ntests/workspaces_test.py:25: \n_ _ _ _ _ _ _ _ _ _ _ _ _ _ _ _ _ _ _ _ _ _ _ _ _ _ _ _ _ _ _ _ _ _ _ _ _ _ _ _ \ntests/workspaces_test.py:15: in login\n    about_page.click_login_link()\npages/about_page.py:20: in click_login_link\n    self.click(self.LOGIN_LINK)\npages/base_page.py:60: in click\n    el: WebElement = self.wait.until(\n_ _ _ _ _ _ _ _ _ _ _ _ _ _ _ _ _ _ _ _ _ _ _ _ _ _ _ _ _ _ _ _ _ _ _ _ _ _ _ _ \n\nself = <selenium.webdriver.support.wait.WebDriverWait (session=\"b65b805637915ea1e6ef7f0756f9d703\")>\nmethod = <function element_to_be_clickable.<locals>._predicate at 0x7f3767263100>\nmessage = ''\n\n    def until(self, method: Callable[[D], Union[Literal[False], T]], message: str = \"\") -> T:\n        \"\"\"Calls the method provided with the driver as an argument until the \\\n        return value does not evaluate to ``False``.\n    \n        :param method: callable(WebDriver)\n        :param message: optional message for :exc:`TimeoutException`\n        :returns: the result of the last call to `method`\n        :raises: :exc:`selenium.common.exceptions.TimeoutException` if timeout occurs\n        \"\"\"\n        screen = None\n        stacktrace = None\n    \n        end_time = time.monotonic() + self._timeout\n        while True:\n            try:\n                value = method(self._driver)\n                if value:\n                    return value\n            except self._ignored_exceptions as exc:\n                screen = getattr(exc, \"screen\", None)\n                stacktrace = getattr(exc, \"stacktrace\", None)\n            time.sleep(self._poll)\n            if time.monotonic() > end_time:\n                break\n>       raise TimeoutException(message, screen, stacktrace)\nE       selenium.common.exceptions.TimeoutException: Message: \nE       Stacktrace:\nE       #0 0x55a3015be873 <unknown>\nE       #1 0x55a3012b48c6 <unknown>\nE       #2 0x55a3012ff618 <unknown>\nE       #3 0x55a3012ff6d1 <unknown>\nE       #4 0x55a301342744 <unknown>\nE       #5 0x55a3013215cd <unknown>\nE       #6 0x55a30133fc19 <unknown>\nE       #7 0x55a301321343 <unknown>\nE       #8 0x55a3012f2593 <unknown>\nE       #9 0x55a3012f2f5e <unknown>\nE       #10 0x55a30158285b <unknown>\nE       #11 0x55a3015867b5 <unknown>\nE       #12 0x55a301570581 <unknown>\nE       #13 0x55a301587342 <unknown>\nE       #14 0x55a30155588f <unknown>\nE       #15 0x55a3015ad738 <unknown>\nE       #16 0x55a3015ad90b <unknown>\nE       #17 0x55a3015bd9c4 <unknown>\nE       #18 0x7f96cc894ac3 <unknown>\n\n.venv/lib/python3.12/site-packages/selenium/webdriver/support/wait.py:105: TimeoutException","flaky":false,"newFailed":false,"newBroken":false,"newPassed":false,"retriesCount":0,"retriesStatusChange":false,"beforeStages":[{"name":"base_url","time":{"start":1713316193331,"stop":1713316193331,"duration":0},"status":"passed","steps":[],"attachments":[],"parameters":[],"stepsCount":0,"attachmentsCount":0,"hasContent":false,"attachmentStep":false,"shouldDisplayMessage":false},{"name":"session_request","time":{"start":1713316193331,"stop":1713316193332,"duration":1},"status":"passed","steps":[],"attachments":[],"parameters":[],"stepsCount":0,"attachmentsCount":0,"hasContent":false,"attachmentStep":false,"shouldDisplayMessage":false},{"name":"_verify_url","time":{"start":1713316193331,"stop":1713316193331,"duration":0},"status":"passed","steps":[],"attachments":[],"parameters":[],"stepsCount":0,"attachmentsCount":0,"hasContent":false,"attachmentStep":false,"shouldDisplayMessage":false},{"name":"data","time":{"start":1713316193332,"stop":1713316193332,"duration":0},"status":"passed","steps":[],"attachments":[],"parameters":[],"stepsCount":0,"attachmentsCount":0,"hasContent":false,"attachmentStep":false,"shouldDisplayMessage":false},{"name":"setup_method_fixture","time":{"start":1713316209524,"stop":1713316219801,"duration":10277},"status":"broken","statusMessage":"selenium.common.exceptions.TimeoutException: Message: \nStacktrace:\n#0 0x55a3015be873 <unknown>\n#1 0x55a3012b48c6 <unknown>\n#2 0x55a3012ff618 <unknown>\n#3 0x55a3012ff6d1 <unknown>\n#4 0x55a301342744 <unknown>\n#5 0x55a3013215cd <unknown>\n#6 0x55a30133fc19 <unknown>\n#7 0x55a301321343 <unknown>\n#8 0x55a3012f2593 <unknown>\n#9 0x55a3012f2f5e <unknown>\n#10 0x55a30158285b <unknown>\n#11 0x55a3015867b5 <unknown>\n#12 0x55a301570581 <unknown>\n#13 0x55a301587342 <unknown>\n#14 0x55a30155588f <unknown>\n#15 0x55a3015ad738 <unknown>\n#16 0x55a3015ad90b <unknown>\n#17 0x55a3015bd9c4 <unknown>\n#18 0x7f96cc894ac3 <unknown>\n\n","statusTrace":"  File \"/home/runner/work/Selenium-Python-Example/Selenium-Python-Example/.venv/lib/python3.12/site-packages/pluggy/_callers.py\", line 166, in _multicall\n    teardown.throw(outcome._exception)\n  File \"/home/runner/work/Selenium-Python-Example/Selenium-Python-Example/.venv/lib/python3.12/site-packages/_pytest/setuponly.py\", line 36, in pytest_fixture_setup\n    return (yield)\n            ^^^^^\n  File \"/home/runner/work/Selenium-Python-Example/Selenium-Python-Example/.venv/lib/python3.12/site-packages/pluggy/_callers.py\", line 102, in _multicall\n    res = hook_impl.function(*args)\n          ^^^^^^^^^^^^^^^^^^^^^^^^^\n  File \"/home/runner/work/Selenium-Python-Example/Selenium-Python-Example/.venv/lib/python3.12/site-packages/_pytest/fixtures.py\", line 1132, in pytest_fixture_setup\n    result = call_fixture_func(fixturefunc, request, kwargs)\n             ^^^^^^^^^^^^^^^^^^^^^^^^^^^^^^^^^^^^^^^^^^^^^^^\n  File \"/home/runner/work/Selenium-Python-Example/Selenium-Python-Example/.venv/lib/python3.12/site-packages/_pytest/fixtures.py\", line 913, in call_fixture_func\n    fixture_result = fixturefunc(**kwargs)\n                     ^^^^^^^^^^^^^^^^^^^^^\n  File \"/home/runner/work/Selenium-Python-Example/Selenium-Python-Example/tests/workspaces_test.py\", line 25, in setup_method_fixture\n    login(self.about_page, self.login_page)\n  File \"/home/runner/work/Selenium-Python-Example/Selenium-Python-Example/tests/workspaces_test.py\", line 15, in login\n    about_page.click_login_link()\n  File \"/home/runner/work/Selenium-Python-Example/Selenium-Python-Example/.venv/lib/python3.12/site-packages/allure_commons/_allure.py\", line 192, in impl\n    return func(*a, **kw)\n           ^^^^^^^^^^^^^^\n  File \"/home/runner/work/Selenium-Python-Example/Selenium-Python-Example/pages/about_page.py\", line 20, in click_login_link\n    self.click(self.LOGIN_LINK)\n  File \"/home/runner/work/Selenium-Python-Example/Selenium-Python-Example/pages/base_page.py\", line 60, in click\n    el: WebElement = self.wait.until(\n                     ^^^^^^^^^^^^^^^^\n  File \"/home/runner/work/Selenium-Python-Example/Selenium-Python-Example/.venv/lib/python3.12/site-packages/selenium/webdriver/support/wait.py\", line 105, in until\n    raise TimeoutException(message, screen, stacktrace)\n","steps":[{"name":"Click Login link","time":{"start":1713316209524,"stop":1713316219800,"duration":10276},"status":"broken","statusMessage":"selenium.common.exceptions.TimeoutException: Message: \nStacktrace:\n#0 0x55a3015be873 <unknown>\n#1 0x55a3012b48c6 <unknown>\n#2 0x55a3012ff618 <unknown>\n#3 0x55a3012ff6d1 <unknown>\n#4 0x55a301342744 <unknown>\n#5 0x55a3013215cd <unknown>\n#6 0x55a30133fc19 <unknown>\n#7 0x55a301321343 <unknown>\n#8 0x55a3012f2593 <unknown>\n#9 0x55a3012f2f5e <unknown>\n#10 0x55a30158285b <unknown>\n#11 0x55a3015867b5 <unknown>\n#12 0x55a301570581 <unknown>\n#13 0x55a301587342 <unknown>\n#14 0x55a30155588f <unknown>\n#15 0x55a3015ad738 <unknown>\n#16 0x55a3015ad90b <unknown>\n#17 0x55a3015bd9c4 <unknown>\n#18 0x7f96cc894ac3 <unknown>\n\n","statusTrace":"  File \"/home/runner/work/Selenium-Python-Example/Selenium-Python-Example/.venv/lib/python3.12/site-packages/allure_commons/_allure.py\", line 192, in impl\n    return func(*a, **kw)\n           ^^^^^^^^^^^^^^\n  File \"/home/runner/work/Selenium-Python-Example/Selenium-Python-Example/pages/about_page.py\", line 20, in click_login_link\n    self.click(self.LOGIN_LINK)\n  File \"/home/runner/work/Selenium-Python-Example/Selenium-Python-Example/pages/base_page.py\", line 60, in click\n    el: WebElement = self.wait.until(\n                     ^^^^^^^^^^^^^^^^\n  File \"/home/runner/work/Selenium-Python-Example/Selenium-Python-Example/.venv/lib/python3.12/site-packages/selenium/webdriver/support/wait.py\", line 105, in until\n    raise TimeoutException(message, screen, stacktrace)\n","steps":[],"attachments":[],"parameters":[],"stepsCount":0,"attachmentsCount":0,"hasContent":true,"attachmentStep":false,"shouldDisplayMessage":true}],"attachments":[],"parameters":[],"stepsCount":1,"attachmentsCount":0,"hasContent":true,"attachmentStep":false,"shouldDisplayMessage":false}],"testStage":{"description":"Rename an existing workspace","status":"broken","statusMessage":"selenium.common.exceptions.TimeoutException: Message: \nStacktrace:\n#0 0x55a3015be873 <unknown>\n#1 0x55a3012b48c6 <unknown>\n#2 0x55a3012ff618 <unknown>\n#3 0x55a3012ff6d1 <unknown>\n#4 0x55a301342744 <unknown>\n#5 0x55a3013215cd <unknown>\n#6 0x55a30133fc19 <unknown>\n#7 0x55a301321343 <unknown>\n#8 0x55a3012f2593 <unknown>\n#9 0x55a3012f2f5e <unknown>\n#10 0x55a30158285b <unknown>\n#11 0x55a3015867b5 <unknown>\n#12 0x55a301570581 <unknown>\n#13 0x55a301587342 <unknown>\n#14 0x55a30155588f <unknown>\n#15 0x55a3015ad738 <unknown>\n#16 0x55a3015ad90b <unknown>\n#17 0x55a3015bd9c4 <unknown>\n#18 0x7f96cc894ac3 <unknown>","statusTrace":"self = <tests.workspaces_test.TestWorkspaces object at 0x7f376740e480>\n\n    @pytest.fixture(autouse=True)\n    def setup_method_fixture(self):\n>       login(self.about_page, self.login_page)\n\ntests/workspaces_test.py:25: \n_ _ _ _ _ _ _ _ _ _ _ _ _ _ _ _ _ _ _ _ _ _ _ _ _ _ _ _ _ _ _ _ _ _ _ _ _ _ _ _ \ntests/workspaces_test.py:15: in login\n    about_page.click_login_link()\npages/about_page.py:20: in click_login_link\n    self.click(self.LOGIN_LINK)\npages/base_page.py:60: in click\n    el: WebElement = self.wait.until(\n_ _ _ _ _ _ _ _ _ _ _ _ _ _ _ _ _ _ _ _ _ _ _ _ _ _ _ _ _ _ _ _ _ _ _ _ _ _ _ _ \n\nself = <selenium.webdriver.support.wait.WebDriverWait (session=\"b65b805637915ea1e6ef7f0756f9d703\")>\nmethod = <function element_to_be_clickable.<locals>._predicate at 0x7f3767263100>\nmessage = ''\n\n    def until(self, method: Callable[[D], Union[Literal[False], T]], message: str = \"\") -> T:\n        \"\"\"Calls the method provided with the driver as an argument until the \\\n        return value does not evaluate to ``False``.\n    \n        :param method: callable(WebDriver)\n        :param message: optional message for :exc:`TimeoutException`\n        :returns: the result of the last call to `method`\n        :raises: :exc:`selenium.common.exceptions.TimeoutException` if timeout occurs\n        \"\"\"\n        screen = None\n        stacktrace = None\n    \n        end_time = time.monotonic() + self._timeout\n        while True:\n            try:\n                value = method(self._driver)\n                if value:\n                    return value\n            except self._ignored_exceptions as exc:\n                screen = getattr(exc, \"screen\", None)\n                stacktrace = getattr(exc, \"stacktrace\", None)\n            time.sleep(self._poll)\n            if time.monotonic() > end_time:\n                break\n>       raise TimeoutException(message, screen, stacktrace)\nE       selenium.common.exceptions.TimeoutException: Message: \nE       Stacktrace:\nE       #0 0x55a3015be873 <unknown>\nE       #1 0x55a3012b48c6 <unknown>\nE       #2 0x55a3012ff618 <unknown>\nE       #3 0x55a3012ff6d1 <unknown>\nE       #4 0x55a301342744 <unknown>\nE       #5 0x55a3013215cd <unknown>\nE       #6 0x55a30133fc19 <unknown>\nE       #7 0x55a301321343 <unknown>\nE       #8 0x55a3012f2593 <unknown>\nE       #9 0x55a3012f2f5e <unknown>\nE       #10 0x55a30158285b <unknown>\nE       #11 0x55a3015867b5 <unknown>\nE       #12 0x55a301570581 <unknown>\nE       #13 0x55a301587342 <unknown>\nE       #14 0x55a30155588f <unknown>\nE       #15 0x55a3015ad738 <unknown>\nE       #16 0x55a3015ad90b <unknown>\nE       #17 0x55a3015bd9c4 <unknown>\nE       #18 0x7f96cc894ac3 <unknown>\n\n.venv/lib/python3.12/site-packages/selenium/webdriver/support/wait.py:105: TimeoutException","steps":[{"name":"public ip address","time":{"start":1713316219815,"stop":1713316219877,"duration":62},"status":"passed","steps":[],"attachments":[{"uid":"67ea3848b049506c","name":"HTTP logs of http://checkip.amazonaws.com/","source":"67ea3848b049506c.txt","type":"text/plain","size":264}],"parameters":[],"stepsCount":0,"attachmentsCount":1,"hasContent":true,"attachmentStep":false,"shouldDisplayMessage":false}],"attachments":[{"uid":"ecbbffc2aacde97e","name":"Cookies","source":"ecbbffc2aacde97e.json","type":"application/json","size":2719},{"uid":"12181c3f4794b7fb","name":"Session Storage","source":"12181c3f4794b7fb.json","type":"application/json","size":2},{"uid":"7e0ba7e7a8427bd7","name":"Local Storage","source":"7e0ba7e7a8427bd7.json","type":"application/json","size":350},{"uid":"890ef011fa942154","name":"Console Logs","source":"890ef011fa942154.json","type":"application/json","size":7970},{"uid":"e6643d10ae9dc680","name":"Full Page Screenshot","source":"e6643d10ae9dc680.png","type":"image/png","size":6240362},{"uid":"a40107a02719b2ec","name":"URL","source":"a40107a02719b2ec.uri","type":"text/uri-list","size":23},{"uid":"11952315157ec79d","name":"Network Logs","source":"11952315157ec79d.json","type":"application/json","size":17172}],"parameters":[],"stepsCount":1,"attachmentsCount":8,"hasContent":true,"attachmentStep":false,"shouldDisplayMessage":true},"afterStages":[{"name":"session_request::0","time":{"start":1713316469943,"stop":1713316469943,"duration":0},"status":"passed","steps":[],"attachments":[],"parameters":[],"stepsCount":0,"attachmentsCount":0,"hasContent":false,"attachmentStep":false,"shouldDisplayMessage":false}],"labels":[{"name":"epic","value":"Workspaces"},{"name":"story","value":"WorkSpaces Creation and Editing Functionality"},{"name":"severity","value":"normal"},{"name":"tag","value":"run(order=2)"},{"name":"parentSuite","value":"tests"},{"name":"suite","value":"workspaces_test"},{"name":"subSuite","value":"TestWorkspaces"},{"name":"host","value":"fv-az1108-2"},{"name":"thread","value":"2425-MainThread"},{"name":"framework","value":"pytest"},{"name":"language","value":"cpython3"},{"name":"package","value":"tests.workspaces_test"},{"name":"resultFormat","value":"allure2"}],"parameters":[],"links":[],"hidden":false,"retry":false,"extra":{"severity":"normal","retries":[],"categories":[{"name":"Test defects","matchedStatuses":[],"flaky":false}],"tags":["run(order=2)"]},"source":"aca74b2d763250b.json","parameterValues":[]}