{"uid":"2195a167911ade8e","name":"Forgot Password with valid email test","fullName":"tests.test_forgot_password.TestForgotPassword#test_valid_email","historyId":"7ff7e178fd4f5b4b8deb31c8fc69c6a9","time":{"start":1685655147405,"stop":1685655157611,"duration":10206},"description":"Forgot password with a valid email address","descriptionHtml":"<p>Forgot password with a valid email address</p>\n","status":"broken","statusMessage":"selenium.common.exceptions.TimeoutException: Message: \nStacktrace:\n#0 0x561104fcf133 <unknown>\n#1 0x561104d03966 <unknown>\n#2 0x561104d400dc <unknown>\n#3 0x561104d40211 <unknown>\n#4 0x561104d7a6c4 <unknown>\n#5 0x561104d5fbfd <unknown>\n#6 0x561104d781c7 <unknown>\n#7 0x561104d5f9a3 <unknown>\n#8 0x561104d3446a <unknown>\n#9 0x561104d3555e <unknown>\n#10 0x561104f8ecae <unknown>\n#11 0x561104f928fe <unknown>\n#12 0x561104f9bf20 <unknown>\n#13 0x561104f93923 <unknown>\n#14 0x561104f66c0e <unknown>\n#15 0x561104fb6b08 <unknown>\n#16 0x561104fb6c97 <unknown>\n#17 0x561104fc7113 <unknown>\n#18 0x7f543755eb43 <unknown>","statusTrace":"self = <tests.test_forgot_password.TestForgotPassword object at 0x7f419edc2020>\njson_data = {'forgot_password': {'error_message': \"We can't find a user with that e-mail address.\", 'success_message': 'A reset li...you page', 'name': 'test', 'new_name': 'another test', 'no_project_found_msg': 'No project matches the criteria', ...}}\nrequest = <FixtureRequest for <Function test_valid_email>>\n\n    @allure.description(\"Forgot password with a valid email address\")\n    @allure.title(\"Forgot Password with valid email test\")\n    def test_valid_email(self, json_data: dict, request: FixtureRequest):\n        email = request.config.getini(\"username\")\n>       self.about_page.click_login_link()\n\ntests/test_forgot_password.py:19: \n_ _ _ _ _ _ _ _ _ _ _ _ _ _ _ _ _ _ _ _ _ _ _ _ _ _ _ _ _ _ _ _ _ _ _ _ _ _ _ _ \npages/about_page.py:19: in click_login_link\n    self.click(self.LOGIN_LINK)\npages/base_page.py:23: in click\n    el: WebElement = self.wait.until(expected_conditions.element_to_be_clickable(locator))\n_ _ _ _ _ _ _ _ _ _ _ _ _ _ _ _ _ _ _ _ _ _ _ _ _ _ _ _ _ _ _ _ _ _ _ _ _ _ _ _ \n\nself = <selenium.webdriver.support.wait.WebDriverWait (session=\"d19f8dcd78d8b70e53e21efe3824617f\")>\nmethod = <function element_to_be_clickable.<locals>._predicate at 0x7f419ebc0ca0>\nmessage = ''\n\n    def until(self, method, message: str = \"\"):\n        \"\"\"Calls the method provided with the driver as an argument until the \\\n        return value does not evaluate to ``False``.\n    \n        :param method: callable(WebDriver)\n        :param message: optional message for :exc:`TimeoutException`\n        :returns: the result of the last call to `method`\n        :raises: :exc:`selenium.common.exceptions.TimeoutException` if timeout occurs\n        \"\"\"\n        screen = None\n        stacktrace = None\n    \n        end_time = time.monotonic() + self._timeout\n        while True:\n            try:\n                value = method(self._driver)\n                if value:\n                    return value\n            except self._ignored_exceptions as exc:\n                screen = getattr(exc, \"screen\", None)\n                stacktrace = getattr(exc, \"stacktrace\", None)\n            time.sleep(self._poll)\n            if time.monotonic() > end_time:\n                break\n>       raise TimeoutException(message, screen, stacktrace)\nE       selenium.common.exceptions.TimeoutException: Message: \nE       Stacktrace:\nE       #0 0x561104fcf133 <unknown>\nE       #1 0x561104d03966 <unknown>\nE       #2 0x561104d400dc <unknown>\nE       #3 0x561104d40211 <unknown>\nE       #4 0x561104d7a6c4 <unknown>\nE       #5 0x561104d5fbfd <unknown>\nE       #6 0x561104d781c7 <unknown>\nE       #7 0x561104d5f9a3 <unknown>\nE       #8 0x561104d3446a <unknown>\nE       #9 0x561104d3555e <unknown>\nE       #10 0x561104f8ecae <unknown>\nE       #11 0x561104f928fe <unknown>\nE       #12 0x561104f9bf20 <unknown>\nE       #13 0x561104f93923 <unknown>\nE       #14 0x561104f66c0e <unknown>\nE       #15 0x561104fb6b08 <unknown>\nE       #16 0x561104fb6c97 <unknown>\nE       #17 0x561104fc7113 <unknown>\nE       #18 0x7f543755eb43 <unknown>\n\n/opt/hostedtoolcache/Python/3.10.11/x64/lib/python3.10/site-packages/selenium/webdriver/support/wait.py:95: TimeoutException","flaky":false,"newFailed":false,"newBroken":false,"newPassed":false,"retriesCount":0,"retriesStatusChange":false,"beforeStages":[{"name":"json_data","time":{"start":1685654957333,"stop":1685654957333,"duration":0},"status":"passed","steps":[],"attachments":[],"parameters":[],"stepsCount":0,"attachmentsCount":0,"shouldDisplayMessage":false,"hasContent":false}],"testStage":{"description":"Forgot password with a valid email address","status":"broken","statusMessage":"selenium.common.exceptions.TimeoutException: Message: \nStacktrace:\n#0 0x561104fcf133 <unknown>\n#1 0x561104d03966 <unknown>\n#2 0x561104d400dc <unknown>\n#3 0x561104d40211 <unknown>\n#4 0x561104d7a6c4 <unknown>\n#5 0x561104d5fbfd <unknown>\n#6 0x561104d781c7 <unknown>\n#7 0x561104d5f9a3 <unknown>\n#8 0x561104d3446a <unknown>\n#9 0x561104d3555e <unknown>\n#10 0x561104f8ecae <unknown>\n#11 0x561104f928fe <unknown>\n#12 0x561104f9bf20 <unknown>\n#13 0x561104f93923 <unknown>\n#14 0x561104f66c0e <unknown>\n#15 0x561104fb6b08 <unknown>\n#16 0x561104fb6c97 <unknown>\n#17 0x561104fc7113 <unknown>\n#18 0x7f543755eb43 <unknown>","statusTrace":"self = <tests.test_forgot_password.TestForgotPassword object at 0x7f419edc2020>\njson_data = {'forgot_password': {'error_message': \"We can't find a user with that e-mail address.\", 'success_message': 'A reset li...you page', 'name': 'test', 'new_name': 'another test', 'no_project_found_msg': 'No project matches the criteria', ...}}\nrequest = <FixtureRequest for <Function test_valid_email>>\n\n    @allure.description(\"Forgot password with a valid email address\")\n    @allure.title(\"Forgot Password with valid email test\")\n    def test_valid_email(self, json_data: dict, request: FixtureRequest):\n        email = request.config.getini(\"username\")\n>       self.about_page.click_login_link()\n\ntests/test_forgot_password.py:19: \n_ _ _ _ _ _ _ _ _ _ _ _ _ _ _ _ _ _ _ _ _ _ _ _ _ _ _ _ _ _ _ _ _ _ _ _ _ _ _ _ \npages/about_page.py:19: in click_login_link\n    self.click(self.LOGIN_LINK)\npages/base_page.py:23: in click\n    el: WebElement = self.wait.until(expected_conditions.element_to_be_clickable(locator))\n_ _ _ _ _ _ _ _ _ _ _ _ _ _ _ _ _ _ _ _ _ _ _ _ _ _ _ _ _ _ _ _ _ _ _ _ _ _ _ _ \n\nself = <selenium.webdriver.support.wait.WebDriverWait (session=\"d19f8dcd78d8b70e53e21efe3824617f\")>\nmethod = <function element_to_be_clickable.<locals>._predicate at 0x7f419ebc0ca0>\nmessage = ''\n\n    def until(self, method, message: str = \"\"):\n        \"\"\"Calls the method provided with the driver as an argument until the \\\n        return value does not evaluate to ``False``.\n    \n        :param method: callable(WebDriver)\n        :param message: optional message for :exc:`TimeoutException`\n        :returns: the result of the last call to `method`\n        :raises: :exc:`selenium.common.exceptions.TimeoutException` if timeout occurs\n        \"\"\"\n        screen = None\n        stacktrace = None\n    \n        end_time = time.monotonic() + self._timeout\n        while True:\n            try:\n                value = method(self._driver)\n                if value:\n                    return value\n            except self._ignored_exceptions as exc:\n                screen = getattr(exc, \"screen\", None)\n                stacktrace = getattr(exc, \"stacktrace\", None)\n            time.sleep(self._poll)\n            if time.monotonic() > end_time:\n                break\n>       raise TimeoutException(message, screen, stacktrace)\nE       selenium.common.exceptions.TimeoutException: Message: \nE       Stacktrace:\nE       #0 0x561104fcf133 <unknown>\nE       #1 0x561104d03966 <unknown>\nE       #2 0x561104d400dc <unknown>\nE       #3 0x561104d40211 <unknown>\nE       #4 0x561104d7a6c4 <unknown>\nE       #5 0x561104d5fbfd <unknown>\nE       #6 0x561104d781c7 <unknown>\nE       #7 0x561104d5f9a3 <unknown>\nE       #8 0x561104d3446a <unknown>\nE       #9 0x561104d3555e <unknown>\nE       #10 0x561104f8ecae <unknown>\nE       #11 0x561104f928fe <unknown>\nE       #12 0x561104f9bf20 <unknown>\nE       #13 0x561104f93923 <unknown>\nE       #14 0x561104f66c0e <unknown>\nE       #15 0x561104fb6b08 <unknown>\nE       #16 0x561104fb6c97 <unknown>\nE       #17 0x561104fc7113 <unknown>\nE       #18 0x7f543755eb43 <unknown>\n\n/opt/hostedtoolcache/Python/3.10.11/x64/lib/python3.10/site-packages/selenium/webdriver/support/wait.py:95: TimeoutException","steps":[{"name":"Click Login link","time":{"start":1685655147405,"stop":1685655157611,"duration":10206},"status":"broken","statusMessage":"selenium.common.exceptions.TimeoutException: Message: \nStacktrace:\n#0 0x561104fcf133 <unknown>\n#1 0x561104d03966 <unknown>\n#2 0x561104d400dc <unknown>\n#3 0x561104d40211 <unknown>\n#4 0x561104d7a6c4 <unknown>\n#5 0x561104d5fbfd <unknown>\n#6 0x561104d781c7 <unknown>\n#7 0x561104d5f9a3 <unknown>\n#8 0x561104d3446a <unknown>\n#9 0x561104d3555e <unknown>\n#10 0x561104f8ecae <unknown>\n#11 0x561104f928fe <unknown>\n#12 0x561104f9bf20 <unknown>\n#13 0x561104f93923 <unknown>\n#14 0x561104f66c0e <unknown>\n#15 0x561104fb6b08 <unknown>\n#16 0x561104fb6c97 <unknown>\n#17 0x561104fc7113 <unknown>\n#18 0x7f543755eb43 <unknown>\n\n","statusTrace":"  File \"/opt/hostedtoolcache/Python/3.10.11/x64/lib/python3.10/site-packages/allure_commons/_allure.py\", line 192, in impl\n    return func(*a, **kw)\n  File \"/home/runner/work/Selenium-Python-Example/Selenium-Python-Example/pages/about_page.py\", line 19, in click_login_link\n    self.click(self.LOGIN_LINK)\n  File \"/home/runner/work/Selenium-Python-Example/Selenium-Python-Example/pages/base_page.py\", line 23, in click\n    el: WebElement = self.wait.until(expected_conditions.element_to_be_clickable(locator))\n  File \"/opt/hostedtoolcache/Python/3.10.11/x64/lib/python3.10/site-packages/selenium/webdriver/support/wait.py\", line 95, in until\n    raise TimeoutException(message, screen, stacktrace)\n","steps":[],"attachments":[],"parameters":[],"stepsCount":0,"attachmentsCount":0,"shouldDisplayMessage":true,"hasContent":true}],"attachments":[{"uid":"8255a55aa0b36e34","name":"Full Page Screenshot","source":"8255a55aa0b36e34.png","type":"image/png","size":2749437},{"uid":"b962a54c7744b69e","name":"URL","source":"b962a54c7744b69e.uri","type":"text/uri-list","size":23},{"uid":"124f07a022d030b2","name":"public ip address","source":"124f07a022d030b2.txt","type":"text/plain","size":13},{"uid":"bd3ddb326ec5c2d3","name":"Cookies","source":"bd3ddb326ec5c2d3.json","type":"application/json","size":2734},{"uid":"a622d7ec7777af0c","name":"Session Storage","source":"a622d7ec7777af0c.json","type":"application/json","size":2},{"uid":"e508dcfe22d993f7","name":"Local Storage","source":"e508dcfe22d993f7.json","type":"application/json","size":2},{"uid":"fcf084b4a3887ccc","name":"Console Logs","source":"fcf084b4a3887ccc.json","type":"application/json","size":2},{"uid":"6cc96a4f0dd3ffa0","name":"Network Logs","source":"6cc96a4f0dd3ffa0.json","type":"application/json","size":47506}],"parameters":[],"stepsCount":1,"attachmentsCount":8,"shouldDisplayMessage":true,"hasContent":true},"afterStages":[],"labels":[{"name":"story","value":"Forgot Password Feature's Functionality"},{"name":"epic","value":"Security"},{"name":"severity","value":"critical"},{"name":"tag","value":"security"},{"name":"parentSuite","value":"tests"},{"name":"suite","value":"test_forgot_password"},{"name":"subSuite","value":"TestForgotPassword"},{"name":"host","value":"fv-az583-921"},{"name":"thread","value":"2242-MainThread"},{"name":"framework","value":"pytest"},{"name":"language","value":"cpython3"},{"name":"package","value":"tests.test_forgot_password"},{"name":"resultFormat","value":"allure2"}],"parameters":[],"links":[],"hidden":false,"retry":false,"extra":{"severity":"critical","retries":[],"categories":[{"name":"Test defects","matchedStatuses":[],"flaky":false}],"tags":["security"]},"source":"2195a167911ade8e.json","parameterValues":[]}