{"uid":"aba90d1f5c82873","name":"Delete existing workspace","fullName":"tests.workspaces_test.TestWorkspaces#test_delete_workspace","historyId":"085ae9bea926da8512f07258dfb5df8c","time":{"start":1730338820562,"stop":1730338820562,"duration":0},"description":"Delete an existing workspace","descriptionHtml":"<p>Delete an existing workspace</p>\n","status":"broken","statusMessage":"selenium.common.exceptions.TimeoutException: Message: \nStacktrace:\n#0 0x55ba947940aa <unknown>\n#1 0x55ba942ab1a0 <unknown>\n#2 0x55ba942f7d06 <unknown>\n#3 0x55ba942f7fa1 <unknown>\n#4 0x55ba9433d344 <unknown>\n#5 0x55ba9431bdad <unknown>\n#6 0x55ba9433a866 <unknown>\n#7 0x55ba9431bb23 <unknown>\n#8 0x55ba942ea990 <unknown>\n#9 0x55ba942eb96e <unknown>\n#10 0x55ba9476016b <unknown>\n#11 0x55ba94763f68 <unknown>\n#12 0x55ba9474d64c <unknown>\n#13 0x55ba94764ae7 <unknown>\n#14 0x55ba947324af <unknown>\n#15 0x55ba947824f8 <unknown>\n#16 0x55ba947826c0 <unknown>\n#17 0x55ba94792f26 <unknown>\n#18 0x7fbe79c94ac3 <unknown>","statusTrace":"self = <tests.workspaces_test.TestWorkspaces object at 0x7f4e78362060>\n\n    @pytest.fixture(autouse=True)\n    def setup_method_fixture(self):\n>       login(self.about_page, self.login_page)\n\ntests/workspaces_test.py:25: \n_ _ _ _ _ _ _ _ _ _ _ _ _ _ _ _ _ _ _ _ _ _ _ _ _ _ _ _ _ _ _ _ _ _ _ _ _ _ _ _ \ntests/workspaces_test.py:15: in login\n    about_page.click_login_link()\npages/about_page.py:20: in click_login_link\n    self.click(self.LOGIN_LINK)\npages/base_page.py:60: in click\n    el: WebElement = self.wait.until(\n_ _ _ _ _ _ _ _ _ _ _ _ _ _ _ _ _ _ _ _ _ _ _ _ _ _ _ _ _ _ _ _ _ _ _ _ _ _ _ _ \n\nself = <selenium.webdriver.support.wait.WebDriverWait (session=\"4099e7dd6ff35aceccca3d85b74f15b3\")>\nmethod = <function element_to_be_clickable.<locals>._predicate at 0x7f4e77fa96c0>\nmessage = ''\n\n    def until(self, method: Callable[[D], Union[Literal[False], T]], message: str = \"\") -> T:\n        \"\"\"Calls the method provided with the driver as an argument until the \\\n        return value does not evaluate to ``False``.\n    \n        :param method: callable(WebDriver)\n        :param message: optional message for :exc:`TimeoutException`\n        :returns: the result of the last call to `method`\n        :raises: :exc:`selenium.common.exceptions.TimeoutException` if timeout occurs\n        \"\"\"\n        screen = None\n        stacktrace = None\n    \n        end_time = time.monotonic() + self._timeout\n        while True:\n            try:\n                value = method(self._driver)\n                if value:\n                    return value\n            except self._ignored_exceptions as exc:\n                screen = getattr(exc, \"screen\", None)\n                stacktrace = getattr(exc, \"stacktrace\", None)\n            time.sleep(self._poll)\n            if time.monotonic() > end_time:\n                break\n>       raise TimeoutException(message, screen, stacktrace)\nE       selenium.common.exceptions.TimeoutException: Message: \nE       Stacktrace:\nE       #0 0x55ba947940aa <unknown>\nE       #1 0x55ba942ab1a0 <unknown>\nE       #2 0x55ba942f7d06 <unknown>\nE       #3 0x55ba942f7fa1 <unknown>\nE       #4 0x55ba9433d344 <unknown>\nE       #5 0x55ba9431bdad <unknown>\nE       #6 0x55ba9433a866 <unknown>\nE       #7 0x55ba9431bb23 <unknown>\nE       #8 0x55ba942ea990 <unknown>\nE       #9 0x55ba942eb96e <unknown>\nE       #10 0x55ba9476016b <unknown>\nE       #11 0x55ba94763f68 <unknown>\nE       #12 0x55ba9474d64c <unknown>\nE       #13 0x55ba94764ae7 <unknown>\nE       #14 0x55ba947324af <unknown>\nE       #15 0x55ba947824f8 <unknown>\nE       #16 0x55ba947826c0 <unknown>\nE       #17 0x55ba94792f26 <unknown>\nE       #18 0x7fbe79c94ac3 <unknown>\n\n.venv/lib/python3.12/site-packages/selenium/webdriver/support/wait.py:105: TimeoutException","flaky":false,"newFailed":false,"newBroken":false,"newPassed":false,"retriesCount":0,"retriesStatusChange":false,"beforeStages":[{"name":"_verify_url","time":{"start":1730338762445,"stop":1730338762445,"duration":0},"status":"passed","steps":[],"attachments":[],"parameters":[],"shouldDisplayMessage":false,"stepsCount":0,"attachmentsCount":0,"hasContent":false,"attachmentStep":false},{"name":"base_url","time":{"start":1730338762445,"stop":1730338762445,"duration":0},"status":"passed","steps":[],"attachments":[],"parameters":[],"shouldDisplayMessage":false,"stepsCount":0,"attachmentsCount":0,"hasContent":false,"attachmentStep":false},{"name":"session_request","time":{"start":1730338762446,"stop":1730338762446,"duration":0},"status":"passed","steps":[],"attachments":[],"parameters":[],"shouldDisplayMessage":false,"stepsCount":0,"attachmentsCount":0,"hasContent":false,"attachmentStep":false},{"name":"setup_method_fixture","time":{"start":1730338822903,"stop":1730338833373,"duration":10470},"status":"broken","statusMessage":"selenium.common.exceptions.TimeoutException: Message: \nStacktrace:\n#0 0x55ba947940aa <unknown>\n#1 0x55ba942ab1a0 <unknown>\n#2 0x55ba942f7d06 <unknown>\n#3 0x55ba942f7fa1 <unknown>\n#4 0x55ba9433d344 <unknown>\n#5 0x55ba9431bdad <unknown>\n#6 0x55ba9433a866 <unknown>\n#7 0x55ba9431bb23 <unknown>\n#8 0x55ba942ea990 <unknown>\n#9 0x55ba942eb96e <unknown>\n#10 0x55ba9476016b <unknown>\n#11 0x55ba94763f68 <unknown>\n#12 0x55ba9474d64c <unknown>\n#13 0x55ba94764ae7 <unknown>\n#14 0x55ba947324af <unknown>\n#15 0x55ba947824f8 <unknown>\n#16 0x55ba947826c0 <unknown>\n#17 0x55ba94792f26 <unknown>\n#18 0x7fbe79c94ac3 <unknown>\n\n","statusTrace":"  File \"/home/runner/work/Selenium-Python-Example/Selenium-Python-Example/.venv/lib/python3.12/site-packages/pluggy/_callers.py\", line 167, in _multicall\n    teardown.throw(outcome._exception)\n  File \"/home/runner/work/Selenium-Python-Example/Selenium-Python-Example/.venv/lib/python3.12/site-packages/_pytest/setuponly.py\", line 36, in pytest_fixture_setup\n    return (yield)\n            ^^^^^\n  File \"/home/runner/work/Selenium-Python-Example/Selenium-Python-Example/.venv/lib/python3.12/site-packages/pluggy/_callers.py\", line 103, in _multicall\n    res = hook_impl.function(*args)\n          ^^^^^^^^^^^^^^^^^^^^^^^^^\n  File \"/home/runner/work/Selenium-Python-Example/Selenium-Python-Example/.venv/lib/python3.12/site-packages/_pytest/fixtures.py\", line 1140, in pytest_fixture_setup\n    result = call_fixture_func(fixturefunc, request, kwargs)\n             ^^^^^^^^^^^^^^^^^^^^^^^^^^^^^^^^^^^^^^^^^^^^^^^\n  File \"/home/runner/work/Selenium-Python-Example/Selenium-Python-Example/.venv/lib/python3.12/site-packages/_pytest/fixtures.py\", line 898, in call_fixture_func\n    fixture_result = fixturefunc(**kwargs)\n                     ^^^^^^^^^^^^^^^^^^^^^\n  File \"/home/runner/work/Selenium-Python-Example/Selenium-Python-Example/tests/workspaces_test.py\", line 25, in setup_method_fixture\n    login(self.about_page, self.login_page)\n  File \"/home/runner/work/Selenium-Python-Example/Selenium-Python-Example/tests/workspaces_test.py\", line 15, in login\n    about_page.click_login_link()\n  File \"/home/runner/work/Selenium-Python-Example/Selenium-Python-Example/.venv/lib/python3.12/site-packages/allure_commons/_allure.py\", line 192, in impl\n    return func(*a, **kw)\n           ^^^^^^^^^^^^^^\n  File \"/home/runner/work/Selenium-Python-Example/Selenium-Python-Example/pages/about_page.py\", line 20, in click_login_link\n    self.click(self.LOGIN_LINK)\n  File \"/home/runner/work/Selenium-Python-Example/Selenium-Python-Example/pages/base_page.py\", line 60, in click\n    el: WebElement = self.wait.until(\n                     ^^^^^^^^^^^^^^^^\n  File \"/home/runner/work/Selenium-Python-Example/Selenium-Python-Example/.venv/lib/python3.12/site-packages/selenium/webdriver/support/wait.py\", line 105, in until\n    raise TimeoutException(message, screen, stacktrace)\n","steps":[{"name":"Click Login link","time":{"start":1730338822903,"stop":1730338833373,"duration":10470},"status":"broken","statusMessage":"selenium.common.exceptions.TimeoutException: Message: \nStacktrace:\n#0 0x55ba947940aa <unknown>\n#1 0x55ba942ab1a0 <unknown>\n#2 0x55ba942f7d06 <unknown>\n#3 0x55ba942f7fa1 <unknown>\n#4 0x55ba9433d344 <unknown>\n#5 0x55ba9431bdad <unknown>\n#6 0x55ba9433a866 <unknown>\n#7 0x55ba9431bb23 <unknown>\n#8 0x55ba942ea990 <unknown>\n#9 0x55ba942eb96e <unknown>\n#10 0x55ba9476016b <unknown>\n#11 0x55ba94763f68 <unknown>\n#12 0x55ba9474d64c <unknown>\n#13 0x55ba94764ae7 <unknown>\n#14 0x55ba947324af <unknown>\n#15 0x55ba947824f8 <unknown>\n#16 0x55ba947826c0 <unknown>\n#17 0x55ba94792f26 <unknown>\n#18 0x7fbe79c94ac3 <unknown>\n\n","statusTrace":"  File \"/home/runner/work/Selenium-Python-Example/Selenium-Python-Example/.venv/lib/python3.12/site-packages/allure_commons/_allure.py\", line 192, in impl\n    return func(*a, **kw)\n           ^^^^^^^^^^^^^^\n  File \"/home/runner/work/Selenium-Python-Example/Selenium-Python-Example/pages/about_page.py\", line 20, in click_login_link\n    self.click(self.LOGIN_LINK)\n  File \"/home/runner/work/Selenium-Python-Example/Selenium-Python-Example/pages/base_page.py\", line 60, in click\n    el: WebElement = self.wait.until(\n                     ^^^^^^^^^^^^^^^^\n  File \"/home/runner/work/Selenium-Python-Example/Selenium-Python-Example/.venv/lib/python3.12/site-packages/selenium/webdriver/support/wait.py\", line 105, in until\n    raise TimeoutException(message, screen, stacktrace)\n","steps":[],"attachments":[],"parameters":[],"shouldDisplayMessage":true,"stepsCount":0,"attachmentsCount":0,"hasContent":true,"attachmentStep":false}],"attachments":[],"parameters":[],"shouldDisplayMessage":false,"stepsCount":1,"attachmentsCount":0,"hasContent":true,"attachmentStep":false}],"testStage":{"description":"Delete an existing workspace","status":"broken","statusMessage":"selenium.common.exceptions.TimeoutException: Message: \nStacktrace:\n#0 0x55ba947940aa <unknown>\n#1 0x55ba942ab1a0 <unknown>\n#2 0x55ba942f7d06 <unknown>\n#3 0x55ba942f7fa1 <unknown>\n#4 0x55ba9433d344 <unknown>\n#5 0x55ba9431bdad <unknown>\n#6 0x55ba9433a866 <unknown>\n#7 0x55ba9431bb23 <unknown>\n#8 0x55ba942ea990 <unknown>\n#9 0x55ba942eb96e <unknown>\n#10 0x55ba9476016b <unknown>\n#11 0x55ba94763f68 <unknown>\n#12 0x55ba9474d64c <unknown>\n#13 0x55ba94764ae7 <unknown>\n#14 0x55ba947324af <unknown>\n#15 0x55ba947824f8 <unknown>\n#16 0x55ba947826c0 <unknown>\n#17 0x55ba94792f26 <unknown>\n#18 0x7fbe79c94ac3 <unknown>","statusTrace":"self = <tests.workspaces_test.TestWorkspaces object at 0x7f4e78362060>\n\n    @pytest.fixture(autouse=True)\n    def setup_method_fixture(self):\n>       login(self.about_page, self.login_page)\n\ntests/workspaces_test.py:25: \n_ _ _ _ _ _ _ _ _ _ _ _ _ _ _ _ _ _ _ _ _ _ _ _ _ _ _ _ _ _ _ _ _ _ _ _ _ _ _ _ \ntests/workspaces_test.py:15: in login\n    about_page.click_login_link()\npages/about_page.py:20: in click_login_link\n    self.click(self.LOGIN_LINK)\npages/base_page.py:60: in click\n    el: WebElement = self.wait.until(\n_ _ _ _ _ _ _ _ _ _ _ _ _ _ _ _ _ _ _ _ _ _ _ _ _ _ _ _ _ _ _ _ _ _ _ _ _ _ _ _ \n\nself = <selenium.webdriver.support.wait.WebDriverWait (session=\"4099e7dd6ff35aceccca3d85b74f15b3\")>\nmethod = <function element_to_be_clickable.<locals>._predicate at 0x7f4e77fa96c0>\nmessage = ''\n\n    def until(self, method: Callable[[D], Union[Literal[False], T]], message: str = \"\") -> T:\n        \"\"\"Calls the method provided with the driver as an argument until the \\\n        return value does not evaluate to ``False``.\n    \n        :param method: callable(WebDriver)\n        :param message: optional message for :exc:`TimeoutException`\n        :returns: the result of the last call to `method`\n        :raises: :exc:`selenium.common.exceptions.TimeoutException` if timeout occurs\n        \"\"\"\n        screen = None\n        stacktrace = None\n    \n        end_time = time.monotonic() + self._timeout\n        while True:\n            try:\n                value = method(self._driver)\n                if value:\n                    return value\n            except self._ignored_exceptions as exc:\n                screen = getattr(exc, \"screen\", None)\n                stacktrace = getattr(exc, \"stacktrace\", None)\n            time.sleep(self._poll)\n            if time.monotonic() > end_time:\n                break\n>       raise TimeoutException(message, screen, stacktrace)\nE       selenium.common.exceptions.TimeoutException: Message: \nE       Stacktrace:\nE       #0 0x55ba947940aa <unknown>\nE       #1 0x55ba942ab1a0 <unknown>\nE       #2 0x55ba942f7d06 <unknown>\nE       #3 0x55ba942f7fa1 <unknown>\nE       #4 0x55ba9433d344 <unknown>\nE       #5 0x55ba9431bdad <unknown>\nE       #6 0x55ba9433a866 <unknown>\nE       #7 0x55ba9431bb23 <unknown>\nE       #8 0x55ba942ea990 <unknown>\nE       #9 0x55ba942eb96e <unknown>\nE       #10 0x55ba9476016b <unknown>\nE       #11 0x55ba94763f68 <unknown>\nE       #12 0x55ba9474d64c <unknown>\nE       #13 0x55ba94764ae7 <unknown>\nE       #14 0x55ba947324af <unknown>\nE       #15 0x55ba947824f8 <unknown>\nE       #16 0x55ba947826c0 <unknown>\nE       #17 0x55ba94792f26 <unknown>\nE       #18 0x7fbe79c94ac3 <unknown>\n\n.venv/lib/python3.12/site-packages/selenium/webdriver/support/wait.py:105: TimeoutException","steps":[{"name":"public ip address","time":{"start":1730338833385,"stop":1730338833454,"duration":69},"status":"passed","steps":[],"attachments":[{"uid":"6a1b175716cf215e","name":"HTTP logs of http://checkip.amazonaws.com/","source":"6a1b175716cf215e.txt","type":"text/plain","size":357}],"parameters":[],"shouldDisplayMessage":false,"stepsCount":0,"attachmentsCount":1,"hasContent":true,"attachmentStep":false}],"attachments":[{"uid":"5b9a6607a8b5b4c1","name":"Cookies","source":"5b9a6607a8b5b4c1.json","type":"application/json","size":3580},{"uid":"796a23a2744a381a","name":"Session Storage","source":"796a23a2744a381a.json","type":"application/json","size":359},{"uid":"98fa896cf3c733f4","name":"Local Storage","source":"98fa896cf3c733f4.json","type":"application/json","size":350},{"uid":"fc17ad44b5d30eea","name":"Console Logs","source":"fc17ad44b5d30eea.json","type":"application/json","size":236},{"uid":"ee715bfaa7043c7a","name":"Full Page Screenshot","source":"ee715bfaa7043c7a.png","type":"image/png","size":3605555},{"uid":"47550a0b6f7974bc","name":"URL","source":"47550a0b6f7974bc.uri","type":"text/uri-list","size":23},{"uid":"3e87aaef468de9f4","name":"Network Logs","source":"3e87aaef468de9f4.json","type":"application/json","size":67670}],"parameters":[],"shouldDisplayMessage":true,"stepsCount":1,"attachmentsCount":8,"hasContent":true,"attachmentStep":false},"afterStages":[{"name":"session_request::0","time":{"start":1730338923638,"stop":1730338923639,"duration":1},"status":"passed","steps":[],"attachments":[],"parameters":[],"shouldDisplayMessage":false,"stepsCount":0,"attachmentsCount":0,"hasContent":false,"attachmentStep":false}],"labels":[{"name":"severity","value":"normal"},{"name":"epic","value":"Workspaces"},{"name":"story","value":"WorkSpaces Creation and Editing Functionality"},{"name":"tag","value":"run(order=3)"},{"name":"parentSuite","value":"tests"},{"name":"suite","value":"workspaces_test"},{"name":"subSuite","value":"TestWorkspaces"},{"name":"host","value":"fv-az847-117"},{"name":"thread","value":"1929-MainThread"},{"name":"framework","value":"pytest"},{"name":"language","value":"cpython3"},{"name":"package","value":"tests.workspaces_test"},{"name":"resultFormat","value":"allure2"}],"parameters":[],"links":[],"hidden":false,"retry":false,"extra":{"severity":"normal","retries":[],"categories":[{"name":"Test defects","matchedStatuses":[],"flaky":false}],"tags":["run(order=3)"]},"source":"aba90d1f5c82873.json","parameterValues":[]}