{"uid":"fc8fa1b3273e1947","name":"Login with valid credentials test","fullName":"tests.login_test.TestLogin#test_valid_login","historyId":"18657c207d70aa57845e0b7f4751c290","time":{"start":1730338824001,"stop":1730338834475,"duration":10474},"description":"valid login","descriptionHtml":"<p>valid login</p>\n","status":"broken","statusMessage":"selenium.common.exceptions.TimeoutException: Message: \nStacktrace:\n#0 0x56159b1860aa <unknown>\n#1 0x56159ac9d1a0 <unknown>\n#2 0x56159ace9d06 <unknown>\n#3 0x56159ace9fa1 <unknown>\n#4 0x56159ad2f344 <unknown>\n#5 0x56159ad0ddad <unknown>\n#6 0x56159ad2c866 <unknown>\n#7 0x56159ad0db23 <unknown>\n#8 0x56159acdc990 <unknown>\n#9 0x56159acdd96e <unknown>\n#10 0x56159b15216b <unknown>\n#11 0x56159b155f68 <unknown>\n#12 0x56159b13f64c <unknown>\n#13 0x56159b156ae7 <unknown>\n#14 0x56159b1244af <unknown>\n#15 0x56159b1744f8 <unknown>\n#16 0x56159b1746c0 <unknown>\n#17 0x56159b184f26 <unknown>\n#18 0x7f3ed0294ac3 <unknown>","statusTrace":"self = <tests.login_test.TestLogin object at 0x7f05ab5899d0>\ndata = Data(forgot_password=ForgotPassword(error_message=\"We can't find a user with that e-mail address.\", success_message='A...ct='Non Existing', page_title='My Workspace', project_name='test project', project_type='quiz', template_type='Blank'))\n\n    @allure.description(\"valid login\")\n    @allure.title(\"Login with valid credentials test\")\n    @allure.tag(\"Tagged test\")\n    @pytest.mark.flaky(reruns=1)\n    def test_valid_login(self, data: Data):\n        self.about_page.set_geo_location(30.3079823, -97.893803)\n>       self.about_page.click_login_link()\n\ntests/login_test.py:43: \n_ _ _ _ _ _ _ _ _ _ _ _ _ _ _ _ _ _ _ _ _ _ _ _ _ _ _ _ _ _ _ _ _ _ _ _ _ _ _ _ \npages/about_page.py:20: in click_login_link\n    self.click(self.LOGIN_LINK)\npages/base_page.py:60: in click\n    el: WebElement = self.wait.until(\n_ _ _ _ _ _ _ _ _ _ _ _ _ _ _ _ _ _ _ _ _ _ _ _ _ _ _ _ _ _ _ _ _ _ _ _ _ _ _ _ \n\nself = <selenium.webdriver.support.wait.WebDriverWait (session=\"6e75995d76635d4543b7cee7fc48f96b\")>\nmethod = <function element_to_be_clickable.<locals>._predicate at 0x7f05ab349440>\nmessage = ''\n\n    def until(self, method: Callable[[D], Union[Literal[False], T]], message: str = \"\") -> T:\n        \"\"\"Calls the method provided with the driver as an argument until the \\\n        return value does not evaluate to ``False``.\n    \n        :param method: callable(WebDriver)\n        :param message: optional message for :exc:`TimeoutException`\n        :returns: the result of the last call to `method`\n        :raises: :exc:`selenium.common.exceptions.TimeoutException` if timeout occurs\n        \"\"\"\n        screen = None\n        stacktrace = None\n    \n        end_time = time.monotonic() + self._timeout\n        while True:\n            try:\n                value = method(self._driver)\n                if value:\n                    return value\n            except self._ignored_exceptions as exc:\n                screen = getattr(exc, \"screen\", None)\n                stacktrace = getattr(exc, \"stacktrace\", None)\n            time.sleep(self._poll)\n            if time.monotonic() > end_time:\n                break\n>       raise TimeoutException(message, screen, stacktrace)\nE       selenium.common.exceptions.TimeoutException: Message: \nE       Stacktrace:\nE       #0 0x56159b1860aa <unknown>\nE       #1 0x56159ac9d1a0 <unknown>\nE       #2 0x56159ace9d06 <unknown>\nE       #3 0x56159ace9fa1 <unknown>\nE       #4 0x56159ad2f344 <unknown>\nE       #5 0x56159ad0ddad <unknown>\nE       #6 0x56159ad2c866 <unknown>\nE       #7 0x56159ad0db23 <unknown>\nE       #8 0x56159acdc990 <unknown>\nE       #9 0x56159acdd96e <unknown>\nE       #10 0x56159b15216b <unknown>\nE       #11 0x56159b155f68 <unknown>\nE       #12 0x56159b13f64c <unknown>\nE       #13 0x56159b156ae7 <unknown>\nE       #14 0x56159b1244af <unknown>\nE       #15 0x56159b1744f8 <unknown>\nE       #16 0x56159b1746c0 <unknown>\nE       #17 0x56159b184f26 <unknown>\nE       #18 0x7f3ed0294ac3 <unknown>\n\n.venv/lib/python3.12/site-packages/selenium/webdriver/support/wait.py:105: TimeoutException","flaky":false,"newFailed":false,"newBroken":false,"newPassed":false,"retriesCount":0,"retriesStatusChange":false,"beforeStages":[],"testStage":{"description":"valid login","status":"broken","statusMessage":"selenium.common.exceptions.TimeoutException: Message: \nStacktrace:\n#0 0x56159b1860aa <unknown>\n#1 0x56159ac9d1a0 <unknown>\n#2 0x56159ace9d06 <unknown>\n#3 0x56159ace9fa1 <unknown>\n#4 0x56159ad2f344 <unknown>\n#5 0x56159ad0ddad <unknown>\n#6 0x56159ad2c866 <unknown>\n#7 0x56159ad0db23 <unknown>\n#8 0x56159acdc990 <unknown>\n#9 0x56159acdd96e <unknown>\n#10 0x56159b15216b <unknown>\n#11 0x56159b155f68 <unknown>\n#12 0x56159b13f64c <unknown>\n#13 0x56159b156ae7 <unknown>\n#14 0x56159b1244af <unknown>\n#15 0x56159b1744f8 <unknown>\n#16 0x56159b1746c0 <unknown>\n#17 0x56159b184f26 <unknown>\n#18 0x7f3ed0294ac3 <unknown>","statusTrace":"self = <tests.login_test.TestLogin object at 0x7f05ab5899d0>\ndata = Data(forgot_password=ForgotPassword(error_message=\"We can't find a user with that e-mail address.\", success_message='A...ct='Non Existing', page_title='My Workspace', project_name='test project', project_type='quiz', template_type='Blank'))\n\n    @allure.description(\"valid login\")\n    @allure.title(\"Login with valid credentials test\")\n    @allure.tag(\"Tagged test\")\n    @pytest.mark.flaky(reruns=1)\n    def test_valid_login(self, data: Data):\n        self.about_page.set_geo_location(30.3079823, -97.893803)\n>       self.about_page.click_login_link()\n\ntests/login_test.py:43: \n_ _ _ _ _ _ _ _ _ _ _ _ _ _ _ _ _ _ _ _ _ _ _ _ _ _ _ _ _ _ _ _ _ _ _ _ _ _ _ _ \npages/about_page.py:20: in click_login_link\n    self.click(self.LOGIN_LINK)\npages/base_page.py:60: in click\n    el: WebElement = self.wait.until(\n_ _ _ _ _ _ _ _ _ _ _ _ _ _ _ _ _ _ _ _ _ _ _ _ _ _ _ _ _ _ _ _ _ _ _ _ _ _ _ _ \n\nself = <selenium.webdriver.support.wait.WebDriverWait (session=\"6e75995d76635d4543b7cee7fc48f96b\")>\nmethod = <function element_to_be_clickable.<locals>._predicate at 0x7f05ab349440>\nmessage = ''\n\n    def until(self, method: Callable[[D], Union[Literal[False], T]], message: str = \"\") -> T:\n        \"\"\"Calls the method provided with the driver as an argument until the \\\n        return value does not evaluate to ``False``.\n    \n        :param method: callable(WebDriver)\n        :param message: optional message for :exc:`TimeoutException`\n        :returns: the result of the last call to `method`\n        :raises: :exc:`selenium.common.exceptions.TimeoutException` if timeout occurs\n        \"\"\"\n        screen = None\n        stacktrace = None\n    \n        end_time = time.monotonic() + self._timeout\n        while True:\n            try:\n                value = method(self._driver)\n                if value:\n                    return value\n            except self._ignored_exceptions as exc:\n                screen = getattr(exc, \"screen\", None)\n                stacktrace = getattr(exc, \"stacktrace\", None)\n            time.sleep(self._poll)\n            if time.monotonic() > end_time:\n                break\n>       raise TimeoutException(message, screen, stacktrace)\nE       selenium.common.exceptions.TimeoutException: Message: \nE       Stacktrace:\nE       #0 0x56159b1860aa <unknown>\nE       #1 0x56159ac9d1a0 <unknown>\nE       #2 0x56159ace9d06 <unknown>\nE       #3 0x56159ace9fa1 <unknown>\nE       #4 0x56159ad2f344 <unknown>\nE       #5 0x56159ad0ddad <unknown>\nE       #6 0x56159ad2c866 <unknown>\nE       #7 0x56159ad0db23 <unknown>\nE       #8 0x56159acdc990 <unknown>\nE       #9 0x56159acdd96e <unknown>\nE       #10 0x56159b15216b <unknown>\nE       #11 0x56159b155f68 <unknown>\nE       #12 0x56159b13f64c <unknown>\nE       #13 0x56159b156ae7 <unknown>\nE       #14 0x56159b1244af <unknown>\nE       #15 0x56159b1744f8 <unknown>\nE       #16 0x56159b1746c0 <unknown>\nE       #17 0x56159b184f26 <unknown>\nE       #18 0x7f3ed0294ac3 <unknown>\n\n.venv/lib/python3.12/site-packages/selenium/webdriver/support/wait.py:105: TimeoutException","steps":[{"name":"Click Login link","time":{"start":1730338824114,"stop":1730338834474,"duration":10360},"status":"broken","statusMessage":"selenium.common.exceptions.TimeoutException: Message: \nStacktrace:\n#0 0x56159b1860aa <unknown>\n#1 0x56159ac9d1a0 <unknown>\n#2 0x56159ace9d06 <unknown>\n#3 0x56159ace9fa1 <unknown>\n#4 0x56159ad2f344 <unknown>\n#5 0x56159ad0ddad <unknown>\n#6 0x56159ad2c866 <unknown>\n#7 0x56159ad0db23 <unknown>\n#8 0x56159acdc990 <unknown>\n#9 0x56159acdd96e <unknown>\n#10 0x56159b15216b <unknown>\n#11 0x56159b155f68 <unknown>\n#12 0x56159b13f64c <unknown>\n#13 0x56159b156ae7 <unknown>\n#14 0x56159b1244af <unknown>\n#15 0x56159b1744f8 <unknown>\n#16 0x56159b1746c0 <unknown>\n#17 0x56159b184f26 <unknown>\n#18 0x7f3ed0294ac3 <unknown>\n\n","statusTrace":"  File \"/home/runner/work/Selenium-Python-Example/Selenium-Python-Example/.venv/lib/python3.12/site-packages/allure_commons/_allure.py\", line 192, in impl\n    return func(*a, **kw)\n           ^^^^^^^^^^^^^^\n  File \"/home/runner/work/Selenium-Python-Example/Selenium-Python-Example/pages/about_page.py\", line 20, in click_login_link\n    self.click(self.LOGIN_LINK)\n  File \"/home/runner/work/Selenium-Python-Example/Selenium-Python-Example/pages/base_page.py\", line 60, in click\n    el: WebElement = self.wait.until(\n                     ^^^^^^^^^^^^^^^^\n  File \"/home/runner/work/Selenium-Python-Example/Selenium-Python-Example/.venv/lib/python3.12/site-packages/selenium/webdriver/support/wait.py\", line 105, in until\n    raise TimeoutException(message, screen, stacktrace)\n","steps":[],"attachments":[],"parameters":[],"shouldDisplayMessage":true,"stepsCount":0,"attachmentsCount":0,"hasContent":true,"attachmentStep":false},{"name":"public ip address","time":{"start":1730338834488,"stop":1730338834533,"duration":45},"status":"passed","steps":[],"attachments":[{"uid":"439b4132c1275146","name":"HTTP logs of http://checkip.amazonaws.com/","source":"439b4132c1275146.txt","type":"text/plain","size":359}],"parameters":[],"shouldDisplayMessage":false,"stepsCount":0,"attachmentsCount":1,"hasContent":true,"attachmentStep":false}],"attachments":[{"uid":"72f594f8730e6a32","name":"Cookies","source":"72f594f8730e6a32.json","type":"application/json","size":3583},{"uid":"704ba5a9909aa93","name":"Session Storage","source":"704ba5a9909aa93.json","type":"application/json","size":358},{"uid":"cb8060d4f230f2d2","name":"Local Storage","source":"cb8060d4f230f2d2.json","type":"application/json","size":350},{"uid":"1ab1f706280c882d","name":"Console Logs","source":"1ab1f706280c882d.json","type":"application/json","size":236},{"uid":"62b70a8883372419","name":"Full Page Screenshot","source":"62b70a8883372419.png","type":"image/png","size":3605380},{"uid":"ed6eda4ed05ca858","name":"URL","source":"ed6eda4ed05ca858.uri","type":"text/uri-list","size":23},{"uid":"ca1f018bcfaae965","name":"Network Logs","source":"ca1f018bcfaae965.json","type":"application/json","size":67312}],"parameters":[],"shouldDisplayMessage":true,"stepsCount":2,"attachmentsCount":8,"hasContent":true,"attachmentStep":false},"afterStages":[],"labels":[{"name":"severity","value":"blocker"},{"name":"tag","value":"Tagged test"},{"name":"epic","value":"Security"},{"name":"feature","value":"Login"},{"name":"tag","value":"flaky(reruns=1)"},{"name":"tag","value":"security"},{"name":"parentSuite","value":"tests"},{"name":"suite","value":"login_test"},{"name":"subSuite","value":"TestLogin"},{"name":"host","value":"fv-az883-341"},{"name":"thread","value":"1984-MainThread"},{"name":"framework","value":"pytest"},{"name":"language","value":"cpython3"},{"name":"package","value":"tests.login_test"},{"name":"resultFormat","value":"allure2"}],"parameters":[],"links":[],"hidden":true,"retry":true,"extra":{"categories":[],"tags":["security","Tagged test","flaky(reruns=1)"]},"source":"fc8fa1b3273e1947.json","parameterValues":[]}