{"uid":"2eccf54ce5ff1a11","name":"Forgot Password with valid email test","fullName":"tests.test_forgot_password.TestForgotPassword#test_valid_email","historyId":"ad76d87e5a831f6b00837c8ab7fbb24e","time":{"start":1682769706058,"stop":1682769716259,"duration":10201},"description":"Forgot password with a valid email address","descriptionHtml":"<p>Forgot password with a valid email address</p>\n","status":"broken","statusMessage":"selenium.common.exceptions.TimeoutException: Message: \nStacktrace:\n#0 0x55c26ba0afe3 <unknown>\n#1 0x55c26b749d36 <unknown>\n#2 0x55c26b786c4d <unknown>\n#3 0x55c26b786d61 <unknown>\n#4 0x55c26b7c26a4 <unknown>\n#5 0x55c26b7a78ed <unknown>\n#6 0x55c26b7c0232 <unknown>\n#7 0x55c26b7a7693 <unknown>\n#8 0x55c26b77a03a <unknown>\n#9 0x55c26b77b17e <unknown>\n#10 0x55c26b9ccdbd <unknown>\n#11 0x55c26b9d0c6c <unknown>\n#12 0x55c26b9da4b0 <unknown>\n#13 0x55c26b9d1d63 <unknown>\n#14 0x55c26b9a4c35 <unknown>\n#15 0x55c26b9f5138 <unknown>\n#16 0x55c26b9f52c7 <unknown>\n#17 0x55c26ba03093 <unknown>\n#18 0x7f91ee2c8b43 <unknown>","statusTrace":"self = <tests.test_forgot_password.TestForgotPassword object at 0x7fd400582ad0>\nini_reader = <utils.config_parser.ConfigParserIni object at 0x7fd40031f100>\njson_reader = <utils.json_parser.JsonParser object at 0x7fd400583040>\n\n    @allure.description(\"Forgot password with a valid email address\")\n    @allure.title(\"Forgot Password with valid email test\")\n    def test_valid_email(self, ini_reader, json_reader):\n        email = ini_reader.config_section_dict(\"Base Url\")[\"username\"]\n>       self.about_page.click_login_link()\n\ntests/test_forgot_password.py:18: \n_ _ _ _ _ _ _ _ _ _ _ _ _ _ _ _ _ _ _ _ _ _ _ _ _ _ _ _ _ _ _ _ _ _ _ _ _ _ _ _ \npages/about_page.py:19: in click_login_link\n    self.click(self.LOGIN_LINK)\npages/base_page.py:21: in click\n    el: WebElement = self._wait.until(expected_conditions.element_to_be_clickable(locator))\n_ _ _ _ _ _ _ _ _ _ _ _ _ _ _ _ _ _ _ _ _ _ _ _ _ _ _ _ _ _ _ _ _ _ _ _ _ _ _ _ \n\nself = <selenium.webdriver.support.wait.WebDriverWait (session=\"622133fa1e2e6285f4019e81af8901fe\")>\nmethod = <function element_to_be_clickable.<locals>._predicate at 0x7fd40037ed40>\nmessage = ''\n\n    def until(self, method, message: str = \"\"):\n        \"\"\"Calls the method provided with the driver as an argument until the \\\n        return value does not evaluate to ``False``.\n    \n        :param method: callable(WebDriver)\n        :param message: optional message for :exc:`TimeoutException`\n        :returns: the result of the last call to `method`\n        :raises: :exc:`selenium.common.exceptions.TimeoutException` if timeout occurs\n        \"\"\"\n        screen = None\n        stacktrace = None\n    \n        end_time = time.monotonic() + self._timeout\n        while True:\n            try:\n                value = method(self._driver)\n                if value:\n                    return value\n            except self._ignored_exceptions as exc:\n                screen = getattr(exc, \"screen\", None)\n                stacktrace = getattr(exc, \"stacktrace\", None)\n            time.sleep(self._poll)\n            if time.monotonic() > end_time:\n                break\n>       raise TimeoutException(message, screen, stacktrace)\nE       selenium.common.exceptions.TimeoutException: Message: \nE       Stacktrace:\nE       #0 0x55c26ba0afe3 <unknown>\nE       #1 0x55c26b749d36 <unknown>\nE       #2 0x55c26b786c4d <unknown>\nE       #3 0x55c26b786d61 <unknown>\nE       #4 0x55c26b7c26a4 <unknown>\nE       #5 0x55c26b7a78ed <unknown>\nE       #6 0x55c26b7c0232 <unknown>\nE       #7 0x55c26b7a7693 <unknown>\nE       #8 0x55c26b77a03a <unknown>\nE       #9 0x55c26b77b17e <unknown>\nE       #10 0x55c26b9ccdbd <unknown>\nE       #11 0x55c26b9d0c6c <unknown>\nE       #12 0x55c26b9da4b0 <unknown>\nE       #13 0x55c26b9d1d63 <unknown>\nE       #14 0x55c26b9a4c35 <unknown>\nE       #15 0x55c26b9f5138 <unknown>\nE       #16 0x55c26b9f52c7 <unknown>\nE       #17 0x55c26ba03093 <unknown>\nE       #18 0x7f91ee2c8b43 <unknown>\n\n/opt/hostedtoolcache/Python/3.10.11/x64/lib/python3.10/site-packages/selenium/webdriver/support/wait.py:95: TimeoutException","flaky":false,"newFailed":false,"newBroken":false,"newPassed":false,"retriesCount":0,"retriesStatusChange":false,"beforeStages":[{"name":"json_reader","time":{"start":1682769490508,"stop":1682769490508,"duration":0},"status":"passed","steps":[],"attachments":[],"parameters":[],"stepsCount":0,"attachmentsCount":0,"shouldDisplayMessage":false,"hasContent":false},{"name":"ini_reader","time":{"start":1682769490508,"stop":1682769490509,"duration":1},"status":"passed","steps":[],"attachments":[],"parameters":[],"stepsCount":0,"attachmentsCount":0,"shouldDisplayMessage":false,"hasContent":false},{"name":"create_driver","time":{"start":1682769703215,"stop":1682769706057,"duration":2842},"status":"passed","steps":[],"attachments":[],"parameters":[],"stepsCount":0,"attachmentsCount":0,"shouldDisplayMessage":false,"hasContent":false}],"testStage":{"description":"Forgot password with a valid email address","status":"broken","statusMessage":"selenium.common.exceptions.TimeoutException: Message: \nStacktrace:\n#0 0x55c26ba0afe3 <unknown>\n#1 0x55c26b749d36 <unknown>\n#2 0x55c26b786c4d <unknown>\n#3 0x55c26b786d61 <unknown>\n#4 0x55c26b7c26a4 <unknown>\n#5 0x55c26b7a78ed <unknown>\n#6 0x55c26b7c0232 <unknown>\n#7 0x55c26b7a7693 <unknown>\n#8 0x55c26b77a03a <unknown>\n#9 0x55c26b77b17e <unknown>\n#10 0x55c26b9ccdbd <unknown>\n#11 0x55c26b9d0c6c <unknown>\n#12 0x55c26b9da4b0 <unknown>\n#13 0x55c26b9d1d63 <unknown>\n#14 0x55c26b9a4c35 <unknown>\n#15 0x55c26b9f5138 <unknown>\n#16 0x55c26b9f52c7 <unknown>\n#17 0x55c26ba03093 <unknown>\n#18 0x7f91ee2c8b43 <unknown>","statusTrace":"self = <tests.test_forgot_password.TestForgotPassword object at 0x7fd400582ad0>\nini_reader = <utils.config_parser.ConfigParserIni object at 0x7fd40031f100>\njson_reader = <utils.json_parser.JsonParser object at 0x7fd400583040>\n\n    @allure.description(\"Forgot password with a valid email address\")\n    @allure.title(\"Forgot Password with valid email test\")\n    def test_valid_email(self, ini_reader, json_reader):\n        email = ini_reader.config_section_dict(\"Base Url\")[\"username\"]\n>       self.about_page.click_login_link()\n\ntests/test_forgot_password.py:18: \n_ _ _ _ _ _ _ _ _ _ _ _ _ _ _ _ _ _ _ _ _ _ _ _ _ _ _ _ _ _ _ _ _ _ _ _ _ _ _ _ \npages/about_page.py:19: in click_login_link\n    self.click(self.LOGIN_LINK)\npages/base_page.py:21: in click\n    el: WebElement = self._wait.until(expected_conditions.element_to_be_clickable(locator))\n_ _ _ _ _ _ _ _ _ _ _ _ _ _ _ _ _ _ _ _ _ _ _ _ _ _ _ _ _ _ _ _ _ _ _ _ _ _ _ _ \n\nself = <selenium.webdriver.support.wait.WebDriverWait (session=\"622133fa1e2e6285f4019e81af8901fe\")>\nmethod = <function element_to_be_clickable.<locals>._predicate at 0x7fd40037ed40>\nmessage = ''\n\n    def until(self, method, message: str = \"\"):\n        \"\"\"Calls the method provided with the driver as an argument until the \\\n        return value does not evaluate to ``False``.\n    \n        :param method: callable(WebDriver)\n        :param message: optional message for :exc:`TimeoutException`\n        :returns: the result of the last call to `method`\n        :raises: :exc:`selenium.common.exceptions.TimeoutException` if timeout occurs\n        \"\"\"\n        screen = None\n        stacktrace = None\n    \n        end_time = time.monotonic() + self._timeout\n        while True:\n            try:\n                value = method(self._driver)\n                if value:\n                    return value\n            except self._ignored_exceptions as exc:\n                screen = getattr(exc, \"screen\", None)\n                stacktrace = getattr(exc, \"stacktrace\", None)\n            time.sleep(self._poll)\n            if time.monotonic() > end_time:\n                break\n>       raise TimeoutException(message, screen, stacktrace)\nE       selenium.common.exceptions.TimeoutException: Message: \nE       Stacktrace:\nE       #0 0x55c26ba0afe3 <unknown>\nE       #1 0x55c26b749d36 <unknown>\nE       #2 0x55c26b786c4d <unknown>\nE       #3 0x55c26b786d61 <unknown>\nE       #4 0x55c26b7c26a4 <unknown>\nE       #5 0x55c26b7a78ed <unknown>\nE       #6 0x55c26b7c0232 <unknown>\nE       #7 0x55c26b7a7693 <unknown>\nE       #8 0x55c26b77a03a <unknown>\nE       #9 0x55c26b77b17e <unknown>\nE       #10 0x55c26b9ccdbd <unknown>\nE       #11 0x55c26b9d0c6c <unknown>\nE       #12 0x55c26b9da4b0 <unknown>\nE       #13 0x55c26b9d1d63 <unknown>\nE       #14 0x55c26b9a4c35 <unknown>\nE       #15 0x55c26b9f5138 <unknown>\nE       #16 0x55c26b9f52c7 <unknown>\nE       #17 0x55c26ba03093 <unknown>\nE       #18 0x7f91ee2c8b43 <unknown>\n\n/opt/hostedtoolcache/Python/3.10.11/x64/lib/python3.10/site-packages/selenium/webdriver/support/wait.py:95: TimeoutException","steps":[{"name":"Click Login link","time":{"start":1682769706058,"stop":1682769716258,"duration":10200},"status":"broken","statusMessage":"selenium.common.exceptions.TimeoutException: Message: \nStacktrace:\n#0 0x55c26ba0afe3 <unknown>\n#1 0x55c26b749d36 <unknown>\n#2 0x55c26b786c4d <unknown>\n#3 0x55c26b786d61 <unknown>\n#4 0x55c26b7c26a4 <unknown>\n#5 0x55c26b7a78ed <unknown>\n#6 0x55c26b7c0232 <unknown>\n#7 0x55c26b7a7693 <unknown>\n#8 0x55c26b77a03a <unknown>\n#9 0x55c26b77b17e <unknown>\n#10 0x55c26b9ccdbd <unknown>\n#11 0x55c26b9d0c6c <unknown>\n#12 0x55c26b9da4b0 <unknown>\n#13 0x55c26b9d1d63 <unknown>\n#14 0x55c26b9a4c35 <unknown>\n#15 0x55c26b9f5138 <unknown>\n#16 0x55c26b9f52c7 <unknown>\n#17 0x55c26ba03093 <unknown>\n#18 0x7f91ee2c8b43 <unknown>\n\n","statusTrace":"  File \"/opt/hostedtoolcache/Python/3.10.11/x64/lib/python3.10/site-packages/allure_commons/_allure.py\", line 192, in impl\n    return func(*a, **kw)\n  File \"/home/runner/work/Selenium-Python-Example/Selenium-Python-Example/pages/about_page.py\", line 19, in click_login_link\n    self.click(self.LOGIN_LINK)\n  File \"/home/runner/work/Selenium-Python-Example/Selenium-Python-Example/pages/base_page.py\", line 21, in click\n    el: WebElement = self._wait.until(expected_conditions.element_to_be_clickable(locator))\n  File \"/opt/hostedtoolcache/Python/3.10.11/x64/lib/python3.10/site-packages/selenium/webdriver/support/wait.py\", line 95, in until\n    raise TimeoutException(message, screen, stacktrace)\n","steps":[],"attachments":[],"parameters":[],"stepsCount":0,"attachmentsCount":0,"shouldDisplayMessage":true,"hasContent":true}],"attachments":[{"uid":"8fedada72de8e5c6","name":"Full Page Screenshot","source":"8fedada72de8e5c6.png","type":"image/png","size":2646939},{"uid":"6ee654e00921bf1e","name":"URL","source":"6ee654e00921bf1e.uri","type":"text/uri-list","size":23},{"uid":"7468f7f473f710ed","name":"public ip address","source":"7468f7f473f710ed.txt","type":"text/plain","size":14},{"uid":"7db1930d03134580","name":"Cookies","source":"7db1930d03134580.json","type":"application/json","size":3532},{"uid":"24961c318a60e581","name":"Session Storage","source":"24961c318a60e581.json","type":"application/json","size":2},{"uid":"91dc0f5221e0c5b","name":"Local Storage","source":"91dc0f5221e0c5b.json","type":"application/json","size":1400},{"uid":"94d2f283c1f64ccf","name":"Console Logs","source":"94d2f283c1f64ccf.json","type":"application/json","size":5314},{"uid":"137eb159ef3a0196","name":"Network Logs","source":"137eb159ef3a0196.json","type":"application/json","size":85015}],"parameters":[],"stepsCount":1,"attachmentsCount":8,"shouldDisplayMessage":true,"hasContent":true},"afterStages":[{"name":"create_driver::0","time":{"start":1682769718559,"stop":1682769718617,"duration":58},"status":"passed","steps":[],"attachments":[],"parameters":[],"stepsCount":0,"attachmentsCount":0,"shouldDisplayMessage":false,"hasContent":false}],"labels":[{"name":"severity","value":"critical"},{"name":"story","value":"Forgot Password Feature's Functionality"},{"name":"epic","value":"Security"},{"name":"tag","value":"security"},{"name":"parentSuite","value":"tests"},{"name":"suite","value":"test_forgot_password"},{"name":"subSuite","value":"TestForgotPassword"},{"name":"host","value":"fv-az402-614"},{"name":"thread","value":"2226-MainThread"},{"name":"framework","value":"pytest"},{"name":"language","value":"cpython3"},{"name":"package","value":"tests.test_forgot_password"},{"name":"resultFormat","value":"allure2"}],"parameters":[],"links":[],"hidden":false,"retry":false,"extra":{"severity":"critical","retries":[],"categories":[{"name":"Test defects","matchedStatuses":[],"flaky":false}],"tags":["security"]},"source":"2eccf54ce5ff1a11.json","parameterValues":[]}