{"uid":"25c6b8fe945dd64f","name":"Login with invalid credentials test","fullName":"tests.login_test.TestLogin#test_invalid_login","historyId":"9bbc2729137fa409b9bc8067987e1d0d","time":{"start":1705886268414,"stop":1705886278692,"duration":10278},"description":"invalid login","descriptionHtml":"<p>invalid login</p>\n","status":"broken","statusMessage":"selenium.common.exceptions.TimeoutException: Message: \nStacktrace:\n#0 0x5564498a8f83 <unknown>\n#1 0x556449561cf7 <unknown>\n#2 0x5564495b199e <unknown>\n#3 0x5564495b1aa1 <unknown>\n#4 0x5564495fcd64 <unknown>\n#5 0x5564495db0dd <unknown>\n#6 0x5564495fa006 <unknown>\n#7 0x5564495dae53 <unknown>\n#8 0x5564495a2dd4 <unknown>\n#9 0x5564495a41de <unknown>\n#10 0x55644986d531 <unknown>\n#11 0x556449871455 <unknown>\n#12 0x556449859f55 <unknown>\n#13 0x5564498720ef <unknown>\n#14 0x55644983d99f <unknown>\n#15 0x556449896008 <unknown>\n#16 0x5564498961d7 <unknown>\n#17 0x5564498a8124 <unknown>\n#18 0x7f7660494ac3 <unknown>","statusTrace":"self = <tests.login_test.TestLogin object at 0x7f07d29590a0>\nemail = 'elias@gmail.com', password = '12345Tr'\ndata = Data(forgot_password=ForgotPassword(error_message=\"We can't find a user with that e-mail address.\", success_message='A...iteria', non_existing_project='Non Existing', project_name='test project', project_type='quiz', template_type='Blank'))\n\n    @allure.description(\"invalid login\")\n    @allure.title(\"Login with invalid credentials test\")\n    @pytest.mark.parametrize(\"email, password\", users)\n    @pytest.mark.run(order=3)\n    def test_invalid_login(self, email: str, password: str, data: Data):\n>       self.about_page.click_login_link()\n\ntests/login_test.py:26: \n_ _ _ _ _ _ _ _ _ _ _ _ _ _ _ _ _ _ _ _ _ _ _ _ _ _ _ _ _ _ _ _ _ _ _ _ _ _ _ _ \npages/about_page.py:20: in click_login_link\n    self.click(self.LOGIN_LINK)\npages/base_page.py:60: in click\n    el: WebElement = self.wait.until(\n_ _ _ _ _ _ _ _ _ _ _ _ _ _ _ _ _ _ _ _ _ _ _ _ _ _ _ _ _ _ _ _ _ _ _ _ _ _ _ _ \n\nself = <selenium.webdriver.support.wait.WebDriverWait (session=\"c549bfa31d09b90e30daddc5ba3d19d0\")>\nmethod = <function element_to_be_clickable.<locals>._predicate at 0x7f07d284e020>\nmessage = ''\n\n    def until(self, method: Callable[[D], Union[Literal[False], T]], message: str = \"\") -> T:\n        \"\"\"Calls the method provided with the driver as an argument until the \\\n        return value does not evaluate to ``False``.\n    \n        :param method: callable(WebDriver)\n        :param message: optional message for :exc:`TimeoutException`\n        :returns: the result of the last call to `method`\n        :raises: :exc:`selenium.common.exceptions.TimeoutException` if timeout occurs\n        \"\"\"\n        screen = None\n        stacktrace = None\n    \n        end_time = time.monotonic() + self._timeout\n        while True:\n            try:\n                value = method(self._driver)\n                if value:\n                    return value\n            except self._ignored_exceptions as exc:\n                screen = getattr(exc, \"screen\", None)\n                stacktrace = getattr(exc, \"stacktrace\", None)\n            time.sleep(self._poll)\n            if time.monotonic() > end_time:\n                break\n>       raise TimeoutException(message, screen, stacktrace)\nE       selenium.common.exceptions.TimeoutException: Message: \nE       Stacktrace:\nE       #0 0x5564498a8f83 <unknown>\nE       #1 0x556449561cf7 <unknown>\nE       #2 0x5564495b199e <unknown>\nE       #3 0x5564495b1aa1 <unknown>\nE       #4 0x5564495fcd64 <unknown>\nE       #5 0x5564495db0dd <unknown>\nE       #6 0x5564495fa006 <unknown>\nE       #7 0x5564495dae53 <unknown>\nE       #8 0x5564495a2dd4 <unknown>\nE       #9 0x5564495a41de <unknown>\nE       #10 0x55644986d531 <unknown>\nE       #11 0x556449871455 <unknown>\nE       #12 0x556449859f55 <unknown>\nE       #13 0x5564498720ef <unknown>\nE       #14 0x55644983d99f <unknown>\nE       #15 0x556449896008 <unknown>\nE       #16 0x5564498961d7 <unknown>\nE       #17 0x5564498a8124 <unknown>\nE       #18 0x7f7660494ac3 <unknown>\n\n.venv/lib/python3.12/site-packages/selenium/webdriver/support/wait.py:105: TimeoutException","flaky":false,"newFailed":false,"newBroken":false,"newPassed":false,"retriesCount":0,"retriesStatusChange":false,"beforeStages":[{"name":"_verify_url","time":{"start":1705886220158,"stop":1705886220158,"duration":0},"status":"passed","steps":[],"attachments":[],"parameters":[],"stepsCount":0,"attachmentsCount":0,"hasContent":false,"attachmentStep":false,"shouldDisplayMessage":false},{"name":"base_url","time":{"start":1705886220158,"stop":1705886220158,"duration":0},"status":"passed","steps":[],"attachments":[],"parameters":[],"stepsCount":0,"attachmentsCount":0,"hasContent":false,"attachmentStep":false,"shouldDisplayMessage":false},{"name":"data","time":{"start":1705886220158,"stop":1705886220159,"duration":1},"status":"passed","steps":[],"attachments":[],"parameters":[],"stepsCount":0,"attachmentsCount":0,"hasContent":false,"attachmentStep":false,"shouldDisplayMessage":false}],"testStage":{"description":"invalid login","status":"broken","statusMessage":"selenium.common.exceptions.TimeoutException: Message: \nStacktrace:\n#0 0x5564498a8f83 <unknown>\n#1 0x556449561cf7 <unknown>\n#2 0x5564495b199e <unknown>\n#3 0x5564495b1aa1 <unknown>\n#4 0x5564495fcd64 <unknown>\n#5 0x5564495db0dd <unknown>\n#6 0x5564495fa006 <unknown>\n#7 0x5564495dae53 <unknown>\n#8 0x5564495a2dd4 <unknown>\n#9 0x5564495a41de <unknown>\n#10 0x55644986d531 <unknown>\n#11 0x556449871455 <unknown>\n#12 0x556449859f55 <unknown>\n#13 0x5564498720ef <unknown>\n#14 0x55644983d99f <unknown>\n#15 0x556449896008 <unknown>\n#16 0x5564498961d7 <unknown>\n#17 0x5564498a8124 <unknown>\n#18 0x7f7660494ac3 <unknown>","statusTrace":"self = <tests.login_test.TestLogin object at 0x7f07d29590a0>\nemail = 'elias@gmail.com', password = '12345Tr'\ndata = Data(forgot_password=ForgotPassword(error_message=\"We can't find a user with that e-mail address.\", success_message='A...iteria', non_existing_project='Non Existing', project_name='test project', project_type='quiz', template_type='Blank'))\n\n    @allure.description(\"invalid login\")\n    @allure.title(\"Login with invalid credentials test\")\n    @pytest.mark.parametrize(\"email, password\", users)\n    @pytest.mark.run(order=3)\n    def test_invalid_login(self, email: str, password: str, data: Data):\n>       self.about_page.click_login_link()\n\ntests/login_test.py:26: \n_ _ _ _ _ _ _ _ _ _ _ _ _ _ _ _ _ _ _ _ _ _ _ _ _ _ _ _ _ _ _ _ _ _ _ _ _ _ _ _ \npages/about_page.py:20: in click_login_link\n    self.click(self.LOGIN_LINK)\npages/base_page.py:60: in click\n    el: WebElement = self.wait.until(\n_ _ _ _ _ _ _ _ _ _ _ _ _ _ _ _ _ _ _ _ _ _ _ _ _ _ _ _ _ _ _ _ _ _ _ _ _ _ _ _ \n\nself = <selenium.webdriver.support.wait.WebDriverWait (session=\"c549bfa31d09b90e30daddc5ba3d19d0\")>\nmethod = <function element_to_be_clickable.<locals>._predicate at 0x7f07d284e020>\nmessage = ''\n\n    def until(self, method: Callable[[D], Union[Literal[False], T]], message: str = \"\") -> T:\n        \"\"\"Calls the method provided with the driver as an argument until the \\\n        return value does not evaluate to ``False``.\n    \n        :param method: callable(WebDriver)\n        :param message: optional message for :exc:`TimeoutException`\n        :returns: the result of the last call to `method`\n        :raises: :exc:`selenium.common.exceptions.TimeoutException` if timeout occurs\n        \"\"\"\n        screen = None\n        stacktrace = None\n    \n        end_time = time.monotonic() + self._timeout\n        while True:\n            try:\n                value = method(self._driver)\n                if value:\n                    return value\n            except self._ignored_exceptions as exc:\n                screen = getattr(exc, \"screen\", None)\n                stacktrace = getattr(exc, \"stacktrace\", None)\n            time.sleep(self._poll)\n            if time.monotonic() > end_time:\n                break\n>       raise TimeoutException(message, screen, stacktrace)\nE       selenium.common.exceptions.TimeoutException: Message: \nE       Stacktrace:\nE       #0 0x5564498a8f83 <unknown>\nE       #1 0x556449561cf7 <unknown>\nE       #2 0x5564495b199e <unknown>\nE       #3 0x5564495b1aa1 <unknown>\nE       #4 0x5564495fcd64 <unknown>\nE       #5 0x5564495db0dd <unknown>\nE       #6 0x5564495fa006 <unknown>\nE       #7 0x5564495dae53 <unknown>\nE       #8 0x5564495a2dd4 <unknown>\nE       #9 0x5564495a41de <unknown>\nE       #10 0x55644986d531 <unknown>\nE       #11 0x556449871455 <unknown>\nE       #12 0x556449859f55 <unknown>\nE       #13 0x5564498720ef <unknown>\nE       #14 0x55644983d99f <unknown>\nE       #15 0x556449896008 <unknown>\nE       #16 0x5564498961d7 <unknown>\nE       #17 0x5564498a8124 <unknown>\nE       #18 0x7f7660494ac3 <unknown>\n\n.venv/lib/python3.12/site-packages/selenium/webdriver/support/wait.py:105: TimeoutException","steps":[{"name":"Click Login link","time":{"start":1705886268414,"stop":1705886278692,"duration":10278},"status":"broken","statusMessage":"selenium.common.exceptions.TimeoutException: Message: \nStacktrace:\n#0 0x5564498a8f83 <unknown>\n#1 0x556449561cf7 <unknown>\n#2 0x5564495b199e <unknown>\n#3 0x5564495b1aa1 <unknown>\n#4 0x5564495fcd64 <unknown>\n#5 0x5564495db0dd <unknown>\n#6 0x5564495fa006 <unknown>\n#7 0x5564495dae53 <unknown>\n#8 0x5564495a2dd4 <unknown>\n#9 0x5564495a41de <unknown>\n#10 0x55644986d531 <unknown>\n#11 0x556449871455 <unknown>\n#12 0x556449859f55 <unknown>\n#13 0x5564498720ef <unknown>\n#14 0x55644983d99f <unknown>\n#15 0x556449896008 <unknown>\n#16 0x5564498961d7 <unknown>\n#17 0x5564498a8124 <unknown>\n#18 0x7f7660494ac3 <unknown>\n\n","statusTrace":"  File \"/home/runner/work/Selenium-Python-Example/Selenium-Python-Example/.venv/lib/python3.12/site-packages/allure_commons/_allure.py\", line 192, in impl\n    return func(*a, **kw)\n           ^^^^^^^^^^^^^^\n  File \"/home/runner/work/Selenium-Python-Example/Selenium-Python-Example/pages/about_page.py\", line 20, in click_login_link\n    self.click(self.LOGIN_LINK)\n  File \"/home/runner/work/Selenium-Python-Example/Selenium-Python-Example/pages/base_page.py\", line 60, in click\n    el: WebElement = self.wait.until(\n                     ^^^^^^^^^^^^^^^^\n  File \"/home/runner/work/Selenium-Python-Example/Selenium-Python-Example/.venv/lib/python3.12/site-packages/selenium/webdriver/support/wait.py\", line 105, in until\n    raise TimeoutException(message, screen, stacktrace)\n","steps":[],"attachments":[],"parameters":[],"stepsCount":0,"attachmentsCount":0,"hasContent":true,"attachmentStep":false,"shouldDisplayMessage":true}],"attachments":[{"uid":"e2d412bd7a21cdef","name":"public ip address","source":"e2d412bd7a21cdef.txt","type":"text/plain","size":13},{"uid":"2953d6d8adf791ea","name":"Cookies","source":"2953d6d8adf791ea.json","type":"application/json","size":3872},{"uid":"5af52af3cf425b2e","name":"Session Storage","source":"5af52af3cf425b2e.json","type":"application/json","size":359},{"uid":"61e925aa80b032d9","name":"Local Storage","source":"61e925aa80b032d9.json","type":"application/json","size":208},{"uid":"5bf9a1538c88543","name":"Console Logs","source":"5bf9a1538c88543.json","type":"application/json","size":2},{"uid":"b50cdcbd426e2c4d","name":"Full Page Screenshot","source":"b50cdcbd426e2c4d.png","type":"image/png","size":5703661},{"uid":"9084e878a5713ca4","name":"URL","source":"9084e878a5713ca4.uri","type":"text/uri-list","size":23},{"uid":"d8ff731219dad32c","name":"Network Logs","source":"d8ff731219dad32c.json","type":"application/json","size":23237}],"parameters":[],"stepsCount":1,"attachmentsCount":8,"hasContent":true,"attachmentStep":false,"shouldDisplayMessage":true},"afterStages":[],"labels":[{"name":"severity","value":"blocker"},{"name":"epic","value":"Security"},{"name":"feature","value":"Login"},{"name":"tag","value":"run(order=3)"},{"name":"tag","value":"security"},{"name":"parentSuite","value":"tests"},{"name":"suite","value":"login_test"},{"name":"subSuite","value":"TestLogin"},{"name":"host","value":"fv-az700-666"},{"name":"thread","value":"2351-MainThread"},{"name":"framework","value":"pytest"},{"name":"language","value":"cpython3"},{"name":"package","value":"tests.login_test"},{"name":"resultFormat","value":"allure2"}],"parameters":[{"name":"email","value":"'elias@gmail.com'"},{"name":"password","value":"'12345Tr'"}],"links":[],"hidden":false,"retry":false,"extra":{"severity":"blocker","retries":[],"categories":[{"name":"Test defects","matchedStatuses":[],"flaky":false}],"tags":["run(order=3)","security"]},"source":"25c6b8fe945dd64f.json","parameterValues":["'elias@gmail.com'","'12345Tr'"]}