{"uid":"cf78d514f437d1aa","name":"Forgot Password with invalid email test","fullName":"tests.test_forgot_password.TestForgotPassword#test_invalid_email","historyId":"415bbb87c1005e344ea1c6b819fb2117","time":{"start":1675031689540,"stop":1675031702234,"duration":12694},"description":"Forgot Password with invalid email address","descriptionHtml":"<p>Forgot Password with invalid email address</p>\n","status":"broken","statusMessage":"selenium.common.exceptions.TimeoutException: Message: \nStacktrace:\n#0 0x558a6389b303 <unknown>\n#1 0x558a6366fd37 <unknown>\n#2 0x558a636ac5b2 <unknown>\n#3 0x558a636ac6c1 <unknown>\n#4 0x558a636e6b34 <unknown>\n#5 0x558a636cc9ad <unknown>\n#6 0x558a636e488c <unknown>\n#7 0x558a636cc753 <unknown>\n#8 0x558a6369fa14 <unknown>\n#9 0x558a636a0b7e <unknown>\n#10 0x558a638ea32e <unknown>\n#11 0x558a638edc0e <unknown>\n#12 0x558a638d0610 <unknown>\n#13 0x558a638eec23 <unknown>\n#14 0x558a638c2545 <unknown>\n#15 0x558a6390f6a8 <unknown>\n#16 0x558a6390f836 <unknown>\n#17 0x558a6392ad13 <unknown>\n#18 0x7faf1239db43 <unknown>","statusTrace":"self = <tests.test_forgot_password.TestForgotPassword object at 0x7f07613256a0>\n\n    @allure.description(\"Forgot Password with invalid email address\")\n    @allure.title(\"Forgot Password with invalid email test\")\n    def test_invalid_email(self):\n        emails = self.excel_reader.read_from_excel(\"Emails\")\n        self.pages['about_page'].click_login_link()\n        self.pages['login_page'].click_forgot_password()\n>       self.pages['forgot_password_page'].send_password_reset_link(emails[0])\n\ntests/test_forgot_password.py:30: \n_ _ _ _ _ _ _ _ _ _ _ _ _ _ _ _ _ _ _ _ _ _ _ _ _ _ _ _ _ _ _ _ _ _ _ _ _ _ _ _ \npages/forgot_password_page.py:19: in send_password_reset_link\n    self.fill_text(self.EMAIL_FIELD, email)\npages/base_page.py:22: in fill_text\n    el: WebElement = self._wait.until(expected_conditions.element_to_be_clickable(webelement))\n_ _ _ _ _ _ _ _ _ _ _ _ _ _ _ _ _ _ _ _ _ _ _ _ _ _ _ _ _ _ _ _ _ _ _ _ _ _ _ _ \n\nself = <selenium.webdriver.support.wait.WebDriverWait (session=\"c12758b82968d700bfe19c8634ea00fb\")>\nmethod = <function element_to_be_clickable.<locals>._predicate at 0x7f07611ff5e0>\nmessage = ''\n\n    def until(self, method, message: str = \"\"):\n        \"\"\"Calls the method provided with the driver as an argument until the \\\n        return value does not evaluate to ``False``.\n    \n        :param method: callable(WebDriver)\n        :param message: optional message for :exc:`TimeoutException`\n        :returns: the result of the last call to `method`\n        :raises: :exc:`selenium.common.exceptions.TimeoutException` if timeout occurs\n        \"\"\"\n        screen = None\n        stacktrace = None\n    \n        end_time = time.monotonic() + self._timeout\n        while True:\n            try:\n                value = method(self._driver)\n                if value:\n                    return value\n            except self._ignored_exceptions as exc:\n                screen = getattr(exc, \"screen\", None)\n                stacktrace = getattr(exc, \"stacktrace\", None)\n            time.sleep(self._poll)\n            if time.monotonic() > end_time:\n                break\n>       raise TimeoutException(message, screen, stacktrace)\nE       selenium.common.exceptions.TimeoutException: Message: \nE       Stacktrace:\nE       #0 0x558a6389b303 <unknown>\nE       #1 0x558a6366fd37 <unknown>\nE       #2 0x558a636ac5b2 <unknown>\nE       #3 0x558a636ac6c1 <unknown>\nE       #4 0x558a636e6b34 <unknown>\nE       #5 0x558a636cc9ad <unknown>\nE       #6 0x558a636e488c <unknown>\nE       #7 0x558a636cc753 <unknown>\nE       #8 0x558a6369fa14 <unknown>\nE       #9 0x558a636a0b7e <unknown>\nE       #10 0x558a638ea32e <unknown>\nE       #11 0x558a638edc0e <unknown>\nE       #12 0x558a638d0610 <unknown>\nE       #13 0x558a638eec23 <unknown>\nE       #14 0x558a638c2545 <unknown>\nE       #15 0x558a6390f6a8 <unknown>\nE       #16 0x558a6390f836 <unknown>\nE       #17 0x558a6392ad13 <unknown>\nE       #18 0x7faf1239db43 <unknown>\n\n/opt/hostedtoolcache/Python/3.9.16/x64/lib/python3.9/site-packages/selenium/webdriver/support/wait.py:95: TimeoutException","flaky":false,"newFailed":false,"newBroken":false,"newPassed":false,"retriesCount":0,"retriesStatusChange":false,"beforeStages":[{"name":"prep_properties","time":{"start":1675031608965,"stop":1675031608965,"duration":0},"status":"passed","steps":[],"attachments":[],"parameters":[],"attachmentsCount":0,"shouldDisplayMessage":false,"hasContent":false,"stepsCount":0},{"name":"write_allure_environment","time":{"start":1675031608966,"stop":1675031608966,"duration":0},"status":"passed","steps":[],"attachments":[],"parameters":[],"attachmentsCount":0,"shouldDisplayMessage":false,"hasContent":false,"stepsCount":0},{"name":"create_driver","time":{"start":1675031687194,"stop":1675031689538,"duration":2344},"status":"passed","steps":[],"attachments":[],"parameters":[],"attachmentsCount":0,"shouldDisplayMessage":false,"hasContent":false,"stepsCount":0},{"name":"injector","time":{"start":1675031689539,"stop":1675031689539,"duration":0},"status":"passed","steps":[],"attachments":[],"parameters":[],"attachmentsCount":0,"shouldDisplayMessage":false,"hasContent":false,"stepsCount":0},{"name":"pages","time":{"start":1675031689539,"stop":1675031689539,"duration":0},"status":"passed","steps":[],"attachments":[],"parameters":[],"attachmentsCount":0,"shouldDisplayMessage":false,"hasContent":false,"stepsCount":0}],"testStage":{"description":"Forgot Password with invalid email address","status":"broken","statusMessage":"selenium.common.exceptions.TimeoutException: Message: \nStacktrace:\n#0 0x558a6389b303 <unknown>\n#1 0x558a6366fd37 <unknown>\n#2 0x558a636ac5b2 <unknown>\n#3 0x558a636ac6c1 <unknown>\n#4 0x558a636e6b34 <unknown>\n#5 0x558a636cc9ad <unknown>\n#6 0x558a636e488c <unknown>\n#7 0x558a636cc753 <unknown>\n#8 0x558a6369fa14 <unknown>\n#9 0x558a636a0b7e <unknown>\n#10 0x558a638ea32e <unknown>\n#11 0x558a638edc0e <unknown>\n#12 0x558a638d0610 <unknown>\n#13 0x558a638eec23 <unknown>\n#14 0x558a638c2545 <unknown>\n#15 0x558a6390f6a8 <unknown>\n#16 0x558a6390f836 <unknown>\n#17 0x558a6392ad13 <unknown>\n#18 0x7faf1239db43 <unknown>","statusTrace":"self = <tests.test_forgot_password.TestForgotPassword object at 0x7f07613256a0>\n\n    @allure.description(\"Forgot Password with invalid email address\")\n    @allure.title(\"Forgot Password with invalid email test\")\n    def test_invalid_email(self):\n        emails = self.excel_reader.read_from_excel(\"Emails\")\n        self.pages['about_page'].click_login_link()\n        self.pages['login_page'].click_forgot_password()\n>       self.pages['forgot_password_page'].send_password_reset_link(emails[0])\n\ntests/test_forgot_password.py:30: \n_ _ _ _ _ _ _ _ _ _ _ _ _ _ _ _ _ _ _ _ _ _ _ _ _ _ _ _ _ _ _ _ _ _ _ _ _ _ _ _ \npages/forgot_password_page.py:19: in send_password_reset_link\n    self.fill_text(self.EMAIL_FIELD, email)\npages/base_page.py:22: in fill_text\n    el: WebElement = self._wait.until(expected_conditions.element_to_be_clickable(webelement))\n_ _ _ _ _ _ _ _ _ _ _ _ _ _ _ _ _ _ _ _ _ _ _ _ _ _ _ _ _ _ _ _ _ _ _ _ _ _ _ _ \n\nself = <selenium.webdriver.support.wait.WebDriverWait (session=\"c12758b82968d700bfe19c8634ea00fb\")>\nmethod = <function element_to_be_clickable.<locals>._predicate at 0x7f07611ff5e0>\nmessage = ''\n\n    def until(self, method, message: str = \"\"):\n        \"\"\"Calls the method provided with the driver as an argument until the \\\n        return value does not evaluate to ``False``.\n    \n        :param method: callable(WebDriver)\n        :param message: optional message for :exc:`TimeoutException`\n        :returns: the result of the last call to `method`\n        :raises: :exc:`selenium.common.exceptions.TimeoutException` if timeout occurs\n        \"\"\"\n        screen = None\n        stacktrace = None\n    \n        end_time = time.monotonic() + self._timeout\n        while True:\n            try:\n                value = method(self._driver)\n                if value:\n                    return value\n            except self._ignored_exceptions as exc:\n                screen = getattr(exc, \"screen\", None)\n                stacktrace = getattr(exc, \"stacktrace\", None)\n            time.sleep(self._poll)\n            if time.monotonic() > end_time:\n                break\n>       raise TimeoutException(message, screen, stacktrace)\nE       selenium.common.exceptions.TimeoutException: Message: \nE       Stacktrace:\nE       #0 0x558a6389b303 <unknown>\nE       #1 0x558a6366fd37 <unknown>\nE       #2 0x558a636ac5b2 <unknown>\nE       #3 0x558a636ac6c1 <unknown>\nE       #4 0x558a636e6b34 <unknown>\nE       #5 0x558a636cc9ad <unknown>\nE       #6 0x558a636e488c <unknown>\nE       #7 0x558a636cc753 <unknown>\nE       #8 0x558a6369fa14 <unknown>\nE       #9 0x558a636a0b7e <unknown>\nE       #10 0x558a638ea32e <unknown>\nE       #11 0x558a638edc0e <unknown>\nE       #12 0x558a638d0610 <unknown>\nE       #13 0x558a638eec23 <unknown>\nE       #14 0x558a638c2545 <unknown>\nE       #15 0x558a6390f6a8 <unknown>\nE       #16 0x558a6390f836 <unknown>\nE       #17 0x558a6392ad13 <unknown>\nE       #18 0x7faf1239db43 <unknown>\n\n/opt/hostedtoolcache/Python/3.9.16/x64/lib/python3.9/site-packages/selenium/webdriver/support/wait.py:95: TimeoutException","steps":[{"name":"Click Login link","time":{"start":1675031689557,"stop":1675031690551,"duration":994},"status":"passed","steps":[],"attachments":[],"parameters":[],"attachmentsCount":0,"shouldDisplayMessage":false,"hasContent":false,"stepsCount":0},{"name":"Click Forgot Password link","time":{"start":1675031690551,"stop":1675031691197,"duration":646},"status":"passed","steps":[],"attachments":[],"parameters":[],"attachmentsCount":0,"shouldDisplayMessage":false,"hasContent":false,"stepsCount":0},{"name":"Send password reset link to email address: 'something@gmail.com'","time":{"start":1675031691197,"stop":1675031702233,"duration":11036},"status":"broken","statusMessage":"selenium.common.exceptions.TimeoutException: Message: \nStacktrace:\n#0 0x558a6389b303 <unknown>\n#1 0x558a6366fd37 <unknown>\n#2 0x558a636ac5b2 <unknown>\n#3 0x558a636ac6c1 <unknown>\n#4 0x558a636e6b34 <unknown>\n#5 0x558a636cc9ad <unknown>\n#6 0x558a636e488c <unknown>\n#7 0x558a636cc753 <unknown>\n#8 0x558a6369fa14 <unknown>\n#9 0x558a636a0b7e <unknown>\n#10 0x558a638ea32e <unknown>\n#11 0x558a638edc0e <unknown>\n#12 0x558a638d0610 <unknown>\n#13 0x558a638eec23 <unknown>\n#14 0x558a638c2545 <unknown>\n#15 0x558a6390f6a8 <unknown>\n#16 0x558a6390f836 <unknown>\n#17 0x558a6392ad13 <unknown>\n#18 0x7faf1239db43 <unknown>\n\n","statusTrace":"  File \"/opt/hostedtoolcache/Python/3.9.16/x64/lib/python3.9/site-packages/allure_commons/_allure.py\", line 192, in impl\n    return func(*a, **kw)\n  File \"/home/runner/work/Selenium-Python-Example/Selenium-Python-Example/pages/forgot_password_page.py\", line 19, in send_password_reset_link\n    self.fill_text(self.EMAIL_FIELD, email)\n  File \"/home/runner/work/Selenium-Python-Example/Selenium-Python-Example/pages/base_page.py\", line 22, in fill_text\n    el: WebElement = self._wait.until(expected_conditions.element_to_be_clickable(webelement))\n  File \"/opt/hostedtoolcache/Python/3.9.16/x64/lib/python3.9/site-packages/selenium/webdriver/support/wait.py\", line 95, in until\n    raise TimeoutException(message, screen, stacktrace)\n","steps":[],"attachments":[],"parameters":[{"name":"email","value":"'something@gmail.com'"}],"attachmentsCount":0,"shouldDisplayMessage":true,"hasContent":true,"stepsCount":0}],"attachments":[],"parameters":[],"attachmentsCount":0,"shouldDisplayMessage":true,"hasContent":true,"stepsCount":3},"afterStages":[{"name":"create_driver::0","time":{"start":1675031702242,"stop":1675031702380,"duration":138},"status":"passed","steps":[],"attachments":[{"uid":"d35246d8ed3d963a","name":"screenshot on failure: 29/01/2023, 22:35:02","source":"d35246d8ed3d963a.png","type":"image/png","size":59545},{"uid":"d167456ed6834ab4","name":"public ip address","source":"d167456ed6834ab4.txt","type":"text/plain","size":15}],"parameters":[],"attachmentsCount":2,"shouldDisplayMessage":false,"hasContent":true,"stepsCount":0},{"name":"write_allure_environment::0","time":{"start":1675031717333,"stop":1675031717337,"duration":4},"status":"passed","steps":[],"attachments":[],"parameters":[],"attachmentsCount":0,"shouldDisplayMessage":false,"hasContent":false,"stepsCount":0}],"labels":[{"name":"epic","value":"Security"},{"name":"severity","value":"critical"},{"name":"story","value":"Forgot Password Feature's Functionality"},{"name":"tag","value":"security"},{"name":"parentSuite","value":"tests"},{"name":"suite","value":"test_forgot_password"},{"name":"subSuite","value":"TestForgotPassword"},{"name":"host","value":"fv-az407-541"},{"name":"thread","value":"2173-MainThread"},{"name":"framework","value":"pytest"},{"name":"language","value":"cpython3"},{"name":"package","value":"tests.test_forgot_password"},{"name":"resultFormat","value":"allure2"}],"parameters":[],"links":[],"hidden":false,"retry":false,"extra":{"severity":"critical","retries":[],"categories":[{"name":"Test defects","matchedStatuses":[],"flaky":false}],"tags":["security"]},"source":"cf78d514f437d1aa.json","parameterValues":[]}