{"uid":"9b8f7115e8e35039","name":"Forgot Password with invalid email test","fullName":"tests.test_forgot_password.TestForgotPassword#test_invalid_email","historyId":"3743e16c5d15da2a1434ee4e2dd39a43","time":{"start":1688966589205,"stop":1688966599462,"duration":10257},"description":"Forgot Password with invalid email address","descriptionHtml":"<p>Forgot Password with invalid email address</p>\n","status":"broken","statusMessage":"selenium.common.exceptions.TimeoutException: Message: \nStacktrace:\n#0 0x5615f84584e3 <unknown>\n#1 0x5615f8187c76 <unknown>\n#2 0x5615f81c3c96 <unknown>\n#3 0x5615f81c3dc1 <unknown>\n#4 0x5615f81fd7f4 <unknown>\n#5 0x5615f81e303d <unknown>\n#6 0x5615f81fb30e <unknown>\n#7 0x5615f81e2de3 <unknown>\n#8 0x5615f81b82dd <unknown>\n#9 0x5615f81b934e <unknown>\n#10 0x5615f84183e4 <unknown>\n#11 0x5615f841c3d7 <unknown>\n#12 0x5615f8426b20 <unknown>\n#13 0x5615f841d023 <unknown>\n#14 0x5615f83eb1aa <unknown>\n#15 0x5615f84416b8 <unknown>\n#16 0x5615f8441847 <unknown>\n#17 0x5615f8451243 <unknown>\n#18 0x7fda0707eb43 <unknown>","statusTrace":"self = <tests.test_forgot_password.TestForgotPassword object at 0x7f10b91b49d0>\nexcel_reader = <utils.excel_parser.ExcelParser object at 0x7f10b85b68d0>\njson_data = {'forgot_password': {'error_message': \"We can't find a user with that e-mail address.\", 'success_message': 'A reset li...you page', 'name': 'test', 'new_name': 'another test', 'no_project_found_msg': 'No project matches the criteria', ...}}\n\n    @allure.description(\"Forgot Password with invalid email address\")\n    @allure.title(\"Forgot Password with invalid email test\")\n    def test_invalid_email(self, excel_reader, json_data: dict):\n        emails = excel_reader.read_from_excel(\"Emails\")\n>       self.about_page.click_login_link()\n\ntests/test_forgot_password.py:30: \n_ _ _ _ _ _ _ _ _ _ _ _ _ _ _ _ _ _ _ _ _ _ _ _ _ _ _ _ _ _ _ _ _ _ _ _ _ _ _ _ \npages/about_page.py:20: in click_login_link\n    self.click(self.LOGIN_LINK)\npages/base_page.py:38: in click\n    el: WebElement = self.wait.until(\n_ _ _ _ _ _ _ _ _ _ _ _ _ _ _ _ _ _ _ _ _ _ _ _ _ _ _ _ _ _ _ _ _ _ _ _ _ _ _ _ \n\nself = <selenium.webdriver.support.wait.WebDriverWait (session=\"6f30c56b26914dac30d3680495ad43f1\")>\nmethod = <function element_to_be_clickable.<locals>._predicate at 0x7f10b87b9080>\nmessage = ''\n\n    def until(self, method, message: str = \"\"):\n        \"\"\"Calls the method provided with the driver as an argument until the \\\n        return value does not evaluate to ``False``.\n    \n        :param method: callable(WebDriver)\n        :param message: optional message for :exc:`TimeoutException`\n        :returns: the result of the last call to `method`\n        :raises: :exc:`selenium.common.exceptions.TimeoutException` if timeout occurs\n        \"\"\"\n        screen = None\n        stacktrace = None\n    \n        end_time = time.monotonic() + self._timeout\n        while True:\n            try:\n                value = method(self._driver)\n                if value:\n                    return value\n            except self._ignored_exceptions as exc:\n                screen = getattr(exc, \"screen\", None)\n                stacktrace = getattr(exc, \"stacktrace\", None)\n            time.sleep(self._poll)\n            if time.monotonic() > end_time:\n                break\n>       raise TimeoutException(message, screen, stacktrace)\nE       selenium.common.exceptions.TimeoutException: Message: \nE       Stacktrace:\nE       #0 0x5615f84584e3 <unknown>\nE       #1 0x5615f8187c76 <unknown>\nE       #2 0x5615f81c3c96 <unknown>\nE       #3 0x5615f81c3dc1 <unknown>\nE       #4 0x5615f81fd7f4 <unknown>\nE       #5 0x5615f81e303d <unknown>\nE       #6 0x5615f81fb30e <unknown>\nE       #7 0x5615f81e2de3 <unknown>\nE       #8 0x5615f81b82dd <unknown>\nE       #9 0x5615f81b934e <unknown>\nE       #10 0x5615f84183e4 <unknown>\nE       #11 0x5615f841c3d7 <unknown>\nE       #12 0x5615f8426b20 <unknown>\nE       #13 0x5615f841d023 <unknown>\nE       #14 0x5615f83eb1aa <unknown>\nE       #15 0x5615f84416b8 <unknown>\nE       #16 0x5615f8441847 <unknown>\nE       #17 0x5615f8451243 <unknown>\nE       #18 0x7fda0707eb43 <unknown>\n\n.venv/lib/python3.11/site-packages/selenium/webdriver/support/wait.py:95: TimeoutException","flaky":false,"newFailed":false,"newBroken":false,"newPassed":false,"retriesCount":0,"retriesStatusChange":false,"beforeStages":[{"name":"json_data","time":{"start":1688966381303,"stop":1688966381303,"duration":0},"status":"passed","steps":[],"attachments":[],"parameters":[],"stepsCount":0,"attachmentsCount":0,"shouldDisplayMessage":false,"hasContent":false},{"name":"excel_reader","time":{"start":1688966589204,"stop":1688966589204,"duration":0},"status":"passed","steps":[],"attachments":[],"parameters":[],"stepsCount":0,"attachmentsCount":0,"shouldDisplayMessage":false,"hasContent":false}],"testStage":{"description":"Forgot Password with invalid email address","status":"broken","statusMessage":"selenium.common.exceptions.TimeoutException: Message: \nStacktrace:\n#0 0x5615f84584e3 <unknown>\n#1 0x5615f8187c76 <unknown>\n#2 0x5615f81c3c96 <unknown>\n#3 0x5615f81c3dc1 <unknown>\n#4 0x5615f81fd7f4 <unknown>\n#5 0x5615f81e303d <unknown>\n#6 0x5615f81fb30e <unknown>\n#7 0x5615f81e2de3 <unknown>\n#8 0x5615f81b82dd <unknown>\n#9 0x5615f81b934e <unknown>\n#10 0x5615f84183e4 <unknown>\n#11 0x5615f841c3d7 <unknown>\n#12 0x5615f8426b20 <unknown>\n#13 0x5615f841d023 <unknown>\n#14 0x5615f83eb1aa <unknown>\n#15 0x5615f84416b8 <unknown>\n#16 0x5615f8441847 <unknown>\n#17 0x5615f8451243 <unknown>\n#18 0x7fda0707eb43 <unknown>","statusTrace":"self = <tests.test_forgot_password.TestForgotPassword object at 0x7f10b91b49d0>\nexcel_reader = <utils.excel_parser.ExcelParser object at 0x7f10b85b68d0>\njson_data = {'forgot_password': {'error_message': \"We can't find a user with that e-mail address.\", 'success_message': 'A reset li...you page', 'name': 'test', 'new_name': 'another test', 'no_project_found_msg': 'No project matches the criteria', ...}}\n\n    @allure.description(\"Forgot Password with invalid email address\")\n    @allure.title(\"Forgot Password with invalid email test\")\n    def test_invalid_email(self, excel_reader, json_data: dict):\n        emails = excel_reader.read_from_excel(\"Emails\")\n>       self.about_page.click_login_link()\n\ntests/test_forgot_password.py:30: \n_ _ _ _ _ _ _ _ _ _ _ _ _ _ _ _ _ _ _ _ _ _ _ _ _ _ _ _ _ _ _ _ _ _ _ _ _ _ _ _ \npages/about_page.py:20: in click_login_link\n    self.click(self.LOGIN_LINK)\npages/base_page.py:38: in click\n    el: WebElement = self.wait.until(\n_ _ _ _ _ _ _ _ _ _ _ _ _ _ _ _ _ _ _ _ _ _ _ _ _ _ _ _ _ _ _ _ _ _ _ _ _ _ _ _ \n\nself = <selenium.webdriver.support.wait.WebDriverWait (session=\"6f30c56b26914dac30d3680495ad43f1\")>\nmethod = <function element_to_be_clickable.<locals>._predicate at 0x7f10b87b9080>\nmessage = ''\n\n    def until(self, method, message: str = \"\"):\n        \"\"\"Calls the method provided with the driver as an argument until the \\\n        return value does not evaluate to ``False``.\n    \n        :param method: callable(WebDriver)\n        :param message: optional message for :exc:`TimeoutException`\n        :returns: the result of the last call to `method`\n        :raises: :exc:`selenium.common.exceptions.TimeoutException` if timeout occurs\n        \"\"\"\n        screen = None\n        stacktrace = None\n    \n        end_time = time.monotonic() + self._timeout\n        while True:\n            try:\n                value = method(self._driver)\n                if value:\n                    return value\n            except self._ignored_exceptions as exc:\n                screen = getattr(exc, \"screen\", None)\n                stacktrace = getattr(exc, \"stacktrace\", None)\n            time.sleep(self._poll)\n            if time.monotonic() > end_time:\n                break\n>       raise TimeoutException(message, screen, stacktrace)\nE       selenium.common.exceptions.TimeoutException: Message: \nE       Stacktrace:\nE       #0 0x5615f84584e3 <unknown>\nE       #1 0x5615f8187c76 <unknown>\nE       #2 0x5615f81c3c96 <unknown>\nE       #3 0x5615f81c3dc1 <unknown>\nE       #4 0x5615f81fd7f4 <unknown>\nE       #5 0x5615f81e303d <unknown>\nE       #6 0x5615f81fb30e <unknown>\nE       #7 0x5615f81e2de3 <unknown>\nE       #8 0x5615f81b82dd <unknown>\nE       #9 0x5615f81b934e <unknown>\nE       #10 0x5615f84183e4 <unknown>\nE       #11 0x5615f841c3d7 <unknown>\nE       #12 0x5615f8426b20 <unknown>\nE       #13 0x5615f841d023 <unknown>\nE       #14 0x5615f83eb1aa <unknown>\nE       #15 0x5615f84416b8 <unknown>\nE       #16 0x5615f8441847 <unknown>\nE       #17 0x5615f8451243 <unknown>\nE       #18 0x7fda0707eb43 <unknown>\n\n.venv/lib/python3.11/site-packages/selenium/webdriver/support/wait.py:95: TimeoutException","steps":[{"name":"Click Login link","time":{"start":1688966589207,"stop":1688966599462,"duration":10255},"status":"broken","statusMessage":"selenium.common.exceptions.TimeoutException: Message: \nStacktrace:\n#0 0x5615f84584e3 <unknown>\n#1 0x5615f8187c76 <unknown>\n#2 0x5615f81c3c96 <unknown>\n#3 0x5615f81c3dc1 <unknown>\n#4 0x5615f81fd7f4 <unknown>\n#5 0x5615f81e303d <unknown>\n#6 0x5615f81fb30e <unknown>\n#7 0x5615f81e2de3 <unknown>\n#8 0x5615f81b82dd <unknown>\n#9 0x5615f81b934e <unknown>\n#10 0x5615f84183e4 <unknown>\n#11 0x5615f841c3d7 <unknown>\n#12 0x5615f8426b20 <unknown>\n#13 0x5615f841d023 <unknown>\n#14 0x5615f83eb1aa <unknown>\n#15 0x5615f84416b8 <unknown>\n#16 0x5615f8441847 <unknown>\n#17 0x5615f8451243 <unknown>\n#18 0x7fda0707eb43 <unknown>\n\n","statusTrace":"  File \"/home/runner/work/Selenium-Python-Example/Selenium-Python-Example/.venv/lib/python3.11/site-packages/allure_commons/_allure.py\", line 192, in impl\n    return func(*a, **kw)\n           ^^^^^^^^^^^^^^\n  File \"/home/runner/work/Selenium-Python-Example/Selenium-Python-Example/pages/about_page.py\", line 20, in click_login_link\n    self.click(self.LOGIN_LINK)\n  File \"/home/runner/work/Selenium-Python-Example/Selenium-Python-Example/pages/base_page.py\", line 38, in click\n    el: WebElement = self.wait.until(\n                     ^^^^^^^^^^^^^^^^\n  File \"/home/runner/work/Selenium-Python-Example/Selenium-Python-Example/.venv/lib/python3.11/site-packages/selenium/webdriver/support/wait.py\", line 95, in until\n    raise TimeoutException(message, screen, stacktrace)\n","steps":[],"attachments":[],"parameters":[],"stepsCount":0,"attachmentsCount":0,"shouldDisplayMessage":true,"hasContent":true}],"attachments":[{"uid":"865ec86d173a88ce","name":"public ip address","source":"865ec86d173a88ce.txt","type":"text/plain","size":13},{"uid":"e32a7f83fc36ca55","name":"Cookies","source":"e32a7f83fc36ca55.json","type":"application/json","size":3280},{"uid":"397ee20551076fdf","name":"Session Storage","source":"397ee20551076fdf.json","type":"application/json","size":2},{"uid":"cbc31bcc5d2aa235","name":"Local Storage","source":"cbc31bcc5d2aa235.json","type":"application/json","size":208},{"uid":"38cf49bb697b8e2","name":"Console Logs","source":"38cf49bb697b8e2.json","type":"application/json","size":2},{"uid":"3eec16cb4343e8cc","name":"Full Page Screenshot","source":"3eec16cb4343e8cc.png","type":"image/png","size":2759643},{"uid":"b2dec45be4e1add0","name":"URL","source":"b2dec45be4e1add0.uri","type":"text/uri-list","size":23},{"uid":"8841c3bbc47913c1","name":"Network Logs","source":"8841c3bbc47913c1.json","type":"application/json","size":47516}],"parameters":[],"stepsCount":1,"attachmentsCount":8,"shouldDisplayMessage":true,"hasContent":true},"afterStages":[],"labels":[{"name":"severity","value":"critical"},{"name":"story","value":"Forgot Password Feature's Functionality"},{"name":"epic","value":"Security"},{"name":"tag","value":"security"},{"name":"parentSuite","value":"tests"},{"name":"suite","value":"test_forgot_password"},{"name":"subSuite","value":"TestForgotPassword"},{"name":"host","value":"fv-az673-647"},{"name":"thread","value":"2281-MainThread"},{"name":"framework","value":"pytest"},{"name":"language","value":"cpython3"},{"name":"package","value":"tests.test_forgot_password"},{"name":"resultFormat","value":"allure2"}],"parameters":[],"links":[],"hidden":false,"retry":false,"extra":{"severity":"critical","retries":[],"categories":[{"name":"Test defects","matchedStatuses":[],"flaky":false}],"tags":["security"]},"source":"9b8f7115e8e35039.json","parameterValues":[]}