{"uid":"e14ba051c228c41","name":"Add project to workspace test","fullName":"tests.workspaces_test.TestWorkspaces#test_add_project_to_workspace","historyId":"557b6733f5784cd469824aeac0e8ff06","time":{"start":1735349807370,"stop":1735349807370,"duration":0},"description":"Selecting and adding a project to workspace","descriptionHtml":"<p>Selecting and adding a project to workspace</p>\n","status":"broken","statusMessage":"selenium.common.exceptions.TimeoutException: Message: \nStacktrace:\n#0 0x55de9116d31a <unknown>\n#1 0x55de90c836e0 <unknown>\n#2 0x55de90cd23e6 <unknown>\n#3 0x55de90cd2681 <unknown>\n#4 0x55de90d17b04 <unknown>\n#5 0x55de90cf648d <unknown>\n#6 0x55de90d14ed7 <unknown>\n#7 0x55de90cf6203 <unknown>\n#8 0x55de90cc4cc0 <unknown>\n#9 0x55de90cc5c9e <unknown>\n#10 0x55de9113ad0b <unknown>\n#11 0x55de9113ec92 <unknown>\n#12 0x55de91127b3c <unknown>\n#13 0x55de9113f807 <unknown>\n#14 0x55de9110d0df <unknown>\n#15 0x55de9115c578 <unknown>\n#16 0x55de9115c740 <unknown>\n#17 0x55de9116c196 <unknown>\n#18 0x7f9d9049ca94 <unknown>\n#19 0x7f9d90529c3c <unknown>","statusTrace":"self = <tests.workspaces_test.TestWorkspaces object at 0x7f75d7dd98e0>\n\n    @pytest.fixture(autouse=True)\n    def setup_method_fixture(self):\n>       login(self.about_page, self.login_page)\n\ntests/workspaces_test.py:25: \n_ _ _ _ _ _ _ _ _ _ _ _ _ _ _ _ _ _ _ _ _ _ _ _ _ _ _ _ _ _ _ _ _ _ _ _ _ _ _ _ \ntests/workspaces_test.py:15: in login\n    about_page.click_login_link()\npages/about_page.py:20: in click_login_link\n    self.click(self.LOGIN_LINK)\npages/base_page.py:60: in click\n    el: WebElement = self.wait.until(\n_ _ _ _ _ _ _ _ _ _ _ _ _ _ _ _ _ _ _ _ _ _ _ _ _ _ _ _ _ _ _ _ _ _ _ _ _ _ _ _ \n\nself = <selenium.webdriver.support.wait.WebDriverWait (session=\"caec7b69978fd2f44541b49ce69e9aa3\")>\nmethod = <function element_to_be_clickable.<locals>._predicate at 0x7f75d7610a40>\nmessage = ''\n\n    def until(self, method: Callable[[D], Union[Literal[False], T]], message: str = \"\") -> T:\n        \"\"\"Calls the method provided with the driver as an argument until the \\\n        return value does not evaluate to ``False``.\n    \n        :param method: callable(WebDriver)\n        :param message: optional message for :exc:`TimeoutException`\n        :returns: the result of the last call to `method`\n        :raises: :exc:`selenium.common.exceptions.TimeoutException` if timeout occurs\n        \"\"\"\n        screen = None\n        stacktrace = None\n    \n        end_time = time.monotonic() + self._timeout\n        while True:\n            try:\n                value = method(self._driver)\n                if value:\n                    return value\n            except self._ignored_exceptions as exc:\n                screen = getattr(exc, \"screen\", None)\n                stacktrace = getattr(exc, \"stacktrace\", None)\n            if time.monotonic() > end_time:\n                break\n            time.sleep(self._poll)\n>       raise TimeoutException(message, screen, stacktrace)\nE       selenium.common.exceptions.TimeoutException: Message: \nE       Stacktrace:\nE       #0 0x55de9116d31a <unknown>\nE       #1 0x55de90c836e0 <unknown>\nE       #2 0x55de90cd23e6 <unknown>\nE       #3 0x55de90cd2681 <unknown>\nE       #4 0x55de90d17b04 <unknown>\nE       #5 0x55de90cf648d <unknown>\nE       #6 0x55de90d14ed7 <unknown>\nE       #7 0x55de90cf6203 <unknown>\nE       #8 0x55de90cc4cc0 <unknown>\nE       #9 0x55de90cc5c9e <unknown>\nE       #10 0x55de9113ad0b <unknown>\nE       #11 0x55de9113ec92 <unknown>\nE       #12 0x55de91127b3c <unknown>\nE       #13 0x55de9113f807 <unknown>\nE       #14 0x55de9110d0df <unknown>\nE       #15 0x55de9115c578 <unknown>\nE       #16 0x55de9115c740 <unknown>\nE       #17 0x55de9116c196 <unknown>\nE       #18 0x7f9d9049ca94 <unknown>\nE       #19 0x7f9d90529c3c <unknown>\n\n.venv/lib/python3.12/site-packages/selenium/webdriver/support/wait.py:105: TimeoutException","flaky":false,"newFailed":false,"newBroken":false,"newPassed":false,"retriesCount":0,"retriesStatusChange":false,"beforeStages":[{"name":"base_url","time":{"start":1735349716051,"stop":1735349716051,"duration":0},"status":"passed","steps":[],"attachments":[],"parameters":[],"shouldDisplayMessage":false,"stepsCount":0,"attachmentsCount":0,"hasContent":false,"attachmentStep":false},{"name":"session_request","time":{"start":1735349716052,"stop":1735349716052,"duration":0},"status":"passed","steps":[],"attachments":[],"parameters":[],"shouldDisplayMessage":false,"stepsCount":0,"attachmentsCount":0,"hasContent":false,"attachmentStep":false},{"name":"_verify_url","time":{"start":1735349716052,"stop":1735349716052,"duration":0},"status":"passed","steps":[],"attachments":[],"parameters":[],"shouldDisplayMessage":false,"stepsCount":0,"attachmentsCount":0,"hasContent":false,"attachmentStep":false},{"name":"data","time":{"start":1735349716052,"stop":1735349716053,"duration":1},"status":"passed","steps":[],"attachments":[],"parameters":[],"shouldDisplayMessage":false,"stepsCount":0,"attachmentsCount":0,"hasContent":false,"attachmentStep":false},{"name":"setup_method_fixture","time":{"start":1735349809703,"stop":1735349819849,"duration":10146},"status":"broken","statusMessage":"selenium.common.exceptions.TimeoutException: Message: \nStacktrace:\n#0 0x55de9116d31a <unknown>\n#1 0x55de90c836e0 <unknown>\n#2 0x55de90cd23e6 <unknown>\n#3 0x55de90cd2681 <unknown>\n#4 0x55de90d17b04 <unknown>\n#5 0x55de90cf648d <unknown>\n#6 0x55de90d14ed7 <unknown>\n#7 0x55de90cf6203 <unknown>\n#8 0x55de90cc4cc0 <unknown>\n#9 0x55de90cc5c9e <unknown>\n#10 0x55de9113ad0b <unknown>\n#11 0x55de9113ec92 <unknown>\n#12 0x55de91127b3c <unknown>\n#13 0x55de9113f807 <unknown>\n#14 0x55de9110d0df <unknown>\n#15 0x55de9115c578 <unknown>\n#16 0x55de9115c740 <unknown>\n#17 0x55de9116c196 <unknown>\n#18 0x7f9d9049ca94 <unknown>\n#19 0x7f9d90529c3c <unknown>\n\n","statusTrace":"  File \"/home/runner/work/Selenium-Python-Example/Selenium-Python-Example/.venv/lib/python3.12/site-packages/pluggy/_callers.py\", line 167, in _multicall\n    teardown.throw(outcome._exception)\n  File \"/home/runner/work/Selenium-Python-Example/Selenium-Python-Example/.venv/lib/python3.12/site-packages/_pytest/setuponly.py\", line 36, in pytest_fixture_setup\n    return (yield)\n            ^^^^^\n  File \"/home/runner/work/Selenium-Python-Example/Selenium-Python-Example/.venv/lib/python3.12/site-packages/pluggy/_callers.py\", line 103, in _multicall\n    res = hook_impl.function(*args)\n          ^^^^^^^^^^^^^^^^^^^^^^^^^\n  File \"/home/runner/work/Selenium-Python-Example/Selenium-Python-Example/.venv/lib/python3.12/site-packages/_pytest/fixtures.py\", line 1140, in pytest_fixture_setup\n    result = call_fixture_func(fixturefunc, request, kwargs)\n             ^^^^^^^^^^^^^^^^^^^^^^^^^^^^^^^^^^^^^^^^^^^^^^^\n  File \"/home/runner/work/Selenium-Python-Example/Selenium-Python-Example/.venv/lib/python3.12/site-packages/_pytest/fixtures.py\", line 898, in call_fixture_func\n    fixture_result = fixturefunc(**kwargs)\n                     ^^^^^^^^^^^^^^^^^^^^^\n  File \"/home/runner/work/Selenium-Python-Example/Selenium-Python-Example/tests/workspaces_test.py\", line 25, in setup_method_fixture\n    login(self.about_page, self.login_page)\n  File \"/home/runner/work/Selenium-Python-Example/Selenium-Python-Example/tests/workspaces_test.py\", line 15, in login\n    about_page.click_login_link()\n  File \"/home/runner/work/Selenium-Python-Example/Selenium-Python-Example/.venv/lib/python3.12/site-packages/allure_commons/_allure.py\", line 192, in impl\n    return func(*a, **kw)\n           ^^^^^^^^^^^^^^\n  File \"/home/runner/work/Selenium-Python-Example/Selenium-Python-Example/pages/about_page.py\", line 20, in click_login_link\n    self.click(self.LOGIN_LINK)\n  File \"/home/runner/work/Selenium-Python-Example/Selenium-Python-Example/pages/base_page.py\", line 60, in click\n    el: WebElement = self.wait.until(\n                     ^^^^^^^^^^^^^^^^\n  File \"/home/runner/work/Selenium-Python-Example/Selenium-Python-Example/.venv/lib/python3.12/site-packages/selenium/webdriver/support/wait.py\", line 105, in until\n    raise TimeoutException(message, screen, stacktrace)\n","steps":[{"name":"Click Login link","time":{"start":1735349809703,"stop":1735349819849,"duration":10146},"status":"broken","statusMessage":"selenium.common.exceptions.TimeoutException: Message: \nStacktrace:\n#0 0x55de9116d31a <unknown>\n#1 0x55de90c836e0 <unknown>\n#2 0x55de90cd23e6 <unknown>\n#3 0x55de90cd2681 <unknown>\n#4 0x55de90d17b04 <unknown>\n#5 0x55de90cf648d <unknown>\n#6 0x55de90d14ed7 <unknown>\n#7 0x55de90cf6203 <unknown>\n#8 0x55de90cc4cc0 <unknown>\n#9 0x55de90cc5c9e <unknown>\n#10 0x55de9113ad0b <unknown>\n#11 0x55de9113ec92 <unknown>\n#12 0x55de91127b3c <unknown>\n#13 0x55de9113f807 <unknown>\n#14 0x55de9110d0df <unknown>\n#15 0x55de9115c578 <unknown>\n#16 0x55de9115c740 <unknown>\n#17 0x55de9116c196 <unknown>\n#18 0x7f9d9049ca94 <unknown>\n#19 0x7f9d90529c3c <unknown>\n\n","statusTrace":"  File \"/home/runner/work/Selenium-Python-Example/Selenium-Python-Example/.venv/lib/python3.12/site-packages/allure_commons/_allure.py\", line 192, in impl\n    return func(*a, **kw)\n           ^^^^^^^^^^^^^^\n  File \"/home/runner/work/Selenium-Python-Example/Selenium-Python-Example/pages/about_page.py\", line 20, in click_login_link\n    self.click(self.LOGIN_LINK)\n  File \"/home/runner/work/Selenium-Python-Example/Selenium-Python-Example/pages/base_page.py\", line 60, in click\n    el: WebElement = self.wait.until(\n                     ^^^^^^^^^^^^^^^^\n  File \"/home/runner/work/Selenium-Python-Example/Selenium-Python-Example/.venv/lib/python3.12/site-packages/selenium/webdriver/support/wait.py\", line 105, in until\n    raise TimeoutException(message, screen, stacktrace)\n","steps":[],"attachments":[],"parameters":[],"shouldDisplayMessage":true,"stepsCount":0,"attachmentsCount":0,"hasContent":true,"attachmentStep":false}],"attachments":[],"parameters":[],"shouldDisplayMessage":false,"stepsCount":1,"attachmentsCount":0,"hasContent":true,"attachmentStep":false}],"testStage":{"description":"Selecting and adding a project to workspace","status":"broken","statusMessage":"selenium.common.exceptions.TimeoutException: Message: \nStacktrace:\n#0 0x55de9116d31a <unknown>\n#1 0x55de90c836e0 <unknown>\n#2 0x55de90cd23e6 <unknown>\n#3 0x55de90cd2681 <unknown>\n#4 0x55de90d17b04 <unknown>\n#5 0x55de90cf648d <unknown>\n#6 0x55de90d14ed7 <unknown>\n#7 0x55de90cf6203 <unknown>\n#8 0x55de90cc4cc0 <unknown>\n#9 0x55de90cc5c9e <unknown>\n#10 0x55de9113ad0b <unknown>\n#11 0x55de9113ec92 <unknown>\n#12 0x55de91127b3c <unknown>\n#13 0x55de9113f807 <unknown>\n#14 0x55de9110d0df <unknown>\n#15 0x55de9115c578 <unknown>\n#16 0x55de9115c740 <unknown>\n#17 0x55de9116c196 <unknown>\n#18 0x7f9d9049ca94 <unknown>\n#19 0x7f9d90529c3c <unknown>","statusTrace":"self = <tests.workspaces_test.TestWorkspaces object at 0x7f75d7dd98e0>\n\n    @pytest.fixture(autouse=True)\n    def setup_method_fixture(self):\n>       login(self.about_page, self.login_page)\n\ntests/workspaces_test.py:25: \n_ _ _ _ _ _ _ _ _ _ _ _ _ _ _ _ _ _ _ _ _ _ _ _ _ _ _ _ _ _ _ _ _ _ _ _ _ _ _ _ \ntests/workspaces_test.py:15: in login\n    about_page.click_login_link()\npages/about_page.py:20: in click_login_link\n    self.click(self.LOGIN_LINK)\npages/base_page.py:60: in click\n    el: WebElement = self.wait.until(\n_ _ _ _ _ _ _ _ _ _ _ _ _ _ _ _ _ _ _ _ _ _ _ _ _ _ _ _ _ _ _ _ _ _ _ _ _ _ _ _ \n\nself = <selenium.webdriver.support.wait.WebDriverWait (session=\"caec7b69978fd2f44541b49ce69e9aa3\")>\nmethod = <function element_to_be_clickable.<locals>._predicate at 0x7f75d7610a40>\nmessage = ''\n\n    def until(self, method: Callable[[D], Union[Literal[False], T]], message: str = \"\") -> T:\n        \"\"\"Calls the method provided with the driver as an argument until the \\\n        return value does not evaluate to ``False``.\n    \n        :param method: callable(WebDriver)\n        :param message: optional message for :exc:`TimeoutException`\n        :returns: the result of the last call to `method`\n        :raises: :exc:`selenium.common.exceptions.TimeoutException` if timeout occurs\n        \"\"\"\n        screen = None\n        stacktrace = None\n    \n        end_time = time.monotonic() + self._timeout\n        while True:\n            try:\n                value = method(self._driver)\n                if value:\n                    return value\n            except self._ignored_exceptions as exc:\n                screen = getattr(exc, \"screen\", None)\n                stacktrace = getattr(exc, \"stacktrace\", None)\n            if time.monotonic() > end_time:\n                break\n            time.sleep(self._poll)\n>       raise TimeoutException(message, screen, stacktrace)\nE       selenium.common.exceptions.TimeoutException: Message: \nE       Stacktrace:\nE       #0 0x55de9116d31a <unknown>\nE       #1 0x55de90c836e0 <unknown>\nE       #2 0x55de90cd23e6 <unknown>\nE       #3 0x55de90cd2681 <unknown>\nE       #4 0x55de90d17b04 <unknown>\nE       #5 0x55de90cf648d <unknown>\nE       #6 0x55de90d14ed7 <unknown>\nE       #7 0x55de90cf6203 <unknown>\nE       #8 0x55de90cc4cc0 <unknown>\nE       #9 0x55de90cc5c9e <unknown>\nE       #10 0x55de9113ad0b <unknown>\nE       #11 0x55de9113ec92 <unknown>\nE       #12 0x55de91127b3c <unknown>\nE       #13 0x55de9113f807 <unknown>\nE       #14 0x55de9110d0df <unknown>\nE       #15 0x55de9115c578 <unknown>\nE       #16 0x55de9115c740 <unknown>\nE       #17 0x55de9116c196 <unknown>\nE       #18 0x7f9d9049ca94 <unknown>\nE       #19 0x7f9d90529c3c <unknown>\n\n.venv/lib/python3.12/site-packages/selenium/webdriver/support/wait.py:105: TimeoutException","steps":[{"name":"public ip address","time":{"start":1735349819866,"stop":1735349819881,"duration":15},"status":"passed","steps":[],"attachments":[{"uid":"c20ccfbdd417d63c","name":"HTTP logs of http://checkip.amazonaws.com/","source":"c20ccfbdd417d63c.txt","type":"text/plain","size":357}],"parameters":[],"shouldDisplayMessage":false,"stepsCount":0,"attachmentsCount":1,"hasContent":true,"attachmentStep":false}],"attachments":[{"uid":"ea56e6d4f61ded53","name":"Cookies","source":"ea56e6d4f61ded53.json","type":"application/json","size":3584},{"uid":"b4fecbc39f112c2a","name":"Session Storage","source":"b4fecbc39f112c2a.json","type":"application/json","size":359},{"uid":"7757cd30f8a31ab2","name":"Local Storage","source":"7757cd30f8a31ab2.json","type":"application/json","size":790},{"uid":"50864769b9e5f302","name":"Console Logs","source":"50864769b9e5f302.json","type":"application/json","size":236},{"uid":"53ebf6ad58921dd","name":"Full Page Screenshot","source":"53ebf6ad58921dd.png","type":"image/png","size":4144543},{"uid":"eafcc1a71102719b","name":"URL","source":"eafcc1a71102719b.uri","type":"text/uri-list","size":23},{"uid":"a87bf36bd6fd48ac","name":"Network Logs","source":"a87bf36bd6fd48ac.json","type":"application/json","size":4214794}],"parameters":[],"shouldDisplayMessage":true,"stepsCount":1,"attachmentsCount":8,"hasContent":true,"attachmentStep":false},"afterStages":[{"name":"session_request::0","time":{"start":1735349886593,"stop":1735349886593,"duration":0},"status":"passed","steps":[],"attachments":[],"parameters":[],"shouldDisplayMessage":false,"stepsCount":0,"attachmentsCount":0,"hasContent":false,"attachmentStep":false}],"labels":[{"name":"epic","value":"Workspaces"},{"name":"story","value":"WorkSpaces Creation and Editing Functionality"},{"name":"severity","value":"normal"},{"name":"tag","value":"run(order=5)"},{"name":"parentSuite","value":"tests"},{"name":"suite","value":"workspaces_test"},{"name":"subSuite","value":"TestWorkspaces"},{"name":"host","value":"fv-az1970-928"},{"name":"thread","value":"2040-MainThread"},{"name":"framework","value":"pytest"},{"name":"language","value":"cpython3"},{"name":"package","value":"tests.workspaces_test"},{"name":"resultFormat","value":"allure2"}],"parameters":[],"links":[],"hidden":false,"retry":false,"extra":{"severity":"normal","retries":[],"categories":[{"name":"Test defects","matchedStatuses":[],"flaky":false}],"tags":["run(order=5)"]},"source":"e14ba051c228c41.json","parameterValues":[]}