{"uid":"757c20a7eebc4dad","name":"Search for non existing project","fullName":"tests.workspaces_test.TestWorkspaces#test_search_for_non_existing_project","historyId":"ed697c69c4643fc2c746342bc96c6608","time":{"start":1705454187145,"stop":1705454187145,"duration":0},"description":"Search for a non existing project","descriptionHtml":"<p>Search for a non existing project</p>\n","status":"broken","statusMessage":"selenium.common.exceptions.TimeoutException: Message: \nStacktrace:\n#0 0x56386538ff83 <unknown>\n#1 0x563865048cf7 <unknown>\n#2 0x56386509899e <unknown>\n#3 0x563865098aa1 <unknown>\n#4 0x5638650e3d64 <unknown>\n#5 0x5638650c20dd <unknown>\n#6 0x5638650e1006 <unknown>\n#7 0x5638650c1e53 <unknown>\n#8 0x563865089dd4 <unknown>\n#9 0x56386508b1de <unknown>\n#10 0x563865354531 <unknown>\n#11 0x563865358455 <unknown>\n#12 0x563865340f55 <unknown>\n#13 0x5638653590ef <unknown>\n#14 0x56386532499f <unknown>\n#15 0x56386537d008 <unknown>\n#16 0x56386537d1d7 <unknown>\n#17 0x56386538f124 <unknown>\n#18 0x7f5218694ac3 <unknown>","statusTrace":"self = <tests.workspaces_test.TestWorkspaces object at 0x7f35b54e7080>\n\n    @pytest.fixture(autouse=True)\n    def setup_method_fixture(self):\n>       login(self.about_page, self.login_page)\n\ntests/workspaces_test.py:25: \n_ _ _ _ _ _ _ _ _ _ _ _ _ _ _ _ _ _ _ _ _ _ _ _ _ _ _ _ _ _ _ _ _ _ _ _ _ _ _ _ \ntests/workspaces_test.py:15: in login\n    about_page.click_login_link()\npages/about_page.py:20: in click_login_link\n    self.click(self.LOGIN_LINK)\npages/base_page.py:60: in click\n    el: WebElement = self.wait.until(\n_ _ _ _ _ _ _ _ _ _ _ _ _ _ _ _ _ _ _ _ _ _ _ _ _ _ _ _ _ _ _ _ _ _ _ _ _ _ _ _ \n\nself = <selenium.webdriver.support.wait.WebDriverWait (session=\"bafb429328ea4d6300ff453485c68b23\")>\nmethod = <function element_to_be_clickable.<locals>._predicate at 0x7f35b558cfe0>\nmessage = ''\n\n    def until(self, method: Callable[[D], Union[Literal[False], T]], message: str = \"\") -> T:\n        \"\"\"Calls the method provided with the driver as an argument until the \\\n        return value does not evaluate to ``False``.\n    \n        :param method: callable(WebDriver)\n        :param message: optional message for :exc:`TimeoutException`\n        :returns: the result of the last call to `method`\n        :raises: :exc:`selenium.common.exceptions.TimeoutException` if timeout occurs\n        \"\"\"\n        screen = None\n        stacktrace = None\n    \n        end_time = time.monotonic() + self._timeout\n        while True:\n            try:\n                value = method(self._driver)\n                if value:\n                    return value\n            except self._ignored_exceptions as exc:\n                screen = getattr(exc, \"screen\", None)\n                stacktrace = getattr(exc, \"stacktrace\", None)\n            time.sleep(self._poll)\n            if time.monotonic() > end_time:\n                break\n>       raise TimeoutException(message, screen, stacktrace)\nE       selenium.common.exceptions.TimeoutException: Message: \nE       Stacktrace:\nE       #0 0x56386538ff83 <unknown>\nE       #1 0x563865048cf7 <unknown>\nE       #2 0x56386509899e <unknown>\nE       #3 0x563865098aa1 <unknown>\nE       #4 0x5638650e3d64 <unknown>\nE       #5 0x5638650c20dd <unknown>\nE       #6 0x5638650e1006 <unknown>\nE       #7 0x5638650c1e53 <unknown>\nE       #8 0x563865089dd4 <unknown>\nE       #9 0x56386508b1de <unknown>\nE       #10 0x563865354531 <unknown>\nE       #11 0x563865358455 <unknown>\nE       #12 0x563865340f55 <unknown>\nE       #13 0x5638653590ef <unknown>\nE       #14 0x56386532499f <unknown>\nE       #15 0x56386537d008 <unknown>\nE       #16 0x56386537d1d7 <unknown>\nE       #17 0x56386538f124 <unknown>\nE       #18 0x7f5218694ac3 <unknown>\n\n.venv/lib/python3.12/site-packages/selenium/webdriver/support/wait.py:105: TimeoutException","flaky":false,"newFailed":false,"newBroken":false,"newPassed":false,"retriesCount":0,"retriesStatusChange":false,"beforeStages":[{"name":"base_url","time":{"start":1705454060148,"stop":1705454060148,"duration":0},"status":"passed","steps":[],"attachments":[],"parameters":[],"shouldDisplayMessage":false,"stepsCount":0,"attachmentsCount":0,"hasContent":false,"attachmentStep":false},{"name":"_verify_url","time":{"start":1705454060149,"stop":1705454060149,"duration":0},"status":"passed","steps":[],"attachments":[],"parameters":[],"shouldDisplayMessage":false,"stepsCount":0,"attachmentsCount":0,"hasContent":false,"attachmentStep":false},{"name":"data","time":{"start":1705454060149,"stop":1705454060150,"duration":1},"status":"passed","steps":[],"attachments":[],"parameters":[],"shouldDisplayMessage":false,"stepsCount":0,"attachmentsCount":0,"hasContent":false,"attachmentStep":false},{"name":"setup_method_fixture","time":{"start":1705454189048,"stop":1705454199300,"duration":10252},"status":"broken","statusMessage":"selenium.common.exceptions.TimeoutException: Message: \nStacktrace:\n#0 0x56386538ff83 <unknown>\n#1 0x563865048cf7 <unknown>\n#2 0x56386509899e <unknown>\n#3 0x563865098aa1 <unknown>\n#4 0x5638650e3d64 <unknown>\n#5 0x5638650c20dd <unknown>\n#6 0x5638650e1006 <unknown>\n#7 0x5638650c1e53 <unknown>\n#8 0x563865089dd4 <unknown>\n#9 0x56386508b1de <unknown>\n#10 0x563865354531 <unknown>\n#11 0x563865358455 <unknown>\n#12 0x563865340f55 <unknown>\n#13 0x5638653590ef <unknown>\n#14 0x56386532499f <unknown>\n#15 0x56386537d008 <unknown>\n#16 0x56386537d1d7 <unknown>\n#17 0x56386538f124 <unknown>\n#18 0x7f5218694ac3 <unknown>\n\n","statusTrace":"  File \"/home/runner/work/Selenium-Python-Example/Selenium-Python-Example/.venv/lib/python3.12/site-packages/pluggy/_callers.py\", line 77, in _multicall\n    res = hook_impl.function(*args)\n          ^^^^^^^^^^^^^^^^^^^^^^^^^\n  File \"/home/runner/work/Selenium-Python-Example/Selenium-Python-Example/.venv/lib/python3.12/site-packages/_pytest/fixtures.py\", line 1123, in pytest_fixture_setup\n    result = call_fixture_func(fixturefunc, request, kwargs)\n             ^^^^^^^^^^^^^^^^^^^^^^^^^^^^^^^^^^^^^^^^^^^^^^^\n  File \"/home/runner/work/Selenium-Python-Example/Selenium-Python-Example/.venv/lib/python3.12/site-packages/_pytest/fixtures.py\", line 902, in call_fixture_func\n    fixture_result = fixturefunc(**kwargs)\n                     ^^^^^^^^^^^^^^^^^^^^^\n  File \"/home/runner/work/Selenium-Python-Example/Selenium-Python-Example/tests/workspaces_test.py\", line 25, in setup_method_fixture\n    login(self.about_page, self.login_page)\n  File \"/home/runner/work/Selenium-Python-Example/Selenium-Python-Example/tests/workspaces_test.py\", line 15, in login\n    about_page.click_login_link()\n  File \"/home/runner/work/Selenium-Python-Example/Selenium-Python-Example/.venv/lib/python3.12/site-packages/allure_commons/_allure.py\", line 192, in impl\n    return func(*a, **kw)\n           ^^^^^^^^^^^^^^\n  File \"/home/runner/work/Selenium-Python-Example/Selenium-Python-Example/pages/about_page.py\", line 20, in click_login_link\n    self.click(self.LOGIN_LINK)\n  File \"/home/runner/work/Selenium-Python-Example/Selenium-Python-Example/pages/base_page.py\", line 60, in click\n    el: WebElement = self.wait.until(\n                     ^^^^^^^^^^^^^^^^\n  File \"/home/runner/work/Selenium-Python-Example/Selenium-Python-Example/.venv/lib/python3.12/site-packages/selenium/webdriver/support/wait.py\", line 105, in until\n    raise TimeoutException(message, screen, stacktrace)\n","steps":[{"name":"Click Login link","time":{"start":1705454189048,"stop":1705454199299,"duration":10251},"status":"broken","statusMessage":"selenium.common.exceptions.TimeoutException: Message: \nStacktrace:\n#0 0x56386538ff83 <unknown>\n#1 0x563865048cf7 <unknown>\n#2 0x56386509899e <unknown>\n#3 0x563865098aa1 <unknown>\n#4 0x5638650e3d64 <unknown>\n#5 0x5638650c20dd <unknown>\n#6 0x5638650e1006 <unknown>\n#7 0x5638650c1e53 <unknown>\n#8 0x563865089dd4 <unknown>\n#9 0x56386508b1de <unknown>\n#10 0x563865354531 <unknown>\n#11 0x563865358455 <unknown>\n#12 0x563865340f55 <unknown>\n#13 0x5638653590ef <unknown>\n#14 0x56386532499f <unknown>\n#15 0x56386537d008 <unknown>\n#16 0x56386537d1d7 <unknown>\n#17 0x56386538f124 <unknown>\n#18 0x7f5218694ac3 <unknown>\n\n","statusTrace":"  File \"/home/runner/work/Selenium-Python-Example/Selenium-Python-Example/.venv/lib/python3.12/site-packages/allure_commons/_allure.py\", line 192, in impl\n    return func(*a, **kw)\n           ^^^^^^^^^^^^^^\n  File \"/home/runner/work/Selenium-Python-Example/Selenium-Python-Example/pages/about_page.py\", line 20, in click_login_link\n    self.click(self.LOGIN_LINK)\n  File \"/home/runner/work/Selenium-Python-Example/Selenium-Python-Example/pages/base_page.py\", line 60, in click\n    el: WebElement = self.wait.until(\n                     ^^^^^^^^^^^^^^^^\n  File \"/home/runner/work/Selenium-Python-Example/Selenium-Python-Example/.venv/lib/python3.12/site-packages/selenium/webdriver/support/wait.py\", line 105, in until\n    raise TimeoutException(message, screen, stacktrace)\n","steps":[],"attachments":[],"parameters":[],"shouldDisplayMessage":true,"stepsCount":0,"attachmentsCount":0,"hasContent":true,"attachmentStep":false}],"attachments":[],"parameters":[],"shouldDisplayMessage":false,"stepsCount":1,"attachmentsCount":0,"hasContent":true,"attachmentStep":false}],"testStage":{"description":"Search for a non existing project","status":"broken","statusMessage":"selenium.common.exceptions.TimeoutException: Message: \nStacktrace:\n#0 0x56386538ff83 <unknown>\n#1 0x563865048cf7 <unknown>\n#2 0x56386509899e <unknown>\n#3 0x563865098aa1 <unknown>\n#4 0x5638650e3d64 <unknown>\n#5 0x5638650c20dd <unknown>\n#6 0x5638650e1006 <unknown>\n#7 0x5638650c1e53 <unknown>\n#8 0x563865089dd4 <unknown>\n#9 0x56386508b1de <unknown>\n#10 0x563865354531 <unknown>\n#11 0x563865358455 <unknown>\n#12 0x563865340f55 <unknown>\n#13 0x5638653590ef <unknown>\n#14 0x56386532499f <unknown>\n#15 0x56386537d008 <unknown>\n#16 0x56386537d1d7 <unknown>\n#17 0x56386538f124 <unknown>\n#18 0x7f5218694ac3 <unknown>","statusTrace":"self = <tests.workspaces_test.TestWorkspaces object at 0x7f35b54e7080>\n\n    @pytest.fixture(autouse=True)\n    def setup_method_fixture(self):\n>       login(self.about_page, self.login_page)\n\ntests/workspaces_test.py:25: \n_ _ _ _ _ _ _ _ _ _ _ _ _ _ _ _ _ _ _ _ _ _ _ _ _ _ _ _ _ _ _ _ _ _ _ _ _ _ _ _ \ntests/workspaces_test.py:15: in login\n    about_page.click_login_link()\npages/about_page.py:20: in click_login_link\n    self.click(self.LOGIN_LINK)\npages/base_page.py:60: in click\n    el: WebElement = self.wait.until(\n_ _ _ _ _ _ _ _ _ _ _ _ _ _ _ _ _ _ _ _ _ _ _ _ _ _ _ _ _ _ _ _ _ _ _ _ _ _ _ _ \n\nself = <selenium.webdriver.support.wait.WebDriverWait (session=\"bafb429328ea4d6300ff453485c68b23\")>\nmethod = <function element_to_be_clickable.<locals>._predicate at 0x7f35b558cfe0>\nmessage = ''\n\n    def until(self, method: Callable[[D], Union[Literal[False], T]], message: str = \"\") -> T:\n        \"\"\"Calls the method provided with the driver as an argument until the \\\n        return value does not evaluate to ``False``.\n    \n        :param method: callable(WebDriver)\n        :param message: optional message for :exc:`TimeoutException`\n        :returns: the result of the last call to `method`\n        :raises: :exc:`selenium.common.exceptions.TimeoutException` if timeout occurs\n        \"\"\"\n        screen = None\n        stacktrace = None\n    \n        end_time = time.monotonic() + self._timeout\n        while True:\n            try:\n                value = method(self._driver)\n                if value:\n                    return value\n            except self._ignored_exceptions as exc:\n                screen = getattr(exc, \"screen\", None)\n                stacktrace = getattr(exc, \"stacktrace\", None)\n            time.sleep(self._poll)\n            if time.monotonic() > end_time:\n                break\n>       raise TimeoutException(message, screen, stacktrace)\nE       selenium.common.exceptions.TimeoutException: Message: \nE       Stacktrace:\nE       #0 0x56386538ff83 <unknown>\nE       #1 0x563865048cf7 <unknown>\nE       #2 0x56386509899e <unknown>\nE       #3 0x563865098aa1 <unknown>\nE       #4 0x5638650e3d64 <unknown>\nE       #5 0x5638650c20dd <unknown>\nE       #6 0x5638650e1006 <unknown>\nE       #7 0x5638650c1e53 <unknown>\nE       #8 0x563865089dd4 <unknown>\nE       #9 0x56386508b1de <unknown>\nE       #10 0x563865354531 <unknown>\nE       #11 0x563865358455 <unknown>\nE       #12 0x563865340f55 <unknown>\nE       #13 0x5638653590ef <unknown>\nE       #14 0x56386532499f <unknown>\nE       #15 0x56386537d008 <unknown>\nE       #16 0x56386537d1d7 <unknown>\nE       #17 0x56386538f124 <unknown>\nE       #18 0x7f5218694ac3 <unknown>\n\n.venv/lib/python3.12/site-packages/selenium/webdriver/support/wait.py:105: TimeoutException","steps":[],"attachments":[{"uid":"3bcdeee987ee0c50","name":"public ip address","source":"3bcdeee987ee0c50.txt","type":"text/plain","size":11},{"uid":"811db34a17e670e7","name":"Cookies","source":"811db34a17e670e7.json","type":"application/json","size":3865},{"uid":"be3f48bebeccf745","name":"Session Storage","source":"be3f48bebeccf745.json","type":"application/json","size":359},{"uid":"fccc21ef252a289c","name":"Local Storage","source":"fccc21ef252a289c.json","type":"application/json","size":208},{"uid":"6b281446173111d9","name":"Console Logs","source":"6b281446173111d9.json","type":"application/json","size":2},{"uid":"4bf967a58962a479","name":"Full Page Screenshot","source":"4bf967a58962a479.png","type":"image/png","size":5705799},{"uid":"ab1fb631f5035edf","name":"URL","source":"ab1fb631f5035edf.uri","type":"text/uri-list","size":23},{"uid":"ac75fe9d84bb37b3","name":"Network Logs","source":"ac75fe9d84bb37b3.json","type":"application/json","size":23185}],"parameters":[],"shouldDisplayMessage":true,"stepsCount":0,"attachmentsCount":8,"hasContent":true,"attachmentStep":false},"afterStages":[],"labels":[{"name":"severity","value":"normal"},{"name":"story","value":"WorkSpaces Creation and Editing Functionality"},{"name":"epic","value":"Workspaces"},{"name":"tag","value":"run(order=7)"},{"name":"parentSuite","value":"tests"},{"name":"suite","value":"workspaces_test"},{"name":"subSuite","value":"TestWorkspaces"},{"name":"host","value":"fv-az702-226"},{"name":"thread","value":"2317-MainThread"},{"name":"framework","value":"pytest"},{"name":"language","value":"cpython3"},{"name":"package","value":"tests.workspaces_test"},{"name":"resultFormat","value":"allure2"}],"parameters":[],"links":[],"hidden":false,"retry":false,"extra":{"severity":"normal","retries":[],"categories":[{"name":"Test defects","matchedStatuses":[],"flaky":false}],"tags":["run(order=7)"]},"source":"757c20a7eebc4dad.json","parameterValues":[]}