{"uid":"5521d51b0b169614","name":"Rename an existing workspace test","fullName":"tests.workspaces_test.TestWorkspaces#test_rename_workspace","historyId":"cd63adf5d11191c5904362b968c9e131","time":{"start":1696640883543,"stop":1696640883543,"duration":0},"description":"Rename an existing workspace","descriptionHtml":"<p>Rename an existing workspace</p>\n","status":"broken","statusMessage":"selenium.common.exceptions.TimeoutException: Message: \nStacktrace:\n#0 0x5602d6cf06b3 <unknown>\n#1 0x5602d69c61e7 <unknown>\n#2 0x5602d6a0d566 <unknown>\n#3 0x5602d6a0d651 <unknown>\n#4 0x5602d6a4aa74 <unknown>\n#5 0x5602d6a2f0ed <unknown>\n#6 0x5602d6a48322 <unknown>\n#7 0x5602d6a2ee93 <unknown>\n#8 0x5602d6a01934 <unknown>\n#9 0x5602d6a0271e <unknown>\n#10 0x5602d6cb5cb8 <unknown>\n#11 0x5602d6cb9bf0 <unknown>\n#12 0x5602d6cc419c <unknown>\n#13 0x5602d6cba808 <unknown>\n#14 0x5602d6c8727f <unknown>\n#15 0x5602d6cdee88 <unknown>\n#16 0x5602d6cdf059 <unknown>\n#17 0x5602d6cef843 <unknown>\n#18 0x7f9f49a94b43 <unknown>","statusTrace":"self = <tests.workspaces_test.TestWorkspaces object at 0x7fbe15f2a710>\n\n    @pytest.fixture(autouse=True)\n    def setup_method_fixture(self):\n>       login(self.about_page, self.login_page)\n\ntests/workspaces_test.py:24: \n_ _ _ _ _ _ _ _ _ _ _ _ _ _ _ _ _ _ _ _ _ _ _ _ _ _ _ _ _ _ _ _ _ _ _ _ _ _ _ _ \ntests/workspaces_test.py:14: in login\n    about_page.click_login_link()\npages/about_page.py:20: in click_login_link\n    self.click(self.LOGIN_LINK)\npages/base_page.py:38: in click\n    el: WebElement = self.wait.until(\n_ _ _ _ _ _ _ _ _ _ _ _ _ _ _ _ _ _ _ _ _ _ _ _ _ _ _ _ _ _ _ _ _ _ _ _ _ _ _ _ \n\nself = <selenium.webdriver.support.wait.WebDriverWait (session=\"4f2ba1c36c41d0caae4900d677d4b670\")>\nmethod = <function element_to_be_clickable.<locals>._predicate at 0x7fbe15d4f060>\nmessage = ''\n\n    def until(self, method, message: str = \"\"):\n        \"\"\"Calls the method provided with the driver as an argument until the \\\n        return value does not evaluate to ``False``.\n    \n        :param method: callable(WebDriver)\n        :param message: optional message for :exc:`TimeoutException`\n        :returns: the result of the last call to `method`\n        :raises: :exc:`selenium.common.exceptions.TimeoutException` if timeout occurs\n        \"\"\"\n        screen = None\n        stacktrace = None\n    \n        end_time = time.monotonic() + self._timeout\n        while True:\n            try:\n                value = method(self._driver)\n                if value:\n                    return value\n            except self._ignored_exceptions as exc:\n                screen = getattr(exc, \"screen\", None)\n                stacktrace = getattr(exc, \"stacktrace\", None)\n            time.sleep(self._poll)\n            if time.monotonic() > end_time:\n                break\n>       raise TimeoutException(message, screen, stacktrace)\nE       selenium.common.exceptions.TimeoutException: Message: \nE       Stacktrace:\nE       #0 0x5602d6cf06b3 <unknown>\nE       #1 0x5602d69c61e7 <unknown>\nE       #2 0x5602d6a0d566 <unknown>\nE       #3 0x5602d6a0d651 <unknown>\nE       #4 0x5602d6a4aa74 <unknown>\nE       #5 0x5602d6a2f0ed <unknown>\nE       #6 0x5602d6a48322 <unknown>\nE       #7 0x5602d6a2ee93 <unknown>\nE       #8 0x5602d6a01934 <unknown>\nE       #9 0x5602d6a0271e <unknown>\nE       #10 0x5602d6cb5cb8 <unknown>\nE       #11 0x5602d6cb9bf0 <unknown>\nE       #12 0x5602d6cc419c <unknown>\nE       #13 0x5602d6cba808 <unknown>\nE       #14 0x5602d6c8727f <unknown>\nE       #15 0x5602d6cdee88 <unknown>\nE       #16 0x5602d6cdf059 <unknown>\nE       #17 0x5602d6cef843 <unknown>\nE       #18 0x7f9f49a94b43 <unknown>\n\n.venv/lib/python3.11/site-packages/selenium/webdriver/support/wait.py:95: TimeoutException","flaky":false,"newFailed":false,"newBroken":false,"newPassed":false,"retriesCount":0,"retriesStatusChange":false,"beforeStages":[{"name":"json_data","time":{"start":1696640872256,"stop":1696640872257,"duration":1},"status":"passed","steps":[],"attachments":[],"parameters":[],"shouldDisplayMessage":false,"stepsCount":0,"attachmentsCount":0,"hasContent":false},{"name":"base_url","time":{"start":1696640872256,"stop":1696640872256,"duration":0},"status":"passed","steps":[],"attachments":[],"parameters":[],"shouldDisplayMessage":false,"stepsCount":0,"attachmentsCount":0,"hasContent":false},{"name":"_verify_url","time":{"start":1696640872256,"stop":1696640872256,"duration":0},"status":"passed","steps":[],"attachments":[],"parameters":[],"shouldDisplayMessage":false,"stepsCount":0,"attachmentsCount":0,"hasContent":false},{"name":"setup_method_fixture","time":{"start":1696640885597,"stop":1696640895978,"duration":10381},"status":"broken","statusMessage":"selenium.common.exceptions.TimeoutException: Message: \nStacktrace:\n#0 0x5602d6cf06b3 <unknown>\n#1 0x5602d69c61e7 <unknown>\n#2 0x5602d6a0d566 <unknown>\n#3 0x5602d6a0d651 <unknown>\n#4 0x5602d6a4aa74 <unknown>\n#5 0x5602d6a2f0ed <unknown>\n#6 0x5602d6a48322 <unknown>\n#7 0x5602d6a2ee93 <unknown>\n#8 0x5602d6a01934 <unknown>\n#9 0x5602d6a0271e <unknown>\n#10 0x5602d6cb5cb8 <unknown>\n#11 0x5602d6cb9bf0 <unknown>\n#12 0x5602d6cc419c <unknown>\n#13 0x5602d6cba808 <unknown>\n#14 0x5602d6c8727f <unknown>\n#15 0x5602d6cdee88 <unknown>\n#16 0x5602d6cdf059 <unknown>\n#17 0x5602d6cef843 <unknown>\n#18 0x7f9f49a94b43 <unknown>\n\n","statusTrace":"  File \"/home/runner/work/Selenium-Python-Example/Selenium-Python-Example/.venv/lib/python3.11/site-packages/pluggy/_callers.py\", line 80, in _multicall\n    res = hook_impl.function(*args)\n          ^^^^^^^^^^^^^^^^^^^^^^^^^\n  File \"/home/runner/work/Selenium-Python-Example/Selenium-Python-Example/.venv/lib/python3.11/site-packages/_pytest/fixtures.py\", line 1123, in pytest_fixture_setup\n    result = call_fixture_func(fixturefunc, request, kwargs)\n             ^^^^^^^^^^^^^^^^^^^^^^^^^^^^^^^^^^^^^^^^^^^^^^^\n  File \"/home/runner/work/Selenium-Python-Example/Selenium-Python-Example/.venv/lib/python3.11/site-packages/_pytest/fixtures.py\", line 902, in call_fixture_func\n    fixture_result = fixturefunc(**kwargs)\n                     ^^^^^^^^^^^^^^^^^^^^^\n  File \"/home/runner/work/Selenium-Python-Example/Selenium-Python-Example/tests/workspaces_test.py\", line 24, in setup_method_fixture\n    login(self.about_page, self.login_page)\n  File \"/home/runner/work/Selenium-Python-Example/Selenium-Python-Example/tests/workspaces_test.py\", line 14, in login\n    about_page.click_login_link()\n  File \"/home/runner/work/Selenium-Python-Example/Selenium-Python-Example/.venv/lib/python3.11/site-packages/allure_commons/_allure.py\", line 192, in impl\n    return func(*a, **kw)\n           ^^^^^^^^^^^^^^\n  File \"/home/runner/work/Selenium-Python-Example/Selenium-Python-Example/pages/about_page.py\", line 20, in click_login_link\n    self.click(self.LOGIN_LINK)\n  File \"/home/runner/work/Selenium-Python-Example/Selenium-Python-Example/pages/base_page.py\", line 38, in click\n    el: WebElement = self.wait.until(\n                     ^^^^^^^^^^^^^^^^\n  File \"/home/runner/work/Selenium-Python-Example/Selenium-Python-Example/.venv/lib/python3.11/site-packages/selenium/webdriver/support/wait.py\", line 95, in until\n    raise TimeoutException(message, screen, stacktrace)\n","steps":[{"name":"Click Login link","time":{"start":1696640885597,"stop":1696640895977,"duration":10380},"status":"broken","statusMessage":"selenium.common.exceptions.TimeoutException: Message: \nStacktrace:\n#0 0x5602d6cf06b3 <unknown>\n#1 0x5602d69c61e7 <unknown>\n#2 0x5602d6a0d566 <unknown>\n#3 0x5602d6a0d651 <unknown>\n#4 0x5602d6a4aa74 <unknown>\n#5 0x5602d6a2f0ed <unknown>\n#6 0x5602d6a48322 <unknown>\n#7 0x5602d6a2ee93 <unknown>\n#8 0x5602d6a01934 <unknown>\n#9 0x5602d6a0271e <unknown>\n#10 0x5602d6cb5cb8 <unknown>\n#11 0x5602d6cb9bf0 <unknown>\n#12 0x5602d6cc419c <unknown>\n#13 0x5602d6cba808 <unknown>\n#14 0x5602d6c8727f <unknown>\n#15 0x5602d6cdee88 <unknown>\n#16 0x5602d6cdf059 <unknown>\n#17 0x5602d6cef843 <unknown>\n#18 0x7f9f49a94b43 <unknown>\n\n","statusTrace":"  File \"/home/runner/work/Selenium-Python-Example/Selenium-Python-Example/.venv/lib/python3.11/site-packages/allure_commons/_allure.py\", line 192, in impl\n    return func(*a, **kw)\n           ^^^^^^^^^^^^^^\n  File \"/home/runner/work/Selenium-Python-Example/Selenium-Python-Example/pages/about_page.py\", line 20, in click_login_link\n    self.click(self.LOGIN_LINK)\n  File \"/home/runner/work/Selenium-Python-Example/Selenium-Python-Example/pages/base_page.py\", line 38, in click\n    el: WebElement = self.wait.until(\n                     ^^^^^^^^^^^^^^^^\n  File \"/home/runner/work/Selenium-Python-Example/Selenium-Python-Example/.venv/lib/python3.11/site-packages/selenium/webdriver/support/wait.py\", line 95, in until\n    raise TimeoutException(message, screen, stacktrace)\n","steps":[],"attachments":[],"parameters":[],"shouldDisplayMessage":true,"stepsCount":0,"attachmentsCount":0,"hasContent":true}],"attachments":[],"parameters":[],"shouldDisplayMessage":false,"stepsCount":1,"attachmentsCount":0,"hasContent":true}],"testStage":{"description":"Rename an existing workspace","status":"broken","statusMessage":"selenium.common.exceptions.TimeoutException: Message: \nStacktrace:\n#0 0x5602d6cf06b3 <unknown>\n#1 0x5602d69c61e7 <unknown>\n#2 0x5602d6a0d566 <unknown>\n#3 0x5602d6a0d651 <unknown>\n#4 0x5602d6a4aa74 <unknown>\n#5 0x5602d6a2f0ed <unknown>\n#6 0x5602d6a48322 <unknown>\n#7 0x5602d6a2ee93 <unknown>\n#8 0x5602d6a01934 <unknown>\n#9 0x5602d6a0271e <unknown>\n#10 0x5602d6cb5cb8 <unknown>\n#11 0x5602d6cb9bf0 <unknown>\n#12 0x5602d6cc419c <unknown>\n#13 0x5602d6cba808 <unknown>\n#14 0x5602d6c8727f <unknown>\n#15 0x5602d6cdee88 <unknown>\n#16 0x5602d6cdf059 <unknown>\n#17 0x5602d6cef843 <unknown>\n#18 0x7f9f49a94b43 <unknown>","statusTrace":"self = <tests.workspaces_test.TestWorkspaces object at 0x7fbe15f2a710>\n\n    @pytest.fixture(autouse=True)\n    def setup_method_fixture(self):\n>       login(self.about_page, self.login_page)\n\ntests/workspaces_test.py:24: \n_ _ _ _ _ _ _ _ _ _ _ _ _ _ _ _ _ _ _ _ _ _ _ _ _ _ _ _ _ _ _ _ _ _ _ _ _ _ _ _ \ntests/workspaces_test.py:14: in login\n    about_page.click_login_link()\npages/about_page.py:20: in click_login_link\n    self.click(self.LOGIN_LINK)\npages/base_page.py:38: in click\n    el: WebElement = self.wait.until(\n_ _ _ _ _ _ _ _ _ _ _ _ _ _ _ _ _ _ _ _ _ _ _ _ _ _ _ _ _ _ _ _ _ _ _ _ _ _ _ _ \n\nself = <selenium.webdriver.support.wait.WebDriverWait (session=\"4f2ba1c36c41d0caae4900d677d4b670\")>\nmethod = <function element_to_be_clickable.<locals>._predicate at 0x7fbe15d4f060>\nmessage = ''\n\n    def until(self, method, message: str = \"\"):\n        \"\"\"Calls the method provided with the driver as an argument until the \\\n        return value does not evaluate to ``False``.\n    \n        :param method: callable(WebDriver)\n        :param message: optional message for :exc:`TimeoutException`\n        :returns: the result of the last call to `method`\n        :raises: :exc:`selenium.common.exceptions.TimeoutException` if timeout occurs\n        \"\"\"\n        screen = None\n        stacktrace = None\n    \n        end_time = time.monotonic() + self._timeout\n        while True:\n            try:\n                value = method(self._driver)\n                if value:\n                    return value\n            except self._ignored_exceptions as exc:\n                screen = getattr(exc, \"screen\", None)\n                stacktrace = getattr(exc, \"stacktrace\", None)\n            time.sleep(self._poll)\n            if time.monotonic() > end_time:\n                break\n>       raise TimeoutException(message, screen, stacktrace)\nE       selenium.common.exceptions.TimeoutException: Message: \nE       Stacktrace:\nE       #0 0x5602d6cf06b3 <unknown>\nE       #1 0x5602d69c61e7 <unknown>\nE       #2 0x5602d6a0d566 <unknown>\nE       #3 0x5602d6a0d651 <unknown>\nE       #4 0x5602d6a4aa74 <unknown>\nE       #5 0x5602d6a2f0ed <unknown>\nE       #6 0x5602d6a48322 <unknown>\nE       #7 0x5602d6a2ee93 <unknown>\nE       #8 0x5602d6a01934 <unknown>\nE       #9 0x5602d6a0271e <unknown>\nE       #10 0x5602d6cb5cb8 <unknown>\nE       #11 0x5602d6cb9bf0 <unknown>\nE       #12 0x5602d6cc419c <unknown>\nE       #13 0x5602d6cba808 <unknown>\nE       #14 0x5602d6c8727f <unknown>\nE       #15 0x5602d6cdee88 <unknown>\nE       #16 0x5602d6cdf059 <unknown>\nE       #17 0x5602d6cef843 <unknown>\nE       #18 0x7f9f49a94b43 <unknown>\n\n.venv/lib/python3.11/site-packages/selenium/webdriver/support/wait.py:95: TimeoutException","steps":[],"attachments":[{"uid":"7159d9b734b15e94","name":"public ip address","source":"7159d9b734b15e94.txt","type":"text/plain","size":15},{"uid":"17baad2296d39f04","name":"Cookies","source":"17baad2296d39f04.json","type":"application/json","size":2018},{"uid":"4caa6d58cb11d9c9","name":"Session Storage","source":"4caa6d58cb11d9c9.json","type":"application/json","size":333},{"uid":"eac4be9fe70760e1","name":"Local Storage","source":"eac4be9fe70760e1.json","type":"application/json","size":208},{"uid":"ab899b4e93e35d5f","name":"Console Logs","source":"ab899b4e93e35d5f.json","type":"application/json","size":2},{"uid":"d07e573dd60ea6cc","name":"Full Page Screenshot","source":"d07e573dd60ea6cc.png","type":"image/png","size":499496},{"uid":"d8a402546350c84f","name":"URL","source":"d8a402546350c84f.uri","type":"text/uri-list","size":23},{"uid":"193698daeec04f8c","name":"Network Logs","source":"193698daeec04f8c.json","type":"application/json","size":22982}],"parameters":[],"shouldDisplayMessage":true,"stepsCount":0,"attachmentsCount":8,"hasContent":true},"afterStages":[],"labels":[{"name":"epic","value":"Workspaces"},{"name":"severity","value":"normal"},{"name":"story","value":"WorkSpaces Creation and Editing Functionality"},{"name":"tag","value":"run(order=2)"},{"name":"parentSuite","value":"tests"},{"name":"suite","value":"workspaces_test"},{"name":"subSuite","value":"TestWorkspaces"},{"name":"host","value":"fv-az246-311"},{"name":"thread","value":"2104-MainThread"},{"name":"framework","value":"pytest"},{"name":"language","value":"cpython3"},{"name":"package","value":"tests.workspaces_test"},{"name":"resultFormat","value":"allure2"}],"parameters":[],"links":[],"hidden":false,"retry":false,"extra":{"severity":"normal","retries":[],"categories":[{"name":"Test defects","matchedStatuses":[],"flaky":false}],"tags":["run(order=2)"]},"source":"5521d51b0b169614.json","parameterValues":[]}