{"uid":"dbf118236d479921","name":"Exception test","fullName":"tests.forgot_password_test.TestForgotPassword#test_expected_exception_on_page_title","historyId":"288cd0030c92ba34b4ff4b58ed8ec476","time":{"start":1706836284015,"stop":1706836294285,"duration":10270},"description":"Exception catching","descriptionHtml":"<p>Exception catching</p>\n","status":"broken","statusMessage":"selenium.common.exceptions.TimeoutException: Message: \nStacktrace:\n#0 0x55e1e7a4ed93 <unknown>\n#1 0x55e1e7732337 <unknown>\n#2 0x55e1e777dd60 <unknown>\n#3 0x55e1e777de51 <unknown>\n#4 0x55e1e77c1bc4 <unknown>\n#5 0x55e1e77a046d <unknown>\n#6 0x55e1e77bf12d <unknown>\n#7 0x55e1e77a01e3 <unknown>\n#8 0x55e1e7770135 <unknown>\n#9 0x55e1e777113e <unknown>\n#10 0x55e1e7a12e4b <unknown>\n#11 0x55e1e7a16dfa <unknown>\n#12 0x55e1e79ff6d5 <unknown>\n#13 0x55e1e7a17a6f <unknown>\n#14 0x55e1e79e369f <unknown>\n#15 0x55e1e7a3c098 <unknown>\n#16 0x55e1e7a3c262 <unknown>\n#17 0x55e1e7a4df34 <unknown>\n#18 0x7fb45b094ac3 <unknown>","statusTrace":"self = <tests.forgot_password_test.TestForgotPassword object at 0x7fc9861c9190>\n\n    @allure.description(\"Exception catching\")\n    @allure.title(\"Exception test\")\n    @allure.link(\"https://github.com/allure-examples/\", name=\"Allure Examples\")\n    @allure.issue(\n        \"https://github.com/allure-examples/allure-examples/issues/1\", name=\"ISSUE-1\"\n    )\n    @allure.testcase(\n        \"https://github.com/allure-examples/allure-examples/issues/2\", name=\"TESTCASE-2\"\n    )\n    def test_expected_exception_on_page_title(self):\n>       self.about_page.click_login_link()\n\ntests/forgot_password_test.py:57: \n_ _ _ _ _ _ _ _ _ _ _ _ _ _ _ _ _ _ _ _ _ _ _ _ _ _ _ _ _ _ _ _ _ _ _ _ _ _ _ _ \npages/about_page.py:20: in click_login_link\n    self.click(self.LOGIN_LINK)\npages/base_page.py:60: in click\n    el: WebElement = self.wait.until(\n_ _ _ _ _ _ _ _ _ _ _ _ _ _ _ _ _ _ _ _ _ _ _ _ _ _ _ _ _ _ _ _ _ _ _ _ _ _ _ _ \n\nself = <selenium.webdriver.support.wait.WebDriverWait (session=\"70601b55a6d0060a9928dcae6415f41a\")>\nmethod = <function element_to_be_clickable.<locals>._predicate at 0x7fc9857b9300>\nmessage = ''\n\n    def until(self, method: Callable[[D], Union[Literal[False], T]], message: str = \"\") -> T:\n        \"\"\"Calls the method provided with the driver as an argument until the \\\n        return value does not evaluate to ``False``.\n    \n        :param method: callable(WebDriver)\n        :param message: optional message for :exc:`TimeoutException`\n        :returns: the result of the last call to `method`\n        :raises: :exc:`selenium.common.exceptions.TimeoutException` if timeout occurs\n        \"\"\"\n        screen = None\n        stacktrace = None\n    \n        end_time = time.monotonic() + self._timeout\n        while True:\n            try:\n                value = method(self._driver)\n                if value:\n                    return value\n            except self._ignored_exceptions as exc:\n                screen = getattr(exc, \"screen\", None)\n                stacktrace = getattr(exc, \"stacktrace\", None)\n            time.sleep(self._poll)\n            if time.monotonic() > end_time:\n                break\n>       raise TimeoutException(message, screen, stacktrace)\nE       selenium.common.exceptions.TimeoutException: Message: \nE       Stacktrace:\nE       #0 0x55e1e7a4ed93 <unknown>\nE       #1 0x55e1e7732337 <unknown>\nE       #2 0x55e1e777dd60 <unknown>\nE       #3 0x55e1e777de51 <unknown>\nE       #4 0x55e1e77c1bc4 <unknown>\nE       #5 0x55e1e77a046d <unknown>\nE       #6 0x55e1e77bf12d <unknown>\nE       #7 0x55e1e77a01e3 <unknown>\nE       #8 0x55e1e7770135 <unknown>\nE       #9 0x55e1e777113e <unknown>\nE       #10 0x55e1e7a12e4b <unknown>\nE       #11 0x55e1e7a16dfa <unknown>\nE       #12 0x55e1e79ff6d5 <unknown>\nE       #13 0x55e1e7a17a6f <unknown>\nE       #14 0x55e1e79e369f <unknown>\nE       #15 0x55e1e7a3c098 <unknown>\nE       #16 0x55e1e7a3c262 <unknown>\nE       #17 0x55e1e7a4df34 <unknown>\nE       #18 0x7fb45b094ac3 <unknown>\n\n.venv/lib/python3.12/site-packages/selenium/webdriver/support/wait.py:105: TimeoutException","flaky":false,"newFailed":false,"newBroken":false,"newPassed":false,"retriesCount":0,"retriesStatusChange":false,"beforeStages":[{"name":"base_url","time":{"start":1706836088845,"stop":1706836088845,"duration":0},"status":"passed","steps":[],"attachments":[],"parameters":[],"shouldDisplayMessage":false,"stepsCount":0,"attachmentsCount":0,"hasContent":false,"attachmentStep":false},{"name":"_verify_url","time":{"start":1706836088845,"stop":1706836088845,"duration":0},"status":"passed","steps":[],"attachments":[],"parameters":[],"shouldDisplayMessage":false,"stepsCount":0,"attachmentsCount":0,"hasContent":false,"attachmentStep":false}],"testStage":{"description":"Exception catching","status":"broken","statusMessage":"selenium.common.exceptions.TimeoutException: Message: \nStacktrace:\n#0 0x55e1e7a4ed93 <unknown>\n#1 0x55e1e7732337 <unknown>\n#2 0x55e1e777dd60 <unknown>\n#3 0x55e1e777de51 <unknown>\n#4 0x55e1e77c1bc4 <unknown>\n#5 0x55e1e77a046d <unknown>\n#6 0x55e1e77bf12d <unknown>\n#7 0x55e1e77a01e3 <unknown>\n#8 0x55e1e7770135 <unknown>\n#9 0x55e1e777113e <unknown>\n#10 0x55e1e7a12e4b <unknown>\n#11 0x55e1e7a16dfa <unknown>\n#12 0x55e1e79ff6d5 <unknown>\n#13 0x55e1e7a17a6f <unknown>\n#14 0x55e1e79e369f <unknown>\n#15 0x55e1e7a3c098 <unknown>\n#16 0x55e1e7a3c262 <unknown>\n#17 0x55e1e7a4df34 <unknown>\n#18 0x7fb45b094ac3 <unknown>","statusTrace":"self = <tests.forgot_password_test.TestForgotPassword object at 0x7fc9861c9190>\n\n    @allure.description(\"Exception catching\")\n    @allure.title(\"Exception test\")\n    @allure.link(\"https://github.com/allure-examples/\", name=\"Allure Examples\")\n    @allure.issue(\n        \"https://github.com/allure-examples/allure-examples/issues/1\", name=\"ISSUE-1\"\n    )\n    @allure.testcase(\n        \"https://github.com/allure-examples/allure-examples/issues/2\", name=\"TESTCASE-2\"\n    )\n    def test_expected_exception_on_page_title(self):\n>       self.about_page.click_login_link()\n\ntests/forgot_password_test.py:57: \n_ _ _ _ _ _ _ _ _ _ _ _ _ _ _ _ _ _ _ _ _ _ _ _ _ _ _ _ _ _ _ _ _ _ _ _ _ _ _ _ \npages/about_page.py:20: in click_login_link\n    self.click(self.LOGIN_LINK)\npages/base_page.py:60: in click\n    el: WebElement = self.wait.until(\n_ _ _ _ _ _ _ _ _ _ _ _ _ _ _ _ _ _ _ _ _ _ _ _ _ _ _ _ _ _ _ _ _ _ _ _ _ _ _ _ \n\nself = <selenium.webdriver.support.wait.WebDriverWait (session=\"70601b55a6d0060a9928dcae6415f41a\")>\nmethod = <function element_to_be_clickable.<locals>._predicate at 0x7fc9857b9300>\nmessage = ''\n\n    def until(self, method: Callable[[D], Union[Literal[False], T]], message: str = \"\") -> T:\n        \"\"\"Calls the method provided with the driver as an argument until the \\\n        return value does not evaluate to ``False``.\n    \n        :param method: callable(WebDriver)\n        :param message: optional message for :exc:`TimeoutException`\n        :returns: the result of the last call to `method`\n        :raises: :exc:`selenium.common.exceptions.TimeoutException` if timeout occurs\n        \"\"\"\n        screen = None\n        stacktrace = None\n    \n        end_time = time.monotonic() + self._timeout\n        while True:\n            try:\n                value = method(self._driver)\n                if value:\n                    return value\n            except self._ignored_exceptions as exc:\n                screen = getattr(exc, \"screen\", None)\n                stacktrace = getattr(exc, \"stacktrace\", None)\n            time.sleep(self._poll)\n            if time.monotonic() > end_time:\n                break\n>       raise TimeoutException(message, screen, stacktrace)\nE       selenium.common.exceptions.TimeoutException: Message: \nE       Stacktrace:\nE       #0 0x55e1e7a4ed93 <unknown>\nE       #1 0x55e1e7732337 <unknown>\nE       #2 0x55e1e777dd60 <unknown>\nE       #3 0x55e1e777de51 <unknown>\nE       #4 0x55e1e77c1bc4 <unknown>\nE       #5 0x55e1e77a046d <unknown>\nE       #6 0x55e1e77bf12d <unknown>\nE       #7 0x55e1e77a01e3 <unknown>\nE       #8 0x55e1e7770135 <unknown>\nE       #9 0x55e1e777113e <unknown>\nE       #10 0x55e1e7a12e4b <unknown>\nE       #11 0x55e1e7a16dfa <unknown>\nE       #12 0x55e1e79ff6d5 <unknown>\nE       #13 0x55e1e7a17a6f <unknown>\nE       #14 0x55e1e79e369f <unknown>\nE       #15 0x55e1e7a3c098 <unknown>\nE       #16 0x55e1e7a3c262 <unknown>\nE       #17 0x55e1e7a4df34 <unknown>\nE       #18 0x7fb45b094ac3 <unknown>\n\n.venv/lib/python3.12/site-packages/selenium/webdriver/support/wait.py:105: TimeoutException","steps":[{"name":"Click Login link","time":{"start":1706836284015,"stop":1706836294284,"duration":10269},"status":"broken","statusMessage":"selenium.common.exceptions.TimeoutException: Message: \nStacktrace:\n#0 0x55e1e7a4ed93 <unknown>\n#1 0x55e1e7732337 <unknown>\n#2 0x55e1e777dd60 <unknown>\n#3 0x55e1e777de51 <unknown>\n#4 0x55e1e77c1bc4 <unknown>\n#5 0x55e1e77a046d <unknown>\n#6 0x55e1e77bf12d <unknown>\n#7 0x55e1e77a01e3 <unknown>\n#8 0x55e1e7770135 <unknown>\n#9 0x55e1e777113e <unknown>\n#10 0x55e1e7a12e4b <unknown>\n#11 0x55e1e7a16dfa <unknown>\n#12 0x55e1e79ff6d5 <unknown>\n#13 0x55e1e7a17a6f <unknown>\n#14 0x55e1e79e369f <unknown>\n#15 0x55e1e7a3c098 <unknown>\n#16 0x55e1e7a3c262 <unknown>\n#17 0x55e1e7a4df34 <unknown>\n#18 0x7fb45b094ac3 <unknown>\n\n","statusTrace":"  File \"/home/runner/work/Selenium-Python-Example/Selenium-Python-Example/.venv/lib/python3.12/site-packages/allure_commons/_allure.py\", line 192, in impl\n    return func(*a, **kw)\n           ^^^^^^^^^^^^^^\n  File \"/home/runner/work/Selenium-Python-Example/Selenium-Python-Example/pages/about_page.py\", line 20, in click_login_link\n    self.click(self.LOGIN_LINK)\n  File \"/home/runner/work/Selenium-Python-Example/Selenium-Python-Example/pages/base_page.py\", line 60, in click\n    el: WebElement = self.wait.until(\n                     ^^^^^^^^^^^^^^^^\n  File \"/home/runner/work/Selenium-Python-Example/Selenium-Python-Example/.venv/lib/python3.12/site-packages/selenium/webdriver/support/wait.py\", line 105, in until\n    raise TimeoutException(message, screen, stacktrace)\n","steps":[],"attachments":[],"parameters":[],"shouldDisplayMessage":true,"stepsCount":0,"attachmentsCount":0,"hasContent":true,"attachmentStep":false}],"attachments":[{"uid":"4f9c487748bc195a","name":"public ip address","source":"4f9c487748bc195a.txt","type":"text/plain","size":13},{"uid":"7d59a45105de08d","name":"Cookies","source":"7d59a45105de08d.json","type":"application/json","size":3871},{"uid":"b2ec928623aa10c5","name":"Session Storage","source":"b2ec928623aa10c5.json","type":"application/json","size":359},{"uid":"516f713c3171c3e0","name":"Local Storage","source":"516f713c3171c3e0.json","type":"application/json","size":208},{"uid":"4a30ab16018cfdef","name":"Console Logs","source":"4a30ab16018cfdef.json","type":"application/json","size":1521},{"uid":"34dcbdc15270de52","name":"Full Page Screenshot","source":"34dcbdc15270de52.png","type":"image/png","size":5703317},{"uid":"d9bbd848ac19e4fb","name":"URL","source":"d9bbd848ac19e4fb.uri","type":"text/uri-list","size":23},{"uid":"5063c0b9a13adc68","name":"Network Logs","source":"5063c0b9a13adc68.json","type":"application/json","size":23159}],"parameters":[],"shouldDisplayMessage":true,"stepsCount":1,"attachmentsCount":8,"hasContent":true,"attachmentStep":false},"afterStages":[],"labels":[{"name":"epic","value":"Security"},{"name":"parentSuite","value":"Custom parent suite"},{"name":"story","value":"Forgot Password Feature's Functionality"},{"name":"subSuite","value":"Custom sub suite"},{"name":"suite","value":"Custom suite"},{"name":"severity","value":"critical"},{"name":"tag","value":"security"},{"name":"host","value":"fv-az1499-134"},{"name":"thread","value":"2404-MainThread"},{"name":"framework","value":"pytest"},{"name":"language","value":"cpython3"},{"name":"package","value":"tests.forgot_password_test"},{"name":"resultFormat","value":"allure2"}],"parameters":[],"links":[{"name":"TESTCASE-2","url":"https://github.com/allure-examples/allure-examples/issues/2","type":"tms"},{"name":"ISSUE-1","url":"https://github.com/allure-examples/allure-examples/issues/1","type":"issue"},{"name":"Allure Examples","url":"https://github.com/allure-examples/","type":"link"}],"hidden":false,"retry":false,"extra":{"severity":"critical","retries":[],"categories":[{"name":"Test defects","matchedStatuses":[],"flaky":false}],"tags":["security"]},"source":"dbf118236d479921.json","parameterValues":[]}