{"uid":"168177809f0e2f86","name":"Number of projects displayed in page test","fullName":"tests.workspaces_test.TestWorkspaces#test_number_of_existing_projects","historyId":"34e866e263d4a1ed453e065aefe8091d","time":{"start":1729561185301,"stop":1729561185301,"duration":0},"description":"Compare between the actual number of projects seen on page and the number shown in workspaces block","descriptionHtml":"<p>Compare between the actual number of projects seen on page and the number shown in workspaces block</p>\n","status":"broken","statusMessage":"selenium.common.exceptions.TimeoutException: Message: \nStacktrace:\n#0 0x56525a73f0aa <unknown>\n#1 0x56525a2561a0 <unknown>\n#2 0x56525a2a2d06 <unknown>\n#3 0x56525a2a2fa1 <unknown>\n#4 0x56525a2e8344 <unknown>\n#5 0x56525a2c6dad <unknown>\n#6 0x56525a2e5866 <unknown>\n#7 0x56525a2c6b23 <unknown>\n#8 0x56525a295990 <unknown>\n#9 0x56525a29696e <unknown>\n#10 0x56525a70b16b <unknown>\n#11 0x56525a70ef68 <unknown>\n#12 0x56525a6f864c <unknown>\n#13 0x56525a70fae7 <unknown>\n#14 0x56525a6dd4af <unknown>\n#15 0x56525a72d4f8 <unknown>\n#16 0x56525a72d6c0 <unknown>\n#17 0x56525a73df26 <unknown>\n#18 0x7fdaa7894ac3 <unknown>","statusTrace":"self = <tests.workspaces_test.TestWorkspaces object at 0x7f5fbbf927b0>\n\n    @pytest.fixture(autouse=True)\n    def setup_method_fixture(self):\n>       login(self.about_page, self.login_page)\n\ntests/workspaces_test.py:25: \n_ _ _ _ _ _ _ _ _ _ _ _ _ _ _ _ _ _ _ _ _ _ _ _ _ _ _ _ _ _ _ _ _ _ _ _ _ _ _ _ \ntests/workspaces_test.py:15: in login\n    about_page.click_login_link()\npages/about_page.py:20: in click_login_link\n    self.click(self.LOGIN_LINK)\npages/base_page.py:60: in click\n    el: WebElement = self.wait.until(\n_ _ _ _ _ _ _ _ _ _ _ _ _ _ _ _ _ _ _ _ _ _ _ _ _ _ _ _ _ _ _ _ _ _ _ _ _ _ _ _ \n\nself = <selenium.webdriver.support.wait.WebDriverWait (session=\"06ca3c111b451cb17ee81760eb30e5d5\")>\nmethod = <function element_to_be_clickable.<locals>._predicate at 0x7f5fbbc99bc0>\nmessage = ''\n\n    def until(self, method: Callable[[D], Union[Literal[False], T]], message: str = \"\") -> T:\n        \"\"\"Calls the method provided with the driver as an argument until the \\\n        return value does not evaluate to ``False``.\n    \n        :param method: callable(WebDriver)\n        :param message: optional message for :exc:`TimeoutException`\n        :returns: the result of the last call to `method`\n        :raises: :exc:`selenium.common.exceptions.TimeoutException` if timeout occurs\n        \"\"\"\n        screen = None\n        stacktrace = None\n    \n        end_time = time.monotonic() + self._timeout\n        while True:\n            try:\n                value = method(self._driver)\n                if value:\n                    return value\n            except self._ignored_exceptions as exc:\n                screen = getattr(exc, \"screen\", None)\n                stacktrace = getattr(exc, \"stacktrace\", None)\n            time.sleep(self._poll)\n            if time.monotonic() > end_time:\n                break\n>       raise TimeoutException(message, screen, stacktrace)\nE       selenium.common.exceptions.TimeoutException: Message: \nE       Stacktrace:\nE       #0 0x56525a73f0aa <unknown>\nE       #1 0x56525a2561a0 <unknown>\nE       #2 0x56525a2a2d06 <unknown>\nE       #3 0x56525a2a2fa1 <unknown>\nE       #4 0x56525a2e8344 <unknown>\nE       #5 0x56525a2c6dad <unknown>\nE       #6 0x56525a2e5866 <unknown>\nE       #7 0x56525a2c6b23 <unknown>\nE       #8 0x56525a295990 <unknown>\nE       #9 0x56525a29696e <unknown>\nE       #10 0x56525a70b16b <unknown>\nE       #11 0x56525a70ef68 <unknown>\nE       #12 0x56525a6f864c <unknown>\nE       #13 0x56525a70fae7 <unknown>\nE       #14 0x56525a6dd4af <unknown>\nE       #15 0x56525a72d4f8 <unknown>\nE       #16 0x56525a72d6c0 <unknown>\nE       #17 0x56525a73df26 <unknown>\nE       #18 0x7fdaa7894ac3 <unknown>\n\n.venv/lib/python3.12/site-packages/selenium/webdriver/support/wait.py:105: TimeoutException","flaky":false,"newFailed":false,"newBroken":false,"newPassed":false,"retriesCount":0,"retriesStatusChange":false,"beforeStages":[{"name":"session_request","time":{"start":1729561113685,"stop":1729561113686,"duration":1},"status":"passed","steps":[],"attachments":[],"parameters":[],"shouldDisplayMessage":false,"stepsCount":0,"attachmentsCount":0,"hasContent":false,"attachmentStep":false},{"name":"base_url","time":{"start":1729561113685,"stop":1729561113685,"duration":0},"status":"passed","steps":[],"attachments":[],"parameters":[],"shouldDisplayMessage":false,"stepsCount":0,"attachmentsCount":0,"hasContent":false,"attachmentStep":false},{"name":"_verify_url","time":{"start":1729561113685,"stop":1729561113685,"duration":0},"status":"passed","steps":[],"attachments":[],"parameters":[],"shouldDisplayMessage":false,"stepsCount":0,"attachmentsCount":0,"hasContent":false,"attachmentStep":false},{"name":"setup_method_fixture","time":{"start":1729561187373,"stop":1729561197829,"duration":10456},"status":"broken","statusMessage":"selenium.common.exceptions.TimeoutException: Message: \nStacktrace:\n#0 0x56525a73f0aa <unknown>\n#1 0x56525a2561a0 <unknown>\n#2 0x56525a2a2d06 <unknown>\n#3 0x56525a2a2fa1 <unknown>\n#4 0x56525a2e8344 <unknown>\n#5 0x56525a2c6dad <unknown>\n#6 0x56525a2e5866 <unknown>\n#7 0x56525a2c6b23 <unknown>\n#8 0x56525a295990 <unknown>\n#9 0x56525a29696e <unknown>\n#10 0x56525a70b16b <unknown>\n#11 0x56525a70ef68 <unknown>\n#12 0x56525a6f864c <unknown>\n#13 0x56525a70fae7 <unknown>\n#14 0x56525a6dd4af <unknown>\n#15 0x56525a72d4f8 <unknown>\n#16 0x56525a72d6c0 <unknown>\n#17 0x56525a73df26 <unknown>\n#18 0x7fdaa7894ac3 <unknown>\n\n","statusTrace":"  File \"/home/runner/work/Selenium-Python-Example/Selenium-Python-Example/.venv/lib/python3.12/site-packages/pluggy/_callers.py\", line 167, in _multicall\n    teardown.throw(outcome._exception)\n  File \"/home/runner/work/Selenium-Python-Example/Selenium-Python-Example/.venv/lib/python3.12/site-packages/_pytest/setuponly.py\", line 36, in pytest_fixture_setup\n    return (yield)\n            ^^^^^\n  File \"/home/runner/work/Selenium-Python-Example/Selenium-Python-Example/.venv/lib/python3.12/site-packages/pluggy/_callers.py\", line 103, in _multicall\n    res = hook_impl.function(*args)\n          ^^^^^^^^^^^^^^^^^^^^^^^^^\n  File \"/home/runner/work/Selenium-Python-Example/Selenium-Python-Example/.venv/lib/python3.12/site-packages/_pytest/fixtures.py\", line 1140, in pytest_fixture_setup\n    result = call_fixture_func(fixturefunc, request, kwargs)\n             ^^^^^^^^^^^^^^^^^^^^^^^^^^^^^^^^^^^^^^^^^^^^^^^\n  File \"/home/runner/work/Selenium-Python-Example/Selenium-Python-Example/.venv/lib/python3.12/site-packages/_pytest/fixtures.py\", line 898, in call_fixture_func\n    fixture_result = fixturefunc(**kwargs)\n                     ^^^^^^^^^^^^^^^^^^^^^\n  File \"/home/runner/work/Selenium-Python-Example/Selenium-Python-Example/tests/workspaces_test.py\", line 25, in setup_method_fixture\n    login(self.about_page, self.login_page)\n  File \"/home/runner/work/Selenium-Python-Example/Selenium-Python-Example/tests/workspaces_test.py\", line 15, in login\n    about_page.click_login_link()\n  File \"/home/runner/work/Selenium-Python-Example/Selenium-Python-Example/.venv/lib/python3.12/site-packages/allure_commons/_allure.py\", line 192, in impl\n    return func(*a, **kw)\n           ^^^^^^^^^^^^^^\n  File \"/home/runner/work/Selenium-Python-Example/Selenium-Python-Example/pages/about_page.py\", line 20, in click_login_link\n    self.click(self.LOGIN_LINK)\n  File \"/home/runner/work/Selenium-Python-Example/Selenium-Python-Example/pages/base_page.py\", line 60, in click\n    el: WebElement = self.wait.until(\n                     ^^^^^^^^^^^^^^^^\n  File \"/home/runner/work/Selenium-Python-Example/Selenium-Python-Example/.venv/lib/python3.12/site-packages/selenium/webdriver/support/wait.py\", line 105, in until\n    raise TimeoutException(message, screen, stacktrace)\n","steps":[{"name":"Click Login link","time":{"start":1729561187374,"stop":1729561197829,"duration":10455},"status":"broken","statusMessage":"selenium.common.exceptions.TimeoutException: Message: \nStacktrace:\n#0 0x56525a73f0aa <unknown>\n#1 0x56525a2561a0 <unknown>\n#2 0x56525a2a2d06 <unknown>\n#3 0x56525a2a2fa1 <unknown>\n#4 0x56525a2e8344 <unknown>\n#5 0x56525a2c6dad <unknown>\n#6 0x56525a2e5866 <unknown>\n#7 0x56525a2c6b23 <unknown>\n#8 0x56525a295990 <unknown>\n#9 0x56525a29696e <unknown>\n#10 0x56525a70b16b <unknown>\n#11 0x56525a70ef68 <unknown>\n#12 0x56525a6f864c <unknown>\n#13 0x56525a70fae7 <unknown>\n#14 0x56525a6dd4af <unknown>\n#15 0x56525a72d4f8 <unknown>\n#16 0x56525a72d6c0 <unknown>\n#17 0x56525a73df26 <unknown>\n#18 0x7fdaa7894ac3 <unknown>\n\n","statusTrace":"  File \"/home/runner/work/Selenium-Python-Example/Selenium-Python-Example/.venv/lib/python3.12/site-packages/allure_commons/_allure.py\", line 192, in impl\n    return func(*a, **kw)\n           ^^^^^^^^^^^^^^\n  File \"/home/runner/work/Selenium-Python-Example/Selenium-Python-Example/pages/about_page.py\", line 20, in click_login_link\n    self.click(self.LOGIN_LINK)\n  File \"/home/runner/work/Selenium-Python-Example/Selenium-Python-Example/pages/base_page.py\", line 60, in click\n    el: WebElement = self.wait.until(\n                     ^^^^^^^^^^^^^^^^\n  File \"/home/runner/work/Selenium-Python-Example/Selenium-Python-Example/.venv/lib/python3.12/site-packages/selenium/webdriver/support/wait.py\", line 105, in until\n    raise TimeoutException(message, screen, stacktrace)\n","steps":[],"attachments":[],"parameters":[],"shouldDisplayMessage":true,"stepsCount":0,"attachmentsCount":0,"hasContent":true,"attachmentStep":false}],"attachments":[],"parameters":[],"shouldDisplayMessage":false,"stepsCount":1,"attachmentsCount":0,"hasContent":true,"attachmentStep":false}],"testStage":{"description":"Compare between the actual number of projects seen on page and the number shown in workspaces block","status":"broken","statusMessage":"selenium.common.exceptions.TimeoutException: Message: \nStacktrace:\n#0 0x56525a73f0aa <unknown>\n#1 0x56525a2561a0 <unknown>\n#2 0x56525a2a2d06 <unknown>\n#3 0x56525a2a2fa1 <unknown>\n#4 0x56525a2e8344 <unknown>\n#5 0x56525a2c6dad <unknown>\n#6 0x56525a2e5866 <unknown>\n#7 0x56525a2c6b23 <unknown>\n#8 0x56525a295990 <unknown>\n#9 0x56525a29696e <unknown>\n#10 0x56525a70b16b <unknown>\n#11 0x56525a70ef68 <unknown>\n#12 0x56525a6f864c <unknown>\n#13 0x56525a70fae7 <unknown>\n#14 0x56525a6dd4af <unknown>\n#15 0x56525a72d4f8 <unknown>\n#16 0x56525a72d6c0 <unknown>\n#17 0x56525a73df26 <unknown>\n#18 0x7fdaa7894ac3 <unknown>","statusTrace":"self = <tests.workspaces_test.TestWorkspaces object at 0x7f5fbbf927b0>\n\n    @pytest.fixture(autouse=True)\n    def setup_method_fixture(self):\n>       login(self.about_page, self.login_page)\n\ntests/workspaces_test.py:25: \n_ _ _ _ _ _ _ _ _ _ _ _ _ _ _ _ _ _ _ _ _ _ _ _ _ _ _ _ _ _ _ _ _ _ _ _ _ _ _ _ \ntests/workspaces_test.py:15: in login\n    about_page.click_login_link()\npages/about_page.py:20: in click_login_link\n    self.click(self.LOGIN_LINK)\npages/base_page.py:60: in click\n    el: WebElement = self.wait.until(\n_ _ _ _ _ _ _ _ _ _ _ _ _ _ _ _ _ _ _ _ _ _ _ _ _ _ _ _ _ _ _ _ _ _ _ _ _ _ _ _ \n\nself = <selenium.webdriver.support.wait.WebDriverWait (session=\"06ca3c111b451cb17ee81760eb30e5d5\")>\nmethod = <function element_to_be_clickable.<locals>._predicate at 0x7f5fbbc99bc0>\nmessage = ''\n\n    def until(self, method: Callable[[D], Union[Literal[False], T]], message: str = \"\") -> T:\n        \"\"\"Calls the method provided with the driver as an argument until the \\\n        return value does not evaluate to ``False``.\n    \n        :param method: callable(WebDriver)\n        :param message: optional message for :exc:`TimeoutException`\n        :returns: the result of the last call to `method`\n        :raises: :exc:`selenium.common.exceptions.TimeoutException` if timeout occurs\n        \"\"\"\n        screen = None\n        stacktrace = None\n    \n        end_time = time.monotonic() + self._timeout\n        while True:\n            try:\n                value = method(self._driver)\n                if value:\n                    return value\n            except self._ignored_exceptions as exc:\n                screen = getattr(exc, \"screen\", None)\n                stacktrace = getattr(exc, \"stacktrace\", None)\n            time.sleep(self._poll)\n            if time.monotonic() > end_time:\n                break\n>       raise TimeoutException(message, screen, stacktrace)\nE       selenium.common.exceptions.TimeoutException: Message: \nE       Stacktrace:\nE       #0 0x56525a73f0aa <unknown>\nE       #1 0x56525a2561a0 <unknown>\nE       #2 0x56525a2a2d06 <unknown>\nE       #3 0x56525a2a2fa1 <unknown>\nE       #4 0x56525a2e8344 <unknown>\nE       #5 0x56525a2c6dad <unknown>\nE       #6 0x56525a2e5866 <unknown>\nE       #7 0x56525a2c6b23 <unknown>\nE       #8 0x56525a295990 <unknown>\nE       #9 0x56525a29696e <unknown>\nE       #10 0x56525a70b16b <unknown>\nE       #11 0x56525a70ef68 <unknown>\nE       #12 0x56525a6f864c <unknown>\nE       #13 0x56525a70fae7 <unknown>\nE       #14 0x56525a6dd4af <unknown>\nE       #15 0x56525a72d4f8 <unknown>\nE       #16 0x56525a72d6c0 <unknown>\nE       #17 0x56525a73df26 <unknown>\nE       #18 0x7fdaa7894ac3 <unknown>\n\n.venv/lib/python3.12/site-packages/selenium/webdriver/support/wait.py:105: TimeoutException","steps":[{"name":"public ip address","time":{"start":1729561197846,"stop":1729561197882,"duration":36},"status":"passed","steps":[],"attachments":[{"uid":"bd290622c1dbee6","name":"HTTP logs of http://checkip.amazonaws.com/","source":"bd290622c1dbee6.txt","type":"text/plain","size":359}],"parameters":[],"shouldDisplayMessage":false,"stepsCount":0,"attachmentsCount":1,"hasContent":true,"attachmentStep":false}],"attachments":[{"uid":"70b9e2a8ca647808","name":"Cookies","source":"70b9e2a8ca647808.json","type":"application/json","size":3586},{"uid":"2a013cf4db8ebf30","name":"Session Storage","source":"2a013cf4db8ebf30.json","type":"application/json","size":359},{"uid":"99eca5c163403e78","name":"Local Storage","source":"99eca5c163403e78.json","type":"application/json","size":350},{"uid":"f78ed9276037ba50","name":"Console Logs","source":"f78ed9276037ba50.json","type":"application/json","size":236},{"uid":"dc83f4475b7ecbb3","name":"Full Page Screenshot","source":"dc83f4475b7ecbb3.png","type":"image/png","size":3644106},{"uid":"72d4699391a93228","name":"URL","source":"72d4699391a93228.uri","type":"text/uri-list","size":23},{"uid":"78050a1398a5b72d","name":"Network Logs","source":"78050a1398a5b72d.json","type":"application/json","size":66834}],"parameters":[],"shouldDisplayMessage":true,"stepsCount":1,"attachmentsCount":8,"hasContent":true,"attachmentStep":false},"afterStages":[{"name":"session_request::0","time":{"start":1729561275342,"stop":1729561275342,"duration":0},"status":"passed","steps":[],"attachments":[],"parameters":[],"shouldDisplayMessage":false,"stepsCount":0,"attachmentsCount":0,"hasContent":false,"attachmentStep":false}],"labels":[{"name":"severity","value":"normal"},{"name":"story","value":"WorkSpaces Creation and Editing Functionality"},{"name":"epic","value":"Workspaces"},{"name":"tag","value":"run(order=4)"},{"name":"parentSuite","value":"tests"},{"name":"suite","value":"workspaces_test"},{"name":"subSuite","value":"TestWorkspaces"},{"name":"host","value":"fv-az1788-398"},{"name":"thread","value":"1845-MainThread"},{"name":"framework","value":"pytest"},{"name":"language","value":"cpython3"},{"name":"package","value":"tests.workspaces_test"},{"name":"resultFormat","value":"allure2"}],"parameters":[],"links":[],"hidden":false,"retry":false,"extra":{"severity":"normal","retries":[],"categories":[{"name":"Test defects","matchedStatuses":[],"flaky":false}],"tags":["run(order=4)"]},"source":"168177809f0e2f86.json","parameterValues":[]}