{"uid":"5ebb2c435ccaf2da","name":"Delete existing project","fullName":"tests.workspaces_test.TestWorkspaces#test_delete_project","historyId":"01aedc61ee0cb37239b4ba1d780257ea","time":{"start":1710897041174,"stop":1710897041174,"duration":0},"description":"Deleting an existing project from workspace","descriptionHtml":"<p>Deleting an existing project from workspace</p>\n","status":"broken","statusMessage":"selenium.common.exceptions.TimeoutException: Message: \nStacktrace:\n#0 0x55a67af20f33 <unknown>\n#1 0x55a67ac18ce6 <unknown>\n#2 0x55a67ac63e48 <unknown>\n#3 0x55a67ac63f01 <unknown>\n#4 0x55a67aca73f4 <unknown>\n#5 0x55a67ac85edd <unknown>\n#6 0x55a67aca4899 <unknown>\n#7 0x55a67ac85c53 <unknown>\n#8 0x55a67ac56db3 <unknown>\n#9 0x55a67ac5777e <unknown>\n#10 0x55a67aee686b <unknown>\n#11 0x55a67aeea885 <unknown>\n#12 0x55a67aed4181 <unknown>\n#13 0x55a67aeeb412 <unknown>\n#14 0x55a67aeb825f <unknown>\n#15 0x55a67af0f528 <unknown>\n#16 0x55a67af0f723 <unknown>\n#17 0x55a67af200e4 <unknown>\n#18 0x7fa97ea94ac3 <unknown>","statusTrace":"self = <tests.workspaces_test.TestWorkspaces object at 0x7f8dc6857170>\n\n    @pytest.fixture(autouse=True)\n    def setup_method_fixture(self):\n>       login(self.about_page, self.login_page)\n\ntests/workspaces_test.py:25: \n_ _ _ _ _ _ _ _ _ _ _ _ _ _ _ _ _ _ _ _ _ _ _ _ _ _ _ _ _ _ _ _ _ _ _ _ _ _ _ _ \ntests/workspaces_test.py:15: in login\n    about_page.click_login_link()\npages/about_page.py:20: in click_login_link\n    self.click(self.LOGIN_LINK)\npages/base_page.py:60: in click\n    el: WebElement = self.wait.until(\n_ _ _ _ _ _ _ _ _ _ _ _ _ _ _ _ _ _ _ _ _ _ _ _ _ _ _ _ _ _ _ _ _ _ _ _ _ _ _ _ \n\nself = <selenium.webdriver.support.wait.WebDriverWait (session=\"27ea42fce451bb209404ff48417a7bf9\")>\nmethod = <function element_to_be_clickable.<locals>._predicate at 0x7f8dc5fd22a0>\nmessage = ''\n\n    def until(self, method: Callable[[D], Union[Literal[False], T]], message: str = \"\") -> T:\n        \"\"\"Calls the method provided with the driver as an argument until the \\\n        return value does not evaluate to ``False``.\n    \n        :param method: callable(WebDriver)\n        :param message: optional message for :exc:`TimeoutException`\n        :returns: the result of the last call to `method`\n        :raises: :exc:`selenium.common.exceptions.TimeoutException` if timeout occurs\n        \"\"\"\n        screen = None\n        stacktrace = None\n    \n        end_time = time.monotonic() + self._timeout\n        while True:\n            try:\n                value = method(self._driver)\n                if value:\n                    return value\n            except self._ignored_exceptions as exc:\n                screen = getattr(exc, \"screen\", None)\n                stacktrace = getattr(exc, \"stacktrace\", None)\n            time.sleep(self._poll)\n            if time.monotonic() > end_time:\n                break\n>       raise TimeoutException(message, screen, stacktrace)\nE       selenium.common.exceptions.TimeoutException: Message: \nE       Stacktrace:\nE       #0 0x55a67af20f33 <unknown>\nE       #1 0x55a67ac18ce6 <unknown>\nE       #2 0x55a67ac63e48 <unknown>\nE       #3 0x55a67ac63f01 <unknown>\nE       #4 0x55a67aca73f4 <unknown>\nE       #5 0x55a67ac85edd <unknown>\nE       #6 0x55a67aca4899 <unknown>\nE       #7 0x55a67ac85c53 <unknown>\nE       #8 0x55a67ac56db3 <unknown>\nE       #9 0x55a67ac5777e <unknown>\nE       #10 0x55a67aee686b <unknown>\nE       #11 0x55a67aeea885 <unknown>\nE       #12 0x55a67aed4181 <unknown>\nE       #13 0x55a67aeeb412 <unknown>\nE       #14 0x55a67aeb825f <unknown>\nE       #15 0x55a67af0f528 <unknown>\nE       #16 0x55a67af0f723 <unknown>\nE       #17 0x55a67af200e4 <unknown>\nE       #18 0x7fa97ea94ac3 <unknown>\n\n.venv/lib/python3.12/site-packages/selenium/webdriver/support/wait.py:105: TimeoutException","flaky":false,"newFailed":false,"newBroken":false,"newPassed":false,"retriesCount":0,"retriesStatusChange":false,"beforeStages":[{"name":"base_url","time":{"start":1710896861103,"stop":1710896861103,"duration":0},"status":"passed","steps":[],"attachments":[],"parameters":[],"shouldDisplayMessage":false,"stepsCount":0,"attachmentsCount":0,"hasContent":false,"attachmentStep":false},{"name":"_verify_url","time":{"start":1710896861103,"stop":1710896861103,"duration":0},"status":"passed","steps":[],"attachments":[],"parameters":[],"shouldDisplayMessage":false,"stepsCount":0,"attachmentsCount":0,"hasContent":false,"attachmentStep":false},{"name":"session_request","time":{"start":1710896861103,"stop":1710896861104,"duration":1},"status":"passed","steps":[],"attachments":[],"parameters":[],"shouldDisplayMessage":false,"stepsCount":0,"attachmentsCount":0,"hasContent":false,"attachmentStep":false},{"name":"data","time":{"start":1710896861104,"stop":1710896861104,"duration":0},"status":"passed","steps":[],"attachments":[],"parameters":[],"shouldDisplayMessage":false,"stepsCount":0,"attachmentsCount":0,"hasContent":false,"attachmentStep":false},{"name":"setup_method_fixture","time":{"start":1710897042635,"stop":1710897052902,"duration":10267},"status":"broken","statusMessage":"selenium.common.exceptions.TimeoutException: Message: \nStacktrace:\n#0 0x55a67af20f33 <unknown>\n#1 0x55a67ac18ce6 <unknown>\n#2 0x55a67ac63e48 <unknown>\n#3 0x55a67ac63f01 <unknown>\n#4 0x55a67aca73f4 <unknown>\n#5 0x55a67ac85edd <unknown>\n#6 0x55a67aca4899 <unknown>\n#7 0x55a67ac85c53 <unknown>\n#8 0x55a67ac56db3 <unknown>\n#9 0x55a67ac5777e <unknown>\n#10 0x55a67aee686b <unknown>\n#11 0x55a67aeea885 <unknown>\n#12 0x55a67aed4181 <unknown>\n#13 0x55a67aeeb412 <unknown>\n#14 0x55a67aeb825f <unknown>\n#15 0x55a67af0f528 <unknown>\n#16 0x55a67af0f723 <unknown>\n#17 0x55a67af200e4 <unknown>\n#18 0x7fa97ea94ac3 <unknown>\n\n","statusTrace":"  File \"/home/runner/work/Selenium-Python-Example/Selenium-Python-Example/.venv/lib/python3.12/site-packages/pluggy/_callers.py\", line 137, in _multicall\n    teardown.throw(outcome._exception)\n  File \"/home/runner/work/Selenium-Python-Example/Selenium-Python-Example/.venv/lib/python3.12/site-packages/_pytest/setuponly.py\", line 36, in pytest_fixture_setup\n    return (yield)\n            ^^^^^\n  File \"/home/runner/work/Selenium-Python-Example/Selenium-Python-Example/.venv/lib/python3.12/site-packages/pluggy/_callers.py\", line 77, in _multicall\n    res = hook_impl.function(*args)\n          ^^^^^^^^^^^^^^^^^^^^^^^^^\n  File \"/home/runner/work/Selenium-Python-Example/Selenium-Python-Example/.venv/lib/python3.12/site-packages/_pytest/fixtures.py\", line 1140, in pytest_fixture_setup\n    result = call_fixture_func(fixturefunc, request, kwargs)\n             ^^^^^^^^^^^^^^^^^^^^^^^^^^^^^^^^^^^^^^^^^^^^^^^\n  File \"/home/runner/work/Selenium-Python-Example/Selenium-Python-Example/.venv/lib/python3.12/site-packages/_pytest/fixtures.py\", line 917, in call_fixture_func\n    fixture_result = fixturefunc(**kwargs)\n                     ^^^^^^^^^^^^^^^^^^^^^\n  File \"/home/runner/work/Selenium-Python-Example/Selenium-Python-Example/tests/workspaces_test.py\", line 25, in setup_method_fixture\n    login(self.about_page, self.login_page)\n  File \"/home/runner/work/Selenium-Python-Example/Selenium-Python-Example/tests/workspaces_test.py\", line 15, in login\n    about_page.click_login_link()\n  File \"/home/runner/work/Selenium-Python-Example/Selenium-Python-Example/.venv/lib/python3.12/site-packages/allure_commons/_allure.py\", line 192, in impl\n    return func(*a, **kw)\n           ^^^^^^^^^^^^^^\n  File \"/home/runner/work/Selenium-Python-Example/Selenium-Python-Example/pages/about_page.py\", line 20, in click_login_link\n    self.click(self.LOGIN_LINK)\n  File \"/home/runner/work/Selenium-Python-Example/Selenium-Python-Example/pages/base_page.py\", line 60, in click\n    el: WebElement = self.wait.until(\n                     ^^^^^^^^^^^^^^^^\n  File \"/home/runner/work/Selenium-Python-Example/Selenium-Python-Example/.venv/lib/python3.12/site-packages/selenium/webdriver/support/wait.py\", line 105, in until\n    raise TimeoutException(message, screen, stacktrace)\n","steps":[{"name":"Click Login link","time":{"start":1710897042635,"stop":1710897052901,"duration":10266},"status":"broken","statusMessage":"selenium.common.exceptions.TimeoutException: Message: \nStacktrace:\n#0 0x55a67af20f33 <unknown>\n#1 0x55a67ac18ce6 <unknown>\n#2 0x55a67ac63e48 <unknown>\n#3 0x55a67ac63f01 <unknown>\n#4 0x55a67aca73f4 <unknown>\n#5 0x55a67ac85edd <unknown>\n#6 0x55a67aca4899 <unknown>\n#7 0x55a67ac85c53 <unknown>\n#8 0x55a67ac56db3 <unknown>\n#9 0x55a67ac5777e <unknown>\n#10 0x55a67aee686b <unknown>\n#11 0x55a67aeea885 <unknown>\n#12 0x55a67aed4181 <unknown>\n#13 0x55a67aeeb412 <unknown>\n#14 0x55a67aeb825f <unknown>\n#15 0x55a67af0f528 <unknown>\n#16 0x55a67af0f723 <unknown>\n#17 0x55a67af200e4 <unknown>\n#18 0x7fa97ea94ac3 <unknown>\n\n","statusTrace":"  File \"/home/runner/work/Selenium-Python-Example/Selenium-Python-Example/.venv/lib/python3.12/site-packages/allure_commons/_allure.py\", line 192, in impl\n    return func(*a, **kw)\n           ^^^^^^^^^^^^^^\n  File \"/home/runner/work/Selenium-Python-Example/Selenium-Python-Example/pages/about_page.py\", line 20, in click_login_link\n    self.click(self.LOGIN_LINK)\n  File \"/home/runner/work/Selenium-Python-Example/Selenium-Python-Example/pages/base_page.py\", line 60, in click\n    el: WebElement = self.wait.until(\n                     ^^^^^^^^^^^^^^^^\n  File \"/home/runner/work/Selenium-Python-Example/Selenium-Python-Example/.venv/lib/python3.12/site-packages/selenium/webdriver/support/wait.py\", line 105, in until\n    raise TimeoutException(message, screen, stacktrace)\n","steps":[],"attachments":[],"parameters":[],"shouldDisplayMessage":true,"stepsCount":0,"attachmentsCount":0,"hasContent":true,"attachmentStep":false}],"attachments":[],"parameters":[],"shouldDisplayMessage":false,"stepsCount":1,"attachmentsCount":0,"hasContent":true,"attachmentStep":false}],"testStage":{"description":"Deleting an existing project from workspace","status":"broken","statusMessage":"selenium.common.exceptions.TimeoutException: Message: \nStacktrace:\n#0 0x55a67af20f33 <unknown>\n#1 0x55a67ac18ce6 <unknown>\n#2 0x55a67ac63e48 <unknown>\n#3 0x55a67ac63f01 <unknown>\n#4 0x55a67aca73f4 <unknown>\n#5 0x55a67ac85edd <unknown>\n#6 0x55a67aca4899 <unknown>\n#7 0x55a67ac85c53 <unknown>\n#8 0x55a67ac56db3 <unknown>\n#9 0x55a67ac5777e <unknown>\n#10 0x55a67aee686b <unknown>\n#11 0x55a67aeea885 <unknown>\n#12 0x55a67aed4181 <unknown>\n#13 0x55a67aeeb412 <unknown>\n#14 0x55a67aeb825f <unknown>\n#15 0x55a67af0f528 <unknown>\n#16 0x55a67af0f723 <unknown>\n#17 0x55a67af200e4 <unknown>\n#18 0x7fa97ea94ac3 <unknown>","statusTrace":"self = <tests.workspaces_test.TestWorkspaces object at 0x7f8dc6857170>\n\n    @pytest.fixture(autouse=True)\n    def setup_method_fixture(self):\n>       login(self.about_page, self.login_page)\n\ntests/workspaces_test.py:25: \n_ _ _ _ _ _ _ _ _ _ _ _ _ _ _ _ _ _ _ _ _ _ _ _ _ _ _ _ _ _ _ _ _ _ _ _ _ _ _ _ \ntests/workspaces_test.py:15: in login\n    about_page.click_login_link()\npages/about_page.py:20: in click_login_link\n    self.click(self.LOGIN_LINK)\npages/base_page.py:60: in click\n    el: WebElement = self.wait.until(\n_ _ _ _ _ _ _ _ _ _ _ _ _ _ _ _ _ _ _ _ _ _ _ _ _ _ _ _ _ _ _ _ _ _ _ _ _ _ _ _ \n\nself = <selenium.webdriver.support.wait.WebDriverWait (session=\"27ea42fce451bb209404ff48417a7bf9\")>\nmethod = <function element_to_be_clickable.<locals>._predicate at 0x7f8dc5fd22a0>\nmessage = ''\n\n    def until(self, method: Callable[[D], Union[Literal[False], T]], message: str = \"\") -> T:\n        \"\"\"Calls the method provided with the driver as an argument until the \\\n        return value does not evaluate to ``False``.\n    \n        :param method: callable(WebDriver)\n        :param message: optional message for :exc:`TimeoutException`\n        :returns: the result of the last call to `method`\n        :raises: :exc:`selenium.common.exceptions.TimeoutException` if timeout occurs\n        \"\"\"\n        screen = None\n        stacktrace = None\n    \n        end_time = time.monotonic() + self._timeout\n        while True:\n            try:\n                value = method(self._driver)\n                if value:\n                    return value\n            except self._ignored_exceptions as exc:\n                screen = getattr(exc, \"screen\", None)\n                stacktrace = getattr(exc, \"stacktrace\", None)\n            time.sleep(self._poll)\n            if time.monotonic() > end_time:\n                break\n>       raise TimeoutException(message, screen, stacktrace)\nE       selenium.common.exceptions.TimeoutException: Message: \nE       Stacktrace:\nE       #0 0x55a67af20f33 <unknown>\nE       #1 0x55a67ac18ce6 <unknown>\nE       #2 0x55a67ac63e48 <unknown>\nE       #3 0x55a67ac63f01 <unknown>\nE       #4 0x55a67aca73f4 <unknown>\nE       #5 0x55a67ac85edd <unknown>\nE       #6 0x55a67aca4899 <unknown>\nE       #7 0x55a67ac85c53 <unknown>\nE       #8 0x55a67ac56db3 <unknown>\nE       #9 0x55a67ac5777e <unknown>\nE       #10 0x55a67aee686b <unknown>\nE       #11 0x55a67aeea885 <unknown>\nE       #12 0x55a67aed4181 <unknown>\nE       #13 0x55a67aeeb412 <unknown>\nE       #14 0x55a67aeb825f <unknown>\nE       #15 0x55a67af0f528 <unknown>\nE       #16 0x55a67af0f723 <unknown>\nE       #17 0x55a67af200e4 <unknown>\nE       #18 0x7fa97ea94ac3 <unknown>\n\n.venv/lib/python3.12/site-packages/selenium/webdriver/support/wait.py:105: TimeoutException","steps":[{"name":"public ip address","time":{"start":1710897052915,"stop":1710897052968,"duration":53},"status":"passed","steps":[],"attachments":[{"uid":"24c7d395ba167eb7","name":"HTTP logs of http://checkip.amazonaws.com/","source":"24c7d395ba167eb7.txt","type":"text/plain","size":263}],"parameters":[],"shouldDisplayMessage":false,"stepsCount":0,"attachmentsCount":1,"hasContent":true,"attachmentStep":false}],"attachments":[{"uid":"eb85aa0f8530508d","name":"Cookies","source":"eb85aa0f8530508d.json","type":"application/json","size":3158},{"uid":"3e2dcab76165b64","name":"Session Storage","source":"3e2dcab76165b64.json","type":"application/json","size":359},{"uid":"45e5071196a18af4","name":"Local Storage","source":"45e5071196a18af4.json","type":"application/json","size":208},{"uid":"be67dd0983a538cc","name":"Console Logs","source":"be67dd0983a538cc.json","type":"application/json","size":653},{"uid":"a8ce556bc40cc5fc","name":"Full Page Screenshot","source":"a8ce556bc40cc5fc.png","type":"image/png","size":6185473},{"uid":"459a9ae74093938e","name":"URL","source":"459a9ae74093938e.uri","type":"text/uri-list","size":23},{"uid":"fb4dec77f7541aad","name":"Network Logs","source":"fb4dec77f7541aad.json","type":"application/json","size":831067}],"parameters":[],"shouldDisplayMessage":true,"stepsCount":1,"attachmentsCount":8,"hasContent":true,"attachmentStep":false},"afterStages":[{"name":"session_request::0","time":{"start":1710897138638,"stop":1710897138638,"duration":0},"status":"passed","steps":[],"attachments":[],"parameters":[],"shouldDisplayMessage":false,"stepsCount":0,"attachmentsCount":0,"hasContent":false,"attachmentStep":false}],"labels":[{"name":"epic","value":"Workspaces"},{"name":"severity","value":"normal"},{"name":"story","value":"WorkSpaces Creation and Editing Functionality"},{"name":"tag","value":"run(order=9)"},{"name":"parentSuite","value":"tests"},{"name":"suite","value":"workspaces_test"},{"name":"subSuite","value":"TestWorkspaces"},{"name":"host","value":"fv-az881-639"},{"name":"thread","value":"2444-MainThread"},{"name":"framework","value":"pytest"},{"name":"language","value":"cpython3"},{"name":"package","value":"tests.workspaces_test"},{"name":"resultFormat","value":"allure2"}],"parameters":[],"links":[],"hidden":false,"retry":false,"extra":{"severity":"normal","retries":[],"categories":[{"name":"Test defects","matchedStatuses":[],"flaky":false}],"tags":["run(order=9)"]},"source":"5ebb2c435ccaf2da.json","parameterValues":[]}