{"uid":"5575b2b253fb8036","name":"Delete existing project","fullName":"tests.workspaces_test.TestWorkspaces#test_delete_project","historyId":"01aedc61ee0cb37239b4ba1d780257ea","time":{"start":1733536000446,"stop":1733536000446,"duration":0},"description":"Deleting an existing project from workspace","descriptionHtml":"<p>Deleting an existing project from workspace</p>\n","status":"broken","statusMessage":"selenium.common.exceptions.TimeoutException: Message: \nStacktrace:\n#0 0x56054dc7431a <unknown>\n#1 0x56054d78a6e0 <unknown>\n#2 0x56054d7d93e6 <unknown>\n#3 0x56054d7d9681 <unknown>\n#4 0x56054d81eb04 <unknown>\n#5 0x56054d7fd48d <unknown>\n#6 0x56054d81bed7 <unknown>\n#7 0x56054d7fd203 <unknown>\n#8 0x56054d7cbcc0 <unknown>\n#9 0x56054d7ccc9e <unknown>\n#10 0x56054dc41d0b <unknown>\n#11 0x56054dc45c92 <unknown>\n#12 0x56054dc2eb3c <unknown>\n#13 0x56054dc46807 <unknown>\n#14 0x56054dc140df <unknown>\n#15 0x56054dc63578 <unknown>\n#16 0x56054dc63740 <unknown>\n#17 0x56054dc73196 <unknown>\n#18 0x7f17b0294ac3 <unknown>","statusTrace":"self = <tests.workspaces_test.TestWorkspaces object at 0x7f340688c5f0>\n\n    @pytest.fixture(autouse=True)\n    def setup_method_fixture(self):\n>       login(self.about_page, self.login_page)\n\ntests/workspaces_test.py:25: \n_ _ _ _ _ _ _ _ _ _ _ _ _ _ _ _ _ _ _ _ _ _ _ _ _ _ _ _ _ _ _ _ _ _ _ _ _ _ _ _ \ntests/workspaces_test.py:15: in login\n    about_page.click_login_link()\npages/about_page.py:20: in click_login_link\n    self.click(self.LOGIN_LINK)\npages/base_page.py:60: in click\n    el: WebElement = self.wait.until(\n_ _ _ _ _ _ _ _ _ _ _ _ _ _ _ _ _ _ _ _ _ _ _ _ _ _ _ _ _ _ _ _ _ _ _ _ _ _ _ _ \n\nself = <selenium.webdriver.support.wait.WebDriverWait (session=\"eed2b3fe8ad94fc977856d5a54eff827\")>\nmethod = <function element_to_be_clickable.<locals>._predicate at 0x7f340658e0c0>\nmessage = ''\n\n    def until(self, method: Callable[[D], Union[Literal[False], T]], message: str = \"\") -> T:\n        \"\"\"Calls the method provided with the driver as an argument until the \\\n        return value does not evaluate to ``False``.\n    \n        :param method: callable(WebDriver)\n        :param message: optional message for :exc:`TimeoutException`\n        :returns: the result of the last call to `method`\n        :raises: :exc:`selenium.common.exceptions.TimeoutException` if timeout occurs\n        \"\"\"\n        screen = None\n        stacktrace = None\n    \n        end_time = time.monotonic() + self._timeout\n        while True:\n            try:\n                value = method(self._driver)\n                if value:\n                    return value\n            except self._ignored_exceptions as exc:\n                screen = getattr(exc, \"screen\", None)\n                stacktrace = getattr(exc, \"stacktrace\", None)\n            if time.monotonic() > end_time:\n                break\n            time.sleep(self._poll)\n>       raise TimeoutException(message, screen, stacktrace)\nE       selenium.common.exceptions.TimeoutException: Message: \nE       Stacktrace:\nE       #0 0x56054dc7431a <unknown>\nE       #1 0x56054d78a6e0 <unknown>\nE       #2 0x56054d7d93e6 <unknown>\nE       #3 0x56054d7d9681 <unknown>\nE       #4 0x56054d81eb04 <unknown>\nE       #5 0x56054d7fd48d <unknown>\nE       #6 0x56054d81bed7 <unknown>\nE       #7 0x56054d7fd203 <unknown>\nE       #8 0x56054d7cbcc0 <unknown>\nE       #9 0x56054d7ccc9e <unknown>\nE       #10 0x56054dc41d0b <unknown>\nE       #11 0x56054dc45c92 <unknown>\nE       #12 0x56054dc2eb3c <unknown>\nE       #13 0x56054dc46807 <unknown>\nE       #14 0x56054dc140df <unknown>\nE       #15 0x56054dc63578 <unknown>\nE       #16 0x56054dc63740 <unknown>\nE       #17 0x56054dc73196 <unknown>\nE       #18 0x7f17b0294ac3 <unknown>\n\n.venv/lib/python3.12/site-packages/selenium/webdriver/support/wait.py:105: TimeoutException","flaky":false,"newFailed":false,"newBroken":false,"newPassed":false,"retriesCount":0,"retriesStatusChange":false,"beforeStages":[{"name":"base_url","time":{"start":1733535847303,"stop":1733535847303,"duration":0},"status":"passed","steps":[],"attachments":[],"parameters":[],"shouldDisplayMessage":false,"stepsCount":0,"attachmentsCount":0,"hasContent":false,"attachmentStep":false},{"name":"data","time":{"start":1733535847303,"stop":1733535847304,"duration":1},"status":"passed","steps":[],"attachments":[],"parameters":[],"shouldDisplayMessage":false,"stepsCount":0,"attachmentsCount":0,"hasContent":false,"attachmentStep":false},{"name":"session_request","time":{"start":1733535847303,"stop":1733535847303,"duration":0},"status":"passed","steps":[],"attachments":[],"parameters":[],"shouldDisplayMessage":false,"stepsCount":0,"attachmentsCount":0,"hasContent":false,"attachmentStep":false},{"name":"_verify_url","time":{"start":1733535847303,"stop":1733535847303,"duration":0},"status":"passed","steps":[],"attachments":[],"parameters":[],"shouldDisplayMessage":false,"stepsCount":0,"attachmentsCount":0,"hasContent":false,"attachmentStep":false},{"name":"setup_method_fixture","time":{"start":1733536002553,"stop":1733536012747,"duration":10194},"status":"broken","statusMessage":"selenium.common.exceptions.TimeoutException: Message: \nStacktrace:\n#0 0x56054dc7431a <unknown>\n#1 0x56054d78a6e0 <unknown>\n#2 0x56054d7d93e6 <unknown>\n#3 0x56054d7d9681 <unknown>\n#4 0x56054d81eb04 <unknown>\n#5 0x56054d7fd48d <unknown>\n#6 0x56054d81bed7 <unknown>\n#7 0x56054d7fd203 <unknown>\n#8 0x56054d7cbcc0 <unknown>\n#9 0x56054d7ccc9e <unknown>\n#10 0x56054dc41d0b <unknown>\n#11 0x56054dc45c92 <unknown>\n#12 0x56054dc2eb3c <unknown>\n#13 0x56054dc46807 <unknown>\n#14 0x56054dc140df <unknown>\n#15 0x56054dc63578 <unknown>\n#16 0x56054dc63740 <unknown>\n#17 0x56054dc73196 <unknown>\n#18 0x7f17b0294ac3 <unknown>\n\n","statusTrace":"  File \"/home/runner/work/Selenium-Python-Example/Selenium-Python-Example/.venv/lib/python3.12/site-packages/pluggy/_callers.py\", line 167, in _multicall\n    teardown.throw(outcome._exception)\n  File \"/home/runner/work/Selenium-Python-Example/Selenium-Python-Example/.venv/lib/python3.12/site-packages/_pytest/setuponly.py\", line 36, in pytest_fixture_setup\n    return (yield)\n            ^^^^^\n  File \"/home/runner/work/Selenium-Python-Example/Selenium-Python-Example/.venv/lib/python3.12/site-packages/pluggy/_callers.py\", line 103, in _multicall\n    res = hook_impl.function(*args)\n          ^^^^^^^^^^^^^^^^^^^^^^^^^\n  File \"/home/runner/work/Selenium-Python-Example/Selenium-Python-Example/.venv/lib/python3.12/site-packages/_pytest/fixtures.py\", line 1140, in pytest_fixture_setup\n    result = call_fixture_func(fixturefunc, request, kwargs)\n             ^^^^^^^^^^^^^^^^^^^^^^^^^^^^^^^^^^^^^^^^^^^^^^^\n  File \"/home/runner/work/Selenium-Python-Example/Selenium-Python-Example/.venv/lib/python3.12/site-packages/_pytest/fixtures.py\", line 898, in call_fixture_func\n    fixture_result = fixturefunc(**kwargs)\n                     ^^^^^^^^^^^^^^^^^^^^^\n  File \"/home/runner/work/Selenium-Python-Example/Selenium-Python-Example/tests/workspaces_test.py\", line 25, in setup_method_fixture\n    login(self.about_page, self.login_page)\n  File \"/home/runner/work/Selenium-Python-Example/Selenium-Python-Example/tests/workspaces_test.py\", line 15, in login\n    about_page.click_login_link()\n  File \"/home/runner/work/Selenium-Python-Example/Selenium-Python-Example/.venv/lib/python3.12/site-packages/allure_commons/_allure.py\", line 192, in impl\n    return func(*a, **kw)\n           ^^^^^^^^^^^^^^\n  File \"/home/runner/work/Selenium-Python-Example/Selenium-Python-Example/pages/about_page.py\", line 20, in click_login_link\n    self.click(self.LOGIN_LINK)\n  File \"/home/runner/work/Selenium-Python-Example/Selenium-Python-Example/pages/base_page.py\", line 60, in click\n    el: WebElement = self.wait.until(\n                     ^^^^^^^^^^^^^^^^\n  File \"/home/runner/work/Selenium-Python-Example/Selenium-Python-Example/.venv/lib/python3.12/site-packages/selenium/webdriver/support/wait.py\", line 105, in until\n    raise TimeoutException(message, screen, stacktrace)\n","steps":[{"name":"Click Login link","time":{"start":1733536002553,"stop":1733536012747,"duration":10194},"status":"broken","statusMessage":"selenium.common.exceptions.TimeoutException: Message: \nStacktrace:\n#0 0x56054dc7431a <unknown>\n#1 0x56054d78a6e0 <unknown>\n#2 0x56054d7d93e6 <unknown>\n#3 0x56054d7d9681 <unknown>\n#4 0x56054d81eb04 <unknown>\n#5 0x56054d7fd48d <unknown>\n#6 0x56054d81bed7 <unknown>\n#7 0x56054d7fd203 <unknown>\n#8 0x56054d7cbcc0 <unknown>\n#9 0x56054d7ccc9e <unknown>\n#10 0x56054dc41d0b <unknown>\n#11 0x56054dc45c92 <unknown>\n#12 0x56054dc2eb3c <unknown>\n#13 0x56054dc46807 <unknown>\n#14 0x56054dc140df <unknown>\n#15 0x56054dc63578 <unknown>\n#16 0x56054dc63740 <unknown>\n#17 0x56054dc73196 <unknown>\n#18 0x7f17b0294ac3 <unknown>\n\n","statusTrace":"  File \"/home/runner/work/Selenium-Python-Example/Selenium-Python-Example/.venv/lib/python3.12/site-packages/allure_commons/_allure.py\", line 192, in impl\n    return func(*a, **kw)\n           ^^^^^^^^^^^^^^\n  File \"/home/runner/work/Selenium-Python-Example/Selenium-Python-Example/pages/about_page.py\", line 20, in click_login_link\n    self.click(self.LOGIN_LINK)\n  File \"/home/runner/work/Selenium-Python-Example/Selenium-Python-Example/pages/base_page.py\", line 60, in click\n    el: WebElement = self.wait.until(\n                     ^^^^^^^^^^^^^^^^\n  File \"/home/runner/work/Selenium-Python-Example/Selenium-Python-Example/.venv/lib/python3.12/site-packages/selenium/webdriver/support/wait.py\", line 105, in until\n    raise TimeoutException(message, screen, stacktrace)\n","steps":[],"attachments":[],"parameters":[],"shouldDisplayMessage":true,"stepsCount":0,"attachmentsCount":0,"hasContent":true,"attachmentStep":false}],"attachments":[],"parameters":[],"shouldDisplayMessage":false,"stepsCount":1,"attachmentsCount":0,"hasContent":true,"attachmentStep":false}],"testStage":{"description":"Deleting an existing project from workspace","status":"broken","statusMessage":"selenium.common.exceptions.TimeoutException: Message: \nStacktrace:\n#0 0x56054dc7431a <unknown>\n#1 0x56054d78a6e0 <unknown>\n#2 0x56054d7d93e6 <unknown>\n#3 0x56054d7d9681 <unknown>\n#4 0x56054d81eb04 <unknown>\n#5 0x56054d7fd48d <unknown>\n#6 0x56054d81bed7 <unknown>\n#7 0x56054d7fd203 <unknown>\n#8 0x56054d7cbcc0 <unknown>\n#9 0x56054d7ccc9e <unknown>\n#10 0x56054dc41d0b <unknown>\n#11 0x56054dc45c92 <unknown>\n#12 0x56054dc2eb3c <unknown>\n#13 0x56054dc46807 <unknown>\n#14 0x56054dc140df <unknown>\n#15 0x56054dc63578 <unknown>\n#16 0x56054dc63740 <unknown>\n#17 0x56054dc73196 <unknown>\n#18 0x7f17b0294ac3 <unknown>","statusTrace":"self = <tests.workspaces_test.TestWorkspaces object at 0x7f340688c5f0>\n\n    @pytest.fixture(autouse=True)\n    def setup_method_fixture(self):\n>       login(self.about_page, self.login_page)\n\ntests/workspaces_test.py:25: \n_ _ _ _ _ _ _ _ _ _ _ _ _ _ _ _ _ _ _ _ _ _ _ _ _ _ _ _ _ _ _ _ _ _ _ _ _ _ _ _ \ntests/workspaces_test.py:15: in login\n    about_page.click_login_link()\npages/about_page.py:20: in click_login_link\n    self.click(self.LOGIN_LINK)\npages/base_page.py:60: in click\n    el: WebElement = self.wait.until(\n_ _ _ _ _ _ _ _ _ _ _ _ _ _ _ _ _ _ _ _ _ _ _ _ _ _ _ _ _ _ _ _ _ _ _ _ _ _ _ _ \n\nself = <selenium.webdriver.support.wait.WebDriverWait (session=\"eed2b3fe8ad94fc977856d5a54eff827\")>\nmethod = <function element_to_be_clickable.<locals>._predicate at 0x7f340658e0c0>\nmessage = ''\n\n    def until(self, method: Callable[[D], Union[Literal[False], T]], message: str = \"\") -> T:\n        \"\"\"Calls the method provided with the driver as an argument until the \\\n        return value does not evaluate to ``False``.\n    \n        :param method: callable(WebDriver)\n        :param message: optional message for :exc:`TimeoutException`\n        :returns: the result of the last call to `method`\n        :raises: :exc:`selenium.common.exceptions.TimeoutException` if timeout occurs\n        \"\"\"\n        screen = None\n        stacktrace = None\n    \n        end_time = time.monotonic() + self._timeout\n        while True:\n            try:\n                value = method(self._driver)\n                if value:\n                    return value\n            except self._ignored_exceptions as exc:\n                screen = getattr(exc, \"screen\", None)\n                stacktrace = getattr(exc, \"stacktrace\", None)\n            if time.monotonic() > end_time:\n                break\n            time.sleep(self._poll)\n>       raise TimeoutException(message, screen, stacktrace)\nE       selenium.common.exceptions.TimeoutException: Message: \nE       Stacktrace:\nE       #0 0x56054dc7431a <unknown>\nE       #1 0x56054d78a6e0 <unknown>\nE       #2 0x56054d7d93e6 <unknown>\nE       #3 0x56054d7d9681 <unknown>\nE       #4 0x56054d81eb04 <unknown>\nE       #5 0x56054d7fd48d <unknown>\nE       #6 0x56054d81bed7 <unknown>\nE       #7 0x56054d7fd203 <unknown>\nE       #8 0x56054d7cbcc0 <unknown>\nE       #9 0x56054d7ccc9e <unknown>\nE       #10 0x56054dc41d0b <unknown>\nE       #11 0x56054dc45c92 <unknown>\nE       #12 0x56054dc2eb3c <unknown>\nE       #13 0x56054dc46807 <unknown>\nE       #14 0x56054dc140df <unknown>\nE       #15 0x56054dc63578 <unknown>\nE       #16 0x56054dc63740 <unknown>\nE       #17 0x56054dc73196 <unknown>\nE       #18 0x7f17b0294ac3 <unknown>\n\n.venv/lib/python3.12/site-packages/selenium/webdriver/support/wait.py:105: TimeoutException","steps":[{"name":"public ip address","time":{"start":1733536012768,"stop":1733536012824,"duration":56},"status":"passed","steps":[],"attachments":[{"uid":"1e2de83e099a4092","name":"HTTP logs of http://checkip.amazonaws.com/","source":"1e2de83e099a4092.txt","type":"text/plain","size":359}],"parameters":[],"shouldDisplayMessage":false,"stepsCount":0,"attachmentsCount":1,"hasContent":true,"attachmentStep":false}],"attachments":[{"uid":"ba8c5fcab4608da0","name":"Cookies","source":"ba8c5fcab4608da0.json","type":"application/json","size":3586},{"uid":"4bf897baeba439bf","name":"Session Storage","source":"4bf897baeba439bf.json","type":"application/json","size":358},{"uid":"aaa5cd63afc1464b","name":"Local Storage","source":"aaa5cd63afc1464b.json","type":"application/json","size":790},{"uid":"7f1119d4522d2644","name":"Console Logs","source":"7f1119d4522d2644.json","type":"application/json","size":236},{"uid":"a9124f0164beaa5a","name":"Full Page Screenshot","source":"a9124f0164beaa5a.png","type":"image/png","size":4168450},{"uid":"ed1b197bded91f5b","name":"URL","source":"ed1b197bded91f5b.uri","type":"text/uri-list","size":23},{"uid":"a5bfd495ab962bbb","name":"Network Logs","source":"a5bfd495ab962bbb.json","type":"application/json","size":4215285}],"parameters":[],"shouldDisplayMessage":true,"stepsCount":1,"attachmentsCount":8,"hasContent":true,"attachmentStep":false},"afterStages":[{"name":"session_request::0","time":{"start":1733536015968,"stop":1733536015968,"duration":0},"status":"passed","steps":[],"attachments":[],"parameters":[],"shouldDisplayMessage":false,"stepsCount":0,"attachmentsCount":0,"hasContent":false,"attachmentStep":false}],"labels":[{"name":"severity","value":"normal"},{"name":"epic","value":"Workspaces"},{"name":"story","value":"WorkSpaces Creation and Editing Functionality"},{"name":"tag","value":"run(order=9)"},{"name":"parentSuite","value":"tests"},{"name":"suite","value":"workspaces_test"},{"name":"subSuite","value":"TestWorkspaces"},{"name":"host","value":"fv-az883-60"},{"name":"thread","value":"1867-MainThread"},{"name":"framework","value":"pytest"},{"name":"language","value":"cpython3"},{"name":"package","value":"tests.workspaces_test"},{"name":"resultFormat","value":"allure2"}],"parameters":[],"links":[],"hidden":false,"retry":false,"extra":{"severity":"normal","retries":[],"categories":[{"name":"Test defects","matchedStatuses":[],"flaky":false}],"tags":["run(order=9)"]},"source":"5575b2b253fb8036.json","parameterValues":[]}