{"uid":"2dce59eb9dc5ae41","name":"Search for existing project test","fullName":"tests.test_workspaces.TestWorkspaces#test_search_project","historyId":"7721eab640df221dfbcb45b0cd0d7b59","time":{"start":1682705544516,"stop":1682705544516,"duration":0},"description":"Search for an existing project","descriptionHtml":"<p>Search for an existing project</p>\n","status":"broken","statusMessage":"selenium.common.exceptions.TimeoutException: Message: \nStacktrace:\n#0 0x561245c47fe3 <unknown>\n#1 0x561245986d36 <unknown>\n#2 0x5612459c3c4d <unknown>\n#3 0x5612459c3d61 <unknown>\n#4 0x5612459ff6a4 <unknown>\n#5 0x5612459e48ed <unknown>\n#6 0x5612459fd232 <unknown>\n#7 0x5612459e4693 <unknown>\n#8 0x5612459b703a <unknown>\n#9 0x5612459b817e <unknown>\n#10 0x561245c09dbd <unknown>\n#11 0x561245c0dc6c <unknown>\n#12 0x561245c174b0 <unknown>\n#13 0x561245c0ed63 <unknown>\n#14 0x561245be1c35 <unknown>\n#15 0x561245c32138 <unknown>\n#16 0x561245c322c7 <unknown>\n#17 0x561245c40093 <unknown>\n#18 0x7f50dac20b43 <unknown>","statusTrace":"self = <tests.test_workspaces.TestWorkspaces object at 0x7f5c4e3c4ca0>\nini_reader = <utils.config_parser.ConfigParserIni object at 0x7f5c4e3c4520>\n\n    @pytest.fixture(autouse=True)\n    def setup_method_fixture(self, ini_reader):\n        about_page = AboutPage(self.driver)\n        login_page = LoginPage(self.driver)\n>       login(ini_reader, about_page, login_page)\n\ntests/test_workspaces.py:33: \n_ _ _ _ _ _ _ _ _ _ _ _ _ _ _ _ _ _ _ _ _ _ _ _ _ _ _ _ _ _ _ _ _ _ _ _ _ _ _ _ \ntests/test_workspaces.py:20: in login\n    about_page.click_login_link()\npages/about_page.py:17: in click_login_link\n    self.click(self.LOGIN_LINK)\npages/base_page.py:17: in click\n    el: WebElement = self._wait.until(expected_conditions.element_to_be_clickable(webelement))\n_ _ _ _ _ _ _ _ _ _ _ _ _ _ _ _ _ _ _ _ _ _ _ _ _ _ _ _ _ _ _ _ _ _ _ _ _ _ _ _ \n\nself = <selenium.webdriver.support.wait.WebDriverWait (session=\"70c1b2c3f1e4cd83e3f6a0842a982584\")>\nmethod = <function element_to_be_clickable.<locals>._predicate at 0x7f5c4e289510>\nmessage = ''\n\n    def until(self, method, message: str = \"\"):\n        \"\"\"Calls the method provided with the driver as an argument until the \\\n        return value does not evaluate to ``False``.\n    \n        :param method: callable(WebDriver)\n        :param message: optional message for :exc:`TimeoutException`\n        :returns: the result of the last call to `method`\n        :raises: :exc:`selenium.common.exceptions.TimeoutException` if timeout occurs\n        \"\"\"\n        screen = None\n        stacktrace = None\n    \n        end_time = time.monotonic() + self._timeout\n        while True:\n            try:\n                value = method(self._driver)\n                if value:\n                    return value\n            except self._ignored_exceptions as exc:\n                screen = getattr(exc, \"screen\", None)\n                stacktrace = getattr(exc, \"stacktrace\", None)\n            time.sleep(self._poll)\n            if time.monotonic() > end_time:\n                break\n>       raise TimeoutException(message, screen, stacktrace)\nE       selenium.common.exceptions.TimeoutException: Message: \nE       Stacktrace:\nE       #0 0x561245c47fe3 <unknown>\nE       #1 0x561245986d36 <unknown>\nE       #2 0x5612459c3c4d <unknown>\nE       #3 0x5612459c3d61 <unknown>\nE       #4 0x5612459ff6a4 <unknown>\nE       #5 0x5612459e48ed <unknown>\nE       #6 0x5612459fd232 <unknown>\nE       #7 0x5612459e4693 <unknown>\nE       #8 0x5612459b703a <unknown>\nE       #9 0x5612459b817e <unknown>\nE       #10 0x561245c09dbd <unknown>\nE       #11 0x561245c0dc6c <unknown>\nE       #12 0x561245c174b0 <unknown>\nE       #13 0x561245c0ed63 <unknown>\nE       #14 0x561245be1c35 <unknown>\nE       #15 0x561245c32138 <unknown>\nE       #16 0x561245c322c7 <unknown>\nE       #17 0x561245c40093 <unknown>\nE       #18 0x7f50dac20b43 <unknown>\n\n/opt/hostedtoolcache/Python/3.10.11/x64/lib/python3.10/site-packages/selenium/webdriver/support/wait.py:95: TimeoutException","flaky":false,"newFailed":false,"newBroken":false,"newPassed":false,"retriesCount":0,"retriesStatusChange":false,"beforeStages":[{"name":"json_reader","time":{"start":1682705393068,"stop":1682705393068,"duration":0},"status":"passed","steps":[],"attachments":[],"parameters":[],"stepsCount":0,"attachmentsCount":0,"shouldDisplayMessage":false,"hasContent":false},{"name":"ini_reader","time":{"start":1682705393069,"stop":1682705393069,"duration":0},"status":"passed","steps":[],"attachments":[],"parameters":[],"stepsCount":0,"attachmentsCount":0,"shouldDisplayMessage":false,"hasContent":false},{"name":"create_driver","time":{"start":1682705544516,"stop":1682705548092,"duration":3576},"status":"passed","steps":[],"attachments":[],"parameters":[],"stepsCount":0,"attachmentsCount":0,"shouldDisplayMessage":false,"hasContent":false},{"name":"setup_method_fixture","time":{"start":1682705548092,"stop":1682705558375,"duration":10283},"status":"broken","statusMessage":"selenium.common.exceptions.TimeoutException: Message: \nStacktrace:\n#0 0x561245c47fe3 <unknown>\n#1 0x561245986d36 <unknown>\n#2 0x5612459c3c4d <unknown>\n#3 0x5612459c3d61 <unknown>\n#4 0x5612459ff6a4 <unknown>\n#5 0x5612459e48ed <unknown>\n#6 0x5612459fd232 <unknown>\n#7 0x5612459e4693 <unknown>\n#8 0x5612459b703a <unknown>\n#9 0x5612459b817e <unknown>\n#10 0x561245c09dbd <unknown>\n#11 0x561245c0dc6c <unknown>\n#12 0x561245c174b0 <unknown>\n#13 0x561245c0ed63 <unknown>\n#14 0x561245be1c35 <unknown>\n#15 0x561245c32138 <unknown>\n#16 0x561245c322c7 <unknown>\n#17 0x561245c40093 <unknown>\n#18 0x7f50dac20b43 <unknown>\n\n","statusTrace":"  File \"/opt/hostedtoolcache/Python/3.10.11/x64/lib/python3.10/site-packages/pluggy/_callers.py\", line 39, in _multicall\n    res = hook_impl.function(*args)\n  File \"/opt/hostedtoolcache/Python/3.10.11/x64/lib/python3.10/site-packages/_pytest/fixtures.py\", line 1129, in pytest_fixture_setup\n    result = call_fixture_func(fixturefunc, request, kwargs)\n  File \"/opt/hostedtoolcache/Python/3.10.11/x64/lib/python3.10/site-packages/_pytest/fixtures.py\", line 908, in call_fixture_func\n    fixture_result = fixturefunc(**kwargs)\n  File \"/home/runner/work/Selenium-Python-Example/Selenium-Python-Example/tests/test_workspaces.py\", line 33, in setup_method_fixture\n    login(ini_reader, about_page, login_page)\n  File \"/home/runner/work/Selenium-Python-Example/Selenium-Python-Example/tests/test_workspaces.py\", line 20, in login\n    about_page.click_login_link()\n  File \"/opt/hostedtoolcache/Python/3.10.11/x64/lib/python3.10/site-packages/allure_commons/_allure.py\", line 192, in impl\n    return func(*a, **kw)\n  File \"/home/runner/work/Selenium-Python-Example/Selenium-Python-Example/pages/about_page.py\", line 17, in click_login_link\n    self.click(self.LOGIN_LINK)\n  File \"/home/runner/work/Selenium-Python-Example/Selenium-Python-Example/pages/base_page.py\", line 17, in click\n    el: WebElement = self._wait.until(expected_conditions.element_to_be_clickable(webelement))\n  File \"/opt/hostedtoolcache/Python/3.10.11/x64/lib/python3.10/site-packages/selenium/webdriver/support/wait.py\", line 95, in until\n    raise TimeoutException(message, screen, stacktrace)\n","steps":[{"name":"Click Login link","time":{"start":1682705548092,"stop":1682705558375,"duration":10283},"status":"broken","statusMessage":"selenium.common.exceptions.TimeoutException: Message: \nStacktrace:\n#0 0x561245c47fe3 <unknown>\n#1 0x561245986d36 <unknown>\n#2 0x5612459c3c4d <unknown>\n#3 0x5612459c3d61 <unknown>\n#4 0x5612459ff6a4 <unknown>\n#5 0x5612459e48ed <unknown>\n#6 0x5612459fd232 <unknown>\n#7 0x5612459e4693 <unknown>\n#8 0x5612459b703a <unknown>\n#9 0x5612459b817e <unknown>\n#10 0x561245c09dbd <unknown>\n#11 0x561245c0dc6c <unknown>\n#12 0x561245c174b0 <unknown>\n#13 0x561245c0ed63 <unknown>\n#14 0x561245be1c35 <unknown>\n#15 0x561245c32138 <unknown>\n#16 0x561245c322c7 <unknown>\n#17 0x561245c40093 <unknown>\n#18 0x7f50dac20b43 <unknown>\n\n","statusTrace":"  File \"/opt/hostedtoolcache/Python/3.10.11/x64/lib/python3.10/site-packages/allure_commons/_allure.py\", line 192, in impl\n    return func(*a, **kw)\n  File \"/home/runner/work/Selenium-Python-Example/Selenium-Python-Example/pages/about_page.py\", line 17, in click_login_link\n    self.click(self.LOGIN_LINK)\n  File \"/home/runner/work/Selenium-Python-Example/Selenium-Python-Example/pages/base_page.py\", line 17, in click\n    el: WebElement = self._wait.until(expected_conditions.element_to_be_clickable(webelement))\n  File \"/opt/hostedtoolcache/Python/3.10.11/x64/lib/python3.10/site-packages/selenium/webdriver/support/wait.py\", line 95, in until\n    raise TimeoutException(message, screen, stacktrace)\n","steps":[],"attachments":[],"parameters":[],"stepsCount":0,"attachmentsCount":0,"shouldDisplayMessage":true,"hasContent":true}],"attachments":[],"parameters":[],"stepsCount":1,"attachmentsCount":0,"shouldDisplayMessage":false,"hasContent":true}],"testStage":{"description":"Search for an existing project","status":"broken","statusMessage":"selenium.common.exceptions.TimeoutException: Message: \nStacktrace:\n#0 0x561245c47fe3 <unknown>\n#1 0x561245986d36 <unknown>\n#2 0x5612459c3c4d <unknown>\n#3 0x5612459c3d61 <unknown>\n#4 0x5612459ff6a4 <unknown>\n#5 0x5612459e48ed <unknown>\n#6 0x5612459fd232 <unknown>\n#7 0x5612459e4693 <unknown>\n#8 0x5612459b703a <unknown>\n#9 0x5612459b817e <unknown>\n#10 0x561245c09dbd <unknown>\n#11 0x561245c0dc6c <unknown>\n#12 0x561245c174b0 <unknown>\n#13 0x561245c0ed63 <unknown>\n#14 0x561245be1c35 <unknown>\n#15 0x561245c32138 <unknown>\n#16 0x561245c322c7 <unknown>\n#17 0x561245c40093 <unknown>\n#18 0x7f50dac20b43 <unknown>","statusTrace":"self = <tests.test_workspaces.TestWorkspaces object at 0x7f5c4e3c4ca0>\nini_reader = <utils.config_parser.ConfigParserIni object at 0x7f5c4e3c4520>\n\n    @pytest.fixture(autouse=True)\n    def setup_method_fixture(self, ini_reader):\n        about_page = AboutPage(self.driver)\n        login_page = LoginPage(self.driver)\n>       login(ini_reader, about_page, login_page)\n\ntests/test_workspaces.py:33: \n_ _ _ _ _ _ _ _ _ _ _ _ _ _ _ _ _ _ _ _ _ _ _ _ _ _ _ _ _ _ _ _ _ _ _ _ _ _ _ _ \ntests/test_workspaces.py:20: in login\n    about_page.click_login_link()\npages/about_page.py:17: in click_login_link\n    self.click(self.LOGIN_LINK)\npages/base_page.py:17: in click\n    el: WebElement = self._wait.until(expected_conditions.element_to_be_clickable(webelement))\n_ _ _ _ _ _ _ _ _ _ _ _ _ _ _ _ _ _ _ _ _ _ _ _ _ _ _ _ _ _ _ _ _ _ _ _ _ _ _ _ \n\nself = <selenium.webdriver.support.wait.WebDriverWait (session=\"70c1b2c3f1e4cd83e3f6a0842a982584\")>\nmethod = <function element_to_be_clickable.<locals>._predicate at 0x7f5c4e289510>\nmessage = ''\n\n    def until(self, method, message: str = \"\"):\n        \"\"\"Calls the method provided with the driver as an argument until the \\\n        return value does not evaluate to ``False``.\n    \n        :param method: callable(WebDriver)\n        :param message: optional message for :exc:`TimeoutException`\n        :returns: the result of the last call to `method`\n        :raises: :exc:`selenium.common.exceptions.TimeoutException` if timeout occurs\n        \"\"\"\n        screen = None\n        stacktrace = None\n    \n        end_time = time.monotonic() + self._timeout\n        while True:\n            try:\n                value = method(self._driver)\n                if value:\n                    return value\n            except self._ignored_exceptions as exc:\n                screen = getattr(exc, \"screen\", None)\n                stacktrace = getattr(exc, \"stacktrace\", None)\n            time.sleep(self._poll)\n            if time.monotonic() > end_time:\n                break\n>       raise TimeoutException(message, screen, stacktrace)\nE       selenium.common.exceptions.TimeoutException: Message: \nE       Stacktrace:\nE       #0 0x561245c47fe3 <unknown>\nE       #1 0x561245986d36 <unknown>\nE       #2 0x5612459c3c4d <unknown>\nE       #3 0x5612459c3d61 <unknown>\nE       #4 0x5612459ff6a4 <unknown>\nE       #5 0x5612459e48ed <unknown>\nE       #6 0x5612459fd232 <unknown>\nE       #7 0x5612459e4693 <unknown>\nE       #8 0x5612459b703a <unknown>\nE       #9 0x5612459b817e <unknown>\nE       #10 0x561245c09dbd <unknown>\nE       #11 0x561245c0dc6c <unknown>\nE       #12 0x561245c174b0 <unknown>\nE       #13 0x561245c0ed63 <unknown>\nE       #14 0x561245be1c35 <unknown>\nE       #15 0x561245c32138 <unknown>\nE       #16 0x561245c322c7 <unknown>\nE       #17 0x561245c40093 <unknown>\nE       #18 0x7f50dac20b43 <unknown>\n\n/opt/hostedtoolcache/Python/3.10.11/x64/lib/python3.10/site-packages/selenium/webdriver/support/wait.py:95: TimeoutException","steps":[],"attachments":[{"uid":"9aab260be144c4b8","name":"Full Page Screenshot","source":"9aab260be144c4b8.png","type":"image/png","size":2646979},{"uid":"973aee7c009448d5","name":"URL","source":"973aee7c009448d5.uri","type":"text/uri-list","size":23},{"uid":"8efd191da98e72ff","name":"public ip address","source":"8efd191da98e72ff.txt","type":"text/plain","size":13},{"uid":"a1a64ad6a3dea1fc","name":"Cookies","source":"a1a64ad6a3dea1fc.json","type":"application/json","size":3530},{"uid":"612836156468365c","name":"Session Storage","source":"612836156468365c.json","type":"application/json","size":2},{"uid":"ce701910ae663e81","name":"Local Storage","source":"ce701910ae663e81.json","type":"application/json","size":1400},{"uid":"88ff077918f4b3d4","name":"Console Logs","source":"88ff077918f4b3d4.json","type":"application/json","size":5314},{"uid":"16331362a919c64","name":"Network Logs","source":"16331362a919c64.json","type":"application/json","size":84977}],"parameters":[],"stepsCount":0,"attachmentsCount":8,"shouldDisplayMessage":true,"hasContent":true},"afterStages":[{"name":"create_driver::0","time":{"start":1682705560998,"stop":1682705561068,"duration":70},"status":"passed","steps":[],"attachments":[],"parameters":[],"stepsCount":0,"attachmentsCount":0,"shouldDisplayMessage":false,"hasContent":false}],"labels":[{"name":"epic","value":"Workspaces"},{"name":"story","value":"WorkSpaces Creation and Editing Functionality"},{"name":"severity","value":"normal"},{"name":"tag","value":"run(order=6)"},{"name":"parentSuite","value":"tests"},{"name":"suite","value":"test_workspaces"},{"name":"subSuite","value":"TestWorkspaces"},{"name":"host","value":"fv-az577-689"},{"name":"thread","value":"2253-MainThread"},{"name":"framework","value":"pytest"},{"name":"language","value":"cpython3"},{"name":"package","value":"tests.test_workspaces"},{"name":"resultFormat","value":"allure2"}],"parameters":[],"links":[],"hidden":false,"retry":false,"extra":{"severity":"normal","retries":[],"categories":[{"name":"Test defects","matchedStatuses":[],"flaky":false}],"tags":["run(order=6)"]},"source":"2dce59eb9dc5ae41.json","parameterValues":[]}