{"uid":"3dfb446ae655b00a","name":"Login with valid credentials test","fullName":"tests.test_login.TestLogin#test_valid_login","historyId":"e7f254b9bfd5f2bc8d4a1ffa6dc7aebb","time":{"start":1694913086258,"stop":1694913096513,"duration":10255},"description":"valid login","descriptionHtml":"<p>valid login</p>\n","status":"broken","statusMessage":"selenium.common.exceptions.TimeoutException: Message: \nStacktrace:\n#0 0x55fedc2f2e23 <unknown>\n#1 0x55fedc01b7a7 <unknown>\n#2 0x55fedc05a1d3 <unknown>\n#3 0x55fedc05a2c1 <unknown>\n#4 0x55fedc095a04 <unknown>\n#5 0x55fedc07b03d <unknown>\n#6 0x55fedc093369 <unknown>\n#7 0x55fedc07ade3 <unknown>\n#8 0x55fedc04ea7b <unknown>\n#9 0x55fedc04f81e <unknown>\n#10 0x55fedc2b4638 <unknown>\n#11 0x55fedc2b8507 <unknown>\n#12 0x55fedc2c2c4c <unknown>\n#13 0x55fedc2b9136 <unknown>\n#14 0x55fedc2879cf <unknown>\n#15 0x55fedc2dcb98 <unknown>\n#16 0x55fedc2dcd68 <unknown>\n#17 0x55fedc2ebcb3 <unknown>\n#18 0x7f544cc94b43 <unknown>","statusTrace":"self = <tests.test_login.TestLogin object at 0x7f591d97d390>\nsecret_data = {'email': 'elias123@gmail.com', 'password': 'El123456789'}\njson_data = {'forgot_password': {'error_message': \"We can't find a user with that e-mail address.\", 'success_message': 'A reset li...you page', 'name': 'test', 'new_name': 'another test', 'no_project_found_msg': 'No project matches the criteria', ...}}\n\n    @allure.description(\"valid login\")\n    @allure.title(\"Login with valid credentials test\")\n    @allure.tag(\"Tagged test\")\n    @pytest.mark.run(order=1)\n    def test_valid_login(self, secret_data: dict, json_data: dict):\n>       self.about_page.click_login_link()\n\ntests/test_login.py:39: \n_ _ _ _ _ _ _ _ _ _ _ _ _ _ _ _ _ _ _ _ _ _ _ _ _ _ _ _ _ _ _ _ _ _ _ _ _ _ _ _ \npages/about_page.py:20: in click_login_link\n    self.click(self.LOGIN_LINK)\npages/base_page.py:38: in click\n    el: WebElement = self.wait.until(\n_ _ _ _ _ _ _ _ _ _ _ _ _ _ _ _ _ _ _ _ _ _ _ _ _ _ _ _ _ _ _ _ _ _ _ _ _ _ _ _ \n\nself = <selenium.webdriver.support.wait.WebDriverWait (session=\"91e3ca5a978ea5b0b8aedaba1e86e363\")>\nmethod = <function element_to_be_clickable.<locals>._predicate at 0x7f591d9ad080>\nmessage = ''\n\n    def until(self, method, message: str = \"\"):\n        \"\"\"Calls the method provided with the driver as an argument until the \\\n        return value does not evaluate to ``False``.\n    \n        :param method: callable(WebDriver)\n        :param message: optional message for :exc:`TimeoutException`\n        :returns: the result of the last call to `method`\n        :raises: :exc:`selenium.common.exceptions.TimeoutException` if timeout occurs\n        \"\"\"\n        screen = None\n        stacktrace = None\n    \n        end_time = time.monotonic() + self._timeout\n        while True:\n            try:\n                value = method(self._driver)\n                if value:\n                    return value\n            except self._ignored_exceptions as exc:\n                screen = getattr(exc, \"screen\", None)\n                stacktrace = getattr(exc, \"stacktrace\", None)\n            time.sleep(self._poll)\n            if time.monotonic() > end_time:\n                break\n>       raise TimeoutException(message, screen, stacktrace)\nE       selenium.common.exceptions.TimeoutException: Message: \nE       Stacktrace:\nE       #0 0x55fedc2f2e23 <unknown>\nE       #1 0x55fedc01b7a7 <unknown>\nE       #2 0x55fedc05a1d3 <unknown>\nE       #3 0x55fedc05a2c1 <unknown>\nE       #4 0x55fedc095a04 <unknown>\nE       #5 0x55fedc07b03d <unknown>\nE       #6 0x55fedc093369 <unknown>\nE       #7 0x55fedc07ade3 <unknown>\nE       #8 0x55fedc04ea7b <unknown>\nE       #9 0x55fedc04f81e <unknown>\nE       #10 0x55fedc2b4638 <unknown>\nE       #11 0x55fedc2b8507 <unknown>\nE       #12 0x55fedc2c2c4c <unknown>\nE       #13 0x55fedc2b9136 <unknown>\nE       #14 0x55fedc2879cf <unknown>\nE       #15 0x55fedc2dcb98 <unknown>\nE       #16 0x55fedc2dcd68 <unknown>\nE       #17 0x55fedc2ebcb3 <unknown>\nE       #18 0x7f544cc94b43 <unknown>\n\n.venv/lib/python3.11/site-packages/selenium/webdriver/support/wait.py:95: TimeoutException","flaky":false,"newFailed":false,"newBroken":false,"newPassed":false,"retriesCount":0,"retriesStatusChange":false,"beforeStages":[{"name":"_verify_url","time":{"start":1694913086256,"stop":1694913086256,"duration":0},"status":"passed","steps":[],"attachments":[],"parameters":[],"shouldDisplayMessage":false,"stepsCount":0,"attachmentsCount":0,"hasContent":false},{"name":"base_url","time":{"start":1694913086256,"stop":1694913086256,"duration":0},"status":"passed","steps":[],"attachments":[],"parameters":[],"shouldDisplayMessage":false,"stepsCount":0,"attachmentsCount":0,"hasContent":false},{"name":"json_data","time":{"start":1694913086257,"stop":1694913086257,"duration":0},"status":"passed","steps":[],"attachments":[],"parameters":[],"shouldDisplayMessage":false,"stepsCount":0,"attachmentsCount":0,"hasContent":false},{"name":"secret_data","time":{"start":1694913086257,"stop":1694913086257,"duration":0},"status":"passed","steps":[],"attachments":[],"parameters":[],"shouldDisplayMessage":false,"stepsCount":0,"attachmentsCount":0,"hasContent":false}],"testStage":{"description":"valid login","status":"broken","statusMessage":"selenium.common.exceptions.TimeoutException: Message: \nStacktrace:\n#0 0x55fedc2f2e23 <unknown>\n#1 0x55fedc01b7a7 <unknown>\n#2 0x55fedc05a1d3 <unknown>\n#3 0x55fedc05a2c1 <unknown>\n#4 0x55fedc095a04 <unknown>\n#5 0x55fedc07b03d <unknown>\n#6 0x55fedc093369 <unknown>\n#7 0x55fedc07ade3 <unknown>\n#8 0x55fedc04ea7b <unknown>\n#9 0x55fedc04f81e <unknown>\n#10 0x55fedc2b4638 <unknown>\n#11 0x55fedc2b8507 <unknown>\n#12 0x55fedc2c2c4c <unknown>\n#13 0x55fedc2b9136 <unknown>\n#14 0x55fedc2879cf <unknown>\n#15 0x55fedc2dcb98 <unknown>\n#16 0x55fedc2dcd68 <unknown>\n#17 0x55fedc2ebcb3 <unknown>\n#18 0x7f544cc94b43 <unknown>","statusTrace":"self = <tests.test_login.TestLogin object at 0x7f591d97d390>\nsecret_data = {'email': 'elias123@gmail.com', 'password': 'El123456789'}\njson_data = {'forgot_password': {'error_message': \"We can't find a user with that e-mail address.\", 'success_message': 'A reset li...you page', 'name': 'test', 'new_name': 'another test', 'no_project_found_msg': 'No project matches the criteria', ...}}\n\n    @allure.description(\"valid login\")\n    @allure.title(\"Login with valid credentials test\")\n    @allure.tag(\"Tagged test\")\n    @pytest.mark.run(order=1)\n    def test_valid_login(self, secret_data: dict, json_data: dict):\n>       self.about_page.click_login_link()\n\ntests/test_login.py:39: \n_ _ _ _ _ _ _ _ _ _ _ _ _ _ _ _ _ _ _ _ _ _ _ _ _ _ _ _ _ _ _ _ _ _ _ _ _ _ _ _ \npages/about_page.py:20: in click_login_link\n    self.click(self.LOGIN_LINK)\npages/base_page.py:38: in click\n    el: WebElement = self.wait.until(\n_ _ _ _ _ _ _ _ _ _ _ _ _ _ _ _ _ _ _ _ _ _ _ _ _ _ _ _ _ _ _ _ _ _ _ _ _ _ _ _ \n\nself = <selenium.webdriver.support.wait.WebDriverWait (session=\"91e3ca5a978ea5b0b8aedaba1e86e363\")>\nmethod = <function element_to_be_clickable.<locals>._predicate at 0x7f591d9ad080>\nmessage = ''\n\n    def until(self, method, message: str = \"\"):\n        \"\"\"Calls the method provided with the driver as an argument until the \\\n        return value does not evaluate to ``False``.\n    \n        :param method: callable(WebDriver)\n        :param message: optional message for :exc:`TimeoutException`\n        :returns: the result of the last call to `method`\n        :raises: :exc:`selenium.common.exceptions.TimeoutException` if timeout occurs\n        \"\"\"\n        screen = None\n        stacktrace = None\n    \n        end_time = time.monotonic() + self._timeout\n        while True:\n            try:\n                value = method(self._driver)\n                if value:\n                    return value\n            except self._ignored_exceptions as exc:\n                screen = getattr(exc, \"screen\", None)\n                stacktrace = getattr(exc, \"stacktrace\", None)\n            time.sleep(self._poll)\n            if time.monotonic() > end_time:\n                break\n>       raise TimeoutException(message, screen, stacktrace)\nE       selenium.common.exceptions.TimeoutException: Message: \nE       Stacktrace:\nE       #0 0x55fedc2f2e23 <unknown>\nE       #1 0x55fedc01b7a7 <unknown>\nE       #2 0x55fedc05a1d3 <unknown>\nE       #3 0x55fedc05a2c1 <unknown>\nE       #4 0x55fedc095a04 <unknown>\nE       #5 0x55fedc07b03d <unknown>\nE       #6 0x55fedc093369 <unknown>\nE       #7 0x55fedc07ade3 <unknown>\nE       #8 0x55fedc04ea7b <unknown>\nE       #9 0x55fedc04f81e <unknown>\nE       #10 0x55fedc2b4638 <unknown>\nE       #11 0x55fedc2b8507 <unknown>\nE       #12 0x55fedc2c2c4c <unknown>\nE       #13 0x55fedc2b9136 <unknown>\nE       #14 0x55fedc2879cf <unknown>\nE       #15 0x55fedc2dcb98 <unknown>\nE       #16 0x55fedc2dcd68 <unknown>\nE       #17 0x55fedc2ebcb3 <unknown>\nE       #18 0x7f544cc94b43 <unknown>\n\n.venv/lib/python3.11/site-packages/selenium/webdriver/support/wait.py:95: TimeoutException","steps":[{"name":"Click Login link","time":{"start":1694913086258,"stop":1694913096512,"duration":10254},"status":"broken","statusMessage":"selenium.common.exceptions.TimeoutException: Message: \nStacktrace:\n#0 0x55fedc2f2e23 <unknown>\n#1 0x55fedc01b7a7 <unknown>\n#2 0x55fedc05a1d3 <unknown>\n#3 0x55fedc05a2c1 <unknown>\n#4 0x55fedc095a04 <unknown>\n#5 0x55fedc07b03d <unknown>\n#6 0x55fedc093369 <unknown>\n#7 0x55fedc07ade3 <unknown>\n#8 0x55fedc04ea7b <unknown>\n#9 0x55fedc04f81e <unknown>\n#10 0x55fedc2b4638 <unknown>\n#11 0x55fedc2b8507 <unknown>\n#12 0x55fedc2c2c4c <unknown>\n#13 0x55fedc2b9136 <unknown>\n#14 0x55fedc2879cf <unknown>\n#15 0x55fedc2dcb98 <unknown>\n#16 0x55fedc2dcd68 <unknown>\n#17 0x55fedc2ebcb3 <unknown>\n#18 0x7f544cc94b43 <unknown>\n\n","statusTrace":"  File \"/home/runner/work/Selenium-Python-Example/Selenium-Python-Example/.venv/lib/python3.11/site-packages/allure_commons/_allure.py\", line 192, in impl\n    return func(*a, **kw)\n           ^^^^^^^^^^^^^^\n  File \"/home/runner/work/Selenium-Python-Example/Selenium-Python-Example/pages/about_page.py\", line 20, in click_login_link\n    self.click(self.LOGIN_LINK)\n  File \"/home/runner/work/Selenium-Python-Example/Selenium-Python-Example/pages/base_page.py\", line 38, in click\n    el: WebElement = self.wait.until(\n                     ^^^^^^^^^^^^^^^^\n  File \"/home/runner/work/Selenium-Python-Example/Selenium-Python-Example/.venv/lib/python3.11/site-packages/selenium/webdriver/support/wait.py\", line 95, in until\n    raise TimeoutException(message, screen, stacktrace)\n","steps":[],"attachments":[],"parameters":[],"shouldDisplayMessage":true,"stepsCount":0,"attachmentsCount":0,"hasContent":true}],"attachments":[{"uid":"6e0787acb49939a7","name":"public ip address","source":"6e0787acb49939a7.txt","type":"text/plain","size":12},{"uid":"ec3049ad10705906","name":"Cookies","source":"ec3049ad10705906.json","type":"application/json","size":2018},{"uid":"a0082e6677768822","name":"Session Storage","source":"a0082e6677768822.json","type":"application/json","size":333},{"uid":"fe92c39f4377787e","name":"Local Storage","source":"fe92c39f4377787e.json","type":"application/json","size":208},{"uid":"b193d1a947a5dcbc","name":"Console Logs","source":"b193d1a947a5dcbc.json","type":"application/json","size":4954},{"uid":"e71493e8e5477ba1","name":"Full Page Screenshot","source":"e71493e8e5477ba1.png","type":"image/png","size":3339388},{"uid":"59c602ccaecd0962","name":"URL","source":"59c602ccaecd0962.uri","type":"text/uri-list","size":23},{"uid":"7a899e6b653cc6bf","name":"Network Logs","source":"7a899e6b653cc6bf.json","type":"application/json","size":55358}],"parameters":[],"shouldDisplayMessage":true,"stepsCount":1,"attachmentsCount":8,"hasContent":true},"afterStages":[],"labels":[{"name":"severity","value":"blocker"},{"name":"tag","value":"Tagged test"},{"name":"feature","value":"Login"},{"name":"epic","value":"Security"},{"name":"tag","value":"run(order=1)"},{"name":"tag","value":"security"},{"name":"parentSuite","value":"tests"},{"name":"suite","value":"test_login"},{"name":"subSuite","value":"TestLogin"},{"name":"host","value":"fv-az248-325"},{"name":"thread","value":"2078-MainThread"},{"name":"framework","value":"pytest"},{"name":"language","value":"cpython3"},{"name":"package","value":"tests.test_login"},{"name":"resultFormat","value":"allure2"}],"parameters":[],"links":[],"hidden":false,"retry":false,"extra":{"severity":"blocker","retries":[],"categories":[{"name":"Test defects","matchedStatuses":[],"flaky":false}],"tags":["security","Tagged test","run(order=1)"]},"source":"3dfb446ae655b00a.json","parameterValues":[]}