{"uid":"749599f708abc420","name":"Delete existing project","fullName":"tests.workspaces_test.TestWorkspaces#test_delete_project","historyId":"01aedc61ee0cb37239b4ba1d780257ea","time":{"start":1697764288045,"stop":1697764288045,"duration":0},"description":"Deleting an existing project from workspace","descriptionHtml":"<p>Deleting an existing project from workspace</p>\n","status":"broken","statusMessage":"selenium.common.exceptions.TimeoutException: Message: \nStacktrace:\n#0 0x55d714127fb3 <unknown>\n#1 0x55d713dfb4a7 <unknown>\n#2 0x55d713e42dd6 <unknown>\n#3 0x55d713e42ec1 <unknown>\n#4 0x55d713e80354 <unknown>\n#5 0x55d713e6496d <unknown>\n#6 0x55d713e7dc02 <unknown>\n#7 0x55d713e64713 <unknown>\n#8 0x55d713e3718b <unknown>\n#9 0x55d713e37f7e <unknown>\n#10 0x55d7140ed8d8 <unknown>\n#11 0x55d7140f1800 <unknown>\n#12 0x55d7140fbcfc <unknown>\n#13 0x55d7140f2418 <unknown>\n#14 0x55d7140bf42f <unknown>\n#15 0x55d7141164e8 <unknown>\n#16 0x55d7141166b4 <unknown>\n#17 0x55d714127143 <unknown>\n#18 0x7fae5e494ac3 <unknown>","statusTrace":"self = <tests.workspaces_test.TestWorkspaces object at 0x7f8eea8fc790>\n\n    @pytest.fixture(autouse=True)\n    def setup_method_fixture(self):\n>       login(self.about_page, self.login_page)\n\ntests/workspaces_test.py:24: \n_ _ _ _ _ _ _ _ _ _ _ _ _ _ _ _ _ _ _ _ _ _ _ _ _ _ _ _ _ _ _ _ _ _ _ _ _ _ _ _ \ntests/workspaces_test.py:14: in login\n    about_page.click_login_link()\npages/about_page.py:20: in click_login_link\n    self.click(self.LOGIN_LINK)\npages/base_page.py:38: in click\n    el: WebElement = self.wait.until(\n_ _ _ _ _ _ _ _ _ _ _ _ _ _ _ _ _ _ _ _ _ _ _ _ _ _ _ _ _ _ _ _ _ _ _ _ _ _ _ _ \n\nself = <selenium.webdriver.support.wait.WebDriverWait (session=\"3adaeb89b2d933f4f45f98f1b76f1605\")>\nmethod = <function element_to_be_clickable.<locals>._predicate at 0x7f8eea766ac0>\nmessage = ''\n\n    def until(self, method, message: str = \"\"):\n        \"\"\"Calls the method provided with the driver as an argument until the \\\n        return value does not evaluate to ``False``.\n    \n        :param method: callable(WebDriver)\n        :param message: optional message for :exc:`TimeoutException`\n        :returns: the result of the last call to `method`\n        :raises: :exc:`selenium.common.exceptions.TimeoutException` if timeout occurs\n        \"\"\"\n        screen = None\n        stacktrace = None\n    \n        end_time = time.monotonic() + self._timeout\n        while True:\n            try:\n                value = method(self._driver)\n                if value:\n                    return value\n            except self._ignored_exceptions as exc:\n                screen = getattr(exc, \"screen\", None)\n                stacktrace = getattr(exc, \"stacktrace\", None)\n            time.sleep(self._poll)\n            if time.monotonic() > end_time:\n                break\n>       raise TimeoutException(message, screen, stacktrace)\nE       selenium.common.exceptions.TimeoutException: Message: \nE       Stacktrace:\nE       #0 0x55d714127fb3 <unknown>\nE       #1 0x55d713dfb4a7 <unknown>\nE       #2 0x55d713e42dd6 <unknown>\nE       #3 0x55d713e42ec1 <unknown>\nE       #4 0x55d713e80354 <unknown>\nE       #5 0x55d713e6496d <unknown>\nE       #6 0x55d713e7dc02 <unknown>\nE       #7 0x55d713e64713 <unknown>\nE       #8 0x55d713e3718b <unknown>\nE       #9 0x55d713e37f7e <unknown>\nE       #10 0x55d7140ed8d8 <unknown>\nE       #11 0x55d7140f1800 <unknown>\nE       #12 0x55d7140fbcfc <unknown>\nE       #13 0x55d7140f2418 <unknown>\nE       #14 0x55d7140bf42f <unknown>\nE       #15 0x55d7141164e8 <unknown>\nE       #16 0x55d7141166b4 <unknown>\nE       #17 0x55d714127143 <unknown>\nE       #18 0x7fae5e494ac3 <unknown>\n\n.venv/lib/python3.11/site-packages/selenium/webdriver/support/wait.py:95: TimeoutException","flaky":false,"newFailed":false,"newBroken":false,"newPassed":false,"retriesCount":0,"retriesStatusChange":false,"beforeStages":[{"name":"base_url","time":{"start":1697764124045,"stop":1697764124046,"duration":1},"status":"passed","steps":[],"attachments":[],"parameters":[],"shouldDisplayMessage":false,"stepsCount":0,"attachmentsCount":0,"hasContent":false},{"name":"json_data","time":{"start":1697764124046,"stop":1697764124046,"duration":0},"status":"passed","steps":[],"attachments":[],"parameters":[],"shouldDisplayMessage":false,"stepsCount":0,"attachmentsCount":0,"hasContent":false},{"name":"_verify_url","time":{"start":1697764124046,"stop":1697764124046,"duration":0},"status":"passed","steps":[],"attachments":[],"parameters":[],"shouldDisplayMessage":false,"stepsCount":0,"attachmentsCount":0,"hasContent":false},{"name":"setup_method_fixture","time":{"start":1697764292938,"stop":1697764303249,"duration":10311},"status":"broken","statusMessage":"selenium.common.exceptions.TimeoutException: Message: \nStacktrace:\n#0 0x55d714127fb3 <unknown>\n#1 0x55d713dfb4a7 <unknown>\n#2 0x55d713e42dd6 <unknown>\n#3 0x55d713e42ec1 <unknown>\n#4 0x55d713e80354 <unknown>\n#5 0x55d713e6496d <unknown>\n#6 0x55d713e7dc02 <unknown>\n#7 0x55d713e64713 <unknown>\n#8 0x55d713e3718b <unknown>\n#9 0x55d713e37f7e <unknown>\n#10 0x55d7140ed8d8 <unknown>\n#11 0x55d7140f1800 <unknown>\n#12 0x55d7140fbcfc <unknown>\n#13 0x55d7140f2418 <unknown>\n#14 0x55d7140bf42f <unknown>\n#15 0x55d7141164e8 <unknown>\n#16 0x55d7141166b4 <unknown>\n#17 0x55d714127143 <unknown>\n#18 0x7fae5e494ac3 <unknown>\n\n","statusTrace":"  File \"/home/runner/work/Selenium-Python-Example/Selenium-Python-Example/.venv/lib/python3.11/site-packages/pluggy/_callers.py\", line 80, in _multicall\n    res = hook_impl.function(*args)\n          ^^^^^^^^^^^^^^^^^^^^^^^^^\n  File \"/home/runner/work/Selenium-Python-Example/Selenium-Python-Example/.venv/lib/python3.11/site-packages/_pytest/fixtures.py\", line 1123, in pytest_fixture_setup\n    result = call_fixture_func(fixturefunc, request, kwargs)\n             ^^^^^^^^^^^^^^^^^^^^^^^^^^^^^^^^^^^^^^^^^^^^^^^\n  File \"/home/runner/work/Selenium-Python-Example/Selenium-Python-Example/.venv/lib/python3.11/site-packages/_pytest/fixtures.py\", line 902, in call_fixture_func\n    fixture_result = fixturefunc(**kwargs)\n                     ^^^^^^^^^^^^^^^^^^^^^\n  File \"/home/runner/work/Selenium-Python-Example/Selenium-Python-Example/tests/workspaces_test.py\", line 24, in setup_method_fixture\n    login(self.about_page, self.login_page)\n  File \"/home/runner/work/Selenium-Python-Example/Selenium-Python-Example/tests/workspaces_test.py\", line 14, in login\n    about_page.click_login_link()\n  File \"/home/runner/work/Selenium-Python-Example/Selenium-Python-Example/.venv/lib/python3.11/site-packages/allure_commons/_allure.py\", line 192, in impl\n    return func(*a, **kw)\n           ^^^^^^^^^^^^^^\n  File \"/home/runner/work/Selenium-Python-Example/Selenium-Python-Example/pages/about_page.py\", line 20, in click_login_link\n    self.click(self.LOGIN_LINK)\n  File \"/home/runner/work/Selenium-Python-Example/Selenium-Python-Example/pages/base_page.py\", line 38, in click\n    el: WebElement = self.wait.until(\n                     ^^^^^^^^^^^^^^^^\n  File \"/home/runner/work/Selenium-Python-Example/Selenium-Python-Example/.venv/lib/python3.11/site-packages/selenium/webdriver/support/wait.py\", line 95, in until\n    raise TimeoutException(message, screen, stacktrace)\n","steps":[{"name":"Click Login link","time":{"start":1697764292938,"stop":1697764303248,"duration":10310},"status":"broken","statusMessage":"selenium.common.exceptions.TimeoutException: Message: \nStacktrace:\n#0 0x55d714127fb3 <unknown>\n#1 0x55d713dfb4a7 <unknown>\n#2 0x55d713e42dd6 <unknown>\n#3 0x55d713e42ec1 <unknown>\n#4 0x55d713e80354 <unknown>\n#5 0x55d713e6496d <unknown>\n#6 0x55d713e7dc02 <unknown>\n#7 0x55d713e64713 <unknown>\n#8 0x55d713e3718b <unknown>\n#9 0x55d713e37f7e <unknown>\n#10 0x55d7140ed8d8 <unknown>\n#11 0x55d7140f1800 <unknown>\n#12 0x55d7140fbcfc <unknown>\n#13 0x55d7140f2418 <unknown>\n#14 0x55d7140bf42f <unknown>\n#15 0x55d7141164e8 <unknown>\n#16 0x55d7141166b4 <unknown>\n#17 0x55d714127143 <unknown>\n#18 0x7fae5e494ac3 <unknown>\n\n","statusTrace":"  File \"/home/runner/work/Selenium-Python-Example/Selenium-Python-Example/.venv/lib/python3.11/site-packages/allure_commons/_allure.py\", line 192, in impl\n    return func(*a, **kw)\n           ^^^^^^^^^^^^^^\n  File \"/home/runner/work/Selenium-Python-Example/Selenium-Python-Example/pages/about_page.py\", line 20, in click_login_link\n    self.click(self.LOGIN_LINK)\n  File \"/home/runner/work/Selenium-Python-Example/Selenium-Python-Example/pages/base_page.py\", line 38, in click\n    el: WebElement = self.wait.until(\n                     ^^^^^^^^^^^^^^^^\n  File \"/home/runner/work/Selenium-Python-Example/Selenium-Python-Example/.venv/lib/python3.11/site-packages/selenium/webdriver/support/wait.py\", line 95, in until\n    raise TimeoutException(message, screen, stacktrace)\n","steps":[],"attachments":[],"parameters":[],"shouldDisplayMessage":true,"stepsCount":0,"attachmentsCount":0,"hasContent":true}],"attachments":[],"parameters":[],"shouldDisplayMessage":false,"stepsCount":1,"attachmentsCount":0,"hasContent":true}],"testStage":{"description":"Deleting an existing project from workspace","status":"broken","statusMessage":"selenium.common.exceptions.TimeoutException: Message: \nStacktrace:\n#0 0x55d714127fb3 <unknown>\n#1 0x55d713dfb4a7 <unknown>\n#2 0x55d713e42dd6 <unknown>\n#3 0x55d713e42ec1 <unknown>\n#4 0x55d713e80354 <unknown>\n#5 0x55d713e6496d <unknown>\n#6 0x55d713e7dc02 <unknown>\n#7 0x55d713e64713 <unknown>\n#8 0x55d713e3718b <unknown>\n#9 0x55d713e37f7e <unknown>\n#10 0x55d7140ed8d8 <unknown>\n#11 0x55d7140f1800 <unknown>\n#12 0x55d7140fbcfc <unknown>\n#13 0x55d7140f2418 <unknown>\n#14 0x55d7140bf42f <unknown>\n#15 0x55d7141164e8 <unknown>\n#16 0x55d7141166b4 <unknown>\n#17 0x55d714127143 <unknown>\n#18 0x7fae5e494ac3 <unknown>","statusTrace":"self = <tests.workspaces_test.TestWorkspaces object at 0x7f8eea8fc790>\n\n    @pytest.fixture(autouse=True)\n    def setup_method_fixture(self):\n>       login(self.about_page, self.login_page)\n\ntests/workspaces_test.py:24: \n_ _ _ _ _ _ _ _ _ _ _ _ _ _ _ _ _ _ _ _ _ _ _ _ _ _ _ _ _ _ _ _ _ _ _ _ _ _ _ _ \ntests/workspaces_test.py:14: in login\n    about_page.click_login_link()\npages/about_page.py:20: in click_login_link\n    self.click(self.LOGIN_LINK)\npages/base_page.py:38: in click\n    el: WebElement = self.wait.until(\n_ _ _ _ _ _ _ _ _ _ _ _ _ _ _ _ _ _ _ _ _ _ _ _ _ _ _ _ _ _ _ _ _ _ _ _ _ _ _ _ \n\nself = <selenium.webdriver.support.wait.WebDriverWait (session=\"3adaeb89b2d933f4f45f98f1b76f1605\")>\nmethod = <function element_to_be_clickable.<locals>._predicate at 0x7f8eea766ac0>\nmessage = ''\n\n    def until(self, method, message: str = \"\"):\n        \"\"\"Calls the method provided with the driver as an argument until the \\\n        return value does not evaluate to ``False``.\n    \n        :param method: callable(WebDriver)\n        :param message: optional message for :exc:`TimeoutException`\n        :returns: the result of the last call to `method`\n        :raises: :exc:`selenium.common.exceptions.TimeoutException` if timeout occurs\n        \"\"\"\n        screen = None\n        stacktrace = None\n    \n        end_time = time.monotonic() + self._timeout\n        while True:\n            try:\n                value = method(self._driver)\n                if value:\n                    return value\n            except self._ignored_exceptions as exc:\n                screen = getattr(exc, \"screen\", None)\n                stacktrace = getattr(exc, \"stacktrace\", None)\n            time.sleep(self._poll)\n            if time.monotonic() > end_time:\n                break\n>       raise TimeoutException(message, screen, stacktrace)\nE       selenium.common.exceptions.TimeoutException: Message: \nE       Stacktrace:\nE       #0 0x55d714127fb3 <unknown>\nE       #1 0x55d713dfb4a7 <unknown>\nE       #2 0x55d713e42dd6 <unknown>\nE       #3 0x55d713e42ec1 <unknown>\nE       #4 0x55d713e80354 <unknown>\nE       #5 0x55d713e6496d <unknown>\nE       #6 0x55d713e7dc02 <unknown>\nE       #7 0x55d713e64713 <unknown>\nE       #8 0x55d713e3718b <unknown>\nE       #9 0x55d713e37f7e <unknown>\nE       #10 0x55d7140ed8d8 <unknown>\nE       #11 0x55d7140f1800 <unknown>\nE       #12 0x55d7140fbcfc <unknown>\nE       #13 0x55d7140f2418 <unknown>\nE       #14 0x55d7140bf42f <unknown>\nE       #15 0x55d7141164e8 <unknown>\nE       #16 0x55d7141166b4 <unknown>\nE       #17 0x55d714127143 <unknown>\nE       #18 0x7fae5e494ac3 <unknown>\n\n.venv/lib/python3.11/site-packages/selenium/webdriver/support/wait.py:95: TimeoutException","steps":[],"attachments":[{"uid":"d8208ec6c25cd696","name":"public ip address","source":"d8208ec6c25cd696.txt","type":"text/plain","size":13},{"uid":"dcdaa7eb4bdc4c30","name":"Cookies","source":"dcdaa7eb4bdc4c30.json","type":"application/json","size":249},{"uid":"51ebe38c2ffc5d83","name":"Session Storage","source":"51ebe38c2ffc5d83.json","type":"application/json","size":2},{"uid":"30a2aadbcac3d5c9","name":"Local Storage","source":"30a2aadbcac3d5c9.json","type":"application/json","size":208},{"uid":"299383bf929ffdcf","name":"Console Logs","source":"299383bf929ffdcf.json","type":"application/json","size":249},{"uid":"14d987c2296c18f3","name":"Full Page Screenshot","source":"14d987c2296c18f3.png","type":"image/png","size":714221},{"uid":"5945a2bb6781a910","name":"URL","source":"5945a2bb6781a910.uri","type":"text/uri-list","size":23},{"uid":"bd6657ddc3b9791f","name":"Network Logs","source":"bd6657ddc3b9791f.json","type":"application/json","size":2}],"parameters":[],"shouldDisplayMessage":true,"stepsCount":0,"attachmentsCount":8,"hasContent":true},"afterStages":[],"labels":[{"name":"story","value":"WorkSpaces Creation and Editing Functionality"},{"name":"severity","value":"normal"},{"name":"epic","value":"Workspaces"},{"name":"tag","value":"run(order=9)"},{"name":"parentSuite","value":"tests"},{"name":"suite","value":"workspaces_test"},{"name":"subSuite","value":"TestWorkspaces"},{"name":"host","value":"fv-az354-170"},{"name":"thread","value":"2171-MainThread"},{"name":"framework","value":"pytest"},{"name":"language","value":"cpython3"},{"name":"package","value":"tests.workspaces_test"},{"name":"resultFormat","value":"allure2"}],"parameters":[],"links":[],"hidden":false,"retry":false,"extra":{"severity":"normal","retries":[],"categories":[{"name":"Test defects","matchedStatuses":[],"flaky":false}],"tags":["run(order=9)"]},"source":"749599f708abc420.json","parameterValues":[]}