{"uid":"a1f74c783ea6bdb3","name":"Number of projects displayed in page test","fullName":"tests.workspaces_test.TestWorkspaces#test_number_of_existing_projects","historyId":"34e866e263d4a1ed453e065aefe8091d","time":{"start":1727314637685,"stop":1727314637685,"duration":0},"description":"Compare between the actual number of projects seen on page and the number shown in workspaces block","descriptionHtml":"<p>Compare between the actual number of projects seen on page and the number shown in workspaces block</p>\n","status":"broken","statusMessage":"selenium.common.exceptions.TimeoutException: Message: \nStacktrace:\n#0 0x5644dda7113a <unknown>\n#1 0x5644dd7575e0 <unknown>\n#2 0x5644dd7a6be8 <unknown>\n#3 0x5644dd7a6e81 <unknown>\n#4 0x5644dd7ed8c4 <unknown>\n#5 0x5644dd7cbb4d <unknown>\n#6 0x5644dd7ead7d <unknown>\n#7 0x5644dd7cb8c3 <unknown>\n#8 0x5644dd7996b3 <unknown>\n#9 0x5644dd79a68e <unknown>\n#10 0x5644dda3bb3b <unknown>\n#11 0x5644dda3fac1 <unknown>\n#12 0x5644dda28335 <unknown>\n#13 0x5644dda40642 <unknown>\n#14 0x5644dda0d49f <unknown>\n#15 0x5644dda60038 <unknown>\n#16 0x5644dda60203 <unknown>\n#17 0x5644dda6ff8c <unknown>\n#18 0x7f8bc1e94ac3 <unknown>","statusTrace":"self = <tests.workspaces_test.TestWorkspaces object at 0x7f467d186300>\n\n    @pytest.fixture(autouse=True)\n    def setup_method_fixture(self):\n>       login(self.about_page, self.login_page)\n\ntests/workspaces_test.py:25: \n_ _ _ _ _ _ _ _ _ _ _ _ _ _ _ _ _ _ _ _ _ _ _ _ _ _ _ _ _ _ _ _ _ _ _ _ _ _ _ _ \ntests/workspaces_test.py:15: in login\n    about_page.click_login_link()\npages/about_page.py:20: in click_login_link\n    self.click(self.LOGIN_LINK)\npages/base_page.py:60: in click\n    el: WebElement = self.wait.until(\n_ _ _ _ _ _ _ _ _ _ _ _ _ _ _ _ _ _ _ _ _ _ _ _ _ _ _ _ _ _ _ _ _ _ _ _ _ _ _ _ \n\nself = <selenium.webdriver.support.wait.WebDriverWait (session=\"b6e190f3af39b886f8809461e172d09b\")>\nmethod = <function element_to_be_clickable.<locals>._predicate at 0x7f467c564ea0>\nmessage = ''\n\n    def until(self, method: Callable[[D], Union[Literal[False], T]], message: str = \"\") -> T:\n        \"\"\"Calls the method provided with the driver as an argument until the \\\n        return value does not evaluate to ``False``.\n    \n        :param method: callable(WebDriver)\n        :param message: optional message for :exc:`TimeoutException`\n        :returns: the result of the last call to `method`\n        :raises: :exc:`selenium.common.exceptions.TimeoutException` if timeout occurs\n        \"\"\"\n        screen = None\n        stacktrace = None\n    \n        end_time = time.monotonic() + self._timeout\n        while True:\n            try:\n                value = method(self._driver)\n                if value:\n                    return value\n            except self._ignored_exceptions as exc:\n                screen = getattr(exc, \"screen\", None)\n                stacktrace = getattr(exc, \"stacktrace\", None)\n            time.sleep(self._poll)\n            if time.monotonic() > end_time:\n                break\n>       raise TimeoutException(message, screen, stacktrace)\nE       selenium.common.exceptions.TimeoutException: Message: \nE       Stacktrace:\nE       #0 0x5644dda7113a <unknown>\nE       #1 0x5644dd7575e0 <unknown>\nE       #2 0x5644dd7a6be8 <unknown>\nE       #3 0x5644dd7a6e81 <unknown>\nE       #4 0x5644dd7ed8c4 <unknown>\nE       #5 0x5644dd7cbb4d <unknown>\nE       #6 0x5644dd7ead7d <unknown>\nE       #7 0x5644dd7cb8c3 <unknown>\nE       #8 0x5644dd7996b3 <unknown>\nE       #9 0x5644dd79a68e <unknown>\nE       #10 0x5644dda3bb3b <unknown>\nE       #11 0x5644dda3fac1 <unknown>\nE       #12 0x5644dda28335 <unknown>\nE       #13 0x5644dda40642 <unknown>\nE       #14 0x5644dda0d49f <unknown>\nE       #15 0x5644dda60038 <unknown>\nE       #16 0x5644dda60203 <unknown>\nE       #17 0x5644dda6ff8c <unknown>\nE       #18 0x7f8bc1e94ac3 <unknown>\n\n.venv/lib/python3.12/site-packages/selenium/webdriver/support/wait.py:105: TimeoutException","flaky":false,"newFailed":false,"newBroken":false,"newPassed":false,"retriesCount":0,"retriesStatusChange":false,"beforeStages":[{"name":"session_request","time":{"start":1727314562563,"stop":1727314562563,"duration":0},"status":"passed","steps":[],"attachments":[],"parameters":[],"shouldDisplayMessage":false,"stepsCount":0,"attachmentsCount":0,"hasContent":false,"attachmentStep":false},{"name":"base_url","time":{"start":1727314562563,"stop":1727314562563,"duration":0},"status":"passed","steps":[],"attachments":[],"parameters":[],"shouldDisplayMessage":false,"stepsCount":0,"attachmentsCount":0,"hasContent":false,"attachmentStep":false},{"name":"_verify_url","time":{"start":1727314562563,"stop":1727314562563,"duration":0},"status":"passed","steps":[],"attachments":[],"parameters":[],"shouldDisplayMessage":false,"stepsCount":0,"attachmentsCount":0,"hasContent":false,"attachmentStep":false},{"name":"setup_method_fixture","time":{"start":1727314639490,"stop":1727314649837,"duration":10347},"status":"broken","statusMessage":"selenium.common.exceptions.TimeoutException: Message: \nStacktrace:\n#0 0x5644dda7113a <unknown>\n#1 0x5644dd7575e0 <unknown>\n#2 0x5644dd7a6be8 <unknown>\n#3 0x5644dd7a6e81 <unknown>\n#4 0x5644dd7ed8c4 <unknown>\n#5 0x5644dd7cbb4d <unknown>\n#6 0x5644dd7ead7d <unknown>\n#7 0x5644dd7cb8c3 <unknown>\n#8 0x5644dd7996b3 <unknown>\n#9 0x5644dd79a68e <unknown>\n#10 0x5644dda3bb3b <unknown>\n#11 0x5644dda3fac1 <unknown>\n#12 0x5644dda28335 <unknown>\n#13 0x5644dda40642 <unknown>\n#14 0x5644dda0d49f <unknown>\n#15 0x5644dda60038 <unknown>\n#16 0x5644dda60203 <unknown>\n#17 0x5644dda6ff8c <unknown>\n#18 0x7f8bc1e94ac3 <unknown>\n\n","statusTrace":"  File \"/home/runner/work/Selenium-Python-Example/Selenium-Python-Example/.venv/lib/python3.12/site-packages/pluggy/_callers.py\", line 167, in _multicall\n    teardown.throw(outcome._exception)\n  File \"/home/runner/work/Selenium-Python-Example/Selenium-Python-Example/.venv/lib/python3.12/site-packages/_pytest/setuponly.py\", line 36, in pytest_fixture_setup\n    return (yield)\n            ^^^^^\n  File \"/home/runner/work/Selenium-Python-Example/Selenium-Python-Example/.venv/lib/python3.12/site-packages/pluggy/_callers.py\", line 103, in _multicall\n    res = hook_impl.function(*args)\n          ^^^^^^^^^^^^^^^^^^^^^^^^^\n  File \"/home/runner/work/Selenium-Python-Example/Selenium-Python-Example/.venv/lib/python3.12/site-packages/_pytest/fixtures.py\", line 1139, in pytest_fixture_setup\n    result = call_fixture_func(fixturefunc, request, kwargs)\n             ^^^^^^^^^^^^^^^^^^^^^^^^^^^^^^^^^^^^^^^^^^^^^^^\n  File \"/home/runner/work/Selenium-Python-Example/Selenium-Python-Example/.venv/lib/python3.12/site-packages/_pytest/fixtures.py\", line 897, in call_fixture_func\n    fixture_result = fixturefunc(**kwargs)\n                     ^^^^^^^^^^^^^^^^^^^^^\n  File \"/home/runner/work/Selenium-Python-Example/Selenium-Python-Example/tests/workspaces_test.py\", line 25, in setup_method_fixture\n    login(self.about_page, self.login_page)\n  File \"/home/runner/work/Selenium-Python-Example/Selenium-Python-Example/tests/workspaces_test.py\", line 15, in login\n    about_page.click_login_link()\n  File \"/home/runner/work/Selenium-Python-Example/Selenium-Python-Example/.venv/lib/python3.12/site-packages/allure_commons/_allure.py\", line 192, in impl\n    return func(*a, **kw)\n           ^^^^^^^^^^^^^^\n  File \"/home/runner/work/Selenium-Python-Example/Selenium-Python-Example/pages/about_page.py\", line 20, in click_login_link\n    self.click(self.LOGIN_LINK)\n  File \"/home/runner/work/Selenium-Python-Example/Selenium-Python-Example/pages/base_page.py\", line 60, in click\n    el: WebElement = self.wait.until(\n                     ^^^^^^^^^^^^^^^^\n  File \"/home/runner/work/Selenium-Python-Example/Selenium-Python-Example/.venv/lib/python3.12/site-packages/selenium/webdriver/support/wait.py\", line 105, in until\n    raise TimeoutException(message, screen, stacktrace)\n","steps":[{"name":"Click Login link","time":{"start":1727314639490,"stop":1727314649837,"duration":10347},"status":"broken","statusMessage":"selenium.common.exceptions.TimeoutException: Message: \nStacktrace:\n#0 0x5644dda7113a <unknown>\n#1 0x5644dd7575e0 <unknown>\n#2 0x5644dd7a6be8 <unknown>\n#3 0x5644dd7a6e81 <unknown>\n#4 0x5644dd7ed8c4 <unknown>\n#5 0x5644dd7cbb4d <unknown>\n#6 0x5644dd7ead7d <unknown>\n#7 0x5644dd7cb8c3 <unknown>\n#8 0x5644dd7996b3 <unknown>\n#9 0x5644dd79a68e <unknown>\n#10 0x5644dda3bb3b <unknown>\n#11 0x5644dda3fac1 <unknown>\n#12 0x5644dda28335 <unknown>\n#13 0x5644dda40642 <unknown>\n#14 0x5644dda0d49f <unknown>\n#15 0x5644dda60038 <unknown>\n#16 0x5644dda60203 <unknown>\n#17 0x5644dda6ff8c <unknown>\n#18 0x7f8bc1e94ac3 <unknown>\n\n","statusTrace":"  File \"/home/runner/work/Selenium-Python-Example/Selenium-Python-Example/.venv/lib/python3.12/site-packages/allure_commons/_allure.py\", line 192, in impl\n    return func(*a, **kw)\n           ^^^^^^^^^^^^^^\n  File \"/home/runner/work/Selenium-Python-Example/Selenium-Python-Example/pages/about_page.py\", line 20, in click_login_link\n    self.click(self.LOGIN_LINK)\n  File \"/home/runner/work/Selenium-Python-Example/Selenium-Python-Example/pages/base_page.py\", line 60, in click\n    el: WebElement = self.wait.until(\n                     ^^^^^^^^^^^^^^^^\n  File \"/home/runner/work/Selenium-Python-Example/Selenium-Python-Example/.venv/lib/python3.12/site-packages/selenium/webdriver/support/wait.py\", line 105, in until\n    raise TimeoutException(message, screen, stacktrace)\n","steps":[],"attachments":[],"parameters":[],"shouldDisplayMessage":true,"stepsCount":0,"attachmentsCount":0,"hasContent":true,"attachmentStep":false}],"attachments":[],"parameters":[],"shouldDisplayMessage":false,"stepsCount":1,"attachmentsCount":0,"hasContent":true,"attachmentStep":false}],"testStage":{"description":"Compare between the actual number of projects seen on page and the number shown in workspaces block","status":"broken","statusMessage":"selenium.common.exceptions.TimeoutException: Message: \nStacktrace:\n#0 0x5644dda7113a <unknown>\n#1 0x5644dd7575e0 <unknown>\n#2 0x5644dd7a6be8 <unknown>\n#3 0x5644dd7a6e81 <unknown>\n#4 0x5644dd7ed8c4 <unknown>\n#5 0x5644dd7cbb4d <unknown>\n#6 0x5644dd7ead7d <unknown>\n#7 0x5644dd7cb8c3 <unknown>\n#8 0x5644dd7996b3 <unknown>\n#9 0x5644dd79a68e <unknown>\n#10 0x5644dda3bb3b <unknown>\n#11 0x5644dda3fac1 <unknown>\n#12 0x5644dda28335 <unknown>\n#13 0x5644dda40642 <unknown>\n#14 0x5644dda0d49f <unknown>\n#15 0x5644dda60038 <unknown>\n#16 0x5644dda60203 <unknown>\n#17 0x5644dda6ff8c <unknown>\n#18 0x7f8bc1e94ac3 <unknown>","statusTrace":"self = <tests.workspaces_test.TestWorkspaces object at 0x7f467d186300>\n\n    @pytest.fixture(autouse=True)\n    def setup_method_fixture(self):\n>       login(self.about_page, self.login_page)\n\ntests/workspaces_test.py:25: \n_ _ _ _ _ _ _ _ _ _ _ _ _ _ _ _ _ _ _ _ _ _ _ _ _ _ _ _ _ _ _ _ _ _ _ _ _ _ _ _ \ntests/workspaces_test.py:15: in login\n    about_page.click_login_link()\npages/about_page.py:20: in click_login_link\n    self.click(self.LOGIN_LINK)\npages/base_page.py:60: in click\n    el: WebElement = self.wait.until(\n_ _ _ _ _ _ _ _ _ _ _ _ _ _ _ _ _ _ _ _ _ _ _ _ _ _ _ _ _ _ _ _ _ _ _ _ _ _ _ _ \n\nself = <selenium.webdriver.support.wait.WebDriverWait (session=\"b6e190f3af39b886f8809461e172d09b\")>\nmethod = <function element_to_be_clickable.<locals>._predicate at 0x7f467c564ea0>\nmessage = ''\n\n    def until(self, method: Callable[[D], Union[Literal[False], T]], message: str = \"\") -> T:\n        \"\"\"Calls the method provided with the driver as an argument until the \\\n        return value does not evaluate to ``False``.\n    \n        :param method: callable(WebDriver)\n        :param message: optional message for :exc:`TimeoutException`\n        :returns: the result of the last call to `method`\n        :raises: :exc:`selenium.common.exceptions.TimeoutException` if timeout occurs\n        \"\"\"\n        screen = None\n        stacktrace = None\n    \n        end_time = time.monotonic() + self._timeout\n        while True:\n            try:\n                value = method(self._driver)\n                if value:\n                    return value\n            except self._ignored_exceptions as exc:\n                screen = getattr(exc, \"screen\", None)\n                stacktrace = getattr(exc, \"stacktrace\", None)\n            time.sleep(self._poll)\n            if time.monotonic() > end_time:\n                break\n>       raise TimeoutException(message, screen, stacktrace)\nE       selenium.common.exceptions.TimeoutException: Message: \nE       Stacktrace:\nE       #0 0x5644dda7113a <unknown>\nE       #1 0x5644dd7575e0 <unknown>\nE       #2 0x5644dd7a6be8 <unknown>\nE       #3 0x5644dd7a6e81 <unknown>\nE       #4 0x5644dd7ed8c4 <unknown>\nE       #5 0x5644dd7cbb4d <unknown>\nE       #6 0x5644dd7ead7d <unknown>\nE       #7 0x5644dd7cb8c3 <unknown>\nE       #8 0x5644dd7996b3 <unknown>\nE       #9 0x5644dd79a68e <unknown>\nE       #10 0x5644dda3bb3b <unknown>\nE       #11 0x5644dda3fac1 <unknown>\nE       #12 0x5644dda28335 <unknown>\nE       #13 0x5644dda40642 <unknown>\nE       #14 0x5644dda0d49f <unknown>\nE       #15 0x5644dda60038 <unknown>\nE       #16 0x5644dda60203 <unknown>\nE       #17 0x5644dda6ff8c <unknown>\nE       #18 0x7f8bc1e94ac3 <unknown>\n\n.venv/lib/python3.12/site-packages/selenium/webdriver/support/wait.py:105: TimeoutException","steps":[{"name":"public ip address","time":{"start":1727314649850,"stop":1727314649931,"duration":81},"status":"passed","steps":[],"attachments":[{"uid":"d3b80fd28cba76b5","name":"HTTP logs of http://checkip.amazonaws.com/","source":"d3b80fd28cba76b5.txt","type":"text/plain","size":359}],"parameters":[],"shouldDisplayMessage":false,"stepsCount":0,"attachmentsCount":1,"hasContent":true,"attachmentStep":false}],"attachments":[{"uid":"2c721a625b19c396","name":"Cookies","source":"2c721a625b19c396.json","type":"application/json","size":3583},{"uid":"b76d2ddb8acd5624","name":"Session Storage","source":"b76d2ddb8acd5624.json","type":"application/json","size":359},{"uid":"3c7bee2fc4127c9f","name":"Local Storage","source":"3c7bee2fc4127c9f.json","type":"application/json","size":350},{"uid":"d8ee65e3e9bc3abe","name":"Console Logs","source":"d8ee65e3e9bc3abe.json","type":"application/json","size":236},{"uid":"502a4147aa32a23d","name":"Full Page Screenshot","source":"502a4147aa32a23d.png","type":"image/png","size":4654633},{"uid":"3caaf5936c75d0bf","name":"URL","source":"3caaf5936c75d0bf.uri","type":"text/uri-list","size":23},{"uid":"c2526eacd8074f89","name":"Network Logs","source":"c2526eacd8074f89.json","type":"application/json","size":66322}],"parameters":[],"shouldDisplayMessage":true,"stepsCount":1,"attachmentsCount":8,"hasContent":true,"attachmentStep":false},"afterStages":[{"name":"session_request::0","time":{"start":1727314730799,"stop":1727314730799,"duration":0},"status":"passed","steps":[],"attachments":[],"parameters":[],"shouldDisplayMessage":false,"stepsCount":0,"attachmentsCount":0,"hasContent":false,"attachmentStep":false}],"labels":[{"name":"epic","value":"Workspaces"},{"name":"severity","value":"normal"},{"name":"story","value":"WorkSpaces Creation and Editing Functionality"},{"name":"tag","value":"run(order=4)"},{"name":"parentSuite","value":"tests"},{"name":"suite","value":"workspaces_test"},{"name":"subSuite","value":"TestWorkspaces"},{"name":"host","value":"fv-az1490-944"},{"name":"thread","value":"1876-MainThread"},{"name":"framework","value":"pytest"},{"name":"language","value":"cpython3"},{"name":"package","value":"tests.workspaces_test"},{"name":"resultFormat","value":"allure2"}],"parameters":[],"links":[],"hidden":false,"retry":false,"extra":{"severity":"normal","retries":[],"categories":[{"name":"Test defects","matchedStatuses":[],"flaky":false}],"tags":["run(order=4)"]},"source":"a1f74c783ea6bdb3.json","parameterValues":[]}