{"uid":"bf985ef1265bcb6c","name":"Login with invalid credentials test","fullName":"tests.login_test.TestLogin#test_invalid_login","historyId":"9bbc2729137fa409b9bc8067987e1d0d","time":{"start":1727314609288,"stop":1727314619645,"duration":10357},"description":"invalid login","descriptionHtml":"<p>invalid login</p>\n","status":"broken","statusMessage":"selenium.common.exceptions.TimeoutException: Message: \nStacktrace:\n#0 0x55e4a0c2513a <unknown>\n#1 0x55e4a090b5e0 <unknown>\n#2 0x55e4a095abe8 <unknown>\n#3 0x55e4a095ae81 <unknown>\n#4 0x55e4a09a18c4 <unknown>\n#5 0x55e4a097fb4d <unknown>\n#6 0x55e4a099ed7d <unknown>\n#7 0x55e4a097f8c3 <unknown>\n#8 0x55e4a094d6b3 <unknown>\n#9 0x55e4a094e68e <unknown>\n#10 0x55e4a0befb3b <unknown>\n#11 0x55e4a0bf3ac1 <unknown>\n#12 0x55e4a0bdc335 <unknown>\n#13 0x55e4a0bf4642 <unknown>\n#14 0x55e4a0bc149f <unknown>\n#15 0x55e4a0c14038 <unknown>\n#16 0x55e4a0c14203 <unknown>\n#17 0x55e4a0c23f8c <unknown>\n#18 0x7fc164894ac3 <unknown>","statusTrace":"self = <tests.login_test.TestLogin object at 0x7f467d2420f0>\nemail = 'elias@gmail.com', password = '12345Tr'\ndata = Data(forgot_password=ForgotPassword(error_message=\"We can't find a user with that e-mail address.\", success_message='A...ct='Non Existing', page_title='My Workspace', project_name='test project', project_type='quiz', template_type='Blank'))\n\n    @allure.description(\"invalid login\")\n    @allure.title(\"Login with invalid credentials test\")\n    @pytest.mark.parametrize(\"email, password\", users)\n    @pytest.mark.run(order=3)\n    def test_invalid_login(self, email: str, password: str, data: Data):\n>       self.about_page.click_login_link()\n\ntests/login_test.py:26: \n_ _ _ _ _ _ _ _ _ _ _ _ _ _ _ _ _ _ _ _ _ _ _ _ _ _ _ _ _ _ _ _ _ _ _ _ _ _ _ _ \npages/about_page.py:20: in click_login_link\n    self.click(self.LOGIN_LINK)\npages/base_page.py:60: in click\n    el: WebElement = self.wait.until(\n_ _ _ _ _ _ _ _ _ _ _ _ _ _ _ _ _ _ _ _ _ _ _ _ _ _ _ _ _ _ _ _ _ _ _ _ _ _ _ _ \n\nself = <selenium.webdriver.support.wait.WebDriverWait (session=\"812847f674d3ed13fffb5d0c6c475cf9\")>\nmethod = <function element_to_be_clickable.<locals>._predicate at 0x7f467c565a80>\nmessage = ''\n\n    def until(self, method: Callable[[D], Union[Literal[False], T]], message: str = \"\") -> T:\n        \"\"\"Calls the method provided with the driver as an argument until the \\\n        return value does not evaluate to ``False``.\n    \n        :param method: callable(WebDriver)\n        :param message: optional message for :exc:`TimeoutException`\n        :returns: the result of the last call to `method`\n        :raises: :exc:`selenium.common.exceptions.TimeoutException` if timeout occurs\n        \"\"\"\n        screen = None\n        stacktrace = None\n    \n        end_time = time.monotonic() + self._timeout\n        while True:\n            try:\n                value = method(self._driver)\n                if value:\n                    return value\n            except self._ignored_exceptions as exc:\n                screen = getattr(exc, \"screen\", None)\n                stacktrace = getattr(exc, \"stacktrace\", None)\n            time.sleep(self._poll)\n            if time.monotonic() > end_time:\n                break\n>       raise TimeoutException(message, screen, stacktrace)\nE       selenium.common.exceptions.TimeoutException: Message: \nE       Stacktrace:\nE       #0 0x55e4a0c2513a <unknown>\nE       #1 0x55e4a090b5e0 <unknown>\nE       #2 0x55e4a095abe8 <unknown>\nE       #3 0x55e4a095ae81 <unknown>\nE       #4 0x55e4a09a18c4 <unknown>\nE       #5 0x55e4a097fb4d <unknown>\nE       #6 0x55e4a099ed7d <unknown>\nE       #7 0x55e4a097f8c3 <unknown>\nE       #8 0x55e4a094d6b3 <unknown>\nE       #9 0x55e4a094e68e <unknown>\nE       #10 0x55e4a0befb3b <unknown>\nE       #11 0x55e4a0bf3ac1 <unknown>\nE       #12 0x55e4a0bdc335 <unknown>\nE       #13 0x55e4a0bf4642 <unknown>\nE       #14 0x55e4a0bc149f <unknown>\nE       #15 0x55e4a0c14038 <unknown>\nE       #16 0x55e4a0c14203 <unknown>\nE       #17 0x55e4a0c23f8c <unknown>\nE       #18 0x7fc164894ac3 <unknown>\n\n.venv/lib/python3.12/site-packages/selenium/webdriver/support/wait.py:105: TimeoutException","flaky":false,"newFailed":false,"newBroken":false,"newPassed":false,"retriesCount":0,"retriesStatusChange":false,"beforeStages":[{"name":"session_request","time":{"start":1727314562563,"stop":1727314562563,"duration":0},"status":"passed","steps":[],"attachments":[],"parameters":[],"shouldDisplayMessage":false,"stepsCount":0,"attachmentsCount":0,"hasContent":false,"attachmentStep":false},{"name":"base_url","time":{"start":1727314562563,"stop":1727314562563,"duration":0},"status":"passed","steps":[],"attachments":[],"parameters":[],"shouldDisplayMessage":false,"stepsCount":0,"attachmentsCount":0,"hasContent":false,"attachmentStep":false},{"name":"_verify_url","time":{"start":1727314562563,"stop":1727314562563,"duration":0},"status":"passed","steps":[],"attachments":[],"parameters":[],"shouldDisplayMessage":false,"stepsCount":0,"attachmentsCount":0,"hasContent":false,"attachmentStep":false},{"name":"data","time":{"start":1727314562563,"stop":1727314562564,"duration":1},"status":"passed","steps":[],"attachments":[],"parameters":[],"shouldDisplayMessage":false,"stepsCount":0,"attachmentsCount":0,"hasContent":false,"attachmentStep":false}],"testStage":{"description":"invalid login","status":"broken","statusMessage":"selenium.common.exceptions.TimeoutException: Message: \nStacktrace:\n#0 0x55e4a0c2513a <unknown>\n#1 0x55e4a090b5e0 <unknown>\n#2 0x55e4a095abe8 <unknown>\n#3 0x55e4a095ae81 <unknown>\n#4 0x55e4a09a18c4 <unknown>\n#5 0x55e4a097fb4d <unknown>\n#6 0x55e4a099ed7d <unknown>\n#7 0x55e4a097f8c3 <unknown>\n#8 0x55e4a094d6b3 <unknown>\n#9 0x55e4a094e68e <unknown>\n#10 0x55e4a0befb3b <unknown>\n#11 0x55e4a0bf3ac1 <unknown>\n#12 0x55e4a0bdc335 <unknown>\n#13 0x55e4a0bf4642 <unknown>\n#14 0x55e4a0bc149f <unknown>\n#15 0x55e4a0c14038 <unknown>\n#16 0x55e4a0c14203 <unknown>\n#17 0x55e4a0c23f8c <unknown>\n#18 0x7fc164894ac3 <unknown>","statusTrace":"self = <tests.login_test.TestLogin object at 0x7f467d2420f0>\nemail = 'elias@gmail.com', password = '12345Tr'\ndata = Data(forgot_password=ForgotPassword(error_message=\"We can't find a user with that e-mail address.\", success_message='A...ct='Non Existing', page_title='My Workspace', project_name='test project', project_type='quiz', template_type='Blank'))\n\n    @allure.description(\"invalid login\")\n    @allure.title(\"Login with invalid credentials test\")\n    @pytest.mark.parametrize(\"email, password\", users)\n    @pytest.mark.run(order=3)\n    def test_invalid_login(self, email: str, password: str, data: Data):\n>       self.about_page.click_login_link()\n\ntests/login_test.py:26: \n_ _ _ _ _ _ _ _ _ _ _ _ _ _ _ _ _ _ _ _ _ _ _ _ _ _ _ _ _ _ _ _ _ _ _ _ _ _ _ _ \npages/about_page.py:20: in click_login_link\n    self.click(self.LOGIN_LINK)\npages/base_page.py:60: in click\n    el: WebElement = self.wait.until(\n_ _ _ _ _ _ _ _ _ _ _ _ _ _ _ _ _ _ _ _ _ _ _ _ _ _ _ _ _ _ _ _ _ _ _ _ _ _ _ _ \n\nself = <selenium.webdriver.support.wait.WebDriverWait (session=\"812847f674d3ed13fffb5d0c6c475cf9\")>\nmethod = <function element_to_be_clickable.<locals>._predicate at 0x7f467c565a80>\nmessage = ''\n\n    def until(self, method: Callable[[D], Union[Literal[False], T]], message: str = \"\") -> T:\n        \"\"\"Calls the method provided with the driver as an argument until the \\\n        return value does not evaluate to ``False``.\n    \n        :param method: callable(WebDriver)\n        :param message: optional message for :exc:`TimeoutException`\n        :returns: the result of the last call to `method`\n        :raises: :exc:`selenium.common.exceptions.TimeoutException` if timeout occurs\n        \"\"\"\n        screen = None\n        stacktrace = None\n    \n        end_time = time.monotonic() + self._timeout\n        while True:\n            try:\n                value = method(self._driver)\n                if value:\n                    return value\n            except self._ignored_exceptions as exc:\n                screen = getattr(exc, \"screen\", None)\n                stacktrace = getattr(exc, \"stacktrace\", None)\n            time.sleep(self._poll)\n            if time.monotonic() > end_time:\n                break\n>       raise TimeoutException(message, screen, stacktrace)\nE       selenium.common.exceptions.TimeoutException: Message: \nE       Stacktrace:\nE       #0 0x55e4a0c2513a <unknown>\nE       #1 0x55e4a090b5e0 <unknown>\nE       #2 0x55e4a095abe8 <unknown>\nE       #3 0x55e4a095ae81 <unknown>\nE       #4 0x55e4a09a18c4 <unknown>\nE       #5 0x55e4a097fb4d <unknown>\nE       #6 0x55e4a099ed7d <unknown>\nE       #7 0x55e4a097f8c3 <unknown>\nE       #8 0x55e4a094d6b3 <unknown>\nE       #9 0x55e4a094e68e <unknown>\nE       #10 0x55e4a0befb3b <unknown>\nE       #11 0x55e4a0bf3ac1 <unknown>\nE       #12 0x55e4a0bdc335 <unknown>\nE       #13 0x55e4a0bf4642 <unknown>\nE       #14 0x55e4a0bc149f <unknown>\nE       #15 0x55e4a0c14038 <unknown>\nE       #16 0x55e4a0c14203 <unknown>\nE       #17 0x55e4a0c23f8c <unknown>\nE       #18 0x7fc164894ac3 <unknown>\n\n.venv/lib/python3.12/site-packages/selenium/webdriver/support/wait.py:105: TimeoutException","steps":[{"name":"Click Login link","time":{"start":1727314609288,"stop":1727314619645,"duration":10357},"status":"broken","statusMessage":"selenium.common.exceptions.TimeoutException: Message: \nStacktrace:\n#0 0x55e4a0c2513a <unknown>\n#1 0x55e4a090b5e0 <unknown>\n#2 0x55e4a095abe8 <unknown>\n#3 0x55e4a095ae81 <unknown>\n#4 0x55e4a09a18c4 <unknown>\n#5 0x55e4a097fb4d <unknown>\n#6 0x55e4a099ed7d <unknown>\n#7 0x55e4a097f8c3 <unknown>\n#8 0x55e4a094d6b3 <unknown>\n#9 0x55e4a094e68e <unknown>\n#10 0x55e4a0befb3b <unknown>\n#11 0x55e4a0bf3ac1 <unknown>\n#12 0x55e4a0bdc335 <unknown>\n#13 0x55e4a0bf4642 <unknown>\n#14 0x55e4a0bc149f <unknown>\n#15 0x55e4a0c14038 <unknown>\n#16 0x55e4a0c14203 <unknown>\n#17 0x55e4a0c23f8c <unknown>\n#18 0x7fc164894ac3 <unknown>\n\n","statusTrace":"  File \"/home/runner/work/Selenium-Python-Example/Selenium-Python-Example/.venv/lib/python3.12/site-packages/allure_commons/_allure.py\", line 192, in impl\n    return func(*a, **kw)\n           ^^^^^^^^^^^^^^\n  File \"/home/runner/work/Selenium-Python-Example/Selenium-Python-Example/pages/about_page.py\", line 20, in click_login_link\n    self.click(self.LOGIN_LINK)\n  File \"/home/runner/work/Selenium-Python-Example/Selenium-Python-Example/pages/base_page.py\", line 60, in click\n    el: WebElement = self.wait.until(\n                     ^^^^^^^^^^^^^^^^\n  File \"/home/runner/work/Selenium-Python-Example/Selenium-Python-Example/.venv/lib/python3.12/site-packages/selenium/webdriver/support/wait.py\", line 105, in until\n    raise TimeoutException(message, screen, stacktrace)\n","steps":[],"attachments":[],"parameters":[],"shouldDisplayMessage":true,"stepsCount":0,"attachmentsCount":0,"hasContent":true,"attachmentStep":false},{"name":"public ip address","time":{"start":1727314619656,"stop":1727314619704,"duration":48},"status":"passed","steps":[],"attachments":[{"uid":"8ab3de1bc406fec4","name":"HTTP logs of http://checkip.amazonaws.com/","source":"8ab3de1bc406fec4.txt","type":"text/plain","size":359}],"parameters":[],"shouldDisplayMessage":false,"stepsCount":0,"attachmentsCount":1,"hasContent":true,"attachmentStep":false}],"attachments":[{"uid":"7144feec96ddeb25","name":"Cookies","source":"7144feec96ddeb25.json","type":"application/json","size":3586},{"uid":"a71ce84b83212c2a","name":"Session Storage","source":"a71ce84b83212c2a.json","type":"application/json","size":359},{"uid":"ac6fd77301f403c4","name":"Local Storage","source":"ac6fd77301f403c4.json","type":"application/json","size":350},{"uid":"362d642cff03b4be","name":"Console Logs","source":"362d642cff03b4be.json","type":"application/json","size":236},{"uid":"42373bb98e546e15","name":"Full Page Screenshot","source":"42373bb98e546e15.png","type":"image/png","size":4654633},{"uid":"a20eb1b49005b15c","name":"URL","source":"a20eb1b49005b15c.uri","type":"text/uri-list","size":23},{"uid":"ba294246c0f88b69","name":"Network Logs","source":"ba294246c0f88b69.json","type":"application/json","size":66340}],"parameters":[],"shouldDisplayMessage":true,"stepsCount":2,"attachmentsCount":8,"hasContent":true,"attachmentStep":false},"afterStages":[{"name":"session_request::0","time":{"start":1727314730799,"stop":1727314730799,"duration":0},"status":"passed","steps":[],"attachments":[],"parameters":[],"shouldDisplayMessage":false,"stepsCount":0,"attachmentsCount":0,"hasContent":false,"attachmentStep":false}],"labels":[{"name":"severity","value":"blocker"},{"name":"epic","value":"Security"},{"name":"feature","value":"Login"},{"name":"tag","value":"run(order=3)"},{"name":"tag","value":"security"},{"name":"parentSuite","value":"tests"},{"name":"suite","value":"login_test"},{"name":"subSuite","value":"TestLogin"},{"name":"host","value":"fv-az1490-944"},{"name":"thread","value":"1876-MainThread"},{"name":"framework","value":"pytest"},{"name":"language","value":"cpython3"},{"name":"package","value":"tests.login_test"},{"name":"resultFormat","value":"allure2"}],"parameters":[{"name":"email","value":"'elias@gmail.com'"},{"name":"password","value":"'12345Tr'"}],"links":[],"hidden":false,"retry":false,"extra":{"severity":"blocker","retries":[],"categories":[{"name":"Test defects","matchedStatuses":[],"flaky":false}],"tags":["run(order=3)","security"]},"source":"bf985ef1265bcb6c.json","parameterValues":["'elias@gmail.com'","'12345Tr'"]}