{"uid":"8a0d01193b3b4c71","name":"Delete existing workspace","fullName":"tests.workspaces_test.TestWorkspaces#test_delete_workspace","historyId":"085ae9bea926da8512f07258dfb5df8c","time":{"start":1724635379991,"stop":1724635379991,"duration":0},"description":"Delete an existing workspace","descriptionHtml":"<p>Delete an existing workspace</p>\n","status":"broken","statusMessage":"selenium.common.exceptions.TimeoutException: Message: \nStacktrace:\n#0 0x55dc0849f6ca <unknown>\n#1 0x55dc08170600 <unknown>\n#2 0x55dc081bfbcb <unknown>\n#3 0x55dc081bfeb1 <unknown>\n#4 0x55dc08203b24 <unknown>\n#5 0x55dc081e28cd <unknown>\n#6 0x55dc0820104a <unknown>\n#7 0x55dc081e2643 <unknown>\n#8 0x55dc081b2d31 <unknown>\n#9 0x55dc081b379e <unknown>\n#10 0x55dc0846725b <unknown>\n#11 0x55dc0846b1f2 <unknown>\n#12 0x55dc08454615 <unknown>\n#13 0x55dc0846bd82 <unknown>\n#14 0x55dc0843925f <unknown>\n#15 0x55dc0848ee68 <unknown>\n#16 0x55dc0848f040 <unknown>\n#17 0x55dc0849e49c <unknown>\n#18 0x7f524f094ac3 <unknown>","statusTrace":"self = <tests.workspaces_test.TestWorkspaces object at 0x7f7fcb4edac0>\n\n    @pytest.fixture(autouse=True)\n    def setup_method_fixture(self):\n>       login(self.about_page, self.login_page)\n\ntests/workspaces_test.py:25: \n_ _ _ _ _ _ _ _ _ _ _ _ _ _ _ _ _ _ _ _ _ _ _ _ _ _ _ _ _ _ _ _ _ _ _ _ _ _ _ _ \ntests/workspaces_test.py:15: in login\n    about_page.click_login_link()\npages/about_page.py:20: in click_login_link\n    self.click(self.LOGIN_LINK)\npages/base_page.py:60: in click\n    el: WebElement = self.wait.until(\n_ _ _ _ _ _ _ _ _ _ _ _ _ _ _ _ _ _ _ _ _ _ _ _ _ _ _ _ _ _ _ _ _ _ _ _ _ _ _ _ \n\nself = <selenium.webdriver.support.wait.WebDriverWait (session=\"8d3edf4be137289a225934e7e94c9cbb\")>\nmethod = <function element_to_be_clickable.<locals>._predicate at 0x7f7fca97c900>\nmessage = ''\n\n    def until(self, method: Callable[[D], Union[Literal[False], T]], message: str = \"\") -> T:\n        \"\"\"Calls the method provided with the driver as an argument until the \\\n        return value does not evaluate to ``False``.\n    \n        :param method: callable(WebDriver)\n        :param message: optional message for :exc:`TimeoutException`\n        :returns: the result of the last call to `method`\n        :raises: :exc:`selenium.common.exceptions.TimeoutException` if timeout occurs\n        \"\"\"\n        screen = None\n        stacktrace = None\n    \n        end_time = time.monotonic() + self._timeout\n        while True:\n            try:\n                value = method(self._driver)\n                if value:\n                    return value\n            except self._ignored_exceptions as exc:\n                screen = getattr(exc, \"screen\", None)\n                stacktrace = getattr(exc, \"stacktrace\", None)\n            time.sleep(self._poll)\n            if time.monotonic() > end_time:\n                break\n>       raise TimeoutException(message, screen, stacktrace)\nE       selenium.common.exceptions.TimeoutException: Message: \nE       Stacktrace:\nE       #0 0x55dc0849f6ca <unknown>\nE       #1 0x55dc08170600 <unknown>\nE       #2 0x55dc081bfbcb <unknown>\nE       #3 0x55dc081bfeb1 <unknown>\nE       #4 0x55dc08203b24 <unknown>\nE       #5 0x55dc081e28cd <unknown>\nE       #6 0x55dc0820104a <unknown>\nE       #7 0x55dc081e2643 <unknown>\nE       #8 0x55dc081b2d31 <unknown>\nE       #9 0x55dc081b379e <unknown>\nE       #10 0x55dc0846725b <unknown>\nE       #11 0x55dc0846b1f2 <unknown>\nE       #12 0x55dc08454615 <unknown>\nE       #13 0x55dc0846bd82 <unknown>\nE       #14 0x55dc0843925f <unknown>\nE       #15 0x55dc0848ee68 <unknown>\nE       #16 0x55dc0848f040 <unknown>\nE       #17 0x55dc0849e49c <unknown>\nE       #18 0x7f524f094ac3 <unknown>\n\n.venv/lib/python3.12/site-packages/selenium/webdriver/support/wait.py:105: TimeoutException","flaky":false,"newFailed":false,"newBroken":false,"newPassed":false,"retriesCount":0,"retriesStatusChange":false,"beforeStages":[{"name":"session_request","time":{"start":1724635321952,"stop":1724635321952,"duration":0},"status":"passed","steps":[],"attachments":[],"parameters":[],"shouldDisplayMessage":false,"stepsCount":0,"attachmentsCount":0,"hasContent":false,"attachmentStep":false},{"name":"base_url","time":{"start":1724635321952,"stop":1724635321952,"duration":0},"status":"passed","steps":[],"attachments":[],"parameters":[],"shouldDisplayMessage":false,"stepsCount":0,"attachmentsCount":0,"hasContent":false,"attachmentStep":false},{"name":"_verify_url","time":{"start":1724635321952,"stop":1724635321952,"duration":0},"status":"passed","steps":[],"attachments":[],"parameters":[],"shouldDisplayMessage":false,"stepsCount":0,"attachmentsCount":0,"hasContent":false,"attachmentStep":false},{"name":"setup_method_fixture","time":{"start":1724635381839,"stop":1724635392183,"duration":10344},"status":"broken","statusMessage":"selenium.common.exceptions.TimeoutException: Message: \nStacktrace:\n#0 0x55dc0849f6ca <unknown>\n#1 0x55dc08170600 <unknown>\n#2 0x55dc081bfbcb <unknown>\n#3 0x55dc081bfeb1 <unknown>\n#4 0x55dc08203b24 <unknown>\n#5 0x55dc081e28cd <unknown>\n#6 0x55dc0820104a <unknown>\n#7 0x55dc081e2643 <unknown>\n#8 0x55dc081b2d31 <unknown>\n#9 0x55dc081b379e <unknown>\n#10 0x55dc0846725b <unknown>\n#11 0x55dc0846b1f2 <unknown>\n#12 0x55dc08454615 <unknown>\n#13 0x55dc0846bd82 <unknown>\n#14 0x55dc0843925f <unknown>\n#15 0x55dc0848ee68 <unknown>\n#16 0x55dc0848f040 <unknown>\n#17 0x55dc0849e49c <unknown>\n#18 0x7f524f094ac3 <unknown>\n\n","statusTrace":"  File \"/home/runner/work/Selenium-Python-Example/Selenium-Python-Example/.venv/lib/python3.12/site-packages/pluggy/_callers.py\", line 167, in _multicall\n    teardown.throw(outcome._exception)\n  File \"/home/runner/work/Selenium-Python-Example/Selenium-Python-Example/.venv/lib/python3.12/site-packages/_pytest/setuponly.py\", line 36, in pytest_fixture_setup\n    return (yield)\n            ^^^^^\n  File \"/home/runner/work/Selenium-Python-Example/Selenium-Python-Example/.venv/lib/python3.12/site-packages/pluggy/_callers.py\", line 103, in _multicall\n    res = hook_impl.function(*args)\n          ^^^^^^^^^^^^^^^^^^^^^^^^^\n  File \"/home/runner/work/Selenium-Python-Example/Selenium-Python-Example/.venv/lib/python3.12/site-packages/_pytest/fixtures.py\", line 1139, in pytest_fixture_setup\n    result = call_fixture_func(fixturefunc, request, kwargs)\n             ^^^^^^^^^^^^^^^^^^^^^^^^^^^^^^^^^^^^^^^^^^^^^^^\n  File \"/home/runner/work/Selenium-Python-Example/Selenium-Python-Example/.venv/lib/python3.12/site-packages/_pytest/fixtures.py\", line 897, in call_fixture_func\n    fixture_result = fixturefunc(**kwargs)\n                     ^^^^^^^^^^^^^^^^^^^^^\n  File \"/home/runner/work/Selenium-Python-Example/Selenium-Python-Example/tests/workspaces_test.py\", line 25, in setup_method_fixture\n    login(self.about_page, self.login_page)\n  File \"/home/runner/work/Selenium-Python-Example/Selenium-Python-Example/tests/workspaces_test.py\", line 15, in login\n    about_page.click_login_link()\n  File \"/home/runner/work/Selenium-Python-Example/Selenium-Python-Example/.venv/lib/python3.12/site-packages/allure_commons/_allure.py\", line 192, in impl\n    return func(*a, **kw)\n           ^^^^^^^^^^^^^^\n  File \"/home/runner/work/Selenium-Python-Example/Selenium-Python-Example/pages/about_page.py\", line 20, in click_login_link\n    self.click(self.LOGIN_LINK)\n  File \"/home/runner/work/Selenium-Python-Example/Selenium-Python-Example/pages/base_page.py\", line 60, in click\n    el: WebElement = self.wait.until(\n                     ^^^^^^^^^^^^^^^^\n  File \"/home/runner/work/Selenium-Python-Example/Selenium-Python-Example/.venv/lib/python3.12/site-packages/selenium/webdriver/support/wait.py\", line 105, in until\n    raise TimeoutException(message, screen, stacktrace)\n","steps":[{"name":"Click Login link","time":{"start":1724635381839,"stop":1724635392182,"duration":10343},"status":"broken","statusMessage":"selenium.common.exceptions.TimeoutException: Message: \nStacktrace:\n#0 0x55dc0849f6ca <unknown>\n#1 0x55dc08170600 <unknown>\n#2 0x55dc081bfbcb <unknown>\n#3 0x55dc081bfeb1 <unknown>\n#4 0x55dc08203b24 <unknown>\n#5 0x55dc081e28cd <unknown>\n#6 0x55dc0820104a <unknown>\n#7 0x55dc081e2643 <unknown>\n#8 0x55dc081b2d31 <unknown>\n#9 0x55dc081b379e <unknown>\n#10 0x55dc0846725b <unknown>\n#11 0x55dc0846b1f2 <unknown>\n#12 0x55dc08454615 <unknown>\n#13 0x55dc0846bd82 <unknown>\n#14 0x55dc0843925f <unknown>\n#15 0x55dc0848ee68 <unknown>\n#16 0x55dc0848f040 <unknown>\n#17 0x55dc0849e49c <unknown>\n#18 0x7f524f094ac3 <unknown>\n\n","statusTrace":"  File \"/home/runner/work/Selenium-Python-Example/Selenium-Python-Example/.venv/lib/python3.12/site-packages/allure_commons/_allure.py\", line 192, in impl\n    return func(*a, **kw)\n           ^^^^^^^^^^^^^^\n  File \"/home/runner/work/Selenium-Python-Example/Selenium-Python-Example/pages/about_page.py\", line 20, in click_login_link\n    self.click(self.LOGIN_LINK)\n  File \"/home/runner/work/Selenium-Python-Example/Selenium-Python-Example/pages/base_page.py\", line 60, in click\n    el: WebElement = self.wait.until(\n                     ^^^^^^^^^^^^^^^^\n  File \"/home/runner/work/Selenium-Python-Example/Selenium-Python-Example/.venv/lib/python3.12/site-packages/selenium/webdriver/support/wait.py\", line 105, in until\n    raise TimeoutException(message, screen, stacktrace)\n","steps":[],"attachments":[],"parameters":[],"shouldDisplayMessage":true,"stepsCount":0,"attachmentsCount":0,"hasContent":true,"attachmentStep":false}],"attachments":[],"parameters":[],"shouldDisplayMessage":false,"stepsCount":1,"attachmentsCount":0,"hasContent":true,"attachmentStep":false}],"testStage":{"description":"Delete an existing workspace","status":"broken","statusMessage":"selenium.common.exceptions.TimeoutException: Message: \nStacktrace:\n#0 0x55dc0849f6ca <unknown>\n#1 0x55dc08170600 <unknown>\n#2 0x55dc081bfbcb <unknown>\n#3 0x55dc081bfeb1 <unknown>\n#4 0x55dc08203b24 <unknown>\n#5 0x55dc081e28cd <unknown>\n#6 0x55dc0820104a <unknown>\n#7 0x55dc081e2643 <unknown>\n#8 0x55dc081b2d31 <unknown>\n#9 0x55dc081b379e <unknown>\n#10 0x55dc0846725b <unknown>\n#11 0x55dc0846b1f2 <unknown>\n#12 0x55dc08454615 <unknown>\n#13 0x55dc0846bd82 <unknown>\n#14 0x55dc0843925f <unknown>\n#15 0x55dc0848ee68 <unknown>\n#16 0x55dc0848f040 <unknown>\n#17 0x55dc0849e49c <unknown>\n#18 0x7f524f094ac3 <unknown>","statusTrace":"self = <tests.workspaces_test.TestWorkspaces object at 0x7f7fcb4edac0>\n\n    @pytest.fixture(autouse=True)\n    def setup_method_fixture(self):\n>       login(self.about_page, self.login_page)\n\ntests/workspaces_test.py:25: \n_ _ _ _ _ _ _ _ _ _ _ _ _ _ _ _ _ _ _ _ _ _ _ _ _ _ _ _ _ _ _ _ _ _ _ _ _ _ _ _ \ntests/workspaces_test.py:15: in login\n    about_page.click_login_link()\npages/about_page.py:20: in click_login_link\n    self.click(self.LOGIN_LINK)\npages/base_page.py:60: in click\n    el: WebElement = self.wait.until(\n_ _ _ _ _ _ _ _ _ _ _ _ _ _ _ _ _ _ _ _ _ _ _ _ _ _ _ _ _ _ _ _ _ _ _ _ _ _ _ _ \n\nself = <selenium.webdriver.support.wait.WebDriverWait (session=\"8d3edf4be137289a225934e7e94c9cbb\")>\nmethod = <function element_to_be_clickable.<locals>._predicate at 0x7f7fca97c900>\nmessage = ''\n\n    def until(self, method: Callable[[D], Union[Literal[False], T]], message: str = \"\") -> T:\n        \"\"\"Calls the method provided with the driver as an argument until the \\\n        return value does not evaluate to ``False``.\n    \n        :param method: callable(WebDriver)\n        :param message: optional message for :exc:`TimeoutException`\n        :returns: the result of the last call to `method`\n        :raises: :exc:`selenium.common.exceptions.TimeoutException` if timeout occurs\n        \"\"\"\n        screen = None\n        stacktrace = None\n    \n        end_time = time.monotonic() + self._timeout\n        while True:\n            try:\n                value = method(self._driver)\n                if value:\n                    return value\n            except self._ignored_exceptions as exc:\n                screen = getattr(exc, \"screen\", None)\n                stacktrace = getattr(exc, \"stacktrace\", None)\n            time.sleep(self._poll)\n            if time.monotonic() > end_time:\n                break\n>       raise TimeoutException(message, screen, stacktrace)\nE       selenium.common.exceptions.TimeoutException: Message: \nE       Stacktrace:\nE       #0 0x55dc0849f6ca <unknown>\nE       #1 0x55dc08170600 <unknown>\nE       #2 0x55dc081bfbcb <unknown>\nE       #3 0x55dc081bfeb1 <unknown>\nE       #4 0x55dc08203b24 <unknown>\nE       #5 0x55dc081e28cd <unknown>\nE       #6 0x55dc0820104a <unknown>\nE       #7 0x55dc081e2643 <unknown>\nE       #8 0x55dc081b2d31 <unknown>\nE       #9 0x55dc081b379e <unknown>\nE       #10 0x55dc0846725b <unknown>\nE       #11 0x55dc0846b1f2 <unknown>\nE       #12 0x55dc08454615 <unknown>\nE       #13 0x55dc0846bd82 <unknown>\nE       #14 0x55dc0843925f <unknown>\nE       #15 0x55dc0848ee68 <unknown>\nE       #16 0x55dc0848f040 <unknown>\nE       #17 0x55dc0849e49c <unknown>\nE       #18 0x7f524f094ac3 <unknown>\n\n.venv/lib/python3.12/site-packages/selenium/webdriver/support/wait.py:105: TimeoutException","steps":[{"name":"public ip address","time":{"start":1724635392195,"stop":1724635392239,"duration":44},"status":"passed","steps":[],"attachments":[{"uid":"50ce5fee5ab7be7d","name":"HTTP logs of http://checkip.amazonaws.com/","source":"50ce5fee5ab7be7d.txt","type":"text/plain","size":357}],"parameters":[],"shouldDisplayMessage":false,"stepsCount":0,"attachmentsCount":1,"hasContent":true,"attachmentStep":false}],"attachments":[{"uid":"7381c108924eadbc","name":"Cookies","source":"7381c108924eadbc.json","type":"application/json","size":3582},{"uid":"c9afc0f950174baa","name":"Session Storage","source":"c9afc0f950174baa.json","type":"application/json","size":359},{"uid":"cdecddfaab841a28","name":"Local Storage","source":"cdecddfaab841a28.json","type":"application/json","size":350},{"uid":"cb31e9853637d7f7","name":"Console Logs","source":"cb31e9853637d7f7.json","type":"application/json","size":236},{"uid":"29567a8a73abdc0e","name":"Full Page Screenshot","source":"29567a8a73abdc0e.png","type":"image/png","size":4647547},{"uid":"dffdf0fb874bf9a2","name":"URL","source":"dffdf0fb874bf9a2.uri","type":"text/uri-list","size":23},{"uid":"71fd27f6c4cfd716","name":"Network Logs","source":"71fd27f6c4cfd716.json","type":"application/json","size":66297}],"parameters":[],"shouldDisplayMessage":true,"stepsCount":1,"attachmentsCount":8,"hasContent":true,"attachmentStep":false},"afterStages":[{"name":"session_request::0","time":{"start":1724635484438,"stop":1724635484438,"duration":0},"status":"passed","steps":[],"attachments":[],"parameters":[],"shouldDisplayMessage":false,"stepsCount":0,"attachmentsCount":0,"hasContent":false,"attachmentStep":false}],"labels":[{"name":"severity","value":"normal"},{"name":"story","value":"WorkSpaces Creation and Editing Functionality"},{"name":"epic","value":"Workspaces"},{"name":"tag","value":"run(order=3)"},{"name":"parentSuite","value":"tests"},{"name":"suite","value":"workspaces_test"},{"name":"subSuite","value":"TestWorkspaces"},{"name":"host","value":"fv-az1778-286"},{"name":"thread","value":"1880-MainThread"},{"name":"framework","value":"pytest"},{"name":"language","value":"cpython3"},{"name":"package","value":"tests.workspaces_test"},{"name":"resultFormat","value":"allure2"}],"parameters":[],"links":[],"hidden":false,"retry":false,"extra":{"severity":"normal","retries":[],"categories":[{"name":"Test defects","matchedStatuses":[],"flaky":false}],"tags":["run(order=3)"]},"source":"8a0d01193b3b4c71.json","parameterValues":[]}