{"uid":"398538a3584a7192","name":"Search for non existing project","fullName":"tests.workspaces_test.TestWorkspaces#test_search_for_non_existing_project","historyId":"ed697c69c4643fc2c746342bc96c6608","time":{"start":1745372990840,"stop":1745372990840,"duration":0},"description":"Search for a non existing project","descriptionHtml":"<p>Search for a non existing project</p>\n","status":"broken","statusMessage":"selenium.common.exceptions.TimeoutException: Message: \nStacktrace:\n#0 0x556944c3453a <unknown>\n#1 0x55694472ff00 <unknown>\n#2 0x55694477fc0c <unknown>\n#3 0x55694477fe31 <unknown>\n#4 0x5569447c5bd4 <unknown>\n#5 0x5569447a45cd <unknown>\n#6 0x5569447c2f84 <unknown>\n#7 0x5569447a4343 <unknown>\n#8 0x55694477178a <unknown>\n#9 0x5569447729de <unknown>\n#10 0x556944bfe2cb <unknown>\n#11 0x556944c02242 <unknown>\n#12 0x556944beb7ac <unknown>\n#13 0x556944c02df7 <unknown>\n#14 0x556944bcfb2f <unknown>\n#15 0x556944c231a8 <unknown>\n#16 0x556944c23370 <unknown>\n#17 0x556944c333b6 <unknown>\n#18 0x7f7f80c9caa4 <unknown>\n#19 0x7f7f80d29c3c <unknown>","statusTrace":"self = <tests.workspaces_test.TestWorkspaces object at 0x7f65b4dc7790>\n\n    @pytest.fixture(autouse=True)\n    def setup_method_fixture(self):\n>       login(self.about_page, self.login_page)\n\ntests/workspaces_test.py:25: \n_ _ _ _ _ _ _ _ _ _ _ _ _ _ _ _ _ _ _ _ _ _ _ _ _ _ _ _ _ _ _ _ _ _ _ _ _ _ _ _ \ntests/workspaces_test.py:15: in login\n    about_page.click_login_link()\npages/about_page.py:18: in click_login_link\n    self.click(self.LOGIN_LINK)\npages/base_page.py:59: in click\n    el: WebElement = self.wait.until(expected_conditions.element_to_be_clickable(locator))\n_ _ _ _ _ _ _ _ _ _ _ _ _ _ _ _ _ _ _ _ _ _ _ _ _ _ _ _ _ _ _ _ _ _ _ _ _ _ _ _ \n\nself = <selenium.webdriver.support.wait.WebDriverWait (session=\"624616afe1109d8387a9ecd9a48c0737\")>\nmethod = <function element_to_be_clickable.<locals>._predicate at 0x7f65b4badda0>\nmessage = ''\n\n    def until(self, method: Callable[[D], Union[Literal[False], T]], message: str = \"\") -> T:\n        \"\"\"Wait until the method returns a value that is not False.\n    \n        Calls the method provided with the driver as an argument until the\n        return value does not evaluate to ``False``.\n    \n        Parameters:\n        -----------\n        method: callable(WebDriver)\n            - A callable object that takes a WebDriver instance as an argument.\n    \n        message: str\n            - Optional message for :exc:`TimeoutException`\n    \n        Return:\n        -------\n        object: T\n            - The result of the last call to `method`\n    \n        Raises:\n        -------\n        TimeoutException\n            - If 'method' does not return a truthy value within the WebDriverWait\n            object's timeout\n    \n        Example:\n        --------\n        >>> from selenium.webdriver.common.by import By\n        >>> from selenium.webdriver.support.ui import WebDriverWait\n        >>> from selenium.webdriver.support import expected_conditions as EC\n    \n        # Wait until an element is visible on the page\n        >>> wait = WebDriverWait(driver, 10)\n        >>> element = wait.until(EC.visibility_of_element_located((By.ID, \"exampleId\")))\n        >>> print(element.text)\n        \"\"\"\n        screen = None\n        stacktrace = None\n    \n        end_time = time.monotonic() + self._timeout\n        while True:\n            try:\n                value = method(self._driver)\n                if value:\n                    return value\n            except self._ignored_exceptions as exc:\n                screen = getattr(exc, \"screen\", None)\n                stacktrace = getattr(exc, \"stacktrace\", None)\n            if time.monotonic() > end_time:\n                break\n            time.sleep(self._poll)\n>       raise TimeoutException(message, screen, stacktrace)\nE       selenium.common.exceptions.TimeoutException: Message: \nE       Stacktrace:\nE       #0 0x556944c3453a <unknown>\nE       #1 0x55694472ff00 <unknown>\nE       #2 0x55694477fc0c <unknown>\nE       #3 0x55694477fe31 <unknown>\nE       #4 0x5569447c5bd4 <unknown>\nE       #5 0x5569447a45cd <unknown>\nE       #6 0x5569447c2f84 <unknown>\nE       #7 0x5569447a4343 <unknown>\nE       #8 0x55694477178a <unknown>\nE       #9 0x5569447729de <unknown>\nE       #10 0x556944bfe2cb <unknown>\nE       #11 0x556944c02242 <unknown>\nE       #12 0x556944beb7ac <unknown>\nE       #13 0x556944c02df7 <unknown>\nE       #14 0x556944bcfb2f <unknown>\nE       #15 0x556944c231a8 <unknown>\nE       #16 0x556944c23370 <unknown>\nE       #17 0x556944c333b6 <unknown>\nE       #18 0x7f7f80c9caa4 <unknown>\nE       #19 0x7f7f80d29c3c <unknown>\n\n.venv/lib/python3.13/site-packages/selenium/webdriver/support/wait.py:146: TimeoutException","flaky":false,"newFailed":false,"newBroken":false,"newPassed":false,"retriesCount":0,"retriesStatusChange":false,"beforeStages":[{"name":"base_url","time":{"start":1745372877104,"stop":1745372877105,"duration":1},"status":"passed","steps":[],"attachments":[],"parameters":[],"shouldDisplayMessage":false,"stepsCount":0,"attachmentsCount":0,"hasContent":false,"attachmentStep":false},{"name":"_verify_url","time":{"start":1745372877105,"stop":1745372877105,"duration":0},"status":"passed","steps":[],"attachments":[],"parameters":[],"shouldDisplayMessage":false,"stepsCount":0,"attachmentsCount":0,"hasContent":false,"attachmentStep":false},{"name":"data","time":{"start":1745372877105,"stop":1745372877106,"duration":1},"status":"passed","steps":[],"attachments":[],"parameters":[],"shouldDisplayMessage":false,"stepsCount":0,"attachmentsCount":0,"hasContent":false,"attachmentStep":false},{"name":"session_request","time":{"start":1745372877105,"stop":1745372877105,"duration":0},"status":"passed","steps":[],"attachments":[],"parameters":[],"shouldDisplayMessage":false,"stepsCount":0,"attachmentsCount":0,"hasContent":false,"attachmentStep":false},{"name":"setup_method_fixture","time":{"start":1745372993128,"stop":1745373003132,"duration":10004},"status":"broken","statusMessage":"selenium.common.exceptions.TimeoutException: Message: \nStacktrace:\n#0 0x556944c3453a <unknown>\n#1 0x55694472ff00 <unknown>\n#2 0x55694477fc0c <unknown>\n#3 0x55694477fe31 <unknown>\n#4 0x5569447c5bd4 <unknown>\n#5 0x5569447a45cd <unknown>\n#6 0x5569447c2f84 <unknown>\n#7 0x5569447a4343 <unknown>\n#8 0x55694477178a <unknown>\n#9 0x5569447729de <unknown>\n#10 0x556944bfe2cb <unknown>\n#11 0x556944c02242 <unknown>\n#12 0x556944beb7ac <unknown>\n#13 0x556944c02df7 <unknown>\n#14 0x556944bcfb2f <unknown>\n#15 0x556944c231a8 <unknown>\n#16 0x556944c23370 <unknown>\n#17 0x556944c333b6 <unknown>\n#18 0x7f7f80c9caa4 <unknown>\n#19 0x7f7f80d29c3c <unknown>\n\n","statusTrace":"  File \"/home/runner/work/Selenium-Python-Example/Selenium-Python-Example/.venv/lib/python3.13/site-packages/pluggy/_callers.py\", line 167, in _multicall\n    teardown.throw(outcome._exception)\n    ~~~~~~~~~~~~~~^^^^^^^^^^^^^^^^^^^^\n  File \"/home/runner/work/Selenium-Python-Example/Selenium-Python-Example/.venv/lib/python3.13/site-packages/_pytest/setuponly.py\", line 36, in pytest_fixture_setup\n    return (yield)\n            ^^^^^\n  File \"/home/runner/work/Selenium-Python-Example/Selenium-Python-Example/.venv/lib/python3.13/site-packages/pluggy/_callers.py\", line 103, in _multicall\n    res = hook_impl.function(*args)\n  File \"/home/runner/work/Selenium-Python-Example/Selenium-Python-Example/.venv/lib/python3.13/site-packages/_pytest/fixtures.py\", line 1140, in pytest_fixture_setup\n    result = call_fixture_func(fixturefunc, request, kwargs)\n  File \"/home/runner/work/Selenium-Python-Example/Selenium-Python-Example/.venv/lib/python3.13/site-packages/_pytest/fixtures.py\", line 898, in call_fixture_func\n    fixture_result = fixturefunc(**kwargs)\n  File \"/home/runner/work/Selenium-Python-Example/Selenium-Python-Example/tests/workspaces_test.py\", line 25, in setup_method_fixture\n    login(self.about_page, self.login_page)\n    ~~~~~^^^^^^^^^^^^^^^^^^^^^^^^^^^^^^^^^^\n  File \"/home/runner/work/Selenium-Python-Example/Selenium-Python-Example/tests/workspaces_test.py\", line 15, in login\n    about_page.click_login_link()\n    ~~~~~~~~~~~~~~~~~~~~~~~~~~~^^\n  File \"/home/runner/work/Selenium-Python-Example/Selenium-Python-Example/.venv/lib/python3.13/site-packages/allure_commons/_allure.py\", line 202, in impl\n    return func(*a, **kw)\n  File \"/home/runner/work/Selenium-Python-Example/Selenium-Python-Example/pages/about_page.py\", line 18, in click_login_link\n    self.click(self.LOGIN_LINK)\n    ~~~~~~~~~~^^^^^^^^^^^^^^^^^\n  File \"/home/runner/work/Selenium-Python-Example/Selenium-Python-Example/pages/base_page.py\", line 59, in click\n    el: WebElement = self.wait.until(expected_conditions.element_to_be_clickable(locator))\n                     ~~~~~~~~~~~~~~~^^^^^^^^^^^^^^^^^^^^^^^^^^^^^^^^^^^^^^^^^^^^^^^^^^^^^^\n  File \"/home/runner/work/Selenium-Python-Example/Selenium-Python-Example/.venv/lib/python3.13/site-packages/selenium/webdriver/support/wait.py\", line 146, in until\n    raise TimeoutException(message, screen, stacktrace)\n","steps":[{"name":"Click Login link","time":{"start":1745372993129,"stop":1745373003131,"duration":10002},"status":"broken","statusMessage":"selenium.common.exceptions.TimeoutException: Message: \nStacktrace:\n#0 0x556944c3453a <unknown>\n#1 0x55694472ff00 <unknown>\n#2 0x55694477fc0c <unknown>\n#3 0x55694477fe31 <unknown>\n#4 0x5569447c5bd4 <unknown>\n#5 0x5569447a45cd <unknown>\n#6 0x5569447c2f84 <unknown>\n#7 0x5569447a4343 <unknown>\n#8 0x55694477178a <unknown>\n#9 0x5569447729de <unknown>\n#10 0x556944bfe2cb <unknown>\n#11 0x556944c02242 <unknown>\n#12 0x556944beb7ac <unknown>\n#13 0x556944c02df7 <unknown>\n#14 0x556944bcfb2f <unknown>\n#15 0x556944c231a8 <unknown>\n#16 0x556944c23370 <unknown>\n#17 0x556944c333b6 <unknown>\n#18 0x7f7f80c9caa4 <unknown>\n#19 0x7f7f80d29c3c <unknown>\n\n","statusTrace":"  File \"/home/runner/work/Selenium-Python-Example/Selenium-Python-Example/.venv/lib/python3.13/site-packages/allure_commons/_allure.py\", line 202, in impl\n    return func(*a, **kw)\n  File \"/home/runner/work/Selenium-Python-Example/Selenium-Python-Example/pages/about_page.py\", line 18, in click_login_link\n    self.click(self.LOGIN_LINK)\n    ~~~~~~~~~~^^^^^^^^^^^^^^^^^\n  File \"/home/runner/work/Selenium-Python-Example/Selenium-Python-Example/pages/base_page.py\", line 59, in click\n    el: WebElement = self.wait.until(expected_conditions.element_to_be_clickable(locator))\n                     ~~~~~~~~~~~~~~~^^^^^^^^^^^^^^^^^^^^^^^^^^^^^^^^^^^^^^^^^^^^^^^^^^^^^^\n  File \"/home/runner/work/Selenium-Python-Example/Selenium-Python-Example/.venv/lib/python3.13/site-packages/selenium/webdriver/support/wait.py\", line 146, in until\n    raise TimeoutException(message, screen, stacktrace)\n","steps":[],"attachments":[],"parameters":[],"shouldDisplayMessage":true,"stepsCount":0,"attachmentsCount":0,"hasContent":true,"attachmentStep":false}],"attachments":[],"parameters":[],"shouldDisplayMessage":false,"stepsCount":1,"attachmentsCount":0,"hasContent":true,"attachmentStep":false}],"testStage":{"description":"Search for a non existing project","status":"broken","statusMessage":"selenium.common.exceptions.TimeoutException: Message: \nStacktrace:\n#0 0x556944c3453a <unknown>\n#1 0x55694472ff00 <unknown>\n#2 0x55694477fc0c <unknown>\n#3 0x55694477fe31 <unknown>\n#4 0x5569447c5bd4 <unknown>\n#5 0x5569447a45cd <unknown>\n#6 0x5569447c2f84 <unknown>\n#7 0x5569447a4343 <unknown>\n#8 0x55694477178a <unknown>\n#9 0x5569447729de <unknown>\n#10 0x556944bfe2cb <unknown>\n#11 0x556944c02242 <unknown>\n#12 0x556944beb7ac <unknown>\n#13 0x556944c02df7 <unknown>\n#14 0x556944bcfb2f <unknown>\n#15 0x556944c231a8 <unknown>\n#16 0x556944c23370 <unknown>\n#17 0x556944c333b6 <unknown>\n#18 0x7f7f80c9caa4 <unknown>\n#19 0x7f7f80d29c3c <unknown>","statusTrace":"self = <tests.workspaces_test.TestWorkspaces object at 0x7f65b4dc7790>\n\n    @pytest.fixture(autouse=True)\n    def setup_method_fixture(self):\n>       login(self.about_page, self.login_page)\n\ntests/workspaces_test.py:25: \n_ _ _ _ _ _ _ _ _ _ _ _ _ _ _ _ _ _ _ _ _ _ _ _ _ _ _ _ _ _ _ _ _ _ _ _ _ _ _ _ \ntests/workspaces_test.py:15: in login\n    about_page.click_login_link()\npages/about_page.py:18: in click_login_link\n    self.click(self.LOGIN_LINK)\npages/base_page.py:59: in click\n    el: WebElement = self.wait.until(expected_conditions.element_to_be_clickable(locator))\n_ _ _ _ _ _ _ _ _ _ _ _ _ _ _ _ _ _ _ _ _ _ _ _ _ _ _ _ _ _ _ _ _ _ _ _ _ _ _ _ \n\nself = <selenium.webdriver.support.wait.WebDriverWait (session=\"624616afe1109d8387a9ecd9a48c0737\")>\nmethod = <function element_to_be_clickable.<locals>._predicate at 0x7f65b4badda0>\nmessage = ''\n\n    def until(self, method: Callable[[D], Union[Literal[False], T]], message: str = \"\") -> T:\n        \"\"\"Wait until the method returns a value that is not False.\n    \n        Calls the method provided with the driver as an argument until the\n        return value does not evaluate to ``False``.\n    \n        Parameters:\n        -----------\n        method: callable(WebDriver)\n            - A callable object that takes a WebDriver instance as an argument.\n    \n        message: str\n            - Optional message for :exc:`TimeoutException`\n    \n        Return:\n        -------\n        object: T\n            - The result of the last call to `method`\n    \n        Raises:\n        -------\n        TimeoutException\n            - If 'method' does not return a truthy value within the WebDriverWait\n            object's timeout\n    \n        Example:\n        --------\n        >>> from selenium.webdriver.common.by import By\n        >>> from selenium.webdriver.support.ui import WebDriverWait\n        >>> from selenium.webdriver.support import expected_conditions as EC\n    \n        # Wait until an element is visible on the page\n        >>> wait = WebDriverWait(driver, 10)\n        >>> element = wait.until(EC.visibility_of_element_located((By.ID, \"exampleId\")))\n        >>> print(element.text)\n        \"\"\"\n        screen = None\n        stacktrace = None\n    \n        end_time = time.monotonic() + self._timeout\n        while True:\n            try:\n                value = method(self._driver)\n                if value:\n                    return value\n            except self._ignored_exceptions as exc:\n                screen = getattr(exc, \"screen\", None)\n                stacktrace = getattr(exc, \"stacktrace\", None)\n            if time.monotonic() > end_time:\n                break\n            time.sleep(self._poll)\n>       raise TimeoutException(message, screen, stacktrace)\nE       selenium.common.exceptions.TimeoutException: Message: \nE       Stacktrace:\nE       #0 0x556944c3453a <unknown>\nE       #1 0x55694472ff00 <unknown>\nE       #2 0x55694477fc0c <unknown>\nE       #3 0x55694477fe31 <unknown>\nE       #4 0x5569447c5bd4 <unknown>\nE       #5 0x5569447a45cd <unknown>\nE       #6 0x5569447c2f84 <unknown>\nE       #7 0x5569447a4343 <unknown>\nE       #8 0x55694477178a <unknown>\nE       #9 0x5569447729de <unknown>\nE       #10 0x556944bfe2cb <unknown>\nE       #11 0x556944c02242 <unknown>\nE       #12 0x556944beb7ac <unknown>\nE       #13 0x556944c02df7 <unknown>\nE       #14 0x556944bcfb2f <unknown>\nE       #15 0x556944c231a8 <unknown>\nE       #16 0x556944c23370 <unknown>\nE       #17 0x556944c333b6 <unknown>\nE       #18 0x7f7f80c9caa4 <unknown>\nE       #19 0x7f7f80d29c3c <unknown>\n\n.venv/lib/python3.13/site-packages/selenium/webdriver/support/wait.py:146: TimeoutException","steps":[{"name":"public ip address","time":{"start":1745373003144,"stop":1745373003292,"duration":148},"status":"passed","steps":[],"attachments":[{"uid":"9576b386b21999e9","name":"HTTP logs of http://checkip.amazonaws.com/","source":"9576b386b21999e9.txt","type":"text/plain","size":357}],"parameters":[],"shouldDisplayMessage":false,"stepsCount":0,"attachmentsCount":1,"hasContent":true,"attachmentStep":false}],"attachments":[{"uid":"73f86ed0b7cc8758","name":"Cookies","source":"73f86ed0b7cc8758.json","type":"application/json","size":4109},{"uid":"730a49ee5db4fcd0","name":"Session Storage","source":"730a49ee5db4fcd0.json","type":"application/json","size":358},{"uid":"3394448c18cc11a0","name":"Local Storage","source":"3394448c18cc11a0.json","type":"application/json","size":500},{"uid":"1c5254e73499c53","name":"Full Page Screenshot","source":"1c5254e73499c53.png","type":"image/png","size":1358282},{"uid":"5b46f9b9e199720f","name":"URL","source":"5b46f9b9e199720f.uri","type":"text/uri-list","size":23},{"uid":"9cc8561d8f0912ba","name":"Network Logs","source":"9cc8561d8f0912ba.json","type":"application/json","size":59497}],"parameters":[],"shouldDisplayMessage":true,"stepsCount":1,"attachmentsCount":7,"hasContent":true,"attachmentStep":false},"afterStages":[{"name":"session_request::0","time":{"start":1745373033888,"stop":1745373033888,"duration":0},"status":"passed","steps":[],"attachments":[],"parameters":[],"shouldDisplayMessage":false,"stepsCount":0,"attachmentsCount":0,"hasContent":false,"attachmentStep":false}],"labels":[{"name":"story","value":"WorkSpaces Creation and Editing Functionality"},{"name":"epic","value":"Workspaces"},{"name":"severity","value":"normal"},{"name":"tag","value":"run(order=7)"},{"name":"parentSuite","value":"tests"},{"name":"suite","value":"workspaces_test"},{"name":"subSuite","value":"TestWorkspaces"},{"name":"host","value":"fv-az1774-728"},{"name":"thread","value":"1959-MainThread"},{"name":"framework","value":"pytest"},{"name":"language","value":"cpython3"},{"name":"package","value":"tests.workspaces_test"},{"name":"resultFormat","value":"allure2"}],"parameters":[],"links":[],"hidden":false,"retry":false,"extra":{"severity":"normal","retries":[],"categories":[{"name":"Test defects","matchedStatuses":[],"flaky":false}],"history":{"statistic":{"failed":0,"broken":2,"skipped":0,"passed":0,"unknown":0,"total":2},"items":[{"uid":"2c861600a63bff1d","reportUrl":"https://nirtal85.github.io/Selenium-Python-Example/630//#testresult/2c861600a63bff1d","status":"broken","statusDetails":"selenium.common.exceptions.TimeoutException: Message: \nStacktrace:\n#0 0x564131d3853a <unknown>\n#1 0x564131833f00 <unknown>\n#2 0x564131883c0c <unknown>\n#3 0x564131883e31 <unknown>\n#4 0x5641318c9bd4 <unknown>\n#5 0x5641318a85cd <unknown>\n#6 0x5641318c6f84 <unknown>\n#7 0x5641318a8343 <unknown>\n#8 0x56413187578a <unknown>\n#9 0x5641318769de <unknown>\n#10 0x564131d022cb <unknown>\n#11 0x564131d06242 <unknown>\n#12 0x564131cef7ac <unknown>\n#13 0x564131d06df7 <unknown>\n#14 0x564131cd3b2f <unknown>\n#15 0x564131d271a8 <unknown>\n#16 0x564131d27370 <unknown>\n#17 0x564131d373b6 <unknown>\n#18 0x7ff26be9caa4 <unknown>\n#19 0x7ff26bf29c3c <unknown>","time":{"start":1745286581157,"stop":1745286581157,"duration":0}}]},"tags":["run(order=7)"]},"source":"398538a3584a7192.json","parameterValues":[]}