{"uid":"873182ba506d5f64","name":"Search for existing project test","fullName":"tests.workspaces_test.TestWorkspaces#test_search_project","historyId":"89e36300939846c9ff65d6b54eed8329","time":{"start":1736041522852,"stop":1736041522852,"duration":0},"description":"Search for an existing project","descriptionHtml":"<p>Search for an existing project</p>\n","status":"broken","statusMessage":"selenium.common.exceptions.TimeoutException: Message: \nStacktrace:\n#0 0x55a72ae8531a <unknown>\n#1 0x55a72a99b6e0 <unknown>\n#2 0x55a72a9ea3e6 <unknown>\n#3 0x55a72a9ea681 <unknown>\n#4 0x55a72aa2fb04 <unknown>\n#5 0x55a72aa0e48d <unknown>\n#6 0x55a72aa2ced7 <unknown>\n#7 0x55a72aa0e203 <unknown>\n#8 0x55a72a9dccc0 <unknown>\n#9 0x55a72a9ddc9e <unknown>\n#10 0x55a72ae52d0b <unknown>\n#11 0x55a72ae56c92 <unknown>\n#12 0x55a72ae3fb3c <unknown>\n#13 0x55a72ae57807 <unknown>\n#14 0x55a72ae250df <unknown>\n#15 0x55a72ae74578 <unknown>\n#16 0x55a72ae74740 <unknown>\n#17 0x55a72ae84196 <unknown>\n#18 0x7f35ec29ca94 <unknown>\n#19 0x7f35ec329c3c <unknown>","statusTrace":"self = <tests.workspaces_test.TestWorkspaces object at 0x7f3e20fd9730>\n\n    @pytest.fixture(autouse=True)\n    def setup_method_fixture(self):\n>       login(self.about_page, self.login_page)\n\ntests/workspaces_test.py:25: \n_ _ _ _ _ _ _ _ _ _ _ _ _ _ _ _ _ _ _ _ _ _ _ _ _ _ _ _ _ _ _ _ _ _ _ _ _ _ _ _ \ntests/workspaces_test.py:15: in login\n    about_page.click_login_link()\npages/about_page.py:20: in click_login_link\n    self.click(self.LOGIN_LINK)\npages/base_page.py:60: in click\n    el: WebElement = self.wait.until(\n_ _ _ _ _ _ _ _ _ _ _ _ _ _ _ _ _ _ _ _ _ _ _ _ _ _ _ _ _ _ _ _ _ _ _ _ _ _ _ _ \n\nself = <selenium.webdriver.support.wait.WebDriverWait (session=\"8103758fc028a3703a00ce399f22f9b4\")>\nmethod = <function element_to_be_clickable.<locals>._predicate at 0x7f3e2089db20>\nmessage = ''\n\n    def until(self, method: Callable[[D], Union[Literal[False], T]], message: str = \"\") -> T:\n        \"\"\"Calls the method provided with the driver as an argument until the \\\n        return value does not evaluate to ``False``.\n    \n        :param method: callable(WebDriver)\n        :param message: optional message for :exc:`TimeoutException`\n        :returns: the result of the last call to `method`\n        :raises: :exc:`selenium.common.exceptions.TimeoutException` if timeout occurs\n        \"\"\"\n        screen = None\n        stacktrace = None\n    \n        end_time = time.monotonic() + self._timeout\n        while True:\n            try:\n                value = method(self._driver)\n                if value:\n                    return value\n            except self._ignored_exceptions as exc:\n                screen = getattr(exc, \"screen\", None)\n                stacktrace = getattr(exc, \"stacktrace\", None)\n            if time.monotonic() > end_time:\n                break\n            time.sleep(self._poll)\n>       raise TimeoutException(message, screen, stacktrace)\nE       selenium.common.exceptions.TimeoutException: Message: \nE       Stacktrace:\nE       #0 0x55a72ae8531a <unknown>\nE       #1 0x55a72a99b6e0 <unknown>\nE       #2 0x55a72a9ea3e6 <unknown>\nE       #3 0x55a72a9ea681 <unknown>\nE       #4 0x55a72aa2fb04 <unknown>\nE       #5 0x55a72aa0e48d <unknown>\nE       #6 0x55a72aa2ced7 <unknown>\nE       #7 0x55a72aa0e203 <unknown>\nE       #8 0x55a72a9dccc0 <unknown>\nE       #9 0x55a72a9ddc9e <unknown>\nE       #10 0x55a72ae52d0b <unknown>\nE       #11 0x55a72ae56c92 <unknown>\nE       #12 0x55a72ae3fb3c <unknown>\nE       #13 0x55a72ae57807 <unknown>\nE       #14 0x55a72ae250df <unknown>\nE       #15 0x55a72ae74578 <unknown>\nE       #16 0x55a72ae74740 <unknown>\nE       #17 0x55a72ae84196 <unknown>\nE       #18 0x7f35ec29ca94 <unknown>\nE       #19 0x7f35ec329c3c <unknown>\n\n.venv/lib/python3.12/site-packages/selenium/webdriver/support/wait.py:105: TimeoutException","flaky":false,"newFailed":false,"newBroken":false,"newPassed":false,"retriesCount":0,"retriesStatusChange":false,"beforeStages":[{"name":"base_url","time":{"start":1736041414646,"stop":1736041414646,"duration":0},"status":"passed","steps":[],"attachments":[],"parameters":[],"shouldDisplayMessage":false,"stepsCount":0,"attachmentsCount":0,"hasContent":false,"attachmentStep":false},{"name":"session_request","time":{"start":1736041414646,"stop":1736041414647,"duration":1},"status":"passed","steps":[],"attachments":[],"parameters":[],"shouldDisplayMessage":false,"stepsCount":0,"attachmentsCount":0,"hasContent":false,"attachmentStep":false},{"name":"_verify_url","time":{"start":1736041414646,"stop":1736041414646,"duration":0},"status":"passed","steps":[],"attachments":[],"parameters":[],"shouldDisplayMessage":false,"stepsCount":0,"attachmentsCount":0,"hasContent":false,"attachmentStep":false},{"name":"data","time":{"start":1736041414647,"stop":1736041414648,"duration":1},"status":"passed","steps":[],"attachments":[],"parameters":[],"shouldDisplayMessage":false,"stepsCount":0,"attachmentsCount":0,"hasContent":false,"attachmentStep":false},{"name":"setup_method_fixture","time":{"start":1736041524986,"stop":1736041535176,"duration":10190},"status":"broken","statusMessage":"selenium.common.exceptions.TimeoutException: Message: \nStacktrace:\n#0 0x55a72ae8531a <unknown>\n#1 0x55a72a99b6e0 <unknown>\n#2 0x55a72a9ea3e6 <unknown>\n#3 0x55a72a9ea681 <unknown>\n#4 0x55a72aa2fb04 <unknown>\n#5 0x55a72aa0e48d <unknown>\n#6 0x55a72aa2ced7 <unknown>\n#7 0x55a72aa0e203 <unknown>\n#8 0x55a72a9dccc0 <unknown>\n#9 0x55a72a9ddc9e <unknown>\n#10 0x55a72ae52d0b <unknown>\n#11 0x55a72ae56c92 <unknown>\n#12 0x55a72ae3fb3c <unknown>\n#13 0x55a72ae57807 <unknown>\n#14 0x55a72ae250df <unknown>\n#15 0x55a72ae74578 <unknown>\n#16 0x55a72ae74740 <unknown>\n#17 0x55a72ae84196 <unknown>\n#18 0x7f35ec29ca94 <unknown>\n#19 0x7f35ec329c3c <unknown>\n\n","statusTrace":"  File \"/home/runner/work/Selenium-Python-Example/Selenium-Python-Example/.venv/lib/python3.12/site-packages/pluggy/_callers.py\", line 167, in _multicall\n    teardown.throw(outcome._exception)\n  File \"/home/runner/work/Selenium-Python-Example/Selenium-Python-Example/.venv/lib/python3.12/site-packages/_pytest/setuponly.py\", line 36, in pytest_fixture_setup\n    return (yield)\n            ^^^^^\n  File \"/home/runner/work/Selenium-Python-Example/Selenium-Python-Example/.venv/lib/python3.12/site-packages/pluggy/_callers.py\", line 103, in _multicall\n    res = hook_impl.function(*args)\n          ^^^^^^^^^^^^^^^^^^^^^^^^^\n  File \"/home/runner/work/Selenium-Python-Example/Selenium-Python-Example/.venv/lib/python3.12/site-packages/_pytest/fixtures.py\", line 1140, in pytest_fixture_setup\n    result = call_fixture_func(fixturefunc, request, kwargs)\n             ^^^^^^^^^^^^^^^^^^^^^^^^^^^^^^^^^^^^^^^^^^^^^^^\n  File \"/home/runner/work/Selenium-Python-Example/Selenium-Python-Example/.venv/lib/python3.12/site-packages/_pytest/fixtures.py\", line 898, in call_fixture_func\n    fixture_result = fixturefunc(**kwargs)\n                     ^^^^^^^^^^^^^^^^^^^^^\n  File \"/home/runner/work/Selenium-Python-Example/Selenium-Python-Example/tests/workspaces_test.py\", line 25, in setup_method_fixture\n    login(self.about_page, self.login_page)\n  File \"/home/runner/work/Selenium-Python-Example/Selenium-Python-Example/tests/workspaces_test.py\", line 15, in login\n    about_page.click_login_link()\n  File \"/home/runner/work/Selenium-Python-Example/Selenium-Python-Example/.venv/lib/python3.12/site-packages/allure_commons/_allure.py\", line 192, in impl\n    return func(*a, **kw)\n           ^^^^^^^^^^^^^^\n  File \"/home/runner/work/Selenium-Python-Example/Selenium-Python-Example/pages/about_page.py\", line 20, in click_login_link\n    self.click(self.LOGIN_LINK)\n  File \"/home/runner/work/Selenium-Python-Example/Selenium-Python-Example/pages/base_page.py\", line 60, in click\n    el: WebElement = self.wait.until(\n                     ^^^^^^^^^^^^^^^^\n  File \"/home/runner/work/Selenium-Python-Example/Selenium-Python-Example/.venv/lib/python3.12/site-packages/selenium/webdriver/support/wait.py\", line 105, in until\n    raise TimeoutException(message, screen, stacktrace)\n","steps":[{"name":"Click Login link","time":{"start":1736041524986,"stop":1736041535175,"duration":10189},"status":"broken","statusMessage":"selenium.common.exceptions.TimeoutException: Message: \nStacktrace:\n#0 0x55a72ae8531a <unknown>\n#1 0x55a72a99b6e0 <unknown>\n#2 0x55a72a9ea3e6 <unknown>\n#3 0x55a72a9ea681 <unknown>\n#4 0x55a72aa2fb04 <unknown>\n#5 0x55a72aa0e48d <unknown>\n#6 0x55a72aa2ced7 <unknown>\n#7 0x55a72aa0e203 <unknown>\n#8 0x55a72a9dccc0 <unknown>\n#9 0x55a72a9ddc9e <unknown>\n#10 0x55a72ae52d0b <unknown>\n#11 0x55a72ae56c92 <unknown>\n#12 0x55a72ae3fb3c <unknown>\n#13 0x55a72ae57807 <unknown>\n#14 0x55a72ae250df <unknown>\n#15 0x55a72ae74578 <unknown>\n#16 0x55a72ae74740 <unknown>\n#17 0x55a72ae84196 <unknown>\n#18 0x7f35ec29ca94 <unknown>\n#19 0x7f35ec329c3c <unknown>\n\n","statusTrace":"  File \"/home/runner/work/Selenium-Python-Example/Selenium-Python-Example/.venv/lib/python3.12/site-packages/allure_commons/_allure.py\", line 192, in impl\n    return func(*a, **kw)\n           ^^^^^^^^^^^^^^\n  File \"/home/runner/work/Selenium-Python-Example/Selenium-Python-Example/pages/about_page.py\", line 20, in click_login_link\n    self.click(self.LOGIN_LINK)\n  File \"/home/runner/work/Selenium-Python-Example/Selenium-Python-Example/pages/base_page.py\", line 60, in click\n    el: WebElement = self.wait.until(\n                     ^^^^^^^^^^^^^^^^\n  File \"/home/runner/work/Selenium-Python-Example/Selenium-Python-Example/.venv/lib/python3.12/site-packages/selenium/webdriver/support/wait.py\", line 105, in until\n    raise TimeoutException(message, screen, stacktrace)\n","steps":[],"attachments":[],"parameters":[],"shouldDisplayMessage":true,"stepsCount":0,"attachmentsCount":0,"hasContent":true,"attachmentStep":false}],"attachments":[],"parameters":[],"shouldDisplayMessage":false,"stepsCount":1,"attachmentsCount":0,"hasContent":true,"attachmentStep":false}],"testStage":{"description":"Search for an existing project","status":"broken","statusMessage":"selenium.common.exceptions.TimeoutException: Message: \nStacktrace:\n#0 0x55a72ae8531a <unknown>\n#1 0x55a72a99b6e0 <unknown>\n#2 0x55a72a9ea3e6 <unknown>\n#3 0x55a72a9ea681 <unknown>\n#4 0x55a72aa2fb04 <unknown>\n#5 0x55a72aa0e48d <unknown>\n#6 0x55a72aa2ced7 <unknown>\n#7 0x55a72aa0e203 <unknown>\n#8 0x55a72a9dccc0 <unknown>\n#9 0x55a72a9ddc9e <unknown>\n#10 0x55a72ae52d0b <unknown>\n#11 0x55a72ae56c92 <unknown>\n#12 0x55a72ae3fb3c <unknown>\n#13 0x55a72ae57807 <unknown>\n#14 0x55a72ae250df <unknown>\n#15 0x55a72ae74578 <unknown>\n#16 0x55a72ae74740 <unknown>\n#17 0x55a72ae84196 <unknown>\n#18 0x7f35ec29ca94 <unknown>\n#19 0x7f35ec329c3c <unknown>","statusTrace":"self = <tests.workspaces_test.TestWorkspaces object at 0x7f3e20fd9730>\n\n    @pytest.fixture(autouse=True)\n    def setup_method_fixture(self):\n>       login(self.about_page, self.login_page)\n\ntests/workspaces_test.py:25: \n_ _ _ _ _ _ _ _ _ _ _ _ _ _ _ _ _ _ _ _ _ _ _ _ _ _ _ _ _ _ _ _ _ _ _ _ _ _ _ _ \ntests/workspaces_test.py:15: in login\n    about_page.click_login_link()\npages/about_page.py:20: in click_login_link\n    self.click(self.LOGIN_LINK)\npages/base_page.py:60: in click\n    el: WebElement = self.wait.until(\n_ _ _ _ _ _ _ _ _ _ _ _ _ _ _ _ _ _ _ _ _ _ _ _ _ _ _ _ _ _ _ _ _ _ _ _ _ _ _ _ \n\nself = <selenium.webdriver.support.wait.WebDriverWait (session=\"8103758fc028a3703a00ce399f22f9b4\")>\nmethod = <function element_to_be_clickable.<locals>._predicate at 0x7f3e2089db20>\nmessage = ''\n\n    def until(self, method: Callable[[D], Union[Literal[False], T]], message: str = \"\") -> T:\n        \"\"\"Calls the method provided with the driver as an argument until the \\\n        return value does not evaluate to ``False``.\n    \n        :param method: callable(WebDriver)\n        :param message: optional message for :exc:`TimeoutException`\n        :returns: the result of the last call to `method`\n        :raises: :exc:`selenium.common.exceptions.TimeoutException` if timeout occurs\n        \"\"\"\n        screen = None\n        stacktrace = None\n    \n        end_time = time.monotonic() + self._timeout\n        while True:\n            try:\n                value = method(self._driver)\n                if value:\n                    return value\n            except self._ignored_exceptions as exc:\n                screen = getattr(exc, \"screen\", None)\n                stacktrace = getattr(exc, \"stacktrace\", None)\n            if time.monotonic() > end_time:\n                break\n            time.sleep(self._poll)\n>       raise TimeoutException(message, screen, stacktrace)\nE       selenium.common.exceptions.TimeoutException: Message: \nE       Stacktrace:\nE       #0 0x55a72ae8531a <unknown>\nE       #1 0x55a72a99b6e0 <unknown>\nE       #2 0x55a72a9ea3e6 <unknown>\nE       #3 0x55a72a9ea681 <unknown>\nE       #4 0x55a72aa2fb04 <unknown>\nE       #5 0x55a72aa0e48d <unknown>\nE       #6 0x55a72aa2ced7 <unknown>\nE       #7 0x55a72aa0e203 <unknown>\nE       #8 0x55a72a9dccc0 <unknown>\nE       #9 0x55a72a9ddc9e <unknown>\nE       #10 0x55a72ae52d0b <unknown>\nE       #11 0x55a72ae56c92 <unknown>\nE       #12 0x55a72ae3fb3c <unknown>\nE       #13 0x55a72ae57807 <unknown>\nE       #14 0x55a72ae250df <unknown>\nE       #15 0x55a72ae74578 <unknown>\nE       #16 0x55a72ae74740 <unknown>\nE       #17 0x55a72ae84196 <unknown>\nE       #18 0x7f35ec29ca94 <unknown>\nE       #19 0x7f35ec329c3c <unknown>\n\n.venv/lib/python3.12/site-packages/selenium/webdriver/support/wait.py:105: TimeoutException","steps":[{"name":"public ip address","time":{"start":1736041535193,"stop":1736041535232,"duration":39},"status":"passed","steps":[],"attachments":[{"uid":"a8883e19ed1f9ea0","name":"HTTP logs of http://checkip.amazonaws.com/","source":"a8883e19ed1f9ea0.txt","type":"text/plain","size":357}],"parameters":[],"shouldDisplayMessage":false,"stepsCount":0,"attachmentsCount":1,"hasContent":true,"attachmentStep":false}],"attachments":[{"uid":"eafac027adfce26c","name":"Cookies","source":"eafac027adfce26c.json","type":"application/json","size":3585},{"uid":"f29317560184c447","name":"Session Storage","source":"f29317560184c447.json","type":"application/json","size":357},{"uid":"a91fdf2d516b1bed","name":"Local Storage","source":"a91fdf2d516b1bed.json","type":"application/json","size":791},{"uid":"81712f5fd68d14a7","name":"Console Logs","source":"81712f5fd68d14a7.json","type":"application/json","size":236},{"uid":"81e96629b6b8a608","name":"Full Page Screenshot","source":"81e96629b6b8a608.png","type":"image/png","size":4140841},{"uid":"7570e4d0774d85b6","name":"URL","source":"7570e4d0774d85b6.uri","type":"text/uri-list","size":23},{"uid":"826f551b948fb32a","name":"Network Logs","source":"826f551b948fb32a.json","type":"application/json","size":4211754}],"parameters":[],"shouldDisplayMessage":true,"stepsCount":1,"attachmentsCount":8,"hasContent":true,"attachmentStep":false},"afterStages":[{"name":"session_request::0","time":{"start":1736041585301,"stop":1736041585301,"duration":0},"status":"passed","steps":[],"attachments":[],"parameters":[],"shouldDisplayMessage":false,"stepsCount":0,"attachmentsCount":0,"hasContent":false,"attachmentStep":false}],"labels":[{"name":"story","value":"WorkSpaces Creation and Editing Functionality"},{"name":"epic","value":"Workspaces"},{"name":"severity","value":"normal"},{"name":"tag","value":"run(order=6)"},{"name":"parentSuite","value":"tests"},{"name":"suite","value":"workspaces_test"},{"name":"subSuite","value":"TestWorkspaces"},{"name":"host","value":"fv-az1660-675"},{"name":"thread","value":"2032-MainThread"},{"name":"framework","value":"pytest"},{"name":"language","value":"cpython3"},{"name":"package","value":"tests.workspaces_test"},{"name":"resultFormat","value":"allure2"}],"parameters":[],"links":[],"hidden":false,"retry":false,"extra":{"severity":"normal","retries":[],"categories":[{"name":"Test defects","matchedStatuses":[],"flaky":false}],"tags":["run(order=6)"]},"source":"873182ba506d5f64.json","parameterValues":[]}