{"uid":"3ae1c01af9c6cc50","name":"Forgot Password with valid email test","fullName":"tests.forgot_password_test.TestForgotPassword#test_valid_email","historyId":"d6dde1715fb973c93e423cd6a34e3dff","time":{"start":1703121225112,"stop":1703121235309,"duration":10197},"description":"Forgot password with a valid email address","descriptionHtml":"<p>Forgot password with a valid email address</p>\n","status":"broken","statusMessage":"selenium.common.exceptions.TimeoutException: Message: \nStacktrace:\n#0 0x562eebf71d33 <unknown>\n#1 0x562eebc2ef87 <unknown>\n#2 0x562eebc7ec0e <unknown>\n#3 0x562eebc7ed11 <unknown>\n#4 0x562eebcca004 <unknown>\n#5 0x562eebca836d <unknown>\n#6 0x562eebcc7297 <unknown>\n#7 0x562eebca80e3 <unknown>\n#8 0x562eebc70044 <unknown>\n#9 0x562eebc7144e <unknown>\n#10 0x562eebf36861 <unknown>\n#11 0x562eebf3a785 <unknown>\n#12 0x562eebf24285 <unknown>\n#13 0x562eebf3b41f <unknown>\n#14 0x562eebf0820f <unknown>\n#15 0x562eebf5f028 <unknown>\n#16 0x562eebf5f1f7 <unknown>\n#17 0x562eebf70ed4 <unknown>\n#18 0x7f98d1094ac3 <unknown>","statusTrace":"self = <tests.forgot_password_test.TestForgotPassword object at 0x7f27dc241b10>\njson_data = {'forgot_password': {'error_message': \"We can't find a user with that e-mail address.\", 'success_message': 'A reset li...you page', 'name': 'test', 'new_name': 'another test', 'no_project_found_msg': 'No project matches the criteria', ...}}\n\n    @allure.description(\"Forgot password with a valid email address\")\n    @allure.title(\"Forgot Password with valid email test\")\n    def test_valid_email(self, json_data: dict):\n>       self.about_page.click_login_link()\n\ntests/forgot_password_test.py:21: \n_ _ _ _ _ _ _ _ _ _ _ _ _ _ _ _ _ _ _ _ _ _ _ _ _ _ _ _ _ _ _ _ _ _ _ _ _ _ _ _ \npages/about_page.py:20: in click_login_link\n    self.click(self.LOGIN_LINK)\npages/base_page.py:38: in click\n    el: WebElement = self.wait.until(\n_ _ _ _ _ _ _ _ _ _ _ _ _ _ _ _ _ _ _ _ _ _ _ _ _ _ _ _ _ _ _ _ _ _ _ _ _ _ _ _ \n\nself = <selenium.webdriver.support.wait.WebDriverWait (session=\"9b7db8e801245dce4192c7610b8e8e31\")>\nmethod = <function element_to_be_clickable.<locals>._predicate at 0x7f27dc1fe020>\nmessage = ''\n\n    def until(self, method: Callable[[WebDriver], Union[Literal[False], T]], message: str = \"\") -> T:\n        \"\"\"Calls the method provided with the driver as an argument until the \\\n        return value does not evaluate to ``False``.\n    \n        :param method: callable(WebDriver)\n        :param message: optional message for :exc:`TimeoutException`\n        :returns: the result of the last call to `method`\n        :raises: :exc:`selenium.common.exceptions.TimeoutException` if timeout occurs\n        \"\"\"\n        screen = None\n        stacktrace = None\n    \n        end_time = time.monotonic() + self._timeout\n        while True:\n            try:\n                value = method(self._driver)\n                if value:\n                    return value\n            except self._ignored_exceptions as exc:\n                screen = getattr(exc, \"screen\", None)\n                stacktrace = getattr(exc, \"stacktrace\", None)\n            time.sleep(self._poll)\n            if time.monotonic() > end_time:\n                break\n>       raise TimeoutException(message, screen, stacktrace)\nE       selenium.common.exceptions.TimeoutException: Message: \nE       Stacktrace:\nE       #0 0x562eebf71d33 <unknown>\nE       #1 0x562eebc2ef87 <unknown>\nE       #2 0x562eebc7ec0e <unknown>\nE       #3 0x562eebc7ed11 <unknown>\nE       #4 0x562eebcca004 <unknown>\nE       #5 0x562eebca836d <unknown>\nE       #6 0x562eebcc7297 <unknown>\nE       #7 0x562eebca80e3 <unknown>\nE       #8 0x562eebc70044 <unknown>\nE       #9 0x562eebc7144e <unknown>\nE       #10 0x562eebf36861 <unknown>\nE       #11 0x562eebf3a785 <unknown>\nE       #12 0x562eebf24285 <unknown>\nE       #13 0x562eebf3b41f <unknown>\nE       #14 0x562eebf0820f <unknown>\nE       #15 0x562eebf5f028 <unknown>\nE       #16 0x562eebf5f1f7 <unknown>\nE       #17 0x562eebf70ed4 <unknown>\nE       #18 0x7f98d1094ac3 <unknown>\n\n.venv/lib/python3.11/site-packages/selenium/webdriver/support/wait.py:101: TimeoutException","flaky":false,"newFailed":false,"newBroken":false,"newPassed":false,"retriesCount":0,"retriesStatusChange":false,"beforeStages":[{"name":"_verify_url","time":{"start":1703121076564,"stop":1703121076564,"duration":0},"status":"passed","steps":[],"attachments":[],"parameters":[],"shouldDisplayMessage":false,"stepsCount":0,"attachmentsCount":0,"hasContent":false,"attachmentStep":false},{"name":"json_data","time":{"start":1703121076564,"stop":1703121076564,"duration":0},"status":"passed","steps":[],"attachments":[],"parameters":[],"shouldDisplayMessage":false,"stepsCount":0,"attachmentsCount":0,"hasContent":false,"attachmentStep":false},{"name":"base_url","time":{"start":1703121076564,"stop":1703121076564,"duration":0},"status":"passed","steps":[],"attachments":[],"parameters":[],"shouldDisplayMessage":false,"stepsCount":0,"attachmentsCount":0,"hasContent":false,"attachmentStep":false}],"testStage":{"description":"Forgot password with a valid email address","status":"broken","statusMessage":"selenium.common.exceptions.TimeoutException: Message: \nStacktrace:\n#0 0x562eebf71d33 <unknown>\n#1 0x562eebc2ef87 <unknown>\n#2 0x562eebc7ec0e <unknown>\n#3 0x562eebc7ed11 <unknown>\n#4 0x562eebcca004 <unknown>\n#5 0x562eebca836d <unknown>\n#6 0x562eebcc7297 <unknown>\n#7 0x562eebca80e3 <unknown>\n#8 0x562eebc70044 <unknown>\n#9 0x562eebc7144e <unknown>\n#10 0x562eebf36861 <unknown>\n#11 0x562eebf3a785 <unknown>\n#12 0x562eebf24285 <unknown>\n#13 0x562eebf3b41f <unknown>\n#14 0x562eebf0820f <unknown>\n#15 0x562eebf5f028 <unknown>\n#16 0x562eebf5f1f7 <unknown>\n#17 0x562eebf70ed4 <unknown>\n#18 0x7f98d1094ac3 <unknown>","statusTrace":"self = <tests.forgot_password_test.TestForgotPassword object at 0x7f27dc241b10>\njson_data = {'forgot_password': {'error_message': \"We can't find a user with that e-mail address.\", 'success_message': 'A reset li...you page', 'name': 'test', 'new_name': 'another test', 'no_project_found_msg': 'No project matches the criteria', ...}}\n\n    @allure.description(\"Forgot password with a valid email address\")\n    @allure.title(\"Forgot Password with valid email test\")\n    def test_valid_email(self, json_data: dict):\n>       self.about_page.click_login_link()\n\ntests/forgot_password_test.py:21: \n_ _ _ _ _ _ _ _ _ _ _ _ _ _ _ _ _ _ _ _ _ _ _ _ _ _ _ _ _ _ _ _ _ _ _ _ _ _ _ _ \npages/about_page.py:20: in click_login_link\n    self.click(self.LOGIN_LINK)\npages/base_page.py:38: in click\n    el: WebElement = self.wait.until(\n_ _ _ _ _ _ _ _ _ _ _ _ _ _ _ _ _ _ _ _ _ _ _ _ _ _ _ _ _ _ _ _ _ _ _ _ _ _ _ _ \n\nself = <selenium.webdriver.support.wait.WebDriverWait (session=\"9b7db8e801245dce4192c7610b8e8e31\")>\nmethod = <function element_to_be_clickable.<locals>._predicate at 0x7f27dc1fe020>\nmessage = ''\n\n    def until(self, method: Callable[[WebDriver], Union[Literal[False], T]], message: str = \"\") -> T:\n        \"\"\"Calls the method provided with the driver as an argument until the \\\n        return value does not evaluate to ``False``.\n    \n        :param method: callable(WebDriver)\n        :param message: optional message for :exc:`TimeoutException`\n        :returns: the result of the last call to `method`\n        :raises: :exc:`selenium.common.exceptions.TimeoutException` if timeout occurs\n        \"\"\"\n        screen = None\n        stacktrace = None\n    \n        end_time = time.monotonic() + self._timeout\n        while True:\n            try:\n                value = method(self._driver)\n                if value:\n                    return value\n            except self._ignored_exceptions as exc:\n                screen = getattr(exc, \"screen\", None)\n                stacktrace = getattr(exc, \"stacktrace\", None)\n            time.sleep(self._poll)\n            if time.monotonic() > end_time:\n                break\n>       raise TimeoutException(message, screen, stacktrace)\nE       selenium.common.exceptions.TimeoutException: Message: \nE       Stacktrace:\nE       #0 0x562eebf71d33 <unknown>\nE       #1 0x562eebc2ef87 <unknown>\nE       #2 0x562eebc7ec0e <unknown>\nE       #3 0x562eebc7ed11 <unknown>\nE       #4 0x562eebcca004 <unknown>\nE       #5 0x562eebca836d <unknown>\nE       #6 0x562eebcc7297 <unknown>\nE       #7 0x562eebca80e3 <unknown>\nE       #8 0x562eebc70044 <unknown>\nE       #9 0x562eebc7144e <unknown>\nE       #10 0x562eebf36861 <unknown>\nE       #11 0x562eebf3a785 <unknown>\nE       #12 0x562eebf24285 <unknown>\nE       #13 0x562eebf3b41f <unknown>\nE       #14 0x562eebf0820f <unknown>\nE       #15 0x562eebf5f028 <unknown>\nE       #16 0x562eebf5f1f7 <unknown>\nE       #17 0x562eebf70ed4 <unknown>\nE       #18 0x7f98d1094ac3 <unknown>\n\n.venv/lib/python3.11/site-packages/selenium/webdriver/support/wait.py:101: TimeoutException","steps":[{"name":"Click Login link","time":{"start":1703121225112,"stop":1703121235309,"duration":10197},"status":"broken","statusMessage":"selenium.common.exceptions.TimeoutException: Message: \nStacktrace:\n#0 0x562eebf71d33 <unknown>\n#1 0x562eebc2ef87 <unknown>\n#2 0x562eebc7ec0e <unknown>\n#3 0x562eebc7ed11 <unknown>\n#4 0x562eebcca004 <unknown>\n#5 0x562eebca836d <unknown>\n#6 0x562eebcc7297 <unknown>\n#7 0x562eebca80e3 <unknown>\n#8 0x562eebc70044 <unknown>\n#9 0x562eebc7144e <unknown>\n#10 0x562eebf36861 <unknown>\n#11 0x562eebf3a785 <unknown>\n#12 0x562eebf24285 <unknown>\n#13 0x562eebf3b41f <unknown>\n#14 0x562eebf0820f <unknown>\n#15 0x562eebf5f028 <unknown>\n#16 0x562eebf5f1f7 <unknown>\n#17 0x562eebf70ed4 <unknown>\n#18 0x7f98d1094ac3 <unknown>\n\n","statusTrace":"  File \"/home/runner/work/Selenium-Python-Example/Selenium-Python-Example/.venv/lib/python3.11/site-packages/allure_commons/_allure.py\", line 192, in impl\n    return func(*a, **kw)\n           ^^^^^^^^^^^^^^\n  File \"/home/runner/work/Selenium-Python-Example/Selenium-Python-Example/pages/about_page.py\", line 20, in click_login_link\n    self.click(self.LOGIN_LINK)\n  File \"/home/runner/work/Selenium-Python-Example/Selenium-Python-Example/pages/base_page.py\", line 38, in click\n    el: WebElement = self.wait.until(\n                     ^^^^^^^^^^^^^^^^\n  File \"/home/runner/work/Selenium-Python-Example/Selenium-Python-Example/.venv/lib/python3.11/site-packages/selenium/webdriver/support/wait.py\", line 101, in until\n    raise TimeoutException(message, screen, stacktrace)\n","steps":[],"attachments":[],"parameters":[],"shouldDisplayMessage":true,"stepsCount":0,"attachmentsCount":0,"hasContent":true,"attachmentStep":false}],"attachments":[{"uid":"716df62679b2bbe7","name":"public ip address","source":"716df62679b2bbe7.txt","type":"text/plain","size":13},{"uid":"a297ae36e8cf9742","name":"Cookies","source":"a297ae36e8cf9742.json","type":"application/json","size":3359},{"uid":"a64f44d451a6cc56","name":"Session Storage","source":"a64f44d451a6cc56.json","type":"application/json","size":358},{"uid":"2a8f02dff0604890","name":"Local Storage","source":"2a8f02dff0604890.json","type":"application/json","size":208},{"uid":"38e527dda318a2a8","name":"Console Logs","source":"38e527dda318a2a8.json","type":"application/json","size":2},{"uid":"ea439c3de7ecb627","name":"Full Page Screenshot","source":"ea439c3de7ecb627.png","type":"image/png","size":1283197},{"uid":"180ed1470896d460","name":"URL","source":"180ed1470896d460.uri","type":"text/uri-list","size":23},{"uid":"f00357b7e8a8a340","name":"Network Logs","source":"f00357b7e8a8a340.json","type":"application/json","size":23008}],"parameters":[],"shouldDisplayMessage":true,"stepsCount":1,"attachmentsCount":8,"hasContent":true,"attachmentStep":false},"afterStages":[],"labels":[{"name":"epic","value":"Security"},{"name":"subSuite","value":"Custom sub suite"},{"name":"parentSuite","value":"Custom parent suite"},{"name":"story","value":"Forgot Password Feature's Functionality"},{"name":"severity","value":"critical"},{"name":"suite","value":"Custom suite"},{"name":"tag","value":"security"},{"name":"host","value":"fv-az1567-133"},{"name":"thread","value":"2392-MainThread"},{"name":"framework","value":"pytest"},{"name":"language","value":"cpython3"},{"name":"package","value":"tests.forgot_password_test"},{"name":"resultFormat","value":"allure2"}],"parameters":[],"links":[],"hidden":false,"retry":false,"extra":{"severity":"critical","retries":[],"categories":[{"name":"Test defects","matchedStatuses":[],"flaky":false}],"tags":["security"]},"source":"3ae1c01af9c6cc50.json","parameterValues":[]}