{"uid":"7efcb02a74ed9f90","name":"Login with valid credentials test","fullName":"tests.login_test.TestLogin#test_valid_login","historyId":"18657c207d70aa57845e0b7f4751c290","time":{"start":1703121251986,"stop":1703121262178,"duration":10192},"description":"valid login","descriptionHtml":"<p>valid login</p>\n","status":"broken","statusMessage":"selenium.common.exceptions.TimeoutException: Message: \nStacktrace:\n#0 0x5622958d2d33 <unknown>\n#1 0x56229558ff87 <unknown>\n#2 0x5622955dfc0e <unknown>\n#3 0x5622955dfd11 <unknown>\n#4 0x56229562b004 <unknown>\n#5 0x56229560936d <unknown>\n#6 0x562295628297 <unknown>\n#7 0x5622956090e3 <unknown>\n#8 0x5622955d1044 <unknown>\n#9 0x5622955d244e <unknown>\n#10 0x562295897861 <unknown>\n#11 0x56229589b785 <unknown>\n#12 0x562295885285 <unknown>\n#13 0x56229589c41f <unknown>\n#14 0x56229586920f <unknown>\n#15 0x5622958c0028 <unknown>\n#16 0x5622958c01f7 <unknown>\n#17 0x5622958d1ed4 <unknown>\n#18 0x7f3782894ac3 <unknown>","statusTrace":"self = <tests.login_test.TestLogin object at 0x7f27dc130e50>\njson_data = {'forgot_password': {'error_message': \"We can't find a user with that e-mail address.\", 'success_message': 'A reset li...you page', 'name': 'test', 'new_name': 'another test', 'no_project_found_msg': 'No project matches the criteria', ...}}\n\n    @allure.description(\"valid login\")\n    @allure.title(\"Login with valid credentials test\")\n    @allure.tag(\"Tagged test\")\n    @pytest.mark.flaky(reruns=1)\n    def test_valid_login(self, json_data: dict):\n>       self.about_page.click_login_link()\n\ntests/login_test.py:42: \n_ _ _ _ _ _ _ _ _ _ _ _ _ _ _ _ _ _ _ _ _ _ _ _ _ _ _ _ _ _ _ _ _ _ _ _ _ _ _ _ \npages/about_page.py:20: in click_login_link\n    self.click(self.LOGIN_LINK)\npages/base_page.py:38: in click\n    el: WebElement = self.wait.until(\n_ _ _ _ _ _ _ _ _ _ _ _ _ _ _ _ _ _ _ _ _ _ _ _ _ _ _ _ _ _ _ _ _ _ _ _ _ _ _ _ \n\nself = <selenium.webdriver.support.wait.WebDriverWait (session=\"6e71759bd320856aa5acfef4cb2cccd4\")>\nmethod = <function element_to_be_clickable.<locals>._predicate at 0x7f27dbe49440>\nmessage = ''\n\n    def until(self, method: Callable[[WebDriver], Union[Literal[False], T]], message: str = \"\") -> T:\n        \"\"\"Calls the method provided with the driver as an argument until the \\\n        return value does not evaluate to ``False``.\n    \n        :param method: callable(WebDriver)\n        :param message: optional message for :exc:`TimeoutException`\n        :returns: the result of the last call to `method`\n        :raises: :exc:`selenium.common.exceptions.TimeoutException` if timeout occurs\n        \"\"\"\n        screen = None\n        stacktrace = None\n    \n        end_time = time.monotonic() + self._timeout\n        while True:\n            try:\n                value = method(self._driver)\n                if value:\n                    return value\n            except self._ignored_exceptions as exc:\n                screen = getattr(exc, \"screen\", None)\n                stacktrace = getattr(exc, \"stacktrace\", None)\n            time.sleep(self._poll)\n            if time.monotonic() > end_time:\n                break\n>       raise TimeoutException(message, screen, stacktrace)\nE       selenium.common.exceptions.TimeoutException: Message: \nE       Stacktrace:\nE       #0 0x5622958d2d33 <unknown>\nE       #1 0x56229558ff87 <unknown>\nE       #2 0x5622955dfc0e <unknown>\nE       #3 0x5622955dfd11 <unknown>\nE       #4 0x56229562b004 <unknown>\nE       #5 0x56229560936d <unknown>\nE       #6 0x562295628297 <unknown>\nE       #7 0x5622956090e3 <unknown>\nE       #8 0x5622955d1044 <unknown>\nE       #9 0x5622955d244e <unknown>\nE       #10 0x562295897861 <unknown>\nE       #11 0x56229589b785 <unknown>\nE       #12 0x562295885285 <unknown>\nE       #13 0x56229589c41f <unknown>\nE       #14 0x56229586920f <unknown>\nE       #15 0x5622958c0028 <unknown>\nE       #16 0x5622958c01f7 <unknown>\nE       #17 0x5622958d1ed4 <unknown>\nE       #18 0x7f3782894ac3 <unknown>\n\n.venv/lib/python3.11/site-packages/selenium/webdriver/support/wait.py:101: TimeoutException","flaky":false,"newFailed":false,"newBroken":false,"newPassed":false,"retriesCount":0,"retriesStatusChange":false,"beforeStages":[{"name":"_verify_url","time":{"start":1703121076564,"stop":1703121076564,"duration":0},"status":"passed","steps":[],"attachments":[],"parameters":[],"shouldDisplayMessage":false,"stepsCount":0,"attachmentsCount":0,"hasContent":false,"attachmentStep":false},{"name":"json_data","time":{"start":1703121076564,"stop":1703121076564,"duration":0},"status":"passed","steps":[],"attachments":[],"parameters":[],"shouldDisplayMessage":false,"stepsCount":0,"attachmentsCount":0,"hasContent":false,"attachmentStep":false},{"name":"base_url","time":{"start":1703121076564,"stop":1703121076564,"duration":0},"status":"passed","steps":[],"attachments":[],"parameters":[],"shouldDisplayMessage":false,"stepsCount":0,"attachmentsCount":0,"hasContent":false,"attachmentStep":false}],"testStage":{"description":"valid login","status":"broken","statusMessage":"selenium.common.exceptions.TimeoutException: Message: \nStacktrace:\n#0 0x5622958d2d33 <unknown>\n#1 0x56229558ff87 <unknown>\n#2 0x5622955dfc0e <unknown>\n#3 0x5622955dfd11 <unknown>\n#4 0x56229562b004 <unknown>\n#5 0x56229560936d <unknown>\n#6 0x562295628297 <unknown>\n#7 0x5622956090e3 <unknown>\n#8 0x5622955d1044 <unknown>\n#9 0x5622955d244e <unknown>\n#10 0x562295897861 <unknown>\n#11 0x56229589b785 <unknown>\n#12 0x562295885285 <unknown>\n#13 0x56229589c41f <unknown>\n#14 0x56229586920f <unknown>\n#15 0x5622958c0028 <unknown>\n#16 0x5622958c01f7 <unknown>\n#17 0x5622958d1ed4 <unknown>\n#18 0x7f3782894ac3 <unknown>","statusTrace":"self = <tests.login_test.TestLogin object at 0x7f27dc130e50>\njson_data = {'forgot_password': {'error_message': \"We can't find a user with that e-mail address.\", 'success_message': 'A reset li...you page', 'name': 'test', 'new_name': 'another test', 'no_project_found_msg': 'No project matches the criteria', ...}}\n\n    @allure.description(\"valid login\")\n    @allure.title(\"Login with valid credentials test\")\n    @allure.tag(\"Tagged test\")\n    @pytest.mark.flaky(reruns=1)\n    def test_valid_login(self, json_data: dict):\n>       self.about_page.click_login_link()\n\ntests/login_test.py:42: \n_ _ _ _ _ _ _ _ _ _ _ _ _ _ _ _ _ _ _ _ _ _ _ _ _ _ _ _ _ _ _ _ _ _ _ _ _ _ _ _ \npages/about_page.py:20: in click_login_link\n    self.click(self.LOGIN_LINK)\npages/base_page.py:38: in click\n    el: WebElement = self.wait.until(\n_ _ _ _ _ _ _ _ _ _ _ _ _ _ _ _ _ _ _ _ _ _ _ _ _ _ _ _ _ _ _ _ _ _ _ _ _ _ _ _ \n\nself = <selenium.webdriver.support.wait.WebDriverWait (session=\"6e71759bd320856aa5acfef4cb2cccd4\")>\nmethod = <function element_to_be_clickable.<locals>._predicate at 0x7f27dbe49440>\nmessage = ''\n\n    def until(self, method: Callable[[WebDriver], Union[Literal[False], T]], message: str = \"\") -> T:\n        \"\"\"Calls the method provided with the driver as an argument until the \\\n        return value does not evaluate to ``False``.\n    \n        :param method: callable(WebDriver)\n        :param message: optional message for :exc:`TimeoutException`\n        :returns: the result of the last call to `method`\n        :raises: :exc:`selenium.common.exceptions.TimeoutException` if timeout occurs\n        \"\"\"\n        screen = None\n        stacktrace = None\n    \n        end_time = time.monotonic() + self._timeout\n        while True:\n            try:\n                value = method(self._driver)\n                if value:\n                    return value\n            except self._ignored_exceptions as exc:\n                screen = getattr(exc, \"screen\", None)\n                stacktrace = getattr(exc, \"stacktrace\", None)\n            time.sleep(self._poll)\n            if time.monotonic() > end_time:\n                break\n>       raise TimeoutException(message, screen, stacktrace)\nE       selenium.common.exceptions.TimeoutException: Message: \nE       Stacktrace:\nE       #0 0x5622958d2d33 <unknown>\nE       #1 0x56229558ff87 <unknown>\nE       #2 0x5622955dfc0e <unknown>\nE       #3 0x5622955dfd11 <unknown>\nE       #4 0x56229562b004 <unknown>\nE       #5 0x56229560936d <unknown>\nE       #6 0x562295628297 <unknown>\nE       #7 0x5622956090e3 <unknown>\nE       #8 0x5622955d1044 <unknown>\nE       #9 0x5622955d244e <unknown>\nE       #10 0x562295897861 <unknown>\nE       #11 0x56229589b785 <unknown>\nE       #12 0x562295885285 <unknown>\nE       #13 0x56229589c41f <unknown>\nE       #14 0x56229586920f <unknown>\nE       #15 0x5622958c0028 <unknown>\nE       #16 0x5622958c01f7 <unknown>\nE       #17 0x5622958d1ed4 <unknown>\nE       #18 0x7f3782894ac3 <unknown>\n\n.venv/lib/python3.11/site-packages/selenium/webdriver/support/wait.py:101: TimeoutException","steps":[{"name":"Click Login link","time":{"start":1703121251986,"stop":1703121262178,"duration":10192},"status":"broken","statusMessage":"selenium.common.exceptions.TimeoutException: Message: \nStacktrace:\n#0 0x5622958d2d33 <unknown>\n#1 0x56229558ff87 <unknown>\n#2 0x5622955dfc0e <unknown>\n#3 0x5622955dfd11 <unknown>\n#4 0x56229562b004 <unknown>\n#5 0x56229560936d <unknown>\n#6 0x562295628297 <unknown>\n#7 0x5622956090e3 <unknown>\n#8 0x5622955d1044 <unknown>\n#9 0x5622955d244e <unknown>\n#10 0x562295897861 <unknown>\n#11 0x56229589b785 <unknown>\n#12 0x562295885285 <unknown>\n#13 0x56229589c41f <unknown>\n#14 0x56229586920f <unknown>\n#15 0x5622958c0028 <unknown>\n#16 0x5622958c01f7 <unknown>\n#17 0x5622958d1ed4 <unknown>\n#18 0x7f3782894ac3 <unknown>\n\n","statusTrace":"  File \"/home/runner/work/Selenium-Python-Example/Selenium-Python-Example/.venv/lib/python3.11/site-packages/allure_commons/_allure.py\", line 192, in impl\n    return func(*a, **kw)\n           ^^^^^^^^^^^^^^\n  File \"/home/runner/work/Selenium-Python-Example/Selenium-Python-Example/pages/about_page.py\", line 20, in click_login_link\n    self.click(self.LOGIN_LINK)\n  File \"/home/runner/work/Selenium-Python-Example/Selenium-Python-Example/pages/base_page.py\", line 38, in click\n    el: WebElement = self.wait.until(\n                     ^^^^^^^^^^^^^^^^\n  File \"/home/runner/work/Selenium-Python-Example/Selenium-Python-Example/.venv/lib/python3.11/site-packages/selenium/webdriver/support/wait.py\", line 101, in until\n    raise TimeoutException(message, screen, stacktrace)\n","steps":[],"attachments":[],"parameters":[],"shouldDisplayMessage":true,"stepsCount":0,"attachmentsCount":0,"hasContent":true,"attachmentStep":false}],"attachments":[{"uid":"8c0a1f743996b86","name":"public ip address","source":"8c0a1f743996b86.txt","type":"text/plain","size":13},{"uid":"3ff01b4f6b1a393a","name":"Cookies","source":"3ff01b4f6b1a393a.json","type":"application/json","size":3358},{"uid":"bdafe1ca243e4187","name":"Session Storage","source":"bdafe1ca243e4187.json","type":"application/json","size":358},{"uid":"dd77be4cba2108e","name":"Local Storage","source":"dd77be4cba2108e.json","type":"application/json","size":208},{"uid":"2afc4bed2c9aa146","name":"Console Logs","source":"2afc4bed2c9aa146.json","type":"application/json","size":2},{"uid":"aa7562302f0524b","name":"Full Page Screenshot","source":"aa7562302f0524b.png","type":"image/png","size":1285225},{"uid":"8cbbc063b6d7a5ea","name":"URL","source":"8cbbc063b6d7a5ea.uri","type":"text/uri-list","size":23},{"uid":"5a7dd1f3c0c49381","name":"Network Logs","source":"5a7dd1f3c0c49381.json","type":"application/json","size":22873}],"parameters":[],"shouldDisplayMessage":true,"stepsCount":1,"attachmentsCount":8,"hasContent":true,"attachmentStep":false},"afterStages":[],"labels":[{"name":"feature","value":"Login"},{"name":"severity","value":"blocker"},{"name":"tag","value":"Tagged test"},{"name":"epic","value":"Security"},{"name":"tag","value":"flaky(reruns=1)"},{"name":"tag","value":"security"},{"name":"parentSuite","value":"tests"},{"name":"suite","value":"login_test"},{"name":"subSuite","value":"TestLogin"},{"name":"host","value":"fv-az1567-133"},{"name":"thread","value":"2392-MainThread"},{"name":"framework","value":"pytest"},{"name":"language","value":"cpython3"},{"name":"package","value":"tests.login_test"},{"name":"resultFormat","value":"allure2"}],"parameters":[],"links":[],"hidden":true,"retry":true,"extra":{"categories":[],"tags":["security","Tagged test","flaky(reruns=1)"]},"source":"7efcb02a74ed9f90.json","parameterValues":[]}