{"uid":"4e84a3766335ea37","name":"Number of projects displayed in page test","fullName":"tests.workspaces_test.TestWorkspaces#test_number_of_existing_projects","historyId":"34e866e263d4a1ed453e065aefe8091d","time":{"start":1696468257954,"stop":1696468257954,"duration":0},"description":"Compare between the actual number of projects seen on page and the number shown in workspaces block","descriptionHtml":"<p>Compare between the actual number of projects seen on page and the number shown in workspaces block</p>\n","status":"broken","statusMessage":"selenium.common.exceptions.TimeoutException: Message: \nStacktrace:\n#0 0x565230a3e6b3 <unknown>\n#1 0x5652307141e7 <unknown>\n#2 0x56523075b566 <unknown>\n#3 0x56523075b651 <unknown>\n#4 0x565230798a74 <unknown>\n#5 0x56523077d0ed <unknown>\n#6 0x565230796322 <unknown>\n#7 0x56523077ce93 <unknown>\n#8 0x56523074f934 <unknown>\n#9 0x56523075071e <unknown>\n#10 0x565230a03cb8 <unknown>\n#11 0x565230a07bf0 <unknown>\n#12 0x565230a1219c <unknown>\n#13 0x565230a08808 <unknown>\n#14 0x5652309d527f <unknown>\n#15 0x565230a2ce88 <unknown>\n#16 0x565230a2d059 <unknown>\n#17 0x565230a3d843 <unknown>\n#18 0x7ff3c3c94b43 <unknown>","statusTrace":"self = <tests.workspaces_test.TestWorkspaces object at 0x7f47488c4ed0>\n\n    @pytest.fixture(autouse=True)\n    def setup_method_fixture(self):\n>       login(self.about_page, self.login_page)\n\ntests/workspaces_test.py:24: \n_ _ _ _ _ _ _ _ _ _ _ _ _ _ _ _ _ _ _ _ _ _ _ _ _ _ _ _ _ _ _ _ _ _ _ _ _ _ _ _ \ntests/workspaces_test.py:14: in login\n    about_page.click_login_link()\npages/about_page.py:20: in click_login_link\n    self.click(self.LOGIN_LINK)\npages/base_page.py:38: in click\n    el: WebElement = self.wait.until(\n_ _ _ _ _ _ _ _ _ _ _ _ _ _ _ _ _ _ _ _ _ _ _ _ _ _ _ _ _ _ _ _ _ _ _ _ _ _ _ _ \n\nself = <selenium.webdriver.support.wait.WebDriverWait (session=\"fb1c5bf784eebc5bf1aa62dc58ecac9e\")>\nmethod = <function element_to_be_clickable.<locals>._predicate at 0x7f474878cf40>\nmessage = ''\n\n    def until(self, method, message: str = \"\"):\n        \"\"\"Calls the method provided with the driver as an argument until the \\\n        return value does not evaluate to ``False``.\n    \n        :param method: callable(WebDriver)\n        :param message: optional message for :exc:`TimeoutException`\n        :returns: the result of the last call to `method`\n        :raises: :exc:`selenium.common.exceptions.TimeoutException` if timeout occurs\n        \"\"\"\n        screen = None\n        stacktrace = None\n    \n        end_time = time.monotonic() + self._timeout\n        while True:\n            try:\n                value = method(self._driver)\n                if value:\n                    return value\n            except self._ignored_exceptions as exc:\n                screen = getattr(exc, \"screen\", None)\n                stacktrace = getattr(exc, \"stacktrace\", None)\n            time.sleep(self._poll)\n            if time.monotonic() > end_time:\n                break\n>       raise TimeoutException(message, screen, stacktrace)\nE       selenium.common.exceptions.TimeoutException: Message: \nE       Stacktrace:\nE       #0 0x565230a3e6b3 <unknown>\nE       #1 0x5652307141e7 <unknown>\nE       #2 0x56523075b566 <unknown>\nE       #3 0x56523075b651 <unknown>\nE       #4 0x565230798a74 <unknown>\nE       #5 0x56523077d0ed <unknown>\nE       #6 0x565230796322 <unknown>\nE       #7 0x56523077ce93 <unknown>\nE       #8 0x56523074f934 <unknown>\nE       #9 0x56523075071e <unknown>\nE       #10 0x565230a03cb8 <unknown>\nE       #11 0x565230a07bf0 <unknown>\nE       #12 0x565230a1219c <unknown>\nE       #13 0x565230a08808 <unknown>\nE       #14 0x5652309d527f <unknown>\nE       #15 0x565230a2ce88 <unknown>\nE       #16 0x565230a2d059 <unknown>\nE       #17 0x565230a3d843 <unknown>\nE       #18 0x7ff3c3c94b43 <unknown>\n\n.venv/lib/python3.11/site-packages/selenium/webdriver/support/wait.py:95: TimeoutException","flaky":false,"newFailed":false,"newBroken":false,"newPassed":false,"retriesCount":0,"retriesStatusChange":false,"beforeStages":[{"name":"base_url","time":{"start":1696468190143,"stop":1696468190144,"duration":1},"status":"passed","steps":[],"attachments":[],"parameters":[],"attachmentsCount":0,"hasContent":false,"shouldDisplayMessage":false,"stepsCount":0},{"name":"_verify_url","time":{"start":1696468190144,"stop":1696468190144,"duration":0},"status":"passed","steps":[],"attachments":[],"parameters":[],"attachmentsCount":0,"hasContent":false,"shouldDisplayMessage":false,"stepsCount":0},{"name":"setup_method_fixture","time":{"start":1696468260178,"stop":1696468270665,"duration":10487},"status":"broken","statusMessage":"selenium.common.exceptions.TimeoutException: Message: \nStacktrace:\n#0 0x565230a3e6b3 <unknown>\n#1 0x5652307141e7 <unknown>\n#2 0x56523075b566 <unknown>\n#3 0x56523075b651 <unknown>\n#4 0x565230798a74 <unknown>\n#5 0x56523077d0ed <unknown>\n#6 0x565230796322 <unknown>\n#7 0x56523077ce93 <unknown>\n#8 0x56523074f934 <unknown>\n#9 0x56523075071e <unknown>\n#10 0x565230a03cb8 <unknown>\n#11 0x565230a07bf0 <unknown>\n#12 0x565230a1219c <unknown>\n#13 0x565230a08808 <unknown>\n#14 0x5652309d527f <unknown>\n#15 0x565230a2ce88 <unknown>\n#16 0x565230a2d059 <unknown>\n#17 0x565230a3d843 <unknown>\n#18 0x7ff3c3c94b43 <unknown>\n\n","statusTrace":"  File \"/home/runner/work/Selenium-Python-Example/Selenium-Python-Example/.venv/lib/python3.11/site-packages/pluggy/_callers.py\", line 80, in _multicall\n    res = hook_impl.function(*args)\n          ^^^^^^^^^^^^^^^^^^^^^^^^^\n  File \"/home/runner/work/Selenium-Python-Example/Selenium-Python-Example/.venv/lib/python3.11/site-packages/_pytest/fixtures.py\", line 1123, in pytest_fixture_setup\n    result = call_fixture_func(fixturefunc, request, kwargs)\n             ^^^^^^^^^^^^^^^^^^^^^^^^^^^^^^^^^^^^^^^^^^^^^^^\n  File \"/home/runner/work/Selenium-Python-Example/Selenium-Python-Example/.venv/lib/python3.11/site-packages/_pytest/fixtures.py\", line 902, in call_fixture_func\n    fixture_result = fixturefunc(**kwargs)\n                     ^^^^^^^^^^^^^^^^^^^^^\n  File \"/home/runner/work/Selenium-Python-Example/Selenium-Python-Example/tests/workspaces_test.py\", line 24, in setup_method_fixture\n    login(self.about_page, self.login_page)\n  File \"/home/runner/work/Selenium-Python-Example/Selenium-Python-Example/tests/workspaces_test.py\", line 14, in login\n    about_page.click_login_link()\n  File \"/home/runner/work/Selenium-Python-Example/Selenium-Python-Example/.venv/lib/python3.11/site-packages/allure_commons/_allure.py\", line 192, in impl\n    return func(*a, **kw)\n           ^^^^^^^^^^^^^^\n  File \"/home/runner/work/Selenium-Python-Example/Selenium-Python-Example/pages/about_page.py\", line 20, in click_login_link\n    self.click(self.LOGIN_LINK)\n  File \"/home/runner/work/Selenium-Python-Example/Selenium-Python-Example/pages/base_page.py\", line 38, in click\n    el: WebElement = self.wait.until(\n                     ^^^^^^^^^^^^^^^^\n  File \"/home/runner/work/Selenium-Python-Example/Selenium-Python-Example/.venv/lib/python3.11/site-packages/selenium/webdriver/support/wait.py\", line 95, in until\n    raise TimeoutException(message, screen, stacktrace)\n","steps":[{"name":"Click Login link","time":{"start":1696468260179,"stop":1696468270664,"duration":10485},"status":"broken","statusMessage":"selenium.common.exceptions.TimeoutException: Message: \nStacktrace:\n#0 0x565230a3e6b3 <unknown>\n#1 0x5652307141e7 <unknown>\n#2 0x56523075b566 <unknown>\n#3 0x56523075b651 <unknown>\n#4 0x565230798a74 <unknown>\n#5 0x56523077d0ed <unknown>\n#6 0x565230796322 <unknown>\n#7 0x56523077ce93 <unknown>\n#8 0x56523074f934 <unknown>\n#9 0x56523075071e <unknown>\n#10 0x565230a03cb8 <unknown>\n#11 0x565230a07bf0 <unknown>\n#12 0x565230a1219c <unknown>\n#13 0x565230a08808 <unknown>\n#14 0x5652309d527f <unknown>\n#15 0x565230a2ce88 <unknown>\n#16 0x565230a2d059 <unknown>\n#17 0x565230a3d843 <unknown>\n#18 0x7ff3c3c94b43 <unknown>\n\n","statusTrace":"  File \"/home/runner/work/Selenium-Python-Example/Selenium-Python-Example/.venv/lib/python3.11/site-packages/allure_commons/_allure.py\", line 192, in impl\n    return func(*a, **kw)\n           ^^^^^^^^^^^^^^\n  File \"/home/runner/work/Selenium-Python-Example/Selenium-Python-Example/pages/about_page.py\", line 20, in click_login_link\n    self.click(self.LOGIN_LINK)\n  File \"/home/runner/work/Selenium-Python-Example/Selenium-Python-Example/pages/base_page.py\", line 38, in click\n    el: WebElement = self.wait.until(\n                     ^^^^^^^^^^^^^^^^\n  File \"/home/runner/work/Selenium-Python-Example/Selenium-Python-Example/.venv/lib/python3.11/site-packages/selenium/webdriver/support/wait.py\", line 95, in until\n    raise TimeoutException(message, screen, stacktrace)\n","steps":[],"attachments":[],"parameters":[],"attachmentsCount":0,"hasContent":true,"shouldDisplayMessage":true,"stepsCount":0}],"attachments":[],"parameters":[],"attachmentsCount":0,"hasContent":true,"shouldDisplayMessage":false,"stepsCount":1}],"testStage":{"description":"Compare between the actual number of projects seen on page and the number shown in workspaces block","status":"broken","statusMessage":"selenium.common.exceptions.TimeoutException: Message: \nStacktrace:\n#0 0x565230a3e6b3 <unknown>\n#1 0x5652307141e7 <unknown>\n#2 0x56523075b566 <unknown>\n#3 0x56523075b651 <unknown>\n#4 0x565230798a74 <unknown>\n#5 0x56523077d0ed <unknown>\n#6 0x565230796322 <unknown>\n#7 0x56523077ce93 <unknown>\n#8 0x56523074f934 <unknown>\n#9 0x56523075071e <unknown>\n#10 0x565230a03cb8 <unknown>\n#11 0x565230a07bf0 <unknown>\n#12 0x565230a1219c <unknown>\n#13 0x565230a08808 <unknown>\n#14 0x5652309d527f <unknown>\n#15 0x565230a2ce88 <unknown>\n#16 0x565230a2d059 <unknown>\n#17 0x565230a3d843 <unknown>\n#18 0x7ff3c3c94b43 <unknown>","statusTrace":"self = <tests.workspaces_test.TestWorkspaces object at 0x7f47488c4ed0>\n\n    @pytest.fixture(autouse=True)\n    def setup_method_fixture(self):\n>       login(self.about_page, self.login_page)\n\ntests/workspaces_test.py:24: \n_ _ _ _ _ _ _ _ _ _ _ _ _ _ _ _ _ _ _ _ _ _ _ _ _ _ _ _ _ _ _ _ _ _ _ _ _ _ _ _ \ntests/workspaces_test.py:14: in login\n    about_page.click_login_link()\npages/about_page.py:20: in click_login_link\n    self.click(self.LOGIN_LINK)\npages/base_page.py:38: in click\n    el: WebElement = self.wait.until(\n_ _ _ _ _ _ _ _ _ _ _ _ _ _ _ _ _ _ _ _ _ _ _ _ _ _ _ _ _ _ _ _ _ _ _ _ _ _ _ _ \n\nself = <selenium.webdriver.support.wait.WebDriverWait (session=\"fb1c5bf784eebc5bf1aa62dc58ecac9e\")>\nmethod = <function element_to_be_clickable.<locals>._predicate at 0x7f474878cf40>\nmessage = ''\n\n    def until(self, method, message: str = \"\"):\n        \"\"\"Calls the method provided with the driver as an argument until the \\\n        return value does not evaluate to ``False``.\n    \n        :param method: callable(WebDriver)\n        :param message: optional message for :exc:`TimeoutException`\n        :returns: the result of the last call to `method`\n        :raises: :exc:`selenium.common.exceptions.TimeoutException` if timeout occurs\n        \"\"\"\n        screen = None\n        stacktrace = None\n    \n        end_time = time.monotonic() + self._timeout\n        while True:\n            try:\n                value = method(self._driver)\n                if value:\n                    return value\n            except self._ignored_exceptions as exc:\n                screen = getattr(exc, \"screen\", None)\n                stacktrace = getattr(exc, \"stacktrace\", None)\n            time.sleep(self._poll)\n            if time.monotonic() > end_time:\n                break\n>       raise TimeoutException(message, screen, stacktrace)\nE       selenium.common.exceptions.TimeoutException: Message: \nE       Stacktrace:\nE       #0 0x565230a3e6b3 <unknown>\nE       #1 0x5652307141e7 <unknown>\nE       #2 0x56523075b566 <unknown>\nE       #3 0x56523075b651 <unknown>\nE       #4 0x565230798a74 <unknown>\nE       #5 0x56523077d0ed <unknown>\nE       #6 0x565230796322 <unknown>\nE       #7 0x56523077ce93 <unknown>\nE       #8 0x56523074f934 <unknown>\nE       #9 0x56523075071e <unknown>\nE       #10 0x565230a03cb8 <unknown>\nE       #11 0x565230a07bf0 <unknown>\nE       #12 0x565230a1219c <unknown>\nE       #13 0x565230a08808 <unknown>\nE       #14 0x5652309d527f <unknown>\nE       #15 0x565230a2ce88 <unknown>\nE       #16 0x565230a2d059 <unknown>\nE       #17 0x565230a3d843 <unknown>\nE       #18 0x7ff3c3c94b43 <unknown>\n\n.venv/lib/python3.11/site-packages/selenium/webdriver/support/wait.py:95: TimeoutException","steps":[],"attachments":[{"uid":"191b6fc7efdd174c","name":"public ip address","source":"191b6fc7efdd174c.txt","type":"text/plain","size":14},{"uid":"f7076ef103e6cefc","name":"Cookies","source":"f7076ef103e6cefc.json","type":"application/json","size":2018},{"uid":"77e0ce9cb9b442f7","name":"Session Storage","source":"77e0ce9cb9b442f7.json","type":"application/json","size":333},{"uid":"85450c1302caeb3d","name":"Local Storage","source":"85450c1302caeb3d.json","type":"application/json","size":208},{"uid":"c7c09528abafecd5","name":"Console Logs","source":"c7c09528abafecd5.json","type":"application/json","size":2},{"uid":"1d55450b9af9e75e","name":"Full Page Screenshot","source":"1d55450b9af9e75e.png","type":"image/png","size":497819},{"uid":"bf02f34efe0107e5","name":"URL","source":"bf02f34efe0107e5.uri","type":"text/uri-list","size":23},{"uid":"6a55574112603f46","name":"Network Logs","source":"6a55574112603f46.json","type":"application/json","size":23074}],"parameters":[],"attachmentsCount":8,"hasContent":true,"shouldDisplayMessage":true,"stepsCount":0},"afterStages":[],"labels":[{"name":"epic","value":"Workspaces"},{"name":"story","value":"WorkSpaces Creation and Editing Functionality"},{"name":"severity","value":"normal"},{"name":"tag","value":"run(order=4)"},{"name":"parentSuite","value":"tests"},{"name":"suite","value":"workspaces_test"},{"name":"subSuite","value":"TestWorkspaces"},{"name":"host","value":"fv-az436-997"},{"name":"thread","value":"2190-MainThread"},{"name":"framework","value":"pytest"},{"name":"language","value":"cpython3"},{"name":"package","value":"tests.workspaces_test"},{"name":"resultFormat","value":"allure2"}],"parameters":[],"links":[],"hidden":false,"retry":false,"extra":{"severity":"normal","retries":[],"categories":[{"name":"Test defects","matchedStatuses":[],"flaky":false}],"tags":["run(order=4)"]},"source":"4e84a3766335ea37.json","parameterValues":[]}