{"uid":"fd108640b2e7d291","name":"Login with valid credentials test","fullName":"tests.login_test.TestLogin#test_valid_login","historyId":"18657c207d70aa57845e0b7f4751c290","time":{"start":1696468399139,"stop":1696468409571,"duration":10432},"description":"valid login","descriptionHtml":"<p>valid login</p>\n","status":"broken","statusMessage":"selenium.common.exceptions.TimeoutException: Message: \nStacktrace:\n#0 0x55b1451936b3 <unknown>\n#1 0x55b144e691e7 <unknown>\n#2 0x55b144eb0566 <unknown>\n#3 0x55b144eb0651 <unknown>\n#4 0x55b144eeda74 <unknown>\n#5 0x55b144ed20ed <unknown>\n#6 0x55b144eeb322 <unknown>\n#7 0x55b144ed1e93 <unknown>\n#8 0x55b144ea4934 <unknown>\n#9 0x55b144ea571e <unknown>\n#10 0x55b145158cb8 <unknown>\n#11 0x55b14515cbf0 <unknown>\n#12 0x55b14516719c <unknown>\n#13 0x55b14515d808 <unknown>\n#14 0x55b14512a27f <unknown>\n#15 0x55b145181e88 <unknown>\n#16 0x55b145182059 <unknown>\n#17 0x55b145192843 <unknown>\n#18 0x7f5a68294b43 <unknown>","statusTrace":"self = <tests.login_test.TestLogin object at 0x7f47488b4210>\njson_data = {'forgot_password': {'error_message': \"We can't find a user with that e-mail address.\", 'success_message': 'A reset li...you page', 'name': 'test', 'new_name': 'another test', 'no_project_found_msg': 'No project matches the criteria', ...}}\n\n    @allure.description(\"valid login\")\n    @allure.title(\"Login with valid credentials test\")\n    @allure.tag(\"Tagged test\")\n    @pytest.mark.flaky(reruns=1)\n    def test_valid_login(self, json_data: dict):\n>       self.about_page.click_login_link()\n\ntests/login_test.py:41: \n_ _ _ _ _ _ _ _ _ _ _ _ _ _ _ _ _ _ _ _ _ _ _ _ _ _ _ _ _ _ _ _ _ _ _ _ _ _ _ _ \npages/about_page.py:20: in click_login_link\n    self.click(self.LOGIN_LINK)\npages/base_page.py:38: in click\n    el: WebElement = self.wait.until(\n_ _ _ _ _ _ _ _ _ _ _ _ _ _ _ _ _ _ _ _ _ _ _ _ _ _ _ _ _ _ _ _ _ _ _ _ _ _ _ _ \n\nself = <selenium.webdriver.support.wait.WebDriverWait (session=\"6b506310fd860cf5781a99c88a237614\")>\nmethod = <function element_to_be_clickable.<locals>._predicate at 0x7f474878d6c0>\nmessage = ''\n\n    def until(self, method, message: str = \"\"):\n        \"\"\"Calls the method provided with the driver as an argument until the \\\n        return value does not evaluate to ``False``.\n    \n        :param method: callable(WebDriver)\n        :param message: optional message for :exc:`TimeoutException`\n        :returns: the result of the last call to `method`\n        :raises: :exc:`selenium.common.exceptions.TimeoutException` if timeout occurs\n        \"\"\"\n        screen = None\n        stacktrace = None\n    \n        end_time = time.monotonic() + self._timeout\n        while True:\n            try:\n                value = method(self._driver)\n                if value:\n                    return value\n            except self._ignored_exceptions as exc:\n                screen = getattr(exc, \"screen\", None)\n                stacktrace = getattr(exc, \"stacktrace\", None)\n            time.sleep(self._poll)\n            if time.monotonic() > end_time:\n                break\n>       raise TimeoutException(message, screen, stacktrace)\nE       selenium.common.exceptions.TimeoutException: Message: \nE       Stacktrace:\nE       #0 0x55b1451936b3 <unknown>\nE       #1 0x55b144e691e7 <unknown>\nE       #2 0x55b144eb0566 <unknown>\nE       #3 0x55b144eb0651 <unknown>\nE       #4 0x55b144eeda74 <unknown>\nE       #5 0x55b144ed20ed <unknown>\nE       #6 0x55b144eeb322 <unknown>\nE       #7 0x55b144ed1e93 <unknown>\nE       #8 0x55b144ea4934 <unknown>\nE       #9 0x55b144ea571e <unknown>\nE       #10 0x55b145158cb8 <unknown>\nE       #11 0x55b14515cbf0 <unknown>\nE       #12 0x55b14516719c <unknown>\nE       #13 0x55b14515d808 <unknown>\nE       #14 0x55b14512a27f <unknown>\nE       #15 0x55b145181e88 <unknown>\nE       #16 0x55b145182059 <unknown>\nE       #17 0x55b145192843 <unknown>\nE       #18 0x7f5a68294b43 <unknown>\n\n.venv/lib/python3.11/site-packages/selenium/webdriver/support/wait.py:95: TimeoutException","flaky":false,"newFailed":false,"newBroken":false,"newPassed":false,"retriesCount":1,"retriesStatusChange":false,"beforeStages":[{"name":"base_url","time":{"start":1696468190143,"stop":1696468190144,"duration":1},"status":"passed","steps":[],"attachments":[],"parameters":[],"attachmentsCount":0,"hasContent":false,"shouldDisplayMessage":false,"stepsCount":0},{"name":"json_data","time":{"start":1696468190144,"stop":1696468190144,"duration":0},"status":"passed","steps":[],"attachments":[],"parameters":[],"attachmentsCount":0,"hasContent":false,"shouldDisplayMessage":false,"stepsCount":0},{"name":"_verify_url","time":{"start":1696468190144,"stop":1696468190144,"duration":0},"status":"passed","steps":[],"attachments":[],"parameters":[],"attachmentsCount":0,"hasContent":false,"shouldDisplayMessage":false,"stepsCount":0}],"testStage":{"description":"valid login","status":"broken","statusMessage":"selenium.common.exceptions.TimeoutException: Message: \nStacktrace:\n#0 0x55b1451936b3 <unknown>\n#1 0x55b144e691e7 <unknown>\n#2 0x55b144eb0566 <unknown>\n#3 0x55b144eb0651 <unknown>\n#4 0x55b144eeda74 <unknown>\n#5 0x55b144ed20ed <unknown>\n#6 0x55b144eeb322 <unknown>\n#7 0x55b144ed1e93 <unknown>\n#8 0x55b144ea4934 <unknown>\n#9 0x55b144ea571e <unknown>\n#10 0x55b145158cb8 <unknown>\n#11 0x55b14515cbf0 <unknown>\n#12 0x55b14516719c <unknown>\n#13 0x55b14515d808 <unknown>\n#14 0x55b14512a27f <unknown>\n#15 0x55b145181e88 <unknown>\n#16 0x55b145182059 <unknown>\n#17 0x55b145192843 <unknown>\n#18 0x7f5a68294b43 <unknown>","statusTrace":"self = <tests.login_test.TestLogin object at 0x7f47488b4210>\njson_data = {'forgot_password': {'error_message': \"We can't find a user with that e-mail address.\", 'success_message': 'A reset li...you page', 'name': 'test', 'new_name': 'another test', 'no_project_found_msg': 'No project matches the criteria', ...}}\n\n    @allure.description(\"valid login\")\n    @allure.title(\"Login with valid credentials test\")\n    @allure.tag(\"Tagged test\")\n    @pytest.mark.flaky(reruns=1)\n    def test_valid_login(self, json_data: dict):\n>       self.about_page.click_login_link()\n\ntests/login_test.py:41: \n_ _ _ _ _ _ _ _ _ _ _ _ _ _ _ _ _ _ _ _ _ _ _ _ _ _ _ _ _ _ _ _ _ _ _ _ _ _ _ _ \npages/about_page.py:20: in click_login_link\n    self.click(self.LOGIN_LINK)\npages/base_page.py:38: in click\n    el: WebElement = self.wait.until(\n_ _ _ _ _ _ _ _ _ _ _ _ _ _ _ _ _ _ _ _ _ _ _ _ _ _ _ _ _ _ _ _ _ _ _ _ _ _ _ _ \n\nself = <selenium.webdriver.support.wait.WebDriverWait (session=\"6b506310fd860cf5781a99c88a237614\")>\nmethod = <function element_to_be_clickable.<locals>._predicate at 0x7f474878d6c0>\nmessage = ''\n\n    def until(self, method, message: str = \"\"):\n        \"\"\"Calls the method provided with the driver as an argument until the \\\n        return value does not evaluate to ``False``.\n    \n        :param method: callable(WebDriver)\n        :param message: optional message for :exc:`TimeoutException`\n        :returns: the result of the last call to `method`\n        :raises: :exc:`selenium.common.exceptions.TimeoutException` if timeout occurs\n        \"\"\"\n        screen = None\n        stacktrace = None\n    \n        end_time = time.monotonic() + self._timeout\n        while True:\n            try:\n                value = method(self._driver)\n                if value:\n                    return value\n            except self._ignored_exceptions as exc:\n                screen = getattr(exc, \"screen\", None)\n                stacktrace = getattr(exc, \"stacktrace\", None)\n            time.sleep(self._poll)\n            if time.monotonic() > end_time:\n                break\n>       raise TimeoutException(message, screen, stacktrace)\nE       selenium.common.exceptions.TimeoutException: Message: \nE       Stacktrace:\nE       #0 0x55b1451936b3 <unknown>\nE       #1 0x55b144e691e7 <unknown>\nE       #2 0x55b144eb0566 <unknown>\nE       #3 0x55b144eb0651 <unknown>\nE       #4 0x55b144eeda74 <unknown>\nE       #5 0x55b144ed20ed <unknown>\nE       #6 0x55b144eeb322 <unknown>\nE       #7 0x55b144ed1e93 <unknown>\nE       #8 0x55b144ea4934 <unknown>\nE       #9 0x55b144ea571e <unknown>\nE       #10 0x55b145158cb8 <unknown>\nE       #11 0x55b14515cbf0 <unknown>\nE       #12 0x55b14516719c <unknown>\nE       #13 0x55b14515d808 <unknown>\nE       #14 0x55b14512a27f <unknown>\nE       #15 0x55b145181e88 <unknown>\nE       #16 0x55b145182059 <unknown>\nE       #17 0x55b145192843 <unknown>\nE       #18 0x7f5a68294b43 <unknown>\n\n.venv/lib/python3.11/site-packages/selenium/webdriver/support/wait.py:95: TimeoutException","steps":[{"name":"Click Login link","time":{"start":1696468399139,"stop":1696468409571,"duration":10432},"status":"broken","statusMessage":"selenium.common.exceptions.TimeoutException: Message: \nStacktrace:\n#0 0x55b1451936b3 <unknown>\n#1 0x55b144e691e7 <unknown>\n#2 0x55b144eb0566 <unknown>\n#3 0x55b144eb0651 <unknown>\n#4 0x55b144eeda74 <unknown>\n#5 0x55b144ed20ed <unknown>\n#6 0x55b144eeb322 <unknown>\n#7 0x55b144ed1e93 <unknown>\n#8 0x55b144ea4934 <unknown>\n#9 0x55b144ea571e <unknown>\n#10 0x55b145158cb8 <unknown>\n#11 0x55b14515cbf0 <unknown>\n#12 0x55b14516719c <unknown>\n#13 0x55b14515d808 <unknown>\n#14 0x55b14512a27f <unknown>\n#15 0x55b145181e88 <unknown>\n#16 0x55b145182059 <unknown>\n#17 0x55b145192843 <unknown>\n#18 0x7f5a68294b43 <unknown>\n\n","statusTrace":"  File \"/home/runner/work/Selenium-Python-Example/Selenium-Python-Example/.venv/lib/python3.11/site-packages/allure_commons/_allure.py\", line 192, in impl\n    return func(*a, **kw)\n           ^^^^^^^^^^^^^^\n  File \"/home/runner/work/Selenium-Python-Example/Selenium-Python-Example/pages/about_page.py\", line 20, in click_login_link\n    self.click(self.LOGIN_LINK)\n  File \"/home/runner/work/Selenium-Python-Example/Selenium-Python-Example/pages/base_page.py\", line 38, in click\n    el: WebElement = self.wait.until(\n                     ^^^^^^^^^^^^^^^^\n  File \"/home/runner/work/Selenium-Python-Example/Selenium-Python-Example/.venv/lib/python3.11/site-packages/selenium/webdriver/support/wait.py\", line 95, in until\n    raise TimeoutException(message, screen, stacktrace)\n","steps":[],"attachments":[],"parameters":[],"attachmentsCount":0,"hasContent":true,"shouldDisplayMessage":true,"stepsCount":0}],"attachments":[{"uid":"a98811e8a54cd4b2","name":"public ip address","source":"a98811e8a54cd4b2.txt","type":"text/plain","size":14},{"uid":"dde1133103f16c1d","name":"Cookies","source":"dde1133103f16c1d.json","type":"application/json","size":2018},{"uid":"dc8e0b7b78c019dd","name":"Session Storage","source":"dc8e0b7b78c019dd.json","type":"application/json","size":333},{"uid":"b4884b66a35aa2ed","name":"Local Storage","source":"b4884b66a35aa2ed.json","type":"application/json","size":208},{"uid":"b9c5040f8050e409","name":"Console Logs","source":"b9c5040f8050e409.json","type":"application/json","size":2},{"uid":"f37892f25b317f95","name":"Full Page Screenshot","source":"f37892f25b317f95.png","type":"image/png","size":498372},{"uid":"344b85bcd57b324b","name":"URL","source":"344b85bcd57b324b.uri","type":"text/uri-list","size":23},{"uid":"ff3b84fa3c9f4b27","name":"Network Logs","source":"ff3b84fa3c9f4b27.json","type":"application/json","size":23004}],"parameters":[],"attachmentsCount":8,"hasContent":true,"shouldDisplayMessage":true,"stepsCount":1},"afterStages":[],"labels":[{"name":"tag","value":"Tagged test"},{"name":"epic","value":"Security"},{"name":"feature","value":"Login"},{"name":"severity","value":"blocker"},{"name":"tag","value":"flaky(reruns=1)"},{"name":"tag","value":"security"},{"name":"parentSuite","value":"tests"},{"name":"suite","value":"login_test"},{"name":"subSuite","value":"TestLogin"},{"name":"host","value":"fv-az436-997"},{"name":"thread","value":"2190-MainThread"},{"name":"framework","value":"pytest"},{"name":"language","value":"cpython3"},{"name":"package","value":"tests.login_test"},{"name":"resultFormat","value":"allure2"}],"parameters":[],"links":[],"hidden":false,"retry":false,"extra":{"severity":"blocker","retries":[{"uid":"539423581f3d4fd6","status":"broken","statusDetails":"selenium.common.exceptions.TimeoutException: Message: \nStacktrace:\n#0 0x562d7a4316b3 <unknown>\n#1 0x562d7a1071e7 <unknown>\n#2 0x562d7a14e566 <unknown>\n#3 0x562d7a14e651 <unknown>\n#4 0x562d7a18ba74 <unknown>\n#5 0x562d7a1700ed <unknown>\n#6 0x562d7a189322 <unknown>\n#7 0x562d7a16fe93 <unknown>\n#8 0x562d7a142934 <unknown>\n#9 0x562d7a14371e <unknown>\n#10 0x562d7a3f6cb8 <unknown>\n#11 0x562d7a3fabf0 <unknown>\n#12 0x562d7a40519c <unknown>\n#13 0x562d7a3fb808 <unknown>\n#14 0x562d7a3c827f <unknown>\n#15 0x562d7a41fe88 <unknown>\n#16 0x562d7a420059 <unknown>\n#17 0x562d7a430843 <unknown>\n#18 0x7f5037a94b43 <unknown>","time":{"start":1696468385700,"stop":1696468395752,"duration":10052}}],"categories":[{"name":"Test defects","matchedStatuses":[],"flaky":false}],"tags":["security","Tagged test","flaky(reruns=1)"]},"source":"fd108640b2e7d291.json","parameterValues":[]}