{"uid":"28b568bec1f96bdc","name":"Cancel a project deletion","fullName":"tests.test_workspaces.TestWorkspaces#test_cancel_project_deletion","historyId":"73e48f11612b8be9a40ce0a427a468f9","time":{"start":1692407195049,"stop":1692407195049,"duration":0},"description":"Cancel project deletion","descriptionHtml":"<p>Cancel project deletion</p>\n","status":"broken","statusMessage":"selenium.common.exceptions.TimeoutException: Message: \nStacktrace:\n#0 0x5649b9a7b613 <unknown>\n#1 0x5649b97a7537 <unknown>\n#2 0x5649b97e5f53 <unknown>\n#3 0x5649b97e6041 <unknown>\n#4 0x5649b98212a4 <unknown>\n#5 0x5649b9806a5d <unknown>\n#6 0x5649b981ed09 <unknown>\n#7 0x5649b9806803 <unknown>\n#8 0x5649b97da68b <unknown>\n#9 0x5649b97db42e <unknown>\n#10 0x5649b9a3cc28 <unknown>\n#11 0x5649b9a40af7 <unknown>\n#12 0x5649b9a4b01c <unknown>\n#13 0x5649b9a41723 <unknown>\n#14 0x5649b9a10457 <unknown>\n#15 0x5649b9a65628 <unknown>\n#16 0x5649b9a657b7 <unknown>\n#17 0x5649b9a74483 <unknown>\n#18 0x7f00d7327b43 <unknown>","statusTrace":"self = <tests.test_workspaces.TestWorkspaces object at 0x7fd66521c810>\nrequest = <SubRequest 'setup_method_fixture' for <Function test_cancel_project_deletion>>\n\n    @pytest.fixture(autouse=True)\n    def setup_method_fixture(self, request):\n>       login(request, self.about_page, self.login_page)\n\ntests/test_workspaces.py:26: \n_ _ _ _ _ _ _ _ _ _ _ _ _ _ _ _ _ _ _ _ _ _ _ _ _ _ _ _ _ _ _ _ _ _ _ _ _ _ _ _ \ntests/test_workspaces.py:16: in login\n    about_page.click_login_link()\npages/about_page.py:20: in click_login_link\n    self.click(self.LOGIN_LINK)\npages/base_page.py:38: in click\n    el: WebElement = self.wait.until(\n_ _ _ _ _ _ _ _ _ _ _ _ _ _ _ _ _ _ _ _ _ _ _ _ _ _ _ _ _ _ _ _ _ _ _ _ _ _ _ _ \n\nself = <selenium.webdriver.support.wait.WebDriverWait (session=\"b4f0079a99d632620b3f40da39b2ad3d\")>\nmethod = <function element_to_be_clickable.<locals>._predicate at 0x7fd6652725c0>\nmessage = ''\n\n    def until(self, method, message: str = \"\"):\n        \"\"\"Calls the method provided with the driver as an argument until the \\\n        return value does not evaluate to ``False``.\n    \n        :param method: callable(WebDriver)\n        :param message: optional message for :exc:`TimeoutException`\n        :returns: the result of the last call to `method`\n        :raises: :exc:`selenium.common.exceptions.TimeoutException` if timeout occurs\n        \"\"\"\n        screen = None\n        stacktrace = None\n    \n        end_time = time.monotonic() + self._timeout\n        while True:\n            try:\n                value = method(self._driver)\n                if value:\n                    return value\n            except self._ignored_exceptions as exc:\n                screen = getattr(exc, \"screen\", None)\n                stacktrace = getattr(exc, \"stacktrace\", None)\n            time.sleep(self._poll)\n            if time.monotonic() > end_time:\n                break\n>       raise TimeoutException(message, screen, stacktrace)\nE       selenium.common.exceptions.TimeoutException: Message: \nE       Stacktrace:\nE       #0 0x5649b9a7b613 <unknown>\nE       #1 0x5649b97a7537 <unknown>\nE       #2 0x5649b97e5f53 <unknown>\nE       #3 0x5649b97e6041 <unknown>\nE       #4 0x5649b98212a4 <unknown>\nE       #5 0x5649b9806a5d <unknown>\nE       #6 0x5649b981ed09 <unknown>\nE       #7 0x5649b9806803 <unknown>\nE       #8 0x5649b97da68b <unknown>\nE       #9 0x5649b97db42e <unknown>\nE       #10 0x5649b9a3cc28 <unknown>\nE       #11 0x5649b9a40af7 <unknown>\nE       #12 0x5649b9a4b01c <unknown>\nE       #13 0x5649b9a41723 <unknown>\nE       #14 0x5649b9a10457 <unknown>\nE       #15 0x5649b9a65628 <unknown>\nE       #16 0x5649b9a657b7 <unknown>\nE       #17 0x5649b9a74483 <unknown>\nE       #18 0x7f00d7327b43 <unknown>\n\n.venv/lib/python3.11/site-packages/selenium/webdriver/support/wait.py:95: TimeoutException","flaky":false,"newFailed":false,"newBroken":false,"newPassed":false,"retriesCount":0,"retriesStatusChange":false,"beforeStages":[{"name":"base_url","time":{"start":1692407019822,"stop":1692407019822,"duration":0},"status":"passed","steps":[],"attachments":[],"parameters":[],"stepsCount":0,"attachmentsCount":0,"shouldDisplayMessage":false,"hasContent":false},{"name":"_verify_url","time":{"start":1692407019822,"stop":1692407019822,"duration":0},"status":"passed","steps":[],"attachments":[],"parameters":[],"stepsCount":0,"attachmentsCount":0,"shouldDisplayMessage":false,"hasContent":false},{"name":"json_data","time":{"start":1692407019827,"stop":1692407019827,"duration":0},"status":"passed","steps":[],"attachments":[],"parameters":[],"stepsCount":0,"attachmentsCount":0,"shouldDisplayMessage":false,"hasContent":false},{"name":"setup_method_fixture","time":{"start":1692407197877,"stop":1692407208160,"duration":10283},"status":"broken","statusMessage":"selenium.common.exceptions.TimeoutException: Message: \nStacktrace:\n#0 0x5649b9a7b613 <unknown>\n#1 0x5649b97a7537 <unknown>\n#2 0x5649b97e5f53 <unknown>\n#3 0x5649b97e6041 <unknown>\n#4 0x5649b98212a4 <unknown>\n#5 0x5649b9806a5d <unknown>\n#6 0x5649b981ed09 <unknown>\n#7 0x5649b9806803 <unknown>\n#8 0x5649b97da68b <unknown>\n#9 0x5649b97db42e <unknown>\n#10 0x5649b9a3cc28 <unknown>\n#11 0x5649b9a40af7 <unknown>\n#12 0x5649b9a4b01c <unknown>\n#13 0x5649b9a41723 <unknown>\n#14 0x5649b9a10457 <unknown>\n#15 0x5649b9a65628 <unknown>\n#16 0x5649b9a657b7 <unknown>\n#17 0x5649b9a74483 <unknown>\n#18 0x7f00d7327b43 <unknown>\n\n","statusTrace":"  File \"/home/runner/work/Selenium-Python-Example/Selenium-Python-Example/.venv/lib/python3.11/site-packages/pluggy/_callers.py\", line 80, in _multicall\n    res = hook_impl.function(*args)\n          ^^^^^^^^^^^^^^^^^^^^^^^^^\n  File \"/home/runner/work/Selenium-Python-Example/Selenium-Python-Example/.venv/lib/python3.11/site-packages/_pytest/fixtures.py\", line 1123, in pytest_fixture_setup\n    result = call_fixture_func(fixturefunc, request, kwargs)\n             ^^^^^^^^^^^^^^^^^^^^^^^^^^^^^^^^^^^^^^^^^^^^^^^\n  File \"/home/runner/work/Selenium-Python-Example/Selenium-Python-Example/.venv/lib/python3.11/site-packages/_pytest/fixtures.py\", line 902, in call_fixture_func\n    fixture_result = fixturefunc(**kwargs)\n                     ^^^^^^^^^^^^^^^^^^^^^\n  File \"/home/runner/work/Selenium-Python-Example/Selenium-Python-Example/tests/test_workspaces.py\", line 26, in setup_method_fixture\n    login(request, self.about_page, self.login_page)\n  File \"/home/runner/work/Selenium-Python-Example/Selenium-Python-Example/tests/test_workspaces.py\", line 16, in login\n    about_page.click_login_link()\n  File \"/home/runner/work/Selenium-Python-Example/Selenium-Python-Example/.venv/lib/python3.11/site-packages/allure_commons/_allure.py\", line 192, in impl\n    return func(*a, **kw)\n           ^^^^^^^^^^^^^^\n  File \"/home/runner/work/Selenium-Python-Example/Selenium-Python-Example/pages/about_page.py\", line 20, in click_login_link\n    self.click(self.LOGIN_LINK)\n  File \"/home/runner/work/Selenium-Python-Example/Selenium-Python-Example/pages/base_page.py\", line 38, in click\n    el: WebElement = self.wait.until(\n                     ^^^^^^^^^^^^^^^^\n  File \"/home/runner/work/Selenium-Python-Example/Selenium-Python-Example/.venv/lib/python3.11/site-packages/selenium/webdriver/support/wait.py\", line 95, in until\n    raise TimeoutException(message, screen, stacktrace)\n","steps":[{"name":"Click Login link","time":{"start":1692407197877,"stop":1692407208160,"duration":10283},"status":"broken","statusMessage":"selenium.common.exceptions.TimeoutException: Message: \nStacktrace:\n#0 0x5649b9a7b613 <unknown>\n#1 0x5649b97a7537 <unknown>\n#2 0x5649b97e5f53 <unknown>\n#3 0x5649b97e6041 <unknown>\n#4 0x5649b98212a4 <unknown>\n#5 0x5649b9806a5d <unknown>\n#6 0x5649b981ed09 <unknown>\n#7 0x5649b9806803 <unknown>\n#8 0x5649b97da68b <unknown>\n#9 0x5649b97db42e <unknown>\n#10 0x5649b9a3cc28 <unknown>\n#11 0x5649b9a40af7 <unknown>\n#12 0x5649b9a4b01c <unknown>\n#13 0x5649b9a41723 <unknown>\n#14 0x5649b9a10457 <unknown>\n#15 0x5649b9a65628 <unknown>\n#16 0x5649b9a657b7 <unknown>\n#17 0x5649b9a74483 <unknown>\n#18 0x7f00d7327b43 <unknown>\n\n","statusTrace":"  File \"/home/runner/work/Selenium-Python-Example/Selenium-Python-Example/.venv/lib/python3.11/site-packages/allure_commons/_allure.py\", line 192, in impl\n    return func(*a, **kw)\n           ^^^^^^^^^^^^^^\n  File \"/home/runner/work/Selenium-Python-Example/Selenium-Python-Example/pages/about_page.py\", line 20, in click_login_link\n    self.click(self.LOGIN_LINK)\n  File \"/home/runner/work/Selenium-Python-Example/Selenium-Python-Example/pages/base_page.py\", line 38, in click\n    el: WebElement = self.wait.until(\n                     ^^^^^^^^^^^^^^^^\n  File \"/home/runner/work/Selenium-Python-Example/Selenium-Python-Example/.venv/lib/python3.11/site-packages/selenium/webdriver/support/wait.py\", line 95, in until\n    raise TimeoutException(message, screen, stacktrace)\n","steps":[],"attachments":[],"parameters":[],"stepsCount":0,"attachmentsCount":0,"shouldDisplayMessage":true,"hasContent":true}],"attachments":[],"parameters":[],"stepsCount":1,"attachmentsCount":0,"shouldDisplayMessage":false,"hasContent":true}],"testStage":{"description":"Cancel project deletion","status":"broken","statusMessage":"selenium.common.exceptions.TimeoutException: Message: \nStacktrace:\n#0 0x5649b9a7b613 <unknown>\n#1 0x5649b97a7537 <unknown>\n#2 0x5649b97e5f53 <unknown>\n#3 0x5649b97e6041 <unknown>\n#4 0x5649b98212a4 <unknown>\n#5 0x5649b9806a5d <unknown>\n#6 0x5649b981ed09 <unknown>\n#7 0x5649b9806803 <unknown>\n#8 0x5649b97da68b <unknown>\n#9 0x5649b97db42e <unknown>\n#10 0x5649b9a3cc28 <unknown>\n#11 0x5649b9a40af7 <unknown>\n#12 0x5649b9a4b01c <unknown>\n#13 0x5649b9a41723 <unknown>\n#14 0x5649b9a10457 <unknown>\n#15 0x5649b9a65628 <unknown>\n#16 0x5649b9a657b7 <unknown>\n#17 0x5649b9a74483 <unknown>\n#18 0x7f00d7327b43 <unknown>","statusTrace":"self = <tests.test_workspaces.TestWorkspaces object at 0x7fd66521c810>\nrequest = <SubRequest 'setup_method_fixture' for <Function test_cancel_project_deletion>>\n\n    @pytest.fixture(autouse=True)\n    def setup_method_fixture(self, request):\n>       login(request, self.about_page, self.login_page)\n\ntests/test_workspaces.py:26: \n_ _ _ _ _ _ _ _ _ _ _ _ _ _ _ _ _ _ _ _ _ _ _ _ _ _ _ _ _ _ _ _ _ _ _ _ _ _ _ _ \ntests/test_workspaces.py:16: in login\n    about_page.click_login_link()\npages/about_page.py:20: in click_login_link\n    self.click(self.LOGIN_LINK)\npages/base_page.py:38: in click\n    el: WebElement = self.wait.until(\n_ _ _ _ _ _ _ _ _ _ _ _ _ _ _ _ _ _ _ _ _ _ _ _ _ _ _ _ _ _ _ _ _ _ _ _ _ _ _ _ \n\nself = <selenium.webdriver.support.wait.WebDriverWait (session=\"b4f0079a99d632620b3f40da39b2ad3d\")>\nmethod = <function element_to_be_clickable.<locals>._predicate at 0x7fd6652725c0>\nmessage = ''\n\n    def until(self, method, message: str = \"\"):\n        \"\"\"Calls the method provided with the driver as an argument until the \\\n        return value does not evaluate to ``False``.\n    \n        :param method: callable(WebDriver)\n        :param message: optional message for :exc:`TimeoutException`\n        :returns: the result of the last call to `method`\n        :raises: :exc:`selenium.common.exceptions.TimeoutException` if timeout occurs\n        \"\"\"\n        screen = None\n        stacktrace = None\n    \n        end_time = time.monotonic() + self._timeout\n        while True:\n            try:\n                value = method(self._driver)\n                if value:\n                    return value\n            except self._ignored_exceptions as exc:\n                screen = getattr(exc, \"screen\", None)\n                stacktrace = getattr(exc, \"stacktrace\", None)\n            time.sleep(self._poll)\n            if time.monotonic() > end_time:\n                break\n>       raise TimeoutException(message, screen, stacktrace)\nE       selenium.common.exceptions.TimeoutException: Message: \nE       Stacktrace:\nE       #0 0x5649b9a7b613 <unknown>\nE       #1 0x5649b97a7537 <unknown>\nE       #2 0x5649b97e5f53 <unknown>\nE       #3 0x5649b97e6041 <unknown>\nE       #4 0x5649b98212a4 <unknown>\nE       #5 0x5649b9806a5d <unknown>\nE       #6 0x5649b981ed09 <unknown>\nE       #7 0x5649b9806803 <unknown>\nE       #8 0x5649b97da68b <unknown>\nE       #9 0x5649b97db42e <unknown>\nE       #10 0x5649b9a3cc28 <unknown>\nE       #11 0x5649b9a40af7 <unknown>\nE       #12 0x5649b9a4b01c <unknown>\nE       #13 0x5649b9a41723 <unknown>\nE       #14 0x5649b9a10457 <unknown>\nE       #15 0x5649b9a65628 <unknown>\nE       #16 0x5649b9a657b7 <unknown>\nE       #17 0x5649b9a74483 <unknown>\nE       #18 0x7f00d7327b43 <unknown>\n\n.venv/lib/python3.11/site-packages/selenium/webdriver/support/wait.py:95: TimeoutException","steps":[],"attachments":[{"uid":"8a0be7e49fa6e459","name":"public ip address","source":"8a0be7e49fa6e459.txt","type":"text/plain","size":13},{"uid":"1dd27e83b2e5ffe6","name":"Cookies","source":"1dd27e83b2e5ffe6.json","type":"application/json","size":1237},{"uid":"2169c710a4aabe75","name":"Session Storage","source":"2169c710a4aabe75.json","type":"application/json","size":2},{"uid":"50901e8f83189f58","name":"Local Storage","source":"50901e8f83189f58.json","type":"application/json","size":208},{"uid":"490f01c71797cb0f","name":"Console Logs","source":"490f01c71797cb0f.json","type":"application/json","size":4954},{"uid":"4456e9f954e30fee","name":"Full Page Screenshot","source":"4456e9f954e30fee.png","type":"image/png","size":3231993},{"uid":"dc785184fc47c85b","name":"URL","source":"dc785184fc47c85b.uri","type":"text/uri-list","size":23},{"uid":"67d414ca4dbc54bb","name":"Network Logs","source":"67d414ca4dbc54bb.json","type":"application/json","size":28290}],"parameters":[],"stepsCount":0,"attachmentsCount":8,"shouldDisplayMessage":true,"hasContent":true},"afterStages":[],"labels":[{"name":"epic","value":"Workspaces"},{"name":"severity","value":"normal"},{"name":"story","value":"WorkSpaces Creation and Editing Functionality"},{"name":"tag","value":"run(order=8)"},{"name":"parentSuite","value":"tests"},{"name":"suite","value":"test_workspaces"},{"name":"subSuite","value":"TestWorkspaces"},{"name":"host","value":"fv-az206-640"},{"name":"thread","value":"2124-MainThread"},{"name":"framework","value":"pytest"},{"name":"language","value":"cpython3"},{"name":"package","value":"tests.test_workspaces"},{"name":"resultFormat","value":"allure2"}],"parameters":[],"links":[],"hidden":false,"retry":false,"extra":{"severity":"normal","retries":[],"categories":[{"name":"Test defects","matchedStatuses":[],"flaky":false}],"tags":["run(order=8)"]},"source":"28b568bec1f96bdc.json","parameterValues":[]}