{"uid":"bebfb891c09e0164","name":"Create new workspace test","fullName":"tests.test_workspaces.TestWorkspaces#test_create_new_workspace","historyId":"e6e849a753ae10f50b3b38fac5a7fa8e","time":{"start":1688277555261,"stop":1688277555261,"duration":0},"description":"Create new Workspace","descriptionHtml":"<p>Create new Workspace</p>\n","status":"broken","statusMessage":"selenium.common.exceptions.TimeoutException: Message: \nStacktrace:\n#0 0x5618f0dd74e3 <unknown>\n#1 0x5618f0b06c76 <unknown>\n#2 0x5618f0b42c96 <unknown>\n#3 0x5618f0b42dc1 <unknown>\n#4 0x5618f0b7c7f4 <unknown>\n#5 0x5618f0b6203d <unknown>\n#6 0x5618f0b7a30e <unknown>\n#7 0x5618f0b61de3 <unknown>\n#8 0x5618f0b372dd <unknown>\n#9 0x5618f0b3834e <unknown>\n#10 0x5618f0d973e4 <unknown>\n#11 0x5618f0d9b3d7 <unknown>\n#12 0x5618f0da5b20 <unknown>\n#13 0x5618f0d9c023 <unknown>\n#14 0x5618f0d6a1aa <unknown>\n#15 0x5618f0dc06b8 <unknown>\n#16 0x5618f0dc0847 <unknown>\n#17 0x5618f0dd0243 <unknown>\n#18 0x7f4c46c2ab43 <unknown>","statusTrace":"self = <tests.test_workspaces.TestWorkspaces object at 0x7f6dcbedc790>\nrequest = <SubRequest 'setup_method_fixture' for <Function test_create_new_workspace>>\n\n    @pytest.fixture(autouse=True)\n    def setup_method_fixture(self, request):\n>       login(request, self.about_page, self.login_page)\n\ntests/test_workspaces.py:27: \n_ _ _ _ _ _ _ _ _ _ _ _ _ _ _ _ _ _ _ _ _ _ _ _ _ _ _ _ _ _ _ _ _ _ _ _ _ _ _ _ \ntests/test_workspaces.py:16: in login\n    about_page.click_login_link()\npages/about_page.py:19: in click_login_link\n    self.click(self.LOGIN_LINK)\npages/base_page.py:34: in click\n    el: WebElement = self.wait.until(expected_conditions.element_to_be_clickable(locator))\n_ _ _ _ _ _ _ _ _ _ _ _ _ _ _ _ _ _ _ _ _ _ _ _ _ _ _ _ _ _ _ _ _ _ _ _ _ _ _ _ \n\nself = <selenium.webdriver.support.wait.WebDriverWait (session=\"3e257629a679583b83d768e72a308629\")>\nmethod = <function element_to_be_clickable.<locals>._predicate at 0x7f6dcbdd0360>\nmessage = ''\n\n    def until(self, method, message: str = \"\"):\n        \"\"\"Calls the method provided with the driver as an argument until the \\\n        return value does not evaluate to ``False``.\n    \n        :param method: callable(WebDriver)\n        :param message: optional message for :exc:`TimeoutException`\n        :returns: the result of the last call to `method`\n        :raises: :exc:`selenium.common.exceptions.TimeoutException` if timeout occurs\n        \"\"\"\n        screen = None\n        stacktrace = None\n    \n        end_time = time.monotonic() + self._timeout\n        while True:\n            try:\n                value = method(self._driver)\n                if value:\n                    return value\n            except self._ignored_exceptions as exc:\n                screen = getattr(exc, \"screen\", None)\n                stacktrace = getattr(exc, \"stacktrace\", None)\n            time.sleep(self._poll)\n            if time.monotonic() > end_time:\n                break\n>       raise TimeoutException(message, screen, stacktrace)\nE       selenium.common.exceptions.TimeoutException: Message: \nE       Stacktrace:\nE       #0 0x5618f0dd74e3 <unknown>\nE       #1 0x5618f0b06c76 <unknown>\nE       #2 0x5618f0b42c96 <unknown>\nE       #3 0x5618f0b42dc1 <unknown>\nE       #4 0x5618f0b7c7f4 <unknown>\nE       #5 0x5618f0b6203d <unknown>\nE       #6 0x5618f0b7a30e <unknown>\nE       #7 0x5618f0b61de3 <unknown>\nE       #8 0x5618f0b372dd <unknown>\nE       #9 0x5618f0b3834e <unknown>\nE       #10 0x5618f0d973e4 <unknown>\nE       #11 0x5618f0d9b3d7 <unknown>\nE       #12 0x5618f0da5b20 <unknown>\nE       #13 0x5618f0d9c023 <unknown>\nE       #14 0x5618f0d6a1aa <unknown>\nE       #15 0x5618f0dc06b8 <unknown>\nE       #16 0x5618f0dc0847 <unknown>\nE       #17 0x5618f0dd0243 <unknown>\nE       #18 0x7f4c46c2ab43 <unknown>\n\n.venv/lib/python3.11/site-packages/selenium/webdriver/support/wait.py:95: TimeoutException","flaky":false,"newFailed":false,"newBroken":false,"newPassed":false,"retriesCount":0,"retriesStatusChange":false,"beforeStages":[{"name":"json_data","time":{"start":1688277541611,"stop":1688277541611,"duration":0},"status":"passed","steps":[],"attachments":[],"parameters":[],"stepsCount":0,"attachmentsCount":0,"shouldDisplayMessage":false,"hasContent":false},{"name":"setup_method_fixture","time":{"start":1688277557405,"stop":1688277567698,"duration":10293},"status":"broken","statusMessage":"selenium.common.exceptions.TimeoutException: Message: \nStacktrace:\n#0 0x5618f0dd74e3 <unknown>\n#1 0x5618f0b06c76 <unknown>\n#2 0x5618f0b42c96 <unknown>\n#3 0x5618f0b42dc1 <unknown>\n#4 0x5618f0b7c7f4 <unknown>\n#5 0x5618f0b6203d <unknown>\n#6 0x5618f0b7a30e <unknown>\n#7 0x5618f0b61de3 <unknown>\n#8 0x5618f0b372dd <unknown>\n#9 0x5618f0b3834e <unknown>\n#10 0x5618f0d973e4 <unknown>\n#11 0x5618f0d9b3d7 <unknown>\n#12 0x5618f0da5b20 <unknown>\n#13 0x5618f0d9c023 <unknown>\n#14 0x5618f0d6a1aa <unknown>\n#15 0x5618f0dc06b8 <unknown>\n#16 0x5618f0dc0847 <unknown>\n#17 0x5618f0dd0243 <unknown>\n#18 0x7f4c46c2ab43 <unknown>\n\n","statusTrace":"  File \"/home/runner/work/Selenium-Python-Example/Selenium-Python-Example/.venv/lib/python3.11/site-packages/pluggy/_callers.py\", line 39, in _multicall\n    res = hook_impl.function(*args)\n          ^^^^^^^^^^^^^^^^^^^^^^^^^\n  File \"/home/runner/work/Selenium-Python-Example/Selenium-Python-Example/.venv/lib/python3.11/site-packages/_pytest/fixtures.py\", line 1130, in pytest_fixture_setup\n    result = call_fixture_func(fixturefunc, request, kwargs)\n             ^^^^^^^^^^^^^^^^^^^^^^^^^^^^^^^^^^^^^^^^^^^^^^^\n  File \"/home/runner/work/Selenium-Python-Example/Selenium-Python-Example/.venv/lib/python3.11/site-packages/_pytest/fixtures.py\", line 909, in call_fixture_func\n    fixture_result = fixturefunc(**kwargs)\n                     ^^^^^^^^^^^^^^^^^^^^^\n  File \"/home/runner/work/Selenium-Python-Example/Selenium-Python-Example/tests/test_workspaces.py\", line 27, in setup_method_fixture\n    login(request, self.about_page, self.login_page)\n  File \"/home/runner/work/Selenium-Python-Example/Selenium-Python-Example/tests/test_workspaces.py\", line 16, in login\n    about_page.click_login_link()\n  File \"/home/runner/work/Selenium-Python-Example/Selenium-Python-Example/.venv/lib/python3.11/site-packages/allure_commons/_allure.py\", line 192, in impl\n    return func(*a, **kw)\n           ^^^^^^^^^^^^^^\n  File \"/home/runner/work/Selenium-Python-Example/Selenium-Python-Example/pages/about_page.py\", line 19, in click_login_link\n    self.click(self.LOGIN_LINK)\n  File \"/home/runner/work/Selenium-Python-Example/Selenium-Python-Example/pages/base_page.py\", line 34, in click\n    el: WebElement = self.wait.until(expected_conditions.element_to_be_clickable(locator))\n                     ^^^^^^^^^^^^^^^^^^^^^^^^^^^^^^^^^^^^^^^^^^^^^^^^^^^^^^^^^^^^^^^^^^^^^\n  File \"/home/runner/work/Selenium-Python-Example/Selenium-Python-Example/.venv/lib/python3.11/site-packages/selenium/webdriver/support/wait.py\", line 95, in until\n    raise TimeoutException(message, screen, stacktrace)\n","steps":[{"name":"Click Login link","time":{"start":1688277557405,"stop":1688277567697,"duration":10292},"status":"broken","statusMessage":"selenium.common.exceptions.TimeoutException: Message: \nStacktrace:\n#0 0x5618f0dd74e3 <unknown>\n#1 0x5618f0b06c76 <unknown>\n#2 0x5618f0b42c96 <unknown>\n#3 0x5618f0b42dc1 <unknown>\n#4 0x5618f0b7c7f4 <unknown>\n#5 0x5618f0b6203d <unknown>\n#6 0x5618f0b7a30e <unknown>\n#7 0x5618f0b61de3 <unknown>\n#8 0x5618f0b372dd <unknown>\n#9 0x5618f0b3834e <unknown>\n#10 0x5618f0d973e4 <unknown>\n#11 0x5618f0d9b3d7 <unknown>\n#12 0x5618f0da5b20 <unknown>\n#13 0x5618f0d9c023 <unknown>\n#14 0x5618f0d6a1aa <unknown>\n#15 0x5618f0dc06b8 <unknown>\n#16 0x5618f0dc0847 <unknown>\n#17 0x5618f0dd0243 <unknown>\n#18 0x7f4c46c2ab43 <unknown>\n\n","statusTrace":"  File \"/home/runner/work/Selenium-Python-Example/Selenium-Python-Example/.venv/lib/python3.11/site-packages/allure_commons/_allure.py\", line 192, in impl\n    return func(*a, **kw)\n           ^^^^^^^^^^^^^^\n  File \"/home/runner/work/Selenium-Python-Example/Selenium-Python-Example/pages/about_page.py\", line 19, in click_login_link\n    self.click(self.LOGIN_LINK)\n  File \"/home/runner/work/Selenium-Python-Example/Selenium-Python-Example/pages/base_page.py\", line 34, in click\n    el: WebElement = self.wait.until(expected_conditions.element_to_be_clickable(locator))\n                     ^^^^^^^^^^^^^^^^^^^^^^^^^^^^^^^^^^^^^^^^^^^^^^^^^^^^^^^^^^^^^^^^^^^^^\n  File \"/home/runner/work/Selenium-Python-Example/Selenium-Python-Example/.venv/lib/python3.11/site-packages/selenium/webdriver/support/wait.py\", line 95, in until\n    raise TimeoutException(message, screen, stacktrace)\n","steps":[],"attachments":[],"parameters":[],"stepsCount":0,"attachmentsCount":0,"shouldDisplayMessage":true,"hasContent":true}],"attachments":[],"parameters":[],"stepsCount":1,"attachmentsCount":0,"shouldDisplayMessage":false,"hasContent":true}],"testStage":{"description":"Create new Workspace","status":"broken","statusMessage":"selenium.common.exceptions.TimeoutException: Message: \nStacktrace:\n#0 0x5618f0dd74e3 <unknown>\n#1 0x5618f0b06c76 <unknown>\n#2 0x5618f0b42c96 <unknown>\n#3 0x5618f0b42dc1 <unknown>\n#4 0x5618f0b7c7f4 <unknown>\n#5 0x5618f0b6203d <unknown>\n#6 0x5618f0b7a30e <unknown>\n#7 0x5618f0b61de3 <unknown>\n#8 0x5618f0b372dd <unknown>\n#9 0x5618f0b3834e <unknown>\n#10 0x5618f0d973e4 <unknown>\n#11 0x5618f0d9b3d7 <unknown>\n#12 0x5618f0da5b20 <unknown>\n#13 0x5618f0d9c023 <unknown>\n#14 0x5618f0d6a1aa <unknown>\n#15 0x5618f0dc06b8 <unknown>\n#16 0x5618f0dc0847 <unknown>\n#17 0x5618f0dd0243 <unknown>\n#18 0x7f4c46c2ab43 <unknown>","statusTrace":"self = <tests.test_workspaces.TestWorkspaces object at 0x7f6dcbedc790>\nrequest = <SubRequest 'setup_method_fixture' for <Function test_create_new_workspace>>\n\n    @pytest.fixture(autouse=True)\n    def setup_method_fixture(self, request):\n>       login(request, self.about_page, self.login_page)\n\ntests/test_workspaces.py:27: \n_ _ _ _ _ _ _ _ _ _ _ _ _ _ _ _ _ _ _ _ _ _ _ _ _ _ _ _ _ _ _ _ _ _ _ _ _ _ _ _ \ntests/test_workspaces.py:16: in login\n    about_page.click_login_link()\npages/about_page.py:19: in click_login_link\n    self.click(self.LOGIN_LINK)\npages/base_page.py:34: in click\n    el: WebElement = self.wait.until(expected_conditions.element_to_be_clickable(locator))\n_ _ _ _ _ _ _ _ _ _ _ _ _ _ _ _ _ _ _ _ _ _ _ _ _ _ _ _ _ _ _ _ _ _ _ _ _ _ _ _ \n\nself = <selenium.webdriver.support.wait.WebDriverWait (session=\"3e257629a679583b83d768e72a308629\")>\nmethod = <function element_to_be_clickable.<locals>._predicate at 0x7f6dcbdd0360>\nmessage = ''\n\n    def until(self, method, message: str = \"\"):\n        \"\"\"Calls the method provided with the driver as an argument until the \\\n        return value does not evaluate to ``False``.\n    \n        :param method: callable(WebDriver)\n        :param message: optional message for :exc:`TimeoutException`\n        :returns: the result of the last call to `method`\n        :raises: :exc:`selenium.common.exceptions.TimeoutException` if timeout occurs\n        \"\"\"\n        screen = None\n        stacktrace = None\n    \n        end_time = time.monotonic() + self._timeout\n        while True:\n            try:\n                value = method(self._driver)\n                if value:\n                    return value\n            except self._ignored_exceptions as exc:\n                screen = getattr(exc, \"screen\", None)\n                stacktrace = getattr(exc, \"stacktrace\", None)\n            time.sleep(self._poll)\n            if time.monotonic() > end_time:\n                break\n>       raise TimeoutException(message, screen, stacktrace)\nE       selenium.common.exceptions.TimeoutException: Message: \nE       Stacktrace:\nE       #0 0x5618f0dd74e3 <unknown>\nE       #1 0x5618f0b06c76 <unknown>\nE       #2 0x5618f0b42c96 <unknown>\nE       #3 0x5618f0b42dc1 <unknown>\nE       #4 0x5618f0b7c7f4 <unknown>\nE       #5 0x5618f0b6203d <unknown>\nE       #6 0x5618f0b7a30e <unknown>\nE       #7 0x5618f0b61de3 <unknown>\nE       #8 0x5618f0b372dd <unknown>\nE       #9 0x5618f0b3834e <unknown>\nE       #10 0x5618f0d973e4 <unknown>\nE       #11 0x5618f0d9b3d7 <unknown>\nE       #12 0x5618f0da5b20 <unknown>\nE       #13 0x5618f0d9c023 <unknown>\nE       #14 0x5618f0d6a1aa <unknown>\nE       #15 0x5618f0dc06b8 <unknown>\nE       #16 0x5618f0dc0847 <unknown>\nE       #17 0x5618f0dd0243 <unknown>\nE       #18 0x7f4c46c2ab43 <unknown>\n\n.venv/lib/python3.11/site-packages/selenium/webdriver/support/wait.py:95: TimeoutException","steps":[],"attachments":[{"uid":"1de8c7ad9055694c","name":"Full Page Screenshot","source":"1de8c7ad9055694c.png","type":"image/png","size":2693868},{"uid":"aa615bbc93dd1b68","name":"URL","source":"aa615bbc93dd1b68.uri","type":"text/uri-list","size":23},{"uid":"eaaf17b1bf74f098","name":"public ip address","source":"eaaf17b1bf74f098.txt","type":"text/plain","size":12},{"uid":"baadfa9aa0844045","name":"Cookies","source":"baadfa9aa0844045.json","type":"application/json","size":3283},{"uid":"b435bcc665e2f535","name":"Session Storage","source":"b435bcc665e2f535.json","type":"application/json","size":2},{"uid":"3b9c2d69c7eb1514","name":"Local Storage","source":"3b9c2d69c7eb1514.json","type":"application/json","size":208},{"uid":"4c2f2cad1b9789a3","name":"Console Logs","source":"4c2f2cad1b9789a3.json","type":"application/json","size":2},{"uid":"9cb4d06611c87bd8","name":"Network Logs","source":"9cb4d06611c87bd8.json","type":"application/json","size":47521}],"parameters":[],"stepsCount":0,"attachmentsCount":8,"shouldDisplayMessage":true,"hasContent":true},"afterStages":[],"labels":[{"name":"story","value":"WorkSpaces Creation and Editing Functionality"},{"name":"severity","value":"normal"},{"name":"epic","value":"Workspaces"},{"name":"tag","value":"run(order=1)"},{"name":"parentSuite","value":"tests"},{"name":"suite","value":"test_workspaces"},{"name":"subSuite","value":"TestWorkspaces"},{"name":"host","value":"fv-az444-624"},{"name":"thread","value":"2387-MainThread"},{"name":"framework","value":"pytest"},{"name":"language","value":"cpython3"},{"name":"package","value":"tests.test_workspaces"},{"name":"resultFormat","value":"allure2"}],"parameters":[],"links":[],"hidden":false,"retry":false,"extra":{"severity":"normal","retries":[],"categories":[{"name":"Test defects","matchedStatuses":[],"flaky":false}],"tags":["run(order=1)"]},"source":"bebfb891c09e0164.json","parameterValues":[]}