{"uid":"1d262f446fd4d999","name":"Create new workspace test","fullName":"tests.workspaces_test.TestWorkspaces#test_create_new_workspace","historyId":"e1f088bc30a040de4100d958931562b3","time":{"start":1748310666851,"stop":1748310666851,"duration":0},"description":"Create new Workspace","descriptionHtml":"<p>Create new Workspace</p>\n","status":"broken","statusMessage":"FileNotFoundError: [Errno 2] No such file or directory: '/home/runner/work/Selenium-Python-Example/Selenium-Python-Example/src/resources/tests_data.json'","statusTrace":"@fixture(scope=\"session\")\n    def data() -> Data:\n        json_path = Constants.DATA_PATH / \"tests_data.json\"\n>       with open(json_path, encoding=\"utf-8\") as json_file:\nE       FileNotFoundError: [Errno 2] No such file or directory: '/home/runner/work/Selenium-Python-Example/Selenium-Python-Example/src/resources/tests_data.json'\n\ntests/conftest.py:60: FileNotFoundError","flaky":false,"newFailed":false,"newBroken":false,"newPassed":false,"retriesCount":0,"retriesStatusChange":false,"beforeStages":[{"name":"base_url","time":{"start":1748310674111,"stop":1748310674112,"duration":1},"status":"passed","steps":[],"attachments":[],"parameters":[],"shouldDisplayMessage":false,"stepsCount":0,"attachmentsCount":0,"hasContent":false,"attachmentStep":false},{"name":"_verify_url","time":{"start":1748310674112,"stop":1748310674112,"duration":0},"status":"passed","steps":[],"attachments":[],"parameters":[],"shouldDisplayMessage":false,"stepsCount":0,"attachmentsCount":0,"hasContent":false,"attachmentStep":false},{"name":"data","time":{"start":1748310674112,"stop":1748310674112,"duration":0},"status":"broken","statusMessage":"FileNotFoundError: [Errno 2] No such file or directory: '/home/runner/work/Selenium-Python-Example/Selenium-Python-Example/src/resources/tests_data.json'\n","statusTrace":"  File \"/home/runner/work/Selenium-Python-Example/Selenium-Python-Example/.venv/lib/python3.13/site-packages/pluggy/_callers.py\", line 167, in _multicall\n    teardown.throw(outcome._exception)\n    ~~~~~~~~~~~~~~^^^^^^^^^^^^^^^^^^^^\n  File \"/home/runner/work/Selenium-Python-Example/Selenium-Python-Example/.venv/lib/python3.13/site-packages/_pytest/setuponly.py\", line 36, in pytest_fixture_setup\n    return (yield)\n            ^^^^^\n  File \"/home/runner/work/Selenium-Python-Example/Selenium-Python-Example/.venv/lib/python3.13/site-packages/pluggy/_callers.py\", line 103, in _multicall\n    res = hook_impl.function(*args)\n  File \"/home/runner/work/Selenium-Python-Example/Selenium-Python-Example/.venv/lib/python3.13/site-packages/_pytest/fixtures.py\", line 1140, in pytest_fixture_setup\n    result = call_fixture_func(fixturefunc, request, kwargs)\n  File \"/home/runner/work/Selenium-Python-Example/Selenium-Python-Example/.venv/lib/python3.13/site-packages/_pytest/fixtures.py\", line 898, in call_fixture_func\n    fixture_result = fixturefunc(**kwargs)\n  File \"/home/runner/work/Selenium-Python-Example/Selenium-Python-Example/tests/conftest.py\", line 60, in data\n    with open(json_path, encoding=\"utf-8\") as json_file:\n         ~~~~^^^^^^^^^^^^^^^^^^^^^^^^^^^^^\n","steps":[],"attachments":[],"parameters":[],"shouldDisplayMessage":true,"stepsCount":0,"attachmentsCount":0,"hasContent":true,"attachmentStep":false},{"name":"session_request","time":{"start":1748310674112,"stop":1748310674112,"duration":0},"status":"passed","steps":[],"attachments":[],"parameters":[],"shouldDisplayMessage":false,"stepsCount":0,"attachmentsCount":0,"hasContent":false,"attachmentStep":false},{"name":"setup_method_fixture","time":{"start":1748310691214,"stop":1748310701222,"duration":10008},"status":"broken","statusMessage":"selenium.common.exceptions.TimeoutException: Message: \nStacktrace:\n#0 0x5558650ba53a <unknown>\n#1 0x555864bb5f00 <unknown>\n#2 0x555864c05c0c <unknown>\n#3 0x555864c05e31 <unknown>\n#4 0x555864c4bbd4 <unknown>\n#5 0x555864c2a5cd <unknown>\n#6 0x555864c48f84 <unknown>\n#7 0x555864c2a343 <unknown>\n#8 0x555864bf778a <unknown>\n#9 0x555864bf89de <unknown>\n#10 0x5558650842cb <unknown>\n#11 0x555865088242 <unknown>\n#12 0x5558650717ac <unknown>\n#13 0x555865088df7 <unknown>\n#14 0x555865055b2f <unknown>\n#15 0x5558650a91a8 <unknown>\n#16 0x5558650a9370 <unknown>\n#17 0x5558650b93b6 <unknown>\n#18 0x7f8fe6e9caa4 <unknown>\n#19 0x7f8fe6f29c3c <unknown>\n\n","statusTrace":"  File \"/home/runner/work/Selenium-Python-Example/Selenium-Python-Example/.venv/lib/python3.13/site-packages/pluggy/_callers.py\", line 167, in _multicall\n    teardown.throw(outcome._exception)\n    ~~~~~~~~~~~~~~^^^^^^^^^^^^^^^^^^^^\n  File \"/home/runner/work/Selenium-Python-Example/Selenium-Python-Example/.venv/lib/python3.13/site-packages/_pytest/setuponly.py\", line 36, in pytest_fixture_setup\n    return (yield)\n            ^^^^^\n  File \"/home/runner/work/Selenium-Python-Example/Selenium-Python-Example/.venv/lib/python3.13/site-packages/pluggy/_callers.py\", line 103, in _multicall\n    res = hook_impl.function(*args)\n  File \"/home/runner/work/Selenium-Python-Example/Selenium-Python-Example/.venv/lib/python3.13/site-packages/_pytest/fixtures.py\", line 1140, in pytest_fixture_setup\n    result = call_fixture_func(fixturefunc, request, kwargs)\n  File \"/home/runner/work/Selenium-Python-Example/Selenium-Python-Example/.venv/lib/python3.13/site-packages/_pytest/fixtures.py\", line 898, in call_fixture_func\n    fixture_result = fixturefunc(**kwargs)\n  File \"/home/runner/work/Selenium-Python-Example/Selenium-Python-Example/tests/workspaces_test.py\", line 25, in setup_method_fixture\n    login(self.about_page, self.login_page)\n    ~~~~~^^^^^^^^^^^^^^^^^^^^^^^^^^^^^^^^^^\n  File \"/home/runner/work/Selenium-Python-Example/Selenium-Python-Example/tests/workspaces_test.py\", line 15, in login\n    about_page.click_login_link()\n    ~~~~~~~~~~~~~~~~~~~~~~~~~~~^^\n  File \"/home/runner/work/Selenium-Python-Example/Selenium-Python-Example/.venv/lib/python3.13/site-packages/allure_commons/_allure.py\", line 202, in impl\n    return func(*a, **kw)\n  File \"/home/runner/work/Selenium-Python-Example/Selenium-Python-Example/src/pages/about_page.py\", line 18, in click_login_link\n    self.click(self.LOGIN_LINK)\n    ~~~~~~~~~~^^^^^^^^^^^^^^^^^\n  File \"/home/runner/work/Selenium-Python-Example/Selenium-Python-Example/src/pages/base_page.py\", line 59, in click\n    el: WebElement = self.wait.until(expected_conditions.element_to_be_clickable(locator))\n                     ~~~~~~~~~~~~~~~^^^^^^^^^^^^^^^^^^^^^^^^^^^^^^^^^^^^^^^^^^^^^^^^^^^^^^\n  File \"/home/runner/work/Selenium-Python-Example/Selenium-Python-Example/.venv/lib/python3.13/site-packages/selenium/webdriver/support/wait.py\", line 146, in until\n    raise TimeoutException(message, screen, stacktrace)\n","steps":[{"name":"Click Login link","time":{"start":1748310691215,"stop":1748310701221,"duration":10006},"status":"broken","statusMessage":"selenium.common.exceptions.TimeoutException: Message: \nStacktrace:\n#0 0x5558650ba53a <unknown>\n#1 0x555864bb5f00 <unknown>\n#2 0x555864c05c0c <unknown>\n#3 0x555864c05e31 <unknown>\n#4 0x555864c4bbd4 <unknown>\n#5 0x555864c2a5cd <unknown>\n#6 0x555864c48f84 <unknown>\n#7 0x555864c2a343 <unknown>\n#8 0x555864bf778a <unknown>\n#9 0x555864bf89de <unknown>\n#10 0x5558650842cb <unknown>\n#11 0x555865088242 <unknown>\n#12 0x5558650717ac <unknown>\n#13 0x555865088df7 <unknown>\n#14 0x555865055b2f <unknown>\n#15 0x5558650a91a8 <unknown>\n#16 0x5558650a9370 <unknown>\n#17 0x5558650b93b6 <unknown>\n#18 0x7f8fe6e9caa4 <unknown>\n#19 0x7f8fe6f29c3c <unknown>\n\n","statusTrace":"  File \"/home/runner/work/Selenium-Python-Example/Selenium-Python-Example/.venv/lib/python3.13/site-packages/allure_commons/_allure.py\", line 202, in impl\n    return func(*a, **kw)\n  File \"/home/runner/work/Selenium-Python-Example/Selenium-Python-Example/src/pages/about_page.py\", line 18, in click_login_link\n    self.click(self.LOGIN_LINK)\n    ~~~~~~~~~~^^^^^^^^^^^^^^^^^\n  File \"/home/runner/work/Selenium-Python-Example/Selenium-Python-Example/src/pages/base_page.py\", line 59, in click\n    el: WebElement = self.wait.until(expected_conditions.element_to_be_clickable(locator))\n                     ~~~~~~~~~~~~~~~^^^^^^^^^^^^^^^^^^^^^^^^^^^^^^^^^^^^^^^^^^^^^^^^^^^^^^\n  File \"/home/runner/work/Selenium-Python-Example/Selenium-Python-Example/.venv/lib/python3.13/site-packages/selenium/webdriver/support/wait.py\", line 146, in until\n    raise TimeoutException(message, screen, stacktrace)\n","steps":[],"attachments":[],"parameters":[],"shouldDisplayMessage":true,"stepsCount":0,"attachmentsCount":0,"hasContent":true,"attachmentStep":false}],"attachments":[],"parameters":[],"shouldDisplayMessage":false,"stepsCount":1,"attachmentsCount":0,"hasContent":true,"attachmentStep":false}],"testStage":{"description":"Create new Workspace","status":"broken","statusMessage":"FileNotFoundError: [Errno 2] No such file or directory: '/home/runner/work/Selenium-Python-Example/Selenium-Python-Example/src/resources/tests_data.json'","statusTrace":"@fixture(scope=\"session\")\n    def data() -> Data:\n        json_path = Constants.DATA_PATH / \"tests_data.json\"\n>       with open(json_path, encoding=\"utf-8\") as json_file:\nE       FileNotFoundError: [Errno 2] No such file or directory: '/home/runner/work/Selenium-Python-Example/Selenium-Python-Example/src/resources/tests_data.json'\n\ntests/conftest.py:60: FileNotFoundError","steps":[{"name":"public ip address","time":{"start":1748310674291,"stop":1748310674380,"duration":89},"status":"passed","steps":[],"attachments":[{"uid":"2c46177db1332e6","name":"HTTP logs of http://checkip.amazonaws.com/","source":"2c46177db1332e6.txt","type":"text/plain","size":358}],"parameters":[],"shouldDisplayMessage":false,"stepsCount":0,"attachmentsCount":1,"hasContent":true,"attachmentStep":false}],"attachments":[{"uid":"eeb304a54a8be371","name":"Cookies","source":"eeb304a54a8be371.json","type":"application/json","size":4154},{"uid":"f05e79b50b4b70cc","name":"Session Storage","source":"f05e79b50b4b70cc.json","type":"application/json","size":359},{"uid":"5ed6d9714398984a","name":"Local Storage","source":"5ed6d9714398984a.json","type":"application/json","size":548},{"uid":"faa51b90655377c4","name":"Full Page Screenshot","source":"faa51b90655377c4.png","type":"image/png","size":1363892},{"uid":"93009c78399bdafa","name":"URL","source":"93009c78399bdafa.uri","type":"text/uri-list","size":23},{"uid":"c806180435d0d6b1","name":"Network Logs","source":"c806180435d0d6b1.json","type":"application/json","size":48965}],"parameters":[],"shouldDisplayMessage":true,"stepsCount":1,"attachmentsCount":7,"hasContent":true,"attachmentStep":false},"afterStages":[{"name":"session_request::0","time":{"start":1748310738585,"stop":1748310738585,"duration":0},"status":"passed","steps":[],"attachments":[],"parameters":[],"shouldDisplayMessage":false,"stepsCount":0,"attachmentsCount":0,"hasContent":false,"attachmentStep":false}],"labels":[{"name":"epic","value":"Workspaces"},{"name":"severity","value":"normal"},{"name":"story","value":"WorkSpaces Creation and Editing Functionality"},{"name":"tag","value":"run(order=1)"},{"name":"parentSuite","value":"tests"},{"name":"suite","value":"workspaces_test"},{"name":"subSuite","value":"TestWorkspaces"},{"name":"host","value":"fv-az1316-325"},{"name":"thread","value":"2073-MainThread"},{"name":"framework","value":"pytest"},{"name":"language","value":"cpython3"},{"name":"package","value":"tests.workspaces_test"},{"name":"resultFormat","value":"allure2"}],"parameters":[],"links":[],"hidden":false,"retry":false,"extra":{"severity":"normal","retries":[],"categories":[{"name":"Test defects","matchedStatuses":[],"flaky":false}],"history":{"statistic":{"failed":0,"broken":18,"skipped":0,"passed":0,"unknown":0,"total":18},"items":[{"uid":"99cf3f49d826b823","reportUrl":"https://nirtal85.github.io/Selenium-Python-Example/665//#testresult/99cf3f49d826b823","status":"broken","statusDetails":"FileNotFoundError: [Errno 2] No such file or directory: '/home/runner/work/Selenium-Python-Example/Selenium-Python-Example/src/resources/tests_data.json'","time":{"start":1748224536006,"stop":1748224536006,"duration":0}},{"uid":"c23e5c5048799f37","reportUrl":"https://nirtal85.github.io/Selenium-Python-Example/664//#testresult/c23e5c5048799f37","status":"broken","statusDetails":"FileNotFoundError: [Errno 2] No such file or directory: '/home/runner/work/Selenium-Python-Example/Selenium-Python-Example/src/resources/tests_data.json'","time":{"start":1748138445548,"stop":1748138445548,"duration":0}},{"uid":"47bddf22f272ef9f","reportUrl":"https://nirtal85.github.io/Selenium-Python-Example/663//#testresult/47bddf22f272ef9f","status":"broken","statusDetails":"FileNotFoundError: [Errno 2] No such file or directory: '/home/runner/work/Selenium-Python-Example/Selenium-Python-Example/src/resources/tests_data.json'","time":{"start":1748051281235,"stop":1748051281235,"duration":0}},{"uid":"33a50a2471b0cb7c","reportUrl":"https://nirtal85.github.io/Selenium-Python-Example/662//#testresult/33a50a2471b0cb7c","status":"broken","statusDetails":"FileNotFoundError: [Errno 2] No such file or directory: '/home/runner/work/Selenium-Python-Example/Selenium-Python-Example/src/resources/tests_data.json'","time":{"start":1747965122334,"stop":1747965122334,"duration":0}},{"uid":"8c6b514228181a09","reportUrl":"https://nirtal85.github.io/Selenium-Python-Example/661//#testresult/8c6b514228181a09","status":"broken","statusDetails":"FileNotFoundError: [Errno 2] No such file or directory: '/home/runner/work/Selenium-Python-Example/Selenium-Python-Example/src/resources/tests_data.json'","time":{"start":1747878724726,"stop":1747878724726,"duration":0}},{"uid":"e44e556b9f704a6f","reportUrl":"https://nirtal85.github.io/Selenium-Python-Example/660//#testresult/e44e556b9f704a6f","status":"broken","statusDetails":"FileNotFoundError: [Errno 2] No such file or directory: '/home/runner/work/Selenium-Python-Example/Selenium-Python-Example/src/resources/tests_data.json'","time":{"start":1747792364791,"stop":1747792364791,"duration":0}},{"uid":"27e96328ec1ace5d","reportUrl":"https://nirtal85.github.io/Selenium-Python-Example/659//#testresult/27e96328ec1ace5d","status":"broken","statusDetails":"FileNotFoundError: [Errno 2] No such file or directory: '/home/runner/work/Selenium-Python-Example/Selenium-Python-Example/src/resources/tests_data.json'","time":{"start":1747705990762,"stop":1747705990762,"duration":0}},{"uid":"41e529a63de52b47","reportUrl":"https://nirtal85.github.io/Selenium-Python-Example/658//#testresult/41e529a63de52b47","status":"broken","statusDetails":"FileNotFoundError: [Errno 2] No such file or directory: '/home/runner/work/Selenium-Python-Example/Selenium-Python-Example/src/resources/tests_data.json'","time":{"start":1747619825348,"stop":1747619825348,"duration":0}},{"uid":"758bbaf9434956df","reportUrl":"https://nirtal85.github.io/Selenium-Python-Example/657//#testresult/758bbaf9434956df","status":"broken","statusDetails":"FileNotFoundError: [Errno 2] No such file or directory: '/home/runner/work/Selenium-Python-Example/Selenium-Python-Example/src/resources/tests_data.json'","time":{"start":1747533482444,"stop":1747533482444,"duration":0}},{"uid":"3b45a9ba428455c8","reportUrl":"https://nirtal85.github.io/Selenium-Python-Example/656//#testresult/3b45a9ba428455c8","status":"broken","statusDetails":"FileNotFoundError: [Errno 2] No such file or directory: '/home/runner/work/Selenium-Python-Example/Selenium-Python-Example/src/resources/tests_data.json'","time":{"start":1747446546718,"stop":1747446546718,"duration":0}},{"uid":"761bab47d8e67dfe","reportUrl":"https://nirtal85.github.io/Selenium-Python-Example/655//#testresult/761bab47d8e67dfe","status":"broken","statusDetails":"FileNotFoundError: [Errno 2] No such file or directory: '/home/runner/work/Selenium-Python-Example/Selenium-Python-Example/src/resources/tests_data.json'","time":{"start":1747360362747,"stop":1747360362747,"duration":0}},{"uid":"3fcd8530ba0f528b","reportUrl":"https://nirtal85.github.io/Selenium-Python-Example/654//#testresult/3fcd8530ba0f528b","status":"broken","statusDetails":"FileNotFoundError: [Errno 2] No such file or directory: '/home/runner/work/Selenium-Python-Example/Selenium-Python-Example/src/resources/tests_data.json'","time":{"start":1747273760832,"stop":1747273760832,"duration":0}},{"uid":"880aa146ace43d36","reportUrl":"https://nirtal85.github.io/Selenium-Python-Example/653//#testresult/880aa146ace43d36","status":"broken","statusDetails":"FileNotFoundError: [Errno 2] No such file or directory: '/home/runner/work/Selenium-Python-Example/Selenium-Python-Example/src/resources/tests_data.json'","time":{"start":1747187471405,"stop":1747187471405,"duration":0}},{"uid":"47eddc2cf24b646","reportUrl":"https://nirtal85.github.io/Selenium-Python-Example/652//#testresult/47eddc2cf24b646","status":"broken","statusDetails":"FileNotFoundError: [Errno 2] No such file or directory: '/home/runner/work/Selenium-Python-Example/Selenium-Python-Example/src/resources/tests_data.json'","time":{"start":1747101145754,"stop":1747101145754,"duration":0}},{"uid":"7940815ff1a77d34","reportUrl":"https://nirtal85.github.io/Selenium-Python-Example/651//#testresult/7940815ff1a77d34","status":"broken","statusDetails":"FileNotFoundError: [Errno 2] No such file or directory: '/home/runner/work/Selenium-Python-Example/Selenium-Python-Example/src/resources/tests_data.json'","time":{"start":1747014898961,"stop":1747014898961,"duration":0}},{"uid":"a76385c0a7018ac8","reportUrl":"https://nirtal85.github.io/Selenium-Python-Example/650//#testresult/a76385c0a7018ac8","status":"broken","statusDetails":"FileNotFoundError: [Errno 2] No such file or directory: '/home/runner/work/Selenium-Python-Example/Selenium-Python-Example/src/resources/tests_data.json'","time":{"start":1746928595854,"stop":1746928595854,"duration":0}},{"uid":"70e3b40b16e58228","reportUrl":"https://nirtal85.github.io/Selenium-Python-Example/649//#testresult/70e3b40b16e58228","status":"broken","statusDetails":"FileNotFoundError: [Errno 2] No such file or directory: '/home/runner/work/Selenium-Python-Example/Selenium-Python-Example/src/resources/tests_data.json'","time":{"start":1746841582976,"stop":1746841582976,"duration":0}}]},"tags":["run(order=1)"]},"source":"1d262f446fd4d999.json","parameterValues":[]}