{"uid":"569774c736b0841e","name":"Login with valid credentials test","fullName":"tests.test_login.TestLogin#test_valid_login","historyId":"38ab8f45abf666d426f8eaf42b1feac7","time":{"start":1682763785336,"stop":1682763795531,"duration":10195},"description":"valid login","descriptionHtml":"<p>valid login</p>\n","status":"broken","statusMessage":"selenium.common.exceptions.TimeoutException: Message: \nStacktrace:\n#0 0x55a25c456fe3 <unknown>\n#1 0x55a25c195d36 <unknown>\n#2 0x55a25c1d2c4d <unknown>\n#3 0x55a25c1d2d61 <unknown>\n#4 0x55a25c20e6a4 <unknown>\n#5 0x55a25c1f38ed <unknown>\n#6 0x55a25c20c232 <unknown>\n#7 0x55a25c1f3693 <unknown>\n#8 0x55a25c1c603a <unknown>\n#9 0x55a25c1c717e <unknown>\n#10 0x55a25c418dbd <unknown>\n#11 0x55a25c41cc6c <unknown>\n#12 0x55a25c4264b0 <unknown>\n#13 0x55a25c41dd63 <unknown>\n#14 0x55a25c3f0c35 <unknown>\n#15 0x55a25c441138 <unknown>\n#16 0x55a25c4412c7 <unknown>\n#17 0x55a25c44f093 <unknown>\n#18 0x7febf707bb43 <unknown>","statusTrace":"self = <tests.test_login.TestLogin object at 0x7ff3e9e83220>\njson_reader = <utils.json_parser.JsonParser object at 0x7ff3e9f123e0>\nini_reader = <utils.config_parser.ConfigParserIni object at 0x7ff3e9caf1c0>\n\n    @allure.description(\"valid login\")\n    @allure.title(\"Login with valid credentials test\")\n    @pytest.mark.run(order=1)\n    def test_valid_login(self, json_reader, ini_reader):\n        username = ini_reader.config_section_dict(\"Base Url\")[\"username\"]\n        password = ini_reader.config_section_dict(\"Base Url\")[\"password\"]\n>       self.about_page.click_login_link()\n\ntests/test_login.py:35: \n_ _ _ _ _ _ _ _ _ _ _ _ _ _ _ _ _ _ _ _ _ _ _ _ _ _ _ _ _ _ _ _ _ _ _ _ _ _ _ _ \npages/about_page.py:19: in click_login_link\n    self.click(self.LOGIN_LINK)\npages/base_page.py:21: in click\n    el: WebElement = self._wait.until(expected_conditions.element_to_be_clickable(locator))\n_ _ _ _ _ _ _ _ _ _ _ _ _ _ _ _ _ _ _ _ _ _ _ _ _ _ _ _ _ _ _ _ _ _ _ _ _ _ _ _ \n\nself = <selenium.webdriver.support.wait.WebDriverWait (session=\"d77ad148f66f1d7e2e2e8a5c45df3496\")>\nmethod = <function element_to_be_clickable.<locals>._predicate at 0x7ff3e9da6cb0>\nmessage = ''\n\n    def until(self, method, message: str = \"\"):\n        \"\"\"Calls the method provided with the driver as an argument until the \\\n        return value does not evaluate to ``False``.\n    \n        :param method: callable(WebDriver)\n        :param message: optional message for :exc:`TimeoutException`\n        :returns: the result of the last call to `method`\n        :raises: :exc:`selenium.common.exceptions.TimeoutException` if timeout occurs\n        \"\"\"\n        screen = None\n        stacktrace = None\n    \n        end_time = time.monotonic() + self._timeout\n        while True:\n            try:\n                value = method(self._driver)\n                if value:\n                    return value\n            except self._ignored_exceptions as exc:\n                screen = getattr(exc, \"screen\", None)\n                stacktrace = getattr(exc, \"stacktrace\", None)\n            time.sleep(self._poll)\n            if time.monotonic() > end_time:\n                break\n>       raise TimeoutException(message, screen, stacktrace)\nE       selenium.common.exceptions.TimeoutException: Message: \nE       Stacktrace:\nE       #0 0x55a25c456fe3 <unknown>\nE       #1 0x55a25c195d36 <unknown>\nE       #2 0x55a25c1d2c4d <unknown>\nE       #3 0x55a25c1d2d61 <unknown>\nE       #4 0x55a25c20e6a4 <unknown>\nE       #5 0x55a25c1f38ed <unknown>\nE       #6 0x55a25c20c232 <unknown>\nE       #7 0x55a25c1f3693 <unknown>\nE       #8 0x55a25c1c603a <unknown>\nE       #9 0x55a25c1c717e <unknown>\nE       #10 0x55a25c418dbd <unknown>\nE       #11 0x55a25c41cc6c <unknown>\nE       #12 0x55a25c4264b0 <unknown>\nE       #13 0x55a25c41dd63 <unknown>\nE       #14 0x55a25c3f0c35 <unknown>\nE       #15 0x55a25c441138 <unknown>\nE       #16 0x55a25c4412c7 <unknown>\nE       #17 0x55a25c44f093 <unknown>\nE       #18 0x7febf707bb43 <unknown>\n\n/opt/hostedtoolcache/Python/3.10.11/x64/lib/python3.10/site-packages/selenium/webdriver/support/wait.py:95: TimeoutException","flaky":false,"newFailed":false,"newBroken":false,"newPassed":false,"retriesCount":0,"retriesStatusChange":false,"beforeStages":[{"name":"json_reader","time":{"start":1682763772730,"stop":1682763772731,"duration":1},"status":"passed","steps":[],"attachments":[],"parameters":[],"stepsCount":0,"attachmentsCount":0,"shouldDisplayMessage":false,"hasContent":false},{"name":"create_driver","time":{"start":1682763772732,"stop":1682763785335,"duration":12603},"status":"passed","steps":[],"attachments":[],"parameters":[],"stepsCount":0,"attachmentsCount":0,"shouldDisplayMessage":false,"hasContent":false},{"name":"ini_reader","time":{"start":1682763772732,"stop":1682763772732,"duration":0},"status":"passed","steps":[],"attachments":[],"parameters":[],"stepsCount":0,"attachmentsCount":0,"shouldDisplayMessage":false,"hasContent":false}],"testStage":{"description":"valid login","status":"broken","statusMessage":"selenium.common.exceptions.TimeoutException: Message: \nStacktrace:\n#0 0x55a25c456fe3 <unknown>\n#1 0x55a25c195d36 <unknown>\n#2 0x55a25c1d2c4d <unknown>\n#3 0x55a25c1d2d61 <unknown>\n#4 0x55a25c20e6a4 <unknown>\n#5 0x55a25c1f38ed <unknown>\n#6 0x55a25c20c232 <unknown>\n#7 0x55a25c1f3693 <unknown>\n#8 0x55a25c1c603a <unknown>\n#9 0x55a25c1c717e <unknown>\n#10 0x55a25c418dbd <unknown>\n#11 0x55a25c41cc6c <unknown>\n#12 0x55a25c4264b0 <unknown>\n#13 0x55a25c41dd63 <unknown>\n#14 0x55a25c3f0c35 <unknown>\n#15 0x55a25c441138 <unknown>\n#16 0x55a25c4412c7 <unknown>\n#17 0x55a25c44f093 <unknown>\n#18 0x7febf707bb43 <unknown>","statusTrace":"self = <tests.test_login.TestLogin object at 0x7ff3e9e83220>\njson_reader = <utils.json_parser.JsonParser object at 0x7ff3e9f123e0>\nini_reader = <utils.config_parser.ConfigParserIni object at 0x7ff3e9caf1c0>\n\n    @allure.description(\"valid login\")\n    @allure.title(\"Login with valid credentials test\")\n    @pytest.mark.run(order=1)\n    def test_valid_login(self, json_reader, ini_reader):\n        username = ini_reader.config_section_dict(\"Base Url\")[\"username\"]\n        password = ini_reader.config_section_dict(\"Base Url\")[\"password\"]\n>       self.about_page.click_login_link()\n\ntests/test_login.py:35: \n_ _ _ _ _ _ _ _ _ _ _ _ _ _ _ _ _ _ _ _ _ _ _ _ _ _ _ _ _ _ _ _ _ _ _ _ _ _ _ _ \npages/about_page.py:19: in click_login_link\n    self.click(self.LOGIN_LINK)\npages/base_page.py:21: in click\n    el: WebElement = self._wait.until(expected_conditions.element_to_be_clickable(locator))\n_ _ _ _ _ _ _ _ _ _ _ _ _ _ _ _ _ _ _ _ _ _ _ _ _ _ _ _ _ _ _ _ _ _ _ _ _ _ _ _ \n\nself = <selenium.webdriver.support.wait.WebDriverWait (session=\"d77ad148f66f1d7e2e2e8a5c45df3496\")>\nmethod = <function element_to_be_clickable.<locals>._predicate at 0x7ff3e9da6cb0>\nmessage = ''\n\n    def until(self, method, message: str = \"\"):\n        \"\"\"Calls the method provided with the driver as an argument until the \\\n        return value does not evaluate to ``False``.\n    \n        :param method: callable(WebDriver)\n        :param message: optional message for :exc:`TimeoutException`\n        :returns: the result of the last call to `method`\n        :raises: :exc:`selenium.common.exceptions.TimeoutException` if timeout occurs\n        \"\"\"\n        screen = None\n        stacktrace = None\n    \n        end_time = time.monotonic() + self._timeout\n        while True:\n            try:\n                value = method(self._driver)\n                if value:\n                    return value\n            except self._ignored_exceptions as exc:\n                screen = getattr(exc, \"screen\", None)\n                stacktrace = getattr(exc, \"stacktrace\", None)\n            time.sleep(self._poll)\n            if time.monotonic() > end_time:\n                break\n>       raise TimeoutException(message, screen, stacktrace)\nE       selenium.common.exceptions.TimeoutException: Message: \nE       Stacktrace:\nE       #0 0x55a25c456fe3 <unknown>\nE       #1 0x55a25c195d36 <unknown>\nE       #2 0x55a25c1d2c4d <unknown>\nE       #3 0x55a25c1d2d61 <unknown>\nE       #4 0x55a25c20e6a4 <unknown>\nE       #5 0x55a25c1f38ed <unknown>\nE       #6 0x55a25c20c232 <unknown>\nE       #7 0x55a25c1f3693 <unknown>\nE       #8 0x55a25c1c603a <unknown>\nE       #9 0x55a25c1c717e <unknown>\nE       #10 0x55a25c418dbd <unknown>\nE       #11 0x55a25c41cc6c <unknown>\nE       #12 0x55a25c4264b0 <unknown>\nE       #13 0x55a25c41dd63 <unknown>\nE       #14 0x55a25c3f0c35 <unknown>\nE       #15 0x55a25c441138 <unknown>\nE       #16 0x55a25c4412c7 <unknown>\nE       #17 0x55a25c44f093 <unknown>\nE       #18 0x7febf707bb43 <unknown>\n\n/opt/hostedtoolcache/Python/3.10.11/x64/lib/python3.10/site-packages/selenium/webdriver/support/wait.py:95: TimeoutException","steps":[{"name":"Click Login link","time":{"start":1682763785336,"stop":1682763795530,"duration":10194},"status":"broken","statusMessage":"selenium.common.exceptions.TimeoutException: Message: \nStacktrace:\n#0 0x55a25c456fe3 <unknown>\n#1 0x55a25c195d36 <unknown>\n#2 0x55a25c1d2c4d <unknown>\n#3 0x55a25c1d2d61 <unknown>\n#4 0x55a25c20e6a4 <unknown>\n#5 0x55a25c1f38ed <unknown>\n#6 0x55a25c20c232 <unknown>\n#7 0x55a25c1f3693 <unknown>\n#8 0x55a25c1c603a <unknown>\n#9 0x55a25c1c717e <unknown>\n#10 0x55a25c418dbd <unknown>\n#11 0x55a25c41cc6c <unknown>\n#12 0x55a25c4264b0 <unknown>\n#13 0x55a25c41dd63 <unknown>\n#14 0x55a25c3f0c35 <unknown>\n#15 0x55a25c441138 <unknown>\n#16 0x55a25c4412c7 <unknown>\n#17 0x55a25c44f093 <unknown>\n#18 0x7febf707bb43 <unknown>\n\n","statusTrace":"  File \"/opt/hostedtoolcache/Python/3.10.11/x64/lib/python3.10/site-packages/allure_commons/_allure.py\", line 192, in impl\n    return func(*a, **kw)\n  File \"/home/runner/work/Selenium-Python-Example/Selenium-Python-Example/pages/about_page.py\", line 19, in click_login_link\n    self.click(self.LOGIN_LINK)\n  File \"/home/runner/work/Selenium-Python-Example/Selenium-Python-Example/pages/base_page.py\", line 21, in click\n    el: WebElement = self._wait.until(expected_conditions.element_to_be_clickable(locator))\n  File \"/opt/hostedtoolcache/Python/3.10.11/x64/lib/python3.10/site-packages/selenium/webdriver/support/wait.py\", line 95, in until\n    raise TimeoutException(message, screen, stacktrace)\n","steps":[],"attachments":[],"parameters":[],"stepsCount":0,"attachmentsCount":0,"shouldDisplayMessage":true,"hasContent":true}],"attachments":[{"uid":"3cd3663a2d4735e4","name":"Full Page Screenshot","source":"3cd3663a2d4735e4.png","type":"image/png","size":2646979},{"uid":"29c4ccedb26fd1ac","name":"URL","source":"29c4ccedb26fd1ac.uri","type":"text/uri-list","size":23},{"uid":"e9eddd4e74171449","name":"public ip address","source":"e9eddd4e74171449.txt","type":"text/plain","size":15},{"uid":"67abf68a40d9a073","name":"Cookies","source":"67abf68a40d9a073.json","type":"application/json","size":3528},{"uid":"a8fc57aa2611471e","name":"Session Storage","source":"a8fc57aa2611471e.json","type":"application/json","size":2},{"uid":"8b583159a16c519c","name":"Local Storage","source":"8b583159a16c519c.json","type":"application/json","size":1400},{"uid":"e1aa58fce5d73ce8","name":"Console Logs","source":"e1aa58fce5d73ce8.json","type":"application/json","size":5314},{"uid":"7685c4fdd6e6379e","name":"Network Logs","source":"7685c4fdd6e6379e.json","type":"application/json","size":84991}],"parameters":[],"stepsCount":1,"attachmentsCount":8,"shouldDisplayMessage":true,"hasContent":true},"afterStages":[{"name":"create_driver::0","time":{"start":1682763797817,"stop":1682763797893,"duration":76},"status":"passed","steps":[],"attachments":[],"parameters":[],"stepsCount":0,"attachmentsCount":0,"shouldDisplayMessage":false,"hasContent":false}],"labels":[{"name":"epic","value":"Security"},{"name":"severity","value":"blocker"},{"name":"feature","value":"Login"},{"name":"tag","value":"run(order=1)"},{"name":"tag","value":"security"},{"name":"parentSuite","value":"tests"},{"name":"suite","value":"test_login"},{"name":"subSuite","value":"TestLogin"},{"name":"host","value":"fv-az404-880"},{"name":"thread","value":"2193-MainThread"},{"name":"framework","value":"pytest"},{"name":"language","value":"cpython3"},{"name":"package","value":"tests.test_login"},{"name":"resultFormat","value":"allure2"}],"parameters":[],"links":[],"hidden":false,"retry":false,"extra":{"severity":"blocker","retries":[],"categories":[{"name":"Test defects","matchedStatuses":[],"flaky":false}],"tags":["security","run(order=1)"]},"source":"569774c736b0841e.json","parameterValues":[]}