{"uid":"c57e2a37576023a2","name":"Rename an existing workspace test","fullName":"tests.test_workspaces.TestWorkspaces#test_rename_workspace","historyId":"525efb9c00e35c910eb0cf0b7189aa93","time":{"start":1682763828544,"stop":1682763828544,"duration":0},"description":"Rename an existing workspace","descriptionHtml":"<p>Rename an existing workspace</p>\n","status":"broken","statusMessage":"selenium.common.exceptions.TimeoutException: Message: \nStacktrace:\n#0 0x5583edaa0fe3 <unknown>\n#1 0x5583ed7dfd36 <unknown>\n#2 0x5583ed81cc4d <unknown>\n#3 0x5583ed81cd61 <unknown>\n#4 0x5583ed8586a4 <unknown>\n#5 0x5583ed83d8ed <unknown>\n#6 0x5583ed856232 <unknown>\n#7 0x5583ed83d693 <unknown>\n#8 0x5583ed81003a <unknown>\n#9 0x5583ed81117e <unknown>\n#10 0x5583eda62dbd <unknown>\n#11 0x5583eda66c6c <unknown>\n#12 0x5583eda704b0 <unknown>\n#13 0x5583eda67d63 <unknown>\n#14 0x5583eda3ac35 <unknown>\n#15 0x5583eda8b138 <unknown>\n#16 0x5583eda8b2c7 <unknown>\n#17 0x5583eda99093 <unknown>\n#18 0x7f5da693ab43 <unknown>","statusTrace":"self = <tests.test_workspaces.TestWorkspaces object at 0x7ff3e9cad8d0>\nini_reader = <utils.config_parser.ConfigParserIni object at 0x7ff3e9caf1c0>\n\n    @pytest.fixture(autouse=True)\n    def setup_method_fixture(self, ini_reader):\n>       login(ini_reader, self.about_page, self.login_page)\n\ntests/test_workspaces.py:27: \n_ _ _ _ _ _ _ _ _ _ _ _ _ _ _ _ _ _ _ _ _ _ _ _ _ _ _ _ _ _ _ _ _ _ _ _ _ _ _ _ \ntests/test_workspaces.py:16: in login\n    about_page.click_login_link()\npages/about_page.py:19: in click_login_link\n    self.click(self.LOGIN_LINK)\npages/base_page.py:21: in click\n    el: WebElement = self._wait.until(expected_conditions.element_to_be_clickable(locator))\n_ _ _ _ _ _ _ _ _ _ _ _ _ _ _ _ _ _ _ _ _ _ _ _ _ _ _ _ _ _ _ _ _ _ _ _ _ _ _ _ \n\nself = <selenium.webdriver.support.wait.WebDriverWait (session=\"9abac493d11e8d9807af94d48e7348f1\")>\nmethod = <function element_to_be_clickable.<locals>._predicate at 0x7ff3e9d0b250>\nmessage = ''\n\n    def until(self, method, message: str = \"\"):\n        \"\"\"Calls the method provided with the driver as an argument until the \\\n        return value does not evaluate to ``False``.\n    \n        :param method: callable(WebDriver)\n        :param message: optional message for :exc:`TimeoutException`\n        :returns: the result of the last call to `method`\n        :raises: :exc:`selenium.common.exceptions.TimeoutException` if timeout occurs\n        \"\"\"\n        screen = None\n        stacktrace = None\n    \n        end_time = time.monotonic() + self._timeout\n        while True:\n            try:\n                value = method(self._driver)\n                if value:\n                    return value\n            except self._ignored_exceptions as exc:\n                screen = getattr(exc, \"screen\", None)\n                stacktrace = getattr(exc, \"stacktrace\", None)\n            time.sleep(self._poll)\n            if time.monotonic() > end_time:\n                break\n>       raise TimeoutException(message, screen, stacktrace)\nE       selenium.common.exceptions.TimeoutException: Message: \nE       Stacktrace:\nE       #0 0x5583edaa0fe3 <unknown>\nE       #1 0x5583ed7dfd36 <unknown>\nE       #2 0x5583ed81cc4d <unknown>\nE       #3 0x5583ed81cd61 <unknown>\nE       #4 0x5583ed8586a4 <unknown>\nE       #5 0x5583ed83d8ed <unknown>\nE       #6 0x5583ed856232 <unknown>\nE       #7 0x5583ed83d693 <unknown>\nE       #8 0x5583ed81003a <unknown>\nE       #9 0x5583ed81117e <unknown>\nE       #10 0x5583eda62dbd <unknown>\nE       #11 0x5583eda66c6c <unknown>\nE       #12 0x5583eda704b0 <unknown>\nE       #13 0x5583eda67d63 <unknown>\nE       #14 0x5583eda3ac35 <unknown>\nE       #15 0x5583eda8b138 <unknown>\nE       #16 0x5583eda8b2c7 <unknown>\nE       #17 0x5583eda99093 <unknown>\nE       #18 0x7f5da693ab43 <unknown>\n\n/opt/hostedtoolcache/Python/3.10.11/x64/lib/python3.10/site-packages/selenium/webdriver/support/wait.py:95: TimeoutException","flaky":false,"newFailed":false,"newBroken":false,"newPassed":false,"retriesCount":0,"retriesStatusChange":false,"beforeStages":[{"name":"json_reader","time":{"start":1682763772730,"stop":1682763772731,"duration":1},"status":"passed","steps":[],"attachments":[],"parameters":[],"stepsCount":0,"attachmentsCount":0,"shouldDisplayMessage":false,"hasContent":false},{"name":"ini_reader","time":{"start":1682763772732,"stop":1682763772732,"duration":0},"status":"passed","steps":[],"attachments":[],"parameters":[],"stepsCount":0,"attachmentsCount":0,"shouldDisplayMessage":false,"hasContent":false},{"name":"create_driver","time":{"start":1682763828544,"stop":1682763831283,"duration":2739},"status":"passed","steps":[],"attachments":[],"parameters":[],"stepsCount":0,"attachmentsCount":0,"shouldDisplayMessage":false,"hasContent":false},{"name":"setup_method_fixture","time":{"start":1682763831283,"stop":1682763841485,"duration":10202},"status":"broken","statusMessage":"selenium.common.exceptions.TimeoutException: Message: \nStacktrace:\n#0 0x5583edaa0fe3 <unknown>\n#1 0x5583ed7dfd36 <unknown>\n#2 0x5583ed81cc4d <unknown>\n#3 0x5583ed81cd61 <unknown>\n#4 0x5583ed8586a4 <unknown>\n#5 0x5583ed83d8ed <unknown>\n#6 0x5583ed856232 <unknown>\n#7 0x5583ed83d693 <unknown>\n#8 0x5583ed81003a <unknown>\n#9 0x5583ed81117e <unknown>\n#10 0x5583eda62dbd <unknown>\n#11 0x5583eda66c6c <unknown>\n#12 0x5583eda704b0 <unknown>\n#13 0x5583eda67d63 <unknown>\n#14 0x5583eda3ac35 <unknown>\n#15 0x5583eda8b138 <unknown>\n#16 0x5583eda8b2c7 <unknown>\n#17 0x5583eda99093 <unknown>\n#18 0x7f5da693ab43 <unknown>\n\n","statusTrace":"  File \"/opt/hostedtoolcache/Python/3.10.11/x64/lib/python3.10/site-packages/pluggy/_callers.py\", line 39, in _multicall\n    res = hook_impl.function(*args)\n  File \"/opt/hostedtoolcache/Python/3.10.11/x64/lib/python3.10/site-packages/_pytest/fixtures.py\", line 1129, in pytest_fixture_setup\n    result = call_fixture_func(fixturefunc, request, kwargs)\n  File \"/opt/hostedtoolcache/Python/3.10.11/x64/lib/python3.10/site-packages/_pytest/fixtures.py\", line 908, in call_fixture_func\n    fixture_result = fixturefunc(**kwargs)\n  File \"/home/runner/work/Selenium-Python-Example/Selenium-Python-Example/tests/test_workspaces.py\", line 27, in setup_method_fixture\n    login(ini_reader, self.about_page, self.login_page)\n  File \"/home/runner/work/Selenium-Python-Example/Selenium-Python-Example/tests/test_workspaces.py\", line 16, in login\n    about_page.click_login_link()\n  File \"/opt/hostedtoolcache/Python/3.10.11/x64/lib/python3.10/site-packages/allure_commons/_allure.py\", line 192, in impl\n    return func(*a, **kw)\n  File \"/home/runner/work/Selenium-Python-Example/Selenium-Python-Example/pages/about_page.py\", line 19, in click_login_link\n    self.click(self.LOGIN_LINK)\n  File \"/home/runner/work/Selenium-Python-Example/Selenium-Python-Example/pages/base_page.py\", line 21, in click\n    el: WebElement = self._wait.until(expected_conditions.element_to_be_clickable(locator))\n  File \"/opt/hostedtoolcache/Python/3.10.11/x64/lib/python3.10/site-packages/selenium/webdriver/support/wait.py\", line 95, in until\n    raise TimeoutException(message, screen, stacktrace)\n","steps":[{"name":"Click Login link","time":{"start":1682763831283,"stop":1682763841485,"duration":10202},"status":"broken","statusMessage":"selenium.common.exceptions.TimeoutException: Message: \nStacktrace:\n#0 0x5583edaa0fe3 <unknown>\n#1 0x5583ed7dfd36 <unknown>\n#2 0x5583ed81cc4d <unknown>\n#3 0x5583ed81cd61 <unknown>\n#4 0x5583ed8586a4 <unknown>\n#5 0x5583ed83d8ed <unknown>\n#6 0x5583ed856232 <unknown>\n#7 0x5583ed83d693 <unknown>\n#8 0x5583ed81003a <unknown>\n#9 0x5583ed81117e <unknown>\n#10 0x5583eda62dbd <unknown>\n#11 0x5583eda66c6c <unknown>\n#12 0x5583eda704b0 <unknown>\n#13 0x5583eda67d63 <unknown>\n#14 0x5583eda3ac35 <unknown>\n#15 0x5583eda8b138 <unknown>\n#16 0x5583eda8b2c7 <unknown>\n#17 0x5583eda99093 <unknown>\n#18 0x7f5da693ab43 <unknown>\n\n","statusTrace":"  File \"/opt/hostedtoolcache/Python/3.10.11/x64/lib/python3.10/site-packages/allure_commons/_allure.py\", line 192, in impl\n    return func(*a, **kw)\n  File \"/home/runner/work/Selenium-Python-Example/Selenium-Python-Example/pages/about_page.py\", line 19, in click_login_link\n    self.click(self.LOGIN_LINK)\n  File \"/home/runner/work/Selenium-Python-Example/Selenium-Python-Example/pages/base_page.py\", line 21, in click\n    el: WebElement = self._wait.until(expected_conditions.element_to_be_clickable(locator))\n  File \"/opt/hostedtoolcache/Python/3.10.11/x64/lib/python3.10/site-packages/selenium/webdriver/support/wait.py\", line 95, in until\n    raise TimeoutException(message, screen, stacktrace)\n","steps":[],"attachments":[],"parameters":[],"stepsCount":0,"attachmentsCount":0,"shouldDisplayMessage":true,"hasContent":true}],"attachments":[],"parameters":[],"stepsCount":1,"attachmentsCount":0,"shouldDisplayMessage":false,"hasContent":true}],"testStage":{"description":"Rename an existing workspace","status":"broken","statusMessage":"selenium.common.exceptions.TimeoutException: Message: \nStacktrace:\n#0 0x5583edaa0fe3 <unknown>\n#1 0x5583ed7dfd36 <unknown>\n#2 0x5583ed81cc4d <unknown>\n#3 0x5583ed81cd61 <unknown>\n#4 0x5583ed8586a4 <unknown>\n#5 0x5583ed83d8ed <unknown>\n#6 0x5583ed856232 <unknown>\n#7 0x5583ed83d693 <unknown>\n#8 0x5583ed81003a <unknown>\n#9 0x5583ed81117e <unknown>\n#10 0x5583eda62dbd <unknown>\n#11 0x5583eda66c6c <unknown>\n#12 0x5583eda704b0 <unknown>\n#13 0x5583eda67d63 <unknown>\n#14 0x5583eda3ac35 <unknown>\n#15 0x5583eda8b138 <unknown>\n#16 0x5583eda8b2c7 <unknown>\n#17 0x5583eda99093 <unknown>\n#18 0x7f5da693ab43 <unknown>","statusTrace":"self = <tests.test_workspaces.TestWorkspaces object at 0x7ff3e9cad8d0>\nini_reader = <utils.config_parser.ConfigParserIni object at 0x7ff3e9caf1c0>\n\n    @pytest.fixture(autouse=True)\n    def setup_method_fixture(self, ini_reader):\n>       login(ini_reader, self.about_page, self.login_page)\n\ntests/test_workspaces.py:27: \n_ _ _ _ _ _ _ _ _ _ _ _ _ _ _ _ _ _ _ _ _ _ _ _ _ _ _ _ _ _ _ _ _ _ _ _ _ _ _ _ \ntests/test_workspaces.py:16: in login\n    about_page.click_login_link()\npages/about_page.py:19: in click_login_link\n    self.click(self.LOGIN_LINK)\npages/base_page.py:21: in click\n    el: WebElement = self._wait.until(expected_conditions.element_to_be_clickable(locator))\n_ _ _ _ _ _ _ _ _ _ _ _ _ _ _ _ _ _ _ _ _ _ _ _ _ _ _ _ _ _ _ _ _ _ _ _ _ _ _ _ \n\nself = <selenium.webdriver.support.wait.WebDriverWait (session=\"9abac493d11e8d9807af94d48e7348f1\")>\nmethod = <function element_to_be_clickable.<locals>._predicate at 0x7ff3e9d0b250>\nmessage = ''\n\n    def until(self, method, message: str = \"\"):\n        \"\"\"Calls the method provided with the driver as an argument until the \\\n        return value does not evaluate to ``False``.\n    \n        :param method: callable(WebDriver)\n        :param message: optional message for :exc:`TimeoutException`\n        :returns: the result of the last call to `method`\n        :raises: :exc:`selenium.common.exceptions.TimeoutException` if timeout occurs\n        \"\"\"\n        screen = None\n        stacktrace = None\n    \n        end_time = time.monotonic() + self._timeout\n        while True:\n            try:\n                value = method(self._driver)\n                if value:\n                    return value\n            except self._ignored_exceptions as exc:\n                screen = getattr(exc, \"screen\", None)\n                stacktrace = getattr(exc, \"stacktrace\", None)\n            time.sleep(self._poll)\n            if time.monotonic() > end_time:\n                break\n>       raise TimeoutException(message, screen, stacktrace)\nE       selenium.common.exceptions.TimeoutException: Message: \nE       Stacktrace:\nE       #0 0x5583edaa0fe3 <unknown>\nE       #1 0x5583ed7dfd36 <unknown>\nE       #2 0x5583ed81cc4d <unknown>\nE       #3 0x5583ed81cd61 <unknown>\nE       #4 0x5583ed8586a4 <unknown>\nE       #5 0x5583ed83d8ed <unknown>\nE       #6 0x5583ed856232 <unknown>\nE       #7 0x5583ed83d693 <unknown>\nE       #8 0x5583ed81003a <unknown>\nE       #9 0x5583ed81117e <unknown>\nE       #10 0x5583eda62dbd <unknown>\nE       #11 0x5583eda66c6c <unknown>\nE       #12 0x5583eda704b0 <unknown>\nE       #13 0x5583eda67d63 <unknown>\nE       #14 0x5583eda3ac35 <unknown>\nE       #15 0x5583eda8b138 <unknown>\nE       #16 0x5583eda8b2c7 <unknown>\nE       #17 0x5583eda99093 <unknown>\nE       #18 0x7f5da693ab43 <unknown>\n\n/opt/hostedtoolcache/Python/3.10.11/x64/lib/python3.10/site-packages/selenium/webdriver/support/wait.py:95: TimeoutException","steps":[],"attachments":[{"uid":"566e2aed74ea8a20","name":"Full Page Screenshot","source":"566e2aed74ea8a20.png","type":"image/png","size":2646979},{"uid":"c1f061c79d844fc9","name":"URL","source":"c1f061c79d844fc9.uri","type":"text/uri-list","size":23},{"uid":"40f1813260ec9c8f","name":"public ip address","source":"40f1813260ec9c8f.txt","type":"text/plain","size":15},{"uid":"bb2a057226eb1c9d","name":"Cookies","source":"bb2a057226eb1c9d.json","type":"application/json","size":3018},{"uid":"aa6789920fe6cbf9","name":"Session Storage","source":"aa6789920fe6cbf9.json","type":"application/json","size":2},{"uid":"3b09a2bae9245cdb","name":"Local Storage","source":"3b09a2bae9245cdb.json","type":"application/json","size":1400},{"uid":"7a9f21d7c8de7397","name":"Console Logs","source":"7a9f21d7c8de7397.json","type":"application/json","size":5314},{"uid":"5c40740d8d61a9a0","name":"Network Logs","source":"5c40740d8d61a9a0.json","type":"application/json","size":84977}],"parameters":[],"stepsCount":0,"attachmentsCount":8,"shouldDisplayMessage":true,"hasContent":true},"afterStages":[{"name":"create_driver::0","time":{"start":1682763843763,"stop":1682763843826,"duration":63},"status":"passed","steps":[],"attachments":[],"parameters":[],"stepsCount":0,"attachmentsCount":0,"shouldDisplayMessage":false,"hasContent":false}],"labels":[{"name":"story","value":"WorkSpaces Creation and Editing Functionality"},{"name":"epic","value":"Workspaces"},{"name":"severity","value":"normal"},{"name":"tag","value":"run(order=2)"},{"name":"parentSuite","value":"tests"},{"name":"suite","value":"test_workspaces"},{"name":"subSuite","value":"TestWorkspaces"},{"name":"host","value":"fv-az404-880"},{"name":"thread","value":"2193-MainThread"},{"name":"framework","value":"pytest"},{"name":"language","value":"cpython3"},{"name":"package","value":"tests.test_workspaces"},{"name":"resultFormat","value":"allure2"}],"parameters":[],"links":[],"hidden":false,"retry":false,"extra":{"severity":"normal","retries":[],"categories":[{"name":"Test defects","matchedStatuses":[],"flaky":false}],"tags":["run(order=2)"]},"source":"c57e2a37576023a2.json","parameterValues":[]}