{"uid":"c31363336c483bb9","name":"Cancel a project deletion","fullName":"tests.workspaces_test.TestWorkspaces#test_cancel_project_deletion","historyId":"4e88bda60b0c69cc538a06ace82098c3","time":{"start":1732153403828,"stop":1732153403828,"duration":0},"description":"Cancel project deletion","descriptionHtml":"<p>Cancel project deletion</p>\n","status":"broken","statusMessage":"selenium.common.exceptions.TimeoutException: Message: \nStacktrace:\n#0 0x55abe6aa34ca <unknown>\n#1 0x55abe65b6620 <unknown>\n#2 0x55abe6605306 <unknown>\n#3 0x55abe66055a1 <unknown>\n#4 0x55abe664aa04 <unknown>\n#5 0x55abe662939d <unknown>\n#6 0x55abe6647de0 <unknown>\n#7 0x55abe6629113 <unknown>\n#8 0x55abe65f7be0 <unknown>\n#9 0x55abe65f8bbe <unknown>\n#10 0x55abe6a6fe4b <unknown>\n#11 0x55abe6a73de2 <unknown>\n#12 0x55abe6a5cd2c <unknown>\n#13 0x55abe6a74957 <unknown>\n#14 0x55abe6a424bf <unknown>\n#15 0x55abe6a92348 <unknown>\n#16 0x55abe6a92510 <unknown>\n#17 0x55abe6aa2346 <unknown>\n#18 0x7f8030894ac3 <unknown>","statusTrace":"self = <tests.workspaces_test.TestWorkspaces object at 0x7f0f2958baa0>\n\n    @pytest.fixture(autouse=True)\n    def setup_method_fixture(self):\n>       login(self.about_page, self.login_page)\n\ntests/workspaces_test.py:25: \n_ _ _ _ _ _ _ _ _ _ _ _ _ _ _ _ _ _ _ _ _ _ _ _ _ _ _ _ _ _ _ _ _ _ _ _ _ _ _ _ \ntests/workspaces_test.py:15: in login\n    about_page.click_login_link()\npages/about_page.py:20: in click_login_link\n    self.click(self.LOGIN_LINK)\npages/base_page.py:60: in click\n    el: WebElement = self.wait.until(\n_ _ _ _ _ _ _ _ _ _ _ _ _ _ _ _ _ _ _ _ _ _ _ _ _ _ _ _ _ _ _ _ _ _ _ _ _ _ _ _ \n\nself = <selenium.webdriver.support.wait.WebDriverWait (session=\"53d17f3327edd152e681042d5e6c5353\")>\nmethod = <function element_to_be_clickable.<locals>._predicate at 0x7f0f29291800>\nmessage = ''\n\n    def until(self, method: Callable[[D], Union[Literal[False], T]], message: str = \"\") -> T:\n        \"\"\"Calls the method provided with the driver as an argument until the \\\n        return value does not evaluate to ``False``.\n    \n        :param method: callable(WebDriver)\n        :param message: optional message for :exc:`TimeoutException`\n        :returns: the result of the last call to `method`\n        :raises: :exc:`selenium.common.exceptions.TimeoutException` if timeout occurs\n        \"\"\"\n        screen = None\n        stacktrace = None\n    \n        end_time = time.monotonic() + self._timeout\n        while True:\n            try:\n                value = method(self._driver)\n                if value:\n                    return value\n            except self._ignored_exceptions as exc:\n                screen = getattr(exc, \"screen\", None)\n                stacktrace = getattr(exc, \"stacktrace\", None)\n            if time.monotonic() > end_time:\n                break\n            time.sleep(self._poll)\n>       raise TimeoutException(message, screen, stacktrace)\nE       selenium.common.exceptions.TimeoutException: Message: \nE       Stacktrace:\nE       #0 0x55abe6aa34ca <unknown>\nE       #1 0x55abe65b6620 <unknown>\nE       #2 0x55abe6605306 <unknown>\nE       #3 0x55abe66055a1 <unknown>\nE       #4 0x55abe664aa04 <unknown>\nE       #5 0x55abe662939d <unknown>\nE       #6 0x55abe6647de0 <unknown>\nE       #7 0x55abe6629113 <unknown>\nE       #8 0x55abe65f7be0 <unknown>\nE       #9 0x55abe65f8bbe <unknown>\nE       #10 0x55abe6a6fe4b <unknown>\nE       #11 0x55abe6a73de2 <unknown>\nE       #12 0x55abe6a5cd2c <unknown>\nE       #13 0x55abe6a74957 <unknown>\nE       #14 0x55abe6a424bf <unknown>\nE       #15 0x55abe6a92348 <unknown>\nE       #16 0x55abe6a92510 <unknown>\nE       #17 0x55abe6aa2346 <unknown>\nE       #18 0x7f8030894ac3 <unknown>\n\n.venv/lib/python3.12/site-packages/selenium/webdriver/support/wait.py:105: TimeoutException","flaky":false,"newFailed":false,"newBroken":false,"newPassed":false,"retriesCount":0,"retriesStatusChange":false,"beforeStages":[{"name":"base_url","time":{"start":1732153263857,"stop":1732153263858,"duration":1},"status":"passed","steps":[],"attachments":[],"parameters":[],"shouldDisplayMessage":false,"stepsCount":0,"attachmentsCount":0,"hasContent":false,"attachmentStep":false},{"name":"_verify_url","time":{"start":1732153263858,"stop":1732153263858,"duration":0},"status":"passed","steps":[],"attachments":[],"parameters":[],"shouldDisplayMessage":false,"stepsCount":0,"attachmentsCount":0,"hasContent":false,"attachmentStep":false},{"name":"data","time":{"start":1732153263858,"stop":1732153263859,"duration":1},"status":"passed","steps":[],"attachments":[],"parameters":[],"shouldDisplayMessage":false,"stepsCount":0,"attachmentsCount":0,"hasContent":false,"attachmentStep":false},{"name":"session_request","time":{"start":1732153263858,"stop":1732153263858,"duration":0},"status":"passed","steps":[],"attachments":[],"parameters":[],"shouldDisplayMessage":false,"stepsCount":0,"attachmentsCount":0,"hasContent":false,"attachmentStep":false},{"name":"setup_method_fixture","time":{"start":1732153406065,"stop":1732153416277,"duration":10212},"status":"broken","statusMessage":"selenium.common.exceptions.TimeoutException: Message: \nStacktrace:\n#0 0x55abe6aa34ca <unknown>\n#1 0x55abe65b6620 <unknown>\n#2 0x55abe6605306 <unknown>\n#3 0x55abe66055a1 <unknown>\n#4 0x55abe664aa04 <unknown>\n#5 0x55abe662939d <unknown>\n#6 0x55abe6647de0 <unknown>\n#7 0x55abe6629113 <unknown>\n#8 0x55abe65f7be0 <unknown>\n#9 0x55abe65f8bbe <unknown>\n#10 0x55abe6a6fe4b <unknown>\n#11 0x55abe6a73de2 <unknown>\n#12 0x55abe6a5cd2c <unknown>\n#13 0x55abe6a74957 <unknown>\n#14 0x55abe6a424bf <unknown>\n#15 0x55abe6a92348 <unknown>\n#16 0x55abe6a92510 <unknown>\n#17 0x55abe6aa2346 <unknown>\n#18 0x7f8030894ac3 <unknown>\n\n","statusTrace":"  File \"/home/runner/work/Selenium-Python-Example/Selenium-Python-Example/.venv/lib/python3.12/site-packages/pluggy/_callers.py\", line 167, in _multicall\n    teardown.throw(outcome._exception)\n  File \"/home/runner/work/Selenium-Python-Example/Selenium-Python-Example/.venv/lib/python3.12/site-packages/_pytest/setuponly.py\", line 36, in pytest_fixture_setup\n    return (yield)\n            ^^^^^\n  File \"/home/runner/work/Selenium-Python-Example/Selenium-Python-Example/.venv/lib/python3.12/site-packages/pluggy/_callers.py\", line 103, in _multicall\n    res = hook_impl.function(*args)\n          ^^^^^^^^^^^^^^^^^^^^^^^^^\n  File \"/home/runner/work/Selenium-Python-Example/Selenium-Python-Example/.venv/lib/python3.12/site-packages/_pytest/fixtures.py\", line 1140, in pytest_fixture_setup\n    result = call_fixture_func(fixturefunc, request, kwargs)\n             ^^^^^^^^^^^^^^^^^^^^^^^^^^^^^^^^^^^^^^^^^^^^^^^\n  File \"/home/runner/work/Selenium-Python-Example/Selenium-Python-Example/.venv/lib/python3.12/site-packages/_pytest/fixtures.py\", line 898, in call_fixture_func\n    fixture_result = fixturefunc(**kwargs)\n                     ^^^^^^^^^^^^^^^^^^^^^\n  File \"/home/runner/work/Selenium-Python-Example/Selenium-Python-Example/tests/workspaces_test.py\", line 25, in setup_method_fixture\n    login(self.about_page, self.login_page)\n  File \"/home/runner/work/Selenium-Python-Example/Selenium-Python-Example/tests/workspaces_test.py\", line 15, in login\n    about_page.click_login_link()\n  File \"/home/runner/work/Selenium-Python-Example/Selenium-Python-Example/.venv/lib/python3.12/site-packages/allure_commons/_allure.py\", line 192, in impl\n    return func(*a, **kw)\n           ^^^^^^^^^^^^^^\n  File \"/home/runner/work/Selenium-Python-Example/Selenium-Python-Example/pages/about_page.py\", line 20, in click_login_link\n    self.click(self.LOGIN_LINK)\n  File \"/home/runner/work/Selenium-Python-Example/Selenium-Python-Example/pages/base_page.py\", line 60, in click\n    el: WebElement = self.wait.until(\n                     ^^^^^^^^^^^^^^^^\n  File \"/home/runner/work/Selenium-Python-Example/Selenium-Python-Example/.venv/lib/python3.12/site-packages/selenium/webdriver/support/wait.py\", line 105, in until\n    raise TimeoutException(message, screen, stacktrace)\n","steps":[{"name":"Click Login link","time":{"start":1732153406066,"stop":1732153416276,"duration":10210},"status":"broken","statusMessage":"selenium.common.exceptions.TimeoutException: Message: \nStacktrace:\n#0 0x55abe6aa34ca <unknown>\n#1 0x55abe65b6620 <unknown>\n#2 0x55abe6605306 <unknown>\n#3 0x55abe66055a1 <unknown>\n#4 0x55abe664aa04 <unknown>\n#5 0x55abe662939d <unknown>\n#6 0x55abe6647de0 <unknown>\n#7 0x55abe6629113 <unknown>\n#8 0x55abe65f7be0 <unknown>\n#9 0x55abe65f8bbe <unknown>\n#10 0x55abe6a6fe4b <unknown>\n#11 0x55abe6a73de2 <unknown>\n#12 0x55abe6a5cd2c <unknown>\n#13 0x55abe6a74957 <unknown>\n#14 0x55abe6a424bf <unknown>\n#15 0x55abe6a92348 <unknown>\n#16 0x55abe6a92510 <unknown>\n#17 0x55abe6aa2346 <unknown>\n#18 0x7f8030894ac3 <unknown>\n\n","statusTrace":"  File \"/home/runner/work/Selenium-Python-Example/Selenium-Python-Example/.venv/lib/python3.12/site-packages/allure_commons/_allure.py\", line 192, in impl\n    return func(*a, **kw)\n           ^^^^^^^^^^^^^^\n  File \"/home/runner/work/Selenium-Python-Example/Selenium-Python-Example/pages/about_page.py\", line 20, in click_login_link\n    self.click(self.LOGIN_LINK)\n  File \"/home/runner/work/Selenium-Python-Example/Selenium-Python-Example/pages/base_page.py\", line 60, in click\n    el: WebElement = self.wait.until(\n                     ^^^^^^^^^^^^^^^^\n  File \"/home/runner/work/Selenium-Python-Example/Selenium-Python-Example/.venv/lib/python3.12/site-packages/selenium/webdriver/support/wait.py\", line 105, in until\n    raise TimeoutException(message, screen, stacktrace)\n","steps":[],"attachments":[],"parameters":[],"shouldDisplayMessage":true,"stepsCount":0,"attachmentsCount":0,"hasContent":true,"attachmentStep":false}],"attachments":[],"parameters":[],"shouldDisplayMessage":false,"stepsCount":1,"attachmentsCount":0,"hasContent":true,"attachmentStep":false}],"testStage":{"description":"Cancel project deletion","status":"broken","statusMessage":"selenium.common.exceptions.TimeoutException: Message: \nStacktrace:\n#0 0x55abe6aa34ca <unknown>\n#1 0x55abe65b6620 <unknown>\n#2 0x55abe6605306 <unknown>\n#3 0x55abe66055a1 <unknown>\n#4 0x55abe664aa04 <unknown>\n#5 0x55abe662939d <unknown>\n#6 0x55abe6647de0 <unknown>\n#7 0x55abe6629113 <unknown>\n#8 0x55abe65f7be0 <unknown>\n#9 0x55abe65f8bbe <unknown>\n#10 0x55abe6a6fe4b <unknown>\n#11 0x55abe6a73de2 <unknown>\n#12 0x55abe6a5cd2c <unknown>\n#13 0x55abe6a74957 <unknown>\n#14 0x55abe6a424bf <unknown>\n#15 0x55abe6a92348 <unknown>\n#16 0x55abe6a92510 <unknown>\n#17 0x55abe6aa2346 <unknown>\n#18 0x7f8030894ac3 <unknown>","statusTrace":"self = <tests.workspaces_test.TestWorkspaces object at 0x7f0f2958baa0>\n\n    @pytest.fixture(autouse=True)\n    def setup_method_fixture(self):\n>       login(self.about_page, self.login_page)\n\ntests/workspaces_test.py:25: \n_ _ _ _ _ _ _ _ _ _ _ _ _ _ _ _ _ _ _ _ _ _ _ _ _ _ _ _ _ _ _ _ _ _ _ _ _ _ _ _ \ntests/workspaces_test.py:15: in login\n    about_page.click_login_link()\npages/about_page.py:20: in click_login_link\n    self.click(self.LOGIN_LINK)\npages/base_page.py:60: in click\n    el: WebElement = self.wait.until(\n_ _ _ _ _ _ _ _ _ _ _ _ _ _ _ _ _ _ _ _ _ _ _ _ _ _ _ _ _ _ _ _ _ _ _ _ _ _ _ _ \n\nself = <selenium.webdriver.support.wait.WebDriverWait (session=\"53d17f3327edd152e681042d5e6c5353\")>\nmethod = <function element_to_be_clickable.<locals>._predicate at 0x7f0f29291800>\nmessage = ''\n\n    def until(self, method: Callable[[D], Union[Literal[False], T]], message: str = \"\") -> T:\n        \"\"\"Calls the method provided with the driver as an argument until the \\\n        return value does not evaluate to ``False``.\n    \n        :param method: callable(WebDriver)\n        :param message: optional message for :exc:`TimeoutException`\n        :returns: the result of the last call to `method`\n        :raises: :exc:`selenium.common.exceptions.TimeoutException` if timeout occurs\n        \"\"\"\n        screen = None\n        stacktrace = None\n    \n        end_time = time.monotonic() + self._timeout\n        while True:\n            try:\n                value = method(self._driver)\n                if value:\n                    return value\n            except self._ignored_exceptions as exc:\n                screen = getattr(exc, \"screen\", None)\n                stacktrace = getattr(exc, \"stacktrace\", None)\n            if time.monotonic() > end_time:\n                break\n            time.sleep(self._poll)\n>       raise TimeoutException(message, screen, stacktrace)\nE       selenium.common.exceptions.TimeoutException: Message: \nE       Stacktrace:\nE       #0 0x55abe6aa34ca <unknown>\nE       #1 0x55abe65b6620 <unknown>\nE       #2 0x55abe6605306 <unknown>\nE       #3 0x55abe66055a1 <unknown>\nE       #4 0x55abe664aa04 <unknown>\nE       #5 0x55abe662939d <unknown>\nE       #6 0x55abe6647de0 <unknown>\nE       #7 0x55abe6629113 <unknown>\nE       #8 0x55abe65f7be0 <unknown>\nE       #9 0x55abe65f8bbe <unknown>\nE       #10 0x55abe6a6fe4b <unknown>\nE       #11 0x55abe6a73de2 <unknown>\nE       #12 0x55abe6a5cd2c <unknown>\nE       #13 0x55abe6a74957 <unknown>\nE       #14 0x55abe6a424bf <unknown>\nE       #15 0x55abe6a92348 <unknown>\nE       #16 0x55abe6a92510 <unknown>\nE       #17 0x55abe6aa2346 <unknown>\nE       #18 0x7f8030894ac3 <unknown>\n\n.venv/lib/python3.12/site-packages/selenium/webdriver/support/wait.py:105: TimeoutException","steps":[{"name":"public ip address","time":{"start":1732153416305,"stop":1732153416385,"duration":80},"status":"passed","steps":[],"attachments":[{"uid":"567f13002cf25d50","name":"HTTP logs of http://checkip.amazonaws.com/","source":"567f13002cf25d50.txt","type":"text/plain","size":358}],"parameters":[],"shouldDisplayMessage":false,"stepsCount":0,"attachmentsCount":1,"hasContent":true,"attachmentStep":false}],"attachments":[{"uid":"5529a78b0711c205","name":"Cookies","source":"5529a78b0711c205.json","type":"application/json","size":2122},{"uid":"a747e2255d76f969","name":"Session Storage","source":"a747e2255d76f969.json","type":"application/json","size":357},{"uid":"9edc653e841a6471","name":"Local Storage","source":"9edc653e841a6471.json","type":"application/json","size":790},{"uid":"ead8ffb11f8870ac","name":"Console Logs","source":"ead8ffb11f8870ac.json","type":"application/json","size":452},{"uid":"329659c4280d7eaa","name":"Full Page Screenshot","source":"329659c4280d7eaa.png","type":"image/png","size":4235003},{"uid":"7f3fc9ef018cbf7d","name":"URL","source":"7f3fc9ef018cbf7d.uri","type":"text/uri-list","size":23},{"uid":"cc064e7209b266df","name":"Network Logs","source":"cc064e7209b266df.json","type":"application/json","size":4214562}],"parameters":[],"shouldDisplayMessage":true,"stepsCount":1,"attachmentsCount":8,"hasContent":true,"attachmentStep":false},"afterStages":[{"name":"session_request::0","time":{"start":1732153435605,"stop":1732153435606,"duration":1},"status":"passed","steps":[],"attachments":[],"parameters":[],"shouldDisplayMessage":false,"stepsCount":0,"attachmentsCount":0,"hasContent":false,"attachmentStep":false}],"labels":[{"name":"epic","value":"Workspaces"},{"name":"story","value":"WorkSpaces Creation and Editing Functionality"},{"name":"severity","value":"normal"},{"name":"tag","value":"run(order=8)"},{"name":"parentSuite","value":"tests"},{"name":"suite","value":"workspaces_test"},{"name":"subSuite","value":"TestWorkspaces"},{"name":"host","value":"fv-az520-557"},{"name":"thread","value":"1915-MainThread"},{"name":"framework","value":"pytest"},{"name":"language","value":"cpython3"},{"name":"package","value":"tests.workspaces_test"},{"name":"resultFormat","value":"allure2"}],"parameters":[],"links":[],"hidden":false,"retry":false,"extra":{"severity":"normal","retries":[],"categories":[{"name":"Test defects","matchedStatuses":[],"flaky":false}],"tags":["run(order=8)"]},"source":"c31363336c483bb9.json","parameterValues":[]}