{"uid":"6a7c2dfaf219f49a","name":"Forgot Password with valid email test","fullName":"tests.forgot_password_test.TestForgotPassword#test_valid_email","historyId":"d6dde1715fb973c93e423cd6a34e3dff","time":{"start":1709341756917,"stop":1709341767124,"duration":10207},"description":"Forgot password with a valid email address","descriptionHtml":"<p>Forgot password with a valid email address</p>\n","status":"broken","statusMessage":"selenium.common.exceptions.TimeoutException: Message: \nStacktrace:\n#0 0x562300862793 <unknown>\n#1 0x5623005561c6 <unknown>\n#2 0x5623005a1358 <unknown>\n#3 0x5623005a1411 <unknown>\n#4 0x5623005e4934 <unknown>\n#5 0x5623005c33fd <unknown>\n#6 0x5623005e1dd9 <unknown>\n#7 0x5623005c3173 <unknown>\n#8 0x5623005942d3 <unknown>\n#9 0x562300594c9e <unknown>\n#10 0x5623008268cb <unknown>\n#11 0x56230082a745 <unknown>\n#12 0x5623008132e1 <unknown>\n#13 0x56230082b2d2 <unknown>\n#14 0x5623007f717f <unknown>\n#15 0x562300850dc8 <unknown>\n#16 0x562300850fc3 <unknown>\n#17 0x562300861944 <unknown>\n#18 0x7f8faf694ac3 <unknown>","statusTrace":"self = <tests.forgot_password_test.TestForgotPassword object at 0x7fd67ededf40>\ndata = Data(forgot_password=ForgotPassword(error_message=\"We can't find a user with that e-mail address.\", success_message='A...ct='Non Existing', page_title='My Workspace', project_name='test project', project_type='quiz', template_type='Blank'))\n\n    @allure.description(\"Forgot password with a valid email address\")\n    @allure.title(\"Forgot Password with valid email test\")\n    def test_valid_email(self, data: Data):\n>       self.about_page.click_login_link()\n\ntests/forgot_password_test.py:22: \n_ _ _ _ _ _ _ _ _ _ _ _ _ _ _ _ _ _ _ _ _ _ _ _ _ _ _ _ _ _ _ _ _ _ _ _ _ _ _ _ \npages/about_page.py:20: in click_login_link\n    self.click(self.LOGIN_LINK)\npages/base_page.py:60: in click\n    el: WebElement = self.wait.until(\n_ _ _ _ _ _ _ _ _ _ _ _ _ _ _ _ _ _ _ _ _ _ _ _ _ _ _ _ _ _ _ _ _ _ _ _ _ _ _ _ \n\nself = <selenium.webdriver.support.wait.WebDriverWait (session=\"48e116374aef4a9fe98859d139ab6dd5\")>\nmethod = <function element_to_be_clickable.<locals>._predicate at 0x7fd67e532ac0>\nmessage = ''\n\n    def until(self, method: Callable[[D], Union[Literal[False], T]], message: str = \"\") -> T:\n        \"\"\"Calls the method provided with the driver as an argument until the \\\n        return value does not evaluate to ``False``.\n    \n        :param method: callable(WebDriver)\n        :param message: optional message for :exc:`TimeoutException`\n        :returns: the result of the last call to `method`\n        :raises: :exc:`selenium.common.exceptions.TimeoutException` if timeout occurs\n        \"\"\"\n        screen = None\n        stacktrace = None\n    \n        end_time = time.monotonic() + self._timeout\n        while True:\n            try:\n                value = method(self._driver)\n                if value:\n                    return value\n            except self._ignored_exceptions as exc:\n                screen = getattr(exc, \"screen\", None)\n                stacktrace = getattr(exc, \"stacktrace\", None)\n            time.sleep(self._poll)\n            if time.monotonic() > end_time:\n                break\n>       raise TimeoutException(message, screen, stacktrace)\nE       selenium.common.exceptions.TimeoutException: Message: \nE       Stacktrace:\nE       #0 0x562300862793 <unknown>\nE       #1 0x5623005561c6 <unknown>\nE       #2 0x5623005a1358 <unknown>\nE       #3 0x5623005a1411 <unknown>\nE       #4 0x5623005e4934 <unknown>\nE       #5 0x5623005c33fd <unknown>\nE       #6 0x5623005e1dd9 <unknown>\nE       #7 0x5623005c3173 <unknown>\nE       #8 0x5623005942d3 <unknown>\nE       #9 0x562300594c9e <unknown>\nE       #10 0x5623008268cb <unknown>\nE       #11 0x56230082a745 <unknown>\nE       #12 0x5623008132e1 <unknown>\nE       #13 0x56230082b2d2 <unknown>\nE       #14 0x5623007f717f <unknown>\nE       #15 0x562300850dc8 <unknown>\nE       #16 0x562300850fc3 <unknown>\nE       #17 0x562300861944 <unknown>\nE       #18 0x7f8faf694ac3 <unknown>\n\n.venv/lib/python3.12/site-packages/selenium/webdriver/support/wait.py:105: TimeoutException","flaky":false,"newFailed":false,"newBroken":false,"newPassed":false,"retriesCount":0,"retriesStatusChange":false,"beforeStages":[{"name":"base_url","time":{"start":1709341568971,"stop":1709341568971,"duration":0},"status":"passed","steps":[],"attachments":[],"parameters":[],"shouldDisplayMessage":false,"stepsCount":0,"attachmentsCount":0,"hasContent":false,"attachmentStep":false},{"name":"_verify_url","time":{"start":1709341568971,"stop":1709341568971,"duration":0},"status":"passed","steps":[],"attachments":[],"parameters":[],"shouldDisplayMessage":false,"stepsCount":0,"attachmentsCount":0,"hasContent":false,"attachmentStep":false},{"name":"data","time":{"start":1709341568972,"stop":1709341568972,"duration":0},"status":"passed","steps":[],"attachments":[],"parameters":[],"shouldDisplayMessage":false,"stepsCount":0,"attachmentsCount":0,"hasContent":false,"attachmentStep":false}],"testStage":{"description":"Forgot password with a valid email address","status":"broken","statusMessage":"selenium.common.exceptions.TimeoutException: Message: \nStacktrace:\n#0 0x562300862793 <unknown>\n#1 0x5623005561c6 <unknown>\n#2 0x5623005a1358 <unknown>\n#3 0x5623005a1411 <unknown>\n#4 0x5623005e4934 <unknown>\n#5 0x5623005c33fd <unknown>\n#6 0x5623005e1dd9 <unknown>\n#7 0x5623005c3173 <unknown>\n#8 0x5623005942d3 <unknown>\n#9 0x562300594c9e <unknown>\n#10 0x5623008268cb <unknown>\n#11 0x56230082a745 <unknown>\n#12 0x5623008132e1 <unknown>\n#13 0x56230082b2d2 <unknown>\n#14 0x5623007f717f <unknown>\n#15 0x562300850dc8 <unknown>\n#16 0x562300850fc3 <unknown>\n#17 0x562300861944 <unknown>\n#18 0x7f8faf694ac3 <unknown>","statusTrace":"self = <tests.forgot_password_test.TestForgotPassword object at 0x7fd67ededf40>\ndata = Data(forgot_password=ForgotPassword(error_message=\"We can't find a user with that e-mail address.\", success_message='A...ct='Non Existing', page_title='My Workspace', project_name='test project', project_type='quiz', template_type='Blank'))\n\n    @allure.description(\"Forgot password with a valid email address\")\n    @allure.title(\"Forgot Password with valid email test\")\n    def test_valid_email(self, data: Data):\n>       self.about_page.click_login_link()\n\ntests/forgot_password_test.py:22: \n_ _ _ _ _ _ _ _ _ _ _ _ _ _ _ _ _ _ _ _ _ _ _ _ _ _ _ _ _ _ _ _ _ _ _ _ _ _ _ _ \npages/about_page.py:20: in click_login_link\n    self.click(self.LOGIN_LINK)\npages/base_page.py:60: in click\n    el: WebElement = self.wait.until(\n_ _ _ _ _ _ _ _ _ _ _ _ _ _ _ _ _ _ _ _ _ _ _ _ _ _ _ _ _ _ _ _ _ _ _ _ _ _ _ _ \n\nself = <selenium.webdriver.support.wait.WebDriverWait (session=\"48e116374aef4a9fe98859d139ab6dd5\")>\nmethod = <function element_to_be_clickable.<locals>._predicate at 0x7fd67e532ac0>\nmessage = ''\n\n    def until(self, method: Callable[[D], Union[Literal[False], T]], message: str = \"\") -> T:\n        \"\"\"Calls the method provided with the driver as an argument until the \\\n        return value does not evaluate to ``False``.\n    \n        :param method: callable(WebDriver)\n        :param message: optional message for :exc:`TimeoutException`\n        :returns: the result of the last call to `method`\n        :raises: :exc:`selenium.common.exceptions.TimeoutException` if timeout occurs\n        \"\"\"\n        screen = None\n        stacktrace = None\n    \n        end_time = time.monotonic() + self._timeout\n        while True:\n            try:\n                value = method(self._driver)\n                if value:\n                    return value\n            except self._ignored_exceptions as exc:\n                screen = getattr(exc, \"screen\", None)\n                stacktrace = getattr(exc, \"stacktrace\", None)\n            time.sleep(self._poll)\n            if time.monotonic() > end_time:\n                break\n>       raise TimeoutException(message, screen, stacktrace)\nE       selenium.common.exceptions.TimeoutException: Message: \nE       Stacktrace:\nE       #0 0x562300862793 <unknown>\nE       #1 0x5623005561c6 <unknown>\nE       #2 0x5623005a1358 <unknown>\nE       #3 0x5623005a1411 <unknown>\nE       #4 0x5623005e4934 <unknown>\nE       #5 0x5623005c33fd <unknown>\nE       #6 0x5623005e1dd9 <unknown>\nE       #7 0x5623005c3173 <unknown>\nE       #8 0x5623005942d3 <unknown>\nE       #9 0x562300594c9e <unknown>\nE       #10 0x5623008268cb <unknown>\nE       #11 0x56230082a745 <unknown>\nE       #12 0x5623008132e1 <unknown>\nE       #13 0x56230082b2d2 <unknown>\nE       #14 0x5623007f717f <unknown>\nE       #15 0x562300850dc8 <unknown>\nE       #16 0x562300850fc3 <unknown>\nE       #17 0x562300861944 <unknown>\nE       #18 0x7f8faf694ac3 <unknown>\n\n.venv/lib/python3.12/site-packages/selenium/webdriver/support/wait.py:105: TimeoutException","steps":[{"name":"Click Login link","time":{"start":1709341756917,"stop":1709341767123,"duration":10206},"status":"broken","statusMessage":"selenium.common.exceptions.TimeoutException: Message: \nStacktrace:\n#0 0x562300862793 <unknown>\n#1 0x5623005561c6 <unknown>\n#2 0x5623005a1358 <unknown>\n#3 0x5623005a1411 <unknown>\n#4 0x5623005e4934 <unknown>\n#5 0x5623005c33fd <unknown>\n#6 0x5623005e1dd9 <unknown>\n#7 0x5623005c3173 <unknown>\n#8 0x5623005942d3 <unknown>\n#9 0x562300594c9e <unknown>\n#10 0x5623008268cb <unknown>\n#11 0x56230082a745 <unknown>\n#12 0x5623008132e1 <unknown>\n#13 0x56230082b2d2 <unknown>\n#14 0x5623007f717f <unknown>\n#15 0x562300850dc8 <unknown>\n#16 0x562300850fc3 <unknown>\n#17 0x562300861944 <unknown>\n#18 0x7f8faf694ac3 <unknown>\n\n","statusTrace":"  File \"/home/runner/work/Selenium-Python-Example/Selenium-Python-Example/.venv/lib/python3.12/site-packages/allure_commons/_allure.py\", line 192, in impl\n    return func(*a, **kw)\n           ^^^^^^^^^^^^^^\n  File \"/home/runner/work/Selenium-Python-Example/Selenium-Python-Example/pages/about_page.py\", line 20, in click_login_link\n    self.click(self.LOGIN_LINK)\n  File \"/home/runner/work/Selenium-Python-Example/Selenium-Python-Example/pages/base_page.py\", line 60, in click\n    el: WebElement = self.wait.until(\n                     ^^^^^^^^^^^^^^^^\n  File \"/home/runner/work/Selenium-Python-Example/Selenium-Python-Example/.venv/lib/python3.12/site-packages/selenium/webdriver/support/wait.py\", line 105, in until\n    raise TimeoutException(message, screen, stacktrace)\n","steps":[],"attachments":[],"parameters":[],"shouldDisplayMessage":true,"stepsCount":0,"attachmentsCount":0,"hasContent":true,"attachmentStep":false}],"attachments":[{"uid":"9bb4678dba050ec0","name":"public ip address","source":"9bb4678dba050ec0.txt","type":"text/plain","size":13},{"uid":"fb5793db6f892c2f","name":"Cookies","source":"fb5793db6f892c2f.json","type":"application/json","size":3100},{"uid":"a06fd5eddee5d9ef","name":"Session Storage","source":"a06fd5eddee5d9ef.json","type":"application/json","size":359},{"uid":"6d840984b8b3c5b3","name":"Local Storage","source":"6d840984b8b3c5b3.json","type":"application/json","size":208},{"uid":"34fa69ededb6a792","name":"Console Logs","source":"34fa69ededb6a792.json","type":"application/json","size":653},{"uid":"6a459058b0bea517","name":"Full Page Screenshot","source":"6a459058b0bea517.png","type":"image/png","size":6189698},{"uid":"9b431cb836e8aabe","name":"URL","source":"9b431cb836e8aabe.uri","type":"text/uri-list","size":23},{"uid":"95ec7a6659500763","name":"Network Logs","source":"95ec7a6659500763.json","type":"application/json","size":23127}],"parameters":[],"shouldDisplayMessage":true,"stepsCount":1,"attachmentsCount":8,"hasContent":true,"attachmentStep":false},"afterStages":[],"labels":[{"name":"parentSuite","value":"Custom parent suite"},{"name":"severity","value":"critical"},{"name":"story","value":"Forgot Password Feature's Functionality"},{"name":"suite","value":"Custom suite"},{"name":"subSuite","value":"Custom sub suite"},{"name":"epic","value":"Security"},{"name":"tag","value":"security"},{"name":"host","value":"fv-az1269-741"},{"name":"thread","value":"2360-MainThread"},{"name":"framework","value":"pytest"},{"name":"language","value":"cpython3"},{"name":"package","value":"tests.forgot_password_test"},{"name":"resultFormat","value":"allure2"}],"parameters":[],"links":[],"hidden":false,"retry":false,"extra":{"severity":"critical","retries":[],"categories":[{"name":"Test defects","matchedStatuses":[],"flaky":false}],"tags":["security"]},"source":"6a7c2dfaf219f49a.json","parameterValues":[]}