{"uid":"d257f6b7dd69340d","name":"Delete existing workspace","fullName":"tests.workspaces_test.TestWorkspaces#test_delete_workspace","historyId":"085ae9bea926da8512f07258dfb5df8c","time":{"start":1709341632448,"stop":1709341632448,"duration":0},"description":"Delete an existing workspace","descriptionHtml":"<p>Delete an existing workspace</p>\n","status":"broken","statusMessage":"selenium.common.exceptions.TimeoutException: Message: \nStacktrace:\n#0 0x55bb131c4793 <unknown>\n#1 0x55bb12eb81c6 <unknown>\n#2 0x55bb12f03358 <unknown>\n#3 0x55bb12f03411 <unknown>\n#4 0x55bb12f46934 <unknown>\n#5 0x55bb12f253fd <unknown>\n#6 0x55bb12f43dd9 <unknown>\n#7 0x55bb12f25173 <unknown>\n#8 0x55bb12ef62d3 <unknown>\n#9 0x55bb12ef6c9e <unknown>\n#10 0x55bb131888cb <unknown>\n#11 0x55bb1318c745 <unknown>\n#12 0x55bb131752e1 <unknown>\n#13 0x55bb1318d2d2 <unknown>\n#14 0x55bb1315917f <unknown>\n#15 0x55bb131b2dc8 <unknown>\n#16 0x55bb131b2fc3 <unknown>\n#17 0x55bb131c3944 <unknown>\n#18 0x7fbc04e94ac3 <unknown>","statusTrace":"self = <tests.workspaces_test.TestWorkspaces object at 0x7fd67ee25460>\n\n    @pytest.fixture(autouse=True)\n    def setup_method_fixture(self):\n>       login(self.about_page, self.login_page)\n\ntests/workspaces_test.py:25: \n_ _ _ _ _ _ _ _ _ _ _ _ _ _ _ _ _ _ _ _ _ _ _ _ _ _ _ _ _ _ _ _ _ _ _ _ _ _ _ _ \ntests/workspaces_test.py:15: in login\n    about_page.click_login_link()\npages/about_page.py:20: in click_login_link\n    self.click(self.LOGIN_LINK)\npages/base_page.py:60: in click\n    el: WebElement = self.wait.until(\n_ _ _ _ _ _ _ _ _ _ _ _ _ _ _ _ _ _ _ _ _ _ _ _ _ _ _ _ _ _ _ _ _ _ _ _ _ _ _ _ \n\nself = <selenium.webdriver.support.wait.WebDriverWait (session=\"08a06fcf1ef3a9be4e55b23c462269dc\")>\nmethod = <function element_to_be_clickable.<locals>._predicate at 0x7fd67e533380>\nmessage = ''\n\n    def until(self, method: Callable[[D], Union[Literal[False], T]], message: str = \"\") -> T:\n        \"\"\"Calls the method provided with the driver as an argument until the \\\n        return value does not evaluate to ``False``.\n    \n        :param method: callable(WebDriver)\n        :param message: optional message for :exc:`TimeoutException`\n        :returns: the result of the last call to `method`\n        :raises: :exc:`selenium.common.exceptions.TimeoutException` if timeout occurs\n        \"\"\"\n        screen = None\n        stacktrace = None\n    \n        end_time = time.monotonic() + self._timeout\n        while True:\n            try:\n                value = method(self._driver)\n                if value:\n                    return value\n            except self._ignored_exceptions as exc:\n                screen = getattr(exc, \"screen\", None)\n                stacktrace = getattr(exc, \"stacktrace\", None)\n            time.sleep(self._poll)\n            if time.monotonic() > end_time:\n                break\n>       raise TimeoutException(message, screen, stacktrace)\nE       selenium.common.exceptions.TimeoutException: Message: \nE       Stacktrace:\nE       #0 0x55bb131c4793 <unknown>\nE       #1 0x55bb12eb81c6 <unknown>\nE       #2 0x55bb12f03358 <unknown>\nE       #3 0x55bb12f03411 <unknown>\nE       #4 0x55bb12f46934 <unknown>\nE       #5 0x55bb12f253fd <unknown>\nE       #6 0x55bb12f43dd9 <unknown>\nE       #7 0x55bb12f25173 <unknown>\nE       #8 0x55bb12ef62d3 <unknown>\nE       #9 0x55bb12ef6c9e <unknown>\nE       #10 0x55bb131888cb <unknown>\nE       #11 0x55bb1318c745 <unknown>\nE       #12 0x55bb131752e1 <unknown>\nE       #13 0x55bb1318d2d2 <unknown>\nE       #14 0x55bb1315917f <unknown>\nE       #15 0x55bb131b2dc8 <unknown>\nE       #16 0x55bb131b2fc3 <unknown>\nE       #17 0x55bb131c3944 <unknown>\nE       #18 0x7fbc04e94ac3 <unknown>\n\n.venv/lib/python3.12/site-packages/selenium/webdriver/support/wait.py:105: TimeoutException","flaky":false,"newFailed":false,"newBroken":false,"newPassed":false,"retriesCount":0,"retriesStatusChange":false,"beforeStages":[{"name":"base_url","time":{"start":1709341568971,"stop":1709341568971,"duration":0},"status":"passed","steps":[],"attachments":[],"parameters":[],"shouldDisplayMessage":false,"stepsCount":0,"attachmentsCount":0,"hasContent":false,"attachmentStep":false},{"name":"_verify_url","time":{"start":1709341568971,"stop":1709341568971,"duration":0},"status":"passed","steps":[],"attachments":[],"parameters":[],"shouldDisplayMessage":false,"stepsCount":0,"attachmentsCount":0,"hasContent":false,"attachmentStep":false},{"name":"setup_method_fixture","time":{"start":1709341634073,"stop":1709341644336,"duration":10263},"status":"broken","statusMessage":"selenium.common.exceptions.TimeoutException: Message: \nStacktrace:\n#0 0x55bb131c4793 <unknown>\n#1 0x55bb12eb81c6 <unknown>\n#2 0x55bb12f03358 <unknown>\n#3 0x55bb12f03411 <unknown>\n#4 0x55bb12f46934 <unknown>\n#5 0x55bb12f253fd <unknown>\n#6 0x55bb12f43dd9 <unknown>\n#7 0x55bb12f25173 <unknown>\n#8 0x55bb12ef62d3 <unknown>\n#9 0x55bb12ef6c9e <unknown>\n#10 0x55bb131888cb <unknown>\n#11 0x55bb1318c745 <unknown>\n#12 0x55bb131752e1 <unknown>\n#13 0x55bb1318d2d2 <unknown>\n#14 0x55bb1315917f <unknown>\n#15 0x55bb131b2dc8 <unknown>\n#16 0x55bb131b2fc3 <unknown>\n#17 0x55bb131c3944 <unknown>\n#18 0x7fbc04e94ac3 <unknown>\n\n","statusTrace":"  File \"/home/runner/work/Selenium-Python-Example/Selenium-Python-Example/.venv/lib/python3.12/site-packages/pluggy/_callers.py\", line 137, in _multicall\n    teardown.throw(outcome._exception)\n  File \"/home/runner/work/Selenium-Python-Example/Selenium-Python-Example/.venv/lib/python3.12/site-packages/_pytest/setuponly.py\", line 36, in pytest_fixture_setup\n    return (yield)\n            ^^^^^\n  File \"/home/runner/work/Selenium-Python-Example/Selenium-Python-Example/.venv/lib/python3.12/site-packages/pluggy/_callers.py\", line 77, in _multicall\n    res = hook_impl.function(*args)\n          ^^^^^^^^^^^^^^^^^^^^^^^^^\n  File \"/home/runner/work/Selenium-Python-Example/Selenium-Python-Example/.venv/lib/python3.12/site-packages/_pytest/fixtures.py\", line 1149, in pytest_fixture_setup\n    result = call_fixture_func(fixturefunc, request, kwargs)\n             ^^^^^^^^^^^^^^^^^^^^^^^^^^^^^^^^^^^^^^^^^^^^^^^\n  File \"/home/runner/work/Selenium-Python-Example/Selenium-Python-Example/.venv/lib/python3.12/site-packages/_pytest/fixtures.py\", line 923, in call_fixture_func\n    fixture_result = fixturefunc(**kwargs)\n                     ^^^^^^^^^^^^^^^^^^^^^\n  File \"/home/runner/work/Selenium-Python-Example/Selenium-Python-Example/tests/workspaces_test.py\", line 25, in setup_method_fixture\n    login(self.about_page, self.login_page)\n  File \"/home/runner/work/Selenium-Python-Example/Selenium-Python-Example/tests/workspaces_test.py\", line 15, in login\n    about_page.click_login_link()\n  File \"/home/runner/work/Selenium-Python-Example/Selenium-Python-Example/.venv/lib/python3.12/site-packages/allure_commons/_allure.py\", line 192, in impl\n    return func(*a, **kw)\n           ^^^^^^^^^^^^^^\n  File \"/home/runner/work/Selenium-Python-Example/Selenium-Python-Example/pages/about_page.py\", line 20, in click_login_link\n    self.click(self.LOGIN_LINK)\n  File \"/home/runner/work/Selenium-Python-Example/Selenium-Python-Example/pages/base_page.py\", line 60, in click\n    el: WebElement = self.wait.until(\n                     ^^^^^^^^^^^^^^^^\n  File \"/home/runner/work/Selenium-Python-Example/Selenium-Python-Example/.venv/lib/python3.12/site-packages/selenium/webdriver/support/wait.py\", line 105, in until\n    raise TimeoutException(message, screen, stacktrace)\n","steps":[{"name":"Click Login link","time":{"start":1709341634073,"stop":1709341644335,"duration":10262},"status":"broken","statusMessage":"selenium.common.exceptions.TimeoutException: Message: \nStacktrace:\n#0 0x55bb131c4793 <unknown>\n#1 0x55bb12eb81c6 <unknown>\n#2 0x55bb12f03358 <unknown>\n#3 0x55bb12f03411 <unknown>\n#4 0x55bb12f46934 <unknown>\n#5 0x55bb12f253fd <unknown>\n#6 0x55bb12f43dd9 <unknown>\n#7 0x55bb12f25173 <unknown>\n#8 0x55bb12ef62d3 <unknown>\n#9 0x55bb12ef6c9e <unknown>\n#10 0x55bb131888cb <unknown>\n#11 0x55bb1318c745 <unknown>\n#12 0x55bb131752e1 <unknown>\n#13 0x55bb1318d2d2 <unknown>\n#14 0x55bb1315917f <unknown>\n#15 0x55bb131b2dc8 <unknown>\n#16 0x55bb131b2fc3 <unknown>\n#17 0x55bb131c3944 <unknown>\n#18 0x7fbc04e94ac3 <unknown>\n\n","statusTrace":"  File \"/home/runner/work/Selenium-Python-Example/Selenium-Python-Example/.venv/lib/python3.12/site-packages/allure_commons/_allure.py\", line 192, in impl\n    return func(*a, **kw)\n           ^^^^^^^^^^^^^^\n  File \"/home/runner/work/Selenium-Python-Example/Selenium-Python-Example/pages/about_page.py\", line 20, in click_login_link\n    self.click(self.LOGIN_LINK)\n  File \"/home/runner/work/Selenium-Python-Example/Selenium-Python-Example/pages/base_page.py\", line 60, in click\n    el: WebElement = self.wait.until(\n                     ^^^^^^^^^^^^^^^^\n  File \"/home/runner/work/Selenium-Python-Example/Selenium-Python-Example/.venv/lib/python3.12/site-packages/selenium/webdriver/support/wait.py\", line 105, in until\n    raise TimeoutException(message, screen, stacktrace)\n","steps":[],"attachments":[],"parameters":[],"shouldDisplayMessage":true,"stepsCount":0,"attachmentsCount":0,"hasContent":true,"attachmentStep":false}],"attachments":[],"parameters":[],"shouldDisplayMessage":false,"stepsCount":1,"attachmentsCount":0,"hasContent":true,"attachmentStep":false}],"testStage":{"description":"Delete an existing workspace","status":"broken","statusMessage":"selenium.common.exceptions.TimeoutException: Message: \nStacktrace:\n#0 0x55bb131c4793 <unknown>\n#1 0x55bb12eb81c6 <unknown>\n#2 0x55bb12f03358 <unknown>\n#3 0x55bb12f03411 <unknown>\n#4 0x55bb12f46934 <unknown>\n#5 0x55bb12f253fd <unknown>\n#6 0x55bb12f43dd9 <unknown>\n#7 0x55bb12f25173 <unknown>\n#8 0x55bb12ef62d3 <unknown>\n#9 0x55bb12ef6c9e <unknown>\n#10 0x55bb131888cb <unknown>\n#11 0x55bb1318c745 <unknown>\n#12 0x55bb131752e1 <unknown>\n#13 0x55bb1318d2d2 <unknown>\n#14 0x55bb1315917f <unknown>\n#15 0x55bb131b2dc8 <unknown>\n#16 0x55bb131b2fc3 <unknown>\n#17 0x55bb131c3944 <unknown>\n#18 0x7fbc04e94ac3 <unknown>","statusTrace":"self = <tests.workspaces_test.TestWorkspaces object at 0x7fd67ee25460>\n\n    @pytest.fixture(autouse=True)\n    def setup_method_fixture(self):\n>       login(self.about_page, self.login_page)\n\ntests/workspaces_test.py:25: \n_ _ _ _ _ _ _ _ _ _ _ _ _ _ _ _ _ _ _ _ _ _ _ _ _ _ _ _ _ _ _ _ _ _ _ _ _ _ _ _ \ntests/workspaces_test.py:15: in login\n    about_page.click_login_link()\npages/about_page.py:20: in click_login_link\n    self.click(self.LOGIN_LINK)\npages/base_page.py:60: in click\n    el: WebElement = self.wait.until(\n_ _ _ _ _ _ _ _ _ _ _ _ _ _ _ _ _ _ _ _ _ _ _ _ _ _ _ _ _ _ _ _ _ _ _ _ _ _ _ _ \n\nself = <selenium.webdriver.support.wait.WebDriverWait (session=\"08a06fcf1ef3a9be4e55b23c462269dc\")>\nmethod = <function element_to_be_clickable.<locals>._predicate at 0x7fd67e533380>\nmessage = ''\n\n    def until(self, method: Callable[[D], Union[Literal[False], T]], message: str = \"\") -> T:\n        \"\"\"Calls the method provided with the driver as an argument until the \\\n        return value does not evaluate to ``False``.\n    \n        :param method: callable(WebDriver)\n        :param message: optional message for :exc:`TimeoutException`\n        :returns: the result of the last call to `method`\n        :raises: :exc:`selenium.common.exceptions.TimeoutException` if timeout occurs\n        \"\"\"\n        screen = None\n        stacktrace = None\n    \n        end_time = time.monotonic() + self._timeout\n        while True:\n            try:\n                value = method(self._driver)\n                if value:\n                    return value\n            except self._ignored_exceptions as exc:\n                screen = getattr(exc, \"screen\", None)\n                stacktrace = getattr(exc, \"stacktrace\", None)\n            time.sleep(self._poll)\n            if time.monotonic() > end_time:\n                break\n>       raise TimeoutException(message, screen, stacktrace)\nE       selenium.common.exceptions.TimeoutException: Message: \nE       Stacktrace:\nE       #0 0x55bb131c4793 <unknown>\nE       #1 0x55bb12eb81c6 <unknown>\nE       #2 0x55bb12f03358 <unknown>\nE       #3 0x55bb12f03411 <unknown>\nE       #4 0x55bb12f46934 <unknown>\nE       #5 0x55bb12f253fd <unknown>\nE       #6 0x55bb12f43dd9 <unknown>\nE       #7 0x55bb12f25173 <unknown>\nE       #8 0x55bb12ef62d3 <unknown>\nE       #9 0x55bb12ef6c9e <unknown>\nE       #10 0x55bb131888cb <unknown>\nE       #11 0x55bb1318c745 <unknown>\nE       #12 0x55bb131752e1 <unknown>\nE       #13 0x55bb1318d2d2 <unknown>\nE       #14 0x55bb1315917f <unknown>\nE       #15 0x55bb131b2dc8 <unknown>\nE       #16 0x55bb131b2fc3 <unknown>\nE       #17 0x55bb131c3944 <unknown>\nE       #18 0x7fbc04e94ac3 <unknown>\n\n.venv/lib/python3.12/site-packages/selenium/webdriver/support/wait.py:105: TimeoutException","steps":[],"attachments":[{"uid":"f55779cde1e0a619","name":"public ip address","source":"f55779cde1e0a619.txt","type":"text/plain","size":13},{"uid":"681c6f1df319e52c","name":"Cookies","source":"681c6f1df319e52c.json","type":"application/json","size":3099},{"uid":"b6378208a5d9034c","name":"Session Storage","source":"b6378208a5d9034c.json","type":"application/json","size":359},{"uid":"fb3ddaa5a5e8e67c","name":"Local Storage","source":"fb3ddaa5a5e8e67c.json","type":"application/json","size":208},{"uid":"1df6a9706fdb3cdf","name":"Console Logs","source":"1df6a9706fdb3cdf.json","type":"application/json","size":653},{"uid":"f6cb66341a65190c","name":"Full Page Screenshot","source":"f6cb66341a65190c.png","type":"image/png","size":6186632},{"uid":"ff6af0717aae805a","name":"URL","source":"ff6af0717aae805a.uri","type":"text/uri-list","size":23},{"uid":"8afc6f0fae022670","name":"Network Logs","source":"8afc6f0fae022670.json","type":"application/json","size":23256}],"parameters":[],"shouldDisplayMessage":true,"stepsCount":0,"attachmentsCount":8,"hasContent":true,"attachmentStep":false},"afterStages":[],"labels":[{"name":"epic","value":"Workspaces"},{"name":"severity","value":"normal"},{"name":"story","value":"WorkSpaces Creation and Editing Functionality"},{"name":"tag","value":"run(order=3)"},{"name":"parentSuite","value":"tests"},{"name":"suite","value":"workspaces_test"},{"name":"subSuite","value":"TestWorkspaces"},{"name":"host","value":"fv-az1269-741"},{"name":"thread","value":"2360-MainThread"},{"name":"framework","value":"pytest"},{"name":"language","value":"cpython3"},{"name":"package","value":"tests.workspaces_test"},{"name":"resultFormat","value":"allure2"}],"parameters":[],"links":[],"hidden":false,"retry":false,"extra":{"severity":"normal","retries":[],"categories":[{"name":"Test defects","matchedStatuses":[],"flaky":false}],"tags":["run(order=3)"]},"source":"d257f6b7dd69340d.json","parameterValues":[]}