{"uid":"f96bd5fba4a3a055","name":"Login with invalid credentials test","fullName":"tests.login_test.TestLogin#test_invalid_login","historyId":"9bbc2729137fa409b9bc8067987e1d0d","time":{"start":1731115615754,"stop":1731115625845,"duration":10091},"description":"invalid login","descriptionHtml":"<p>invalid login</p>\n","status":"broken","statusMessage":"selenium.common.exceptions.TimeoutException: Message: \nStacktrace:\n#0 0x56386f3ed13a <unknown>\n#1 0x56386ef08460 <unknown>\n#2 0x56386ef54f96 <unknown>\n#3 0x56386ef55221 <unknown>\n#4 0x56386ef9a5d4 <unknown>\n#5 0x56386ef7903d <unknown>\n#6 0x56386ef97af6 <unknown>\n#7 0x56386ef78db3 <unknown>\n#8 0x56386ef47c10 <unknown>\n#9 0x56386ef48bee <unknown>\n#10 0x56386f3b93cb <unknown>\n#11 0x56386f3bd368 <unknown>\n#12 0x56386f3a6eec <unknown>\n#13 0x56386f3bdee7 <unknown>\n#14 0x56386f38c13f <unknown>\n#15 0x56386f3db858 <unknown>\n#16 0x56386f3dba20 <unknown>\n#17 0x56386f3ebfb6 <unknown>\n#18 0x7f65d2c94ac3 <unknown>","statusTrace":"self = <tests.login_test.TestLogin object at 0x7f3be168c260>\nemail = 'elias@gmail.com', password = '12345Tr'\ndata = Data(forgot_password=ForgotPassword(error_message=\"We can't find a user with that e-mail address.\", success_message='A...ct='Non Existing', page_title='My Workspace', project_name='test project', project_type='quiz', template_type='Blank'))\n\n    @allure.description(\"invalid login\")\n    @allure.title(\"Login with invalid credentials test\")\n    @pytest.mark.parametrize(\"email, password\", users)\n    @pytest.mark.run(order=3)\n    def test_invalid_login(self, email: str, password: str, data: Data):\n>       self.about_page.click_login_link()\n\ntests/login_test.py:26: \n_ _ _ _ _ _ _ _ _ _ _ _ _ _ _ _ _ _ _ _ _ _ _ _ _ _ _ _ _ _ _ _ _ _ _ _ _ _ _ _ \npages/about_page.py:20: in click_login_link\n    self.click(self.LOGIN_LINK)\npages/base_page.py:60: in click\n    el: WebElement = self.wait.until(\n_ _ _ _ _ _ _ _ _ _ _ _ _ _ _ _ _ _ _ _ _ _ _ _ _ _ _ _ _ _ _ _ _ _ _ _ _ _ _ _ \n\nself = <selenium.webdriver.support.wait.WebDriverWait (session=\"623e934a924558b97dd9693283931e64\")>\nmethod = <function element_to_be_clickable.<locals>._predicate at 0x7f3be133c4a0>\nmessage = ''\n\n    def until(self, method: Callable[[D], Union[Literal[False], T]], message: str = \"\") -> T:\n        \"\"\"Calls the method provided with the driver as an argument until the \\\n        return value does not evaluate to ``False``.\n    \n        :param method: callable(WebDriver)\n        :param message: optional message for :exc:`TimeoutException`\n        :returns: the result of the last call to `method`\n        :raises: :exc:`selenium.common.exceptions.TimeoutException` if timeout occurs\n        \"\"\"\n        screen = None\n        stacktrace = None\n    \n        end_time = time.monotonic() + self._timeout\n        while True:\n            try:\n                value = method(self._driver)\n                if value:\n                    return value\n            except self._ignored_exceptions as exc:\n                screen = getattr(exc, \"screen\", None)\n                stacktrace = getattr(exc, \"stacktrace\", None)\n            if time.monotonic() > end_time:\n                break\n            time.sleep(self._poll)\n>       raise TimeoutException(message, screen, stacktrace)\nE       selenium.common.exceptions.TimeoutException: Message: \nE       Stacktrace:\nE       #0 0x56386f3ed13a <unknown>\nE       #1 0x56386ef08460 <unknown>\nE       #2 0x56386ef54f96 <unknown>\nE       #3 0x56386ef55221 <unknown>\nE       #4 0x56386ef9a5d4 <unknown>\nE       #5 0x56386ef7903d <unknown>\nE       #6 0x56386ef97af6 <unknown>\nE       #7 0x56386ef78db3 <unknown>\nE       #8 0x56386ef47c10 <unknown>\nE       #9 0x56386ef48bee <unknown>\nE       #10 0x56386f3b93cb <unknown>\nE       #11 0x56386f3bd368 <unknown>\nE       #12 0x56386f3a6eec <unknown>\nE       #13 0x56386f3bdee7 <unknown>\nE       #14 0x56386f38c13f <unknown>\nE       #15 0x56386f3db858 <unknown>\nE       #16 0x56386f3dba20 <unknown>\nE       #17 0x56386f3ebfb6 <unknown>\nE       #18 0x7f65d2c94ac3 <unknown>\n\n.venv/lib/python3.12/site-packages/selenium/webdriver/support/wait.py:105: TimeoutException","flaky":false,"newFailed":false,"newBroken":false,"newPassed":false,"retriesCount":0,"retriesStatusChange":false,"beforeStages":[{"name":"_verify_url","time":{"start":1731115568485,"stop":1731115568485,"duration":0},"status":"passed","steps":[],"attachments":[],"parameters":[],"shouldDisplayMessage":false,"stepsCount":0,"attachmentsCount":0,"hasContent":false,"attachmentStep":false},{"name":"base_url","time":{"start":1731115568485,"stop":1731115568485,"duration":0},"status":"passed","steps":[],"attachments":[],"parameters":[],"shouldDisplayMessage":false,"stepsCount":0,"attachmentsCount":0,"hasContent":false,"attachmentStep":false},{"name":"session_request","time":{"start":1731115568485,"stop":1731115568485,"duration":0},"status":"passed","steps":[],"attachments":[],"parameters":[],"shouldDisplayMessage":false,"stepsCount":0,"attachmentsCount":0,"hasContent":false,"attachmentStep":false},{"name":"data","time":{"start":1731115568486,"stop":1731115568486,"duration":0},"status":"passed","steps":[],"attachments":[],"parameters":[],"shouldDisplayMessage":false,"stepsCount":0,"attachmentsCount":0,"hasContent":false,"attachmentStep":false}],"testStage":{"description":"invalid login","status":"broken","statusMessage":"selenium.common.exceptions.TimeoutException: Message: \nStacktrace:\n#0 0x56386f3ed13a <unknown>\n#1 0x56386ef08460 <unknown>\n#2 0x56386ef54f96 <unknown>\n#3 0x56386ef55221 <unknown>\n#4 0x56386ef9a5d4 <unknown>\n#5 0x56386ef7903d <unknown>\n#6 0x56386ef97af6 <unknown>\n#7 0x56386ef78db3 <unknown>\n#8 0x56386ef47c10 <unknown>\n#9 0x56386ef48bee <unknown>\n#10 0x56386f3b93cb <unknown>\n#11 0x56386f3bd368 <unknown>\n#12 0x56386f3a6eec <unknown>\n#13 0x56386f3bdee7 <unknown>\n#14 0x56386f38c13f <unknown>\n#15 0x56386f3db858 <unknown>\n#16 0x56386f3dba20 <unknown>\n#17 0x56386f3ebfb6 <unknown>\n#18 0x7f65d2c94ac3 <unknown>","statusTrace":"self = <tests.login_test.TestLogin object at 0x7f3be168c260>\nemail = 'elias@gmail.com', password = '12345Tr'\ndata = Data(forgot_password=ForgotPassword(error_message=\"We can't find a user with that e-mail address.\", success_message='A...ct='Non Existing', page_title='My Workspace', project_name='test project', project_type='quiz', template_type='Blank'))\n\n    @allure.description(\"invalid login\")\n    @allure.title(\"Login with invalid credentials test\")\n    @pytest.mark.parametrize(\"email, password\", users)\n    @pytest.mark.run(order=3)\n    def test_invalid_login(self, email: str, password: str, data: Data):\n>       self.about_page.click_login_link()\n\ntests/login_test.py:26: \n_ _ _ _ _ _ _ _ _ _ _ _ _ _ _ _ _ _ _ _ _ _ _ _ _ _ _ _ _ _ _ _ _ _ _ _ _ _ _ _ \npages/about_page.py:20: in click_login_link\n    self.click(self.LOGIN_LINK)\npages/base_page.py:60: in click\n    el: WebElement = self.wait.until(\n_ _ _ _ _ _ _ _ _ _ _ _ _ _ _ _ _ _ _ _ _ _ _ _ _ _ _ _ _ _ _ _ _ _ _ _ _ _ _ _ \n\nself = <selenium.webdriver.support.wait.WebDriverWait (session=\"623e934a924558b97dd9693283931e64\")>\nmethod = <function element_to_be_clickable.<locals>._predicate at 0x7f3be133c4a0>\nmessage = ''\n\n    def until(self, method: Callable[[D], Union[Literal[False], T]], message: str = \"\") -> T:\n        \"\"\"Calls the method provided with the driver as an argument until the \\\n        return value does not evaluate to ``False``.\n    \n        :param method: callable(WebDriver)\n        :param message: optional message for :exc:`TimeoutException`\n        :returns: the result of the last call to `method`\n        :raises: :exc:`selenium.common.exceptions.TimeoutException` if timeout occurs\n        \"\"\"\n        screen = None\n        stacktrace = None\n    \n        end_time = time.monotonic() + self._timeout\n        while True:\n            try:\n                value = method(self._driver)\n                if value:\n                    return value\n            except self._ignored_exceptions as exc:\n                screen = getattr(exc, \"screen\", None)\n                stacktrace = getattr(exc, \"stacktrace\", None)\n            if time.monotonic() > end_time:\n                break\n            time.sleep(self._poll)\n>       raise TimeoutException(message, screen, stacktrace)\nE       selenium.common.exceptions.TimeoutException: Message: \nE       Stacktrace:\nE       #0 0x56386f3ed13a <unknown>\nE       #1 0x56386ef08460 <unknown>\nE       #2 0x56386ef54f96 <unknown>\nE       #3 0x56386ef55221 <unknown>\nE       #4 0x56386ef9a5d4 <unknown>\nE       #5 0x56386ef7903d <unknown>\nE       #6 0x56386ef97af6 <unknown>\nE       #7 0x56386ef78db3 <unknown>\nE       #8 0x56386ef47c10 <unknown>\nE       #9 0x56386ef48bee <unknown>\nE       #10 0x56386f3b93cb <unknown>\nE       #11 0x56386f3bd368 <unknown>\nE       #12 0x56386f3a6eec <unknown>\nE       #13 0x56386f3bdee7 <unknown>\nE       #14 0x56386f38c13f <unknown>\nE       #15 0x56386f3db858 <unknown>\nE       #16 0x56386f3dba20 <unknown>\nE       #17 0x56386f3ebfb6 <unknown>\nE       #18 0x7f65d2c94ac3 <unknown>\n\n.venv/lib/python3.12/site-packages/selenium/webdriver/support/wait.py:105: TimeoutException","steps":[{"name":"Click Login link","time":{"start":1731115615754,"stop":1731115625845,"duration":10091},"status":"broken","statusMessage":"selenium.common.exceptions.TimeoutException: Message: \nStacktrace:\n#0 0x56386f3ed13a <unknown>\n#1 0x56386ef08460 <unknown>\n#2 0x56386ef54f96 <unknown>\n#3 0x56386ef55221 <unknown>\n#4 0x56386ef9a5d4 <unknown>\n#5 0x56386ef7903d <unknown>\n#6 0x56386ef97af6 <unknown>\n#7 0x56386ef78db3 <unknown>\n#8 0x56386ef47c10 <unknown>\n#9 0x56386ef48bee <unknown>\n#10 0x56386f3b93cb <unknown>\n#11 0x56386f3bd368 <unknown>\n#12 0x56386f3a6eec <unknown>\n#13 0x56386f3bdee7 <unknown>\n#14 0x56386f38c13f <unknown>\n#15 0x56386f3db858 <unknown>\n#16 0x56386f3dba20 <unknown>\n#17 0x56386f3ebfb6 <unknown>\n#18 0x7f65d2c94ac3 <unknown>\n\n","statusTrace":"  File \"/home/runner/work/Selenium-Python-Example/Selenium-Python-Example/.venv/lib/python3.12/site-packages/allure_commons/_allure.py\", line 192, in impl\n    return func(*a, **kw)\n           ^^^^^^^^^^^^^^\n  File \"/home/runner/work/Selenium-Python-Example/Selenium-Python-Example/pages/about_page.py\", line 20, in click_login_link\n    self.click(self.LOGIN_LINK)\n  File \"/home/runner/work/Selenium-Python-Example/Selenium-Python-Example/pages/base_page.py\", line 60, in click\n    el: WebElement = self.wait.until(\n                     ^^^^^^^^^^^^^^^^\n  File \"/home/runner/work/Selenium-Python-Example/Selenium-Python-Example/.venv/lib/python3.12/site-packages/selenium/webdriver/support/wait.py\", line 105, in until\n    raise TimeoutException(message, screen, stacktrace)\n","steps":[],"attachments":[],"parameters":[],"shouldDisplayMessage":true,"stepsCount":0,"attachmentsCount":0,"hasContent":true,"attachmentStep":false},{"name":"public ip address","time":{"start":1731115625854,"stop":1731115625881,"duration":27},"status":"passed","steps":[],"attachments":[{"uid":"a34a004369d6acdb","name":"HTTP logs of http://checkip.amazonaws.com/","source":"a34a004369d6acdb.txt","type":"text/plain","size":357}],"parameters":[],"shouldDisplayMessage":false,"stepsCount":0,"attachmentsCount":1,"hasContent":true,"attachmentStep":false}],"attachments":[{"uid":"b074157f4a03f749","name":"Cookies","source":"b074157f4a03f749.json","type":"application/json","size":3585},{"uid":"f955b3077a55d69b","name":"Session Storage","source":"f955b3077a55d69b.json","type":"application/json","size":359},{"uid":"6820d9d69992e1e0","name":"Local Storage","source":"6820d9d69992e1e0.json","type":"application/json","size":790},{"uid":"69ce4fa9b3123941","name":"Console Logs","source":"69ce4fa9b3123941.json","type":"application/json","size":236},{"uid":"3af411f9cb0ea060","name":"Full Page Screenshot","source":"3af411f9cb0ea060.png","type":"image/png","size":4253960},{"uid":"f2122f9d79e27c5","name":"URL","source":"f2122f9d79e27c5.uri","type":"text/uri-list","size":23},{"uid":"dc894e1bb8ec1e86","name":"Network Logs","source":"dc894e1bb8ec1e86.json","type":"application/json","size":3048755}],"parameters":[],"shouldDisplayMessage":true,"stepsCount":2,"attachmentsCount":8,"hasContent":true,"attachmentStep":false},"afterStages":[{"name":"session_request::0","time":{"start":1731115737958,"stop":1731115737958,"duration":0},"status":"passed","steps":[],"attachments":[],"parameters":[],"shouldDisplayMessage":false,"stepsCount":0,"attachmentsCount":0,"hasContent":false,"attachmentStep":false}],"labels":[{"name":"epic","value":"Security"},{"name":"severity","value":"blocker"},{"name":"feature","value":"Login"},{"name":"tag","value":"run(order=3)"},{"name":"tag","value":"security"},{"name":"parentSuite","value":"tests"},{"name":"suite","value":"login_test"},{"name":"subSuite","value":"TestLogin"},{"name":"host","value":"fv-az1016-785"},{"name":"thread","value":"1841-MainThread"},{"name":"framework","value":"pytest"},{"name":"language","value":"cpython3"},{"name":"package","value":"tests.login_test"},{"name":"resultFormat","value":"allure2"}],"parameters":[{"name":"email","value":"'elias@gmail.com'"},{"name":"password","value":"'12345Tr'"}],"links":[],"hidden":false,"retry":false,"extra":{"severity":"blocker","retries":[],"categories":[{"name":"Test defects","matchedStatuses":[],"flaky":false}],"tags":["run(order=3)","security"]},"source":"f96bd5fba4a3a055.json","parameterValues":["'elias@gmail.com'","'12345Tr'"]}