{"uid":"6454aec2ca28a1f7","name":"Search for non existing project","fullName":"tests.workspaces_test.TestWorkspaces#test_search_for_non_existing_project","historyId":"ed697c69c4643fc2c746342bc96c6608","time":{"start":1703207560379,"stop":1703207560379,"duration":0},"description":"Search for a non existing project","descriptionHtml":"<p>Search for a non existing project</p>\n","status":"broken","statusMessage":"selenium.common.exceptions.TimeoutException: Message: \nStacktrace:\n#0 0x56090f05dd33 <unknown>\n#1 0x56090ed1af87 <unknown>\n#2 0x56090ed6ac0e <unknown>\n#3 0x56090ed6ad11 <unknown>\n#4 0x56090edb6004 <unknown>\n#5 0x56090ed9436d <unknown>\n#6 0x56090edb3297 <unknown>\n#7 0x56090ed940e3 <unknown>\n#8 0x56090ed5c044 <unknown>\n#9 0x56090ed5d44e <unknown>\n#10 0x56090f022861 <unknown>\n#11 0x56090f026785 <unknown>\n#12 0x56090f010285 <unknown>\n#13 0x56090f02741f <unknown>\n#14 0x56090eff420f <unknown>\n#15 0x56090f04b028 <unknown>\n#16 0x56090f04b1f7 <unknown>\n#17 0x56090f05ced4 <unknown>\n#18 0x7f0959294ac3 <unknown>","statusTrace":"self = <tests.workspaces_test.TestWorkspaces object at 0x7f353ed65390>\n\n    @pytest.fixture(autouse=True)\n    def setup_method_fixture(self):\n>       login(self.about_page, self.login_page)\n\ntests/workspaces_test.py:24: \n_ _ _ _ _ _ _ _ _ _ _ _ _ _ _ _ _ _ _ _ _ _ _ _ _ _ _ _ _ _ _ _ _ _ _ _ _ _ _ _ \ntests/workspaces_test.py:14: in login\n    about_page.click_login_link()\npages/about_page.py:20: in click_login_link\n    self.click(self.LOGIN_LINK)\npages/base_page.py:38: in click\n    el: WebElement = self.wait.until(\n_ _ _ _ _ _ _ _ _ _ _ _ _ _ _ _ _ _ _ _ _ _ _ _ _ _ _ _ _ _ _ _ _ _ _ _ _ _ _ _ \n\nself = <selenium.webdriver.support.wait.WebDriverWait (session=\"c0509973cad8d7dd2dba9e9d13802a69\")>\nmethod = <function element_to_be_clickable.<locals>._predicate at 0x7f353ee1b600>\nmessage = ''\n\n    def until(self, method: Callable[[WebDriver], Union[Literal[False], T]], message: str = \"\") -> T:\n        \"\"\"Calls the method provided with the driver as an argument until the \\\n        return value does not evaluate to ``False``.\n    \n        :param method: callable(WebDriver)\n        :param message: optional message for :exc:`TimeoutException`\n        :returns: the result of the last call to `method`\n        :raises: :exc:`selenium.common.exceptions.TimeoutException` if timeout occurs\n        \"\"\"\n        screen = None\n        stacktrace = None\n    \n        end_time = time.monotonic() + self._timeout\n        while True:\n            try:\n                value = method(self._driver)\n                if value:\n                    return value\n            except self._ignored_exceptions as exc:\n                screen = getattr(exc, \"screen\", None)\n                stacktrace = getattr(exc, \"stacktrace\", None)\n            time.sleep(self._poll)\n            if time.monotonic() > end_time:\n                break\n>       raise TimeoutException(message, screen, stacktrace)\nE       selenium.common.exceptions.TimeoutException: Message: \nE       Stacktrace:\nE       #0 0x56090f05dd33 <unknown>\nE       #1 0x56090ed1af87 <unknown>\nE       #2 0x56090ed6ac0e <unknown>\nE       #3 0x56090ed6ad11 <unknown>\nE       #4 0x56090edb6004 <unknown>\nE       #5 0x56090ed9436d <unknown>\nE       #6 0x56090edb3297 <unknown>\nE       #7 0x56090ed940e3 <unknown>\nE       #8 0x56090ed5c044 <unknown>\nE       #9 0x56090ed5d44e <unknown>\nE       #10 0x56090f022861 <unknown>\nE       #11 0x56090f026785 <unknown>\nE       #12 0x56090f010285 <unknown>\nE       #13 0x56090f02741f <unknown>\nE       #14 0x56090eff420f <unknown>\nE       #15 0x56090f04b028 <unknown>\nE       #16 0x56090f04b1f7 <unknown>\nE       #17 0x56090f05ced4 <unknown>\nE       #18 0x7f0959294ac3 <unknown>\n\n.venv/lib/python3.11/site-packages/selenium/webdriver/support/wait.py:101: TimeoutException","flaky":false,"newFailed":false,"newBroken":false,"newPassed":false,"retriesCount":0,"retriesStatusChange":false,"beforeStages":[{"name":"base_url","time":{"start":1703207454126,"stop":1703207454126,"duration":0},"status":"passed","steps":[],"attachments":[],"parameters":[],"shouldDisplayMessage":false,"stepsCount":0,"attachmentsCount":0,"hasContent":false,"attachmentStep":false},{"name":"_verify_url","time":{"start":1703207454126,"stop":1703207454126,"duration":0},"status":"passed","steps":[],"attachments":[],"parameters":[],"shouldDisplayMessage":false,"stepsCount":0,"attachmentsCount":0,"hasContent":false,"attachmentStep":false},{"name":"json_data","time":{"start":1703207454126,"stop":1703207454127,"duration":1},"status":"passed","steps":[],"attachments":[],"parameters":[],"shouldDisplayMessage":false,"stepsCount":0,"attachmentsCount":0,"hasContent":false,"attachmentStep":false},{"name":"setup_method_fixture","time":{"start":1703207562384,"stop":1703207572621,"duration":10237},"status":"broken","statusMessage":"selenium.common.exceptions.TimeoutException: Message: \nStacktrace:\n#0 0x56090f05dd33 <unknown>\n#1 0x56090ed1af87 <unknown>\n#2 0x56090ed6ac0e <unknown>\n#3 0x56090ed6ad11 <unknown>\n#4 0x56090edb6004 <unknown>\n#5 0x56090ed9436d <unknown>\n#6 0x56090edb3297 <unknown>\n#7 0x56090ed940e3 <unknown>\n#8 0x56090ed5c044 <unknown>\n#9 0x56090ed5d44e <unknown>\n#10 0x56090f022861 <unknown>\n#11 0x56090f026785 <unknown>\n#12 0x56090f010285 <unknown>\n#13 0x56090f02741f <unknown>\n#14 0x56090eff420f <unknown>\n#15 0x56090f04b028 <unknown>\n#16 0x56090f04b1f7 <unknown>\n#17 0x56090f05ced4 <unknown>\n#18 0x7f0959294ac3 <unknown>\n\n","statusTrace":"  File \"/home/runner/work/Selenium-Python-Example/Selenium-Python-Example/.venv/lib/python3.11/site-packages/pluggy/_callers.py\", line 80, in _multicall\n    res = hook_impl.function(*args)\n          ^^^^^^^^^^^^^^^^^^^^^^^^^\n  File \"/home/runner/work/Selenium-Python-Example/Selenium-Python-Example/.venv/lib/python3.11/site-packages/_pytest/fixtures.py\", line 1123, in pytest_fixture_setup\n    result = call_fixture_func(fixturefunc, request, kwargs)\n             ^^^^^^^^^^^^^^^^^^^^^^^^^^^^^^^^^^^^^^^^^^^^^^^\n  File \"/home/runner/work/Selenium-Python-Example/Selenium-Python-Example/.venv/lib/python3.11/site-packages/_pytest/fixtures.py\", line 902, in call_fixture_func\n    fixture_result = fixturefunc(**kwargs)\n                     ^^^^^^^^^^^^^^^^^^^^^\n  File \"/home/runner/work/Selenium-Python-Example/Selenium-Python-Example/tests/workspaces_test.py\", line 24, in setup_method_fixture\n    login(self.about_page, self.login_page)\n  File \"/home/runner/work/Selenium-Python-Example/Selenium-Python-Example/tests/workspaces_test.py\", line 14, in login\n    about_page.click_login_link()\n  File \"/home/runner/work/Selenium-Python-Example/Selenium-Python-Example/.venv/lib/python3.11/site-packages/allure_commons/_allure.py\", line 192, in impl\n    return func(*a, **kw)\n           ^^^^^^^^^^^^^^\n  File \"/home/runner/work/Selenium-Python-Example/Selenium-Python-Example/pages/about_page.py\", line 20, in click_login_link\n    self.click(self.LOGIN_LINK)\n  File \"/home/runner/work/Selenium-Python-Example/Selenium-Python-Example/pages/base_page.py\", line 38, in click\n    el: WebElement = self.wait.until(\n                     ^^^^^^^^^^^^^^^^\n  File \"/home/runner/work/Selenium-Python-Example/Selenium-Python-Example/.venv/lib/python3.11/site-packages/selenium/webdriver/support/wait.py\", line 101, in until\n    raise TimeoutException(message, screen, stacktrace)\n","steps":[{"name":"Click Login link","time":{"start":1703207562384,"stop":1703207572620,"duration":10236},"status":"broken","statusMessage":"selenium.common.exceptions.TimeoutException: Message: \nStacktrace:\n#0 0x56090f05dd33 <unknown>\n#1 0x56090ed1af87 <unknown>\n#2 0x56090ed6ac0e <unknown>\n#3 0x56090ed6ad11 <unknown>\n#4 0x56090edb6004 <unknown>\n#5 0x56090ed9436d <unknown>\n#6 0x56090edb3297 <unknown>\n#7 0x56090ed940e3 <unknown>\n#8 0x56090ed5c044 <unknown>\n#9 0x56090ed5d44e <unknown>\n#10 0x56090f022861 <unknown>\n#11 0x56090f026785 <unknown>\n#12 0x56090f010285 <unknown>\n#13 0x56090f02741f <unknown>\n#14 0x56090eff420f <unknown>\n#15 0x56090f04b028 <unknown>\n#16 0x56090f04b1f7 <unknown>\n#17 0x56090f05ced4 <unknown>\n#18 0x7f0959294ac3 <unknown>\n\n","statusTrace":"  File \"/home/runner/work/Selenium-Python-Example/Selenium-Python-Example/.venv/lib/python3.11/site-packages/allure_commons/_allure.py\", line 192, in impl\n    return func(*a, **kw)\n           ^^^^^^^^^^^^^^\n  File \"/home/runner/work/Selenium-Python-Example/Selenium-Python-Example/pages/about_page.py\", line 20, in click_login_link\n    self.click(self.LOGIN_LINK)\n  File \"/home/runner/work/Selenium-Python-Example/Selenium-Python-Example/pages/base_page.py\", line 38, in click\n    el: WebElement = self.wait.until(\n                     ^^^^^^^^^^^^^^^^\n  File \"/home/runner/work/Selenium-Python-Example/Selenium-Python-Example/.venv/lib/python3.11/site-packages/selenium/webdriver/support/wait.py\", line 101, in until\n    raise TimeoutException(message, screen, stacktrace)\n","steps":[],"attachments":[],"parameters":[],"shouldDisplayMessage":true,"stepsCount":0,"attachmentsCount":0,"hasContent":true,"attachmentStep":false}],"attachments":[],"parameters":[],"shouldDisplayMessage":false,"stepsCount":1,"attachmentsCount":0,"hasContent":true,"attachmentStep":false}],"testStage":{"description":"Search for a non existing project","status":"broken","statusMessage":"selenium.common.exceptions.TimeoutException: Message: \nStacktrace:\n#0 0x56090f05dd33 <unknown>\n#1 0x56090ed1af87 <unknown>\n#2 0x56090ed6ac0e <unknown>\n#3 0x56090ed6ad11 <unknown>\n#4 0x56090edb6004 <unknown>\n#5 0x56090ed9436d <unknown>\n#6 0x56090edb3297 <unknown>\n#7 0x56090ed940e3 <unknown>\n#8 0x56090ed5c044 <unknown>\n#9 0x56090ed5d44e <unknown>\n#10 0x56090f022861 <unknown>\n#11 0x56090f026785 <unknown>\n#12 0x56090f010285 <unknown>\n#13 0x56090f02741f <unknown>\n#14 0x56090eff420f <unknown>\n#15 0x56090f04b028 <unknown>\n#16 0x56090f04b1f7 <unknown>\n#17 0x56090f05ced4 <unknown>\n#18 0x7f0959294ac3 <unknown>","statusTrace":"self = <tests.workspaces_test.TestWorkspaces object at 0x7f353ed65390>\n\n    @pytest.fixture(autouse=True)\n    def setup_method_fixture(self):\n>       login(self.about_page, self.login_page)\n\ntests/workspaces_test.py:24: \n_ _ _ _ _ _ _ _ _ _ _ _ _ _ _ _ _ _ _ _ _ _ _ _ _ _ _ _ _ _ _ _ _ _ _ _ _ _ _ _ \ntests/workspaces_test.py:14: in login\n    about_page.click_login_link()\npages/about_page.py:20: in click_login_link\n    self.click(self.LOGIN_LINK)\npages/base_page.py:38: in click\n    el: WebElement = self.wait.until(\n_ _ _ _ _ _ _ _ _ _ _ _ _ _ _ _ _ _ _ _ _ _ _ _ _ _ _ _ _ _ _ _ _ _ _ _ _ _ _ _ \n\nself = <selenium.webdriver.support.wait.WebDriverWait (session=\"c0509973cad8d7dd2dba9e9d13802a69\")>\nmethod = <function element_to_be_clickable.<locals>._predicate at 0x7f353ee1b600>\nmessage = ''\n\n    def until(self, method: Callable[[WebDriver], Union[Literal[False], T]], message: str = \"\") -> T:\n        \"\"\"Calls the method provided with the driver as an argument until the \\\n        return value does not evaluate to ``False``.\n    \n        :param method: callable(WebDriver)\n        :param message: optional message for :exc:`TimeoutException`\n        :returns: the result of the last call to `method`\n        :raises: :exc:`selenium.common.exceptions.TimeoutException` if timeout occurs\n        \"\"\"\n        screen = None\n        stacktrace = None\n    \n        end_time = time.monotonic() + self._timeout\n        while True:\n            try:\n                value = method(self._driver)\n                if value:\n                    return value\n            except self._ignored_exceptions as exc:\n                screen = getattr(exc, \"screen\", None)\n                stacktrace = getattr(exc, \"stacktrace\", None)\n            time.sleep(self._poll)\n            if time.monotonic() > end_time:\n                break\n>       raise TimeoutException(message, screen, stacktrace)\nE       selenium.common.exceptions.TimeoutException: Message: \nE       Stacktrace:\nE       #0 0x56090f05dd33 <unknown>\nE       #1 0x56090ed1af87 <unknown>\nE       #2 0x56090ed6ac0e <unknown>\nE       #3 0x56090ed6ad11 <unknown>\nE       #4 0x56090edb6004 <unknown>\nE       #5 0x56090ed9436d <unknown>\nE       #6 0x56090edb3297 <unknown>\nE       #7 0x56090ed940e3 <unknown>\nE       #8 0x56090ed5c044 <unknown>\nE       #9 0x56090ed5d44e <unknown>\nE       #10 0x56090f022861 <unknown>\nE       #11 0x56090f026785 <unknown>\nE       #12 0x56090f010285 <unknown>\nE       #13 0x56090f02741f <unknown>\nE       #14 0x56090eff420f <unknown>\nE       #15 0x56090f04b028 <unknown>\nE       #16 0x56090f04b1f7 <unknown>\nE       #17 0x56090f05ced4 <unknown>\nE       #18 0x7f0959294ac3 <unknown>\n\n.venv/lib/python3.11/site-packages/selenium/webdriver/support/wait.py:101: TimeoutException","steps":[],"attachments":[{"uid":"24f2d41c492a5ccc","name":"public ip address","source":"24f2d41c492a5ccc.txt","type":"text/plain","size":12},{"uid":"c542507104210e74","name":"Cookies","source":"c542507104210e74.json","type":"application/json","size":4403},{"uid":"89caeef8e2ae6eb1","name":"Session Storage","source":"89caeef8e2ae6eb1.json","type":"application/json","size":358},{"uid":"f9c22663cf957862","name":"Local Storage","source":"f9c22663cf957862.json","type":"application/json","size":208},{"uid":"a5e5fa2b3902ef5c","name":"Console Logs","source":"a5e5fa2b3902ef5c.json","type":"application/json","size":2},{"uid":"92ebb67f346b57ce","name":"Full Page Screenshot","source":"92ebb67f346b57ce.png","type":"image/png","size":1283413},{"uid":"a425e22e7d7c7a81","name":"URL","source":"a425e22e7d7c7a81.uri","type":"text/uri-list","size":23},{"uid":"82b604c935df8db1","name":"Network Logs","source":"82b604c935df8db1.json","type":"application/json","size":22845}],"parameters":[],"shouldDisplayMessage":true,"stepsCount":0,"attachmentsCount":8,"hasContent":true,"attachmentStep":false},"afterStages":[],"labels":[{"name":"epic","value":"Workspaces"},{"name":"severity","value":"normal"},{"name":"story","value":"WorkSpaces Creation and Editing Functionality"},{"name":"tag","value":"run(order=7)"},{"name":"parentSuite","value":"tests"},{"name":"suite","value":"workspaces_test"},{"name":"subSuite","value":"TestWorkspaces"},{"name":"host","value":"fv-az1493-787"},{"name":"thread","value":"2240-MainThread"},{"name":"framework","value":"pytest"},{"name":"language","value":"cpython3"},{"name":"package","value":"tests.workspaces_test"},{"name":"resultFormat","value":"allure2"}],"parameters":[],"links":[],"hidden":false,"retry":false,"extra":{"severity":"normal","retries":[],"categories":[{"name":"Test defects","matchedStatuses":[],"flaky":false}],"tags":["run(order=7)"]},"source":"6454aec2ca28a1f7.json","parameterValues":[]}