{"uid":"5186ae7ce24b0991","name":"Delete existing project","fullName":"tests.workspaces_test.TestWorkspaces#test_delete_project","historyId":"01aedc61ee0cb37239b4ba1d780257ea","time":{"start":1714785226660,"stop":1714785226660,"duration":0},"description":"Deleting an existing project from workspace","descriptionHtml":"<p>Deleting an existing project from workspace</p>\n","status":"broken","statusMessage":"selenium.common.exceptions.TimeoutException: Message: \nStacktrace:\n#0 0x5602ed2bde33 <unknown>\n#1 0x5602ecfad567 <unknown>\n#2 0x5602ecff827d <unknown>\n#3 0x5602ecff8331 <unknown>\n#4 0x5602ed03b624 <unknown>\n#5 0x5602ed01a38d <unknown>\n#6 0x5602ed038ae2 <unknown>\n#7 0x5602ed01a103 <unknown>\n#8 0x5602ecfeb1ba <unknown>\n#9 0x5602ecfebb8e <unknown>\n#10 0x5602ed28259b <unknown>\n#11 0x5602ed28634b <unknown>\n#12 0x5602ed26e681 <unknown>\n#13 0x5602ed286eb2 <unknown>\n#14 0x5602ed2536af <unknown>\n#15 0x5602ed2ad428 <unknown>\n#16 0x5602ed2ad600 <unknown>\n#17 0x5602ed2bcf84 <unknown>\n#18 0x7ff620494ac3 <unknown>","statusTrace":"self = <tests.workspaces_test.TestWorkspaces object at 0x7fc9859ec080>\n\n    @pytest.fixture(autouse=True)\n    def setup_method_fixture(self):\n>       login(self.about_page, self.login_page)\n\ntests/workspaces_test.py:25: \n_ _ _ _ _ _ _ _ _ _ _ _ _ _ _ _ _ _ _ _ _ _ _ _ _ _ _ _ _ _ _ _ _ _ _ _ _ _ _ _ \ntests/workspaces_test.py:15: in login\n    about_page.click_login_link()\npages/about_page.py:20: in click_login_link\n    self.click(self.LOGIN_LINK)\npages/base_page.py:60: in click\n    el: WebElement = self.wait.until(\n_ _ _ _ _ _ _ _ _ _ _ _ _ _ _ _ _ _ _ _ _ _ _ _ _ _ _ _ _ _ _ _ _ _ _ _ _ _ _ _ \n\nself = <selenium.webdriver.support.wait.WebDriverWait (session=\"35e2d9e3ba9403c832a1e903dc78bd0c\")>\nmethod = <function element_to_be_clickable.<locals>._predicate at 0x7fc985a47240>\nmessage = ''\n\n    def until(self, method: Callable[[D], Union[Literal[False], T]], message: str = \"\") -> T:\n        \"\"\"Calls the method provided with the driver as an argument until the \\\n        return value does not evaluate to ``False``.\n    \n        :param method: callable(WebDriver)\n        :param message: optional message for :exc:`TimeoutException`\n        :returns: the result of the last call to `method`\n        :raises: :exc:`selenium.common.exceptions.TimeoutException` if timeout occurs\n        \"\"\"\n        screen = None\n        stacktrace = None\n    \n        end_time = time.monotonic() + self._timeout\n        while True:\n            try:\n                value = method(self._driver)\n                if value:\n                    return value\n            except self._ignored_exceptions as exc:\n                screen = getattr(exc, \"screen\", None)\n                stacktrace = getattr(exc, \"stacktrace\", None)\n            time.sleep(self._poll)\n            if time.monotonic() > end_time:\n                break\n>       raise TimeoutException(message, screen, stacktrace)\nE       selenium.common.exceptions.TimeoutException: Message: \nE       Stacktrace:\nE       #0 0x5602ed2bde33 <unknown>\nE       #1 0x5602ecfad567 <unknown>\nE       #2 0x5602ecff827d <unknown>\nE       #3 0x5602ecff8331 <unknown>\nE       #4 0x5602ed03b624 <unknown>\nE       #5 0x5602ed01a38d <unknown>\nE       #6 0x5602ed038ae2 <unknown>\nE       #7 0x5602ed01a103 <unknown>\nE       #8 0x5602ecfeb1ba <unknown>\nE       #9 0x5602ecfebb8e <unknown>\nE       #10 0x5602ed28259b <unknown>\nE       #11 0x5602ed28634b <unknown>\nE       #12 0x5602ed26e681 <unknown>\nE       #13 0x5602ed286eb2 <unknown>\nE       #14 0x5602ed2536af <unknown>\nE       #15 0x5602ed2ad428 <unknown>\nE       #16 0x5602ed2ad600 <unknown>\nE       #17 0x5602ed2bcf84 <unknown>\nE       #18 0x7ff620494ac3 <unknown>\n\n.venv/lib/python3.12/site-packages/selenium/webdriver/support/wait.py:105: TimeoutException","flaky":false,"newFailed":false,"newBroken":false,"newPassed":false,"retriesCount":0,"retriesStatusChange":false,"beforeStages":[{"name":"setup_method_fixture","time":{"start":1714785228256,"stop":1714785238542,"duration":10286},"status":"broken","statusMessage":"selenium.common.exceptions.TimeoutException: Message: \nStacktrace:\n#0 0x5602ed2bde33 <unknown>\n#1 0x5602ecfad567 <unknown>\n#2 0x5602ecff827d <unknown>\n#3 0x5602ecff8331 <unknown>\n#4 0x5602ed03b624 <unknown>\n#5 0x5602ed01a38d <unknown>\n#6 0x5602ed038ae2 <unknown>\n#7 0x5602ed01a103 <unknown>\n#8 0x5602ecfeb1ba <unknown>\n#9 0x5602ecfebb8e <unknown>\n#10 0x5602ed28259b <unknown>\n#11 0x5602ed28634b <unknown>\n#12 0x5602ed26e681 <unknown>\n#13 0x5602ed286eb2 <unknown>\n#14 0x5602ed2536af <unknown>\n#15 0x5602ed2ad428 <unknown>\n#16 0x5602ed2ad600 <unknown>\n#17 0x5602ed2bcf84 <unknown>\n#18 0x7ff620494ac3 <unknown>\n\n","statusTrace":"  File \"/home/runner/work/Selenium-Python-Example/Selenium-Python-Example/.venv/lib/python3.12/site-packages/pluggy/_callers.py\", line 167, in _multicall\n    teardown.throw(outcome._exception)\n  File \"/home/runner/work/Selenium-Python-Example/Selenium-Python-Example/.venv/lib/python3.12/site-packages/_pytest/setuponly.py\", line 36, in pytest_fixture_setup\n    return (yield)\n            ^^^^^\n  File \"/home/runner/work/Selenium-Python-Example/Selenium-Python-Example/.venv/lib/python3.12/site-packages/pluggy/_callers.py\", line 103, in _multicall\n    res = hook_impl.function(*args)\n          ^^^^^^^^^^^^^^^^^^^^^^^^^\n  File \"/home/runner/work/Selenium-Python-Example/Selenium-Python-Example/.venv/lib/python3.12/site-packages/_pytest/fixtures.py\", line 1122, in pytest_fixture_setup\n    result = call_fixture_func(fixturefunc, request, kwargs)\n             ^^^^^^^^^^^^^^^^^^^^^^^^^^^^^^^^^^^^^^^^^^^^^^^\n  File \"/home/runner/work/Selenium-Python-Example/Selenium-Python-Example/.venv/lib/python3.12/site-packages/_pytest/fixtures.py\", line 884, in call_fixture_func\n    fixture_result = fixturefunc(**kwargs)\n                     ^^^^^^^^^^^^^^^^^^^^^\n  File \"/home/runner/work/Selenium-Python-Example/Selenium-Python-Example/tests/workspaces_test.py\", line 25, in setup_method_fixture\n    login(self.about_page, self.login_page)\n  File \"/home/runner/work/Selenium-Python-Example/Selenium-Python-Example/tests/workspaces_test.py\", line 15, in login\n    about_page.click_login_link()\n  File \"/home/runner/work/Selenium-Python-Example/Selenium-Python-Example/.venv/lib/python3.12/site-packages/allure_commons/_allure.py\", line 192, in impl\n    return func(*a, **kw)\n           ^^^^^^^^^^^^^^\n  File \"/home/runner/work/Selenium-Python-Example/Selenium-Python-Example/pages/about_page.py\", line 20, in click_login_link\n    self.click(self.LOGIN_LINK)\n  File \"/home/runner/work/Selenium-Python-Example/Selenium-Python-Example/pages/base_page.py\", line 60, in click\n    el: WebElement = self.wait.until(\n                     ^^^^^^^^^^^^^^^^\n  File \"/home/runner/work/Selenium-Python-Example/Selenium-Python-Example/.venv/lib/python3.12/site-packages/selenium/webdriver/support/wait.py\", line 105, in until\n    raise TimeoutException(message, screen, stacktrace)\n","steps":[{"name":"Click Login link","time":{"start":1714785228256,"stop":1714785238541,"duration":10285},"status":"broken","statusMessage":"selenium.common.exceptions.TimeoutException: Message: \nStacktrace:\n#0 0x5602ed2bde33 <unknown>\n#1 0x5602ecfad567 <unknown>\n#2 0x5602ecff827d <unknown>\n#3 0x5602ecff8331 <unknown>\n#4 0x5602ed03b624 <unknown>\n#5 0x5602ed01a38d <unknown>\n#6 0x5602ed038ae2 <unknown>\n#7 0x5602ed01a103 <unknown>\n#8 0x5602ecfeb1ba <unknown>\n#9 0x5602ecfebb8e <unknown>\n#10 0x5602ed28259b <unknown>\n#11 0x5602ed28634b <unknown>\n#12 0x5602ed26e681 <unknown>\n#13 0x5602ed286eb2 <unknown>\n#14 0x5602ed2536af <unknown>\n#15 0x5602ed2ad428 <unknown>\n#16 0x5602ed2ad600 <unknown>\n#17 0x5602ed2bcf84 <unknown>\n#18 0x7ff620494ac3 <unknown>\n\n","statusTrace":"  File \"/home/runner/work/Selenium-Python-Example/Selenium-Python-Example/.venv/lib/python3.12/site-packages/allure_commons/_allure.py\", line 192, in impl\n    return func(*a, **kw)\n           ^^^^^^^^^^^^^^\n  File \"/home/runner/work/Selenium-Python-Example/Selenium-Python-Example/pages/about_page.py\", line 20, in click_login_link\n    self.click(self.LOGIN_LINK)\n  File \"/home/runner/work/Selenium-Python-Example/Selenium-Python-Example/pages/base_page.py\", line 60, in click\n    el: WebElement = self.wait.until(\n                     ^^^^^^^^^^^^^^^^\n  File \"/home/runner/work/Selenium-Python-Example/Selenium-Python-Example/.venv/lib/python3.12/site-packages/selenium/webdriver/support/wait.py\", line 105, in until\n    raise TimeoutException(message, screen, stacktrace)\n","steps":[],"attachments":[],"parameters":[],"shouldDisplayMessage":true,"stepsCount":0,"attachmentsCount":0,"hasContent":true,"attachmentStep":false}],"attachments":[],"parameters":[],"shouldDisplayMessage":false,"stepsCount":1,"attachmentsCount":0,"hasContent":true,"attachmentStep":false}],"testStage":{"description":"Deleting an existing project from workspace","status":"broken","statusMessage":"selenium.common.exceptions.TimeoutException: Message: \nStacktrace:\n#0 0x5602ed2bde33 <unknown>\n#1 0x5602ecfad567 <unknown>\n#2 0x5602ecff827d <unknown>\n#3 0x5602ecff8331 <unknown>\n#4 0x5602ed03b624 <unknown>\n#5 0x5602ed01a38d <unknown>\n#6 0x5602ed038ae2 <unknown>\n#7 0x5602ed01a103 <unknown>\n#8 0x5602ecfeb1ba <unknown>\n#9 0x5602ecfebb8e <unknown>\n#10 0x5602ed28259b <unknown>\n#11 0x5602ed28634b <unknown>\n#12 0x5602ed26e681 <unknown>\n#13 0x5602ed286eb2 <unknown>\n#14 0x5602ed2536af <unknown>\n#15 0x5602ed2ad428 <unknown>\n#16 0x5602ed2ad600 <unknown>\n#17 0x5602ed2bcf84 <unknown>\n#18 0x7ff620494ac3 <unknown>","statusTrace":"self = <tests.workspaces_test.TestWorkspaces object at 0x7fc9859ec080>\n\n    @pytest.fixture(autouse=True)\n    def setup_method_fixture(self):\n>       login(self.about_page, self.login_page)\n\ntests/workspaces_test.py:25: \n_ _ _ _ _ _ _ _ _ _ _ _ _ _ _ _ _ _ _ _ _ _ _ _ _ _ _ _ _ _ _ _ _ _ _ _ _ _ _ _ \ntests/workspaces_test.py:15: in login\n    about_page.click_login_link()\npages/about_page.py:20: in click_login_link\n    self.click(self.LOGIN_LINK)\npages/base_page.py:60: in click\n    el: WebElement = self.wait.until(\n_ _ _ _ _ _ _ _ _ _ _ _ _ _ _ _ _ _ _ _ _ _ _ _ _ _ _ _ _ _ _ _ _ _ _ _ _ _ _ _ \n\nself = <selenium.webdriver.support.wait.WebDriverWait (session=\"35e2d9e3ba9403c832a1e903dc78bd0c\")>\nmethod = <function element_to_be_clickable.<locals>._predicate at 0x7fc985a47240>\nmessage = ''\n\n    def until(self, method: Callable[[D], Union[Literal[False], T]], message: str = \"\") -> T:\n        \"\"\"Calls the method provided with the driver as an argument until the \\\n        return value does not evaluate to ``False``.\n    \n        :param method: callable(WebDriver)\n        :param message: optional message for :exc:`TimeoutException`\n        :returns: the result of the last call to `method`\n        :raises: :exc:`selenium.common.exceptions.TimeoutException` if timeout occurs\n        \"\"\"\n        screen = None\n        stacktrace = None\n    \n        end_time = time.monotonic() + self._timeout\n        while True:\n            try:\n                value = method(self._driver)\n                if value:\n                    return value\n            except self._ignored_exceptions as exc:\n                screen = getattr(exc, \"screen\", None)\n                stacktrace = getattr(exc, \"stacktrace\", None)\n            time.sleep(self._poll)\n            if time.monotonic() > end_time:\n                break\n>       raise TimeoutException(message, screen, stacktrace)\nE       selenium.common.exceptions.TimeoutException: Message: \nE       Stacktrace:\nE       #0 0x5602ed2bde33 <unknown>\nE       #1 0x5602ecfad567 <unknown>\nE       #2 0x5602ecff827d <unknown>\nE       #3 0x5602ecff8331 <unknown>\nE       #4 0x5602ed03b624 <unknown>\nE       #5 0x5602ed01a38d <unknown>\nE       #6 0x5602ed038ae2 <unknown>\nE       #7 0x5602ed01a103 <unknown>\nE       #8 0x5602ecfeb1ba <unknown>\nE       #9 0x5602ecfebb8e <unknown>\nE       #10 0x5602ed28259b <unknown>\nE       #11 0x5602ed28634b <unknown>\nE       #12 0x5602ed26e681 <unknown>\nE       #13 0x5602ed286eb2 <unknown>\nE       #14 0x5602ed2536af <unknown>\nE       #15 0x5602ed2ad428 <unknown>\nE       #16 0x5602ed2ad600 <unknown>\nE       #17 0x5602ed2bcf84 <unknown>\nE       #18 0x7ff620494ac3 <unknown>\n\n.venv/lib/python3.12/site-packages/selenium/webdriver/support/wait.py:105: TimeoutException","steps":[{"name":"public ip address","time":{"start":1714785238554,"stop":1714785238689,"duration":135},"status":"passed","steps":[],"attachments":[{"uid":"6f2f40643c81ac34","name":"HTTP logs of http://checkip.amazonaws.com/","source":"6f2f40643c81ac34.txt","type":"text/plain","size":357}],"parameters":[],"shouldDisplayMessage":false,"stepsCount":0,"attachmentsCount":1,"hasContent":true,"attachmentStep":false}],"attachments":[{"uid":"875903607ba8916c","name":"Cookies","source":"875903607ba8916c.json","type":"application/json","size":3636},{"uid":"73b49bc1f1eba0ab","name":"Session Storage","source":"73b49bc1f1eba0ab.json","type":"application/json","size":359},{"uid":"86338e7664177d61","name":"Local Storage","source":"86338e7664177d61.json","type":"application/json","size":294},{"uid":"3424db0071f71017","name":"Console Logs","source":"3424db0071f71017.json","type":"application/json","size":7723},{"uid":"c0776d84bb19e852","name":"Full Page Screenshot","source":"c0776d84bb19e852.png","type":"image/png","size":6246649},{"uid":"a735a296232447fb","name":"URL","source":"a735a296232447fb.uri","type":"text/uri-list","size":23},{"uid":"bc0f4263b78d9b35","name":"Network Logs","source":"bc0f4263b78d9b35.json","type":"application/json","size":842868}],"parameters":[],"shouldDisplayMessage":true,"stepsCount":1,"attachmentsCount":8,"hasContent":true,"attachmentStep":false},"afterStages":[],"labels":[{"name":"epic","value":"Workspaces"},{"name":"severity","value":"normal"},{"name":"story","value":"WorkSpaces Creation and Editing Functionality"},{"name":"tag","value":"run(order=9)"},{"name":"parentSuite","value":"tests"},{"name":"suite","value":"workspaces_test"},{"name":"subSuite","value":"TestWorkspaces"},{"name":"host","value":"fv-az1567-18"},{"name":"thread","value":"2438-MainThread"},{"name":"framework","value":"pytest"},{"name":"language","value":"cpython3"},{"name":"package","value":"tests.workspaces_test"},{"name":"resultFormat","value":"allure2"}],"parameters":[],"links":[],"hidden":false,"retry":false,"extra":{"severity":"normal","retries":[],"categories":[{"name":"Test defects","matchedStatuses":[],"flaky":false}],"tags":["run(order=9)"]},"source":"5186ae7ce24b0991.json","parameterValues":[]}