{"uid":"17cb6b16b5fb162d","name":"Cancel a project deletion","fullName":"tests.workspaces_test.TestWorkspaces#test_cancel_project_deletion","historyId":"4e88bda60b0c69cc538a06ace82098c3","time":{"start":1736127832772,"stop":1736127832772,"duration":0},"description":"Cancel project deletion","descriptionHtml":"<p>Cancel project deletion</p>\n","status":"broken","statusMessage":"selenium.common.exceptions.TimeoutException: Message: \nStacktrace:\n#0 0x560c526c431a <unknown>\n#1 0x560c521da6e0 <unknown>\n#2 0x560c522293e6 <unknown>\n#3 0x560c52229681 <unknown>\n#4 0x560c5226eb04 <unknown>\n#5 0x560c5224d48d <unknown>\n#6 0x560c5226bed7 <unknown>\n#7 0x560c5224d203 <unknown>\n#8 0x560c5221bcc0 <unknown>\n#9 0x560c5221cc9e <unknown>\n#10 0x560c52691d0b <unknown>\n#11 0x560c52695c92 <unknown>\n#12 0x560c5267eb3c <unknown>\n#13 0x560c52696807 <unknown>\n#14 0x560c526640df <unknown>\n#15 0x560c526b3578 <unknown>\n#16 0x560c526b3740 <unknown>\n#17 0x560c526c3196 <unknown>\n#18 0x7f115a49ca94 <unknown>\n#19 0x7f115a529c3c <unknown>","statusTrace":"self = <tests.workspaces_test.TestWorkspaces object at 0x7fce8bdd99d0>\n\n    @pytest.fixture(autouse=True)\n    def setup_method_fixture(self):\n>       login(self.about_page, self.login_page)\n\ntests/workspaces_test.py:25: \n_ _ _ _ _ _ _ _ _ _ _ _ _ _ _ _ _ _ _ _ _ _ _ _ _ _ _ _ _ _ _ _ _ _ _ _ _ _ _ _ \ntests/workspaces_test.py:15: in login\n    about_page.click_login_link()\npages/about_page.py:20: in click_login_link\n    self.click(self.LOGIN_LINK)\npages/base_page.py:60: in click\n    el: WebElement = self.wait.until(\n_ _ _ _ _ _ _ _ _ _ _ _ _ _ _ _ _ _ _ _ _ _ _ _ _ _ _ _ _ _ _ _ _ _ _ _ _ _ _ _ \n\nself = <selenium.webdriver.support.wait.WebDriverWait (session=\"29942bd5647f5ea4f9086e218e01d21b\")>\nmethod = <function element_to_be_clickable.<locals>._predicate at 0x7fce8b692980>\nmessage = ''\n\n    def until(self, method: Callable[[D], Union[Literal[False], T]], message: str = \"\") -> T:\n        \"\"\"Calls the method provided with the driver as an argument until the \\\n        return value does not evaluate to ``False``.\n    \n        :param method: callable(WebDriver)\n        :param message: optional message for :exc:`TimeoutException`\n        :returns: the result of the last call to `method`\n        :raises: :exc:`selenium.common.exceptions.TimeoutException` if timeout occurs\n        \"\"\"\n        screen = None\n        stacktrace = None\n    \n        end_time = time.monotonic() + self._timeout\n        while True:\n            try:\n                value = method(self._driver)\n                if value:\n                    return value\n            except self._ignored_exceptions as exc:\n                screen = getattr(exc, \"screen\", None)\n                stacktrace = getattr(exc, \"stacktrace\", None)\n            if time.monotonic() > end_time:\n                break\n            time.sleep(self._poll)\n>       raise TimeoutException(message, screen, stacktrace)\nE       selenium.common.exceptions.TimeoutException: Message: \nE       Stacktrace:\nE       #0 0x560c526c431a <unknown>\nE       #1 0x560c521da6e0 <unknown>\nE       #2 0x560c522293e6 <unknown>\nE       #3 0x560c52229681 <unknown>\nE       #4 0x560c5226eb04 <unknown>\nE       #5 0x560c5224d48d <unknown>\nE       #6 0x560c5226bed7 <unknown>\nE       #7 0x560c5224d203 <unknown>\nE       #8 0x560c5221bcc0 <unknown>\nE       #9 0x560c5221cc9e <unknown>\nE       #10 0x560c52691d0b <unknown>\nE       #11 0x560c52695c92 <unknown>\nE       #12 0x560c5267eb3c <unknown>\nE       #13 0x560c52696807 <unknown>\nE       #14 0x560c526640df <unknown>\nE       #15 0x560c526b3578 <unknown>\nE       #16 0x560c526b3740 <unknown>\nE       #17 0x560c526c3196 <unknown>\nE       #18 0x7f115a49ca94 <unknown>\nE       #19 0x7f115a529c3c <unknown>\n\n.venv/lib/python3.12/site-packages/selenium/webdriver/support/wait.py:105: TimeoutException","flaky":false,"newFailed":false,"newBroken":false,"newPassed":false,"retriesCount":0,"retriesStatusChange":false,"beforeStages":[{"name":"base_url","time":{"start":1736127696502,"stop":1736127696502,"duration":0},"status":"passed","steps":[],"attachments":[],"parameters":[],"shouldDisplayMessage":false,"stepsCount":0,"attachmentsCount":0,"hasContent":false,"attachmentStep":false},{"name":"_verify_url","time":{"start":1736127696502,"stop":1736127696502,"duration":0},"status":"passed","steps":[],"attachments":[],"parameters":[],"shouldDisplayMessage":false,"stepsCount":0,"attachmentsCount":0,"hasContent":false,"attachmentStep":false},{"name":"session_request","time":{"start":1736127696502,"stop":1736127696503,"duration":1},"status":"passed","steps":[],"attachments":[],"parameters":[],"shouldDisplayMessage":false,"stepsCount":0,"attachmentsCount":0,"hasContent":false,"attachmentStep":false},{"name":"data","time":{"start":1736127696503,"stop":1736127696503,"duration":0},"status":"passed","steps":[],"attachments":[],"parameters":[],"shouldDisplayMessage":false,"stepsCount":0,"attachmentsCount":0,"hasContent":false,"attachmentStep":false},{"name":"setup_method_fixture","time":{"start":1736127834912,"stop":1736127845117,"duration":10205},"status":"broken","statusMessage":"selenium.common.exceptions.TimeoutException: Message: \nStacktrace:\n#0 0x560c526c431a <unknown>\n#1 0x560c521da6e0 <unknown>\n#2 0x560c522293e6 <unknown>\n#3 0x560c52229681 <unknown>\n#4 0x560c5226eb04 <unknown>\n#5 0x560c5224d48d <unknown>\n#6 0x560c5226bed7 <unknown>\n#7 0x560c5224d203 <unknown>\n#8 0x560c5221bcc0 <unknown>\n#9 0x560c5221cc9e <unknown>\n#10 0x560c52691d0b <unknown>\n#11 0x560c52695c92 <unknown>\n#12 0x560c5267eb3c <unknown>\n#13 0x560c52696807 <unknown>\n#14 0x560c526640df <unknown>\n#15 0x560c526b3578 <unknown>\n#16 0x560c526b3740 <unknown>\n#17 0x560c526c3196 <unknown>\n#18 0x7f115a49ca94 <unknown>\n#19 0x7f115a529c3c <unknown>\n\n","statusTrace":"  File \"/home/runner/work/Selenium-Python-Example/Selenium-Python-Example/.venv/lib/python3.12/site-packages/pluggy/_callers.py\", line 167, in _multicall\n    teardown.throw(outcome._exception)\n  File \"/home/runner/work/Selenium-Python-Example/Selenium-Python-Example/.venv/lib/python3.12/site-packages/_pytest/setuponly.py\", line 36, in pytest_fixture_setup\n    return (yield)\n            ^^^^^\n  File \"/home/runner/work/Selenium-Python-Example/Selenium-Python-Example/.venv/lib/python3.12/site-packages/pluggy/_callers.py\", line 103, in _multicall\n    res = hook_impl.function(*args)\n          ^^^^^^^^^^^^^^^^^^^^^^^^^\n  File \"/home/runner/work/Selenium-Python-Example/Selenium-Python-Example/.venv/lib/python3.12/site-packages/_pytest/fixtures.py\", line 1140, in pytest_fixture_setup\n    result = call_fixture_func(fixturefunc, request, kwargs)\n             ^^^^^^^^^^^^^^^^^^^^^^^^^^^^^^^^^^^^^^^^^^^^^^^\n  File \"/home/runner/work/Selenium-Python-Example/Selenium-Python-Example/.venv/lib/python3.12/site-packages/_pytest/fixtures.py\", line 898, in call_fixture_func\n    fixture_result = fixturefunc(**kwargs)\n                     ^^^^^^^^^^^^^^^^^^^^^\n  File \"/home/runner/work/Selenium-Python-Example/Selenium-Python-Example/tests/workspaces_test.py\", line 25, in setup_method_fixture\n    login(self.about_page, self.login_page)\n  File \"/home/runner/work/Selenium-Python-Example/Selenium-Python-Example/tests/workspaces_test.py\", line 15, in login\n    about_page.click_login_link()\n  File \"/home/runner/work/Selenium-Python-Example/Selenium-Python-Example/.venv/lib/python3.12/site-packages/allure_commons/_allure.py\", line 192, in impl\n    return func(*a, **kw)\n           ^^^^^^^^^^^^^^\n  File \"/home/runner/work/Selenium-Python-Example/Selenium-Python-Example/pages/about_page.py\", line 20, in click_login_link\n    self.click(self.LOGIN_LINK)\n  File \"/home/runner/work/Selenium-Python-Example/Selenium-Python-Example/pages/base_page.py\", line 60, in click\n    el: WebElement = self.wait.until(\n                     ^^^^^^^^^^^^^^^^\n  File \"/home/runner/work/Selenium-Python-Example/Selenium-Python-Example/.venv/lib/python3.12/site-packages/selenium/webdriver/support/wait.py\", line 105, in until\n    raise TimeoutException(message, screen, stacktrace)\n","steps":[{"name":"Click Login link","time":{"start":1736127834912,"stop":1736127845117,"duration":10205},"status":"broken","statusMessage":"selenium.common.exceptions.TimeoutException: Message: \nStacktrace:\n#0 0x560c526c431a <unknown>\n#1 0x560c521da6e0 <unknown>\n#2 0x560c522293e6 <unknown>\n#3 0x560c52229681 <unknown>\n#4 0x560c5226eb04 <unknown>\n#5 0x560c5224d48d <unknown>\n#6 0x560c5226bed7 <unknown>\n#7 0x560c5224d203 <unknown>\n#8 0x560c5221bcc0 <unknown>\n#9 0x560c5221cc9e <unknown>\n#10 0x560c52691d0b <unknown>\n#11 0x560c52695c92 <unknown>\n#12 0x560c5267eb3c <unknown>\n#13 0x560c52696807 <unknown>\n#14 0x560c526640df <unknown>\n#15 0x560c526b3578 <unknown>\n#16 0x560c526b3740 <unknown>\n#17 0x560c526c3196 <unknown>\n#18 0x7f115a49ca94 <unknown>\n#19 0x7f115a529c3c <unknown>\n\n","statusTrace":"  File \"/home/runner/work/Selenium-Python-Example/Selenium-Python-Example/.venv/lib/python3.12/site-packages/allure_commons/_allure.py\", line 192, in impl\n    return func(*a, **kw)\n           ^^^^^^^^^^^^^^\n  File \"/home/runner/work/Selenium-Python-Example/Selenium-Python-Example/pages/about_page.py\", line 20, in click_login_link\n    self.click(self.LOGIN_LINK)\n  File \"/home/runner/work/Selenium-Python-Example/Selenium-Python-Example/pages/base_page.py\", line 60, in click\n    el: WebElement = self.wait.until(\n                     ^^^^^^^^^^^^^^^^\n  File \"/home/runner/work/Selenium-Python-Example/Selenium-Python-Example/.venv/lib/python3.12/site-packages/selenium/webdriver/support/wait.py\", line 105, in until\n    raise TimeoutException(message, screen, stacktrace)\n","steps":[],"attachments":[],"parameters":[],"shouldDisplayMessage":true,"stepsCount":0,"attachmentsCount":0,"hasContent":true,"attachmentStep":false}],"attachments":[],"parameters":[],"shouldDisplayMessage":false,"stepsCount":1,"attachmentsCount":0,"hasContent":true,"attachmentStep":false}],"testStage":{"description":"Cancel project deletion","status":"broken","statusMessage":"selenium.common.exceptions.TimeoutException: Message: \nStacktrace:\n#0 0x560c526c431a <unknown>\n#1 0x560c521da6e0 <unknown>\n#2 0x560c522293e6 <unknown>\n#3 0x560c52229681 <unknown>\n#4 0x560c5226eb04 <unknown>\n#5 0x560c5224d48d <unknown>\n#6 0x560c5226bed7 <unknown>\n#7 0x560c5224d203 <unknown>\n#8 0x560c5221bcc0 <unknown>\n#9 0x560c5221cc9e <unknown>\n#10 0x560c52691d0b <unknown>\n#11 0x560c52695c92 <unknown>\n#12 0x560c5267eb3c <unknown>\n#13 0x560c52696807 <unknown>\n#14 0x560c526640df <unknown>\n#15 0x560c526b3578 <unknown>\n#16 0x560c526b3740 <unknown>\n#17 0x560c526c3196 <unknown>\n#18 0x7f115a49ca94 <unknown>\n#19 0x7f115a529c3c <unknown>","statusTrace":"self = <tests.workspaces_test.TestWorkspaces object at 0x7fce8bdd99d0>\n\n    @pytest.fixture(autouse=True)\n    def setup_method_fixture(self):\n>       login(self.about_page, self.login_page)\n\ntests/workspaces_test.py:25: \n_ _ _ _ _ _ _ _ _ _ _ _ _ _ _ _ _ _ _ _ _ _ _ _ _ _ _ _ _ _ _ _ _ _ _ _ _ _ _ _ \ntests/workspaces_test.py:15: in login\n    about_page.click_login_link()\npages/about_page.py:20: in click_login_link\n    self.click(self.LOGIN_LINK)\npages/base_page.py:60: in click\n    el: WebElement = self.wait.until(\n_ _ _ _ _ _ _ _ _ _ _ _ _ _ _ _ _ _ _ _ _ _ _ _ _ _ _ _ _ _ _ _ _ _ _ _ _ _ _ _ \n\nself = <selenium.webdriver.support.wait.WebDriverWait (session=\"29942bd5647f5ea4f9086e218e01d21b\")>\nmethod = <function element_to_be_clickable.<locals>._predicate at 0x7fce8b692980>\nmessage = ''\n\n    def until(self, method: Callable[[D], Union[Literal[False], T]], message: str = \"\") -> T:\n        \"\"\"Calls the method provided with the driver as an argument until the \\\n        return value does not evaluate to ``False``.\n    \n        :param method: callable(WebDriver)\n        :param message: optional message for :exc:`TimeoutException`\n        :returns: the result of the last call to `method`\n        :raises: :exc:`selenium.common.exceptions.TimeoutException` if timeout occurs\n        \"\"\"\n        screen = None\n        stacktrace = None\n    \n        end_time = time.monotonic() + self._timeout\n        while True:\n            try:\n                value = method(self._driver)\n                if value:\n                    return value\n            except self._ignored_exceptions as exc:\n                screen = getattr(exc, \"screen\", None)\n                stacktrace = getattr(exc, \"stacktrace\", None)\n            if time.monotonic() > end_time:\n                break\n            time.sleep(self._poll)\n>       raise TimeoutException(message, screen, stacktrace)\nE       selenium.common.exceptions.TimeoutException: Message: \nE       Stacktrace:\nE       #0 0x560c526c431a <unknown>\nE       #1 0x560c521da6e0 <unknown>\nE       #2 0x560c522293e6 <unknown>\nE       #3 0x560c52229681 <unknown>\nE       #4 0x560c5226eb04 <unknown>\nE       #5 0x560c5224d48d <unknown>\nE       #6 0x560c5226bed7 <unknown>\nE       #7 0x560c5224d203 <unknown>\nE       #8 0x560c5221bcc0 <unknown>\nE       #9 0x560c5221cc9e <unknown>\nE       #10 0x560c52691d0b <unknown>\nE       #11 0x560c52695c92 <unknown>\nE       #12 0x560c5267eb3c <unknown>\nE       #13 0x560c52696807 <unknown>\nE       #14 0x560c526640df <unknown>\nE       #15 0x560c526b3578 <unknown>\nE       #16 0x560c526b3740 <unknown>\nE       #17 0x560c526c3196 <unknown>\nE       #18 0x7f115a49ca94 <unknown>\nE       #19 0x7f115a529c3c <unknown>\n\n.venv/lib/python3.12/site-packages/selenium/webdriver/support/wait.py:105: TimeoutException","steps":[{"name":"public ip address","time":{"start":1736127845131,"stop":1736127845172,"duration":41},"status":"passed","steps":[],"attachments":[{"uid":"a01d4838bedbca4c","name":"HTTP logs of http://checkip.amazonaws.com/","source":"a01d4838bedbca4c.txt","type":"text/plain","size":356}],"parameters":[],"shouldDisplayMessage":false,"stepsCount":0,"attachmentsCount":1,"hasContent":true,"attachmentStep":false}],"attachments":[{"uid":"82d9b4f13b0a9a7f","name":"Cookies","source":"82d9b4f13b0a9a7f.json","type":"application/json","size":3582},{"uid":"977728b0906104cd","name":"Session Storage","source":"977728b0906104cd.json","type":"application/json","size":359},{"uid":"b349125f5343473c","name":"Local Storage","source":"b349125f5343473c.json","type":"application/json","size":791},{"uid":"226e2e0f454c9bfd","name":"Console Logs","source":"226e2e0f454c9bfd.json","type":"application/json","size":236},{"uid":"d1546e85b1841f4","name":"Full Page Screenshot","source":"d1546e85b1841f4.png","type":"image/png","size":4126126},{"uid":"6c1d191f451147ec","name":"URL","source":"6c1d191f451147ec.uri","type":"text/uri-list","size":23},{"uid":"7ff5613e2f82fc59","name":"Network Logs","source":"7ff5613e2f82fc59.json","type":"application/json","size":4217752}],"parameters":[],"shouldDisplayMessage":true,"stepsCount":1,"attachmentsCount":8,"hasContent":true,"attachmentStep":false},"afterStages":[{"name":"session_request::0","time":{"start":1736127863564,"stop":1736127863564,"duration":0},"status":"passed","steps":[],"attachments":[],"parameters":[],"shouldDisplayMessage":false,"stepsCount":0,"attachmentsCount":0,"hasContent":false,"attachmentStep":false}],"labels":[{"name":"story","value":"WorkSpaces Creation and Editing Functionality"},{"name":"severity","value":"normal"},{"name":"epic","value":"Workspaces"},{"name":"tag","value":"run(order=8)"},{"name":"parentSuite","value":"tests"},{"name":"suite","value":"workspaces_test"},{"name":"subSuite","value":"TestWorkspaces"},{"name":"host","value":"fv-az1914-984"},{"name":"thread","value":"2035-MainThread"},{"name":"framework","value":"pytest"},{"name":"language","value":"cpython3"},{"name":"package","value":"tests.workspaces_test"},{"name":"resultFormat","value":"allure2"}],"parameters":[],"links":[],"hidden":false,"retry":false,"extra":{"severity":"normal","retries":[],"categories":[{"name":"Test defects","matchedStatuses":[],"flaky":false}],"tags":["run(order=8)"]},"source":"17cb6b16b5fb162d.json","parameterValues":[]}