{"uid":"359b4816966eb62d","name":"Create new workspace test","fullName":"tests.workspaces_test.TestWorkspaces#test_create_new_workspace","historyId":"e1f088bc30a040de4100d958931562b3","time":{"start":1712969882863,"stop":1712969882863,"duration":0},"description":"Create new Workspace","descriptionHtml":"<p>Create new Workspace</p>\n","status":"broken","statusMessage":"selenium.common.exceptions.TimeoutException: Message: \nStacktrace:\n#0 0x55f02eaea873 <unknown>\n#1 0x55f02e7e08c6 <unknown>\n#2 0x55f02e82b618 <unknown>\n#3 0x55f02e82b6d1 <unknown>\n#4 0x55f02e86e744 <unknown>\n#5 0x55f02e84d5cd <unknown>\n#6 0x55f02e86bc19 <unknown>\n#7 0x55f02e84d343 <unknown>\n#8 0x55f02e81e593 <unknown>\n#9 0x55f02e81ef5e <unknown>\n#10 0x55f02eaae85b <unknown>\n#11 0x55f02eab27b5 <unknown>\n#12 0x55f02ea9c581 <unknown>\n#13 0x55f02eab3342 <unknown>\n#14 0x55f02ea8188f <unknown>\n#15 0x55f02ead9738 <unknown>\n#16 0x55f02ead990b <unknown>\n#17 0x55f02eae99c4 <unknown>\n#18 0x7f0485e94ac3 <unknown>","statusTrace":"self = <tests.workspaces_test.TestWorkspaces object at 0x7fe6ba15a030>\n\n    @pytest.fixture(autouse=True)\n    def setup_method_fixture(self):\n>       login(self.about_page, self.login_page)\n\ntests/workspaces_test.py:25: \n_ _ _ _ _ _ _ _ _ _ _ _ _ _ _ _ _ _ _ _ _ _ _ _ _ _ _ _ _ _ _ _ _ _ _ _ _ _ _ _ \ntests/workspaces_test.py:15: in login\n    about_page.click_login_link()\npages/about_page.py:20: in click_login_link\n    self.click(self.LOGIN_LINK)\npages/base_page.py:60: in click\n    el: WebElement = self.wait.until(\n_ _ _ _ _ _ _ _ _ _ _ _ _ _ _ _ _ _ _ _ _ _ _ _ _ _ _ _ _ _ _ _ _ _ _ _ _ _ _ _ \n\nself = <selenium.webdriver.support.wait.WebDriverWait (session=\"7ff06d61cc05a4d85d057c73f57648ae\")>\nmethod = <function element_to_be_clickable.<locals>._predicate at 0x7fe6baa4f9c0>\nmessage = ''\n\n    def until(self, method: Callable[[D], Union[Literal[False], T]], message: str = \"\") -> T:\n        \"\"\"Calls the method provided with the driver as an argument until the \\\n        return value does not evaluate to ``False``.\n    \n        :param method: callable(WebDriver)\n        :param message: optional message for :exc:`TimeoutException`\n        :returns: the result of the last call to `method`\n        :raises: :exc:`selenium.common.exceptions.TimeoutException` if timeout occurs\n        \"\"\"\n        screen = None\n        stacktrace = None\n    \n        end_time = time.monotonic() + self._timeout\n        while True:\n            try:\n                value = method(self._driver)\n                if value:\n                    return value\n            except self._ignored_exceptions as exc:\n                screen = getattr(exc, \"screen\", None)\n                stacktrace = getattr(exc, \"stacktrace\", None)\n            time.sleep(self._poll)\n            if time.monotonic() > end_time:\n                break\n>       raise TimeoutException(message, screen, stacktrace)\nE       selenium.common.exceptions.TimeoutException: Message: \nE       Stacktrace:\nE       #0 0x55f02eaea873 <unknown>\nE       #1 0x55f02e7e08c6 <unknown>\nE       #2 0x55f02e82b618 <unknown>\nE       #3 0x55f02e82b6d1 <unknown>\nE       #4 0x55f02e86e744 <unknown>\nE       #5 0x55f02e84d5cd <unknown>\nE       #6 0x55f02e86bc19 <unknown>\nE       #7 0x55f02e84d343 <unknown>\nE       #8 0x55f02e81e593 <unknown>\nE       #9 0x55f02e81ef5e <unknown>\nE       #10 0x55f02eaae85b <unknown>\nE       #11 0x55f02eab27b5 <unknown>\nE       #12 0x55f02ea9c581 <unknown>\nE       #13 0x55f02eab3342 <unknown>\nE       #14 0x55f02ea8188f <unknown>\nE       #15 0x55f02ead9738 <unknown>\nE       #16 0x55f02ead990b <unknown>\nE       #17 0x55f02eae99c4 <unknown>\nE       #18 0x7f0485e94ac3 <unknown>\n\n.venv/lib/python3.12/site-packages/selenium/webdriver/support/wait.py:105: TimeoutException","flaky":false,"newFailed":false,"newBroken":false,"newPassed":false,"retriesCount":0,"retriesStatusChange":false,"beforeStages":[{"name":"base_url","time":{"start":1712969909455,"stop":1712969909455,"duration":0},"status":"passed","steps":[],"attachments":[],"parameters":[],"shouldDisplayMessage":false,"stepsCount":0,"attachmentsCount":0,"hasContent":false,"attachmentStep":false},{"name":"_verify_url","time":{"start":1712969909455,"stop":1712969909455,"duration":0},"status":"passed","steps":[],"attachments":[],"parameters":[],"shouldDisplayMessage":false,"stepsCount":0,"attachmentsCount":0,"hasContent":false,"attachmentStep":false},{"name":"session_request","time":{"start":1712969909455,"stop":1712969909455,"duration":0},"status":"passed","steps":[],"attachments":[],"parameters":[],"shouldDisplayMessage":false,"stepsCount":0,"attachmentsCount":0,"hasContent":false,"attachmentStep":false},{"name":"setup_method_fixture","time":{"start":1712969909456,"stop":1712969919883,"duration":10427},"status":"broken","statusMessage":"selenium.common.exceptions.TimeoutException: Message: \nStacktrace:\n#0 0x55f02eaea873 <unknown>\n#1 0x55f02e7e08c6 <unknown>\n#2 0x55f02e82b618 <unknown>\n#3 0x55f02e82b6d1 <unknown>\n#4 0x55f02e86e744 <unknown>\n#5 0x55f02e84d5cd <unknown>\n#6 0x55f02e86bc19 <unknown>\n#7 0x55f02e84d343 <unknown>\n#8 0x55f02e81e593 <unknown>\n#9 0x55f02e81ef5e <unknown>\n#10 0x55f02eaae85b <unknown>\n#11 0x55f02eab27b5 <unknown>\n#12 0x55f02ea9c581 <unknown>\n#13 0x55f02eab3342 <unknown>\n#14 0x55f02ea8188f <unknown>\n#15 0x55f02ead9738 <unknown>\n#16 0x55f02ead990b <unknown>\n#17 0x55f02eae99c4 <unknown>\n#18 0x7f0485e94ac3 <unknown>\n\n","statusTrace":"  File \"/home/runner/work/Selenium-Python-Example/Selenium-Python-Example/.venv/lib/python3.12/site-packages/pluggy/_callers.py\", line 166, in _multicall\n    teardown.throw(outcome._exception)\n  File \"/home/runner/work/Selenium-Python-Example/Selenium-Python-Example/.venv/lib/python3.12/site-packages/_pytest/setuponly.py\", line 36, in pytest_fixture_setup\n    return (yield)\n            ^^^^^\n  File \"/home/runner/work/Selenium-Python-Example/Selenium-Python-Example/.venv/lib/python3.12/site-packages/pluggy/_callers.py\", line 102, in _multicall\n    res = hook_impl.function(*args)\n          ^^^^^^^^^^^^^^^^^^^^^^^^^\n  File \"/home/runner/work/Selenium-Python-Example/Selenium-Python-Example/.venv/lib/python3.12/site-packages/_pytest/fixtures.py\", line 1132, in pytest_fixture_setup\n    result = call_fixture_func(fixturefunc, request, kwargs)\n             ^^^^^^^^^^^^^^^^^^^^^^^^^^^^^^^^^^^^^^^^^^^^^^^\n  File \"/home/runner/work/Selenium-Python-Example/Selenium-Python-Example/.venv/lib/python3.12/site-packages/_pytest/fixtures.py\", line 913, in call_fixture_func\n    fixture_result = fixturefunc(**kwargs)\n                     ^^^^^^^^^^^^^^^^^^^^^\n  File \"/home/runner/work/Selenium-Python-Example/Selenium-Python-Example/tests/workspaces_test.py\", line 25, in setup_method_fixture\n    login(self.about_page, self.login_page)\n  File \"/home/runner/work/Selenium-Python-Example/Selenium-Python-Example/tests/workspaces_test.py\", line 15, in login\n    about_page.click_login_link()\n  File \"/home/runner/work/Selenium-Python-Example/Selenium-Python-Example/.venv/lib/python3.12/site-packages/allure_commons/_allure.py\", line 192, in impl\n    return func(*a, **kw)\n           ^^^^^^^^^^^^^^\n  File \"/home/runner/work/Selenium-Python-Example/Selenium-Python-Example/pages/about_page.py\", line 20, in click_login_link\n    self.click(self.LOGIN_LINK)\n  File \"/home/runner/work/Selenium-Python-Example/Selenium-Python-Example/pages/base_page.py\", line 60, in click\n    el: WebElement = self.wait.until(\n                     ^^^^^^^^^^^^^^^^\n  File \"/home/runner/work/Selenium-Python-Example/Selenium-Python-Example/.venv/lib/python3.12/site-packages/selenium/webdriver/support/wait.py\", line 105, in until\n    raise TimeoutException(message, screen, stacktrace)\n","steps":[{"name":"Click Login link","time":{"start":1712969909456,"stop":1712969919882,"duration":10426},"status":"broken","statusMessage":"selenium.common.exceptions.TimeoutException: Message: \nStacktrace:\n#0 0x55f02eaea873 <unknown>\n#1 0x55f02e7e08c6 <unknown>\n#2 0x55f02e82b618 <unknown>\n#3 0x55f02e82b6d1 <unknown>\n#4 0x55f02e86e744 <unknown>\n#5 0x55f02e84d5cd <unknown>\n#6 0x55f02e86bc19 <unknown>\n#7 0x55f02e84d343 <unknown>\n#8 0x55f02e81e593 <unknown>\n#9 0x55f02e81ef5e <unknown>\n#10 0x55f02eaae85b <unknown>\n#11 0x55f02eab27b5 <unknown>\n#12 0x55f02ea9c581 <unknown>\n#13 0x55f02eab3342 <unknown>\n#14 0x55f02ea8188f <unknown>\n#15 0x55f02ead9738 <unknown>\n#16 0x55f02ead990b <unknown>\n#17 0x55f02eae99c4 <unknown>\n#18 0x7f0485e94ac3 <unknown>\n\n","statusTrace":"  File \"/home/runner/work/Selenium-Python-Example/Selenium-Python-Example/.venv/lib/python3.12/site-packages/allure_commons/_allure.py\", line 192, in impl\n    return func(*a, **kw)\n           ^^^^^^^^^^^^^^\n  File \"/home/runner/work/Selenium-Python-Example/Selenium-Python-Example/pages/about_page.py\", line 20, in click_login_link\n    self.click(self.LOGIN_LINK)\n  File \"/home/runner/work/Selenium-Python-Example/Selenium-Python-Example/pages/base_page.py\", line 60, in click\n    el: WebElement = self.wait.until(\n                     ^^^^^^^^^^^^^^^^\n  File \"/home/runner/work/Selenium-Python-Example/Selenium-Python-Example/.venv/lib/python3.12/site-packages/selenium/webdriver/support/wait.py\", line 105, in until\n    raise TimeoutException(message, screen, stacktrace)\n","steps":[],"attachments":[],"parameters":[],"shouldDisplayMessage":true,"stepsCount":0,"attachmentsCount":0,"hasContent":true,"attachmentStep":false}],"attachments":[],"parameters":[],"shouldDisplayMessage":false,"stepsCount":1,"attachmentsCount":0,"hasContent":true,"attachmentStep":false},{"name":"data","time":{"start":1712969909456,"stop":1712969909456,"duration":0},"status":"passed","steps":[],"attachments":[],"parameters":[],"shouldDisplayMessage":false,"stepsCount":0,"attachmentsCount":0,"hasContent":false,"attachmentStep":false}],"testStage":{"description":"Create new Workspace","status":"broken","statusMessage":"selenium.common.exceptions.TimeoutException: Message: \nStacktrace:\n#0 0x55f02eaea873 <unknown>\n#1 0x55f02e7e08c6 <unknown>\n#2 0x55f02e82b618 <unknown>\n#3 0x55f02e82b6d1 <unknown>\n#4 0x55f02e86e744 <unknown>\n#5 0x55f02e84d5cd <unknown>\n#6 0x55f02e86bc19 <unknown>\n#7 0x55f02e84d343 <unknown>\n#8 0x55f02e81e593 <unknown>\n#9 0x55f02e81ef5e <unknown>\n#10 0x55f02eaae85b <unknown>\n#11 0x55f02eab27b5 <unknown>\n#12 0x55f02ea9c581 <unknown>\n#13 0x55f02eab3342 <unknown>\n#14 0x55f02ea8188f <unknown>\n#15 0x55f02ead9738 <unknown>\n#16 0x55f02ead990b <unknown>\n#17 0x55f02eae99c4 <unknown>\n#18 0x7f0485e94ac3 <unknown>","statusTrace":"self = <tests.workspaces_test.TestWorkspaces object at 0x7fe6ba15a030>\n\n    @pytest.fixture(autouse=True)\n    def setup_method_fixture(self):\n>       login(self.about_page, self.login_page)\n\ntests/workspaces_test.py:25: \n_ _ _ _ _ _ _ _ _ _ _ _ _ _ _ _ _ _ _ _ _ _ _ _ _ _ _ _ _ _ _ _ _ _ _ _ _ _ _ _ \ntests/workspaces_test.py:15: in login\n    about_page.click_login_link()\npages/about_page.py:20: in click_login_link\n    self.click(self.LOGIN_LINK)\npages/base_page.py:60: in click\n    el: WebElement = self.wait.until(\n_ _ _ _ _ _ _ _ _ _ _ _ _ _ _ _ _ _ _ _ _ _ _ _ _ _ _ _ _ _ _ _ _ _ _ _ _ _ _ _ \n\nself = <selenium.webdriver.support.wait.WebDriverWait (session=\"7ff06d61cc05a4d85d057c73f57648ae\")>\nmethod = <function element_to_be_clickable.<locals>._predicate at 0x7fe6baa4f9c0>\nmessage = ''\n\n    def until(self, method: Callable[[D], Union[Literal[False], T]], message: str = \"\") -> T:\n        \"\"\"Calls the method provided with the driver as an argument until the \\\n        return value does not evaluate to ``False``.\n    \n        :param method: callable(WebDriver)\n        :param message: optional message for :exc:`TimeoutException`\n        :returns: the result of the last call to `method`\n        :raises: :exc:`selenium.common.exceptions.TimeoutException` if timeout occurs\n        \"\"\"\n        screen = None\n        stacktrace = None\n    \n        end_time = time.monotonic() + self._timeout\n        while True:\n            try:\n                value = method(self._driver)\n                if value:\n                    return value\n            except self._ignored_exceptions as exc:\n                screen = getattr(exc, \"screen\", None)\n                stacktrace = getattr(exc, \"stacktrace\", None)\n            time.sleep(self._poll)\n            if time.monotonic() > end_time:\n                break\n>       raise TimeoutException(message, screen, stacktrace)\nE       selenium.common.exceptions.TimeoutException: Message: \nE       Stacktrace:\nE       #0 0x55f02eaea873 <unknown>\nE       #1 0x55f02e7e08c6 <unknown>\nE       #2 0x55f02e82b618 <unknown>\nE       #3 0x55f02e82b6d1 <unknown>\nE       #4 0x55f02e86e744 <unknown>\nE       #5 0x55f02e84d5cd <unknown>\nE       #6 0x55f02e86bc19 <unknown>\nE       #7 0x55f02e84d343 <unknown>\nE       #8 0x55f02e81e593 <unknown>\nE       #9 0x55f02e81ef5e <unknown>\nE       #10 0x55f02eaae85b <unknown>\nE       #11 0x55f02eab27b5 <unknown>\nE       #12 0x55f02ea9c581 <unknown>\nE       #13 0x55f02eab3342 <unknown>\nE       #14 0x55f02ea8188f <unknown>\nE       #15 0x55f02ead9738 <unknown>\nE       #16 0x55f02ead990b <unknown>\nE       #17 0x55f02eae99c4 <unknown>\nE       #18 0x7f0485e94ac3 <unknown>\n\n.venv/lib/python3.12/site-packages/selenium/webdriver/support/wait.py:105: TimeoutException","steps":[{"name":"public ip address","time":{"start":1712969919939,"stop":1712969920078,"duration":139},"status":"passed","steps":[],"attachments":[{"uid":"29d09158189465e9","name":"HTTP logs of http://checkip.amazonaws.com/","source":"29d09158189465e9.txt","type":"text/plain","size":263}],"parameters":[],"shouldDisplayMessage":false,"stepsCount":0,"attachmentsCount":1,"hasContent":true,"attachmentStep":false}],"attachments":[{"uid":"a5d34bbc734e9f39","name":"Cookies","source":"a5d34bbc734e9f39.json","type":"application/json","size":3575},{"uid":"bfb4e6b5e7120617","name":"Session Storage","source":"bfb4e6b5e7120617.json","type":"application/json","size":359},{"uid":"b8598db23b06f4b2","name":"Local Storage","source":"b8598db23b06f4b2.json","type":"application/json","size":350},{"uid":"4e213db41d7a66c0","name":"Console Logs","source":"4e213db41d7a66c0.json","type":"application/json","size":7723},{"uid":"88ae8fa421c2e7dc","name":"Full Page Screenshot","source":"88ae8fa421c2e7dc.png","type":"image/png","size":6240362},{"uid":"f4f01e2a5bbf996b","name":"URL","source":"f4f01e2a5bbf996b.uri","type":"text/uri-list","size":23},{"uid":"a93e54a34251f9eb","name":"Network Logs","source":"a93e54a34251f9eb.json","type":"application/json","size":40392}],"parameters":[],"shouldDisplayMessage":true,"stepsCount":1,"attachmentsCount":8,"hasContent":true,"attachmentStep":false},"afterStages":[{"name":"session_request::0","time":{"start":1712970168570,"stop":1712970168570,"duration":0},"status":"passed","steps":[],"attachments":[],"parameters":[],"shouldDisplayMessage":false,"stepsCount":0,"attachmentsCount":0,"hasContent":false,"attachmentStep":false}],"labels":[{"name":"epic","value":"Workspaces"},{"name":"severity","value":"normal"},{"name":"story","value":"WorkSpaces Creation and Editing Functionality"},{"name":"tag","value":"run(order=1)"},{"name":"parentSuite","value":"tests"},{"name":"suite","value":"workspaces_test"},{"name":"subSuite","value":"TestWorkspaces"},{"name":"host","value":"fv-az1247-801"},{"name":"thread","value":"2444-MainThread"},{"name":"framework","value":"pytest"},{"name":"language","value":"cpython3"},{"name":"package","value":"tests.workspaces_test"},{"name":"resultFormat","value":"allure2"}],"parameters":[],"links":[],"hidden":false,"retry":false,"extra":{"severity":"normal","retries":[],"categories":[{"name":"Test defects","matchedStatuses":[],"flaky":false}],"tags":["run(order=1)"]},"source":"359b4816966eb62d.json","parameterValues":[]}