{"uid":"e26433063985c6fe","name":"Login with valid credentials test","fullName":"tests.login_test.TestLogin#test_valid_login","historyId":"18657c207d70aa57845e0b7f4751c290","time":{"start":1713575621577,"stop":1713575631842,"duration":10265},"description":"valid login","descriptionHtml":"<p>valid login</p>\n","status":"broken","statusMessage":"selenium.common.exceptions.TimeoutException: Message: \nStacktrace:\n#0 0x561e339dc863 <unknown>\n#1 0x561e336d28c6 <unknown>\n#2 0x561e3371d618 <unknown>\n#3 0x561e3371d6d1 <unknown>\n#4 0x561e33760744 <unknown>\n#5 0x561e3373f5cd <unknown>\n#6 0x561e3375dc19 <unknown>\n#7 0x561e3373f343 <unknown>\n#8 0x561e33710593 <unknown>\n#9 0x561e33710f5e <unknown>\n#10 0x561e339a084b <unknown>\n#11 0x561e339a47a5 <unknown>\n#12 0x561e3398e571 <unknown>\n#13 0x561e339a5332 <unknown>\n#14 0x561e3397387f <unknown>\n#15 0x561e339cb728 <unknown>\n#16 0x561e339cb8fb <unknown>\n#17 0x561e339db9b4 <unknown>\n#18 0x7f035e894ac3 <unknown>","statusTrace":"self = <tests.login_test.TestLogin object at 0x7f1424520e00>\ndata = Data(forgot_password=ForgotPassword(error_message=\"We can't find a user with that e-mail address.\", success_message='A...ct='Non Existing', page_title='My Workspace', project_name='test project', project_type='quiz', template_type='Blank'))\n\n    @allure.description(\"valid login\")\n    @allure.title(\"Login with valid credentials test\")\n    @allure.tag(\"Tagged test\")\n    @pytest.mark.flaky(reruns=1)\n    def test_valid_login(self, data: Data):\n        self.about_page.set_geo_location(30.3079823, -97.893803)\n>       self.about_page.click_login_link()\n\ntests/login_test.py:43: \n_ _ _ _ _ _ _ _ _ _ _ _ _ _ _ _ _ _ _ _ _ _ _ _ _ _ _ _ _ _ _ _ _ _ _ _ _ _ _ _ \npages/about_page.py:20: in click_login_link\n    self.click(self.LOGIN_LINK)\npages/base_page.py:60: in click\n    el: WebElement = self.wait.until(\n_ _ _ _ _ _ _ _ _ _ _ _ _ _ _ _ _ _ _ _ _ _ _ _ _ _ _ _ _ _ _ _ _ _ _ _ _ _ _ _ \n\nself = <selenium.webdriver.support.wait.WebDriverWait (session=\"3d460ead9c0f2fb3bda22e2c8a6ec403\")>\nmethod = <function element_to_be_clickable.<locals>._predicate at 0x7f1424233ce0>\nmessage = ''\n\n    def until(self, method: Callable[[D], Union[Literal[False], T]], message: str = \"\") -> T:\n        \"\"\"Calls the method provided with the driver as an argument until the \\\n        return value does not evaluate to ``False``.\n    \n        :param method: callable(WebDriver)\n        :param message: optional message for :exc:`TimeoutException`\n        :returns: the result of the last call to `method`\n        :raises: :exc:`selenium.common.exceptions.TimeoutException` if timeout occurs\n        \"\"\"\n        screen = None\n        stacktrace = None\n    \n        end_time = time.monotonic() + self._timeout\n        while True:\n            try:\n                value = method(self._driver)\n                if value:\n                    return value\n            except self._ignored_exceptions as exc:\n                screen = getattr(exc, \"screen\", None)\n                stacktrace = getattr(exc, \"stacktrace\", None)\n            time.sleep(self._poll)\n            if time.monotonic() > end_time:\n                break\n>       raise TimeoutException(message, screen, stacktrace)\nE       selenium.common.exceptions.TimeoutException: Message: \nE       Stacktrace:\nE       #0 0x561e339dc863 <unknown>\nE       #1 0x561e336d28c6 <unknown>\nE       #2 0x561e3371d618 <unknown>\nE       #3 0x561e3371d6d1 <unknown>\nE       #4 0x561e33760744 <unknown>\nE       #5 0x561e3373f5cd <unknown>\nE       #6 0x561e3375dc19 <unknown>\nE       #7 0x561e3373f343 <unknown>\nE       #8 0x561e33710593 <unknown>\nE       #9 0x561e33710f5e <unknown>\nE       #10 0x561e339a084b <unknown>\nE       #11 0x561e339a47a5 <unknown>\nE       #12 0x561e3398e571 <unknown>\nE       #13 0x561e339a5332 <unknown>\nE       #14 0x561e3397387f <unknown>\nE       #15 0x561e339cb728 <unknown>\nE       #16 0x561e339cb8fb <unknown>\nE       #17 0x561e339db9b4 <unknown>\nE       #18 0x7f035e894ac3 <unknown>\n\n.venv/lib/python3.12/site-packages/selenium/webdriver/support/wait.py:105: TimeoutException","flaky":false,"newFailed":false,"newBroken":false,"newPassed":false,"retriesCount":1,"retriesStatusChange":false,"beforeStages":[{"name":"_verify_url","time":{"start":1713575393323,"stop":1713575393323,"duration":0},"status":"passed","steps":[],"attachments":[],"parameters":[],"shouldDisplayMessage":false,"stepsCount":0,"attachmentsCount":0,"hasContent":false,"attachmentStep":false},{"name":"base_url","time":{"start":1713575393323,"stop":1713575393323,"duration":0},"status":"passed","steps":[],"attachments":[],"parameters":[],"shouldDisplayMessage":false,"stepsCount":0,"attachmentsCount":0,"hasContent":false,"attachmentStep":false},{"name":"data","time":{"start":1713575393324,"stop":1713575393325,"duration":1},"status":"passed","steps":[],"attachments":[],"parameters":[],"shouldDisplayMessage":false,"stepsCount":0,"attachmentsCount":0,"hasContent":false,"attachmentStep":false},{"name":"session_request","time":{"start":1713575393324,"stop":1713575393324,"duration":0},"status":"passed","steps":[],"attachments":[],"parameters":[],"shouldDisplayMessage":false,"stepsCount":0,"attachmentsCount":0,"hasContent":false,"attachmentStep":false}],"testStage":{"description":"valid login","status":"broken","statusMessage":"selenium.common.exceptions.TimeoutException: Message: \nStacktrace:\n#0 0x561e339dc863 <unknown>\n#1 0x561e336d28c6 <unknown>\n#2 0x561e3371d618 <unknown>\n#3 0x561e3371d6d1 <unknown>\n#4 0x561e33760744 <unknown>\n#5 0x561e3373f5cd <unknown>\n#6 0x561e3375dc19 <unknown>\n#7 0x561e3373f343 <unknown>\n#8 0x561e33710593 <unknown>\n#9 0x561e33710f5e <unknown>\n#10 0x561e339a084b <unknown>\n#11 0x561e339a47a5 <unknown>\n#12 0x561e3398e571 <unknown>\n#13 0x561e339a5332 <unknown>\n#14 0x561e3397387f <unknown>\n#15 0x561e339cb728 <unknown>\n#16 0x561e339cb8fb <unknown>\n#17 0x561e339db9b4 <unknown>\n#18 0x7f035e894ac3 <unknown>","statusTrace":"self = <tests.login_test.TestLogin object at 0x7f1424520e00>\ndata = Data(forgot_password=ForgotPassword(error_message=\"We can't find a user with that e-mail address.\", success_message='A...ct='Non Existing', page_title='My Workspace', project_name='test project', project_type='quiz', template_type='Blank'))\n\n    @allure.description(\"valid login\")\n    @allure.title(\"Login with valid credentials test\")\n    @allure.tag(\"Tagged test\")\n    @pytest.mark.flaky(reruns=1)\n    def test_valid_login(self, data: Data):\n        self.about_page.set_geo_location(30.3079823, -97.893803)\n>       self.about_page.click_login_link()\n\ntests/login_test.py:43: \n_ _ _ _ _ _ _ _ _ _ _ _ _ _ _ _ _ _ _ _ _ _ _ _ _ _ _ _ _ _ _ _ _ _ _ _ _ _ _ _ \npages/about_page.py:20: in click_login_link\n    self.click(self.LOGIN_LINK)\npages/base_page.py:60: in click\n    el: WebElement = self.wait.until(\n_ _ _ _ _ _ _ _ _ _ _ _ _ _ _ _ _ _ _ _ _ _ _ _ _ _ _ _ _ _ _ _ _ _ _ _ _ _ _ _ \n\nself = <selenium.webdriver.support.wait.WebDriverWait (session=\"3d460ead9c0f2fb3bda22e2c8a6ec403\")>\nmethod = <function element_to_be_clickable.<locals>._predicate at 0x7f1424233ce0>\nmessage = ''\n\n    def until(self, method: Callable[[D], Union[Literal[False], T]], message: str = \"\") -> T:\n        \"\"\"Calls the method provided with the driver as an argument until the \\\n        return value does not evaluate to ``False``.\n    \n        :param method: callable(WebDriver)\n        :param message: optional message for :exc:`TimeoutException`\n        :returns: the result of the last call to `method`\n        :raises: :exc:`selenium.common.exceptions.TimeoutException` if timeout occurs\n        \"\"\"\n        screen = None\n        stacktrace = None\n    \n        end_time = time.monotonic() + self._timeout\n        while True:\n            try:\n                value = method(self._driver)\n                if value:\n                    return value\n            except self._ignored_exceptions as exc:\n                screen = getattr(exc, \"screen\", None)\n                stacktrace = getattr(exc, \"stacktrace\", None)\n            time.sleep(self._poll)\n            if time.monotonic() > end_time:\n                break\n>       raise TimeoutException(message, screen, stacktrace)\nE       selenium.common.exceptions.TimeoutException: Message: \nE       Stacktrace:\nE       #0 0x561e339dc863 <unknown>\nE       #1 0x561e336d28c6 <unknown>\nE       #2 0x561e3371d618 <unknown>\nE       #3 0x561e3371d6d1 <unknown>\nE       #4 0x561e33760744 <unknown>\nE       #5 0x561e3373f5cd <unknown>\nE       #6 0x561e3375dc19 <unknown>\nE       #7 0x561e3373f343 <unknown>\nE       #8 0x561e33710593 <unknown>\nE       #9 0x561e33710f5e <unknown>\nE       #10 0x561e339a084b <unknown>\nE       #11 0x561e339a47a5 <unknown>\nE       #12 0x561e3398e571 <unknown>\nE       #13 0x561e339a5332 <unknown>\nE       #14 0x561e3397387f <unknown>\nE       #15 0x561e339cb728 <unknown>\nE       #16 0x561e339cb8fb <unknown>\nE       #17 0x561e339db9b4 <unknown>\nE       #18 0x7f035e894ac3 <unknown>\n\n.venv/lib/python3.12/site-packages/selenium/webdriver/support/wait.py:105: TimeoutException","steps":[{"name":"Click Login link","time":{"start":1713575621588,"stop":1713575631842,"duration":10254},"status":"broken","statusMessage":"selenium.common.exceptions.TimeoutException: Message: \nStacktrace:\n#0 0x561e339dc863 <unknown>\n#1 0x561e336d28c6 <unknown>\n#2 0x561e3371d618 <unknown>\n#3 0x561e3371d6d1 <unknown>\n#4 0x561e33760744 <unknown>\n#5 0x561e3373f5cd <unknown>\n#6 0x561e3375dc19 <unknown>\n#7 0x561e3373f343 <unknown>\n#8 0x561e33710593 <unknown>\n#9 0x561e33710f5e <unknown>\n#10 0x561e339a084b <unknown>\n#11 0x561e339a47a5 <unknown>\n#12 0x561e3398e571 <unknown>\n#13 0x561e339a5332 <unknown>\n#14 0x561e3397387f <unknown>\n#15 0x561e339cb728 <unknown>\n#16 0x561e339cb8fb <unknown>\n#17 0x561e339db9b4 <unknown>\n#18 0x7f035e894ac3 <unknown>\n\n","statusTrace":"  File \"/home/runner/work/Selenium-Python-Example/Selenium-Python-Example/.venv/lib/python3.12/site-packages/allure_commons/_allure.py\", line 192, in impl\n    return func(*a, **kw)\n           ^^^^^^^^^^^^^^\n  File \"/home/runner/work/Selenium-Python-Example/Selenium-Python-Example/pages/about_page.py\", line 20, in click_login_link\n    self.click(self.LOGIN_LINK)\n  File \"/home/runner/work/Selenium-Python-Example/Selenium-Python-Example/pages/base_page.py\", line 60, in click\n    el: WebElement = self.wait.until(\n                     ^^^^^^^^^^^^^^^^\n  File \"/home/runner/work/Selenium-Python-Example/Selenium-Python-Example/.venv/lib/python3.12/site-packages/selenium/webdriver/support/wait.py\", line 105, in until\n    raise TimeoutException(message, screen, stacktrace)\n","steps":[],"attachments":[],"parameters":[],"shouldDisplayMessage":true,"stepsCount":0,"attachmentsCount":0,"hasContent":true,"attachmentStep":false},{"name":"public ip address","time":{"start":1713575631857,"stop":1713575631912,"duration":55},"status":"passed","steps":[],"attachments":[{"uid":"90a446b654e39c4c","name":"HTTP logs of http://checkip.amazonaws.com/","source":"90a446b654e39c4c.txt","type":"text/plain","size":357}],"parameters":[],"shouldDisplayMessage":false,"stepsCount":0,"attachmentsCount":1,"hasContent":true,"attachmentStep":false}],"attachments":[{"uid":"5b931720de184d1e","name":"Cookies","source":"5b931720de184d1e.json","type":"application/json","size":3638},{"uid":"190d1be0671595f8","name":"Session Storage","source":"190d1be0671595f8.json","type":"application/json","size":359},{"uid":"cca19800195d23cf","name":"Local Storage","source":"cca19800195d23cf.json","type":"application/json","size":350},{"uid":"61ca6727b7bc2d30","name":"Console Logs","source":"61ca6727b7bc2d30.json","type":"application/json","size":7289},{"uid":"bf6ed033d1a6b43f","name":"Full Page Screenshot","source":"bf6ed033d1a6b43f.png","type":"image/png","size":6238629},{"uid":"dc7b3dc29d7d8a21","name":"URL","source":"dc7b3dc29d7d8a21.uri","type":"text/uri-list","size":23},{"uid":"99c5ed7bcf3c8fe4","name":"Network Logs","source":"99c5ed7bcf3c8fe4.json","type":"application/json","size":843061}],"parameters":[],"shouldDisplayMessage":true,"stepsCount":2,"attachmentsCount":8,"hasContent":true,"attachmentStep":false},"afterStages":[{"name":"session_request::0","time":{"start":1713575652317,"stop":1713575652317,"duration":0},"status":"passed","steps":[],"attachments":[],"parameters":[],"shouldDisplayMessage":false,"stepsCount":0,"attachmentsCount":0,"hasContent":false,"attachmentStep":false}],"labels":[{"name":"severity","value":"blocker"},{"name":"feature","value":"Login"},{"name":"epic","value":"Security"},{"name":"tag","value":"Tagged test"},{"name":"tag","value":"flaky(reruns=1)"},{"name":"tag","value":"security"},{"name":"parentSuite","value":"tests"},{"name":"suite","value":"login_test"},{"name":"subSuite","value":"TestLogin"},{"name":"host","value":"fv-az975-714"},{"name":"thread","value":"2464-MainThread"},{"name":"framework","value":"pytest"},{"name":"language","value":"cpython3"},{"name":"package","value":"tests.login_test"},{"name":"resultFormat","value":"allure2"}],"parameters":[],"links":[],"hidden":false,"retry":false,"extra":{"severity":"blocker","retries":[{"uid":"922f940e0cc4f625","status":"broken","statusDetails":"selenium.common.exceptions.TimeoutException: Message: \nStacktrace:\n#0 0x5605353f0863 <unknown>\n#1 0x5605350e68c6 <unknown>\n#2 0x560535131618 <unknown>\n#3 0x5605351316d1 <unknown>\n#4 0x560535174744 <unknown>\n#5 0x5605351535cd <unknown>\n#6 0x560535171c19 <unknown>\n#7 0x560535153343 <unknown>\n#8 0x560535124593 <unknown>\n#9 0x560535124f5e <unknown>\n#10 0x5605353b484b <unknown>\n#11 0x5605353b87a5 <unknown>\n#12 0x5605353a2571 <unknown>\n#13 0x5605353b9332 <unknown>\n#14 0x56053538787f <unknown>\n#15 0x5605353df728 <unknown>\n#16 0x5605353df8fb <unknown>\n#17 0x5605353ef9b4 <unknown>\n#18 0x7f35ad294ac3 <unknown>","time":{"start":1713575605356,"stop":1713575615633,"duration":10277}}],"categories":[{"name":"Test defects","matchedStatuses":[],"flaky":false}],"tags":["security","Tagged test","flaky(reruns=1)"]},"source":"e26433063985c6fe.json","parameterValues":[]}