{"uid":"9eeb7d3bec7954d4","name":"Number of projects displayed in page test","fullName":"tests.test_workspaces.TestWorkspaces#test_number_of_existing_projects","historyId":"ff3981f856ce65274378063348b0abd4","time":{"start":1688277588405,"stop":1688277588405,"duration":0},"description":"Compare between the actual number of projects seen on page and the number shown in workspaces block","descriptionHtml":"<p>Compare between the actual number of projects seen on page and the number shown in workspaces block</p>\n","status":"broken","statusMessage":"selenium.common.exceptions.TimeoutException: Message: \nStacktrace:\n#0 0x561e189f54e3 <unknown>\n#1 0x561e18724c76 <unknown>\n#2 0x561e18760c96 <unknown>\n#3 0x561e18760dc1 <unknown>\n#4 0x561e1879a7f4 <unknown>\n#5 0x561e1878003d <unknown>\n#6 0x561e1879830e <unknown>\n#7 0x561e1877fde3 <unknown>\n#8 0x561e187552dd <unknown>\n#9 0x561e1875634e <unknown>\n#10 0x561e189b53e4 <unknown>\n#11 0x561e189b93d7 <unknown>\n#12 0x561e189c3b20 <unknown>\n#13 0x561e189ba023 <unknown>\n#14 0x561e189881aa <unknown>\n#15 0x561e189de6b8 <unknown>\n#16 0x561e189de847 <unknown>\n#17 0x561e189ee243 <unknown>\n#18 0x7f7546b47b43 <unknown>","statusTrace":"self = <tests.test_workspaces.TestWorkspaces object at 0x7f4be747e5d0>\nrequest = <SubRequest 'setup_method_fixture' for <Function test_number_of_existing_projects>>\n\n    @pytest.fixture(autouse=True)\n    def setup_method_fixture(self, request):\n>       login(request, self.about_page, self.login_page)\n\ntests/test_workspaces.py:27: \n_ _ _ _ _ _ _ _ _ _ _ _ _ _ _ _ _ _ _ _ _ _ _ _ _ _ _ _ _ _ _ _ _ _ _ _ _ _ _ _ \ntests/test_workspaces.py:16: in login\n    about_page.click_login_link()\npages/about_page.py:19: in click_login_link\n    self.click(self.LOGIN_LINK)\npages/base_page.py:34: in click\n    el: WebElement = self.wait.until(expected_conditions.element_to_be_clickable(locator))\n_ _ _ _ _ _ _ _ _ _ _ _ _ _ _ _ _ _ _ _ _ _ _ _ _ _ _ _ _ _ _ _ _ _ _ _ _ _ _ _ \n\nself = <selenium.webdriver.support.wait.WebDriverWait (session=\"69b0dac116933837a8b59d55371392c7\")>\nmethod = <function element_to_be_clickable.<locals>._predicate at 0x7f4be7370220>\nmessage = ''\n\n    def until(self, method, message: str = \"\"):\n        \"\"\"Calls the method provided with the driver as an argument until the \\\n        return value does not evaluate to ``False``.\n    \n        :param method: callable(WebDriver)\n        :param message: optional message for :exc:`TimeoutException`\n        :returns: the result of the last call to `method`\n        :raises: :exc:`selenium.common.exceptions.TimeoutException` if timeout occurs\n        \"\"\"\n        screen = None\n        stacktrace = None\n    \n        end_time = time.monotonic() + self._timeout\n        while True:\n            try:\n                value = method(self._driver)\n                if value:\n                    return value\n            except self._ignored_exceptions as exc:\n                screen = getattr(exc, \"screen\", None)\n                stacktrace = getattr(exc, \"stacktrace\", None)\n            time.sleep(self._poll)\n            if time.monotonic() > end_time:\n                break\n>       raise TimeoutException(message, screen, stacktrace)\nE       selenium.common.exceptions.TimeoutException: Message: \nE       Stacktrace:\nE       #0 0x561e189f54e3 <unknown>\nE       #1 0x561e18724c76 <unknown>\nE       #2 0x561e18760c96 <unknown>\nE       #3 0x561e18760dc1 <unknown>\nE       #4 0x561e1879a7f4 <unknown>\nE       #5 0x561e1878003d <unknown>\nE       #6 0x561e1879830e <unknown>\nE       #7 0x561e1877fde3 <unknown>\nE       #8 0x561e187552dd <unknown>\nE       #9 0x561e1875634e <unknown>\nE       #10 0x561e189b53e4 <unknown>\nE       #11 0x561e189b93d7 <unknown>\nE       #12 0x561e189c3b20 <unknown>\nE       #13 0x561e189ba023 <unknown>\nE       #14 0x561e189881aa <unknown>\nE       #15 0x561e189de6b8 <unknown>\nE       #16 0x561e189de847 <unknown>\nE       #17 0x561e189ee243 <unknown>\nE       #18 0x7f7546b47b43 <unknown>\n\n.venv/lib/python3.11/site-packages/selenium/webdriver/support/wait.py:95: TimeoutException","flaky":false,"newFailed":false,"newBroken":false,"newPassed":false,"retriesCount":0,"retriesStatusChange":false,"beforeStages":[{"name":"setup_method_fixture","time":{"start":1688277590300,"stop":1688277600521,"duration":10221},"status":"broken","statusMessage":"selenium.common.exceptions.TimeoutException: Message: \nStacktrace:\n#0 0x561e189f54e3 <unknown>\n#1 0x561e18724c76 <unknown>\n#2 0x561e18760c96 <unknown>\n#3 0x561e18760dc1 <unknown>\n#4 0x561e1879a7f4 <unknown>\n#5 0x561e1878003d <unknown>\n#6 0x561e1879830e <unknown>\n#7 0x561e1877fde3 <unknown>\n#8 0x561e187552dd <unknown>\n#9 0x561e1875634e <unknown>\n#10 0x561e189b53e4 <unknown>\n#11 0x561e189b93d7 <unknown>\n#12 0x561e189c3b20 <unknown>\n#13 0x561e189ba023 <unknown>\n#14 0x561e189881aa <unknown>\n#15 0x561e189de6b8 <unknown>\n#16 0x561e189de847 <unknown>\n#17 0x561e189ee243 <unknown>\n#18 0x7f7546b47b43 <unknown>\n\n","statusTrace":"  File \"/home/runner/work/Selenium-Python-Example/Selenium-Python-Example/.venv/lib/python3.11/site-packages/pluggy/_callers.py\", line 39, in _multicall\n    res = hook_impl.function(*args)\n          ^^^^^^^^^^^^^^^^^^^^^^^^^\n  File \"/home/runner/work/Selenium-Python-Example/Selenium-Python-Example/.venv/lib/python3.11/site-packages/_pytest/fixtures.py\", line 1130, in pytest_fixture_setup\n    result = call_fixture_func(fixturefunc, request, kwargs)\n             ^^^^^^^^^^^^^^^^^^^^^^^^^^^^^^^^^^^^^^^^^^^^^^^\n  File \"/home/runner/work/Selenium-Python-Example/Selenium-Python-Example/.venv/lib/python3.11/site-packages/_pytest/fixtures.py\", line 909, in call_fixture_func\n    fixture_result = fixturefunc(**kwargs)\n                     ^^^^^^^^^^^^^^^^^^^^^\n  File \"/home/runner/work/Selenium-Python-Example/Selenium-Python-Example/tests/test_workspaces.py\", line 27, in setup_method_fixture\n    login(request, self.about_page, self.login_page)\n  File \"/home/runner/work/Selenium-Python-Example/Selenium-Python-Example/tests/test_workspaces.py\", line 16, in login\n    about_page.click_login_link()\n  File \"/home/runner/work/Selenium-Python-Example/Selenium-Python-Example/.venv/lib/python3.11/site-packages/allure_commons/_allure.py\", line 192, in impl\n    return func(*a, **kw)\n           ^^^^^^^^^^^^^^\n  File \"/home/runner/work/Selenium-Python-Example/Selenium-Python-Example/pages/about_page.py\", line 19, in click_login_link\n    self.click(self.LOGIN_LINK)\n  File \"/home/runner/work/Selenium-Python-Example/Selenium-Python-Example/pages/base_page.py\", line 34, in click\n    el: WebElement = self.wait.until(expected_conditions.element_to_be_clickable(locator))\n                     ^^^^^^^^^^^^^^^^^^^^^^^^^^^^^^^^^^^^^^^^^^^^^^^^^^^^^^^^^^^^^^^^^^^^^\n  File \"/home/runner/work/Selenium-Python-Example/Selenium-Python-Example/.venv/lib/python3.11/site-packages/selenium/webdriver/support/wait.py\", line 95, in until\n    raise TimeoutException(message, screen, stacktrace)\n","steps":[{"name":"Click Login link","time":{"start":1688277590300,"stop":1688277600520,"duration":10220},"status":"broken","statusMessage":"selenium.common.exceptions.TimeoutException: Message: \nStacktrace:\n#0 0x561e189f54e3 <unknown>\n#1 0x561e18724c76 <unknown>\n#2 0x561e18760c96 <unknown>\n#3 0x561e18760dc1 <unknown>\n#4 0x561e1879a7f4 <unknown>\n#5 0x561e1878003d <unknown>\n#6 0x561e1879830e <unknown>\n#7 0x561e1877fde3 <unknown>\n#8 0x561e187552dd <unknown>\n#9 0x561e1875634e <unknown>\n#10 0x561e189b53e4 <unknown>\n#11 0x561e189b93d7 <unknown>\n#12 0x561e189c3b20 <unknown>\n#13 0x561e189ba023 <unknown>\n#14 0x561e189881aa <unknown>\n#15 0x561e189de6b8 <unknown>\n#16 0x561e189de847 <unknown>\n#17 0x561e189ee243 <unknown>\n#18 0x7f7546b47b43 <unknown>\n\n","statusTrace":"  File \"/home/runner/work/Selenium-Python-Example/Selenium-Python-Example/.venv/lib/python3.11/site-packages/allure_commons/_allure.py\", line 192, in impl\n    return func(*a, **kw)\n           ^^^^^^^^^^^^^^\n  File \"/home/runner/work/Selenium-Python-Example/Selenium-Python-Example/pages/about_page.py\", line 19, in click_login_link\n    self.click(self.LOGIN_LINK)\n  File \"/home/runner/work/Selenium-Python-Example/Selenium-Python-Example/pages/base_page.py\", line 34, in click\n    el: WebElement = self.wait.until(expected_conditions.element_to_be_clickable(locator))\n                     ^^^^^^^^^^^^^^^^^^^^^^^^^^^^^^^^^^^^^^^^^^^^^^^^^^^^^^^^^^^^^^^^^^^^^\n  File \"/home/runner/work/Selenium-Python-Example/Selenium-Python-Example/.venv/lib/python3.11/site-packages/selenium/webdriver/support/wait.py\", line 95, in until\n    raise TimeoutException(message, screen, stacktrace)\n","steps":[],"attachments":[],"parameters":[],"stepsCount":0,"attachmentsCount":0,"shouldDisplayMessage":true,"hasContent":true}],"attachments":[],"parameters":[],"stepsCount":1,"attachmentsCount":0,"shouldDisplayMessage":false,"hasContent":true}],"testStage":{"description":"Compare between the actual number of projects seen on page and the number shown in workspaces block","status":"broken","statusMessage":"selenium.common.exceptions.TimeoutException: Message: \nStacktrace:\n#0 0x561e189f54e3 <unknown>\n#1 0x561e18724c76 <unknown>\n#2 0x561e18760c96 <unknown>\n#3 0x561e18760dc1 <unknown>\n#4 0x561e1879a7f4 <unknown>\n#5 0x561e1878003d <unknown>\n#6 0x561e1879830e <unknown>\n#7 0x561e1877fde3 <unknown>\n#8 0x561e187552dd <unknown>\n#9 0x561e1875634e <unknown>\n#10 0x561e189b53e4 <unknown>\n#11 0x561e189b93d7 <unknown>\n#12 0x561e189c3b20 <unknown>\n#13 0x561e189ba023 <unknown>\n#14 0x561e189881aa <unknown>\n#15 0x561e189de6b8 <unknown>\n#16 0x561e189de847 <unknown>\n#17 0x561e189ee243 <unknown>\n#18 0x7f7546b47b43 <unknown>","statusTrace":"self = <tests.test_workspaces.TestWorkspaces object at 0x7f4be747e5d0>\nrequest = <SubRequest 'setup_method_fixture' for <Function test_number_of_existing_projects>>\n\n    @pytest.fixture(autouse=True)\n    def setup_method_fixture(self, request):\n>       login(request, self.about_page, self.login_page)\n\ntests/test_workspaces.py:27: \n_ _ _ _ _ _ _ _ _ _ _ _ _ _ _ _ _ _ _ _ _ _ _ _ _ _ _ _ _ _ _ _ _ _ _ _ _ _ _ _ \ntests/test_workspaces.py:16: in login\n    about_page.click_login_link()\npages/about_page.py:19: in click_login_link\n    self.click(self.LOGIN_LINK)\npages/base_page.py:34: in click\n    el: WebElement = self.wait.until(expected_conditions.element_to_be_clickable(locator))\n_ _ _ _ _ _ _ _ _ _ _ _ _ _ _ _ _ _ _ _ _ _ _ _ _ _ _ _ _ _ _ _ _ _ _ _ _ _ _ _ \n\nself = <selenium.webdriver.support.wait.WebDriverWait (session=\"69b0dac116933837a8b59d55371392c7\")>\nmethod = <function element_to_be_clickable.<locals>._predicate at 0x7f4be7370220>\nmessage = ''\n\n    def until(self, method, message: str = \"\"):\n        \"\"\"Calls the method provided with the driver as an argument until the \\\n        return value does not evaluate to ``False``.\n    \n        :param method: callable(WebDriver)\n        :param message: optional message for :exc:`TimeoutException`\n        :returns: the result of the last call to `method`\n        :raises: :exc:`selenium.common.exceptions.TimeoutException` if timeout occurs\n        \"\"\"\n        screen = None\n        stacktrace = None\n    \n        end_time = time.monotonic() + self._timeout\n        while True:\n            try:\n                value = method(self._driver)\n                if value:\n                    return value\n            except self._ignored_exceptions as exc:\n                screen = getattr(exc, \"screen\", None)\n                stacktrace = getattr(exc, \"stacktrace\", None)\n            time.sleep(self._poll)\n            if time.monotonic() > end_time:\n                break\n>       raise TimeoutException(message, screen, stacktrace)\nE       selenium.common.exceptions.TimeoutException: Message: \nE       Stacktrace:\nE       #0 0x561e189f54e3 <unknown>\nE       #1 0x561e18724c76 <unknown>\nE       #2 0x561e18760c96 <unknown>\nE       #3 0x561e18760dc1 <unknown>\nE       #4 0x561e1879a7f4 <unknown>\nE       #5 0x561e1878003d <unknown>\nE       #6 0x561e1879830e <unknown>\nE       #7 0x561e1877fde3 <unknown>\nE       #8 0x561e187552dd <unknown>\nE       #9 0x561e1875634e <unknown>\nE       #10 0x561e189b53e4 <unknown>\nE       #11 0x561e189b93d7 <unknown>\nE       #12 0x561e189c3b20 <unknown>\nE       #13 0x561e189ba023 <unknown>\nE       #14 0x561e189881aa <unknown>\nE       #15 0x561e189de6b8 <unknown>\nE       #16 0x561e189de847 <unknown>\nE       #17 0x561e189ee243 <unknown>\nE       #18 0x7f7546b47b43 <unknown>\n\n.venv/lib/python3.11/site-packages/selenium/webdriver/support/wait.py:95: TimeoutException","steps":[],"attachments":[{"uid":"8745941f25387b43","name":"Full Page Screenshot","source":"8745941f25387b43.png","type":"image/png","size":2759550},{"uid":"77f4423f63eca6bb","name":"URL","source":"77f4423f63eca6bb.uri","type":"text/uri-list","size":23},{"uid":"426f6be1168301c3","name":"public ip address","source":"426f6be1168301c3.txt","type":"text/plain","size":13},{"uid":"9ceaef2204fb2c43","name":"Cookies","source":"9ceaef2204fb2c43.json","type":"application/json","size":3283},{"uid":"415aab887257d631","name":"Session Storage","source":"415aab887257d631.json","type":"application/json","size":2},{"uid":"436b66aea5ad5233","name":"Local Storage","source":"436b66aea5ad5233.json","type":"application/json","size":208},{"uid":"a381e973b3aaf56e","name":"Console Logs","source":"a381e973b3aaf56e.json","type":"application/json","size":2},{"uid":"4ed6c134d5d1d0a5","name":"Network Logs","source":"4ed6c134d5d1d0a5.json","type":"application/json","size":47547}],"parameters":[],"stepsCount":0,"attachmentsCount":8,"shouldDisplayMessage":true,"hasContent":true},"afterStages":[],"labels":[{"name":"story","value":"WorkSpaces Creation and Editing Functionality"},{"name":"epic","value":"Workspaces"},{"name":"severity","value":"normal"},{"name":"tag","value":"run(order=4)"},{"name":"parentSuite","value":"tests"},{"name":"suite","value":"test_workspaces"},{"name":"subSuite","value":"TestWorkspaces"},{"name":"host","value":"fv-az216-434"},{"name":"thread","value":"2322-MainThread"},{"name":"framework","value":"pytest"},{"name":"language","value":"cpython3"},{"name":"package","value":"tests.test_workspaces"},{"name":"resultFormat","value":"allure2"}],"parameters":[],"links":[],"hidden":false,"retry":false,"extra":{"severity":"normal","retries":[],"categories":[{"name":"Test defects","matchedStatuses":[],"flaky":false}],"tags":["run(order=4)"]},"source":"9eeb7d3bec7954d4.json","parameterValues":[]}