{"uid":"d6b82490cd31b4bf","name":"Forgot Password with invalid email test","fullName":"tests.test_forgot_password.TestForgotPassword#test_invalid_email","historyId":"3743e16c5d15da2a1434ee4e2dd39a43","time":{"start":1692320970119,"stop":1692320980472,"duration":10353},"description":"Forgot Password with invalid email address","descriptionHtml":"<p>Forgot Password with invalid email address</p>\n","status":"broken","statusMessage":"selenium.common.exceptions.TimeoutException: Message: \nStacktrace:\n#0 0x559a62a99613 <unknown>\n#1 0x559a627c5537 <unknown>\n#2 0x559a62803f53 <unknown>\n#3 0x559a62804041 <unknown>\n#4 0x559a6283f2a4 <unknown>\n#5 0x559a62824a5d <unknown>\n#6 0x559a6283cd09 <unknown>\n#7 0x559a62824803 <unknown>\n#8 0x559a627f868b <unknown>\n#9 0x559a627f942e <unknown>\n#10 0x559a62a5ac28 <unknown>\n#11 0x559a62a5eaf7 <unknown>\n#12 0x559a62a6901c <unknown>\n#13 0x559a62a5f723 <unknown>\n#14 0x559a62a2e457 <unknown>\n#15 0x559a62a83628 <unknown>\n#16 0x559a62a837b7 <unknown>\n#17 0x559a62a92483 <unknown>\n#18 0x7f7b53b5fb43 <unknown>","statusTrace":"self = <tests.test_forgot_password.TestForgotPassword object at 0x7f0e7e18c4d0>\nexcel_reader = <utils.excel_parser.ExcelParser object at 0x7f0e7da7aa10>\njson_data = {'forgot_password': {'error_message': \"We can't find a user with that e-mail address.\", 'success_message': 'A reset li...you page', 'name': 'test', 'new_name': 'another test', 'no_project_found_msg': 'No project matches the criteria', ...}}\n\n    @allure.description(\"Forgot Password with invalid email address\")\n    @allure.title(\"Forgot Password with invalid email test\")\n    def test_invalid_email(self, excel_reader, json_data: dict):\n        emails = excel_reader.read_from_excel(\"Emails\")\n>       self.about_page.click_login_link()\n\ntests/test_forgot_password.py:30: \n_ _ _ _ _ _ _ _ _ _ _ _ _ _ _ _ _ _ _ _ _ _ _ _ _ _ _ _ _ _ _ _ _ _ _ _ _ _ _ _ \npages/about_page.py:20: in click_login_link\n    self.click(self.LOGIN_LINK)\npages/base_page.py:38: in click\n    el: WebElement = self.wait.until(\n_ _ _ _ _ _ _ _ _ _ _ _ _ _ _ _ _ _ _ _ _ _ _ _ _ _ _ _ _ _ _ _ _ _ _ _ _ _ _ _ \n\nself = <selenium.webdriver.support.wait.WebDriverWait (session=\"e097d025a28df8c2d186766f149c4b2f\")>\nmethod = <function element_to_be_clickable.<locals>._predicate at 0x7f0e7dbf39c0>\nmessage = ''\n\n    def until(self, method, message: str = \"\"):\n        \"\"\"Calls the method provided with the driver as an argument until the \\\n        return value does not evaluate to ``False``.\n    \n        :param method: callable(WebDriver)\n        :param message: optional message for :exc:`TimeoutException`\n        :returns: the result of the last call to `method`\n        :raises: :exc:`selenium.common.exceptions.TimeoutException` if timeout occurs\n        \"\"\"\n        screen = None\n        stacktrace = None\n    \n        end_time = time.monotonic() + self._timeout\n        while True:\n            try:\n                value = method(self._driver)\n                if value:\n                    return value\n            except self._ignored_exceptions as exc:\n                screen = getattr(exc, \"screen\", None)\n                stacktrace = getattr(exc, \"stacktrace\", None)\n            time.sleep(self._poll)\n            if time.monotonic() > end_time:\n                break\n>       raise TimeoutException(message, screen, stacktrace)\nE       selenium.common.exceptions.TimeoutException: Message: \nE       Stacktrace:\nE       #0 0x559a62a99613 <unknown>\nE       #1 0x559a627c5537 <unknown>\nE       #2 0x559a62803f53 <unknown>\nE       #3 0x559a62804041 <unknown>\nE       #4 0x559a6283f2a4 <unknown>\nE       #5 0x559a62824a5d <unknown>\nE       #6 0x559a6283cd09 <unknown>\nE       #7 0x559a62824803 <unknown>\nE       #8 0x559a627f868b <unknown>\nE       #9 0x559a627f942e <unknown>\nE       #10 0x559a62a5ac28 <unknown>\nE       #11 0x559a62a5eaf7 <unknown>\nE       #12 0x559a62a6901c <unknown>\nE       #13 0x559a62a5f723 <unknown>\nE       #14 0x559a62a2e457 <unknown>\nE       #15 0x559a62a83628 <unknown>\nE       #16 0x559a62a837b7 <unknown>\nE       #17 0x559a62a92483 <unknown>\nE       #18 0x7f7b53b5fb43 <unknown>\n\n.venv/lib/python3.11/site-packages/selenium/webdriver/support/wait.py:95: TimeoutException","flaky":false,"newFailed":false,"newBroken":false,"newPassed":false,"retriesCount":0,"retriesStatusChange":false,"beforeStages":[{"name":"base_url","time":{"start":1692320728102,"stop":1692320728102,"duration":0},"status":"passed","steps":[],"attachments":[],"parameters":[],"stepsCount":0,"attachmentsCount":0,"shouldDisplayMessage":false,"hasContent":false},{"name":"_verify_url","time":{"start":1692320728102,"stop":1692320728102,"duration":0},"status":"passed","steps":[],"attachments":[],"parameters":[],"stepsCount":0,"attachmentsCount":0,"shouldDisplayMessage":false,"hasContent":false},{"name":"json_data","time":{"start":1692320728102,"stop":1692320728102,"duration":0},"status":"passed","steps":[],"attachments":[],"parameters":[],"stepsCount":0,"attachmentsCount":0,"shouldDisplayMessage":false,"hasContent":false},{"name":"excel_reader","time":{"start":1692320970118,"stop":1692320970118,"duration":0},"status":"passed","steps":[],"attachments":[],"parameters":[],"stepsCount":0,"attachmentsCount":0,"shouldDisplayMessage":false,"hasContent":false}],"testStage":{"description":"Forgot Password with invalid email address","status":"broken","statusMessage":"selenium.common.exceptions.TimeoutException: Message: \nStacktrace:\n#0 0x559a62a99613 <unknown>\n#1 0x559a627c5537 <unknown>\n#2 0x559a62803f53 <unknown>\n#3 0x559a62804041 <unknown>\n#4 0x559a6283f2a4 <unknown>\n#5 0x559a62824a5d <unknown>\n#6 0x559a6283cd09 <unknown>\n#7 0x559a62824803 <unknown>\n#8 0x559a627f868b <unknown>\n#9 0x559a627f942e <unknown>\n#10 0x559a62a5ac28 <unknown>\n#11 0x559a62a5eaf7 <unknown>\n#12 0x559a62a6901c <unknown>\n#13 0x559a62a5f723 <unknown>\n#14 0x559a62a2e457 <unknown>\n#15 0x559a62a83628 <unknown>\n#16 0x559a62a837b7 <unknown>\n#17 0x559a62a92483 <unknown>\n#18 0x7f7b53b5fb43 <unknown>","statusTrace":"self = <tests.test_forgot_password.TestForgotPassword object at 0x7f0e7e18c4d0>\nexcel_reader = <utils.excel_parser.ExcelParser object at 0x7f0e7da7aa10>\njson_data = {'forgot_password': {'error_message': \"We can't find a user with that e-mail address.\", 'success_message': 'A reset li...you page', 'name': 'test', 'new_name': 'another test', 'no_project_found_msg': 'No project matches the criteria', ...}}\n\n    @allure.description(\"Forgot Password with invalid email address\")\n    @allure.title(\"Forgot Password with invalid email test\")\n    def test_invalid_email(self, excel_reader, json_data: dict):\n        emails = excel_reader.read_from_excel(\"Emails\")\n>       self.about_page.click_login_link()\n\ntests/test_forgot_password.py:30: \n_ _ _ _ _ _ _ _ _ _ _ _ _ _ _ _ _ _ _ _ _ _ _ _ _ _ _ _ _ _ _ _ _ _ _ _ _ _ _ _ \npages/about_page.py:20: in click_login_link\n    self.click(self.LOGIN_LINK)\npages/base_page.py:38: in click\n    el: WebElement = self.wait.until(\n_ _ _ _ _ _ _ _ _ _ _ _ _ _ _ _ _ _ _ _ _ _ _ _ _ _ _ _ _ _ _ _ _ _ _ _ _ _ _ _ \n\nself = <selenium.webdriver.support.wait.WebDriverWait (session=\"e097d025a28df8c2d186766f149c4b2f\")>\nmethod = <function element_to_be_clickable.<locals>._predicate at 0x7f0e7dbf39c0>\nmessage = ''\n\n    def until(self, method, message: str = \"\"):\n        \"\"\"Calls the method provided with the driver as an argument until the \\\n        return value does not evaluate to ``False``.\n    \n        :param method: callable(WebDriver)\n        :param message: optional message for :exc:`TimeoutException`\n        :returns: the result of the last call to `method`\n        :raises: :exc:`selenium.common.exceptions.TimeoutException` if timeout occurs\n        \"\"\"\n        screen = None\n        stacktrace = None\n    \n        end_time = time.monotonic() + self._timeout\n        while True:\n            try:\n                value = method(self._driver)\n                if value:\n                    return value\n            except self._ignored_exceptions as exc:\n                screen = getattr(exc, \"screen\", None)\n                stacktrace = getattr(exc, \"stacktrace\", None)\n            time.sleep(self._poll)\n            if time.monotonic() > end_time:\n                break\n>       raise TimeoutException(message, screen, stacktrace)\nE       selenium.common.exceptions.TimeoutException: Message: \nE       Stacktrace:\nE       #0 0x559a62a99613 <unknown>\nE       #1 0x559a627c5537 <unknown>\nE       #2 0x559a62803f53 <unknown>\nE       #3 0x559a62804041 <unknown>\nE       #4 0x559a6283f2a4 <unknown>\nE       #5 0x559a62824a5d <unknown>\nE       #6 0x559a6283cd09 <unknown>\nE       #7 0x559a62824803 <unknown>\nE       #8 0x559a627f868b <unknown>\nE       #9 0x559a627f942e <unknown>\nE       #10 0x559a62a5ac28 <unknown>\nE       #11 0x559a62a5eaf7 <unknown>\nE       #12 0x559a62a6901c <unknown>\nE       #13 0x559a62a5f723 <unknown>\nE       #14 0x559a62a2e457 <unknown>\nE       #15 0x559a62a83628 <unknown>\nE       #16 0x559a62a837b7 <unknown>\nE       #17 0x559a62a92483 <unknown>\nE       #18 0x7f7b53b5fb43 <unknown>\n\n.venv/lib/python3.11/site-packages/selenium/webdriver/support/wait.py:95: TimeoutException","steps":[{"name":"Click Login link","time":{"start":1692320970122,"stop":1692320980471,"duration":10349},"status":"broken","statusMessage":"selenium.common.exceptions.TimeoutException: Message: \nStacktrace:\n#0 0x559a62a99613 <unknown>\n#1 0x559a627c5537 <unknown>\n#2 0x559a62803f53 <unknown>\n#3 0x559a62804041 <unknown>\n#4 0x559a6283f2a4 <unknown>\n#5 0x559a62824a5d <unknown>\n#6 0x559a6283cd09 <unknown>\n#7 0x559a62824803 <unknown>\n#8 0x559a627f868b <unknown>\n#9 0x559a627f942e <unknown>\n#10 0x559a62a5ac28 <unknown>\n#11 0x559a62a5eaf7 <unknown>\n#12 0x559a62a6901c <unknown>\n#13 0x559a62a5f723 <unknown>\n#14 0x559a62a2e457 <unknown>\n#15 0x559a62a83628 <unknown>\n#16 0x559a62a837b7 <unknown>\n#17 0x559a62a92483 <unknown>\n#18 0x7f7b53b5fb43 <unknown>\n\n","statusTrace":"  File \"/home/runner/work/Selenium-Python-Example/Selenium-Python-Example/.venv/lib/python3.11/site-packages/allure_commons/_allure.py\", line 192, in impl\n    return func(*a, **kw)\n           ^^^^^^^^^^^^^^\n  File \"/home/runner/work/Selenium-Python-Example/Selenium-Python-Example/pages/about_page.py\", line 20, in click_login_link\n    self.click(self.LOGIN_LINK)\n  File \"/home/runner/work/Selenium-Python-Example/Selenium-Python-Example/pages/base_page.py\", line 38, in click\n    el: WebElement = self.wait.until(\n                     ^^^^^^^^^^^^^^^^\n  File \"/home/runner/work/Selenium-Python-Example/Selenium-Python-Example/.venv/lib/python3.11/site-packages/selenium/webdriver/support/wait.py\", line 95, in until\n    raise TimeoutException(message, screen, stacktrace)\n","steps":[],"attachments":[],"parameters":[],"stepsCount":0,"attachmentsCount":0,"shouldDisplayMessage":true,"hasContent":true}],"attachments":[{"uid":"4808853d10800dca","name":"public ip address","source":"4808853d10800dca.txt","type":"text/plain","size":12},{"uid":"8601fd912f8e9610","name":"Cookies","source":"8601fd912f8e9610.json","type":"application/json","size":1237},{"uid":"ed72366f8fa03773","name":"Session Storage","source":"ed72366f8fa03773.json","type":"application/json","size":2},{"uid":"392b9ff88f3deb09","name":"Local Storage","source":"392b9ff88f3deb09.json","type":"application/json","size":208},{"uid":"9abb8eb411656a2c","name":"Console Logs","source":"9abb8eb411656a2c.json","type":"application/json","size":4954},{"uid":"20ade02d49d1e26f","name":"Full Page Screenshot","source":"20ade02d49d1e26f.png","type":"image/png","size":3231993},{"uid":"9bc07c224bdaf408","name":"URL","source":"9bc07c224bdaf408.uri","type":"text/uri-list","size":23},{"uid":"ac8d67dda50b3f90","name":"Network Logs","source":"ac8d67dda50b3f90.json","type":"application/json","size":28287}],"parameters":[],"stepsCount":1,"attachmentsCount":8,"shouldDisplayMessage":true,"hasContent":true},"afterStages":[],"labels":[{"name":"epic","value":"Security"},{"name":"severity","value":"critical"},{"name":"story","value":"Forgot Password Feature's Functionality"},{"name":"tag","value":"security"},{"name":"parentSuite","value":"tests"},{"name":"suite","value":"test_forgot_password"},{"name":"subSuite","value":"TestForgotPassword"},{"name":"host","value":"fv-az257-612"},{"name":"thread","value":"2198-MainThread"},{"name":"framework","value":"pytest"},{"name":"language","value":"cpython3"},{"name":"package","value":"tests.test_forgot_password"},{"name":"resultFormat","value":"allure2"}],"parameters":[],"links":[],"hidden":false,"retry":false,"extra":{"severity":"critical","retries":[],"categories":[{"name":"Test defects","matchedStatuses":[],"flaky":false}],"tags":["security"]},"source":"d6b82490cd31b4bf.json","parameterValues":[]}