{"uid":"3be4b36cbc4b33bd","name":"Search for non existing project","fullName":"tests.workspaces_test.TestWorkspaces#test_search_for_non_existing_project","historyId":"ed697c69c4643fc2c746342bc96c6608","time":{"start":1711847840681,"stop":1711847840681,"duration":0},"description":"Search for a non existing project","descriptionHtml":"<p>Search for a non existing project</p>\n","status":"broken","statusMessage":"selenium.common.exceptions.TimeoutException: Message: \nStacktrace:\n#0 0x55c77aa95993 <unknown>\n#1 0x55c77a790136 <unknown>\n#2 0x55c77a7dad48 <unknown>\n#3 0x55c77a7dae01 <unknown>\n#4 0x55c77a81de44 <unknown>\n#5 0x55c77a7fccfd <unknown>\n#6 0x55c77a81b319 <unknown>\n#7 0x55c77a7fca73 <unknown>\n#8 0x55c77a7cdc93 <unknown>\n#9 0x55c77a7ce65e <unknown>\n#10 0x55c77aa5a08b <unknown>\n#11 0x55c77aa5e005 <unknown>\n#12 0x55c77aa48491 <unknown>\n#13 0x55c77aa5eb92 <unknown>\n#14 0x55c77aa2d9ef <unknown>\n#15 0x55c77aa84df8 <unknown>\n#16 0x55c77aa84fcb <unknown>\n#17 0x55c77aa94ae4 <unknown>\n#18 0x7f2cd7a94ac3 <unknown>","statusTrace":"self = <tests.workspaces_test.TestWorkspaces object at 0x7f6b601b67e0>\n\n    @pytest.fixture(autouse=True)\n    def setup_method_fixture(self):\n>       login(self.about_page, self.login_page)\n\ntests/workspaces_test.py:25: \n_ _ _ _ _ _ _ _ _ _ _ _ _ _ _ _ _ _ _ _ _ _ _ _ _ _ _ _ _ _ _ _ _ _ _ _ _ _ _ _ \ntests/workspaces_test.py:15: in login\n    about_page.click_login_link()\npages/about_page.py:20: in click_login_link\n    self.click(self.LOGIN_LINK)\npages/base_page.py:60: in click\n    el: WebElement = self.wait.until(\n_ _ _ _ _ _ _ _ _ _ _ _ _ _ _ _ _ _ _ _ _ _ _ _ _ _ _ _ _ _ _ _ _ _ _ _ _ _ _ _ \n\nself = <selenium.webdriver.support.wait.WebDriverWait (session=\"cc90758480bf600cc6ae464a332b69a8\")>\nmethod = <function element_to_be_clickable.<locals>._predicate at 0x7f6b600718a0>\nmessage = ''\n\n    def until(self, method: Callable[[D], Union[Literal[False], T]], message: str = \"\") -> T:\n        \"\"\"Calls the method provided with the driver as an argument until the \\\n        return value does not evaluate to ``False``.\n    \n        :param method: callable(WebDriver)\n        :param message: optional message for :exc:`TimeoutException`\n        :returns: the result of the last call to `method`\n        :raises: :exc:`selenium.common.exceptions.TimeoutException` if timeout occurs\n        \"\"\"\n        screen = None\n        stacktrace = None\n    \n        end_time = time.monotonic() + self._timeout\n        while True:\n            try:\n                value = method(self._driver)\n                if value:\n                    return value\n            except self._ignored_exceptions as exc:\n                screen = getattr(exc, \"screen\", None)\n                stacktrace = getattr(exc, \"stacktrace\", None)\n            time.sleep(self._poll)\n            if time.monotonic() > end_time:\n                break\n>       raise TimeoutException(message, screen, stacktrace)\nE       selenium.common.exceptions.TimeoutException: Message: \nE       Stacktrace:\nE       #0 0x55c77aa95993 <unknown>\nE       #1 0x55c77a790136 <unknown>\nE       #2 0x55c77a7dad48 <unknown>\nE       #3 0x55c77a7dae01 <unknown>\nE       #4 0x55c77a81de44 <unknown>\nE       #5 0x55c77a7fccfd <unknown>\nE       #6 0x55c77a81b319 <unknown>\nE       #7 0x55c77a7fca73 <unknown>\nE       #8 0x55c77a7cdc93 <unknown>\nE       #9 0x55c77a7ce65e <unknown>\nE       #10 0x55c77aa5a08b <unknown>\nE       #11 0x55c77aa5e005 <unknown>\nE       #12 0x55c77aa48491 <unknown>\nE       #13 0x55c77aa5eb92 <unknown>\nE       #14 0x55c77aa2d9ef <unknown>\nE       #15 0x55c77aa84df8 <unknown>\nE       #16 0x55c77aa84fcb <unknown>\nE       #17 0x55c77aa94ae4 <unknown>\nE       #18 0x7f2cd7a94ac3 <unknown>\n\n.venv/lib/python3.12/site-packages/selenium/webdriver/support/wait.py:105: TimeoutException","flaky":false,"newFailed":false,"newBroken":false,"newPassed":false,"retriesCount":0,"retriesStatusChange":false,"beforeStages":[{"name":"base_url","time":{"start":1711847708199,"stop":1711847708199,"duration":0},"status":"passed","steps":[],"attachments":[],"parameters":[],"shouldDisplayMessage":false,"stepsCount":0,"attachmentsCount":0,"hasContent":false,"attachmentStep":false},{"name":"session_request","time":{"start":1711847708200,"stop":1711847708200,"duration":0},"status":"passed","steps":[],"attachments":[],"parameters":[],"shouldDisplayMessage":false,"stepsCount":0,"attachmentsCount":0,"hasContent":false,"attachmentStep":false},{"name":"_verify_url","time":{"start":1711847708200,"stop":1711847708200,"duration":0},"status":"passed","steps":[],"attachments":[],"parameters":[],"shouldDisplayMessage":false,"stepsCount":0,"attachmentsCount":0,"hasContent":false,"attachmentStep":false},{"name":"data","time":{"start":1711847708201,"stop":1711847708202,"duration":1},"status":"passed","steps":[],"attachments":[],"parameters":[],"shouldDisplayMessage":false,"stepsCount":0,"attachmentsCount":0,"hasContent":false,"attachmentStep":false},{"name":"setup_method_fixture","time":{"start":1711847842543,"stop":1711847852913,"duration":10370},"status":"broken","statusMessage":"selenium.common.exceptions.TimeoutException: Message: \nStacktrace:\n#0 0x55c77aa95993 <unknown>\n#1 0x55c77a790136 <unknown>\n#2 0x55c77a7dad48 <unknown>\n#3 0x55c77a7dae01 <unknown>\n#4 0x55c77a81de44 <unknown>\n#5 0x55c77a7fccfd <unknown>\n#6 0x55c77a81b319 <unknown>\n#7 0x55c77a7fca73 <unknown>\n#8 0x55c77a7cdc93 <unknown>\n#9 0x55c77a7ce65e <unknown>\n#10 0x55c77aa5a08b <unknown>\n#11 0x55c77aa5e005 <unknown>\n#12 0x55c77aa48491 <unknown>\n#13 0x55c77aa5eb92 <unknown>\n#14 0x55c77aa2d9ef <unknown>\n#15 0x55c77aa84df8 <unknown>\n#16 0x55c77aa84fcb <unknown>\n#17 0x55c77aa94ae4 <unknown>\n#18 0x7f2cd7a94ac3 <unknown>\n\n","statusTrace":"  File \"/home/runner/work/Selenium-Python-Example/Selenium-Python-Example/.venv/lib/python3.12/site-packages/pluggy/_callers.py\", line 137, in _multicall\n    teardown.throw(outcome._exception)\n  File \"/home/runner/work/Selenium-Python-Example/Selenium-Python-Example/.venv/lib/python3.12/site-packages/_pytest/setuponly.py\", line 36, in pytest_fixture_setup\n    return (yield)\n            ^^^^^\n  File \"/home/runner/work/Selenium-Python-Example/Selenium-Python-Example/.venv/lib/python3.12/site-packages/pluggy/_callers.py\", line 77, in _multicall\n    res = hook_impl.function(*args)\n          ^^^^^^^^^^^^^^^^^^^^^^^^^\n  File \"/home/runner/work/Selenium-Python-Example/Selenium-Python-Example/.venv/lib/python3.12/site-packages/_pytest/fixtures.py\", line 1140, in pytest_fixture_setup\n    result = call_fixture_func(fixturefunc, request, kwargs)\n             ^^^^^^^^^^^^^^^^^^^^^^^^^^^^^^^^^^^^^^^^^^^^^^^\n  File \"/home/runner/work/Selenium-Python-Example/Selenium-Python-Example/.venv/lib/python3.12/site-packages/_pytest/fixtures.py\", line 917, in call_fixture_func\n    fixture_result = fixturefunc(**kwargs)\n                     ^^^^^^^^^^^^^^^^^^^^^\n  File \"/home/runner/work/Selenium-Python-Example/Selenium-Python-Example/tests/workspaces_test.py\", line 25, in setup_method_fixture\n    login(self.about_page, self.login_page)\n  File \"/home/runner/work/Selenium-Python-Example/Selenium-Python-Example/tests/workspaces_test.py\", line 15, in login\n    about_page.click_login_link()\n  File \"/home/runner/work/Selenium-Python-Example/Selenium-Python-Example/.venv/lib/python3.12/site-packages/allure_commons/_allure.py\", line 192, in impl\n    return func(*a, **kw)\n           ^^^^^^^^^^^^^^\n  File \"/home/runner/work/Selenium-Python-Example/Selenium-Python-Example/pages/about_page.py\", line 20, in click_login_link\n    self.click(self.LOGIN_LINK)\n  File \"/home/runner/work/Selenium-Python-Example/Selenium-Python-Example/pages/base_page.py\", line 60, in click\n    el: WebElement = self.wait.until(\n                     ^^^^^^^^^^^^^^^^\n  File \"/home/runner/work/Selenium-Python-Example/Selenium-Python-Example/.venv/lib/python3.12/site-packages/selenium/webdriver/support/wait.py\", line 105, in until\n    raise TimeoutException(message, screen, stacktrace)\n","steps":[{"name":"Click Login link","time":{"start":1711847842544,"stop":1711847852912,"duration":10368},"status":"broken","statusMessage":"selenium.common.exceptions.TimeoutException: Message: \nStacktrace:\n#0 0x55c77aa95993 <unknown>\n#1 0x55c77a790136 <unknown>\n#2 0x55c77a7dad48 <unknown>\n#3 0x55c77a7dae01 <unknown>\n#4 0x55c77a81de44 <unknown>\n#5 0x55c77a7fccfd <unknown>\n#6 0x55c77a81b319 <unknown>\n#7 0x55c77a7fca73 <unknown>\n#8 0x55c77a7cdc93 <unknown>\n#9 0x55c77a7ce65e <unknown>\n#10 0x55c77aa5a08b <unknown>\n#11 0x55c77aa5e005 <unknown>\n#12 0x55c77aa48491 <unknown>\n#13 0x55c77aa5eb92 <unknown>\n#14 0x55c77aa2d9ef <unknown>\n#15 0x55c77aa84df8 <unknown>\n#16 0x55c77aa84fcb <unknown>\n#17 0x55c77aa94ae4 <unknown>\n#18 0x7f2cd7a94ac3 <unknown>\n\n","statusTrace":"  File \"/home/runner/work/Selenium-Python-Example/Selenium-Python-Example/.venv/lib/python3.12/site-packages/allure_commons/_allure.py\", line 192, in impl\n    return func(*a, **kw)\n           ^^^^^^^^^^^^^^\n  File \"/home/runner/work/Selenium-Python-Example/Selenium-Python-Example/pages/about_page.py\", line 20, in click_login_link\n    self.click(self.LOGIN_LINK)\n  File \"/home/runner/work/Selenium-Python-Example/Selenium-Python-Example/pages/base_page.py\", line 60, in click\n    el: WebElement = self.wait.until(\n                     ^^^^^^^^^^^^^^^^\n  File \"/home/runner/work/Selenium-Python-Example/Selenium-Python-Example/.venv/lib/python3.12/site-packages/selenium/webdriver/support/wait.py\", line 105, in until\n    raise TimeoutException(message, screen, stacktrace)\n","steps":[],"attachments":[],"parameters":[],"shouldDisplayMessage":true,"stepsCount":0,"attachmentsCount":0,"hasContent":true,"attachmentStep":false}],"attachments":[],"parameters":[],"shouldDisplayMessage":false,"stepsCount":1,"attachmentsCount":0,"hasContent":true,"attachmentStep":false}],"testStage":{"description":"Search for a non existing project","status":"broken","statusMessage":"selenium.common.exceptions.TimeoutException: Message: \nStacktrace:\n#0 0x55c77aa95993 <unknown>\n#1 0x55c77a790136 <unknown>\n#2 0x55c77a7dad48 <unknown>\n#3 0x55c77a7dae01 <unknown>\n#4 0x55c77a81de44 <unknown>\n#5 0x55c77a7fccfd <unknown>\n#6 0x55c77a81b319 <unknown>\n#7 0x55c77a7fca73 <unknown>\n#8 0x55c77a7cdc93 <unknown>\n#9 0x55c77a7ce65e <unknown>\n#10 0x55c77aa5a08b <unknown>\n#11 0x55c77aa5e005 <unknown>\n#12 0x55c77aa48491 <unknown>\n#13 0x55c77aa5eb92 <unknown>\n#14 0x55c77aa2d9ef <unknown>\n#15 0x55c77aa84df8 <unknown>\n#16 0x55c77aa84fcb <unknown>\n#17 0x55c77aa94ae4 <unknown>\n#18 0x7f2cd7a94ac3 <unknown>","statusTrace":"self = <tests.workspaces_test.TestWorkspaces object at 0x7f6b601b67e0>\n\n    @pytest.fixture(autouse=True)\n    def setup_method_fixture(self):\n>       login(self.about_page, self.login_page)\n\ntests/workspaces_test.py:25: \n_ _ _ _ _ _ _ _ _ _ _ _ _ _ _ _ _ _ _ _ _ _ _ _ _ _ _ _ _ _ _ _ _ _ _ _ _ _ _ _ \ntests/workspaces_test.py:15: in login\n    about_page.click_login_link()\npages/about_page.py:20: in click_login_link\n    self.click(self.LOGIN_LINK)\npages/base_page.py:60: in click\n    el: WebElement = self.wait.until(\n_ _ _ _ _ _ _ _ _ _ _ _ _ _ _ _ _ _ _ _ _ _ _ _ _ _ _ _ _ _ _ _ _ _ _ _ _ _ _ _ \n\nself = <selenium.webdriver.support.wait.WebDriverWait (session=\"cc90758480bf600cc6ae464a332b69a8\")>\nmethod = <function element_to_be_clickable.<locals>._predicate at 0x7f6b600718a0>\nmessage = ''\n\n    def until(self, method: Callable[[D], Union[Literal[False], T]], message: str = \"\") -> T:\n        \"\"\"Calls the method provided with the driver as an argument until the \\\n        return value does not evaluate to ``False``.\n    \n        :param method: callable(WebDriver)\n        :param message: optional message for :exc:`TimeoutException`\n        :returns: the result of the last call to `method`\n        :raises: :exc:`selenium.common.exceptions.TimeoutException` if timeout occurs\n        \"\"\"\n        screen = None\n        stacktrace = None\n    \n        end_time = time.monotonic() + self._timeout\n        while True:\n            try:\n                value = method(self._driver)\n                if value:\n                    return value\n            except self._ignored_exceptions as exc:\n                screen = getattr(exc, \"screen\", None)\n                stacktrace = getattr(exc, \"stacktrace\", None)\n            time.sleep(self._poll)\n            if time.monotonic() > end_time:\n                break\n>       raise TimeoutException(message, screen, stacktrace)\nE       selenium.common.exceptions.TimeoutException: Message: \nE       Stacktrace:\nE       #0 0x55c77aa95993 <unknown>\nE       #1 0x55c77a790136 <unknown>\nE       #2 0x55c77a7dad48 <unknown>\nE       #3 0x55c77a7dae01 <unknown>\nE       #4 0x55c77a81de44 <unknown>\nE       #5 0x55c77a7fccfd <unknown>\nE       #6 0x55c77a81b319 <unknown>\nE       #7 0x55c77a7fca73 <unknown>\nE       #8 0x55c77a7cdc93 <unknown>\nE       #9 0x55c77a7ce65e <unknown>\nE       #10 0x55c77aa5a08b <unknown>\nE       #11 0x55c77aa5e005 <unknown>\nE       #12 0x55c77aa48491 <unknown>\nE       #13 0x55c77aa5eb92 <unknown>\nE       #14 0x55c77aa2d9ef <unknown>\nE       #15 0x55c77aa84df8 <unknown>\nE       #16 0x55c77aa84fcb <unknown>\nE       #17 0x55c77aa94ae4 <unknown>\nE       #18 0x7f2cd7a94ac3 <unknown>\n\n.venv/lib/python3.12/site-packages/selenium/webdriver/support/wait.py:105: TimeoutException","steps":[{"name":"public ip address","time":{"start":1711847852935,"stop":1711847853022,"duration":87},"status":"passed","steps":[],"attachments":[{"uid":"1cca65f0b7f2cd43","name":"HTTP logs of http://checkip.amazonaws.com/","source":"1cca65f0b7f2cd43.txt","type":"text/plain","size":263}],"parameters":[],"shouldDisplayMessage":false,"stepsCount":0,"attachmentsCount":1,"hasContent":true,"attachmentStep":false}],"attachments":[{"uid":"6409ef5cd8d9eee","name":"Cookies","source":"6409ef5cd8d9eee.json","type":"application/json","size":3098},{"uid":"ac9dc946d95d83e8","name":"Session Storage","source":"ac9dc946d95d83e8.json","type":"application/json","size":359},{"uid":"863a13483b1a0bb8","name":"Local Storage","source":"863a13483b1a0bb8.json","type":"application/json","size":208},{"uid":"53d28acc646ea7dd","name":"Console Logs","source":"53d28acc646ea7dd.json","type":"application/json","size":653},{"uid":"4acb5318080ec304","name":"Full Page Screenshot","source":"4acb5318080ec304.png","type":"image/png","size":6262366},{"uid":"4b94d88fa4bd5bc0","name":"URL","source":"4b94d88fa4bd5bc0.uri","type":"text/uri-list","size":23},{"uid":"14901200cc3ae07d","name":"Network Logs","source":"14901200cc3ae07d.json","type":"application/json","size":23202}],"parameters":[],"shouldDisplayMessage":true,"stepsCount":1,"attachmentsCount":8,"hasContent":true,"attachmentStep":false},"afterStages":[{"name":"session_request::0","time":{"start":1711847974708,"stop":1711847974708,"duration":0},"status":"passed","steps":[],"attachments":[],"parameters":[],"shouldDisplayMessage":false,"stepsCount":0,"attachmentsCount":0,"hasContent":false,"attachmentStep":false}],"labels":[{"name":"severity","value":"normal"},{"name":"epic","value":"Workspaces"},{"name":"story","value":"WorkSpaces Creation and Editing Functionality"},{"name":"tag","value":"run(order=7)"},{"name":"parentSuite","value":"tests"},{"name":"suite","value":"workspaces_test"},{"name":"subSuite","value":"TestWorkspaces"},{"name":"host","value":"fv-az881-501"},{"name":"thread","value":"2441-MainThread"},{"name":"framework","value":"pytest"},{"name":"language","value":"cpython3"},{"name":"package","value":"tests.workspaces_test"},{"name":"resultFormat","value":"allure2"}],"parameters":[],"links":[],"hidden":false,"retry":false,"extra":{"severity":"normal","retries":[],"categories":[{"name":"Test defects","matchedStatuses":[],"flaky":false}],"tags":["run(order=7)"]},"source":"3be4b36cbc4b33bd.json","parameterValues":[]}