{"uid":"8555f8717f9dae26","name":"Login with invalid credentials test","fullName":"tests.login_test.TestLogin#test_invalid_login","historyId":"d8696551571014a71a874c85cadaf3fe","time":{"start":1705108426932,"stop":1705108437202,"duration":10270},"description":"invalid login","descriptionHtml":"<p>invalid login</p>\n","status":"broken","statusMessage":"selenium.common.exceptions.TimeoutException: Message: \nStacktrace:\n#0 0x55bfdbb64f83 <unknown>\n#1 0x55bfdb81dcf7 <unknown>\n#2 0x55bfdb86d99e <unknown>\n#3 0x55bfdb86daa1 <unknown>\n#4 0x55bfdb8b8d64 <unknown>\n#5 0x55bfdb8970dd <unknown>\n#6 0x55bfdb8b6006 <unknown>\n#7 0x55bfdb896e53 <unknown>\n#8 0x55bfdb85edd4 <unknown>\n#9 0x55bfdb8601de <unknown>\n#10 0x55bfdbb29531 <unknown>\n#11 0x55bfdbb2d455 <unknown>\n#12 0x55bfdbb15f55 <unknown>\n#13 0x55bfdbb2e0ef <unknown>\n#14 0x55bfdbaf999f <unknown>\n#15 0x55bfdbb52008 <unknown>\n#16 0x55bfdbb521d7 <unknown>\n#17 0x55bfdbb64124 <unknown>\n#18 0x7f2ec9094ac3 <unknown>","statusTrace":"self = <tests.login_test.TestLogin object at 0x7f64c608c5c0>\nemail = 'nirt236@gmail.com', password = '123456'\njson_data = {'forgot_password': {'error_message': \"We can't find a user with that e-mail address.\", 'success_message': 'A reset li...you page', 'name': 'test', 'new_name': 'another test', 'no_project_found_msg': 'No project matches the criteria', ...}}\n\n    @allure.description(\"invalid login\")\n    @allure.title(\"Login with invalid credentials test\")\n    @pytest.mark.parametrize(\"email, password\", users)\n    @pytest.mark.run(order=3)\n    def test_invalid_login(self, email: str, password: str, json_data: dict):\n>       self.about_page.click_login_link()\n\ntests/login_test.py:25: \n_ _ _ _ _ _ _ _ _ _ _ _ _ _ _ _ _ _ _ _ _ _ _ _ _ _ _ _ _ _ _ _ _ _ _ _ _ _ _ _ \npages/about_page.py:20: in click_login_link\n    self.click(self.LOGIN_LINK)\npages/base_page.py:60: in click\n    el: WebElement = self.wait.until(\n_ _ _ _ _ _ _ _ _ _ _ _ _ _ _ _ _ _ _ _ _ _ _ _ _ _ _ _ _ _ _ _ _ _ _ _ _ _ _ _ \n\nself = <selenium.webdriver.support.wait.WebDriverWait (session=\"e34b2a18d08f50aac43d09c7ec4bdfae\")>\nmethod = <function element_to_be_clickable.<locals>._predicate at 0x7f64c61111c0>\nmessage = ''\n\n    def until(self, method: Callable[[D], Union[Literal[False], T]], message: str = \"\") -> T:\n        \"\"\"Calls the method provided with the driver as an argument until the \\\n        return value does not evaluate to ``False``.\n    \n        :param method: callable(WebDriver)\n        :param message: optional message for :exc:`TimeoutException`\n        :returns: the result of the last call to `method`\n        :raises: :exc:`selenium.common.exceptions.TimeoutException` if timeout occurs\n        \"\"\"\n        screen = None\n        stacktrace = None\n    \n        end_time = time.monotonic() + self._timeout\n        while True:\n            try:\n                value = method(self._driver)\n                if value:\n                    return value\n            except self._ignored_exceptions as exc:\n                screen = getattr(exc, \"screen\", None)\n                stacktrace = getattr(exc, \"stacktrace\", None)\n            time.sleep(self._poll)\n            if time.monotonic() > end_time:\n                break\n>       raise TimeoutException(message, screen, stacktrace)\nE       selenium.common.exceptions.TimeoutException: Message: \nE       Stacktrace:\nE       #0 0x55bfdbb64f83 <unknown>\nE       #1 0x55bfdb81dcf7 <unknown>\nE       #2 0x55bfdb86d99e <unknown>\nE       #3 0x55bfdb86daa1 <unknown>\nE       #4 0x55bfdb8b8d64 <unknown>\nE       #5 0x55bfdb8970dd <unknown>\nE       #6 0x55bfdb8b6006 <unknown>\nE       #7 0x55bfdb896e53 <unknown>\nE       #8 0x55bfdb85edd4 <unknown>\nE       #9 0x55bfdb8601de <unknown>\nE       #10 0x55bfdbb29531 <unknown>\nE       #11 0x55bfdbb2d455 <unknown>\nE       #12 0x55bfdbb15f55 <unknown>\nE       #13 0x55bfdbb2e0ef <unknown>\nE       #14 0x55bfdbaf999f <unknown>\nE       #15 0x55bfdbb52008 <unknown>\nE       #16 0x55bfdbb521d7 <unknown>\nE       #17 0x55bfdbb64124 <unknown>\nE       #18 0x7f2ec9094ac3 <unknown>\n\n.venv/lib/python3.12/site-packages/selenium/webdriver/support/wait.py:105: TimeoutException","flaky":false,"newFailed":false,"newBroken":false,"newPassed":false,"retriesCount":0,"retriesStatusChange":false,"beforeStages":[{"name":"json_data","time":{"start":1705108393977,"stop":1705108393978,"duration":1},"status":"passed","steps":[],"attachments":[],"parameters":[],"shouldDisplayMessage":false,"stepsCount":0,"attachmentsCount":0,"hasContent":false,"attachmentStep":false},{"name":"_verify_url","time":{"start":1705108393977,"stop":1705108393977,"duration":0},"status":"passed","steps":[],"attachments":[],"parameters":[],"shouldDisplayMessage":false,"stepsCount":0,"attachmentsCount":0,"hasContent":false,"attachmentStep":false},{"name":"base_url","time":{"start":1705108393977,"stop":1705108393977,"duration":0},"status":"passed","steps":[],"attachments":[],"parameters":[],"shouldDisplayMessage":false,"stepsCount":0,"attachmentsCount":0,"hasContent":false,"attachmentStep":false}],"testStage":{"description":"invalid login","status":"broken","statusMessage":"selenium.common.exceptions.TimeoutException: Message: \nStacktrace:\n#0 0x55bfdbb64f83 <unknown>\n#1 0x55bfdb81dcf7 <unknown>\n#2 0x55bfdb86d99e <unknown>\n#3 0x55bfdb86daa1 <unknown>\n#4 0x55bfdb8b8d64 <unknown>\n#5 0x55bfdb8970dd <unknown>\n#6 0x55bfdb8b6006 <unknown>\n#7 0x55bfdb896e53 <unknown>\n#8 0x55bfdb85edd4 <unknown>\n#9 0x55bfdb8601de <unknown>\n#10 0x55bfdbb29531 <unknown>\n#11 0x55bfdbb2d455 <unknown>\n#12 0x55bfdbb15f55 <unknown>\n#13 0x55bfdbb2e0ef <unknown>\n#14 0x55bfdbaf999f <unknown>\n#15 0x55bfdbb52008 <unknown>\n#16 0x55bfdbb521d7 <unknown>\n#17 0x55bfdbb64124 <unknown>\n#18 0x7f2ec9094ac3 <unknown>","statusTrace":"self = <tests.login_test.TestLogin object at 0x7f64c608c5c0>\nemail = 'nirt236@gmail.com', password = '123456'\njson_data = {'forgot_password': {'error_message': \"We can't find a user with that e-mail address.\", 'success_message': 'A reset li...you page', 'name': 'test', 'new_name': 'another test', 'no_project_found_msg': 'No project matches the criteria', ...}}\n\n    @allure.description(\"invalid login\")\n    @allure.title(\"Login with invalid credentials test\")\n    @pytest.mark.parametrize(\"email, password\", users)\n    @pytest.mark.run(order=3)\n    def test_invalid_login(self, email: str, password: str, json_data: dict):\n>       self.about_page.click_login_link()\n\ntests/login_test.py:25: \n_ _ _ _ _ _ _ _ _ _ _ _ _ _ _ _ _ _ _ _ _ _ _ _ _ _ _ _ _ _ _ _ _ _ _ _ _ _ _ _ \npages/about_page.py:20: in click_login_link\n    self.click(self.LOGIN_LINK)\npages/base_page.py:60: in click\n    el: WebElement = self.wait.until(\n_ _ _ _ _ _ _ _ _ _ _ _ _ _ _ _ _ _ _ _ _ _ _ _ _ _ _ _ _ _ _ _ _ _ _ _ _ _ _ _ \n\nself = <selenium.webdriver.support.wait.WebDriverWait (session=\"e34b2a18d08f50aac43d09c7ec4bdfae\")>\nmethod = <function element_to_be_clickable.<locals>._predicate at 0x7f64c61111c0>\nmessage = ''\n\n    def until(self, method: Callable[[D], Union[Literal[False], T]], message: str = \"\") -> T:\n        \"\"\"Calls the method provided with the driver as an argument until the \\\n        return value does not evaluate to ``False``.\n    \n        :param method: callable(WebDriver)\n        :param message: optional message for :exc:`TimeoutException`\n        :returns: the result of the last call to `method`\n        :raises: :exc:`selenium.common.exceptions.TimeoutException` if timeout occurs\n        \"\"\"\n        screen = None\n        stacktrace = None\n    \n        end_time = time.monotonic() + self._timeout\n        while True:\n            try:\n                value = method(self._driver)\n                if value:\n                    return value\n            except self._ignored_exceptions as exc:\n                screen = getattr(exc, \"screen\", None)\n                stacktrace = getattr(exc, \"stacktrace\", None)\n            time.sleep(self._poll)\n            if time.monotonic() > end_time:\n                break\n>       raise TimeoutException(message, screen, stacktrace)\nE       selenium.common.exceptions.TimeoutException: Message: \nE       Stacktrace:\nE       #0 0x55bfdbb64f83 <unknown>\nE       #1 0x55bfdb81dcf7 <unknown>\nE       #2 0x55bfdb86d99e <unknown>\nE       #3 0x55bfdb86daa1 <unknown>\nE       #4 0x55bfdb8b8d64 <unknown>\nE       #5 0x55bfdb8970dd <unknown>\nE       #6 0x55bfdb8b6006 <unknown>\nE       #7 0x55bfdb896e53 <unknown>\nE       #8 0x55bfdb85edd4 <unknown>\nE       #9 0x55bfdb8601de <unknown>\nE       #10 0x55bfdbb29531 <unknown>\nE       #11 0x55bfdbb2d455 <unknown>\nE       #12 0x55bfdbb15f55 <unknown>\nE       #13 0x55bfdbb2e0ef <unknown>\nE       #14 0x55bfdbaf999f <unknown>\nE       #15 0x55bfdbb52008 <unknown>\nE       #16 0x55bfdbb521d7 <unknown>\nE       #17 0x55bfdbb64124 <unknown>\nE       #18 0x7f2ec9094ac3 <unknown>\n\n.venv/lib/python3.12/site-packages/selenium/webdriver/support/wait.py:105: TimeoutException","steps":[{"name":"Click Login link","time":{"start":1705108426932,"stop":1705108437201,"duration":10269},"status":"broken","statusMessage":"selenium.common.exceptions.TimeoutException: Message: \nStacktrace:\n#0 0x55bfdbb64f83 <unknown>\n#1 0x55bfdb81dcf7 <unknown>\n#2 0x55bfdb86d99e <unknown>\n#3 0x55bfdb86daa1 <unknown>\n#4 0x55bfdb8b8d64 <unknown>\n#5 0x55bfdb8970dd <unknown>\n#6 0x55bfdb8b6006 <unknown>\n#7 0x55bfdb896e53 <unknown>\n#8 0x55bfdb85edd4 <unknown>\n#9 0x55bfdb8601de <unknown>\n#10 0x55bfdbb29531 <unknown>\n#11 0x55bfdbb2d455 <unknown>\n#12 0x55bfdbb15f55 <unknown>\n#13 0x55bfdbb2e0ef <unknown>\n#14 0x55bfdbaf999f <unknown>\n#15 0x55bfdbb52008 <unknown>\n#16 0x55bfdbb521d7 <unknown>\n#17 0x55bfdbb64124 <unknown>\n#18 0x7f2ec9094ac3 <unknown>\n\n","statusTrace":"  File \"/home/runner/work/Selenium-Python-Example/Selenium-Python-Example/.venv/lib/python3.12/site-packages/allure_commons/_allure.py\", line 192, in impl\n    return func(*a, **kw)\n           ^^^^^^^^^^^^^^\n  File \"/home/runner/work/Selenium-Python-Example/Selenium-Python-Example/pages/about_page.py\", line 20, in click_login_link\n    self.click(self.LOGIN_LINK)\n  File \"/home/runner/work/Selenium-Python-Example/Selenium-Python-Example/pages/base_page.py\", line 60, in click\n    el: WebElement = self.wait.until(\n                     ^^^^^^^^^^^^^^^^\n  File \"/home/runner/work/Selenium-Python-Example/Selenium-Python-Example/.venv/lib/python3.12/site-packages/selenium/webdriver/support/wait.py\", line 105, in until\n    raise TimeoutException(message, screen, stacktrace)\n","steps":[],"attachments":[],"parameters":[],"shouldDisplayMessage":true,"stepsCount":0,"attachmentsCount":0,"hasContent":true,"attachmentStep":false}],"attachments":[{"uid":"78c89ccdc4ec9c98","name":"public ip address","source":"78c89ccdc4ec9c98.txt","type":"text/plain","size":12},{"uid":"96da2071a930ad82","name":"Cookies","source":"96da2071a930ad82.json","type":"application/json","size":4466},{"uid":"983af51dcd0149b2","name":"Session Storage","source":"983af51dcd0149b2.json","type":"application/json","size":358},{"uid":"790b4297b2d5b65e","name":"Local Storage","source":"790b4297b2d5b65e.json","type":"application/json","size":208},{"uid":"33aea7ac7dfc5427","name":"Console Logs","source":"33aea7ac7dfc5427.json","type":"application/json","size":2},{"uid":"212302d7e7732f14","name":"Full Page Screenshot","source":"212302d7e7732f14.png","type":"image/png","size":5668185},{"uid":"b71f102dd4aeea0a","name":"URL","source":"b71f102dd4aeea0a.uri","type":"text/uri-list","size":23},{"uid":"e82d5af6857cbc09","name":"Network Logs","source":"e82d5af6857cbc09.json","type":"application/json","size":856212}],"parameters":[],"shouldDisplayMessage":true,"stepsCount":1,"attachmentsCount":8,"hasContent":true,"attachmentStep":false},"afterStages":[],"labels":[{"name":"feature","value":"Login"},{"name":"severity","value":"blocker"},{"name":"epic","value":"Security"},{"name":"tag","value":"run(order=3)"},{"name":"tag","value":"security"},{"name":"parentSuite","value":"tests"},{"name":"suite","value":"login_test"},{"name":"subSuite","value":"TestLogin"},{"name":"host","value":"fv-az700-588"},{"name":"thread","value":"2405-MainThread"},{"name":"framework","value":"pytest"},{"name":"language","value":"cpython3"},{"name":"package","value":"tests.login_test"},{"name":"resultFormat","value":"allure2"}],"parameters":[{"name":"email","value":"'nirt236@gmail.com'"},{"name":"password","value":"'123456'"}],"links":[],"hidden":false,"retry":false,"extra":{"severity":"blocker","retries":[],"categories":[{"name":"Test defects","matchedStatuses":[],"flaky":false}],"tags":["run(order=3)","security"]},"source":"8555f8717f9dae26.json","parameterValues":["'nirt236@gmail.com'","'123456'"]}