{"uid":"814965d6a2ccb0d9","name":"Login with invalid credentials test","fullName":"tests.login_test.TestLogin#test_invalid_login","historyId":"d8696551571014a71a874c85cadaf3fe","time":{"start":1701220425898,"stop":1701220436083,"duration":10185},"description":"invalid login","descriptionHtml":"<p>invalid login</p>\n","status":"broken","statusMessage":"selenium.common.exceptions.TimeoutException: Message: \nStacktrace:\n#0 0x5648d32475e3 <unknown>\n#1 0x5648d2f0a0b7 <unknown>\n#2 0x5648d2f57f53 <unknown>\n#3 0x5648d2f58051 <unknown>\n#4 0x5648d2f9d9c4 <unknown>\n#5 0x5648d2f7ef1d <unknown>\n#6 0x5648d2f9ab3d <unknown>\n#7 0x5648d2f7ecc3 <unknown>\n#8 0x5648d2f4a0e4 <unknown>\n#9 0x5648d2f4b0ae <unknown>\n#10 0x5648d320dce1 <unknown>\n#11 0x5648d3211b7e <unknown>\n#12 0x5648d31fb4b5 <unknown>\n#13 0x5648d32127d6 <unknown>\n#14 0x5648d31dedbf <unknown>\n#15 0x5648d3235748 <unknown>\n#16 0x5648d3235917 <unknown>\n#17 0x5648d3246773 <unknown>\n#18 0x7f11e6494ac3 <unknown>","statusTrace":"self = <tests.login_test.TestLogin object at 0x7f753c8bd290>\nemail = 'nirt236@gmail.com', password = '123456'\njson_data = {'forgot_password': {'error_message': \"We can't find a user with that e-mail address.\", 'success_message': 'A reset li...you page', 'name': 'test', 'new_name': 'another test', 'no_project_found_msg': 'No project matches the criteria', ...}}\n\n    @allure.description(\"invalid login\")\n    @allure.title(\"Login with invalid credentials test\")\n    @pytest.mark.parametrize(\"email, password\", users)\n    @pytest.mark.run(order=3)\n    def test_invalid_login(self, email: str, password: str, json_data: dict):\n>       self.about_page.click_login_link()\n\ntests/login_test.py:24: \n_ _ _ _ _ _ _ _ _ _ _ _ _ _ _ _ _ _ _ _ _ _ _ _ _ _ _ _ _ _ _ _ _ _ _ _ _ _ _ _ \npages/about_page.py:20: in click_login_link\n    self.click(self.LOGIN_LINK)\npages/base_page.py:38: in click\n    el: WebElement = self.wait.until(\n_ _ _ _ _ _ _ _ _ _ _ _ _ _ _ _ _ _ _ _ _ _ _ _ _ _ _ _ _ _ _ _ _ _ _ _ _ _ _ _ \n\nself = <selenium.webdriver.support.wait.WebDriverWait (session=\"232c5a2ef86a8a410e5ea6fba27500a9\")>\nmethod = <function element_to_be_clickable.<locals>._predicate at 0x7f753c7b47c0>\nmessage = ''\n\n    def until(self, method: Callable[[WebDriver], Union[Literal[False], T]], message: str = \"\") -> T:\n        \"\"\"Calls the method provided with the driver as an argument until the \\\n        return value does not evaluate to ``False``.\n    \n        :param method: callable(WebDriver)\n        :param message: optional message for :exc:`TimeoutException`\n        :returns: the result of the last call to `method`\n        :raises: :exc:`selenium.common.exceptions.TimeoutException` if timeout occurs\n        \"\"\"\n        screen = None\n        stacktrace = None\n    \n        end_time = time.monotonic() + self._timeout\n        while True:\n            try:\n                value = method(self._driver)\n                if value:\n                    return value\n            except self._ignored_exceptions as exc:\n                screen = getattr(exc, \"screen\", None)\n                stacktrace = getattr(exc, \"stacktrace\", None)\n            time.sleep(self._poll)\n            if time.monotonic() > end_time:\n                break\n>       raise TimeoutException(message, screen, stacktrace)\nE       selenium.common.exceptions.TimeoutException: Message: \nE       Stacktrace:\nE       #0 0x5648d32475e3 <unknown>\nE       #1 0x5648d2f0a0b7 <unknown>\nE       #2 0x5648d2f57f53 <unknown>\nE       #3 0x5648d2f58051 <unknown>\nE       #4 0x5648d2f9d9c4 <unknown>\nE       #5 0x5648d2f7ef1d <unknown>\nE       #6 0x5648d2f9ab3d <unknown>\nE       #7 0x5648d2f7ecc3 <unknown>\nE       #8 0x5648d2f4a0e4 <unknown>\nE       #9 0x5648d2f4b0ae <unknown>\nE       #10 0x5648d320dce1 <unknown>\nE       #11 0x5648d3211b7e <unknown>\nE       #12 0x5648d31fb4b5 <unknown>\nE       #13 0x5648d32127d6 <unknown>\nE       #14 0x5648d31dedbf <unknown>\nE       #15 0x5648d3235748 <unknown>\nE       #16 0x5648d3235917 <unknown>\nE       #17 0x5648d3246773 <unknown>\nE       #18 0x7f11e6494ac3 <unknown>\n\n.venv/lib/python3.11/site-packages/selenium/webdriver/support/wait.py:101: TimeoutException","flaky":false,"newFailed":false,"newBroken":false,"newPassed":false,"retriesCount":0,"retriesStatusChange":false,"beforeStages":[{"name":"base_url","time":{"start":1701220397696,"stop":1701220397696,"duration":0},"status":"passed","steps":[],"attachments":[],"parameters":[],"shouldDisplayMessage":false,"stepsCount":0,"attachmentsCount":0,"hasContent":false},{"name":"_verify_url","time":{"start":1701220397696,"stop":1701220397696,"duration":0},"status":"passed","steps":[],"attachments":[],"parameters":[],"shouldDisplayMessage":false,"stepsCount":0,"attachmentsCount":0,"hasContent":false},{"name":"json_data","time":{"start":1701220397697,"stop":1701220397697,"duration":0},"status":"passed","steps":[],"attachments":[],"parameters":[],"shouldDisplayMessage":false,"stepsCount":0,"attachmentsCount":0,"hasContent":false}],"testStage":{"description":"invalid login","status":"broken","statusMessage":"selenium.common.exceptions.TimeoutException: Message: \nStacktrace:\n#0 0x5648d32475e3 <unknown>\n#1 0x5648d2f0a0b7 <unknown>\n#2 0x5648d2f57f53 <unknown>\n#3 0x5648d2f58051 <unknown>\n#4 0x5648d2f9d9c4 <unknown>\n#5 0x5648d2f7ef1d <unknown>\n#6 0x5648d2f9ab3d <unknown>\n#7 0x5648d2f7ecc3 <unknown>\n#8 0x5648d2f4a0e4 <unknown>\n#9 0x5648d2f4b0ae <unknown>\n#10 0x5648d320dce1 <unknown>\n#11 0x5648d3211b7e <unknown>\n#12 0x5648d31fb4b5 <unknown>\n#13 0x5648d32127d6 <unknown>\n#14 0x5648d31dedbf <unknown>\n#15 0x5648d3235748 <unknown>\n#16 0x5648d3235917 <unknown>\n#17 0x5648d3246773 <unknown>\n#18 0x7f11e6494ac3 <unknown>","statusTrace":"self = <tests.login_test.TestLogin object at 0x7f753c8bd290>\nemail = 'nirt236@gmail.com', password = '123456'\njson_data = {'forgot_password': {'error_message': \"We can't find a user with that e-mail address.\", 'success_message': 'A reset li...you page', 'name': 'test', 'new_name': 'another test', 'no_project_found_msg': 'No project matches the criteria', ...}}\n\n    @allure.description(\"invalid login\")\n    @allure.title(\"Login with invalid credentials test\")\n    @pytest.mark.parametrize(\"email, password\", users)\n    @pytest.mark.run(order=3)\n    def test_invalid_login(self, email: str, password: str, json_data: dict):\n>       self.about_page.click_login_link()\n\ntests/login_test.py:24: \n_ _ _ _ _ _ _ _ _ _ _ _ _ _ _ _ _ _ _ _ _ _ _ _ _ _ _ _ _ _ _ _ _ _ _ _ _ _ _ _ \npages/about_page.py:20: in click_login_link\n    self.click(self.LOGIN_LINK)\npages/base_page.py:38: in click\n    el: WebElement = self.wait.until(\n_ _ _ _ _ _ _ _ _ _ _ _ _ _ _ _ _ _ _ _ _ _ _ _ _ _ _ _ _ _ _ _ _ _ _ _ _ _ _ _ \n\nself = <selenium.webdriver.support.wait.WebDriverWait (session=\"232c5a2ef86a8a410e5ea6fba27500a9\")>\nmethod = <function element_to_be_clickable.<locals>._predicate at 0x7f753c7b47c0>\nmessage = ''\n\n    def until(self, method: Callable[[WebDriver], Union[Literal[False], T]], message: str = \"\") -> T:\n        \"\"\"Calls the method provided with the driver as an argument until the \\\n        return value does not evaluate to ``False``.\n    \n        :param method: callable(WebDriver)\n        :param message: optional message for :exc:`TimeoutException`\n        :returns: the result of the last call to `method`\n        :raises: :exc:`selenium.common.exceptions.TimeoutException` if timeout occurs\n        \"\"\"\n        screen = None\n        stacktrace = None\n    \n        end_time = time.monotonic() + self._timeout\n        while True:\n            try:\n                value = method(self._driver)\n                if value:\n                    return value\n            except self._ignored_exceptions as exc:\n                screen = getattr(exc, \"screen\", None)\n                stacktrace = getattr(exc, \"stacktrace\", None)\n            time.sleep(self._poll)\n            if time.monotonic() > end_time:\n                break\n>       raise TimeoutException(message, screen, stacktrace)\nE       selenium.common.exceptions.TimeoutException: Message: \nE       Stacktrace:\nE       #0 0x5648d32475e3 <unknown>\nE       #1 0x5648d2f0a0b7 <unknown>\nE       #2 0x5648d2f57f53 <unknown>\nE       #3 0x5648d2f58051 <unknown>\nE       #4 0x5648d2f9d9c4 <unknown>\nE       #5 0x5648d2f7ef1d <unknown>\nE       #6 0x5648d2f9ab3d <unknown>\nE       #7 0x5648d2f7ecc3 <unknown>\nE       #8 0x5648d2f4a0e4 <unknown>\nE       #9 0x5648d2f4b0ae <unknown>\nE       #10 0x5648d320dce1 <unknown>\nE       #11 0x5648d3211b7e <unknown>\nE       #12 0x5648d31fb4b5 <unknown>\nE       #13 0x5648d32127d6 <unknown>\nE       #14 0x5648d31dedbf <unknown>\nE       #15 0x5648d3235748 <unknown>\nE       #16 0x5648d3235917 <unknown>\nE       #17 0x5648d3246773 <unknown>\nE       #18 0x7f11e6494ac3 <unknown>\n\n.venv/lib/python3.11/site-packages/selenium/webdriver/support/wait.py:101: TimeoutException","steps":[{"name":"Click Login link","time":{"start":1701220425899,"stop":1701220436082,"duration":10183},"status":"broken","statusMessage":"selenium.common.exceptions.TimeoutException: Message: \nStacktrace:\n#0 0x5648d32475e3 <unknown>\n#1 0x5648d2f0a0b7 <unknown>\n#2 0x5648d2f57f53 <unknown>\n#3 0x5648d2f58051 <unknown>\n#4 0x5648d2f9d9c4 <unknown>\n#5 0x5648d2f7ef1d <unknown>\n#6 0x5648d2f9ab3d <unknown>\n#7 0x5648d2f7ecc3 <unknown>\n#8 0x5648d2f4a0e4 <unknown>\n#9 0x5648d2f4b0ae <unknown>\n#10 0x5648d320dce1 <unknown>\n#11 0x5648d3211b7e <unknown>\n#12 0x5648d31fb4b5 <unknown>\n#13 0x5648d32127d6 <unknown>\n#14 0x5648d31dedbf <unknown>\n#15 0x5648d3235748 <unknown>\n#16 0x5648d3235917 <unknown>\n#17 0x5648d3246773 <unknown>\n#18 0x7f11e6494ac3 <unknown>\n\n","statusTrace":"  File \"/home/runner/work/Selenium-Python-Example/Selenium-Python-Example/.venv/lib/python3.11/site-packages/allure_commons/_allure.py\", line 192, in impl\n    return func(*a, **kw)\n           ^^^^^^^^^^^^^^\n  File \"/home/runner/work/Selenium-Python-Example/Selenium-Python-Example/pages/about_page.py\", line 20, in click_login_link\n    self.click(self.LOGIN_LINK)\n  File \"/home/runner/work/Selenium-Python-Example/Selenium-Python-Example/pages/base_page.py\", line 38, in click\n    el: WebElement = self.wait.until(\n                     ^^^^^^^^^^^^^^^^\n  File \"/home/runner/work/Selenium-Python-Example/Selenium-Python-Example/.venv/lib/python3.11/site-packages/selenium/webdriver/support/wait.py\", line 101, in until\n    raise TimeoutException(message, screen, stacktrace)\n","steps":[],"attachments":[],"parameters":[],"shouldDisplayMessage":true,"stepsCount":0,"attachmentsCount":0,"hasContent":true}],"attachments":[{"uid":"68c5adb07609c9b2","name":"public ip address","source":"68c5adb07609c9b2.txt","type":"text/plain","size":12},{"uid":"ac7bda43303304f5","name":"Cookies","source":"ac7bda43303304f5.json","type":"application/json","size":3354},{"uid":"d4a35ce7dc7b9069","name":"Session Storage","source":"d4a35ce7dc7b9069.json","type":"application/json","size":358},{"uid":"4e68b672d009cb14","name":"Local Storage","source":"4e68b672d009cb14.json","type":"application/json","size":208},{"uid":"4ae4a79ab6eb53d","name":"Console Logs","source":"4ae4a79ab6eb53d.json","type":"application/json","size":2},{"uid":"2814e7ccb67a1943","name":"Full Page Screenshot","source":"2814e7ccb67a1943.png","type":"image/png","size":1201057},{"uid":"8f4d7dd63b4dd369","name":"URL","source":"8f4d7dd63b4dd369.uri","type":"text/uri-list","size":23},{"uid":"53d9bd77c8c2550b","name":"Network Logs","source":"53d9bd77c8c2550b.json","type":"application/json","size":22828}],"parameters":[],"shouldDisplayMessage":true,"stepsCount":1,"attachmentsCount":8,"hasContent":true},"afterStages":[],"labels":[{"name":"severity","value":"blocker"},{"name":"epic","value":"Security"},{"name":"feature","value":"Login"},{"name":"tag","value":"run(order=3)"},{"name":"tag","value":"security"},{"name":"parentSuite","value":"tests"},{"name":"suite","value":"login_test"},{"name":"subSuite","value":"TestLogin"},{"name":"host","value":"fv-az915-694"},{"name":"thread","value":"2236-MainThread"},{"name":"framework","value":"pytest"},{"name":"language","value":"cpython3"},{"name":"package","value":"tests.login_test"},{"name":"resultFormat","value":"allure2"}],"parameters":[{"name":"email","value":"'nirt236@gmail.com'"},{"name":"password","value":"'123456'"}],"links":[],"hidden":false,"retry":false,"extra":{"severity":"blocker","retries":[],"categories":[{"name":"Test defects","matchedStatuses":[],"flaky":false}],"tags":["run(order=3)","security"]},"source":"814965d6a2ccb0d9.json","parameterValues":["'nirt236@gmail.com'","'123456'"]}