{"uid":"62dbd631504b1a63","name":"Forgot Password with valid email test","fullName":"tests.test_forgot_password.TestForgotPassword#test_valid_email","historyId":"ad76d87e5a831f6b00837c8ab7fbb24e","time":{"start":1682636252941,"stop":1682636263244,"duration":10303},"description":"Forgot password with a valid email address","descriptionHtml":"<p>Forgot password with a valid email address</p>\n","status":"broken","statusMessage":"selenium.common.exceptions.TimeoutException: Message: \nStacktrace:\n#0 0x560a9461efe3 <unknown>\n#1 0x560a9435dd36 <unknown>\n#2 0x560a9439ac4d <unknown>\n#3 0x560a9439ad61 <unknown>\n#4 0x560a943d66a4 <unknown>\n#5 0x560a943bb8ed <unknown>\n#6 0x560a943d4232 <unknown>\n#7 0x560a943bb693 <unknown>\n#8 0x560a9438e03a <unknown>\n#9 0x560a9438f17e <unknown>\n#10 0x560a945e0dbd <unknown>\n#11 0x560a945e4c6c <unknown>\n#12 0x560a945ee4b0 <unknown>\n#13 0x560a945e5d63 <unknown>\n#14 0x560a945b8c35 <unknown>\n#15 0x560a94609138 <unknown>\n#16 0x560a946092c7 <unknown>\n#17 0x560a94617093 <unknown>\n#18 0x7fcfaeec7b43 <unknown>","statusTrace":"self = <tests.test_forgot_password.TestForgotPassword object at 0x7f59ed6ffa60>\n\n    @allure.description(\"Forgot password with a valid email address\")\n    @allure.title(\"Forgot Password with valid email test\")\n    def test_valid_email(self):\n        email = self.config_reader.config_section_dict(\"Base Url\")[\"username\"]\n>       self.pages['about_page'].click_login_link()\n\ntests/test_forgot_password.py:18: \n_ _ _ _ _ _ _ _ _ _ _ _ _ _ _ _ _ _ _ _ _ _ _ _ _ _ _ _ _ _ _ _ _ _ _ _ _ _ _ _ \npages/about_page.py:17: in click_login_link\n    self.click(self.LOGIN_LINK)\npages/base_page.py:17: in click\n    el: WebElement = self._wait.until(expected_conditions.element_to_be_clickable(webelement))\n_ _ _ _ _ _ _ _ _ _ _ _ _ _ _ _ _ _ _ _ _ _ _ _ _ _ _ _ _ _ _ _ _ _ _ _ _ _ _ _ \n\nself = <selenium.webdriver.support.wait.WebDriverWait (session=\"833851b129ccea9d58a45f4ce9446c3b\")>\nmethod = <function element_to_be_clickable.<locals>._predicate at 0x7f59ed2d5630>\nmessage = ''\n\n    def until(self, method, message: str = \"\"):\n        \"\"\"Calls the method provided with the driver as an argument until the \\\n        return value does not evaluate to ``False``.\n    \n        :param method: callable(WebDriver)\n        :param message: optional message for :exc:`TimeoutException`\n        :returns: the result of the last call to `method`\n        :raises: :exc:`selenium.common.exceptions.TimeoutException` if timeout occurs\n        \"\"\"\n        screen = None\n        stacktrace = None\n    \n        end_time = time.monotonic() + self._timeout\n        while True:\n            try:\n                value = method(self._driver)\n                if value:\n                    return value\n            except self._ignored_exceptions as exc:\n                screen = getattr(exc, \"screen\", None)\n                stacktrace = getattr(exc, \"stacktrace\", None)\n            time.sleep(self._poll)\n            if time.monotonic() > end_time:\n                break\n>       raise TimeoutException(message, screen, stacktrace)\nE       selenium.common.exceptions.TimeoutException: Message: \nE       Stacktrace:\nE       #0 0x560a9461efe3 <unknown>\nE       #1 0x560a9435dd36 <unknown>\nE       #2 0x560a9439ac4d <unknown>\nE       #3 0x560a9439ad61 <unknown>\nE       #4 0x560a943d66a4 <unknown>\nE       #5 0x560a943bb8ed <unknown>\nE       #6 0x560a943d4232 <unknown>\nE       #7 0x560a943bb693 <unknown>\nE       #8 0x560a9438e03a <unknown>\nE       #9 0x560a9438f17e <unknown>\nE       #10 0x560a945e0dbd <unknown>\nE       #11 0x560a945e4c6c <unknown>\nE       #12 0x560a945ee4b0 <unknown>\nE       #13 0x560a945e5d63 <unknown>\nE       #14 0x560a945b8c35 <unknown>\nE       #15 0x560a94609138 <unknown>\nE       #16 0x560a946092c7 <unknown>\nE       #17 0x560a94617093 <unknown>\nE       #18 0x7fcfaeec7b43 <unknown>\n\n/opt/hostedtoolcache/Python/3.10.11/x64/lib/python3.10/site-packages/selenium/webdriver/support/wait.py:95: TimeoutException","flaky":false,"newFailed":false,"newBroken":false,"newPassed":false,"retriesCount":0,"retriesStatusChange":false,"beforeStages":[{"name":"prep_properties","time":{"start":1682636033536,"stop":1682636033536,"duration":0},"status":"passed","steps":[],"attachments":[],"parameters":[],"stepsCount":0,"attachmentsCount":0,"shouldDisplayMessage":false,"hasContent":false},{"name":"create_driver","time":{"start":1682636249874,"stop":1682636252940,"duration":3066},"status":"passed","steps":[],"attachments":[],"parameters":[],"stepsCount":0,"attachmentsCount":0,"shouldDisplayMessage":false,"hasContent":false},{"name":"pages","time":{"start":1682636252940,"stop":1682636252941,"duration":1},"status":"passed","steps":[],"attachments":[],"parameters":[],"stepsCount":0,"attachmentsCount":0,"shouldDisplayMessage":false,"hasContent":false},{"name":"injector","time":{"start":1682636252941,"stop":1682636252941,"duration":0},"status":"passed","steps":[],"attachments":[],"parameters":[],"stepsCount":0,"attachmentsCount":0,"shouldDisplayMessage":false,"hasContent":false}],"testStage":{"description":"Forgot password with a valid email address","status":"broken","statusMessage":"selenium.common.exceptions.TimeoutException: Message: \nStacktrace:\n#0 0x560a9461efe3 <unknown>\n#1 0x560a9435dd36 <unknown>\n#2 0x560a9439ac4d <unknown>\n#3 0x560a9439ad61 <unknown>\n#4 0x560a943d66a4 <unknown>\n#5 0x560a943bb8ed <unknown>\n#6 0x560a943d4232 <unknown>\n#7 0x560a943bb693 <unknown>\n#8 0x560a9438e03a <unknown>\n#9 0x560a9438f17e <unknown>\n#10 0x560a945e0dbd <unknown>\n#11 0x560a945e4c6c <unknown>\n#12 0x560a945ee4b0 <unknown>\n#13 0x560a945e5d63 <unknown>\n#14 0x560a945b8c35 <unknown>\n#15 0x560a94609138 <unknown>\n#16 0x560a946092c7 <unknown>\n#17 0x560a94617093 <unknown>\n#18 0x7fcfaeec7b43 <unknown>","statusTrace":"self = <tests.test_forgot_password.TestForgotPassword object at 0x7f59ed6ffa60>\n\n    @allure.description(\"Forgot password with a valid email address\")\n    @allure.title(\"Forgot Password with valid email test\")\n    def test_valid_email(self):\n        email = self.config_reader.config_section_dict(\"Base Url\")[\"username\"]\n>       self.pages['about_page'].click_login_link()\n\ntests/test_forgot_password.py:18: \n_ _ _ _ _ _ _ _ _ _ _ _ _ _ _ _ _ _ _ _ _ _ _ _ _ _ _ _ _ _ _ _ _ _ _ _ _ _ _ _ \npages/about_page.py:17: in click_login_link\n    self.click(self.LOGIN_LINK)\npages/base_page.py:17: in click\n    el: WebElement = self._wait.until(expected_conditions.element_to_be_clickable(webelement))\n_ _ _ _ _ _ _ _ _ _ _ _ _ _ _ _ _ _ _ _ _ _ _ _ _ _ _ _ _ _ _ _ _ _ _ _ _ _ _ _ \n\nself = <selenium.webdriver.support.wait.WebDriverWait (session=\"833851b129ccea9d58a45f4ce9446c3b\")>\nmethod = <function element_to_be_clickable.<locals>._predicate at 0x7f59ed2d5630>\nmessage = ''\n\n    def until(self, method, message: str = \"\"):\n        \"\"\"Calls the method provided with the driver as an argument until the \\\n        return value does not evaluate to ``False``.\n    \n        :param method: callable(WebDriver)\n        :param message: optional message for :exc:`TimeoutException`\n        :returns: the result of the last call to `method`\n        :raises: :exc:`selenium.common.exceptions.TimeoutException` if timeout occurs\n        \"\"\"\n        screen = None\n        stacktrace = None\n    \n        end_time = time.monotonic() + self._timeout\n        while True:\n            try:\n                value = method(self._driver)\n                if value:\n                    return value\n            except self._ignored_exceptions as exc:\n                screen = getattr(exc, \"screen\", None)\n                stacktrace = getattr(exc, \"stacktrace\", None)\n            time.sleep(self._poll)\n            if time.monotonic() > end_time:\n                break\n>       raise TimeoutException(message, screen, stacktrace)\nE       selenium.common.exceptions.TimeoutException: Message: \nE       Stacktrace:\nE       #0 0x560a9461efe3 <unknown>\nE       #1 0x560a9435dd36 <unknown>\nE       #2 0x560a9439ac4d <unknown>\nE       #3 0x560a9439ad61 <unknown>\nE       #4 0x560a943d66a4 <unknown>\nE       #5 0x560a943bb8ed <unknown>\nE       #6 0x560a943d4232 <unknown>\nE       #7 0x560a943bb693 <unknown>\nE       #8 0x560a9438e03a <unknown>\nE       #9 0x560a9438f17e <unknown>\nE       #10 0x560a945e0dbd <unknown>\nE       #11 0x560a945e4c6c <unknown>\nE       #12 0x560a945ee4b0 <unknown>\nE       #13 0x560a945e5d63 <unknown>\nE       #14 0x560a945b8c35 <unknown>\nE       #15 0x560a94609138 <unknown>\nE       #16 0x560a946092c7 <unknown>\nE       #17 0x560a94617093 <unknown>\nE       #18 0x7fcfaeec7b43 <unknown>\n\n/opt/hostedtoolcache/Python/3.10.11/x64/lib/python3.10/site-packages/selenium/webdriver/support/wait.py:95: TimeoutException","steps":[{"name":"Click Login link","time":{"start":1682636252942,"stop":1682636263244,"duration":10302},"status":"broken","statusMessage":"selenium.common.exceptions.TimeoutException: Message: \nStacktrace:\n#0 0x560a9461efe3 <unknown>\n#1 0x560a9435dd36 <unknown>\n#2 0x560a9439ac4d <unknown>\n#3 0x560a9439ad61 <unknown>\n#4 0x560a943d66a4 <unknown>\n#5 0x560a943bb8ed <unknown>\n#6 0x560a943d4232 <unknown>\n#7 0x560a943bb693 <unknown>\n#8 0x560a9438e03a <unknown>\n#9 0x560a9438f17e <unknown>\n#10 0x560a945e0dbd <unknown>\n#11 0x560a945e4c6c <unknown>\n#12 0x560a945ee4b0 <unknown>\n#13 0x560a945e5d63 <unknown>\n#14 0x560a945b8c35 <unknown>\n#15 0x560a94609138 <unknown>\n#16 0x560a946092c7 <unknown>\n#17 0x560a94617093 <unknown>\n#18 0x7fcfaeec7b43 <unknown>\n\n","statusTrace":"  File \"/opt/hostedtoolcache/Python/3.10.11/x64/lib/python3.10/site-packages/allure_commons/_allure.py\", line 192, in impl\n    return func(*a, **kw)\n  File \"/home/runner/work/Selenium-Python-Example/Selenium-Python-Example/pages/about_page.py\", line 17, in click_login_link\n    self.click(self.LOGIN_LINK)\n  File \"/home/runner/work/Selenium-Python-Example/Selenium-Python-Example/pages/base_page.py\", line 17, in click\n    el: WebElement = self._wait.until(expected_conditions.element_to_be_clickable(webelement))\n  File \"/opt/hostedtoolcache/Python/3.10.11/x64/lib/python3.10/site-packages/selenium/webdriver/support/wait.py\", line 95, in until\n    raise TimeoutException(message, screen, stacktrace)\n","steps":[],"attachments":[],"parameters":[],"stepsCount":0,"attachmentsCount":0,"shouldDisplayMessage":true,"hasContent":true}],"attachments":[{"uid":"685cddc52a783b10","name":"Full Page Screenshot","source":"685cddc52a783b10.png","type":"image/png","size":2646979},{"uid":"c9fa1a0a5182b6fe","name":"URL","source":"c9fa1a0a5182b6fe.uri","type":"text/uri-list","size":23},{"uid":"e06d81d1ad4699b8","name":"public ip address","source":"e06d81d1ad4699b8.txt","type":"text/plain","size":13},{"uid":"a6feb8fddc94c5d6","name":"Cookies","source":"a6feb8fddc94c5d6.json","type":"application/json","size":3531},{"uid":"ab72f656e61446db","name":"Session Storage","source":"ab72f656e61446db.json","type":"application/json","size":2},{"uid":"80d372e8b0f72b8f","name":"Local Storage","source":"80d372e8b0f72b8f.json","type":"application/json","size":1400},{"uid":"b900d89c75b8a42a","name":"Console Logs","source":"b900d89c75b8a42a.json","type":"application/json","size":5136},{"uid":"a7db998a334465bc","name":"Network Logs","source":"a7db998a334465bc.json","type":"application/json","size":86661}],"parameters":[],"stepsCount":1,"attachmentsCount":8,"shouldDisplayMessage":true,"hasContent":true},"afterStages":[{"name":"create_driver::0","time":{"start":1682636266082,"stop":1682636266147,"duration":65},"status":"passed","steps":[],"attachments":[],"parameters":[],"stepsCount":0,"attachmentsCount":0,"shouldDisplayMessage":false,"hasContent":false}],"labels":[{"name":"story","value":"Forgot Password Feature's Functionality"},{"name":"severity","value":"critical"},{"name":"epic","value":"Security"},{"name":"tag","value":"security"},{"name":"parentSuite","value":"tests"},{"name":"suite","value":"test_forgot_password"},{"name":"subSuite","value":"TestForgotPassword"},{"name":"host","value":"fv-az590-222"},{"name":"thread","value":"2191-MainThread"},{"name":"framework","value":"pytest"},{"name":"language","value":"cpython3"},{"name":"package","value":"tests.test_forgot_password"},{"name":"resultFormat","value":"allure2"}],"parameters":[],"links":[],"hidden":false,"retry":false,"extra":{"severity":"critical","retries":[],"categories":[{"name":"Test defects","matchedStatuses":[],"flaky":false}],"tags":["security"]},"source":"62dbd631504b1a63.json","parameterValues":[]}