{"uid":"86ff271b848b29ec","name":"Create new workspace test","fullName":"tests.workspaces_test.TestWorkspaces#test_create_new_workspace","historyId":"e1f088bc30a040de4100d958931562b3","time":{"start":1731202814680,"stop":1731202814680,"duration":0},"description":"Create new Workspace","descriptionHtml":"<p>Create new Workspace</p>\n","status":"broken","statusMessage":"selenium.common.exceptions.TimeoutException: Message: \nStacktrace:\n#0 0x5641ca82713a <unknown>\n#1 0x5641ca342460 <unknown>\n#2 0x5641ca38ef96 <unknown>\n#3 0x5641ca38f221 <unknown>\n#4 0x5641ca3d45d4 <unknown>\n#5 0x5641ca3b303d <unknown>\n#6 0x5641ca3d1af6 <unknown>\n#7 0x5641ca3b2db3 <unknown>\n#8 0x5641ca381c10 <unknown>\n#9 0x5641ca382bee <unknown>\n#10 0x5641ca7f33cb <unknown>\n#11 0x5641ca7f7368 <unknown>\n#12 0x5641ca7e0eec <unknown>\n#13 0x5641ca7f7ee7 <unknown>\n#14 0x5641ca7c613f <unknown>\n#15 0x5641ca815858 <unknown>\n#16 0x5641ca815a20 <unknown>\n#17 0x5641ca825fb6 <unknown>\n#18 0x7f10e0c94ac3 <unknown>","statusTrace":"self = <tests.workspaces_test.TestWorkspaces object at 0x7efcb25a37a0>\n\n    @pytest.fixture(autouse=True)\n    def setup_method_fixture(self):\n>       login(self.about_page, self.login_page)\n\ntests/workspaces_test.py:25: \n_ _ _ _ _ _ _ _ _ _ _ _ _ _ _ _ _ _ _ _ _ _ _ _ _ _ _ _ _ _ _ _ _ _ _ _ _ _ _ _ \ntests/workspaces_test.py:15: in login\n    about_page.click_login_link()\npages/about_page.py:20: in click_login_link\n    self.click(self.LOGIN_LINK)\npages/base_page.py:60: in click\n    el: WebElement = self.wait.until(\n_ _ _ _ _ _ _ _ _ _ _ _ _ _ _ _ _ _ _ _ _ _ _ _ _ _ _ _ _ _ _ _ _ _ _ _ _ _ _ _ \n\nself = <selenium.webdriver.support.wait.WebDriverWait (session=\"cb9b3fb5cf050e17c3c9265e32e4cbc1\")>\nmethod = <function element_to_be_clickable.<locals>._predicate at 0x7efcb39fe5c0>\nmessage = ''\n\n    def until(self, method: Callable[[D], Union[Literal[False], T]], message: str = \"\") -> T:\n        \"\"\"Calls the method provided with the driver as an argument until the \\\n        return value does not evaluate to ``False``.\n    \n        :param method: callable(WebDriver)\n        :param message: optional message for :exc:`TimeoutException`\n        :returns: the result of the last call to `method`\n        :raises: :exc:`selenium.common.exceptions.TimeoutException` if timeout occurs\n        \"\"\"\n        screen = None\n        stacktrace = None\n    \n        end_time = time.monotonic() + self._timeout\n        while True:\n            try:\n                value = method(self._driver)\n                if value:\n                    return value\n            except self._ignored_exceptions as exc:\n                screen = getattr(exc, \"screen\", None)\n                stacktrace = getattr(exc, \"stacktrace\", None)\n            if time.monotonic() > end_time:\n                break\n            time.sleep(self._poll)\n>       raise TimeoutException(message, screen, stacktrace)\nE       selenium.common.exceptions.TimeoutException: Message: \nE       Stacktrace:\nE       #0 0x5641ca82713a <unknown>\nE       #1 0x5641ca342460 <unknown>\nE       #2 0x5641ca38ef96 <unknown>\nE       #3 0x5641ca38f221 <unknown>\nE       #4 0x5641ca3d45d4 <unknown>\nE       #5 0x5641ca3b303d <unknown>\nE       #6 0x5641ca3d1af6 <unknown>\nE       #7 0x5641ca3b2db3 <unknown>\nE       #8 0x5641ca381c10 <unknown>\nE       #9 0x5641ca382bee <unknown>\nE       #10 0x5641ca7f33cb <unknown>\nE       #11 0x5641ca7f7368 <unknown>\nE       #12 0x5641ca7e0eec <unknown>\nE       #13 0x5641ca7f7ee7 <unknown>\nE       #14 0x5641ca7c613f <unknown>\nE       #15 0x5641ca815858 <unknown>\nE       #16 0x5641ca815a20 <unknown>\nE       #17 0x5641ca825fb6 <unknown>\nE       #18 0x7f10e0c94ac3 <unknown>\n\n.venv/lib/python3.12/site-packages/selenium/webdriver/support/wait.py:105: TimeoutException","flaky":false,"newFailed":false,"newBroken":false,"newPassed":false,"retriesCount":0,"retriesStatusChange":false,"beforeStages":[{"name":"session_request","time":{"start":1731202836447,"stop":1731202836447,"duration":0},"status":"passed","steps":[],"attachments":[],"parameters":[],"shouldDisplayMessage":false,"stepsCount":0,"attachmentsCount":0,"hasContent":false,"attachmentStep":false},{"name":"base_url","time":{"start":1731202836447,"stop":1731202836447,"duration":0},"status":"passed","steps":[],"attachments":[],"parameters":[],"shouldDisplayMessage":false,"stepsCount":0,"attachmentsCount":0,"hasContent":false,"attachmentStep":false},{"name":"_verify_url","time":{"start":1731202836447,"stop":1731202836447,"duration":0},"status":"passed","steps":[],"attachments":[],"parameters":[],"shouldDisplayMessage":false,"stepsCount":0,"attachmentsCount":0,"hasContent":false,"attachmentStep":false},{"name":"data","time":{"start":1731202836447,"stop":1731202836448,"duration":1},"status":"passed","steps":[],"attachments":[],"parameters":[],"shouldDisplayMessage":false,"stepsCount":0,"attachmentsCount":0,"hasContent":false,"attachmentStep":false},{"name":"setup_method_fixture","time":{"start":1731202836448,"stop":1731202846560,"duration":10112},"status":"broken","statusMessage":"selenium.common.exceptions.TimeoutException: Message: \nStacktrace:\n#0 0x5641ca82713a <unknown>\n#1 0x5641ca342460 <unknown>\n#2 0x5641ca38ef96 <unknown>\n#3 0x5641ca38f221 <unknown>\n#4 0x5641ca3d45d4 <unknown>\n#5 0x5641ca3b303d <unknown>\n#6 0x5641ca3d1af6 <unknown>\n#7 0x5641ca3b2db3 <unknown>\n#8 0x5641ca381c10 <unknown>\n#9 0x5641ca382bee <unknown>\n#10 0x5641ca7f33cb <unknown>\n#11 0x5641ca7f7368 <unknown>\n#12 0x5641ca7e0eec <unknown>\n#13 0x5641ca7f7ee7 <unknown>\n#14 0x5641ca7c613f <unknown>\n#15 0x5641ca815858 <unknown>\n#16 0x5641ca815a20 <unknown>\n#17 0x5641ca825fb6 <unknown>\n#18 0x7f10e0c94ac3 <unknown>\n\n","statusTrace":"  File \"/home/runner/work/Selenium-Python-Example/Selenium-Python-Example/.venv/lib/python3.12/site-packages/pluggy/_callers.py\", line 167, in _multicall\n    teardown.throw(outcome._exception)\n  File \"/home/runner/work/Selenium-Python-Example/Selenium-Python-Example/.venv/lib/python3.12/site-packages/_pytest/setuponly.py\", line 36, in pytest_fixture_setup\n    return (yield)\n            ^^^^^\n  File \"/home/runner/work/Selenium-Python-Example/Selenium-Python-Example/.venv/lib/python3.12/site-packages/pluggy/_callers.py\", line 103, in _multicall\n    res = hook_impl.function(*args)\n          ^^^^^^^^^^^^^^^^^^^^^^^^^\n  File \"/home/runner/work/Selenium-Python-Example/Selenium-Python-Example/.venv/lib/python3.12/site-packages/_pytest/fixtures.py\", line 1140, in pytest_fixture_setup\n    result = call_fixture_func(fixturefunc, request, kwargs)\n             ^^^^^^^^^^^^^^^^^^^^^^^^^^^^^^^^^^^^^^^^^^^^^^^\n  File \"/home/runner/work/Selenium-Python-Example/Selenium-Python-Example/.venv/lib/python3.12/site-packages/_pytest/fixtures.py\", line 898, in call_fixture_func\n    fixture_result = fixturefunc(**kwargs)\n                     ^^^^^^^^^^^^^^^^^^^^^\n  File \"/home/runner/work/Selenium-Python-Example/Selenium-Python-Example/tests/workspaces_test.py\", line 25, in setup_method_fixture\n    login(self.about_page, self.login_page)\n  File \"/home/runner/work/Selenium-Python-Example/Selenium-Python-Example/tests/workspaces_test.py\", line 15, in login\n    about_page.click_login_link()\n  File \"/home/runner/work/Selenium-Python-Example/Selenium-Python-Example/.venv/lib/python3.12/site-packages/allure_commons/_allure.py\", line 192, in impl\n    return func(*a, **kw)\n           ^^^^^^^^^^^^^^\n  File \"/home/runner/work/Selenium-Python-Example/Selenium-Python-Example/pages/about_page.py\", line 20, in click_login_link\n    self.click(self.LOGIN_LINK)\n  File \"/home/runner/work/Selenium-Python-Example/Selenium-Python-Example/pages/base_page.py\", line 60, in click\n    el: WebElement = self.wait.until(\n                     ^^^^^^^^^^^^^^^^\n  File \"/home/runner/work/Selenium-Python-Example/Selenium-Python-Example/.venv/lib/python3.12/site-packages/selenium/webdriver/support/wait.py\", line 105, in until\n    raise TimeoutException(message, screen, stacktrace)\n","steps":[{"name":"Click Login link","time":{"start":1731202836448,"stop":1731202846560,"duration":10112},"status":"broken","statusMessage":"selenium.common.exceptions.TimeoutException: Message: \nStacktrace:\n#0 0x5641ca82713a <unknown>\n#1 0x5641ca342460 <unknown>\n#2 0x5641ca38ef96 <unknown>\n#3 0x5641ca38f221 <unknown>\n#4 0x5641ca3d45d4 <unknown>\n#5 0x5641ca3b303d <unknown>\n#6 0x5641ca3d1af6 <unknown>\n#7 0x5641ca3b2db3 <unknown>\n#8 0x5641ca381c10 <unknown>\n#9 0x5641ca382bee <unknown>\n#10 0x5641ca7f33cb <unknown>\n#11 0x5641ca7f7368 <unknown>\n#12 0x5641ca7e0eec <unknown>\n#13 0x5641ca7f7ee7 <unknown>\n#14 0x5641ca7c613f <unknown>\n#15 0x5641ca815858 <unknown>\n#16 0x5641ca815a20 <unknown>\n#17 0x5641ca825fb6 <unknown>\n#18 0x7f10e0c94ac3 <unknown>\n\n","statusTrace":"  File \"/home/runner/work/Selenium-Python-Example/Selenium-Python-Example/.venv/lib/python3.12/site-packages/allure_commons/_allure.py\", line 192, in impl\n    return func(*a, **kw)\n           ^^^^^^^^^^^^^^\n  File \"/home/runner/work/Selenium-Python-Example/Selenium-Python-Example/pages/about_page.py\", line 20, in click_login_link\n    self.click(self.LOGIN_LINK)\n  File \"/home/runner/work/Selenium-Python-Example/Selenium-Python-Example/pages/base_page.py\", line 60, in click\n    el: WebElement = self.wait.until(\n                     ^^^^^^^^^^^^^^^^\n  File \"/home/runner/work/Selenium-Python-Example/Selenium-Python-Example/.venv/lib/python3.12/site-packages/selenium/webdriver/support/wait.py\", line 105, in until\n    raise TimeoutException(message, screen, stacktrace)\n","steps":[],"attachments":[],"parameters":[],"shouldDisplayMessage":true,"stepsCount":0,"attachmentsCount":0,"hasContent":true,"attachmentStep":false}],"attachments":[],"parameters":[],"shouldDisplayMessage":false,"stepsCount":1,"attachmentsCount":0,"hasContent":true,"attachmentStep":false}],"testStage":{"description":"Create new Workspace","status":"broken","statusMessage":"selenium.common.exceptions.TimeoutException: Message: \nStacktrace:\n#0 0x5641ca82713a <unknown>\n#1 0x5641ca342460 <unknown>\n#2 0x5641ca38ef96 <unknown>\n#3 0x5641ca38f221 <unknown>\n#4 0x5641ca3d45d4 <unknown>\n#5 0x5641ca3b303d <unknown>\n#6 0x5641ca3d1af6 <unknown>\n#7 0x5641ca3b2db3 <unknown>\n#8 0x5641ca381c10 <unknown>\n#9 0x5641ca382bee <unknown>\n#10 0x5641ca7f33cb <unknown>\n#11 0x5641ca7f7368 <unknown>\n#12 0x5641ca7e0eec <unknown>\n#13 0x5641ca7f7ee7 <unknown>\n#14 0x5641ca7c613f <unknown>\n#15 0x5641ca815858 <unknown>\n#16 0x5641ca815a20 <unknown>\n#17 0x5641ca825fb6 <unknown>\n#18 0x7f10e0c94ac3 <unknown>","statusTrace":"self = <tests.workspaces_test.TestWorkspaces object at 0x7efcb25a37a0>\n\n    @pytest.fixture(autouse=True)\n    def setup_method_fixture(self):\n>       login(self.about_page, self.login_page)\n\ntests/workspaces_test.py:25: \n_ _ _ _ _ _ _ _ _ _ _ _ _ _ _ _ _ _ _ _ _ _ _ _ _ _ _ _ _ _ _ _ _ _ _ _ _ _ _ _ \ntests/workspaces_test.py:15: in login\n    about_page.click_login_link()\npages/about_page.py:20: in click_login_link\n    self.click(self.LOGIN_LINK)\npages/base_page.py:60: in click\n    el: WebElement = self.wait.until(\n_ _ _ _ _ _ _ _ _ _ _ _ _ _ _ _ _ _ _ _ _ _ _ _ _ _ _ _ _ _ _ _ _ _ _ _ _ _ _ _ \n\nself = <selenium.webdriver.support.wait.WebDriverWait (session=\"cb9b3fb5cf050e17c3c9265e32e4cbc1\")>\nmethod = <function element_to_be_clickable.<locals>._predicate at 0x7efcb39fe5c0>\nmessage = ''\n\n    def until(self, method: Callable[[D], Union[Literal[False], T]], message: str = \"\") -> T:\n        \"\"\"Calls the method provided with the driver as an argument until the \\\n        return value does not evaluate to ``False``.\n    \n        :param method: callable(WebDriver)\n        :param message: optional message for :exc:`TimeoutException`\n        :returns: the result of the last call to `method`\n        :raises: :exc:`selenium.common.exceptions.TimeoutException` if timeout occurs\n        \"\"\"\n        screen = None\n        stacktrace = None\n    \n        end_time = time.monotonic() + self._timeout\n        while True:\n            try:\n                value = method(self._driver)\n                if value:\n                    return value\n            except self._ignored_exceptions as exc:\n                screen = getattr(exc, \"screen\", None)\n                stacktrace = getattr(exc, \"stacktrace\", None)\n            if time.monotonic() > end_time:\n                break\n            time.sleep(self._poll)\n>       raise TimeoutException(message, screen, stacktrace)\nE       selenium.common.exceptions.TimeoutException: Message: \nE       Stacktrace:\nE       #0 0x5641ca82713a <unknown>\nE       #1 0x5641ca342460 <unknown>\nE       #2 0x5641ca38ef96 <unknown>\nE       #3 0x5641ca38f221 <unknown>\nE       #4 0x5641ca3d45d4 <unknown>\nE       #5 0x5641ca3b303d <unknown>\nE       #6 0x5641ca3d1af6 <unknown>\nE       #7 0x5641ca3b2db3 <unknown>\nE       #8 0x5641ca381c10 <unknown>\nE       #9 0x5641ca382bee <unknown>\nE       #10 0x5641ca7f33cb <unknown>\nE       #11 0x5641ca7f7368 <unknown>\nE       #12 0x5641ca7e0eec <unknown>\nE       #13 0x5641ca7f7ee7 <unknown>\nE       #14 0x5641ca7c613f <unknown>\nE       #15 0x5641ca815858 <unknown>\nE       #16 0x5641ca815a20 <unknown>\nE       #17 0x5641ca825fb6 <unknown>\nE       #18 0x7f10e0c94ac3 <unknown>\n\n.venv/lib/python3.12/site-packages/selenium/webdriver/support/wait.py:105: TimeoutException","steps":[{"name":"public ip address","time":{"start":1731202846613,"stop":1731202846705,"duration":92},"status":"passed","steps":[],"attachments":[{"uid":"8c048e65e809a4a6","name":"HTTP logs of http://checkip.amazonaws.com/","source":"8c048e65e809a4a6.txt","type":"text/plain","size":355}],"parameters":[],"shouldDisplayMessage":false,"stepsCount":0,"attachmentsCount":1,"hasContent":true,"attachmentStep":false}],"attachments":[{"uid":"5a988bf2f28a2ec2","name":"Cookies","source":"5a988bf2f28a2ec2.json","type":"application/json","size":3584},{"uid":"1112755276ffec77","name":"Session Storage","source":"1112755276ffec77.json","type":"application/json","size":359},{"uid":"b6ec534f496d5b82","name":"Local Storage","source":"b6ec534f496d5b82.json","type":"application/json","size":790},{"uid":"4bc2a3ab7ec3d923","name":"Console Logs","source":"4bc2a3ab7ec3d923.json","type":"application/json","size":236},{"uid":"cb3164b81d0b5b40","name":"Full Page Screenshot","source":"cb3164b81d0b5b40.png","type":"image/png","size":3843728},{"uid":"d37e061fef936fd9","name":"URL","source":"d37e061fef936fd9.uri","type":"text/uri-list","size":23},{"uid":"5010693277e44eb0","name":"Network Logs","source":"5010693277e44eb0.json","type":"application/json","size":3046143}],"parameters":[],"shouldDisplayMessage":true,"stepsCount":1,"attachmentsCount":8,"hasContent":true,"attachmentStep":false},"afterStages":[{"name":"session_request::0","time":{"start":1731203002351,"stop":1731203002351,"duration":0},"status":"passed","steps":[],"attachments":[],"parameters":[],"shouldDisplayMessage":false,"stepsCount":0,"attachmentsCount":0,"hasContent":false,"attachmentStep":false}],"labels":[{"name":"epic","value":"Workspaces"},{"name":"severity","value":"normal"},{"name":"story","value":"WorkSpaces Creation and Editing Functionality"},{"name":"tag","value":"run(order=1)"},{"name":"parentSuite","value":"tests"},{"name":"suite","value":"workspaces_test"},{"name":"subSuite","value":"TestWorkspaces"},{"name":"host","value":"fv-az985-849"},{"name":"thread","value":"1917-MainThread"},{"name":"framework","value":"pytest"},{"name":"language","value":"cpython3"},{"name":"package","value":"tests.workspaces_test"},{"name":"resultFormat","value":"allure2"}],"parameters":[],"links":[],"hidden":false,"retry":false,"extra":{"severity":"normal","retries":[],"categories":[{"name":"Test defects","matchedStatuses":[],"flaky":false}],"tags":["run(order=1)"]},"source":"86ff271b848b29ec.json","parameterValues":[]}