{"uid":"4424e781c23c4008","name":"Delete existing workspace","fullName":"tests.test_workspaces.TestWorkspaces#test_delete_workspace","historyId":"426122535a758ca0ac1fcc53a87d9a4f","time":{"start":1685654993795,"stop":1685654993795,"duration":0},"description":"Delete an existing workspace","descriptionHtml":"<p>Delete an existing workspace</p>\n","status":"broken","statusMessage":"selenium.common.exceptions.TimeoutException: Message: \nStacktrace:\n#0 0x55688f33d133 <unknown>\n#1 0x55688f071966 <unknown>\n#2 0x55688f0ae0dc <unknown>\n#3 0x55688f0ae211 <unknown>\n#4 0x55688f0e86c4 <unknown>\n#5 0x55688f0cdbfd <unknown>\n#6 0x55688f0e61c7 <unknown>\n#7 0x55688f0cd9a3 <unknown>\n#8 0x55688f0a246a <unknown>\n#9 0x55688f0a355e <unknown>\n#10 0x55688f2fccae <unknown>\n#11 0x55688f3008fe <unknown>\n#12 0x55688f309f20 <unknown>\n#13 0x55688f301923 <unknown>\n#14 0x55688f2d4c0e <unknown>\n#15 0x55688f324b08 <unknown>\n#16 0x55688f324c97 <unknown>\n#17 0x55688f335113 <unknown>\n#18 0x7fe6adb7ab43 <unknown>","statusTrace":"self = <tests.test_workspaces.TestWorkspaces object at 0x7fd4177bd660>\nrequest = <SubRequest 'setup_method_fixture' for <Function test_delete_workspace>>\n\n    @pytest.fixture(autouse=True)\n    def setup_method_fixture(self, request):\n>       login(request, self.about_page, self.login_page)\n\ntests/test_workspaces.py:27: \n_ _ _ _ _ _ _ _ _ _ _ _ _ _ _ _ _ _ _ _ _ _ _ _ _ _ _ _ _ _ _ _ _ _ _ _ _ _ _ _ \ntests/test_workspaces.py:16: in login\n    about_page.click_login_link()\npages/about_page.py:19: in click_login_link\n    self.click(self.LOGIN_LINK)\npages/base_page.py:23: in click\n    el: WebElement = self.wait.until(expected_conditions.element_to_be_clickable(locator))\n_ _ _ _ _ _ _ _ _ _ _ _ _ _ _ _ _ _ _ _ _ _ _ _ _ _ _ _ _ _ _ _ _ _ _ _ _ _ _ _ \n\nself = <selenium.webdriver.support.wait.WebDriverWait (session=\"dd0e98c057f7c36a8ccaceb1e2f1e301\")>\nmethod = <function element_to_be_clickable.<locals>._predicate at 0x7fd41761e830>\nmessage = ''\n\n    def until(self, method, message: str = \"\"):\n        \"\"\"Calls the method provided with the driver as an argument until the \\\n        return value does not evaluate to ``False``.\n    \n        :param method: callable(WebDriver)\n        :param message: optional message for :exc:`TimeoutException`\n        :returns: the result of the last call to `method`\n        :raises: :exc:`selenium.common.exceptions.TimeoutException` if timeout occurs\n        \"\"\"\n        screen = None\n        stacktrace = None\n    \n        end_time = time.monotonic() + self._timeout\n        while True:\n            try:\n                value = method(self._driver)\n                if value:\n                    return value\n            except self._ignored_exceptions as exc:\n                screen = getattr(exc, \"screen\", None)\n                stacktrace = getattr(exc, \"stacktrace\", None)\n            time.sleep(self._poll)\n            if time.monotonic() > end_time:\n                break\n>       raise TimeoutException(message, screen, stacktrace)\nE       selenium.common.exceptions.TimeoutException: Message: \nE       Stacktrace:\nE       #0 0x55688f33d133 <unknown>\nE       #1 0x55688f071966 <unknown>\nE       #2 0x55688f0ae0dc <unknown>\nE       #3 0x55688f0ae211 <unknown>\nE       #4 0x55688f0e86c4 <unknown>\nE       #5 0x55688f0cdbfd <unknown>\nE       #6 0x55688f0e61c7 <unknown>\nE       #7 0x55688f0cd9a3 <unknown>\nE       #8 0x55688f0a246a <unknown>\nE       #9 0x55688f0a355e <unknown>\nE       #10 0x55688f2fccae <unknown>\nE       #11 0x55688f3008fe <unknown>\nE       #12 0x55688f309f20 <unknown>\nE       #13 0x55688f301923 <unknown>\nE       #14 0x55688f2d4c0e <unknown>\nE       #15 0x55688f324b08 <unknown>\nE       #16 0x55688f324c97 <unknown>\nE       #17 0x55688f335113 <unknown>\nE       #18 0x7fe6adb7ab43 <unknown>\n\n/opt/hostedtoolcache/Python/3.10.11/x64/lib/python3.10/site-packages/selenium/webdriver/support/wait.py:95: TimeoutException","flaky":false,"newFailed":false,"newBroken":false,"newPassed":false,"retriesCount":0,"retriesStatusChange":false,"beforeStages":[{"name":"setup_method_fixture","time":{"start":1685654995794,"stop":1685655006119,"duration":10325},"status":"broken","statusMessage":"selenium.common.exceptions.TimeoutException: Message: \nStacktrace:\n#0 0x55688f33d133 <unknown>\n#1 0x55688f071966 <unknown>\n#2 0x55688f0ae0dc <unknown>\n#3 0x55688f0ae211 <unknown>\n#4 0x55688f0e86c4 <unknown>\n#5 0x55688f0cdbfd <unknown>\n#6 0x55688f0e61c7 <unknown>\n#7 0x55688f0cd9a3 <unknown>\n#8 0x55688f0a246a <unknown>\n#9 0x55688f0a355e <unknown>\n#10 0x55688f2fccae <unknown>\n#11 0x55688f3008fe <unknown>\n#12 0x55688f309f20 <unknown>\n#13 0x55688f301923 <unknown>\n#14 0x55688f2d4c0e <unknown>\n#15 0x55688f324b08 <unknown>\n#16 0x55688f324c97 <unknown>\n#17 0x55688f335113 <unknown>\n#18 0x7fe6adb7ab43 <unknown>\n\n","statusTrace":"  File \"/opt/hostedtoolcache/Python/3.10.11/x64/lib/python3.10/site-packages/pluggy/_callers.py\", line 39, in _multicall\n    res = hook_impl.function(*args)\n  File \"/opt/hostedtoolcache/Python/3.10.11/x64/lib/python3.10/site-packages/_pytest/fixtures.py\", line 1129, in pytest_fixture_setup\n    result = call_fixture_func(fixturefunc, request, kwargs)\n  File \"/opt/hostedtoolcache/Python/3.10.11/x64/lib/python3.10/site-packages/_pytest/fixtures.py\", line 908, in call_fixture_func\n    fixture_result = fixturefunc(**kwargs)\n  File \"/home/runner/work/Selenium-Python-Example/Selenium-Python-Example/tests/test_workspaces.py\", line 27, in setup_method_fixture\n    login(request, self.about_page, self.login_page)\n  File \"/home/runner/work/Selenium-Python-Example/Selenium-Python-Example/tests/test_workspaces.py\", line 16, in login\n    about_page.click_login_link()\n  File \"/opt/hostedtoolcache/Python/3.10.11/x64/lib/python3.10/site-packages/allure_commons/_allure.py\", line 192, in impl\n    return func(*a, **kw)\n  File \"/home/runner/work/Selenium-Python-Example/Selenium-Python-Example/pages/about_page.py\", line 19, in click_login_link\n    self.click(self.LOGIN_LINK)\n  File \"/home/runner/work/Selenium-Python-Example/Selenium-Python-Example/pages/base_page.py\", line 23, in click\n    el: WebElement = self.wait.until(expected_conditions.element_to_be_clickable(locator))\n  File \"/opt/hostedtoolcache/Python/3.10.11/x64/lib/python3.10/site-packages/selenium/webdriver/support/wait.py\", line 95, in until\n    raise TimeoutException(message, screen, stacktrace)\n","steps":[{"name":"Click Login link","time":{"start":1685654995794,"stop":1685655006119,"duration":10325},"status":"broken","statusMessage":"selenium.common.exceptions.TimeoutException: Message: \nStacktrace:\n#0 0x55688f33d133 <unknown>\n#1 0x55688f071966 <unknown>\n#2 0x55688f0ae0dc <unknown>\n#3 0x55688f0ae211 <unknown>\n#4 0x55688f0e86c4 <unknown>\n#5 0x55688f0cdbfd <unknown>\n#6 0x55688f0e61c7 <unknown>\n#7 0x55688f0cd9a3 <unknown>\n#8 0x55688f0a246a <unknown>\n#9 0x55688f0a355e <unknown>\n#10 0x55688f2fccae <unknown>\n#11 0x55688f3008fe <unknown>\n#12 0x55688f309f20 <unknown>\n#13 0x55688f301923 <unknown>\n#14 0x55688f2d4c0e <unknown>\n#15 0x55688f324b08 <unknown>\n#16 0x55688f324c97 <unknown>\n#17 0x55688f335113 <unknown>\n#18 0x7fe6adb7ab43 <unknown>\n\n","statusTrace":"  File \"/opt/hostedtoolcache/Python/3.10.11/x64/lib/python3.10/site-packages/allure_commons/_allure.py\", line 192, in impl\n    return func(*a, **kw)\n  File \"/home/runner/work/Selenium-Python-Example/Selenium-Python-Example/pages/about_page.py\", line 19, in click_login_link\n    self.click(self.LOGIN_LINK)\n  File \"/home/runner/work/Selenium-Python-Example/Selenium-Python-Example/pages/base_page.py\", line 23, in click\n    el: WebElement = self.wait.until(expected_conditions.element_to_be_clickable(locator))\n  File \"/opt/hostedtoolcache/Python/3.10.11/x64/lib/python3.10/site-packages/selenium/webdriver/support/wait.py\", line 95, in until\n    raise TimeoutException(message, screen, stacktrace)\n","steps":[],"attachments":[],"parameters":[],"stepsCount":0,"attachmentsCount":0,"shouldDisplayMessage":true,"hasContent":true}],"attachments":[],"parameters":[],"stepsCount":1,"attachmentsCount":0,"shouldDisplayMessage":false,"hasContent":true}],"testStage":{"description":"Delete an existing workspace","status":"broken","statusMessage":"selenium.common.exceptions.TimeoutException: Message: \nStacktrace:\n#0 0x55688f33d133 <unknown>\n#1 0x55688f071966 <unknown>\n#2 0x55688f0ae0dc <unknown>\n#3 0x55688f0ae211 <unknown>\n#4 0x55688f0e86c4 <unknown>\n#5 0x55688f0cdbfd <unknown>\n#6 0x55688f0e61c7 <unknown>\n#7 0x55688f0cd9a3 <unknown>\n#8 0x55688f0a246a <unknown>\n#9 0x55688f0a355e <unknown>\n#10 0x55688f2fccae <unknown>\n#11 0x55688f3008fe <unknown>\n#12 0x55688f309f20 <unknown>\n#13 0x55688f301923 <unknown>\n#14 0x55688f2d4c0e <unknown>\n#15 0x55688f324b08 <unknown>\n#16 0x55688f324c97 <unknown>\n#17 0x55688f335113 <unknown>\n#18 0x7fe6adb7ab43 <unknown>","statusTrace":"self = <tests.test_workspaces.TestWorkspaces object at 0x7fd4177bd660>\nrequest = <SubRequest 'setup_method_fixture' for <Function test_delete_workspace>>\n\n    @pytest.fixture(autouse=True)\n    def setup_method_fixture(self, request):\n>       login(request, self.about_page, self.login_page)\n\ntests/test_workspaces.py:27: \n_ _ _ _ _ _ _ _ _ _ _ _ _ _ _ _ _ _ _ _ _ _ _ _ _ _ _ _ _ _ _ _ _ _ _ _ _ _ _ _ \ntests/test_workspaces.py:16: in login\n    about_page.click_login_link()\npages/about_page.py:19: in click_login_link\n    self.click(self.LOGIN_LINK)\npages/base_page.py:23: in click\n    el: WebElement = self.wait.until(expected_conditions.element_to_be_clickable(locator))\n_ _ _ _ _ _ _ _ _ _ _ _ _ _ _ _ _ _ _ _ _ _ _ _ _ _ _ _ _ _ _ _ _ _ _ _ _ _ _ _ \n\nself = <selenium.webdriver.support.wait.WebDriverWait (session=\"dd0e98c057f7c36a8ccaceb1e2f1e301\")>\nmethod = <function element_to_be_clickable.<locals>._predicate at 0x7fd41761e830>\nmessage = ''\n\n    def until(self, method, message: str = \"\"):\n        \"\"\"Calls the method provided with the driver as an argument until the \\\n        return value does not evaluate to ``False``.\n    \n        :param method: callable(WebDriver)\n        :param message: optional message for :exc:`TimeoutException`\n        :returns: the result of the last call to `method`\n        :raises: :exc:`selenium.common.exceptions.TimeoutException` if timeout occurs\n        \"\"\"\n        screen = None\n        stacktrace = None\n    \n        end_time = time.monotonic() + self._timeout\n        while True:\n            try:\n                value = method(self._driver)\n                if value:\n                    return value\n            except self._ignored_exceptions as exc:\n                screen = getattr(exc, \"screen\", None)\n                stacktrace = getattr(exc, \"stacktrace\", None)\n            time.sleep(self._poll)\n            if time.monotonic() > end_time:\n                break\n>       raise TimeoutException(message, screen, stacktrace)\nE       selenium.common.exceptions.TimeoutException: Message: \nE       Stacktrace:\nE       #0 0x55688f33d133 <unknown>\nE       #1 0x55688f071966 <unknown>\nE       #2 0x55688f0ae0dc <unknown>\nE       #3 0x55688f0ae211 <unknown>\nE       #4 0x55688f0e86c4 <unknown>\nE       #5 0x55688f0cdbfd <unknown>\nE       #6 0x55688f0e61c7 <unknown>\nE       #7 0x55688f0cd9a3 <unknown>\nE       #8 0x55688f0a246a <unknown>\nE       #9 0x55688f0a355e <unknown>\nE       #10 0x55688f2fccae <unknown>\nE       #11 0x55688f3008fe <unknown>\nE       #12 0x55688f309f20 <unknown>\nE       #13 0x55688f301923 <unknown>\nE       #14 0x55688f2d4c0e <unknown>\nE       #15 0x55688f324b08 <unknown>\nE       #16 0x55688f324c97 <unknown>\nE       #17 0x55688f335113 <unknown>\nE       #18 0x7fe6adb7ab43 <unknown>\n\n/opt/hostedtoolcache/Python/3.10.11/x64/lib/python3.10/site-packages/selenium/webdriver/support/wait.py:95: TimeoutException","steps":[],"attachments":[{"uid":"98d5dedfc3760c8b","name":"Full Page Screenshot","source":"98d5dedfc3760c8b.png","type":"image/png","size":2749437},{"uid":"f4cab0f9e4a5bd99","name":"URL","source":"f4cab0f9e4a5bd99.uri","type":"text/uri-list","size":23},{"uid":"24ebbea3816b85f2","name":"public ip address","source":"24ebbea3816b85f2.txt","type":"text/plain","size":12},{"uid":"d53aadfa9139cd3e","name":"Cookies","source":"d53aadfa9139cd3e.json","type":"application/json","size":2737},{"uid":"2627e604792176e9","name":"Session Storage","source":"2627e604792176e9.json","type":"application/json","size":2},{"uid":"ebcb0aaa60671ec9","name":"Local Storage","source":"ebcb0aaa60671ec9.json","type":"application/json","size":2},{"uid":"e7ed22fa9513f992","name":"Console Logs","source":"e7ed22fa9513f992.json","type":"application/json","size":2},{"uid":"11bf45b8067c7bf8","name":"Network Logs","source":"11bf45b8067c7bf8.json","type":"application/json","size":47493}],"parameters":[],"stepsCount":0,"attachmentsCount":8,"shouldDisplayMessage":true,"hasContent":true},"afterStages":[],"labels":[{"name":"severity","value":"normal"},{"name":"story","value":"WorkSpaces Creation and Editing Functionality"},{"name":"epic","value":"Workspaces"},{"name":"tag","value":"run(order=3)"},{"name":"parentSuite","value":"tests"},{"name":"suite","value":"test_workspaces"},{"name":"subSuite","value":"TestWorkspaces"},{"name":"host","value":"fv-az612-800"},{"name":"thread","value":"2192-MainThread"},{"name":"framework","value":"pytest"},{"name":"language","value":"cpython3"},{"name":"package","value":"tests.test_workspaces"},{"name":"resultFormat","value":"allure2"}],"parameters":[],"links":[],"hidden":false,"retry":false,"extra":{"severity":"normal","retries":[],"categories":[{"name":"Test defects","matchedStatuses":[],"flaky":false}],"tags":["run(order=3)"]},"source":"4424e781c23c4008.json","parameterValues":[]}