{"uid":"350453feccff1929","name":"Number of projects displayed in page test","fullName":"tests.workspaces_test.TestWorkspaces#test_number_of_existing_projects","historyId":"34e866e263d4a1ed453e065aefe8091d","time":{"start":1712711434686,"stop":1712711434686,"duration":0},"description":"Compare between the actual number of projects seen on page and the number shown in workspaces block","descriptionHtml":"<p>Compare between the actual number of projects seen on page and the number shown in workspaces block</p>\n","status":"broken","statusMessage":"selenium.common.exceptions.TimeoutException: Message: \nStacktrace:\n#0 0x558fbde97873 <unknown>\n#1 0x558fbdb8d8c6 <unknown>\n#2 0x558fbdbd8618 <unknown>\n#3 0x558fbdbd86d1 <unknown>\n#4 0x558fbdc1b744 <unknown>\n#5 0x558fbdbfa5cd <unknown>\n#6 0x558fbdc18c19 <unknown>\n#7 0x558fbdbfa343 <unknown>\n#8 0x558fbdbcb593 <unknown>\n#9 0x558fbdbcbf5e <unknown>\n#10 0x558fbde5b85b <unknown>\n#11 0x558fbde5f7b5 <unknown>\n#12 0x558fbde49581 <unknown>\n#13 0x558fbde60342 <unknown>\n#14 0x558fbde2e88f <unknown>\n#15 0x558fbde86738 <unknown>\n#16 0x558fbde8690b <unknown>\n#17 0x558fbde969c4 <unknown>\n#18 0x7fbddc294ac3 <unknown>","statusTrace":"self = <tests.workspaces_test.TestWorkspaces object at 0x7f8ea6b4e510>\n\n    @pytest.fixture(autouse=True)\n    def setup_method_fixture(self):\n>       login(self.about_page, self.login_page)\n\ntests/workspaces_test.py:25: \n_ _ _ _ _ _ _ _ _ _ _ _ _ _ _ _ _ _ _ _ _ _ _ _ _ _ _ _ _ _ _ _ _ _ _ _ _ _ _ _ \ntests/workspaces_test.py:15: in login\n    about_page.click_login_link()\npages/about_page.py:20: in click_login_link\n    self.click(self.LOGIN_LINK)\npages/base_page.py:60: in click\n    el: WebElement = self.wait.until(\n_ _ _ _ _ _ _ _ _ _ _ _ _ _ _ _ _ _ _ _ _ _ _ _ _ _ _ _ _ _ _ _ _ _ _ _ _ _ _ _ \n\nself = <selenium.webdriver.support.wait.WebDriverWait (session=\"896b830cb9ea40b490567389dabb43be\")>\nmethod = <function element_to_be_clickable.<locals>._predicate at 0x7f8ea6a0d260>\nmessage = ''\n\n    def until(self, method: Callable[[D], Union[Literal[False], T]], message: str = \"\") -> T:\n        \"\"\"Calls the method provided with the driver as an argument until the \\\n        return value does not evaluate to ``False``.\n    \n        :param method: callable(WebDriver)\n        :param message: optional message for :exc:`TimeoutException`\n        :returns: the result of the last call to `method`\n        :raises: :exc:`selenium.common.exceptions.TimeoutException` if timeout occurs\n        \"\"\"\n        screen = None\n        stacktrace = None\n    \n        end_time = time.monotonic() + self._timeout\n        while True:\n            try:\n                value = method(self._driver)\n                if value:\n                    return value\n            except self._ignored_exceptions as exc:\n                screen = getattr(exc, \"screen\", None)\n                stacktrace = getattr(exc, \"stacktrace\", None)\n            time.sleep(self._poll)\n            if time.monotonic() > end_time:\n                break\n>       raise TimeoutException(message, screen, stacktrace)\nE       selenium.common.exceptions.TimeoutException: Message: \nE       Stacktrace:\nE       #0 0x558fbde97873 <unknown>\nE       #1 0x558fbdb8d8c6 <unknown>\nE       #2 0x558fbdbd8618 <unknown>\nE       #3 0x558fbdbd86d1 <unknown>\nE       #4 0x558fbdc1b744 <unknown>\nE       #5 0x558fbdbfa5cd <unknown>\nE       #6 0x558fbdc18c19 <unknown>\nE       #7 0x558fbdbfa343 <unknown>\nE       #8 0x558fbdbcb593 <unknown>\nE       #9 0x558fbdbcbf5e <unknown>\nE       #10 0x558fbde5b85b <unknown>\nE       #11 0x558fbde5f7b5 <unknown>\nE       #12 0x558fbde49581 <unknown>\nE       #13 0x558fbde60342 <unknown>\nE       #14 0x558fbde2e88f <unknown>\nE       #15 0x558fbde86738 <unknown>\nE       #16 0x558fbde8690b <unknown>\nE       #17 0x558fbde969c4 <unknown>\nE       #18 0x7fbddc294ac3 <unknown>\n\n.venv/lib/python3.12/site-packages/selenium/webdriver/support/wait.py:105: TimeoutException","flaky":false,"newFailed":false,"newBroken":false,"newPassed":false,"retriesCount":0,"retriesStatusChange":false,"beforeStages":[{"name":"session_request","time":{"start":1712711354830,"stop":1712711354830,"duration":0},"status":"passed","steps":[],"attachments":[],"parameters":[],"shouldDisplayMessage":false,"stepsCount":0,"attachmentsCount":0,"hasContent":false,"attachmentStep":false},{"name":"_verify_url","time":{"start":1712711354830,"stop":1712711354830,"duration":0},"status":"passed","steps":[],"attachments":[],"parameters":[],"shouldDisplayMessage":false,"stepsCount":0,"attachmentsCount":0,"hasContent":false,"attachmentStep":false},{"name":"base_url","time":{"start":1712711354830,"stop":1712711354830,"duration":0},"status":"passed","steps":[],"attachments":[],"parameters":[],"shouldDisplayMessage":false,"stepsCount":0,"attachmentsCount":0,"hasContent":false,"attachmentStep":false},{"name":"setup_method_fixture","time":{"start":1712711435286,"stop":1712711445570,"duration":10284},"status":"broken","statusMessage":"selenium.common.exceptions.TimeoutException: Message: \nStacktrace:\n#0 0x558fbde97873 <unknown>\n#1 0x558fbdb8d8c6 <unknown>\n#2 0x558fbdbd8618 <unknown>\n#3 0x558fbdbd86d1 <unknown>\n#4 0x558fbdc1b744 <unknown>\n#5 0x558fbdbfa5cd <unknown>\n#6 0x558fbdc18c19 <unknown>\n#7 0x558fbdbfa343 <unknown>\n#8 0x558fbdbcb593 <unknown>\n#9 0x558fbdbcbf5e <unknown>\n#10 0x558fbde5b85b <unknown>\n#11 0x558fbde5f7b5 <unknown>\n#12 0x558fbde49581 <unknown>\n#13 0x558fbde60342 <unknown>\n#14 0x558fbde2e88f <unknown>\n#15 0x558fbde86738 <unknown>\n#16 0x558fbde8690b <unknown>\n#17 0x558fbde969c4 <unknown>\n#18 0x7fbddc294ac3 <unknown>\n\n","statusTrace":"  File \"/home/runner/work/Selenium-Python-Example/Selenium-Python-Example/.venv/lib/python3.12/site-packages/pluggy/_callers.py\", line 166, in _multicall\n    teardown.throw(outcome._exception)\n  File \"/home/runner/work/Selenium-Python-Example/Selenium-Python-Example/.venv/lib/python3.12/site-packages/_pytest/setuponly.py\", line 36, in pytest_fixture_setup\n    return (yield)\n            ^^^^^\n  File \"/home/runner/work/Selenium-Python-Example/Selenium-Python-Example/.venv/lib/python3.12/site-packages/pluggy/_callers.py\", line 102, in _multicall\n    res = hook_impl.function(*args)\n          ^^^^^^^^^^^^^^^^^^^^^^^^^\n  File \"/home/runner/work/Selenium-Python-Example/Selenium-Python-Example/.venv/lib/python3.12/site-packages/_pytest/fixtures.py\", line 1132, in pytest_fixture_setup\n    result = call_fixture_func(fixturefunc, request, kwargs)\n             ^^^^^^^^^^^^^^^^^^^^^^^^^^^^^^^^^^^^^^^^^^^^^^^\n  File \"/home/runner/work/Selenium-Python-Example/Selenium-Python-Example/.venv/lib/python3.12/site-packages/_pytest/fixtures.py\", line 913, in call_fixture_func\n    fixture_result = fixturefunc(**kwargs)\n                     ^^^^^^^^^^^^^^^^^^^^^\n  File \"/home/runner/work/Selenium-Python-Example/Selenium-Python-Example/tests/workspaces_test.py\", line 25, in setup_method_fixture\n    login(self.about_page, self.login_page)\n  File \"/home/runner/work/Selenium-Python-Example/Selenium-Python-Example/tests/workspaces_test.py\", line 15, in login\n    about_page.click_login_link()\n  File \"/home/runner/work/Selenium-Python-Example/Selenium-Python-Example/.venv/lib/python3.12/site-packages/allure_commons/_allure.py\", line 192, in impl\n    return func(*a, **kw)\n           ^^^^^^^^^^^^^^\n  File \"/home/runner/work/Selenium-Python-Example/Selenium-Python-Example/pages/about_page.py\", line 20, in click_login_link\n    self.click(self.LOGIN_LINK)\n  File \"/home/runner/work/Selenium-Python-Example/Selenium-Python-Example/pages/base_page.py\", line 60, in click\n    el: WebElement = self.wait.until(\n                     ^^^^^^^^^^^^^^^^\n  File \"/home/runner/work/Selenium-Python-Example/Selenium-Python-Example/.venv/lib/python3.12/site-packages/selenium/webdriver/support/wait.py\", line 105, in until\n    raise TimeoutException(message, screen, stacktrace)\n","steps":[{"name":"Click Login link","time":{"start":1712711435286,"stop":1712711445570,"duration":10284},"status":"broken","statusMessage":"selenium.common.exceptions.TimeoutException: Message: \nStacktrace:\n#0 0x558fbde97873 <unknown>\n#1 0x558fbdb8d8c6 <unknown>\n#2 0x558fbdbd8618 <unknown>\n#3 0x558fbdbd86d1 <unknown>\n#4 0x558fbdc1b744 <unknown>\n#5 0x558fbdbfa5cd <unknown>\n#6 0x558fbdc18c19 <unknown>\n#7 0x558fbdbfa343 <unknown>\n#8 0x558fbdbcb593 <unknown>\n#9 0x558fbdbcbf5e <unknown>\n#10 0x558fbde5b85b <unknown>\n#11 0x558fbde5f7b5 <unknown>\n#12 0x558fbde49581 <unknown>\n#13 0x558fbde60342 <unknown>\n#14 0x558fbde2e88f <unknown>\n#15 0x558fbde86738 <unknown>\n#16 0x558fbde8690b <unknown>\n#17 0x558fbde969c4 <unknown>\n#18 0x7fbddc294ac3 <unknown>\n\n","statusTrace":"  File \"/home/runner/work/Selenium-Python-Example/Selenium-Python-Example/.venv/lib/python3.12/site-packages/allure_commons/_allure.py\", line 192, in impl\n    return func(*a, **kw)\n           ^^^^^^^^^^^^^^\n  File \"/home/runner/work/Selenium-Python-Example/Selenium-Python-Example/pages/about_page.py\", line 20, in click_login_link\n    self.click(self.LOGIN_LINK)\n  File \"/home/runner/work/Selenium-Python-Example/Selenium-Python-Example/pages/base_page.py\", line 60, in click\n    el: WebElement = self.wait.until(\n                     ^^^^^^^^^^^^^^^^\n  File \"/home/runner/work/Selenium-Python-Example/Selenium-Python-Example/.venv/lib/python3.12/site-packages/selenium/webdriver/support/wait.py\", line 105, in until\n    raise TimeoutException(message, screen, stacktrace)\n","steps":[],"attachments":[],"parameters":[],"shouldDisplayMessage":true,"stepsCount":0,"attachmentsCount":0,"hasContent":true,"attachmentStep":false}],"attachments":[],"parameters":[],"shouldDisplayMessage":false,"stepsCount":1,"attachmentsCount":0,"hasContent":true,"attachmentStep":false}],"testStage":{"description":"Compare between the actual number of projects seen on page and the number shown in workspaces block","status":"broken","statusMessage":"selenium.common.exceptions.TimeoutException: Message: \nStacktrace:\n#0 0x558fbde97873 <unknown>\n#1 0x558fbdb8d8c6 <unknown>\n#2 0x558fbdbd8618 <unknown>\n#3 0x558fbdbd86d1 <unknown>\n#4 0x558fbdc1b744 <unknown>\n#5 0x558fbdbfa5cd <unknown>\n#6 0x558fbdc18c19 <unknown>\n#7 0x558fbdbfa343 <unknown>\n#8 0x558fbdbcb593 <unknown>\n#9 0x558fbdbcbf5e <unknown>\n#10 0x558fbde5b85b <unknown>\n#11 0x558fbde5f7b5 <unknown>\n#12 0x558fbde49581 <unknown>\n#13 0x558fbde60342 <unknown>\n#14 0x558fbde2e88f <unknown>\n#15 0x558fbde86738 <unknown>\n#16 0x558fbde8690b <unknown>\n#17 0x558fbde969c4 <unknown>\n#18 0x7fbddc294ac3 <unknown>","statusTrace":"self = <tests.workspaces_test.TestWorkspaces object at 0x7f8ea6b4e510>\n\n    @pytest.fixture(autouse=True)\n    def setup_method_fixture(self):\n>       login(self.about_page, self.login_page)\n\ntests/workspaces_test.py:25: \n_ _ _ _ _ _ _ _ _ _ _ _ _ _ _ _ _ _ _ _ _ _ _ _ _ _ _ _ _ _ _ _ _ _ _ _ _ _ _ _ \ntests/workspaces_test.py:15: in login\n    about_page.click_login_link()\npages/about_page.py:20: in click_login_link\n    self.click(self.LOGIN_LINK)\npages/base_page.py:60: in click\n    el: WebElement = self.wait.until(\n_ _ _ _ _ _ _ _ _ _ _ _ _ _ _ _ _ _ _ _ _ _ _ _ _ _ _ _ _ _ _ _ _ _ _ _ _ _ _ _ \n\nself = <selenium.webdriver.support.wait.WebDriverWait (session=\"896b830cb9ea40b490567389dabb43be\")>\nmethod = <function element_to_be_clickable.<locals>._predicate at 0x7f8ea6a0d260>\nmessage = ''\n\n    def until(self, method: Callable[[D], Union[Literal[False], T]], message: str = \"\") -> T:\n        \"\"\"Calls the method provided with the driver as an argument until the \\\n        return value does not evaluate to ``False``.\n    \n        :param method: callable(WebDriver)\n        :param message: optional message for :exc:`TimeoutException`\n        :returns: the result of the last call to `method`\n        :raises: :exc:`selenium.common.exceptions.TimeoutException` if timeout occurs\n        \"\"\"\n        screen = None\n        stacktrace = None\n    \n        end_time = time.monotonic() + self._timeout\n        while True:\n            try:\n                value = method(self._driver)\n                if value:\n                    return value\n            except self._ignored_exceptions as exc:\n                screen = getattr(exc, \"screen\", None)\n                stacktrace = getattr(exc, \"stacktrace\", None)\n            time.sleep(self._poll)\n            if time.monotonic() > end_time:\n                break\n>       raise TimeoutException(message, screen, stacktrace)\nE       selenium.common.exceptions.TimeoutException: Message: \nE       Stacktrace:\nE       #0 0x558fbde97873 <unknown>\nE       #1 0x558fbdb8d8c6 <unknown>\nE       #2 0x558fbdbd8618 <unknown>\nE       #3 0x558fbdbd86d1 <unknown>\nE       #4 0x558fbdc1b744 <unknown>\nE       #5 0x558fbdbfa5cd <unknown>\nE       #6 0x558fbdc18c19 <unknown>\nE       #7 0x558fbdbfa343 <unknown>\nE       #8 0x558fbdbcb593 <unknown>\nE       #9 0x558fbdbcbf5e <unknown>\nE       #10 0x558fbde5b85b <unknown>\nE       #11 0x558fbde5f7b5 <unknown>\nE       #12 0x558fbde49581 <unknown>\nE       #13 0x558fbde60342 <unknown>\nE       #14 0x558fbde2e88f <unknown>\nE       #15 0x558fbde86738 <unknown>\nE       #16 0x558fbde8690b <unknown>\nE       #17 0x558fbde969c4 <unknown>\nE       #18 0x7fbddc294ac3 <unknown>\n\n.venv/lib/python3.12/site-packages/selenium/webdriver/support/wait.py:105: TimeoutException","steps":[{"name":"public ip address","time":{"start":1712711445590,"stop":1712711445729,"duration":139},"status":"passed","steps":[],"attachments":[{"uid":"f348570635382cb3","name":"HTTP logs of http://checkip.amazonaws.com/","source":"f348570635382cb3.txt","type":"text/plain","size":259}],"parameters":[],"shouldDisplayMessage":false,"stepsCount":0,"attachmentsCount":1,"hasContent":true,"attachmentStep":false}],"attachments":[{"uid":"371b0ffc6c3afff3","name":"Cookies","source":"371b0ffc6c3afff3.json","type":"application/json","size":3098},{"uid":"c32588eaa516ed37","name":"Session Storage","source":"c32588eaa516ed37.json","type":"application/json","size":359},{"uid":"b82d77ef373a73ed","name":"Local Storage","source":"b82d77ef373a73ed.json","type":"application/json","size":208},{"uid":"e26d1834efba4e78","name":"Console Logs","source":"e26d1834efba4e78.json","type":"application/json","size":653},{"uid":"2413b7c75317da75","name":"Full Page Screenshot","source":"2413b7c75317da75.png","type":"image/png","size":6236648},{"uid":"e4c8ffe04e59e0f6","name":"URL","source":"e4c8ffe04e59e0f6.uri","type":"text/uri-list","size":23},{"uid":"915a247114b2bf21","name":"Network Logs","source":"915a247114b2bf21.json","type":"application/json","size":23249}],"parameters":[],"shouldDisplayMessage":true,"stepsCount":1,"attachmentsCount":8,"hasContent":true,"attachmentStep":false},"afterStages":[{"name":"session_request::0","time":{"start":1712711612985,"stop":1712711612986,"duration":1},"status":"passed","steps":[],"attachments":[],"parameters":[],"shouldDisplayMessage":false,"stepsCount":0,"attachmentsCount":0,"hasContent":false,"attachmentStep":false}],"labels":[{"name":"story","value":"WorkSpaces Creation and Editing Functionality"},{"name":"severity","value":"normal"},{"name":"epic","value":"Workspaces"},{"name":"tag","value":"run(order=4)"},{"name":"parentSuite","value":"tests"},{"name":"suite","value":"workspaces_test"},{"name":"subSuite","value":"TestWorkspaces"},{"name":"host","value":"fv-az979-54"},{"name":"thread","value":"2446-MainThread"},{"name":"framework","value":"pytest"},{"name":"language","value":"cpython3"},{"name":"package","value":"tests.workspaces_test"},{"name":"resultFormat","value":"allure2"}],"parameters":[],"links":[],"hidden":false,"retry":false,"extra":{"severity":"normal","retries":[],"categories":[{"name":"Test defects","matchedStatuses":[],"flaky":false}],"tags":["run(order=4)"]},"source":"350453feccff1929.json","parameterValues":[]}