{"uid":"c3521a64976c3ae3","name":"Exception test","fullName":"tests.forgot_password_test.TestForgotPassword#test_expected_exception_on_page_title","historyId":"288cd0030c92ba34b4ff4b58ed8ec476","time":{"start":1712711549443,"stop":1712711559702,"duration":10259},"description":"Exception catching","descriptionHtml":"<p>Exception catching</p>\n","status":"broken","statusMessage":"selenium.common.exceptions.TimeoutException: Message: \nStacktrace:\n#0 0x55751bd52873 <unknown>\n#1 0x55751ba488c6 <unknown>\n#2 0x55751ba93618 <unknown>\n#3 0x55751ba936d1 <unknown>\n#4 0x55751bad6744 <unknown>\n#5 0x55751bab55cd <unknown>\n#6 0x55751bad3c19 <unknown>\n#7 0x55751bab5343 <unknown>\n#8 0x55751ba86593 <unknown>\n#9 0x55751ba86f5e <unknown>\n#10 0x55751bd1685b <unknown>\n#11 0x55751bd1a7b5 <unknown>\n#12 0x55751bd04581 <unknown>\n#13 0x55751bd1b342 <unknown>\n#14 0x55751bce988f <unknown>\n#15 0x55751bd41738 <unknown>\n#16 0x55751bd4190b <unknown>\n#17 0x55751bd519c4 <unknown>\n#18 0x7fef54694ac3 <unknown>","statusTrace":"self = <tests.forgot_password_test.TestForgotPassword object at 0x7f8ea6b0f470>\n\n    @allure.description(\"Exception catching\")\n    @allure.title(\"Exception test\")\n    @allure.link(\"github.com/allure-examples/\", name=\"Allure Examples\")\n    @allure.issue(\"github.com/allure-examples/allure-examples/issues/1\", name=\"ISSUE-1\")\n    @allure.testcase(\n        \"github.com/allure-examples/allure-examples/issues/2\", name=\"TESTCASE-2\"\n    )\n    def test_expected_exception_on_page_title(self):\n>       self.about_page.click_login_link()\n\ntests/forgot_password_test.py:53: \n_ _ _ _ _ _ _ _ _ _ _ _ _ _ _ _ _ _ _ _ _ _ _ _ _ _ _ _ _ _ _ _ _ _ _ _ _ _ _ _ \npages/about_page.py:20: in click_login_link\n    self.click(self.LOGIN_LINK)\npages/base_page.py:60: in click\n    el: WebElement = self.wait.until(\n_ _ _ _ _ _ _ _ _ _ _ _ _ _ _ _ _ _ _ _ _ _ _ _ _ _ _ _ _ _ _ _ _ _ _ _ _ _ _ _ \n\nself = <selenium.webdriver.support.wait.WebDriverWait (session=\"8b438616c4110fee33b9a122a2cf8521\")>\nmethod = <function element_to_be_clickable.<locals>._predicate at 0x7f8ea6a0e520>\nmessage = ''\n\n    def until(self, method: Callable[[D], Union[Literal[False], T]], message: str = \"\") -> T:\n        \"\"\"Calls the method provided with the driver as an argument until the \\\n        return value does not evaluate to ``False``.\n    \n        :param method: callable(WebDriver)\n        :param message: optional message for :exc:`TimeoutException`\n        :returns: the result of the last call to `method`\n        :raises: :exc:`selenium.common.exceptions.TimeoutException` if timeout occurs\n        \"\"\"\n        screen = None\n        stacktrace = None\n    \n        end_time = time.monotonic() + self._timeout\n        while True:\n            try:\n                value = method(self._driver)\n                if value:\n                    return value\n            except self._ignored_exceptions as exc:\n                screen = getattr(exc, \"screen\", None)\n                stacktrace = getattr(exc, \"stacktrace\", None)\n            time.sleep(self._poll)\n            if time.monotonic() > end_time:\n                break\n>       raise TimeoutException(message, screen, stacktrace)\nE       selenium.common.exceptions.TimeoutException: Message: \nE       Stacktrace:\nE       #0 0x55751bd52873 <unknown>\nE       #1 0x55751ba488c6 <unknown>\nE       #2 0x55751ba93618 <unknown>\nE       #3 0x55751ba936d1 <unknown>\nE       #4 0x55751bad6744 <unknown>\nE       #5 0x55751bab55cd <unknown>\nE       #6 0x55751bad3c19 <unknown>\nE       #7 0x55751bab5343 <unknown>\nE       #8 0x55751ba86593 <unknown>\nE       #9 0x55751ba86f5e <unknown>\nE       #10 0x55751bd1685b <unknown>\nE       #11 0x55751bd1a7b5 <unknown>\nE       #12 0x55751bd04581 <unknown>\nE       #13 0x55751bd1b342 <unknown>\nE       #14 0x55751bce988f <unknown>\nE       #15 0x55751bd41738 <unknown>\nE       #16 0x55751bd4190b <unknown>\nE       #17 0x55751bd519c4 <unknown>\nE       #18 0x7fef54694ac3 <unknown>\n\n.venv/lib/python3.12/site-packages/selenium/webdriver/support/wait.py:105: TimeoutException","flaky":false,"newFailed":false,"newBroken":false,"newPassed":false,"retriesCount":0,"retriesStatusChange":false,"beforeStages":[{"name":"session_request","time":{"start":1712711354830,"stop":1712711354830,"duration":0},"status":"passed","steps":[],"attachments":[],"parameters":[],"shouldDisplayMessage":false,"stepsCount":0,"attachmentsCount":0,"hasContent":false,"attachmentStep":false},{"name":"_verify_url","time":{"start":1712711354830,"stop":1712711354830,"duration":0},"status":"passed","steps":[],"attachments":[],"parameters":[],"shouldDisplayMessage":false,"stepsCount":0,"attachmentsCount":0,"hasContent":false,"attachmentStep":false},{"name":"base_url","time":{"start":1712711354830,"stop":1712711354830,"duration":0},"status":"passed","steps":[],"attachments":[],"parameters":[],"shouldDisplayMessage":false,"stepsCount":0,"attachmentsCount":0,"hasContent":false,"attachmentStep":false}],"testStage":{"description":"Exception catching","status":"broken","statusMessage":"selenium.common.exceptions.TimeoutException: Message: \nStacktrace:\n#0 0x55751bd52873 <unknown>\n#1 0x55751ba488c6 <unknown>\n#2 0x55751ba93618 <unknown>\n#3 0x55751ba936d1 <unknown>\n#4 0x55751bad6744 <unknown>\n#5 0x55751bab55cd <unknown>\n#6 0x55751bad3c19 <unknown>\n#7 0x55751bab5343 <unknown>\n#8 0x55751ba86593 <unknown>\n#9 0x55751ba86f5e <unknown>\n#10 0x55751bd1685b <unknown>\n#11 0x55751bd1a7b5 <unknown>\n#12 0x55751bd04581 <unknown>\n#13 0x55751bd1b342 <unknown>\n#14 0x55751bce988f <unknown>\n#15 0x55751bd41738 <unknown>\n#16 0x55751bd4190b <unknown>\n#17 0x55751bd519c4 <unknown>\n#18 0x7fef54694ac3 <unknown>","statusTrace":"self = <tests.forgot_password_test.TestForgotPassword object at 0x7f8ea6b0f470>\n\n    @allure.description(\"Exception catching\")\n    @allure.title(\"Exception test\")\n    @allure.link(\"github.com/allure-examples/\", name=\"Allure Examples\")\n    @allure.issue(\"github.com/allure-examples/allure-examples/issues/1\", name=\"ISSUE-1\")\n    @allure.testcase(\n        \"github.com/allure-examples/allure-examples/issues/2\", name=\"TESTCASE-2\"\n    )\n    def test_expected_exception_on_page_title(self):\n>       self.about_page.click_login_link()\n\ntests/forgot_password_test.py:53: \n_ _ _ _ _ _ _ _ _ _ _ _ _ _ _ _ _ _ _ _ _ _ _ _ _ _ _ _ _ _ _ _ _ _ _ _ _ _ _ _ \npages/about_page.py:20: in click_login_link\n    self.click(self.LOGIN_LINK)\npages/base_page.py:60: in click\n    el: WebElement = self.wait.until(\n_ _ _ _ _ _ _ _ _ _ _ _ _ _ _ _ _ _ _ _ _ _ _ _ _ _ _ _ _ _ _ _ _ _ _ _ _ _ _ _ \n\nself = <selenium.webdriver.support.wait.WebDriverWait (session=\"8b438616c4110fee33b9a122a2cf8521\")>\nmethod = <function element_to_be_clickable.<locals>._predicate at 0x7f8ea6a0e520>\nmessage = ''\n\n    def until(self, method: Callable[[D], Union[Literal[False], T]], message: str = \"\") -> T:\n        \"\"\"Calls the method provided with the driver as an argument until the \\\n        return value does not evaluate to ``False``.\n    \n        :param method: callable(WebDriver)\n        :param message: optional message for :exc:`TimeoutException`\n        :returns: the result of the last call to `method`\n        :raises: :exc:`selenium.common.exceptions.TimeoutException` if timeout occurs\n        \"\"\"\n        screen = None\n        stacktrace = None\n    \n        end_time = time.monotonic() + self._timeout\n        while True:\n            try:\n                value = method(self._driver)\n                if value:\n                    return value\n            except self._ignored_exceptions as exc:\n                screen = getattr(exc, \"screen\", None)\n                stacktrace = getattr(exc, \"stacktrace\", None)\n            time.sleep(self._poll)\n            if time.monotonic() > end_time:\n                break\n>       raise TimeoutException(message, screen, stacktrace)\nE       selenium.common.exceptions.TimeoutException: Message: \nE       Stacktrace:\nE       #0 0x55751bd52873 <unknown>\nE       #1 0x55751ba488c6 <unknown>\nE       #2 0x55751ba93618 <unknown>\nE       #3 0x55751ba936d1 <unknown>\nE       #4 0x55751bad6744 <unknown>\nE       #5 0x55751bab55cd <unknown>\nE       #6 0x55751bad3c19 <unknown>\nE       #7 0x55751bab5343 <unknown>\nE       #8 0x55751ba86593 <unknown>\nE       #9 0x55751ba86f5e <unknown>\nE       #10 0x55751bd1685b <unknown>\nE       #11 0x55751bd1a7b5 <unknown>\nE       #12 0x55751bd04581 <unknown>\nE       #13 0x55751bd1b342 <unknown>\nE       #14 0x55751bce988f <unknown>\nE       #15 0x55751bd41738 <unknown>\nE       #16 0x55751bd4190b <unknown>\nE       #17 0x55751bd519c4 <unknown>\nE       #18 0x7fef54694ac3 <unknown>\n\n.venv/lib/python3.12/site-packages/selenium/webdriver/support/wait.py:105: TimeoutException","steps":[{"name":"Click Login link","time":{"start":1712711549443,"stop":1712711559701,"duration":10258},"status":"broken","statusMessage":"selenium.common.exceptions.TimeoutException: Message: \nStacktrace:\n#0 0x55751bd52873 <unknown>\n#1 0x55751ba488c6 <unknown>\n#2 0x55751ba93618 <unknown>\n#3 0x55751ba936d1 <unknown>\n#4 0x55751bad6744 <unknown>\n#5 0x55751bab55cd <unknown>\n#6 0x55751bad3c19 <unknown>\n#7 0x55751bab5343 <unknown>\n#8 0x55751ba86593 <unknown>\n#9 0x55751ba86f5e <unknown>\n#10 0x55751bd1685b <unknown>\n#11 0x55751bd1a7b5 <unknown>\n#12 0x55751bd04581 <unknown>\n#13 0x55751bd1b342 <unknown>\n#14 0x55751bce988f <unknown>\n#15 0x55751bd41738 <unknown>\n#16 0x55751bd4190b <unknown>\n#17 0x55751bd519c4 <unknown>\n#18 0x7fef54694ac3 <unknown>\n\n","statusTrace":"  File \"/home/runner/work/Selenium-Python-Example/Selenium-Python-Example/.venv/lib/python3.12/site-packages/allure_commons/_allure.py\", line 192, in impl\n    return func(*a, **kw)\n           ^^^^^^^^^^^^^^\n  File \"/home/runner/work/Selenium-Python-Example/Selenium-Python-Example/pages/about_page.py\", line 20, in click_login_link\n    self.click(self.LOGIN_LINK)\n  File \"/home/runner/work/Selenium-Python-Example/Selenium-Python-Example/pages/base_page.py\", line 60, in click\n    el: WebElement = self.wait.until(\n                     ^^^^^^^^^^^^^^^^\n  File \"/home/runner/work/Selenium-Python-Example/Selenium-Python-Example/.venv/lib/python3.12/site-packages/selenium/webdriver/support/wait.py\", line 105, in until\n    raise TimeoutException(message, screen, stacktrace)\n","steps":[],"attachments":[],"parameters":[],"shouldDisplayMessage":true,"stepsCount":0,"attachmentsCount":0,"hasContent":true,"attachmentStep":false},{"name":"public ip address","time":{"start":1712711559711,"stop":1712711559861,"duration":150},"status":"passed","steps":[],"attachments":[{"uid":"a1adda0834432a93","name":"HTTP logs of http://checkip.amazonaws.com/","source":"a1adda0834432a93.txt","type":"text/plain","size":259}],"parameters":[],"shouldDisplayMessage":false,"stepsCount":0,"attachmentsCount":1,"hasContent":true,"attachmentStep":false}],"attachments":[{"uid":"4af0c5a0d209855b","name":"Cookies","source":"4af0c5a0d209855b.json","type":"application/json","size":3096},{"uid":"97afcd493941a762","name":"Session Storage","source":"97afcd493941a762.json","type":"application/json","size":359},{"uid":"742f5083ccc85098","name":"Local Storage","source":"742f5083ccc85098.json","type":"application/json","size":208},{"uid":"f9c10fdc1610ec64","name":"Console Logs","source":"f9c10fdc1610ec64.json","type":"application/json","size":653},{"uid":"e8f842168fe8655f","name":"Full Page Screenshot","source":"e8f842168fe8655f.png","type":"image/png","size":6240362},{"uid":"a518e2f356edde14","name":"URL","source":"a518e2f356edde14.uri","type":"text/uri-list","size":23},{"uid":"58ef9f7ee77535e8","name":"Network Logs","source":"58ef9f7ee77535e8.json","type":"application/json","size":23259}],"parameters":[],"shouldDisplayMessage":true,"stepsCount":2,"attachmentsCount":8,"hasContent":true,"attachmentStep":false},"afterStages":[{"name":"session_request::0","time":{"start":1712711612985,"stop":1712711612986,"duration":1},"status":"passed","steps":[],"attachments":[],"parameters":[],"shouldDisplayMessage":false,"stepsCount":0,"attachmentsCount":0,"hasContent":false,"attachmentStep":false}],"labels":[{"name":"subSuite","value":"Custom sub suite"},{"name":"severity","value":"critical"},{"name":"story","value":"Forgot Password Feature's Functionality"},{"name":"parentSuite","value":"Custom parent suite"},{"name":"epic","value":"Security"},{"name":"suite","value":"Custom suite"},{"name":"tag","value":"security"},{"name":"host","value":"fv-az979-54"},{"name":"thread","value":"2446-MainThread"},{"name":"framework","value":"pytest"},{"name":"language","value":"cpython3"},{"name":"package","value":"tests.forgot_password_test"},{"name":"resultFormat","value":"allure2"}],"parameters":[],"links":[{"name":"TESTCASE-2","url":"https://github.com/allure-examples/allure-examples/issues/2","type":"tms"},{"name":"ISSUE-1","url":"https://github.com/allure-examples/allure-examples/issues/1","type":"issue"},{"name":"Allure Examples","url":"https://github.com/allure-examples/","type":"link"}],"hidden":false,"retry":false,"extra":{"severity":"critical","retries":[],"categories":[{"name":"Test defects","matchedStatuses":[],"flaky":false}],"tags":["security"]},"source":"c3521a64976c3ae3.json","parameterValues":[]}