{"uid":"580cc92500d14366","name":"Exception test","fullName":"tests.test_forgot_password.TestForgotPassword#test_expected_exception_on_page_title","historyId":"061c5b0976c95aa1a24ea00f0e67c641","time":{"start":1682801390754,"stop":1682801400988,"duration":10234},"description":"Exception catching","descriptionHtml":"<p>Exception catching</p>\n","status":"broken","statusMessage":"selenium.common.exceptions.TimeoutException: Message: \nStacktrace:\n#0 0x5581b767afe3 <unknown>\n#1 0x5581b73b9d36 <unknown>\n#2 0x5581b73f6c4d <unknown>\n#3 0x5581b73f6d61 <unknown>\n#4 0x5581b74326a4 <unknown>\n#5 0x5581b74178ed <unknown>\n#6 0x5581b7430232 <unknown>\n#7 0x5581b7417693 <unknown>\n#8 0x5581b73ea03a <unknown>\n#9 0x5581b73eb17e <unknown>\n#10 0x5581b763cdbd <unknown>\n#11 0x5581b7640c6c <unknown>\n#12 0x5581b764a4b0 <unknown>\n#13 0x5581b7641d63 <unknown>\n#14 0x5581b7614c35 <unknown>\n#15 0x5581b7665138 <unknown>\n#16 0x5581b76652c7 <unknown>\n#17 0x5581b7673093 <unknown>\n#18 0x7fbf9666ab43 <unknown>","statusTrace":"self = <tests.test_forgot_password.TestForgotPassword object at 0x7f1a30a10e80>\n\n    @allure.description(\"Exception catching\")\n    @allure.title(\"Exception test\")\n    def test_expected_exception_on_page_title(self):\n>       self.about_page.click_login_link()\n\ntests/test_forgot_password.py:38: \n_ _ _ _ _ _ _ _ _ _ _ _ _ _ _ _ _ _ _ _ _ _ _ _ _ _ _ _ _ _ _ _ _ _ _ _ _ _ _ _ \npages/about_page.py:19: in click_login_link\n    self.click(self.LOGIN_LINK)\npages/base_page.py:21: in click\n    el: WebElement = self._wait.until(expected_conditions.element_to_be_clickable(locator))\n_ _ _ _ _ _ _ _ _ _ _ _ _ _ _ _ _ _ _ _ _ _ _ _ _ _ _ _ _ _ _ _ _ _ _ _ _ _ _ _ \n\nself = <selenium.webdriver.support.wait.WebDriverWait (session=\"19d263e2af75e8edb3ae83bee19f4220\")>\nmethod = <function element_to_be_clickable.<locals>._predicate at 0x7f1a304b4790>\nmessage = ''\n\n    def until(self, method, message: str = \"\"):\n        \"\"\"Calls the method provided with the driver as an argument until the \\\n        return value does not evaluate to ``False``.\n    \n        :param method: callable(WebDriver)\n        :param message: optional message for :exc:`TimeoutException`\n        :returns: the result of the last call to `method`\n        :raises: :exc:`selenium.common.exceptions.TimeoutException` if timeout occurs\n        \"\"\"\n        screen = None\n        stacktrace = None\n    \n        end_time = time.monotonic() + self._timeout\n        while True:\n            try:\n                value = method(self._driver)\n                if value:\n                    return value\n            except self._ignored_exceptions as exc:\n                screen = getattr(exc, \"screen\", None)\n                stacktrace = getattr(exc, \"stacktrace\", None)\n            time.sleep(self._poll)\n            if time.monotonic() > end_time:\n                break\n>       raise TimeoutException(message, screen, stacktrace)\nE       selenium.common.exceptions.TimeoutException: Message: \nE       Stacktrace:\nE       #0 0x5581b767afe3 <unknown>\nE       #1 0x5581b73b9d36 <unknown>\nE       #2 0x5581b73f6c4d <unknown>\nE       #3 0x5581b73f6d61 <unknown>\nE       #4 0x5581b74326a4 <unknown>\nE       #5 0x5581b74178ed <unknown>\nE       #6 0x5581b7430232 <unknown>\nE       #7 0x5581b7417693 <unknown>\nE       #8 0x5581b73ea03a <unknown>\nE       #9 0x5581b73eb17e <unknown>\nE       #10 0x5581b763cdbd <unknown>\nE       #11 0x5581b7640c6c <unknown>\nE       #12 0x5581b764a4b0 <unknown>\nE       #13 0x5581b7641d63 <unknown>\nE       #14 0x5581b7614c35 <unknown>\nE       #15 0x5581b7665138 <unknown>\nE       #16 0x5581b76652c7 <unknown>\nE       #17 0x5581b7673093 <unknown>\nE       #18 0x7fbf9666ab43 <unknown>\n\n/opt/hostedtoolcache/Python/3.10.11/x64/lib/python3.10/site-packages/selenium/webdriver/support/wait.py:95: TimeoutException","flaky":false,"newFailed":false,"newBroken":false,"newPassed":false,"retriesCount":0,"retriesStatusChange":false,"beforeStages":[],"testStage":{"description":"Exception catching","status":"broken","statusMessage":"selenium.common.exceptions.TimeoutException: Message: \nStacktrace:\n#0 0x5581b767afe3 <unknown>\n#1 0x5581b73b9d36 <unknown>\n#2 0x5581b73f6c4d <unknown>\n#3 0x5581b73f6d61 <unknown>\n#4 0x5581b74326a4 <unknown>\n#5 0x5581b74178ed <unknown>\n#6 0x5581b7430232 <unknown>\n#7 0x5581b7417693 <unknown>\n#8 0x5581b73ea03a <unknown>\n#9 0x5581b73eb17e <unknown>\n#10 0x5581b763cdbd <unknown>\n#11 0x5581b7640c6c <unknown>\n#12 0x5581b764a4b0 <unknown>\n#13 0x5581b7641d63 <unknown>\n#14 0x5581b7614c35 <unknown>\n#15 0x5581b7665138 <unknown>\n#16 0x5581b76652c7 <unknown>\n#17 0x5581b7673093 <unknown>\n#18 0x7fbf9666ab43 <unknown>","statusTrace":"self = <tests.test_forgot_password.TestForgotPassword object at 0x7f1a30a10e80>\n\n    @allure.description(\"Exception catching\")\n    @allure.title(\"Exception test\")\n    def test_expected_exception_on_page_title(self):\n>       self.about_page.click_login_link()\n\ntests/test_forgot_password.py:38: \n_ _ _ _ _ _ _ _ _ _ _ _ _ _ _ _ _ _ _ _ _ _ _ _ _ _ _ _ _ _ _ _ _ _ _ _ _ _ _ _ \npages/about_page.py:19: in click_login_link\n    self.click(self.LOGIN_LINK)\npages/base_page.py:21: in click\n    el: WebElement = self._wait.until(expected_conditions.element_to_be_clickable(locator))\n_ _ _ _ _ _ _ _ _ _ _ _ _ _ _ _ _ _ _ _ _ _ _ _ _ _ _ _ _ _ _ _ _ _ _ _ _ _ _ _ \n\nself = <selenium.webdriver.support.wait.WebDriverWait (session=\"19d263e2af75e8edb3ae83bee19f4220\")>\nmethod = <function element_to_be_clickable.<locals>._predicate at 0x7f1a304b4790>\nmessage = ''\n\n    def until(self, method, message: str = \"\"):\n        \"\"\"Calls the method provided with the driver as an argument until the \\\n        return value does not evaluate to ``False``.\n    \n        :param method: callable(WebDriver)\n        :param message: optional message for :exc:`TimeoutException`\n        :returns: the result of the last call to `method`\n        :raises: :exc:`selenium.common.exceptions.TimeoutException` if timeout occurs\n        \"\"\"\n        screen = None\n        stacktrace = None\n    \n        end_time = time.monotonic() + self._timeout\n        while True:\n            try:\n                value = method(self._driver)\n                if value:\n                    return value\n            except self._ignored_exceptions as exc:\n                screen = getattr(exc, \"screen\", None)\n                stacktrace = getattr(exc, \"stacktrace\", None)\n            time.sleep(self._poll)\n            if time.monotonic() > end_time:\n                break\n>       raise TimeoutException(message, screen, stacktrace)\nE       selenium.common.exceptions.TimeoutException: Message: \nE       Stacktrace:\nE       #0 0x5581b767afe3 <unknown>\nE       #1 0x5581b73b9d36 <unknown>\nE       #2 0x5581b73f6c4d <unknown>\nE       #3 0x5581b73f6d61 <unknown>\nE       #4 0x5581b74326a4 <unknown>\nE       #5 0x5581b74178ed <unknown>\nE       #6 0x5581b7430232 <unknown>\nE       #7 0x5581b7417693 <unknown>\nE       #8 0x5581b73ea03a <unknown>\nE       #9 0x5581b73eb17e <unknown>\nE       #10 0x5581b763cdbd <unknown>\nE       #11 0x5581b7640c6c <unknown>\nE       #12 0x5581b764a4b0 <unknown>\nE       #13 0x5581b7641d63 <unknown>\nE       #14 0x5581b7614c35 <unknown>\nE       #15 0x5581b7665138 <unknown>\nE       #16 0x5581b76652c7 <unknown>\nE       #17 0x5581b7673093 <unknown>\nE       #18 0x7fbf9666ab43 <unknown>\n\n/opt/hostedtoolcache/Python/3.10.11/x64/lib/python3.10/site-packages/selenium/webdriver/support/wait.py:95: TimeoutException","steps":[{"name":"Click Login link","time":{"start":1682801390754,"stop":1682801400988,"duration":10234},"status":"broken","statusMessage":"selenium.common.exceptions.TimeoutException: Message: \nStacktrace:\n#0 0x5581b767afe3 <unknown>\n#1 0x5581b73b9d36 <unknown>\n#2 0x5581b73f6c4d <unknown>\n#3 0x5581b73f6d61 <unknown>\n#4 0x5581b74326a4 <unknown>\n#5 0x5581b74178ed <unknown>\n#6 0x5581b7430232 <unknown>\n#7 0x5581b7417693 <unknown>\n#8 0x5581b73ea03a <unknown>\n#9 0x5581b73eb17e <unknown>\n#10 0x5581b763cdbd <unknown>\n#11 0x5581b7640c6c <unknown>\n#12 0x5581b764a4b0 <unknown>\n#13 0x5581b7641d63 <unknown>\n#14 0x5581b7614c35 <unknown>\n#15 0x5581b7665138 <unknown>\n#16 0x5581b76652c7 <unknown>\n#17 0x5581b7673093 <unknown>\n#18 0x7fbf9666ab43 <unknown>\n\n","statusTrace":"  File \"/opt/hostedtoolcache/Python/3.10.11/x64/lib/python3.10/site-packages/allure_commons/_allure.py\", line 192, in impl\n    return func(*a, **kw)\n  File \"/home/runner/work/Selenium-Python-Example/Selenium-Python-Example/pages/about_page.py\", line 19, in click_login_link\n    self.click(self.LOGIN_LINK)\n  File \"/home/runner/work/Selenium-Python-Example/Selenium-Python-Example/pages/base_page.py\", line 21, in click\n    el: WebElement = self._wait.until(expected_conditions.element_to_be_clickable(locator))\n  File \"/opt/hostedtoolcache/Python/3.10.11/x64/lib/python3.10/site-packages/selenium/webdriver/support/wait.py\", line 95, in until\n    raise TimeoutException(message, screen, stacktrace)\n","steps":[],"attachments":[],"parameters":[],"stepsCount":0,"attachmentsCount":0,"shouldDisplayMessage":true,"hasContent":true}],"attachments":[{"uid":"637dbfbe627fb66","name":"Full Page Screenshot","source":"637dbfbe627fb66.png","type":"image/png","size":2646979},{"uid":"68b429ee99a5fa25","name":"URL","source":"68b429ee99a5fa25.uri","type":"text/uri-list","size":23},{"uid":"92b2da47da7ffd64","name":"public ip address","source":"92b2da47da7ffd64.txt","type":"text/plain","size":13},{"uid":"968afec94fd27304","name":"Cookies","source":"968afec94fd27304.json","type":"application/json","size":3530},{"uid":"776c38093f38b84b","name":"Session Storage","source":"776c38093f38b84b.json","type":"application/json","size":2},{"uid":"95941792e25f1688","name":"Local Storage","source":"95941792e25f1688.json","type":"application/json","size":1400},{"uid":"8d1472dba69c42de","name":"Console Logs","source":"8d1472dba69c42de.json","type":"application/json","size":5314},{"uid":"13661a43f1f5bf5d","name":"Network Logs","source":"13661a43f1f5bf5d.json","type":"application/json","size":84981}],"parameters":[],"stepsCount":1,"attachmentsCount":8,"shouldDisplayMessage":true,"hasContent":true},"afterStages":[],"labels":[{"name":"story","value":"Forgot Password Feature's Functionality"},{"name":"epic","value":"Security"},{"name":"severity","value":"critical"},{"name":"tag","value":"security"},{"name":"parentSuite","value":"tests"},{"name":"suite","value":"test_forgot_password"},{"name":"subSuite","value":"TestForgotPassword"},{"name":"host","value":"fv-az442-356"},{"name":"thread","value":"2274-MainThread"},{"name":"framework","value":"pytest"},{"name":"language","value":"cpython3"},{"name":"package","value":"tests.test_forgot_password"},{"name":"resultFormat","value":"allure2"}],"parameters":[],"links":[],"hidden":false,"retry":false,"extra":{"severity":"critical","retries":[],"categories":[{"name":"Test defects","matchedStatuses":[],"flaky":false}],"tags":["security"]},"source":"580cc92500d14366.json","parameterValues":[]}