{"uid":"9195164304546f16","name":"Search for non existing project","fullName":"tests.workspaces_test.TestWorkspaces#test_search_for_non_existing_project","historyId":"ed697c69c4643fc2c746342bc96c6608","time":{"start":1724721914225,"stop":1724721914225,"duration":0},"description":"Search for a non existing project","descriptionHtml":"<p>Search for a non existing project</p>\n","status":"broken","statusMessage":"selenium.common.exceptions.TimeoutException: Message: \nStacktrace:\n#0 0x555dd84c06ca <unknown>\n#1 0x555dd8191600 <unknown>\n#2 0x555dd81e0bcb <unknown>\n#3 0x555dd81e0eb1 <unknown>\n#4 0x555dd8224b24 <unknown>\n#5 0x555dd82038cd <unknown>\n#6 0x555dd822204a <unknown>\n#7 0x555dd8203643 <unknown>\n#8 0x555dd81d3d31 <unknown>\n#9 0x555dd81d479e <unknown>\n#10 0x555dd848825b <unknown>\n#11 0x555dd848c1f2 <unknown>\n#12 0x555dd8475615 <unknown>\n#13 0x555dd848cd82 <unknown>\n#14 0x555dd845a25f <unknown>\n#15 0x555dd84afe68 <unknown>\n#16 0x555dd84b0040 <unknown>\n#17 0x555dd84bf49c <unknown>\n#18 0x7fafc6694ac3 <unknown>","statusTrace":"self = <tests.workspaces_test.TestWorkspaces object at 0x7efca41d2810>\n\n    @pytest.fixture(autouse=True)\n    def setup_method_fixture(self):\n>       login(self.about_page, self.login_page)\n\ntests/workspaces_test.py:25: \n_ _ _ _ _ _ _ _ _ _ _ _ _ _ _ _ _ _ _ _ _ _ _ _ _ _ _ _ _ _ _ _ _ _ _ _ _ _ _ _ \ntests/workspaces_test.py:15: in login\n    about_page.click_login_link()\npages/about_page.py:20: in click_login_link\n    self.click(self.LOGIN_LINK)\npages/base_page.py:60: in click\n    el: WebElement = self.wait.until(\n_ _ _ _ _ _ _ _ _ _ _ _ _ _ _ _ _ _ _ _ _ _ _ _ _ _ _ _ _ _ _ _ _ _ _ _ _ _ _ _ \n\nself = <selenium.webdriver.support.wait.WebDriverWait (session=\"81204419fad8a7090c9a3361b0f8d1a2\")>\nmethod = <function element_to_be_clickable.<locals>._predicate at 0x7efca37825c0>\nmessage = ''\n\n    def until(self, method: Callable[[D], Union[Literal[False], T]], message: str = \"\") -> T:\n        \"\"\"Calls the method provided with the driver as an argument until the \\\n        return value does not evaluate to ``False``.\n    \n        :param method: callable(WebDriver)\n        :param message: optional message for :exc:`TimeoutException`\n        :returns: the result of the last call to `method`\n        :raises: :exc:`selenium.common.exceptions.TimeoutException` if timeout occurs\n        \"\"\"\n        screen = None\n        stacktrace = None\n    \n        end_time = time.monotonic() + self._timeout\n        while True:\n            try:\n                value = method(self._driver)\n                if value:\n                    return value\n            except self._ignored_exceptions as exc:\n                screen = getattr(exc, \"screen\", None)\n                stacktrace = getattr(exc, \"stacktrace\", None)\n            time.sleep(self._poll)\n            if time.monotonic() > end_time:\n                break\n>       raise TimeoutException(message, screen, stacktrace)\nE       selenium.common.exceptions.TimeoutException: Message: \nE       Stacktrace:\nE       #0 0x555dd84c06ca <unknown>\nE       #1 0x555dd8191600 <unknown>\nE       #2 0x555dd81e0bcb <unknown>\nE       #3 0x555dd81e0eb1 <unknown>\nE       #4 0x555dd8224b24 <unknown>\nE       #5 0x555dd82038cd <unknown>\nE       #6 0x555dd822204a <unknown>\nE       #7 0x555dd8203643 <unknown>\nE       #8 0x555dd81d3d31 <unknown>\nE       #9 0x555dd81d479e <unknown>\nE       #10 0x555dd848825b <unknown>\nE       #11 0x555dd848c1f2 <unknown>\nE       #12 0x555dd8475615 <unknown>\nE       #13 0x555dd848cd82 <unknown>\nE       #14 0x555dd845a25f <unknown>\nE       #15 0x555dd84afe68 <unknown>\nE       #16 0x555dd84b0040 <unknown>\nE       #17 0x555dd84bf49c <unknown>\nE       #18 0x7fafc6694ac3 <unknown>\n\n.venv/lib/python3.12/site-packages/selenium/webdriver/support/wait.py:105: TimeoutException","flaky":false,"newFailed":false,"newBroken":false,"newPassed":false,"retriesCount":0,"retriesStatusChange":false,"beforeStages":[{"name":"base_url","time":{"start":1724721795578,"stop":1724721795579,"duration":1},"status":"passed","steps":[],"attachments":[],"parameters":[],"shouldDisplayMessage":false,"stepsCount":0,"attachmentsCount":0,"hasContent":false,"attachmentStep":false},{"name":"session_request","time":{"start":1724721795579,"stop":1724721795579,"duration":0},"status":"passed","steps":[],"attachments":[],"parameters":[],"shouldDisplayMessage":false,"stepsCount":0,"attachmentsCount":0,"hasContent":false,"attachmentStep":false},{"name":"data","time":{"start":1724721795579,"stop":1724721795580,"duration":1},"status":"passed","steps":[],"attachments":[],"parameters":[],"shouldDisplayMessage":false,"stepsCount":0,"attachmentsCount":0,"hasContent":false,"attachmentStep":false},{"name":"_verify_url","time":{"start":1724721795579,"stop":1724721795579,"duration":0},"status":"passed","steps":[],"attachments":[],"parameters":[],"shouldDisplayMessage":false,"stepsCount":0,"attachmentsCount":0,"hasContent":false,"attachmentStep":false},{"name":"setup_method_fixture","time":{"start":1724721915881,"stop":1724721926252,"duration":10371},"status":"broken","statusMessage":"selenium.common.exceptions.TimeoutException: Message: \nStacktrace:\n#0 0x555dd84c06ca <unknown>\n#1 0x555dd8191600 <unknown>\n#2 0x555dd81e0bcb <unknown>\n#3 0x555dd81e0eb1 <unknown>\n#4 0x555dd8224b24 <unknown>\n#5 0x555dd82038cd <unknown>\n#6 0x555dd822204a <unknown>\n#7 0x555dd8203643 <unknown>\n#8 0x555dd81d3d31 <unknown>\n#9 0x555dd81d479e <unknown>\n#10 0x555dd848825b <unknown>\n#11 0x555dd848c1f2 <unknown>\n#12 0x555dd8475615 <unknown>\n#13 0x555dd848cd82 <unknown>\n#14 0x555dd845a25f <unknown>\n#15 0x555dd84afe68 <unknown>\n#16 0x555dd84b0040 <unknown>\n#17 0x555dd84bf49c <unknown>\n#18 0x7fafc6694ac3 <unknown>\n\n","statusTrace":"  File \"/home/runner/work/Selenium-Python-Example/Selenium-Python-Example/.venv/lib/python3.12/site-packages/pluggy/_callers.py\", line 167, in _multicall\n    teardown.throw(outcome._exception)\n  File \"/home/runner/work/Selenium-Python-Example/Selenium-Python-Example/.venv/lib/python3.12/site-packages/_pytest/setuponly.py\", line 36, in pytest_fixture_setup\n    return (yield)\n            ^^^^^\n  File \"/home/runner/work/Selenium-Python-Example/Selenium-Python-Example/.venv/lib/python3.12/site-packages/pluggy/_callers.py\", line 103, in _multicall\n    res = hook_impl.function(*args)\n          ^^^^^^^^^^^^^^^^^^^^^^^^^\n  File \"/home/runner/work/Selenium-Python-Example/Selenium-Python-Example/.venv/lib/python3.12/site-packages/_pytest/fixtures.py\", line 1139, in pytest_fixture_setup\n    result = call_fixture_func(fixturefunc, request, kwargs)\n             ^^^^^^^^^^^^^^^^^^^^^^^^^^^^^^^^^^^^^^^^^^^^^^^\n  File \"/home/runner/work/Selenium-Python-Example/Selenium-Python-Example/.venv/lib/python3.12/site-packages/_pytest/fixtures.py\", line 897, in call_fixture_func\n    fixture_result = fixturefunc(**kwargs)\n                     ^^^^^^^^^^^^^^^^^^^^^\n  File \"/home/runner/work/Selenium-Python-Example/Selenium-Python-Example/tests/workspaces_test.py\", line 25, in setup_method_fixture\n    login(self.about_page, self.login_page)\n  File \"/home/runner/work/Selenium-Python-Example/Selenium-Python-Example/tests/workspaces_test.py\", line 15, in login\n    about_page.click_login_link()\n  File \"/home/runner/work/Selenium-Python-Example/Selenium-Python-Example/.venv/lib/python3.12/site-packages/allure_commons/_allure.py\", line 192, in impl\n    return func(*a, **kw)\n           ^^^^^^^^^^^^^^\n  File \"/home/runner/work/Selenium-Python-Example/Selenium-Python-Example/pages/about_page.py\", line 20, in click_login_link\n    self.click(self.LOGIN_LINK)\n  File \"/home/runner/work/Selenium-Python-Example/Selenium-Python-Example/pages/base_page.py\", line 60, in click\n    el: WebElement = self.wait.until(\n                     ^^^^^^^^^^^^^^^^\n  File \"/home/runner/work/Selenium-Python-Example/Selenium-Python-Example/.venv/lib/python3.12/site-packages/selenium/webdriver/support/wait.py\", line 105, in until\n    raise TimeoutException(message, screen, stacktrace)\n","steps":[{"name":"Click Login link","time":{"start":1724721915881,"stop":1724721926251,"duration":10370},"status":"broken","statusMessage":"selenium.common.exceptions.TimeoutException: Message: \nStacktrace:\n#0 0x555dd84c06ca <unknown>\n#1 0x555dd8191600 <unknown>\n#2 0x555dd81e0bcb <unknown>\n#3 0x555dd81e0eb1 <unknown>\n#4 0x555dd8224b24 <unknown>\n#5 0x555dd82038cd <unknown>\n#6 0x555dd822204a <unknown>\n#7 0x555dd8203643 <unknown>\n#8 0x555dd81d3d31 <unknown>\n#9 0x555dd81d479e <unknown>\n#10 0x555dd848825b <unknown>\n#11 0x555dd848c1f2 <unknown>\n#12 0x555dd8475615 <unknown>\n#13 0x555dd848cd82 <unknown>\n#14 0x555dd845a25f <unknown>\n#15 0x555dd84afe68 <unknown>\n#16 0x555dd84b0040 <unknown>\n#17 0x555dd84bf49c <unknown>\n#18 0x7fafc6694ac3 <unknown>\n\n","statusTrace":"  File \"/home/runner/work/Selenium-Python-Example/Selenium-Python-Example/.venv/lib/python3.12/site-packages/allure_commons/_allure.py\", line 192, in impl\n    return func(*a, **kw)\n           ^^^^^^^^^^^^^^\n  File \"/home/runner/work/Selenium-Python-Example/Selenium-Python-Example/pages/about_page.py\", line 20, in click_login_link\n    self.click(self.LOGIN_LINK)\n  File \"/home/runner/work/Selenium-Python-Example/Selenium-Python-Example/pages/base_page.py\", line 60, in click\n    el: WebElement = self.wait.until(\n                     ^^^^^^^^^^^^^^^^\n  File \"/home/runner/work/Selenium-Python-Example/Selenium-Python-Example/.venv/lib/python3.12/site-packages/selenium/webdriver/support/wait.py\", line 105, in until\n    raise TimeoutException(message, screen, stacktrace)\n","steps":[],"attachments":[],"parameters":[],"shouldDisplayMessage":true,"stepsCount":0,"attachmentsCount":0,"hasContent":true,"attachmentStep":false}],"attachments":[],"parameters":[],"shouldDisplayMessage":false,"stepsCount":1,"attachmentsCount":0,"hasContent":true,"attachmentStep":false}],"testStage":{"description":"Search for a non existing project","status":"broken","statusMessage":"selenium.common.exceptions.TimeoutException: Message: \nStacktrace:\n#0 0x555dd84c06ca <unknown>\n#1 0x555dd8191600 <unknown>\n#2 0x555dd81e0bcb <unknown>\n#3 0x555dd81e0eb1 <unknown>\n#4 0x555dd8224b24 <unknown>\n#5 0x555dd82038cd <unknown>\n#6 0x555dd822204a <unknown>\n#7 0x555dd8203643 <unknown>\n#8 0x555dd81d3d31 <unknown>\n#9 0x555dd81d479e <unknown>\n#10 0x555dd848825b <unknown>\n#11 0x555dd848c1f2 <unknown>\n#12 0x555dd8475615 <unknown>\n#13 0x555dd848cd82 <unknown>\n#14 0x555dd845a25f <unknown>\n#15 0x555dd84afe68 <unknown>\n#16 0x555dd84b0040 <unknown>\n#17 0x555dd84bf49c <unknown>\n#18 0x7fafc6694ac3 <unknown>","statusTrace":"self = <tests.workspaces_test.TestWorkspaces object at 0x7efca41d2810>\n\n    @pytest.fixture(autouse=True)\n    def setup_method_fixture(self):\n>       login(self.about_page, self.login_page)\n\ntests/workspaces_test.py:25: \n_ _ _ _ _ _ _ _ _ _ _ _ _ _ _ _ _ _ _ _ _ _ _ _ _ _ _ _ _ _ _ _ _ _ _ _ _ _ _ _ \ntests/workspaces_test.py:15: in login\n    about_page.click_login_link()\npages/about_page.py:20: in click_login_link\n    self.click(self.LOGIN_LINK)\npages/base_page.py:60: in click\n    el: WebElement = self.wait.until(\n_ _ _ _ _ _ _ _ _ _ _ _ _ _ _ _ _ _ _ _ _ _ _ _ _ _ _ _ _ _ _ _ _ _ _ _ _ _ _ _ \n\nself = <selenium.webdriver.support.wait.WebDriverWait (session=\"81204419fad8a7090c9a3361b0f8d1a2\")>\nmethod = <function element_to_be_clickable.<locals>._predicate at 0x7efca37825c0>\nmessage = ''\n\n    def until(self, method: Callable[[D], Union[Literal[False], T]], message: str = \"\") -> T:\n        \"\"\"Calls the method provided with the driver as an argument until the \\\n        return value does not evaluate to ``False``.\n    \n        :param method: callable(WebDriver)\n        :param message: optional message for :exc:`TimeoutException`\n        :returns: the result of the last call to `method`\n        :raises: :exc:`selenium.common.exceptions.TimeoutException` if timeout occurs\n        \"\"\"\n        screen = None\n        stacktrace = None\n    \n        end_time = time.monotonic() + self._timeout\n        while True:\n            try:\n                value = method(self._driver)\n                if value:\n                    return value\n            except self._ignored_exceptions as exc:\n                screen = getattr(exc, \"screen\", None)\n                stacktrace = getattr(exc, \"stacktrace\", None)\n            time.sleep(self._poll)\n            if time.monotonic() > end_time:\n                break\n>       raise TimeoutException(message, screen, stacktrace)\nE       selenium.common.exceptions.TimeoutException: Message: \nE       Stacktrace:\nE       #0 0x555dd84c06ca <unknown>\nE       #1 0x555dd8191600 <unknown>\nE       #2 0x555dd81e0bcb <unknown>\nE       #3 0x555dd81e0eb1 <unknown>\nE       #4 0x555dd8224b24 <unknown>\nE       #5 0x555dd82038cd <unknown>\nE       #6 0x555dd822204a <unknown>\nE       #7 0x555dd8203643 <unknown>\nE       #8 0x555dd81d3d31 <unknown>\nE       #9 0x555dd81d479e <unknown>\nE       #10 0x555dd848825b <unknown>\nE       #11 0x555dd848c1f2 <unknown>\nE       #12 0x555dd8475615 <unknown>\nE       #13 0x555dd848cd82 <unknown>\nE       #14 0x555dd845a25f <unknown>\nE       #15 0x555dd84afe68 <unknown>\nE       #16 0x555dd84b0040 <unknown>\nE       #17 0x555dd84bf49c <unknown>\nE       #18 0x7fafc6694ac3 <unknown>\n\n.venv/lib/python3.12/site-packages/selenium/webdriver/support/wait.py:105: TimeoutException","steps":[{"name":"public ip address","time":{"start":1724721926264,"stop":1724721926284,"duration":20},"status":"passed","steps":[],"attachments":[{"uid":"52bfbd1104e23d62","name":"HTTP logs of http://checkip.amazonaws.com/","source":"52bfbd1104e23d62.txt","type":"text/plain","size":357}],"parameters":[],"shouldDisplayMessage":false,"stepsCount":0,"attachmentsCount":1,"hasContent":true,"attachmentStep":false}],"attachments":[{"uid":"ec066b329cf0bc48","name":"Cookies","source":"ec066b329cf0bc48.json","type":"application/json","size":3585},{"uid":"232934704bb78cf6","name":"Session Storage","source":"232934704bb78cf6.json","type":"application/json","size":359},{"uid":"310c20c2f13bf26f","name":"Local Storage","source":"310c20c2f13bf26f.json","type":"application/json","size":350},{"uid":"b29e49315fce88b5","name":"Console Logs","source":"b29e49315fce88b5.json","type":"application/json","size":236},{"uid":"a1b91bc90bf2849e","name":"Full Page Screenshot","source":"a1b91bc90bf2849e.png","type":"image/png","size":4647547},{"uid":"f20e439d592334db","name":"URL","source":"f20e439d592334db.uri","type":"text/uri-list","size":23},{"uid":"89882d1d8a0d0bda","name":"Network Logs","source":"89882d1d8a0d0bda.json","type":"application/json","size":66209}],"parameters":[],"shouldDisplayMessage":true,"stepsCount":1,"attachmentsCount":8,"hasContent":true,"attachmentStep":false},"afterStages":[{"name":"session_request::0","time":{"start":1724721959862,"stop":1724721959862,"duration":0},"status":"passed","steps":[],"attachments":[],"parameters":[],"shouldDisplayMessage":false,"stepsCount":0,"attachmentsCount":0,"hasContent":false,"attachmentStep":false}],"labels":[{"name":"story","value":"WorkSpaces Creation and Editing Functionality"},{"name":"epic","value":"Workspaces"},{"name":"severity","value":"normal"},{"name":"tag","value":"run(order=7)"},{"name":"parentSuite","value":"tests"},{"name":"suite","value":"workspaces_test"},{"name":"subSuite","value":"TestWorkspaces"},{"name":"host","value":"fv-az1776-118"},{"name":"thread","value":"1874-MainThread"},{"name":"framework","value":"pytest"},{"name":"language","value":"cpython3"},{"name":"package","value":"tests.workspaces_test"},{"name":"resultFormat","value":"allure2"}],"parameters":[],"links":[],"hidden":false,"retry":false,"extra":{"severity":"normal","retries":[],"categories":[{"name":"Test defects","matchedStatuses":[],"flaky":false}],"tags":["run(order=7)"]},"source":"9195164304546f16.json","parameterValues":[]}