{"uid":"28ff5c23fec430c9","name":"Number of projects displayed in page test","fullName":"tests.workspaces_test.TestWorkspaces#test_number_of_existing_projects","historyId":"34e866e263d4a1ed453e065aefe8091d","time":{"start":1704417194874,"stop":1704417194874,"duration":0},"description":"Compare between the actual number of projects seen on page and the number shown in workspaces block","descriptionHtml":"<p>Compare between the actual number of projects seen on page and the number shown in workspaces block</p>\n","status":"broken","statusMessage":"selenium.common.exceptions.TimeoutException: Message: \nStacktrace:\n#0 0x555fb4d1fd33 <unknown>\n#1 0x555fb49dcf87 <unknown>\n#2 0x555fb4a2cc0e <unknown>\n#3 0x555fb4a2cd11 <unknown>\n#4 0x555fb4a78004 <unknown>\n#5 0x555fb4a5636d <unknown>\n#6 0x555fb4a75297 <unknown>\n#7 0x555fb4a560e3 <unknown>\n#8 0x555fb4a1e044 <unknown>\n#9 0x555fb4a1f44e <unknown>\n#10 0x555fb4ce4861 <unknown>\n#11 0x555fb4ce8785 <unknown>\n#12 0x555fb4cd2285 <unknown>\n#13 0x555fb4ce941f <unknown>\n#14 0x555fb4cb620f <unknown>\n#15 0x555fb4d0d028 <unknown>\n#16 0x555fb4d0d1f7 <unknown>\n#17 0x555fb4d1eed4 <unknown>\n#18 0x7fbc7b694ac3 <unknown>","statusTrace":"self = <tests.workspaces_test.TestWorkspaces object at 0x7efec1e588d0>\n\n    @pytest.fixture(autouse=True)\n    def setup_method_fixture(self):\n>       login(self.about_page, self.login_page)\n\ntests/workspaces_test.py:24: \n_ _ _ _ _ _ _ _ _ _ _ _ _ _ _ _ _ _ _ _ _ _ _ _ _ _ _ _ _ _ _ _ _ _ _ _ _ _ _ _ \ntests/workspaces_test.py:14: in login\n    about_page.click_login_link()\npages/about_page.py:20: in click_login_link\n    self.click(self.LOGIN_LINK)\npages/base_page.py:38: in click\n    el: WebElement = self.wait.until(\n_ _ _ _ _ _ _ _ _ _ _ _ _ _ _ _ _ _ _ _ _ _ _ _ _ _ _ _ _ _ _ _ _ _ _ _ _ _ _ _ \n\nself = <selenium.webdriver.support.wait.WebDriverWait (session=\"83f50538a763808d5c794daa70e3402e\")>\nmethod = <function element_to_be_clickable.<locals>._predicate at 0x7efec1ec6520>\nmessage = ''\n\n    def until(self, method: Callable[[D], Union[Literal[False], T]], message: str = \"\") -> T:\n        \"\"\"Calls the method provided with the driver as an argument until the \\\n        return value does not evaluate to ``False``.\n    \n        :param method: callable(WebDriver)\n        :param message: optional message for :exc:`TimeoutException`\n        :returns: the result of the last call to `method`\n        :raises: :exc:`selenium.common.exceptions.TimeoutException` if timeout occurs\n        \"\"\"\n        screen = None\n        stacktrace = None\n    \n        end_time = time.monotonic() + self._timeout\n        while True:\n            try:\n                value = method(self._driver)\n                if value:\n                    return value\n            except self._ignored_exceptions as exc:\n                screen = getattr(exc, \"screen\", None)\n                stacktrace = getattr(exc, \"stacktrace\", None)\n            time.sleep(self._poll)\n            if time.monotonic() > end_time:\n                break\n>       raise TimeoutException(message, screen, stacktrace)\nE       selenium.common.exceptions.TimeoutException: Message: \nE       Stacktrace:\nE       #0 0x555fb4d1fd33 <unknown>\nE       #1 0x555fb49dcf87 <unknown>\nE       #2 0x555fb4a2cc0e <unknown>\nE       #3 0x555fb4a2cd11 <unknown>\nE       #4 0x555fb4a78004 <unknown>\nE       #5 0x555fb4a5636d <unknown>\nE       #6 0x555fb4a75297 <unknown>\nE       #7 0x555fb4a560e3 <unknown>\nE       #8 0x555fb4a1e044 <unknown>\nE       #9 0x555fb4a1f44e <unknown>\nE       #10 0x555fb4ce4861 <unknown>\nE       #11 0x555fb4ce8785 <unknown>\nE       #12 0x555fb4cd2285 <unknown>\nE       #13 0x555fb4ce941f <unknown>\nE       #14 0x555fb4cb620f <unknown>\nE       #15 0x555fb4d0d028 <unknown>\nE       #16 0x555fb4d0d1f7 <unknown>\nE       #17 0x555fb4d1eed4 <unknown>\nE       #18 0x7fbc7b694ac3 <unknown>\n\n.venv/lib/python3.11/site-packages/selenium/webdriver/support/wait.py:105: TimeoutException","flaky":false,"newFailed":false,"newBroken":false,"newPassed":false,"retriesCount":0,"retriesStatusChange":false,"beforeStages":[{"name":"_verify_url","time":{"start":1704417130725,"stop":1704417130725,"duration":0},"status":"passed","steps":[],"attachments":[],"parameters":[],"shouldDisplayMessage":false,"stepsCount":0,"attachmentsCount":0,"hasContent":false,"attachmentStep":false},{"name":"base_url","time":{"start":1704417130725,"stop":1704417130725,"duration":0},"status":"passed","steps":[],"attachments":[],"parameters":[],"shouldDisplayMessage":false,"stepsCount":0,"attachmentsCount":0,"hasContent":false,"attachmentStep":false},{"name":"setup_method_fixture","time":{"start":1704417196537,"stop":1704417206788,"duration":10251},"status":"broken","statusMessage":"selenium.common.exceptions.TimeoutException: Message: \nStacktrace:\n#0 0x555fb4d1fd33 <unknown>\n#1 0x555fb49dcf87 <unknown>\n#2 0x555fb4a2cc0e <unknown>\n#3 0x555fb4a2cd11 <unknown>\n#4 0x555fb4a78004 <unknown>\n#5 0x555fb4a5636d <unknown>\n#6 0x555fb4a75297 <unknown>\n#7 0x555fb4a560e3 <unknown>\n#8 0x555fb4a1e044 <unknown>\n#9 0x555fb4a1f44e <unknown>\n#10 0x555fb4ce4861 <unknown>\n#11 0x555fb4ce8785 <unknown>\n#12 0x555fb4cd2285 <unknown>\n#13 0x555fb4ce941f <unknown>\n#14 0x555fb4cb620f <unknown>\n#15 0x555fb4d0d028 <unknown>\n#16 0x555fb4d0d1f7 <unknown>\n#17 0x555fb4d1eed4 <unknown>\n#18 0x7fbc7b694ac3 <unknown>\n\n","statusTrace":"  File \"/home/runner/work/Selenium-Python-Example/Selenium-Python-Example/.venv/lib/python3.11/site-packages/pluggy/_callers.py\", line 80, in _multicall\n    res = hook_impl.function(*args)\n          ^^^^^^^^^^^^^^^^^^^^^^^^^\n  File \"/home/runner/work/Selenium-Python-Example/Selenium-Python-Example/.venv/lib/python3.11/site-packages/_pytest/fixtures.py\", line 1123, in pytest_fixture_setup\n    result = call_fixture_func(fixturefunc, request, kwargs)\n             ^^^^^^^^^^^^^^^^^^^^^^^^^^^^^^^^^^^^^^^^^^^^^^^\n  File \"/home/runner/work/Selenium-Python-Example/Selenium-Python-Example/.venv/lib/python3.11/site-packages/_pytest/fixtures.py\", line 902, in call_fixture_func\n    fixture_result = fixturefunc(**kwargs)\n                     ^^^^^^^^^^^^^^^^^^^^^\n  File \"/home/runner/work/Selenium-Python-Example/Selenium-Python-Example/tests/workspaces_test.py\", line 24, in setup_method_fixture\n    login(self.about_page, self.login_page)\n  File \"/home/runner/work/Selenium-Python-Example/Selenium-Python-Example/tests/workspaces_test.py\", line 14, in login\n    about_page.click_login_link()\n  File \"/home/runner/work/Selenium-Python-Example/Selenium-Python-Example/.venv/lib/python3.11/site-packages/allure_commons/_allure.py\", line 192, in impl\n    return func(*a, **kw)\n           ^^^^^^^^^^^^^^\n  File \"/home/runner/work/Selenium-Python-Example/Selenium-Python-Example/pages/about_page.py\", line 20, in click_login_link\n    self.click(self.LOGIN_LINK)\n  File \"/home/runner/work/Selenium-Python-Example/Selenium-Python-Example/pages/base_page.py\", line 38, in click\n    el: WebElement = self.wait.until(\n                     ^^^^^^^^^^^^^^^^\n  File \"/home/runner/work/Selenium-Python-Example/Selenium-Python-Example/.venv/lib/python3.11/site-packages/selenium/webdriver/support/wait.py\", line 105, in until\n    raise TimeoutException(message, screen, stacktrace)\n","steps":[{"name":"Click Login link","time":{"start":1704417196537,"stop":1704417206787,"duration":10250},"status":"broken","statusMessage":"selenium.common.exceptions.TimeoutException: Message: \nStacktrace:\n#0 0x555fb4d1fd33 <unknown>\n#1 0x555fb49dcf87 <unknown>\n#2 0x555fb4a2cc0e <unknown>\n#3 0x555fb4a2cd11 <unknown>\n#4 0x555fb4a78004 <unknown>\n#5 0x555fb4a5636d <unknown>\n#6 0x555fb4a75297 <unknown>\n#7 0x555fb4a560e3 <unknown>\n#8 0x555fb4a1e044 <unknown>\n#9 0x555fb4a1f44e <unknown>\n#10 0x555fb4ce4861 <unknown>\n#11 0x555fb4ce8785 <unknown>\n#12 0x555fb4cd2285 <unknown>\n#13 0x555fb4ce941f <unknown>\n#14 0x555fb4cb620f <unknown>\n#15 0x555fb4d0d028 <unknown>\n#16 0x555fb4d0d1f7 <unknown>\n#17 0x555fb4d1eed4 <unknown>\n#18 0x7fbc7b694ac3 <unknown>\n\n","statusTrace":"  File \"/home/runner/work/Selenium-Python-Example/Selenium-Python-Example/.venv/lib/python3.11/site-packages/allure_commons/_allure.py\", line 192, in impl\n    return func(*a, **kw)\n           ^^^^^^^^^^^^^^\n  File \"/home/runner/work/Selenium-Python-Example/Selenium-Python-Example/pages/about_page.py\", line 20, in click_login_link\n    self.click(self.LOGIN_LINK)\n  File \"/home/runner/work/Selenium-Python-Example/Selenium-Python-Example/pages/base_page.py\", line 38, in click\n    el: WebElement = self.wait.until(\n                     ^^^^^^^^^^^^^^^^\n  File \"/home/runner/work/Selenium-Python-Example/Selenium-Python-Example/.venv/lib/python3.11/site-packages/selenium/webdriver/support/wait.py\", line 105, in until\n    raise TimeoutException(message, screen, stacktrace)\n","steps":[],"attachments":[],"parameters":[],"shouldDisplayMessage":true,"stepsCount":0,"attachmentsCount":0,"hasContent":true,"attachmentStep":false}],"attachments":[],"parameters":[],"shouldDisplayMessage":false,"stepsCount":1,"attachmentsCount":0,"hasContent":true,"attachmentStep":false}],"testStage":{"description":"Compare between the actual number of projects seen on page and the number shown in workspaces block","status":"broken","statusMessage":"selenium.common.exceptions.TimeoutException: Message: \nStacktrace:\n#0 0x555fb4d1fd33 <unknown>\n#1 0x555fb49dcf87 <unknown>\n#2 0x555fb4a2cc0e <unknown>\n#3 0x555fb4a2cd11 <unknown>\n#4 0x555fb4a78004 <unknown>\n#5 0x555fb4a5636d <unknown>\n#6 0x555fb4a75297 <unknown>\n#7 0x555fb4a560e3 <unknown>\n#8 0x555fb4a1e044 <unknown>\n#9 0x555fb4a1f44e <unknown>\n#10 0x555fb4ce4861 <unknown>\n#11 0x555fb4ce8785 <unknown>\n#12 0x555fb4cd2285 <unknown>\n#13 0x555fb4ce941f <unknown>\n#14 0x555fb4cb620f <unknown>\n#15 0x555fb4d0d028 <unknown>\n#16 0x555fb4d0d1f7 <unknown>\n#17 0x555fb4d1eed4 <unknown>\n#18 0x7fbc7b694ac3 <unknown>","statusTrace":"self = <tests.workspaces_test.TestWorkspaces object at 0x7efec1e588d0>\n\n    @pytest.fixture(autouse=True)\n    def setup_method_fixture(self):\n>       login(self.about_page, self.login_page)\n\ntests/workspaces_test.py:24: \n_ _ _ _ _ _ _ _ _ _ _ _ _ _ _ _ _ _ _ _ _ _ _ _ _ _ _ _ _ _ _ _ _ _ _ _ _ _ _ _ \ntests/workspaces_test.py:14: in login\n    about_page.click_login_link()\npages/about_page.py:20: in click_login_link\n    self.click(self.LOGIN_LINK)\npages/base_page.py:38: in click\n    el: WebElement = self.wait.until(\n_ _ _ _ _ _ _ _ _ _ _ _ _ _ _ _ _ _ _ _ _ _ _ _ _ _ _ _ _ _ _ _ _ _ _ _ _ _ _ _ \n\nself = <selenium.webdriver.support.wait.WebDriverWait (session=\"83f50538a763808d5c794daa70e3402e\")>\nmethod = <function element_to_be_clickable.<locals>._predicate at 0x7efec1ec6520>\nmessage = ''\n\n    def until(self, method: Callable[[D], Union[Literal[False], T]], message: str = \"\") -> T:\n        \"\"\"Calls the method provided with the driver as an argument until the \\\n        return value does not evaluate to ``False``.\n    \n        :param method: callable(WebDriver)\n        :param message: optional message for :exc:`TimeoutException`\n        :returns: the result of the last call to `method`\n        :raises: :exc:`selenium.common.exceptions.TimeoutException` if timeout occurs\n        \"\"\"\n        screen = None\n        stacktrace = None\n    \n        end_time = time.monotonic() + self._timeout\n        while True:\n            try:\n                value = method(self._driver)\n                if value:\n                    return value\n            except self._ignored_exceptions as exc:\n                screen = getattr(exc, \"screen\", None)\n                stacktrace = getattr(exc, \"stacktrace\", None)\n            time.sleep(self._poll)\n            if time.monotonic() > end_time:\n                break\n>       raise TimeoutException(message, screen, stacktrace)\nE       selenium.common.exceptions.TimeoutException: Message: \nE       Stacktrace:\nE       #0 0x555fb4d1fd33 <unknown>\nE       #1 0x555fb49dcf87 <unknown>\nE       #2 0x555fb4a2cc0e <unknown>\nE       #3 0x555fb4a2cd11 <unknown>\nE       #4 0x555fb4a78004 <unknown>\nE       #5 0x555fb4a5636d <unknown>\nE       #6 0x555fb4a75297 <unknown>\nE       #7 0x555fb4a560e3 <unknown>\nE       #8 0x555fb4a1e044 <unknown>\nE       #9 0x555fb4a1f44e <unknown>\nE       #10 0x555fb4ce4861 <unknown>\nE       #11 0x555fb4ce8785 <unknown>\nE       #12 0x555fb4cd2285 <unknown>\nE       #13 0x555fb4ce941f <unknown>\nE       #14 0x555fb4cb620f <unknown>\nE       #15 0x555fb4d0d028 <unknown>\nE       #16 0x555fb4d0d1f7 <unknown>\nE       #17 0x555fb4d1eed4 <unknown>\nE       #18 0x7fbc7b694ac3 <unknown>\n\n.venv/lib/python3.11/site-packages/selenium/webdriver/support/wait.py:105: TimeoutException","steps":[],"attachments":[{"uid":"59a9ae2892a7f599","name":"public ip address","source":"59a9ae2892a7f599.txt","type":"text/plain","size":13},{"uid":"595349c41252b2c2","name":"Cookies","source":"595349c41252b2c2.json","type":"application/json","size":4406},{"uid":"92d5513f5974e662","name":"Session Storage","source":"92d5513f5974e662.json","type":"application/json","size":358},{"uid":"596e69f243bbb6b8","name":"Local Storage","source":"596e69f243bbb6b8.json","type":"application/json","size":208},{"uid":"46d69e4596e44ff9","name":"Console Logs","source":"46d69e4596e44ff9.json","type":"application/json","size":2},{"uid":"645555cc32eaaad4","name":"Full Page Screenshot","source":"645555cc32eaaad4.png","type":"image/png","size":1283197},{"uid":"37d8a055efd37255","name":"URL","source":"37d8a055efd37255.uri","type":"text/uri-list","size":23},{"uid":"bc704d05bb3b97b7","name":"Network Logs","source":"bc704d05bb3b97b7.json","type":"application/json","size":22849}],"parameters":[],"shouldDisplayMessage":true,"stepsCount":0,"attachmentsCount":8,"hasContent":true,"attachmentStep":false},"afterStages":[],"labels":[{"name":"story","value":"WorkSpaces Creation and Editing Functionality"},{"name":"epic","value":"Workspaces"},{"name":"severity","value":"normal"},{"name":"tag","value":"run(order=4)"},{"name":"parentSuite","value":"tests"},{"name":"suite","value":"workspaces_test"},{"name":"subSuite","value":"TestWorkspaces"},{"name":"host","value":"fv-az1024-593"},{"name":"thread","value":"2109-MainThread"},{"name":"framework","value":"pytest"},{"name":"language","value":"cpython3"},{"name":"package","value":"tests.workspaces_test"},{"name":"resultFormat","value":"allure2"}],"parameters":[],"links":[],"hidden":false,"retry":false,"extra":{"severity":"normal","retries":[],"categories":[{"name":"Test defects","matchedStatuses":[],"flaky":false}],"tags":["run(order=4)"]},"source":"28ff5c23fec430c9.json","parameterValues":[]}