{"uid":"57d73198f1bec6f1","name":"Search for non existing project","fullName":"tests.workspaces_test.TestWorkspaces#test_search_for_non_existing_project","historyId":"ed697c69c4643fc2c746342bc96c6608","time":{"start":1725067564797,"stop":1725067564797,"duration":0},"description":"Search for a non existing project","descriptionHtml":"<p>Search for a non existing project</p>\n","status":"broken","statusMessage":"selenium.common.exceptions.TimeoutException: Message: \nStacktrace:\n#0 0x55f41a5de81a <unknown>\n#1 0x55f41a2ace50 <unknown>\n#2 0x55f41a2fc644 <unknown>\n#3 0x55f41a2fc931 <unknown>\n#4 0x55f41a342534 <unknown>\n#5 0x55f41a3214bd <unknown>\n#6 0x55f41a33f9c6 <unknown>\n#7 0x55f41a321233 <unknown>\n#8 0x55f41a2ef093 <unknown>\n#9 0x55f41a2f009e <unknown>\n#10 0x55f41a5a5a7b <unknown>\n#11 0x55f41a5a9a31 <unknown>\n#12 0x55f41a591645 <unknown>\n#13 0x55f41a5aa5a2 <unknown>\n#14 0x55f41a57681f <unknown>\n#15 0x55f41a5cd618 <unknown>\n#16 0x55f41a5cd7e2 <unknown>\n#17 0x55f41a5dd60c <unknown>\n#18 0x7facbc894ac3 <unknown>","statusTrace":"self = <tests.workspaces_test.TestWorkspaces object at 0x7f0115fce6c0>\n\n    @pytest.fixture(autouse=True)\n    def setup_method_fixture(self):\n>       login(self.about_page, self.login_page)\n\ntests/workspaces_test.py:25: \n_ _ _ _ _ _ _ _ _ _ _ _ _ _ _ _ _ _ _ _ _ _ _ _ _ _ _ _ _ _ _ _ _ _ _ _ _ _ _ _ \ntests/workspaces_test.py:15: in login\n    about_page.click_login_link()\npages/about_page.py:20: in click_login_link\n    self.click(self.LOGIN_LINK)\npages/base_page.py:60: in click\n    el: WebElement = self.wait.until(\n_ _ _ _ _ _ _ _ _ _ _ _ _ _ _ _ _ _ _ _ _ _ _ _ _ _ _ _ _ _ _ _ _ _ _ _ _ _ _ _ \n\nself = <selenium.webdriver.support.wait.WebDriverWait (session=\"246f9b39f2b058c3a62e2f1bb47f4ed1\")>\nmethod = <function element_to_be_clickable.<locals>._predicate at 0x7f01155827a0>\nmessage = ''\n\n    def until(self, method: Callable[[D], Union[Literal[False], T]], message: str = \"\") -> T:\n        \"\"\"Calls the method provided with the driver as an argument until the \\\n        return value does not evaluate to ``False``.\n    \n        :param method: callable(WebDriver)\n        :param message: optional message for :exc:`TimeoutException`\n        :returns: the result of the last call to `method`\n        :raises: :exc:`selenium.common.exceptions.TimeoutException` if timeout occurs\n        \"\"\"\n        screen = None\n        stacktrace = None\n    \n        end_time = time.monotonic() + self._timeout\n        while True:\n            try:\n                value = method(self._driver)\n                if value:\n                    return value\n            except self._ignored_exceptions as exc:\n                screen = getattr(exc, \"screen\", None)\n                stacktrace = getattr(exc, \"stacktrace\", None)\n            time.sleep(self._poll)\n            if time.monotonic() > end_time:\n                break\n>       raise TimeoutException(message, screen, stacktrace)\nE       selenium.common.exceptions.TimeoutException: Message: \nE       Stacktrace:\nE       #0 0x55f41a5de81a <unknown>\nE       #1 0x55f41a2ace50 <unknown>\nE       #2 0x55f41a2fc644 <unknown>\nE       #3 0x55f41a2fc931 <unknown>\nE       #4 0x55f41a342534 <unknown>\nE       #5 0x55f41a3214bd <unknown>\nE       #6 0x55f41a33f9c6 <unknown>\nE       #7 0x55f41a321233 <unknown>\nE       #8 0x55f41a2ef093 <unknown>\nE       #9 0x55f41a2f009e <unknown>\nE       #10 0x55f41a5a5a7b <unknown>\nE       #11 0x55f41a5a9a31 <unknown>\nE       #12 0x55f41a591645 <unknown>\nE       #13 0x55f41a5aa5a2 <unknown>\nE       #14 0x55f41a57681f <unknown>\nE       #15 0x55f41a5cd618 <unknown>\nE       #16 0x55f41a5cd7e2 <unknown>\nE       #17 0x55f41a5dd60c <unknown>\nE       #18 0x7facbc894ac3 <unknown>\n\n.venv/lib/python3.12/site-packages/selenium/webdriver/support/wait.py:105: TimeoutException","flaky":false,"newFailed":false,"newBroken":false,"newPassed":false,"retriesCount":0,"retriesStatusChange":false,"beforeStages":[{"name":"data","time":{"start":1725067446555,"stop":1725067446556,"duration":1},"status":"passed","steps":[],"attachments":[],"parameters":[],"shouldDisplayMessage":false,"stepsCount":0,"attachmentsCount":0,"hasContent":false,"attachmentStep":false},{"name":"session_request","time":{"start":1725067446555,"stop":1725067446555,"duration":0},"status":"passed","steps":[],"attachments":[],"parameters":[],"shouldDisplayMessage":false,"stepsCount":0,"attachmentsCount":0,"hasContent":false,"attachmentStep":false},{"name":"_verify_url","time":{"start":1725067446555,"stop":1725067446555,"duration":0},"status":"passed","steps":[],"attachments":[],"parameters":[],"shouldDisplayMessage":false,"stepsCount":0,"attachmentsCount":0,"hasContent":false,"attachmentStep":false},{"name":"base_url","time":{"start":1725067446555,"stop":1725067446555,"duration":0},"status":"passed","steps":[],"attachments":[],"parameters":[],"shouldDisplayMessage":false,"stepsCount":0,"attachmentsCount":0,"hasContent":false,"attachmentStep":false},{"name":"setup_method_fixture","time":{"start":1725067566976,"stop":1725067577323,"duration":10347},"status":"broken","statusMessage":"selenium.common.exceptions.TimeoutException: Message: \nStacktrace:\n#0 0x55f41a5de81a <unknown>\n#1 0x55f41a2ace50 <unknown>\n#2 0x55f41a2fc644 <unknown>\n#3 0x55f41a2fc931 <unknown>\n#4 0x55f41a342534 <unknown>\n#5 0x55f41a3214bd <unknown>\n#6 0x55f41a33f9c6 <unknown>\n#7 0x55f41a321233 <unknown>\n#8 0x55f41a2ef093 <unknown>\n#9 0x55f41a2f009e <unknown>\n#10 0x55f41a5a5a7b <unknown>\n#11 0x55f41a5a9a31 <unknown>\n#12 0x55f41a591645 <unknown>\n#13 0x55f41a5aa5a2 <unknown>\n#14 0x55f41a57681f <unknown>\n#15 0x55f41a5cd618 <unknown>\n#16 0x55f41a5cd7e2 <unknown>\n#17 0x55f41a5dd60c <unknown>\n#18 0x7facbc894ac3 <unknown>\n\n","statusTrace":"  File \"/home/runner/work/Selenium-Python-Example/Selenium-Python-Example/.venv/lib/python3.12/site-packages/pluggy/_callers.py\", line 167, in _multicall\n    teardown.throw(outcome._exception)\n  File \"/home/runner/work/Selenium-Python-Example/Selenium-Python-Example/.venv/lib/python3.12/site-packages/_pytest/setuponly.py\", line 36, in pytest_fixture_setup\n    return (yield)\n            ^^^^^\n  File \"/home/runner/work/Selenium-Python-Example/Selenium-Python-Example/.venv/lib/python3.12/site-packages/pluggy/_callers.py\", line 103, in _multicall\n    res = hook_impl.function(*args)\n          ^^^^^^^^^^^^^^^^^^^^^^^^^\n  File \"/home/runner/work/Selenium-Python-Example/Selenium-Python-Example/.venv/lib/python3.12/site-packages/_pytest/fixtures.py\", line 1139, in pytest_fixture_setup\n    result = call_fixture_func(fixturefunc, request, kwargs)\n             ^^^^^^^^^^^^^^^^^^^^^^^^^^^^^^^^^^^^^^^^^^^^^^^\n  File \"/home/runner/work/Selenium-Python-Example/Selenium-Python-Example/.venv/lib/python3.12/site-packages/_pytest/fixtures.py\", line 897, in call_fixture_func\n    fixture_result = fixturefunc(**kwargs)\n                     ^^^^^^^^^^^^^^^^^^^^^\n  File \"/home/runner/work/Selenium-Python-Example/Selenium-Python-Example/tests/workspaces_test.py\", line 25, in setup_method_fixture\n    login(self.about_page, self.login_page)\n  File \"/home/runner/work/Selenium-Python-Example/Selenium-Python-Example/tests/workspaces_test.py\", line 15, in login\n    about_page.click_login_link()\n  File \"/home/runner/work/Selenium-Python-Example/Selenium-Python-Example/.venv/lib/python3.12/site-packages/allure_commons/_allure.py\", line 192, in impl\n    return func(*a, **kw)\n           ^^^^^^^^^^^^^^\n  File \"/home/runner/work/Selenium-Python-Example/Selenium-Python-Example/pages/about_page.py\", line 20, in click_login_link\n    self.click(self.LOGIN_LINK)\n  File \"/home/runner/work/Selenium-Python-Example/Selenium-Python-Example/pages/base_page.py\", line 60, in click\n    el: WebElement = self.wait.until(\n                     ^^^^^^^^^^^^^^^^\n  File \"/home/runner/work/Selenium-Python-Example/Selenium-Python-Example/.venv/lib/python3.12/site-packages/selenium/webdriver/support/wait.py\", line 105, in until\n    raise TimeoutException(message, screen, stacktrace)\n","steps":[{"name":"Click Login link","time":{"start":1725067566977,"stop":1725067577322,"duration":10345},"status":"broken","statusMessage":"selenium.common.exceptions.TimeoutException: Message: \nStacktrace:\n#0 0x55f41a5de81a <unknown>\n#1 0x55f41a2ace50 <unknown>\n#2 0x55f41a2fc644 <unknown>\n#3 0x55f41a2fc931 <unknown>\n#4 0x55f41a342534 <unknown>\n#5 0x55f41a3214bd <unknown>\n#6 0x55f41a33f9c6 <unknown>\n#7 0x55f41a321233 <unknown>\n#8 0x55f41a2ef093 <unknown>\n#9 0x55f41a2f009e <unknown>\n#10 0x55f41a5a5a7b <unknown>\n#11 0x55f41a5a9a31 <unknown>\n#12 0x55f41a591645 <unknown>\n#13 0x55f41a5aa5a2 <unknown>\n#14 0x55f41a57681f <unknown>\n#15 0x55f41a5cd618 <unknown>\n#16 0x55f41a5cd7e2 <unknown>\n#17 0x55f41a5dd60c <unknown>\n#18 0x7facbc894ac3 <unknown>\n\n","statusTrace":"  File \"/home/runner/work/Selenium-Python-Example/Selenium-Python-Example/.venv/lib/python3.12/site-packages/allure_commons/_allure.py\", line 192, in impl\n    return func(*a, **kw)\n           ^^^^^^^^^^^^^^\n  File \"/home/runner/work/Selenium-Python-Example/Selenium-Python-Example/pages/about_page.py\", line 20, in click_login_link\n    self.click(self.LOGIN_LINK)\n  File \"/home/runner/work/Selenium-Python-Example/Selenium-Python-Example/pages/base_page.py\", line 60, in click\n    el: WebElement = self.wait.until(\n                     ^^^^^^^^^^^^^^^^\n  File \"/home/runner/work/Selenium-Python-Example/Selenium-Python-Example/.venv/lib/python3.12/site-packages/selenium/webdriver/support/wait.py\", line 105, in until\n    raise TimeoutException(message, screen, stacktrace)\n","steps":[],"attachments":[],"parameters":[],"shouldDisplayMessage":true,"stepsCount":0,"attachmentsCount":0,"hasContent":true,"attachmentStep":false}],"attachments":[],"parameters":[],"shouldDisplayMessage":false,"stepsCount":1,"attachmentsCount":0,"hasContent":true,"attachmentStep":false}],"testStage":{"description":"Search for a non existing project","status":"broken","statusMessage":"selenium.common.exceptions.TimeoutException: Message: \nStacktrace:\n#0 0x55f41a5de81a <unknown>\n#1 0x55f41a2ace50 <unknown>\n#2 0x55f41a2fc644 <unknown>\n#3 0x55f41a2fc931 <unknown>\n#4 0x55f41a342534 <unknown>\n#5 0x55f41a3214bd <unknown>\n#6 0x55f41a33f9c6 <unknown>\n#7 0x55f41a321233 <unknown>\n#8 0x55f41a2ef093 <unknown>\n#9 0x55f41a2f009e <unknown>\n#10 0x55f41a5a5a7b <unknown>\n#11 0x55f41a5a9a31 <unknown>\n#12 0x55f41a591645 <unknown>\n#13 0x55f41a5aa5a2 <unknown>\n#14 0x55f41a57681f <unknown>\n#15 0x55f41a5cd618 <unknown>\n#16 0x55f41a5cd7e2 <unknown>\n#17 0x55f41a5dd60c <unknown>\n#18 0x7facbc894ac3 <unknown>","statusTrace":"self = <tests.workspaces_test.TestWorkspaces object at 0x7f0115fce6c0>\n\n    @pytest.fixture(autouse=True)\n    def setup_method_fixture(self):\n>       login(self.about_page, self.login_page)\n\ntests/workspaces_test.py:25: \n_ _ _ _ _ _ _ _ _ _ _ _ _ _ _ _ _ _ _ _ _ _ _ _ _ _ _ _ _ _ _ _ _ _ _ _ _ _ _ _ \ntests/workspaces_test.py:15: in login\n    about_page.click_login_link()\npages/about_page.py:20: in click_login_link\n    self.click(self.LOGIN_LINK)\npages/base_page.py:60: in click\n    el: WebElement = self.wait.until(\n_ _ _ _ _ _ _ _ _ _ _ _ _ _ _ _ _ _ _ _ _ _ _ _ _ _ _ _ _ _ _ _ _ _ _ _ _ _ _ _ \n\nself = <selenium.webdriver.support.wait.WebDriverWait (session=\"246f9b39f2b058c3a62e2f1bb47f4ed1\")>\nmethod = <function element_to_be_clickable.<locals>._predicate at 0x7f01155827a0>\nmessage = ''\n\n    def until(self, method: Callable[[D], Union[Literal[False], T]], message: str = \"\") -> T:\n        \"\"\"Calls the method provided with the driver as an argument until the \\\n        return value does not evaluate to ``False``.\n    \n        :param method: callable(WebDriver)\n        :param message: optional message for :exc:`TimeoutException`\n        :returns: the result of the last call to `method`\n        :raises: :exc:`selenium.common.exceptions.TimeoutException` if timeout occurs\n        \"\"\"\n        screen = None\n        stacktrace = None\n    \n        end_time = time.monotonic() + self._timeout\n        while True:\n            try:\n                value = method(self._driver)\n                if value:\n                    return value\n            except self._ignored_exceptions as exc:\n                screen = getattr(exc, \"screen\", None)\n                stacktrace = getattr(exc, \"stacktrace\", None)\n            time.sleep(self._poll)\n            if time.monotonic() > end_time:\n                break\n>       raise TimeoutException(message, screen, stacktrace)\nE       selenium.common.exceptions.TimeoutException: Message: \nE       Stacktrace:\nE       #0 0x55f41a5de81a <unknown>\nE       #1 0x55f41a2ace50 <unknown>\nE       #2 0x55f41a2fc644 <unknown>\nE       #3 0x55f41a2fc931 <unknown>\nE       #4 0x55f41a342534 <unknown>\nE       #5 0x55f41a3214bd <unknown>\nE       #6 0x55f41a33f9c6 <unknown>\nE       #7 0x55f41a321233 <unknown>\nE       #8 0x55f41a2ef093 <unknown>\nE       #9 0x55f41a2f009e <unknown>\nE       #10 0x55f41a5a5a7b <unknown>\nE       #11 0x55f41a5a9a31 <unknown>\nE       #12 0x55f41a591645 <unknown>\nE       #13 0x55f41a5aa5a2 <unknown>\nE       #14 0x55f41a57681f <unknown>\nE       #15 0x55f41a5cd618 <unknown>\nE       #16 0x55f41a5cd7e2 <unknown>\nE       #17 0x55f41a5dd60c <unknown>\nE       #18 0x7facbc894ac3 <unknown>\n\n.venv/lib/python3.12/site-packages/selenium/webdriver/support/wait.py:105: TimeoutException","steps":[{"name":"public ip address","time":{"start":1725067577336,"stop":1725067577350,"duration":14},"status":"passed","steps":[],"attachments":[{"uid":"b7d8b50b7a354eb4","name":"HTTP logs of http://checkip.amazonaws.com/","source":"b7d8b50b7a354eb4.txt","type":"text/plain","size":359}],"parameters":[],"shouldDisplayMessage":false,"stepsCount":0,"attachmentsCount":1,"hasContent":true,"attachmentStep":false}],"attachments":[{"uid":"c83ba40f71b0fb5","name":"Cookies","source":"c83ba40f71b0fb5.json","type":"application/json","size":3584},{"uid":"baa04532d1cb196b","name":"Session Storage","source":"baa04532d1cb196b.json","type":"application/json","size":359},{"uid":"4c142c19a434b439","name":"Local Storage","source":"4c142c19a434b439.json","type":"application/json","size":350},{"uid":"5e38da7c928db907","name":"Console Logs","source":"5e38da7c928db907.json","type":"application/json","size":236},{"uid":"75045b973df8c482","name":"Full Page Screenshot","source":"75045b973df8c482.png","type":"image/png","size":4647485},{"uid":"50d1ab7c02d894fd","name":"URL","source":"50d1ab7c02d894fd.uri","type":"text/uri-list","size":23},{"uid":"40a927e56ef433f7","name":"Network Logs","source":"40a927e56ef433f7.json","type":"application/json","size":66566}],"parameters":[],"shouldDisplayMessage":true,"stepsCount":1,"attachmentsCount":8,"hasContent":true,"attachmentStep":false},"afterStages":[{"name":"session_request::0","time":{"start":1725067609947,"stop":1725067609947,"duration":0},"status":"passed","steps":[],"attachments":[],"parameters":[],"shouldDisplayMessage":false,"stepsCount":0,"attachmentsCount":0,"hasContent":false,"attachmentStep":false}],"labels":[{"name":"story","value":"WorkSpaces Creation and Editing Functionality"},{"name":"severity","value":"normal"},{"name":"epic","value":"Workspaces"},{"name":"tag","value":"run(order=7)"},{"name":"parentSuite","value":"tests"},{"name":"suite","value":"workspaces_test"},{"name":"subSuite","value":"TestWorkspaces"},{"name":"host","value":"fv-az738-771"},{"name":"thread","value":"1943-MainThread"},{"name":"framework","value":"pytest"},{"name":"language","value":"cpython3"},{"name":"package","value":"tests.workspaces_test"},{"name":"resultFormat","value":"allure2"}],"parameters":[],"links":[],"hidden":false,"retry":false,"extra":{"severity":"normal","retries":[],"categories":[{"name":"Test defects","matchedStatuses":[],"flaky":false}],"tags":["run(order=7)"]},"source":"57d73198f1bec6f1.json","parameterValues":[]}