{"uid":"6f0450be998b5ec9","name":"Search for non existing project","fullName":"tests.workspaces_test.TestWorkspaces#test_search_for_non_existing_project","historyId":"ed697c69c4643fc2c746342bc96c6608","time":{"start":1707873047158,"stop":1707873047158,"duration":0},"description":"Search for a non existing project","descriptionHtml":"<p>Search for a non existing project</p>\n","status":"broken","statusMessage":"selenium.common.exceptions.TimeoutException: Message: \nStacktrace:\n#0 0x55cff753ed93 <unknown>\n#1 0x55cff7222337 <unknown>\n#2 0x55cff726dd60 <unknown>\n#3 0x55cff726de51 <unknown>\n#4 0x55cff72b1bc4 <unknown>\n#5 0x55cff729046d <unknown>\n#6 0x55cff72af12d <unknown>\n#7 0x55cff72901e3 <unknown>\n#8 0x55cff7260135 <unknown>\n#9 0x55cff726113e <unknown>\n#10 0x55cff7502e4b <unknown>\n#11 0x55cff7506dfa <unknown>\n#12 0x55cff74ef6d5 <unknown>\n#13 0x55cff7507a6f <unknown>\n#14 0x55cff74d369f <unknown>\n#15 0x55cff752c098 <unknown>\n#16 0x55cff752c262 <unknown>\n#17 0x55cff753df34 <unknown>\n#18 0x7f42fd294ac3 <unknown>","statusTrace":"self = <tests.workspaces_test.TestWorkspaces object at 0x7f7e7e4613d0>\n\n    @pytest.fixture(autouse=True)\n    def setup_method_fixture(self):\n>       login(self.about_page, self.login_page)\n\ntests/workspaces_test.py:25: \n_ _ _ _ _ _ _ _ _ _ _ _ _ _ _ _ _ _ _ _ _ _ _ _ _ _ _ _ _ _ _ _ _ _ _ _ _ _ _ _ \ntests/workspaces_test.py:15: in login\n    about_page.click_login_link()\npages/about_page.py:20: in click_login_link\n    self.click(self.LOGIN_LINK)\npages/base_page.py:60: in click\n    el: WebElement = self.wait.until(\n_ _ _ _ _ _ _ _ _ _ _ _ _ _ _ _ _ _ _ _ _ _ _ _ _ _ _ _ _ _ _ _ _ _ _ _ _ _ _ _ \n\nself = <selenium.webdriver.support.wait.WebDriverWait (session=\"6b8177afd6e42548c67788458db12250\")>\nmethod = <function element_to_be_clickable.<locals>._predicate at 0x7f7e7d9a85e0>\nmessage = ''\n\n    def until(self, method: Callable[[D], Union[Literal[False], T]], message: str = \"\") -> T:\n        \"\"\"Calls the method provided with the driver as an argument until the \\\n        return value does not evaluate to ``False``.\n    \n        :param method: callable(WebDriver)\n        :param message: optional message for :exc:`TimeoutException`\n        :returns: the result of the last call to `method`\n        :raises: :exc:`selenium.common.exceptions.TimeoutException` if timeout occurs\n        \"\"\"\n        screen = None\n        stacktrace = None\n    \n        end_time = time.monotonic() + self._timeout\n        while True:\n            try:\n                value = method(self._driver)\n                if value:\n                    return value\n            except self._ignored_exceptions as exc:\n                screen = getattr(exc, \"screen\", None)\n                stacktrace = getattr(exc, \"stacktrace\", None)\n            time.sleep(self._poll)\n            if time.monotonic() > end_time:\n                break\n>       raise TimeoutException(message, screen, stacktrace)\nE       selenium.common.exceptions.TimeoutException: Message: \nE       Stacktrace:\nE       #0 0x55cff753ed93 <unknown>\nE       #1 0x55cff7222337 <unknown>\nE       #2 0x55cff726dd60 <unknown>\nE       #3 0x55cff726de51 <unknown>\nE       #4 0x55cff72b1bc4 <unknown>\nE       #5 0x55cff729046d <unknown>\nE       #6 0x55cff72af12d <unknown>\nE       #7 0x55cff72901e3 <unknown>\nE       #8 0x55cff7260135 <unknown>\nE       #9 0x55cff726113e <unknown>\nE       #10 0x55cff7502e4b <unknown>\nE       #11 0x55cff7506dfa <unknown>\nE       #12 0x55cff74ef6d5 <unknown>\nE       #13 0x55cff7507a6f <unknown>\nE       #14 0x55cff74d369f <unknown>\nE       #15 0x55cff752c098 <unknown>\nE       #16 0x55cff752c262 <unknown>\nE       #17 0x55cff753df34 <unknown>\nE       #18 0x7f42fd294ac3 <unknown>\n\n.venv/lib/python3.12/site-packages/selenium/webdriver/support/wait.py:105: TimeoutException","flaky":false,"newFailed":false,"newBroken":false,"newPassed":false,"retriesCount":0,"retriesStatusChange":false,"beforeStages":[{"name":"base_url","time":{"start":1707872919408,"stop":1707872919408,"duration":0},"status":"passed","steps":[],"attachments":[],"parameters":[],"shouldDisplayMessage":false,"stepsCount":0,"attachmentsCount":0,"hasContent":false,"attachmentStep":false},{"name":"data","time":{"start":1707872919408,"stop":1707872919409,"duration":1},"status":"passed","steps":[],"attachments":[],"parameters":[],"shouldDisplayMessage":false,"stepsCount":0,"attachmentsCount":0,"hasContent":false,"attachmentStep":false},{"name":"_verify_url","time":{"start":1707872919408,"stop":1707872919408,"duration":0},"status":"passed","steps":[],"attachments":[],"parameters":[],"shouldDisplayMessage":false,"stepsCount":0,"attachmentsCount":0,"hasContent":false,"attachmentStep":false},{"name":"setup_method_fixture","time":{"start":1707873048948,"stop":1707873059177,"duration":10229},"status":"broken","statusMessage":"selenium.common.exceptions.TimeoutException: Message: \nStacktrace:\n#0 0x55cff753ed93 <unknown>\n#1 0x55cff7222337 <unknown>\n#2 0x55cff726dd60 <unknown>\n#3 0x55cff726de51 <unknown>\n#4 0x55cff72b1bc4 <unknown>\n#5 0x55cff729046d <unknown>\n#6 0x55cff72af12d <unknown>\n#7 0x55cff72901e3 <unknown>\n#8 0x55cff7260135 <unknown>\n#9 0x55cff726113e <unknown>\n#10 0x55cff7502e4b <unknown>\n#11 0x55cff7506dfa <unknown>\n#12 0x55cff74ef6d5 <unknown>\n#13 0x55cff7507a6f <unknown>\n#14 0x55cff74d369f <unknown>\n#15 0x55cff752c098 <unknown>\n#16 0x55cff752c262 <unknown>\n#17 0x55cff753df34 <unknown>\n#18 0x7f42fd294ac3 <unknown>\n\n","statusTrace":"  File \"/home/runner/work/Selenium-Python-Example/Selenium-Python-Example/.venv/lib/python3.12/site-packages/pluggy/_callers.py\", line 137, in _multicall\n    teardown.throw(outcome._exception)\n  File \"/home/runner/work/Selenium-Python-Example/Selenium-Python-Example/.venv/lib/python3.12/site-packages/_pytest/setuponly.py\", line 36, in pytest_fixture_setup\n    return (yield)\n            ^^^^^\n  File \"/home/runner/work/Selenium-Python-Example/Selenium-Python-Example/.venv/lib/python3.12/site-packages/pluggy/_callers.py\", line 77, in _multicall\n    res = hook_impl.function(*args)\n          ^^^^^^^^^^^^^^^^^^^^^^^^^\n  File \"/home/runner/work/Selenium-Python-Example/Selenium-Python-Example/.venv/lib/python3.12/site-packages/_pytest/fixtures.py\", line 1149, in pytest_fixture_setup\n    result = call_fixture_func(fixturefunc, request, kwargs)\n             ^^^^^^^^^^^^^^^^^^^^^^^^^^^^^^^^^^^^^^^^^^^^^^^\n  File \"/home/runner/work/Selenium-Python-Example/Selenium-Python-Example/.venv/lib/python3.12/site-packages/_pytest/fixtures.py\", line 923, in call_fixture_func\n    fixture_result = fixturefunc(**kwargs)\n                     ^^^^^^^^^^^^^^^^^^^^^\n  File \"/home/runner/work/Selenium-Python-Example/Selenium-Python-Example/tests/workspaces_test.py\", line 25, in setup_method_fixture\n    login(self.about_page, self.login_page)\n  File \"/home/runner/work/Selenium-Python-Example/Selenium-Python-Example/tests/workspaces_test.py\", line 15, in login\n    about_page.click_login_link()\n  File \"/home/runner/work/Selenium-Python-Example/Selenium-Python-Example/.venv/lib/python3.12/site-packages/allure_commons/_allure.py\", line 192, in impl\n    return func(*a, **kw)\n           ^^^^^^^^^^^^^^\n  File \"/home/runner/work/Selenium-Python-Example/Selenium-Python-Example/pages/about_page.py\", line 20, in click_login_link\n    self.click(self.LOGIN_LINK)\n  File \"/home/runner/work/Selenium-Python-Example/Selenium-Python-Example/pages/base_page.py\", line 60, in click\n    el: WebElement = self.wait.until(\n                     ^^^^^^^^^^^^^^^^\n  File \"/home/runner/work/Selenium-Python-Example/Selenium-Python-Example/.venv/lib/python3.12/site-packages/selenium/webdriver/support/wait.py\", line 105, in until\n    raise TimeoutException(message, screen, stacktrace)\n","steps":[{"name":"Click Login link","time":{"start":1707873048948,"stop":1707873059177,"duration":10229},"status":"broken","statusMessage":"selenium.common.exceptions.TimeoutException: Message: \nStacktrace:\n#0 0x55cff753ed93 <unknown>\n#1 0x55cff7222337 <unknown>\n#2 0x55cff726dd60 <unknown>\n#3 0x55cff726de51 <unknown>\n#4 0x55cff72b1bc4 <unknown>\n#5 0x55cff729046d <unknown>\n#6 0x55cff72af12d <unknown>\n#7 0x55cff72901e3 <unknown>\n#8 0x55cff7260135 <unknown>\n#9 0x55cff726113e <unknown>\n#10 0x55cff7502e4b <unknown>\n#11 0x55cff7506dfa <unknown>\n#12 0x55cff74ef6d5 <unknown>\n#13 0x55cff7507a6f <unknown>\n#14 0x55cff74d369f <unknown>\n#15 0x55cff752c098 <unknown>\n#16 0x55cff752c262 <unknown>\n#17 0x55cff753df34 <unknown>\n#18 0x7f42fd294ac3 <unknown>\n\n","statusTrace":"  File \"/home/runner/work/Selenium-Python-Example/Selenium-Python-Example/.venv/lib/python3.12/site-packages/allure_commons/_allure.py\", line 192, in impl\n    return func(*a, **kw)\n           ^^^^^^^^^^^^^^\n  File \"/home/runner/work/Selenium-Python-Example/Selenium-Python-Example/pages/about_page.py\", line 20, in click_login_link\n    self.click(self.LOGIN_LINK)\n  File \"/home/runner/work/Selenium-Python-Example/Selenium-Python-Example/pages/base_page.py\", line 60, in click\n    el: WebElement = self.wait.until(\n                     ^^^^^^^^^^^^^^^^\n  File \"/home/runner/work/Selenium-Python-Example/Selenium-Python-Example/.venv/lib/python3.12/site-packages/selenium/webdriver/support/wait.py\", line 105, in until\n    raise TimeoutException(message, screen, stacktrace)\n","steps":[],"attachments":[],"parameters":[],"shouldDisplayMessage":true,"stepsCount":0,"attachmentsCount":0,"hasContent":true,"attachmentStep":false}],"attachments":[],"parameters":[],"shouldDisplayMessage":false,"stepsCount":1,"attachmentsCount":0,"hasContent":true,"attachmentStep":false}],"testStage":{"description":"Search for a non existing project","status":"broken","statusMessage":"selenium.common.exceptions.TimeoutException: Message: \nStacktrace:\n#0 0x55cff753ed93 <unknown>\n#1 0x55cff7222337 <unknown>\n#2 0x55cff726dd60 <unknown>\n#3 0x55cff726de51 <unknown>\n#4 0x55cff72b1bc4 <unknown>\n#5 0x55cff729046d <unknown>\n#6 0x55cff72af12d <unknown>\n#7 0x55cff72901e3 <unknown>\n#8 0x55cff7260135 <unknown>\n#9 0x55cff726113e <unknown>\n#10 0x55cff7502e4b <unknown>\n#11 0x55cff7506dfa <unknown>\n#12 0x55cff74ef6d5 <unknown>\n#13 0x55cff7507a6f <unknown>\n#14 0x55cff74d369f <unknown>\n#15 0x55cff752c098 <unknown>\n#16 0x55cff752c262 <unknown>\n#17 0x55cff753df34 <unknown>\n#18 0x7f42fd294ac3 <unknown>","statusTrace":"self = <tests.workspaces_test.TestWorkspaces object at 0x7f7e7e4613d0>\n\n    @pytest.fixture(autouse=True)\n    def setup_method_fixture(self):\n>       login(self.about_page, self.login_page)\n\ntests/workspaces_test.py:25: \n_ _ _ _ _ _ _ _ _ _ _ _ _ _ _ _ _ _ _ _ _ _ _ _ _ _ _ _ _ _ _ _ _ _ _ _ _ _ _ _ \ntests/workspaces_test.py:15: in login\n    about_page.click_login_link()\npages/about_page.py:20: in click_login_link\n    self.click(self.LOGIN_LINK)\npages/base_page.py:60: in click\n    el: WebElement = self.wait.until(\n_ _ _ _ _ _ _ _ _ _ _ _ _ _ _ _ _ _ _ _ _ _ _ _ _ _ _ _ _ _ _ _ _ _ _ _ _ _ _ _ \n\nself = <selenium.webdriver.support.wait.WebDriverWait (session=\"6b8177afd6e42548c67788458db12250\")>\nmethod = <function element_to_be_clickable.<locals>._predicate at 0x7f7e7d9a85e0>\nmessage = ''\n\n    def until(self, method: Callable[[D], Union[Literal[False], T]], message: str = \"\") -> T:\n        \"\"\"Calls the method provided with the driver as an argument until the \\\n        return value does not evaluate to ``False``.\n    \n        :param method: callable(WebDriver)\n        :param message: optional message for :exc:`TimeoutException`\n        :returns: the result of the last call to `method`\n        :raises: :exc:`selenium.common.exceptions.TimeoutException` if timeout occurs\n        \"\"\"\n        screen = None\n        stacktrace = None\n    \n        end_time = time.monotonic() + self._timeout\n        while True:\n            try:\n                value = method(self._driver)\n                if value:\n                    return value\n            except self._ignored_exceptions as exc:\n                screen = getattr(exc, \"screen\", None)\n                stacktrace = getattr(exc, \"stacktrace\", None)\n            time.sleep(self._poll)\n            if time.monotonic() > end_time:\n                break\n>       raise TimeoutException(message, screen, stacktrace)\nE       selenium.common.exceptions.TimeoutException: Message: \nE       Stacktrace:\nE       #0 0x55cff753ed93 <unknown>\nE       #1 0x55cff7222337 <unknown>\nE       #2 0x55cff726dd60 <unknown>\nE       #3 0x55cff726de51 <unknown>\nE       #4 0x55cff72b1bc4 <unknown>\nE       #5 0x55cff729046d <unknown>\nE       #6 0x55cff72af12d <unknown>\nE       #7 0x55cff72901e3 <unknown>\nE       #8 0x55cff7260135 <unknown>\nE       #9 0x55cff726113e <unknown>\nE       #10 0x55cff7502e4b <unknown>\nE       #11 0x55cff7506dfa <unknown>\nE       #12 0x55cff74ef6d5 <unknown>\nE       #13 0x55cff7507a6f <unknown>\nE       #14 0x55cff74d369f <unknown>\nE       #15 0x55cff752c098 <unknown>\nE       #16 0x55cff752c262 <unknown>\nE       #17 0x55cff753df34 <unknown>\nE       #18 0x7f42fd294ac3 <unknown>\n\n.venv/lib/python3.12/site-packages/selenium/webdriver/support/wait.py:105: TimeoutException","steps":[],"attachments":[{"uid":"564c874ef5073c58","name":"public ip address","source":"564c874ef5073c58.txt","type":"text/plain","size":13},{"uid":"ae6e103d51d42ed8","name":"Cookies","source":"ae6e103d51d42ed8.json","type":"application/json","size":3871},{"uid":"a147eb150b2f1cc5","name":"Session Storage","source":"a147eb150b2f1cc5.json","type":"application/json","size":359},{"uid":"c2317f164741b8bd","name":"Local Storage","source":"c2317f164741b8bd.json","type":"application/json","size":208},{"uid":"66894bc5b3cd8a45","name":"Console Logs","source":"66894bc5b3cd8a45.json","type":"application/json","size":1521},{"uid":"c48bf12537f7c831","name":"Full Page Screenshot","source":"c48bf12537f7c831.png","type":"image/png","size":5704608},{"uid":"7dbbcd5242b8c9a8","name":"URL","source":"7dbbcd5242b8c9a8.uri","type":"text/uri-list","size":23},{"uid":"bbf355ed3659de49","name":"Network Logs","source":"bbf355ed3659de49.json","type":"application/json","size":23091}],"parameters":[],"shouldDisplayMessage":true,"stepsCount":0,"attachmentsCount":8,"hasContent":true,"attachmentStep":false},"afterStages":[],"labels":[{"name":"epic","value":"Workspaces"},{"name":"story","value":"WorkSpaces Creation and Editing Functionality"},{"name":"severity","value":"normal"},{"name":"tag","value":"run(order=7)"},{"name":"parentSuite","value":"tests"},{"name":"suite","value":"workspaces_test"},{"name":"subSuite","value":"TestWorkspaces"},{"name":"host","value":"fv-az1251-410"},{"name":"thread","value":"2415-MainThread"},{"name":"framework","value":"pytest"},{"name":"language","value":"cpython3"},{"name":"package","value":"tests.workspaces_test"},{"name":"resultFormat","value":"allure2"}],"parameters":[],"links":[],"hidden":false,"retry":false,"extra":{"severity":"normal","retries":[],"categories":[{"name":"Test defects","matchedStatuses":[],"flaky":false}],"tags":["run(order=7)"]},"source":"6f0450be998b5ec9.json","parameterValues":[]}