{"uid":"ae68950dcae4e43e","name":"Rename an existing workspace test","fullName":"tests.workspaces_test.TestWorkspaces#test_rename_workspace","historyId":"cd63adf5d11191c5904362b968c9e131","time":{"start":1732239750348,"stop":1732239750348,"duration":0},"description":"Rename an existing workspace","descriptionHtml":"<p>Rename an existing workspace</p>\n","status":"broken","statusMessage":"selenium.common.exceptions.TimeoutException: Message: \nStacktrace:\n#0 0x55e1664534ca <unknown>\n#1 0x55e165f66620 <unknown>\n#2 0x55e165fb5306 <unknown>\n#3 0x55e165fb55a1 <unknown>\n#4 0x55e165ffaa04 <unknown>\n#5 0x55e165fd939d <unknown>\n#6 0x55e165ff7de0 <unknown>\n#7 0x55e165fd9113 <unknown>\n#8 0x55e165fa7be0 <unknown>\n#9 0x55e165fa8bbe <unknown>\n#10 0x55e16641fe4b <unknown>\n#11 0x55e166423de2 <unknown>\n#12 0x55e16640cd2c <unknown>\n#13 0x55e166424957 <unknown>\n#14 0x55e1663f24bf <unknown>\n#15 0x55e166442348 <unknown>\n#16 0x55e166442510 <unknown>\n#17 0x55e166452346 <unknown>\n#18 0x7ff0f6494ac3 <unknown>","statusTrace":"self = <tests.workspaces_test.TestWorkspaces object at 0x7fecf2695b20>\n\n    @pytest.fixture(autouse=True)\n    def setup_method_fixture(self):\n>       login(self.about_page, self.login_page)\n\ntests/workspaces_test.py:25: \n_ _ _ _ _ _ _ _ _ _ _ _ _ _ _ _ _ _ _ _ _ _ _ _ _ _ _ _ _ _ _ _ _ _ _ _ _ _ _ _ \ntests/workspaces_test.py:15: in login\n    about_page.click_login_link()\npages/about_page.py:20: in click_login_link\n    self.click(self.LOGIN_LINK)\npages/base_page.py:60: in click\n    el: WebElement = self.wait.until(\n_ _ _ _ _ _ _ _ _ _ _ _ _ _ _ _ _ _ _ _ _ _ _ _ _ _ _ _ _ _ _ _ _ _ _ _ _ _ _ _ \n\nself = <selenium.webdriver.support.wait.WebDriverWait (session=\"73797d4b2887baca9c63ccb66b50476e\")>\nmethod = <function element_to_be_clickable.<locals>._predicate at 0x7fecf23af1a0>\nmessage = ''\n\n    def until(self, method: Callable[[D], Union[Literal[False], T]], message: str = \"\") -> T:\n        \"\"\"Calls the method provided with the driver as an argument until the \\\n        return value does not evaluate to ``False``.\n    \n        :param method: callable(WebDriver)\n        :param message: optional message for :exc:`TimeoutException`\n        :returns: the result of the last call to `method`\n        :raises: :exc:`selenium.common.exceptions.TimeoutException` if timeout occurs\n        \"\"\"\n        screen = None\n        stacktrace = None\n    \n        end_time = time.monotonic() + self._timeout\n        while True:\n            try:\n                value = method(self._driver)\n                if value:\n                    return value\n            except self._ignored_exceptions as exc:\n                screen = getattr(exc, \"screen\", None)\n                stacktrace = getattr(exc, \"stacktrace\", None)\n            if time.monotonic() > end_time:\n                break\n            time.sleep(self._poll)\n>       raise TimeoutException(message, screen, stacktrace)\nE       selenium.common.exceptions.TimeoutException: Message: \nE       Stacktrace:\nE       #0 0x55e1664534ca <unknown>\nE       #1 0x55e165f66620 <unknown>\nE       #2 0x55e165fb5306 <unknown>\nE       #3 0x55e165fb55a1 <unknown>\nE       #4 0x55e165ffaa04 <unknown>\nE       #5 0x55e165fd939d <unknown>\nE       #6 0x55e165ff7de0 <unknown>\nE       #7 0x55e165fd9113 <unknown>\nE       #8 0x55e165fa7be0 <unknown>\nE       #9 0x55e165fa8bbe <unknown>\nE       #10 0x55e16641fe4b <unknown>\nE       #11 0x55e166423de2 <unknown>\nE       #12 0x55e16640cd2c <unknown>\nE       #13 0x55e166424957 <unknown>\nE       #14 0x55e1663f24bf <unknown>\nE       #15 0x55e166442348 <unknown>\nE       #16 0x55e166442510 <unknown>\nE       #17 0x55e166452346 <unknown>\nE       #18 0x7ff0f6494ac3 <unknown>\n\n.venv/lib/python3.12/site-packages/selenium/webdriver/support/wait.py:105: TimeoutException","flaky":false,"newFailed":false,"newBroken":false,"newPassed":false,"retriesCount":0,"retriesStatusChange":false,"beforeStages":[{"name":"base_url","time":{"start":1732239737065,"stop":1732239737065,"duration":0},"status":"passed","steps":[],"attachments":[],"parameters":[],"shouldDisplayMessage":false,"stepsCount":0,"attachmentsCount":0,"hasContent":false,"attachmentStep":false},{"name":"session_request","time":{"start":1732239737065,"stop":1732239737066,"duration":1},"status":"passed","steps":[],"attachments":[],"parameters":[],"shouldDisplayMessage":false,"stepsCount":0,"attachmentsCount":0,"hasContent":false,"attachmentStep":false},{"name":"_verify_url","time":{"start":1732239737065,"stop":1732239737065,"duration":0},"status":"passed","steps":[],"attachments":[],"parameters":[],"shouldDisplayMessage":false,"stepsCount":0,"attachmentsCount":0,"hasContent":false,"attachmentStep":false},{"name":"data","time":{"start":1732239737066,"stop":1732239737066,"duration":0},"status":"passed","steps":[],"attachments":[],"parameters":[],"shouldDisplayMessage":false,"stepsCount":0,"attachmentsCount":0,"hasContent":false,"attachmentStep":false},{"name":"setup_method_fixture","time":{"start":1732239752593,"stop":1732239762892,"duration":10299},"status":"broken","statusMessage":"selenium.common.exceptions.TimeoutException: Message: \nStacktrace:\n#0 0x55e1664534ca <unknown>\n#1 0x55e165f66620 <unknown>\n#2 0x55e165fb5306 <unknown>\n#3 0x55e165fb55a1 <unknown>\n#4 0x55e165ffaa04 <unknown>\n#5 0x55e165fd939d <unknown>\n#6 0x55e165ff7de0 <unknown>\n#7 0x55e165fd9113 <unknown>\n#8 0x55e165fa7be0 <unknown>\n#9 0x55e165fa8bbe <unknown>\n#10 0x55e16641fe4b <unknown>\n#11 0x55e166423de2 <unknown>\n#12 0x55e16640cd2c <unknown>\n#13 0x55e166424957 <unknown>\n#14 0x55e1663f24bf <unknown>\n#15 0x55e166442348 <unknown>\n#16 0x55e166442510 <unknown>\n#17 0x55e166452346 <unknown>\n#18 0x7ff0f6494ac3 <unknown>\n\n","statusTrace":"  File \"/home/runner/work/Selenium-Python-Example/Selenium-Python-Example/.venv/lib/python3.12/site-packages/pluggy/_callers.py\", line 167, in _multicall\n    teardown.throw(outcome._exception)\n  File \"/home/runner/work/Selenium-Python-Example/Selenium-Python-Example/.venv/lib/python3.12/site-packages/_pytest/setuponly.py\", line 36, in pytest_fixture_setup\n    return (yield)\n            ^^^^^\n  File \"/home/runner/work/Selenium-Python-Example/Selenium-Python-Example/.venv/lib/python3.12/site-packages/pluggy/_callers.py\", line 103, in _multicall\n    res = hook_impl.function(*args)\n          ^^^^^^^^^^^^^^^^^^^^^^^^^\n  File \"/home/runner/work/Selenium-Python-Example/Selenium-Python-Example/.venv/lib/python3.12/site-packages/_pytest/fixtures.py\", line 1140, in pytest_fixture_setup\n    result = call_fixture_func(fixturefunc, request, kwargs)\n             ^^^^^^^^^^^^^^^^^^^^^^^^^^^^^^^^^^^^^^^^^^^^^^^\n  File \"/home/runner/work/Selenium-Python-Example/Selenium-Python-Example/.venv/lib/python3.12/site-packages/_pytest/fixtures.py\", line 898, in call_fixture_func\n    fixture_result = fixturefunc(**kwargs)\n                     ^^^^^^^^^^^^^^^^^^^^^\n  File \"/home/runner/work/Selenium-Python-Example/Selenium-Python-Example/tests/workspaces_test.py\", line 25, in setup_method_fixture\n    login(self.about_page, self.login_page)\n  File \"/home/runner/work/Selenium-Python-Example/Selenium-Python-Example/tests/workspaces_test.py\", line 15, in login\n    about_page.click_login_link()\n  File \"/home/runner/work/Selenium-Python-Example/Selenium-Python-Example/.venv/lib/python3.12/site-packages/allure_commons/_allure.py\", line 192, in impl\n    return func(*a, **kw)\n           ^^^^^^^^^^^^^^\n  File \"/home/runner/work/Selenium-Python-Example/Selenium-Python-Example/pages/about_page.py\", line 20, in click_login_link\n    self.click(self.LOGIN_LINK)\n  File \"/home/runner/work/Selenium-Python-Example/Selenium-Python-Example/pages/base_page.py\", line 60, in click\n    el: WebElement = self.wait.until(\n                     ^^^^^^^^^^^^^^^^\n  File \"/home/runner/work/Selenium-Python-Example/Selenium-Python-Example/.venv/lib/python3.12/site-packages/selenium/webdriver/support/wait.py\", line 105, in until\n    raise TimeoutException(message, screen, stacktrace)\n","steps":[{"name":"Click Login link","time":{"start":1732239752594,"stop":1732239762891,"duration":10297},"status":"broken","statusMessage":"selenium.common.exceptions.TimeoutException: Message: \nStacktrace:\n#0 0x55e1664534ca <unknown>\n#1 0x55e165f66620 <unknown>\n#2 0x55e165fb5306 <unknown>\n#3 0x55e165fb55a1 <unknown>\n#4 0x55e165ffaa04 <unknown>\n#5 0x55e165fd939d <unknown>\n#6 0x55e165ff7de0 <unknown>\n#7 0x55e165fd9113 <unknown>\n#8 0x55e165fa7be0 <unknown>\n#9 0x55e165fa8bbe <unknown>\n#10 0x55e16641fe4b <unknown>\n#11 0x55e166423de2 <unknown>\n#12 0x55e16640cd2c <unknown>\n#13 0x55e166424957 <unknown>\n#14 0x55e1663f24bf <unknown>\n#15 0x55e166442348 <unknown>\n#16 0x55e166442510 <unknown>\n#17 0x55e166452346 <unknown>\n#18 0x7ff0f6494ac3 <unknown>\n\n","statusTrace":"  File \"/home/runner/work/Selenium-Python-Example/Selenium-Python-Example/.venv/lib/python3.12/site-packages/allure_commons/_allure.py\", line 192, in impl\n    return func(*a, **kw)\n           ^^^^^^^^^^^^^^\n  File \"/home/runner/work/Selenium-Python-Example/Selenium-Python-Example/pages/about_page.py\", line 20, in click_login_link\n    self.click(self.LOGIN_LINK)\n  File \"/home/runner/work/Selenium-Python-Example/Selenium-Python-Example/pages/base_page.py\", line 60, in click\n    el: WebElement = self.wait.until(\n                     ^^^^^^^^^^^^^^^^\n  File \"/home/runner/work/Selenium-Python-Example/Selenium-Python-Example/.venv/lib/python3.12/site-packages/selenium/webdriver/support/wait.py\", line 105, in until\n    raise TimeoutException(message, screen, stacktrace)\n","steps":[],"attachments":[],"parameters":[],"shouldDisplayMessage":true,"stepsCount":0,"attachmentsCount":0,"hasContent":true,"attachmentStep":false}],"attachments":[],"parameters":[],"shouldDisplayMessage":false,"stepsCount":1,"attachmentsCount":0,"hasContent":true,"attachmentStep":false}],"testStage":{"description":"Rename an existing workspace","status":"broken","statusMessage":"selenium.common.exceptions.TimeoutException: Message: \nStacktrace:\n#0 0x55e1664534ca <unknown>\n#1 0x55e165f66620 <unknown>\n#2 0x55e165fb5306 <unknown>\n#3 0x55e165fb55a1 <unknown>\n#4 0x55e165ffaa04 <unknown>\n#5 0x55e165fd939d <unknown>\n#6 0x55e165ff7de0 <unknown>\n#7 0x55e165fd9113 <unknown>\n#8 0x55e165fa7be0 <unknown>\n#9 0x55e165fa8bbe <unknown>\n#10 0x55e16641fe4b <unknown>\n#11 0x55e166423de2 <unknown>\n#12 0x55e16640cd2c <unknown>\n#13 0x55e166424957 <unknown>\n#14 0x55e1663f24bf <unknown>\n#15 0x55e166442348 <unknown>\n#16 0x55e166442510 <unknown>\n#17 0x55e166452346 <unknown>\n#18 0x7ff0f6494ac3 <unknown>","statusTrace":"self = <tests.workspaces_test.TestWorkspaces object at 0x7fecf2695b20>\n\n    @pytest.fixture(autouse=True)\n    def setup_method_fixture(self):\n>       login(self.about_page, self.login_page)\n\ntests/workspaces_test.py:25: \n_ _ _ _ _ _ _ _ _ _ _ _ _ _ _ _ _ _ _ _ _ _ _ _ _ _ _ _ _ _ _ _ _ _ _ _ _ _ _ _ \ntests/workspaces_test.py:15: in login\n    about_page.click_login_link()\npages/about_page.py:20: in click_login_link\n    self.click(self.LOGIN_LINK)\npages/base_page.py:60: in click\n    el: WebElement = self.wait.until(\n_ _ _ _ _ _ _ _ _ _ _ _ _ _ _ _ _ _ _ _ _ _ _ _ _ _ _ _ _ _ _ _ _ _ _ _ _ _ _ _ \n\nself = <selenium.webdriver.support.wait.WebDriverWait (session=\"73797d4b2887baca9c63ccb66b50476e\")>\nmethod = <function element_to_be_clickable.<locals>._predicate at 0x7fecf23af1a0>\nmessage = ''\n\n    def until(self, method: Callable[[D], Union[Literal[False], T]], message: str = \"\") -> T:\n        \"\"\"Calls the method provided with the driver as an argument until the \\\n        return value does not evaluate to ``False``.\n    \n        :param method: callable(WebDriver)\n        :param message: optional message for :exc:`TimeoutException`\n        :returns: the result of the last call to `method`\n        :raises: :exc:`selenium.common.exceptions.TimeoutException` if timeout occurs\n        \"\"\"\n        screen = None\n        stacktrace = None\n    \n        end_time = time.monotonic() + self._timeout\n        while True:\n            try:\n                value = method(self._driver)\n                if value:\n                    return value\n            except self._ignored_exceptions as exc:\n                screen = getattr(exc, \"screen\", None)\n                stacktrace = getattr(exc, \"stacktrace\", None)\n            if time.monotonic() > end_time:\n                break\n            time.sleep(self._poll)\n>       raise TimeoutException(message, screen, stacktrace)\nE       selenium.common.exceptions.TimeoutException: Message: \nE       Stacktrace:\nE       #0 0x55e1664534ca <unknown>\nE       #1 0x55e165f66620 <unknown>\nE       #2 0x55e165fb5306 <unknown>\nE       #3 0x55e165fb55a1 <unknown>\nE       #4 0x55e165ffaa04 <unknown>\nE       #5 0x55e165fd939d <unknown>\nE       #6 0x55e165ff7de0 <unknown>\nE       #7 0x55e165fd9113 <unknown>\nE       #8 0x55e165fa7be0 <unknown>\nE       #9 0x55e165fa8bbe <unknown>\nE       #10 0x55e16641fe4b <unknown>\nE       #11 0x55e166423de2 <unknown>\nE       #12 0x55e16640cd2c <unknown>\nE       #13 0x55e166424957 <unknown>\nE       #14 0x55e1663f24bf <unknown>\nE       #15 0x55e166442348 <unknown>\nE       #16 0x55e166442510 <unknown>\nE       #17 0x55e166452346 <unknown>\nE       #18 0x7ff0f6494ac3 <unknown>\n\n.venv/lib/python3.12/site-packages/selenium/webdriver/support/wait.py:105: TimeoutException","steps":[{"name":"public ip address","time":{"start":1732239762904,"stop":1732239762913,"duration":9},"status":"passed","steps":[],"attachments":[{"uid":"4ef88a6d4d20e33f","name":"HTTP logs of http://checkip.amazonaws.com/","source":"4ef88a6d4d20e33f.txt","type":"text/plain","size":357}],"parameters":[],"shouldDisplayMessage":false,"stepsCount":0,"attachmentsCount":1,"hasContent":true,"attachmentStep":false}],"attachments":[{"uid":"170ac5d41d39145d","name":"Cookies","source":"170ac5d41d39145d.json","type":"application/json","size":3584},{"uid":"5b70724dfca91763","name":"Session Storage","source":"5b70724dfca91763.json","type":"application/json","size":359},{"uid":"c5f4102b4076b3f0","name":"Local Storage","source":"c5f4102b4076b3f0.json","type":"application/json","size":791},{"uid":"f905f3e81df48203","name":"Console Logs","source":"f905f3e81df48203.json","type":"application/json","size":236},{"uid":"67ee5e403008609a","name":"Full Page Screenshot","source":"67ee5e403008609a.png","type":"image/png","size":4238523},{"uid":"4832de73cbf13b3a","name":"URL","source":"4832de73cbf13b3a.uri","type":"text/uri-list","size":23},{"uid":"d72b9b19bafd294f","name":"Network Logs","source":"d72b9b19bafd294f.json","type":"application/json","size":4215118}],"parameters":[],"shouldDisplayMessage":true,"stepsCount":1,"attachmentsCount":8,"hasContent":true,"attachmentStep":false},"afterStages":[{"name":"session_request::0","time":{"start":1732239904344,"stop":1732239904345,"duration":1},"status":"passed","steps":[],"attachments":[],"parameters":[],"shouldDisplayMessage":false,"stepsCount":0,"attachmentsCount":0,"hasContent":false,"attachmentStep":false}],"labels":[{"name":"epic","value":"Workspaces"},{"name":"story","value":"WorkSpaces Creation and Editing Functionality"},{"name":"severity","value":"normal"},{"name":"tag","value":"run(order=2)"},{"name":"parentSuite","value":"tests"},{"name":"suite","value":"workspaces_test"},{"name":"subSuite","value":"TestWorkspaces"},{"name":"host","value":"fv-az1116-927"},{"name":"thread","value":"1859-MainThread"},{"name":"framework","value":"pytest"},{"name":"language","value":"cpython3"},{"name":"package","value":"tests.workspaces_test"},{"name":"resultFormat","value":"allure2"}],"parameters":[],"links":[],"hidden":false,"retry":false,"extra":{"severity":"normal","retries":[],"categories":[{"name":"Test defects","matchedStatuses":[],"flaky":false}],"tags":["run(order=2)"]},"source":"ae68950dcae4e43e.json","parameterValues":[]}