{"uid":"8a0df55a407991b6","name":"Forgot Password with valid email test","fullName":"tests.forgot_password_test.TestForgotPassword#test_valid_email","historyId":"d6dde1715fb973c93e423cd6a34e3dff","time":{"start":1702862162348,"stop":1702862172596,"duration":10248},"description":"Forgot password with a valid email address","descriptionHtml":"<p>Forgot password with a valid email address</p>\n","status":"broken","statusMessage":"selenium.common.exceptions.TimeoutException: Message: \nStacktrace:\n#0 0x5602cd33ad33 <unknown>\n#1 0x5602ccff7f87 <unknown>\n#2 0x5602cd047c0e <unknown>\n#3 0x5602cd047d11 <unknown>\n#4 0x5602cd093004 <unknown>\n#5 0x5602cd07136d <unknown>\n#6 0x5602cd090297 <unknown>\n#7 0x5602cd0710e3 <unknown>\n#8 0x5602cd039044 <unknown>\n#9 0x5602cd03a44e <unknown>\n#10 0x5602cd2ff861 <unknown>\n#11 0x5602cd303785 <unknown>\n#12 0x5602cd2ed285 <unknown>\n#13 0x5602cd30441f <unknown>\n#14 0x5602cd2d120f <unknown>\n#15 0x5602cd328028 <unknown>\n#16 0x5602cd3281f7 <unknown>\n#17 0x5602cd339ed4 <unknown>\n#18 0x7ff5c1094ac3 <unknown>","statusTrace":"self = <tests.forgot_password_test.TestForgotPassword object at 0x7f32cea25890>\njson_data = {'forgot_password': {'error_message': \"We can't find a user with that e-mail address.\", 'success_message': 'A reset li...you page', 'name': 'test', 'new_name': 'another test', 'no_project_found_msg': 'No project matches the criteria', ...}}\n\n    @allure.description(\"Forgot password with a valid email address\")\n    @allure.title(\"Forgot Password with valid email test\")\n    def test_valid_email(self, json_data: dict):\n>       self.about_page.click_login_link()\n\ntests/forgot_password_test.py:21: \n_ _ _ _ _ _ _ _ _ _ _ _ _ _ _ _ _ _ _ _ _ _ _ _ _ _ _ _ _ _ _ _ _ _ _ _ _ _ _ _ \npages/about_page.py:20: in click_login_link\n    self.click(self.LOGIN_LINK)\npages/base_page.py:38: in click\n    el: WebElement = self.wait.until(\n_ _ _ _ _ _ _ _ _ _ _ _ _ _ _ _ _ _ _ _ _ _ _ _ _ _ _ _ _ _ _ _ _ _ _ _ _ _ _ _ \n\nself = <selenium.webdriver.support.wait.WebDriverWait (session=\"f3fb8a2db91c9219d2cf0aed08b65f20\")>\nmethod = <function element_to_be_clickable.<locals>._predicate at 0x7f32ce9e2020>\nmessage = ''\n\n    def until(self, method: Callable[[WebDriver], Union[Literal[False], T]], message: str = \"\") -> T:\n        \"\"\"Calls the method provided with the driver as an argument until the \\\n        return value does not evaluate to ``False``.\n    \n        :param method: callable(WebDriver)\n        :param message: optional message for :exc:`TimeoutException`\n        :returns: the result of the last call to `method`\n        :raises: :exc:`selenium.common.exceptions.TimeoutException` if timeout occurs\n        \"\"\"\n        screen = None\n        stacktrace = None\n    \n        end_time = time.monotonic() + self._timeout\n        while True:\n            try:\n                value = method(self._driver)\n                if value:\n                    return value\n            except self._ignored_exceptions as exc:\n                screen = getattr(exc, \"screen\", None)\n                stacktrace = getattr(exc, \"stacktrace\", None)\n            time.sleep(self._poll)\n            if time.monotonic() > end_time:\n                break\n>       raise TimeoutException(message, screen, stacktrace)\nE       selenium.common.exceptions.TimeoutException: Message: \nE       Stacktrace:\nE       #0 0x5602cd33ad33 <unknown>\nE       #1 0x5602ccff7f87 <unknown>\nE       #2 0x5602cd047c0e <unknown>\nE       #3 0x5602cd047d11 <unknown>\nE       #4 0x5602cd093004 <unknown>\nE       #5 0x5602cd07136d <unknown>\nE       #6 0x5602cd090297 <unknown>\nE       #7 0x5602cd0710e3 <unknown>\nE       #8 0x5602cd039044 <unknown>\nE       #9 0x5602cd03a44e <unknown>\nE       #10 0x5602cd2ff861 <unknown>\nE       #11 0x5602cd303785 <unknown>\nE       #12 0x5602cd2ed285 <unknown>\nE       #13 0x5602cd30441f <unknown>\nE       #14 0x5602cd2d120f <unknown>\nE       #15 0x5602cd328028 <unknown>\nE       #16 0x5602cd3281f7 <unknown>\nE       #17 0x5602cd339ed4 <unknown>\nE       #18 0x7ff5c1094ac3 <unknown>\n\n.venv/lib/python3.11/site-packages/selenium/webdriver/support/wait.py:101: TimeoutException","flaky":false,"newFailed":false,"newBroken":false,"newPassed":false,"retriesCount":0,"retriesStatusChange":false,"beforeStages":[{"name":"base_url","time":{"start":1702862016943,"stop":1702862016943,"duration":0},"status":"passed","steps":[],"attachments":[],"parameters":[],"shouldDisplayMessage":false,"stepsCount":0,"attachmentsCount":0,"hasContent":false,"attachmentStep":false},{"name":"json_data","time":{"start":1702862016943,"stop":1702862016943,"duration":0},"status":"passed","steps":[],"attachments":[],"parameters":[],"shouldDisplayMessage":false,"stepsCount":0,"attachmentsCount":0,"hasContent":false,"attachmentStep":false},{"name":"_verify_url","time":{"start":1702862016943,"stop":1702862016943,"duration":0},"status":"passed","steps":[],"attachments":[],"parameters":[],"shouldDisplayMessage":false,"stepsCount":0,"attachmentsCount":0,"hasContent":false,"attachmentStep":false}],"testStage":{"description":"Forgot password with a valid email address","status":"broken","statusMessage":"selenium.common.exceptions.TimeoutException: Message: \nStacktrace:\n#0 0x5602cd33ad33 <unknown>\n#1 0x5602ccff7f87 <unknown>\n#2 0x5602cd047c0e <unknown>\n#3 0x5602cd047d11 <unknown>\n#4 0x5602cd093004 <unknown>\n#5 0x5602cd07136d <unknown>\n#6 0x5602cd090297 <unknown>\n#7 0x5602cd0710e3 <unknown>\n#8 0x5602cd039044 <unknown>\n#9 0x5602cd03a44e <unknown>\n#10 0x5602cd2ff861 <unknown>\n#11 0x5602cd303785 <unknown>\n#12 0x5602cd2ed285 <unknown>\n#13 0x5602cd30441f <unknown>\n#14 0x5602cd2d120f <unknown>\n#15 0x5602cd328028 <unknown>\n#16 0x5602cd3281f7 <unknown>\n#17 0x5602cd339ed4 <unknown>\n#18 0x7ff5c1094ac3 <unknown>","statusTrace":"self = <tests.forgot_password_test.TestForgotPassword object at 0x7f32cea25890>\njson_data = {'forgot_password': {'error_message': \"We can't find a user with that e-mail address.\", 'success_message': 'A reset li...you page', 'name': 'test', 'new_name': 'another test', 'no_project_found_msg': 'No project matches the criteria', ...}}\n\n    @allure.description(\"Forgot password with a valid email address\")\n    @allure.title(\"Forgot Password with valid email test\")\n    def test_valid_email(self, json_data: dict):\n>       self.about_page.click_login_link()\n\ntests/forgot_password_test.py:21: \n_ _ _ _ _ _ _ _ _ _ _ _ _ _ _ _ _ _ _ _ _ _ _ _ _ _ _ _ _ _ _ _ _ _ _ _ _ _ _ _ \npages/about_page.py:20: in click_login_link\n    self.click(self.LOGIN_LINK)\npages/base_page.py:38: in click\n    el: WebElement = self.wait.until(\n_ _ _ _ _ _ _ _ _ _ _ _ _ _ _ _ _ _ _ _ _ _ _ _ _ _ _ _ _ _ _ _ _ _ _ _ _ _ _ _ \n\nself = <selenium.webdriver.support.wait.WebDriverWait (session=\"f3fb8a2db91c9219d2cf0aed08b65f20\")>\nmethod = <function element_to_be_clickable.<locals>._predicate at 0x7f32ce9e2020>\nmessage = ''\n\n    def until(self, method: Callable[[WebDriver], Union[Literal[False], T]], message: str = \"\") -> T:\n        \"\"\"Calls the method provided with the driver as an argument until the \\\n        return value does not evaluate to ``False``.\n    \n        :param method: callable(WebDriver)\n        :param message: optional message for :exc:`TimeoutException`\n        :returns: the result of the last call to `method`\n        :raises: :exc:`selenium.common.exceptions.TimeoutException` if timeout occurs\n        \"\"\"\n        screen = None\n        stacktrace = None\n    \n        end_time = time.monotonic() + self._timeout\n        while True:\n            try:\n                value = method(self._driver)\n                if value:\n                    return value\n            except self._ignored_exceptions as exc:\n                screen = getattr(exc, \"screen\", None)\n                stacktrace = getattr(exc, \"stacktrace\", None)\n            time.sleep(self._poll)\n            if time.monotonic() > end_time:\n                break\n>       raise TimeoutException(message, screen, stacktrace)\nE       selenium.common.exceptions.TimeoutException: Message: \nE       Stacktrace:\nE       #0 0x5602cd33ad33 <unknown>\nE       #1 0x5602ccff7f87 <unknown>\nE       #2 0x5602cd047c0e <unknown>\nE       #3 0x5602cd047d11 <unknown>\nE       #4 0x5602cd093004 <unknown>\nE       #5 0x5602cd07136d <unknown>\nE       #6 0x5602cd090297 <unknown>\nE       #7 0x5602cd0710e3 <unknown>\nE       #8 0x5602cd039044 <unknown>\nE       #9 0x5602cd03a44e <unknown>\nE       #10 0x5602cd2ff861 <unknown>\nE       #11 0x5602cd303785 <unknown>\nE       #12 0x5602cd2ed285 <unknown>\nE       #13 0x5602cd30441f <unknown>\nE       #14 0x5602cd2d120f <unknown>\nE       #15 0x5602cd328028 <unknown>\nE       #16 0x5602cd3281f7 <unknown>\nE       #17 0x5602cd339ed4 <unknown>\nE       #18 0x7ff5c1094ac3 <unknown>\n\n.venv/lib/python3.11/site-packages/selenium/webdriver/support/wait.py:101: TimeoutException","steps":[{"name":"Click Login link","time":{"start":1702862162348,"stop":1702862172595,"duration":10247},"status":"broken","statusMessage":"selenium.common.exceptions.TimeoutException: Message: \nStacktrace:\n#0 0x5602cd33ad33 <unknown>\n#1 0x5602ccff7f87 <unknown>\n#2 0x5602cd047c0e <unknown>\n#3 0x5602cd047d11 <unknown>\n#4 0x5602cd093004 <unknown>\n#5 0x5602cd07136d <unknown>\n#6 0x5602cd090297 <unknown>\n#7 0x5602cd0710e3 <unknown>\n#8 0x5602cd039044 <unknown>\n#9 0x5602cd03a44e <unknown>\n#10 0x5602cd2ff861 <unknown>\n#11 0x5602cd303785 <unknown>\n#12 0x5602cd2ed285 <unknown>\n#13 0x5602cd30441f <unknown>\n#14 0x5602cd2d120f <unknown>\n#15 0x5602cd328028 <unknown>\n#16 0x5602cd3281f7 <unknown>\n#17 0x5602cd339ed4 <unknown>\n#18 0x7ff5c1094ac3 <unknown>\n\n","statusTrace":"  File \"/home/runner/work/Selenium-Python-Example/Selenium-Python-Example/.venv/lib/python3.11/site-packages/allure_commons/_allure.py\", line 192, in impl\n    return func(*a, **kw)\n           ^^^^^^^^^^^^^^\n  File \"/home/runner/work/Selenium-Python-Example/Selenium-Python-Example/pages/about_page.py\", line 20, in click_login_link\n    self.click(self.LOGIN_LINK)\n  File \"/home/runner/work/Selenium-Python-Example/Selenium-Python-Example/pages/base_page.py\", line 38, in click\n    el: WebElement = self.wait.until(\n                     ^^^^^^^^^^^^^^^^\n  File \"/home/runner/work/Selenium-Python-Example/Selenium-Python-Example/.venv/lib/python3.11/site-packages/selenium/webdriver/support/wait.py\", line 101, in until\n    raise TimeoutException(message, screen, stacktrace)\n","steps":[],"attachments":[],"parameters":[],"shouldDisplayMessage":true,"stepsCount":0,"attachmentsCount":0,"hasContent":true,"attachmentStep":false}],"attachments":[{"uid":"31f6c26e49c4ca71","name":"public ip address","source":"31f6c26e49c4ca71.txt","type":"text/plain","size":13},{"uid":"eeb65108c388fe22","name":"Cookies","source":"eeb65108c388fe22.json","type":"application/json","size":3359},{"uid":"1f95c43dd84fc200","name":"Session Storage","source":"1f95c43dd84fc200.json","type":"application/json","size":358},{"uid":"90ee5496409158a0","name":"Local Storage","source":"90ee5496409158a0.json","type":"application/json","size":208},{"uid":"c05f5d29c220f022","name":"Console Logs","source":"c05f5d29c220f022.json","type":"application/json","size":2},{"uid":"a13a03d99a913a82","name":"Full Page Screenshot","source":"a13a03d99a913a82.png","type":"image/png","size":1275914},{"uid":"5f8eb81d1123066e","name":"URL","source":"5f8eb81d1123066e.uri","type":"text/uri-list","size":23},{"uid":"9d4aa616e702095","name":"Network Logs","source":"9d4aa616e702095.json","type":"application/json","size":22860}],"parameters":[],"shouldDisplayMessage":true,"stepsCount":1,"attachmentsCount":8,"hasContent":true,"attachmentStep":false},"afterStages":[],"labels":[{"name":"story","value":"Forgot Password Feature's Functionality"},{"name":"subSuite","value":"Custom sub suite"},{"name":"epic","value":"Security"},{"name":"severity","value":"critical"},{"name":"suite","value":"Custom suite"},{"name":"parentSuite","value":"Custom parent suite"},{"name":"tag","value":"security"},{"name":"host","value":"fv-az1251-712"},{"name":"thread","value":"2287-MainThread"},{"name":"framework","value":"pytest"},{"name":"language","value":"cpython3"},{"name":"package","value":"tests.forgot_password_test"},{"name":"resultFormat","value":"allure2"}],"parameters":[],"links":[],"hidden":false,"retry":false,"extra":{"severity":"critical","retries":[],"categories":[{"name":"Test defects","matchedStatuses":[],"flaky":false}],"tags":["security"]},"source":"8a0df55a407991b6.json","parameterValues":[]}