{"uid":"3050fc06be524aae","name":"Login with invalid credentials test","fullName":"tests.login_test.TestLogin#test_invalid_login","historyId":"d8696551571014a71a874c85cadaf3fe","time":{"start":1696295375626,"stop":1696295385982,"duration":10356},"description":"invalid login","descriptionHtml":"<p>invalid login</p>\n","status":"broken","statusMessage":"selenium.common.exceptions.TimeoutException: Message: \nStacktrace:\n#0 0x55d2e1e876b3 <unknown>\n#1 0x55d2e1b5d1e7 <unknown>\n#2 0x55d2e1ba4566 <unknown>\n#3 0x55d2e1ba4651 <unknown>\n#4 0x55d2e1be1a74 <unknown>\n#5 0x55d2e1bc60ed <unknown>\n#6 0x55d2e1bdf322 <unknown>\n#7 0x55d2e1bc5e93 <unknown>\n#8 0x55d2e1b98934 <unknown>\n#9 0x55d2e1b9971e <unknown>\n#10 0x55d2e1e4ccb8 <unknown>\n#11 0x55d2e1e50bf0 <unknown>\n#12 0x55d2e1e5b19c <unknown>\n#13 0x55d2e1e51808 <unknown>\n#14 0x55d2e1e1e27f <unknown>\n#15 0x55d2e1e75e88 <unknown>\n#16 0x55d2e1e76059 <unknown>\n#17 0x55d2e1e86843 <unknown>\n#18 0x7f1c02a94b43 <unknown>","statusTrace":"self = <tests.login_test.TestLogin object at 0x7f525f5fc410>\nemail = 'nirt236@gmail.com', password = '123456'\njson_data = {'forgot_password': {'error_message': \"We can't find a user with that e-mail address.\", 'success_message': 'A reset li...you page', 'name': 'test', 'new_name': 'another test', 'no_project_found_msg': 'No project matches the criteria', ...}}\n\n    @allure.description(\"invalid login\")\n    @allure.title(\"Login with invalid credentials test\")\n    @pytest.mark.parametrize(\"email, password\", users)\n    @pytest.mark.run(order=3)\n    def test_invalid_login(self, email: str, password: str, json_data: dict):\n>       self.about_page.click_login_link()\n\ntests/login_test.py:24: \n_ _ _ _ _ _ _ _ _ _ _ _ _ _ _ _ _ _ _ _ _ _ _ _ _ _ _ _ _ _ _ _ _ _ _ _ _ _ _ _ \npages/about_page.py:20: in click_login_link\n    self.click(self.LOGIN_LINK)\npages/base_page.py:38: in click\n    el: WebElement = self.wait.until(\n_ _ _ _ _ _ _ _ _ _ _ _ _ _ _ _ _ _ _ _ _ _ _ _ _ _ _ _ _ _ _ _ _ _ _ _ _ _ _ _ \n\nself = <selenium.webdriver.support.wait.WebDriverWait (session=\"dd7c93f11520dfb74d7834bd32857d77\")>\nmethod = <function element_to_be_clickable.<locals>._predicate at 0x7f525f4576a0>\nmessage = ''\n\n    def until(self, method, message: str = \"\"):\n        \"\"\"Calls the method provided with the driver as an argument until the \\\n        return value does not evaluate to ``False``.\n    \n        :param method: callable(WebDriver)\n        :param message: optional message for :exc:`TimeoutException`\n        :returns: the result of the last call to `method`\n        :raises: :exc:`selenium.common.exceptions.TimeoutException` if timeout occurs\n        \"\"\"\n        screen = None\n        stacktrace = None\n    \n        end_time = time.monotonic() + self._timeout\n        while True:\n            try:\n                value = method(self._driver)\n                if value:\n                    return value\n            except self._ignored_exceptions as exc:\n                screen = getattr(exc, \"screen\", None)\n                stacktrace = getattr(exc, \"stacktrace\", None)\n            time.sleep(self._poll)\n            if time.monotonic() > end_time:\n                break\n>       raise TimeoutException(message, screen, stacktrace)\nE       selenium.common.exceptions.TimeoutException: Message: \nE       Stacktrace:\nE       #0 0x55d2e1e876b3 <unknown>\nE       #1 0x55d2e1b5d1e7 <unknown>\nE       #2 0x55d2e1ba4566 <unknown>\nE       #3 0x55d2e1ba4651 <unknown>\nE       #4 0x55d2e1be1a74 <unknown>\nE       #5 0x55d2e1bc60ed <unknown>\nE       #6 0x55d2e1bdf322 <unknown>\nE       #7 0x55d2e1bc5e93 <unknown>\nE       #8 0x55d2e1b98934 <unknown>\nE       #9 0x55d2e1b9971e <unknown>\nE       #10 0x55d2e1e4ccb8 <unknown>\nE       #11 0x55d2e1e50bf0 <unknown>\nE       #12 0x55d2e1e5b19c <unknown>\nE       #13 0x55d2e1e51808 <unknown>\nE       #14 0x55d2e1e1e27f <unknown>\nE       #15 0x55d2e1e75e88 <unknown>\nE       #16 0x55d2e1e76059 <unknown>\nE       #17 0x55d2e1e86843 <unknown>\nE       #18 0x7f1c02a94b43 <unknown>\n\n.venv/lib/python3.11/site-packages/selenium/webdriver/support/wait.py:95: TimeoutException","flaky":false,"newFailed":false,"newBroken":false,"newPassed":false,"retriesCount":0,"retriesStatusChange":false,"beforeStages":[{"name":"base_url","time":{"start":1696295348826,"stop":1696295348826,"duration":0},"status":"passed","steps":[],"attachments":[],"parameters":[],"shouldDisplayMessage":false,"stepsCount":0,"attachmentsCount":0,"hasContent":false},{"name":"_verify_url","time":{"start":1696295348826,"stop":1696295348826,"duration":0},"status":"passed","steps":[],"attachments":[],"parameters":[],"shouldDisplayMessage":false,"stepsCount":0,"attachmentsCount":0,"hasContent":false},{"name":"json_data","time":{"start":1696295348827,"stop":1696295348827,"duration":0},"status":"passed","steps":[],"attachments":[],"parameters":[],"shouldDisplayMessage":false,"stepsCount":0,"attachmentsCount":0,"hasContent":false}],"testStage":{"description":"invalid login","status":"broken","statusMessage":"selenium.common.exceptions.TimeoutException: Message: \nStacktrace:\n#0 0x55d2e1e876b3 <unknown>\n#1 0x55d2e1b5d1e7 <unknown>\n#2 0x55d2e1ba4566 <unknown>\n#3 0x55d2e1ba4651 <unknown>\n#4 0x55d2e1be1a74 <unknown>\n#5 0x55d2e1bc60ed <unknown>\n#6 0x55d2e1bdf322 <unknown>\n#7 0x55d2e1bc5e93 <unknown>\n#8 0x55d2e1b98934 <unknown>\n#9 0x55d2e1b9971e <unknown>\n#10 0x55d2e1e4ccb8 <unknown>\n#11 0x55d2e1e50bf0 <unknown>\n#12 0x55d2e1e5b19c <unknown>\n#13 0x55d2e1e51808 <unknown>\n#14 0x55d2e1e1e27f <unknown>\n#15 0x55d2e1e75e88 <unknown>\n#16 0x55d2e1e76059 <unknown>\n#17 0x55d2e1e86843 <unknown>\n#18 0x7f1c02a94b43 <unknown>","statusTrace":"self = <tests.login_test.TestLogin object at 0x7f525f5fc410>\nemail = 'nirt236@gmail.com', password = '123456'\njson_data = {'forgot_password': {'error_message': \"We can't find a user with that e-mail address.\", 'success_message': 'A reset li...you page', 'name': 'test', 'new_name': 'another test', 'no_project_found_msg': 'No project matches the criteria', ...}}\n\n    @allure.description(\"invalid login\")\n    @allure.title(\"Login with invalid credentials test\")\n    @pytest.mark.parametrize(\"email, password\", users)\n    @pytest.mark.run(order=3)\n    def test_invalid_login(self, email: str, password: str, json_data: dict):\n>       self.about_page.click_login_link()\n\ntests/login_test.py:24: \n_ _ _ _ _ _ _ _ _ _ _ _ _ _ _ _ _ _ _ _ _ _ _ _ _ _ _ _ _ _ _ _ _ _ _ _ _ _ _ _ \npages/about_page.py:20: in click_login_link\n    self.click(self.LOGIN_LINK)\npages/base_page.py:38: in click\n    el: WebElement = self.wait.until(\n_ _ _ _ _ _ _ _ _ _ _ _ _ _ _ _ _ _ _ _ _ _ _ _ _ _ _ _ _ _ _ _ _ _ _ _ _ _ _ _ \n\nself = <selenium.webdriver.support.wait.WebDriverWait (session=\"dd7c93f11520dfb74d7834bd32857d77\")>\nmethod = <function element_to_be_clickable.<locals>._predicate at 0x7f525f4576a0>\nmessage = ''\n\n    def until(self, method, message: str = \"\"):\n        \"\"\"Calls the method provided with the driver as an argument until the \\\n        return value does not evaluate to ``False``.\n    \n        :param method: callable(WebDriver)\n        :param message: optional message for :exc:`TimeoutException`\n        :returns: the result of the last call to `method`\n        :raises: :exc:`selenium.common.exceptions.TimeoutException` if timeout occurs\n        \"\"\"\n        screen = None\n        stacktrace = None\n    \n        end_time = time.monotonic() + self._timeout\n        while True:\n            try:\n                value = method(self._driver)\n                if value:\n                    return value\n            except self._ignored_exceptions as exc:\n                screen = getattr(exc, \"screen\", None)\n                stacktrace = getattr(exc, \"stacktrace\", None)\n            time.sleep(self._poll)\n            if time.monotonic() > end_time:\n                break\n>       raise TimeoutException(message, screen, stacktrace)\nE       selenium.common.exceptions.TimeoutException: Message: \nE       Stacktrace:\nE       #0 0x55d2e1e876b3 <unknown>\nE       #1 0x55d2e1b5d1e7 <unknown>\nE       #2 0x55d2e1ba4566 <unknown>\nE       #3 0x55d2e1ba4651 <unknown>\nE       #4 0x55d2e1be1a74 <unknown>\nE       #5 0x55d2e1bc60ed <unknown>\nE       #6 0x55d2e1bdf322 <unknown>\nE       #7 0x55d2e1bc5e93 <unknown>\nE       #8 0x55d2e1b98934 <unknown>\nE       #9 0x55d2e1b9971e <unknown>\nE       #10 0x55d2e1e4ccb8 <unknown>\nE       #11 0x55d2e1e50bf0 <unknown>\nE       #12 0x55d2e1e5b19c <unknown>\nE       #13 0x55d2e1e51808 <unknown>\nE       #14 0x55d2e1e1e27f <unknown>\nE       #15 0x55d2e1e75e88 <unknown>\nE       #16 0x55d2e1e76059 <unknown>\nE       #17 0x55d2e1e86843 <unknown>\nE       #18 0x7f1c02a94b43 <unknown>\n\n.venv/lib/python3.11/site-packages/selenium/webdriver/support/wait.py:95: TimeoutException","steps":[{"name":"Click Login link","time":{"start":1696295375626,"stop":1696295385981,"duration":10355},"status":"broken","statusMessage":"selenium.common.exceptions.TimeoutException: Message: \nStacktrace:\n#0 0x55d2e1e876b3 <unknown>\n#1 0x55d2e1b5d1e7 <unknown>\n#2 0x55d2e1ba4566 <unknown>\n#3 0x55d2e1ba4651 <unknown>\n#4 0x55d2e1be1a74 <unknown>\n#5 0x55d2e1bc60ed <unknown>\n#6 0x55d2e1bdf322 <unknown>\n#7 0x55d2e1bc5e93 <unknown>\n#8 0x55d2e1b98934 <unknown>\n#9 0x55d2e1b9971e <unknown>\n#10 0x55d2e1e4ccb8 <unknown>\n#11 0x55d2e1e50bf0 <unknown>\n#12 0x55d2e1e5b19c <unknown>\n#13 0x55d2e1e51808 <unknown>\n#14 0x55d2e1e1e27f <unknown>\n#15 0x55d2e1e75e88 <unknown>\n#16 0x55d2e1e76059 <unknown>\n#17 0x55d2e1e86843 <unknown>\n#18 0x7f1c02a94b43 <unknown>\n\n","statusTrace":"  File \"/home/runner/work/Selenium-Python-Example/Selenium-Python-Example/.venv/lib/python3.11/site-packages/allure_commons/_allure.py\", line 192, in impl\n    return func(*a, **kw)\n           ^^^^^^^^^^^^^^\n  File \"/home/runner/work/Selenium-Python-Example/Selenium-Python-Example/pages/about_page.py\", line 20, in click_login_link\n    self.click(self.LOGIN_LINK)\n  File \"/home/runner/work/Selenium-Python-Example/Selenium-Python-Example/pages/base_page.py\", line 38, in click\n    el: WebElement = self.wait.until(\n                     ^^^^^^^^^^^^^^^^\n  File \"/home/runner/work/Selenium-Python-Example/Selenium-Python-Example/.venv/lib/python3.11/site-packages/selenium/webdriver/support/wait.py\", line 95, in until\n    raise TimeoutException(message, screen, stacktrace)\n","steps":[],"attachments":[],"parameters":[],"shouldDisplayMessage":true,"stepsCount":0,"attachmentsCount":0,"hasContent":true}],"attachments":[{"uid":"fa89821d411d2edb","name":"public ip address","source":"fa89821d411d2edb.txt","type":"text/plain","size":12},{"uid":"f9c76e539bc10f4d","name":"Cookies","source":"f9c76e539bc10f4d.json","type":"application/json","size":2018},{"uid":"5a74c4b1c3530d5","name":"Session Storage","source":"5a74c4b1c3530d5.json","type":"application/json","size":333},{"uid":"1b9ace5332fd2695","name":"Local Storage","source":"1b9ace5332fd2695.json","type":"application/json","size":208},{"uid":"2a269839c6621d61","name":"Console Logs","source":"2a269839c6621d61.json","type":"application/json","size":2},{"uid":"b44475d64336d4e8","name":"Full Page Screenshot","source":"b44475d64336d4e8.png","type":"image/png","size":497819},{"uid":"6f081f06f29169f","name":"URL","source":"6f081f06f29169f.uri","type":"text/uri-list","size":23},{"uid":"83f9404554450cb9","name":"Network Logs","source":"83f9404554450cb9.json","type":"application/json","size":23062}],"parameters":[],"shouldDisplayMessage":true,"stepsCount":1,"attachmentsCount":8,"hasContent":true},"afterStages":[],"labels":[{"name":"severity","value":"blocker"},{"name":"feature","value":"Login"},{"name":"epic","value":"Security"},{"name":"tag","value":"run(order=3)"},{"name":"tag","value":"security"},{"name":"parentSuite","value":"tests"},{"name":"suite","value":"login_test"},{"name":"subSuite","value":"TestLogin"},{"name":"host","value":"fv-az444-814"},{"name":"thread","value":"2168-MainThread"},{"name":"framework","value":"pytest"},{"name":"language","value":"cpython3"},{"name":"package","value":"tests.login_test"},{"name":"resultFormat","value":"allure2"}],"parameters":[{"name":"email","value":"'nirt236@gmail.com'"},{"name":"password","value":"'123456'"}],"links":[],"hidden":false,"retry":false,"extra":{"severity":"blocker","retries":[],"categories":[{"name":"Test defects","matchedStatuses":[],"flaky":false}],"tags":["run(order=3)","security"]},"source":"3050fc06be524aae.json","parameterValues":["'nirt236@gmail.com'","'123456'"]}