{"uid":"418d5602ed85c684","name":"Login with valid credentials test","fullName":"tests.login_test.TestLogin#test_valid_login","historyId":"18657c207d70aa57845e0b7f4751c290","time":{"start":1696295550915,"stop":1696295561259,"duration":10344},"description":"valid login","descriptionHtml":"<p>valid login</p>\n","status":"broken","statusMessage":"selenium.common.exceptions.TimeoutException: Message: \nStacktrace:\n#0 0x5590c394a6b3 <unknown>\n#1 0x5590c36201e7 <unknown>\n#2 0x5590c3667566 <unknown>\n#3 0x5590c3667651 <unknown>\n#4 0x5590c36a4a74 <unknown>\n#5 0x5590c36890ed <unknown>\n#6 0x5590c36a2322 <unknown>\n#7 0x5590c3688e93 <unknown>\n#8 0x5590c365b934 <unknown>\n#9 0x5590c365c71e <unknown>\n#10 0x5590c390fcb8 <unknown>\n#11 0x5590c3913bf0 <unknown>\n#12 0x5590c391e19c <unknown>\n#13 0x5590c3914808 <unknown>\n#14 0x5590c38e127f <unknown>\n#15 0x5590c3938e88 <unknown>\n#16 0x5590c3939059 <unknown>\n#17 0x5590c3949843 <unknown>\n#18 0x7f0ac7a94b43 <unknown>","statusTrace":"self = <tests.login_test.TestLogin object at 0x7f525f6153d0>\njson_data = {'forgot_password': {'error_message': \"We can't find a user with that e-mail address.\", 'success_message': 'A reset li...you page', 'name': 'test', 'new_name': 'another test', 'no_project_found_msg': 'No project matches the criteria', ...}}\n\n    @allure.description(\"valid login\")\n    @allure.title(\"Login with valid credentials test\")\n    @allure.tag(\"Tagged test\")\n    @pytest.mark.flaky(reruns=1)\n    def test_valid_login(self, json_data: dict):\n>       self.about_page.click_login_link()\n\ntests/login_test.py:41: \n_ _ _ _ _ _ _ _ _ _ _ _ _ _ _ _ _ _ _ _ _ _ _ _ _ _ _ _ _ _ _ _ _ _ _ _ _ _ _ _ \npages/about_page.py:20: in click_login_link\n    self.click(self.LOGIN_LINK)\npages/base_page.py:38: in click\n    el: WebElement = self.wait.until(\n_ _ _ _ _ _ _ _ _ _ _ _ _ _ _ _ _ _ _ _ _ _ _ _ _ _ _ _ _ _ _ _ _ _ _ _ _ _ _ _ \n\nself = <selenium.webdriver.support.wait.WebDriverWait (session=\"2cf5d2bccb010cf9c2119271b4ae7b4e\")>\nmethod = <function element_to_be_clickable.<locals>._predicate at 0x7f525f4a16c0>\nmessage = ''\n\n    def until(self, method, message: str = \"\"):\n        \"\"\"Calls the method provided with the driver as an argument until the \\\n        return value does not evaluate to ``False``.\n    \n        :param method: callable(WebDriver)\n        :param message: optional message for :exc:`TimeoutException`\n        :returns: the result of the last call to `method`\n        :raises: :exc:`selenium.common.exceptions.TimeoutException` if timeout occurs\n        \"\"\"\n        screen = None\n        stacktrace = None\n    \n        end_time = time.monotonic() + self._timeout\n        while True:\n            try:\n                value = method(self._driver)\n                if value:\n                    return value\n            except self._ignored_exceptions as exc:\n                screen = getattr(exc, \"screen\", None)\n                stacktrace = getattr(exc, \"stacktrace\", None)\n            time.sleep(self._poll)\n            if time.monotonic() > end_time:\n                break\n>       raise TimeoutException(message, screen, stacktrace)\nE       selenium.common.exceptions.TimeoutException: Message: \nE       Stacktrace:\nE       #0 0x5590c394a6b3 <unknown>\nE       #1 0x5590c36201e7 <unknown>\nE       #2 0x5590c3667566 <unknown>\nE       #3 0x5590c3667651 <unknown>\nE       #4 0x5590c36a4a74 <unknown>\nE       #5 0x5590c36890ed <unknown>\nE       #6 0x5590c36a2322 <unknown>\nE       #7 0x5590c3688e93 <unknown>\nE       #8 0x5590c365b934 <unknown>\nE       #9 0x5590c365c71e <unknown>\nE       #10 0x5590c390fcb8 <unknown>\nE       #11 0x5590c3913bf0 <unknown>\nE       #12 0x5590c391e19c <unknown>\nE       #13 0x5590c3914808 <unknown>\nE       #14 0x5590c38e127f <unknown>\nE       #15 0x5590c3938e88 <unknown>\nE       #16 0x5590c3939059 <unknown>\nE       #17 0x5590c3949843 <unknown>\nE       #18 0x7f0ac7a94b43 <unknown>\n\n.venv/lib/python3.11/site-packages/selenium/webdriver/support/wait.py:95: TimeoutException","flaky":false,"newFailed":false,"newBroken":false,"newPassed":false,"retriesCount":1,"retriesStatusChange":false,"beforeStages":[{"name":"base_url","time":{"start":1696295348826,"stop":1696295348826,"duration":0},"status":"passed","steps":[],"attachments":[],"parameters":[],"shouldDisplayMessage":false,"stepsCount":0,"attachmentsCount":0,"hasContent":false},{"name":"_verify_url","time":{"start":1696295348826,"stop":1696295348826,"duration":0},"status":"passed","steps":[],"attachments":[],"parameters":[],"shouldDisplayMessage":false,"stepsCount":0,"attachmentsCount":0,"hasContent":false},{"name":"json_data","time":{"start":1696295348827,"stop":1696295348827,"duration":0},"status":"passed","steps":[],"attachments":[],"parameters":[],"shouldDisplayMessage":false,"stepsCount":0,"attachmentsCount":0,"hasContent":false}],"testStage":{"description":"valid login","status":"broken","statusMessage":"selenium.common.exceptions.TimeoutException: Message: \nStacktrace:\n#0 0x5590c394a6b3 <unknown>\n#1 0x5590c36201e7 <unknown>\n#2 0x5590c3667566 <unknown>\n#3 0x5590c3667651 <unknown>\n#4 0x5590c36a4a74 <unknown>\n#5 0x5590c36890ed <unknown>\n#6 0x5590c36a2322 <unknown>\n#7 0x5590c3688e93 <unknown>\n#8 0x5590c365b934 <unknown>\n#9 0x5590c365c71e <unknown>\n#10 0x5590c390fcb8 <unknown>\n#11 0x5590c3913bf0 <unknown>\n#12 0x5590c391e19c <unknown>\n#13 0x5590c3914808 <unknown>\n#14 0x5590c38e127f <unknown>\n#15 0x5590c3938e88 <unknown>\n#16 0x5590c3939059 <unknown>\n#17 0x5590c3949843 <unknown>\n#18 0x7f0ac7a94b43 <unknown>","statusTrace":"self = <tests.login_test.TestLogin object at 0x7f525f6153d0>\njson_data = {'forgot_password': {'error_message': \"We can't find a user with that e-mail address.\", 'success_message': 'A reset li...you page', 'name': 'test', 'new_name': 'another test', 'no_project_found_msg': 'No project matches the criteria', ...}}\n\n    @allure.description(\"valid login\")\n    @allure.title(\"Login with valid credentials test\")\n    @allure.tag(\"Tagged test\")\n    @pytest.mark.flaky(reruns=1)\n    def test_valid_login(self, json_data: dict):\n>       self.about_page.click_login_link()\n\ntests/login_test.py:41: \n_ _ _ _ _ _ _ _ _ _ _ _ _ _ _ _ _ _ _ _ _ _ _ _ _ _ _ _ _ _ _ _ _ _ _ _ _ _ _ _ \npages/about_page.py:20: in click_login_link\n    self.click(self.LOGIN_LINK)\npages/base_page.py:38: in click\n    el: WebElement = self.wait.until(\n_ _ _ _ _ _ _ _ _ _ _ _ _ _ _ _ _ _ _ _ _ _ _ _ _ _ _ _ _ _ _ _ _ _ _ _ _ _ _ _ \n\nself = <selenium.webdriver.support.wait.WebDriverWait (session=\"2cf5d2bccb010cf9c2119271b4ae7b4e\")>\nmethod = <function element_to_be_clickable.<locals>._predicate at 0x7f525f4a16c0>\nmessage = ''\n\n    def until(self, method, message: str = \"\"):\n        \"\"\"Calls the method provided with the driver as an argument until the \\\n        return value does not evaluate to ``False``.\n    \n        :param method: callable(WebDriver)\n        :param message: optional message for :exc:`TimeoutException`\n        :returns: the result of the last call to `method`\n        :raises: :exc:`selenium.common.exceptions.TimeoutException` if timeout occurs\n        \"\"\"\n        screen = None\n        stacktrace = None\n    \n        end_time = time.monotonic() + self._timeout\n        while True:\n            try:\n                value = method(self._driver)\n                if value:\n                    return value\n            except self._ignored_exceptions as exc:\n                screen = getattr(exc, \"screen\", None)\n                stacktrace = getattr(exc, \"stacktrace\", None)\n            time.sleep(self._poll)\n            if time.monotonic() > end_time:\n                break\n>       raise TimeoutException(message, screen, stacktrace)\nE       selenium.common.exceptions.TimeoutException: Message: \nE       Stacktrace:\nE       #0 0x5590c394a6b3 <unknown>\nE       #1 0x5590c36201e7 <unknown>\nE       #2 0x5590c3667566 <unknown>\nE       #3 0x5590c3667651 <unknown>\nE       #4 0x5590c36a4a74 <unknown>\nE       #5 0x5590c36890ed <unknown>\nE       #6 0x5590c36a2322 <unknown>\nE       #7 0x5590c3688e93 <unknown>\nE       #8 0x5590c365b934 <unknown>\nE       #9 0x5590c365c71e <unknown>\nE       #10 0x5590c390fcb8 <unknown>\nE       #11 0x5590c3913bf0 <unknown>\nE       #12 0x5590c391e19c <unknown>\nE       #13 0x5590c3914808 <unknown>\nE       #14 0x5590c38e127f <unknown>\nE       #15 0x5590c3938e88 <unknown>\nE       #16 0x5590c3939059 <unknown>\nE       #17 0x5590c3949843 <unknown>\nE       #18 0x7f0ac7a94b43 <unknown>\n\n.venv/lib/python3.11/site-packages/selenium/webdriver/support/wait.py:95: TimeoutException","steps":[{"name":"Click Login link","time":{"start":1696295550915,"stop":1696295561259,"duration":10344},"status":"broken","statusMessage":"selenium.common.exceptions.TimeoutException: Message: \nStacktrace:\n#0 0x5590c394a6b3 <unknown>\n#1 0x5590c36201e7 <unknown>\n#2 0x5590c3667566 <unknown>\n#3 0x5590c3667651 <unknown>\n#4 0x5590c36a4a74 <unknown>\n#5 0x5590c36890ed <unknown>\n#6 0x5590c36a2322 <unknown>\n#7 0x5590c3688e93 <unknown>\n#8 0x5590c365b934 <unknown>\n#9 0x5590c365c71e <unknown>\n#10 0x5590c390fcb8 <unknown>\n#11 0x5590c3913bf0 <unknown>\n#12 0x5590c391e19c <unknown>\n#13 0x5590c3914808 <unknown>\n#14 0x5590c38e127f <unknown>\n#15 0x5590c3938e88 <unknown>\n#16 0x5590c3939059 <unknown>\n#17 0x5590c3949843 <unknown>\n#18 0x7f0ac7a94b43 <unknown>\n\n","statusTrace":"  File \"/home/runner/work/Selenium-Python-Example/Selenium-Python-Example/.venv/lib/python3.11/site-packages/allure_commons/_allure.py\", line 192, in impl\n    return func(*a, **kw)\n           ^^^^^^^^^^^^^^\n  File \"/home/runner/work/Selenium-Python-Example/Selenium-Python-Example/pages/about_page.py\", line 20, in click_login_link\n    self.click(self.LOGIN_LINK)\n  File \"/home/runner/work/Selenium-Python-Example/Selenium-Python-Example/pages/base_page.py\", line 38, in click\n    el: WebElement = self.wait.until(\n                     ^^^^^^^^^^^^^^^^\n  File \"/home/runner/work/Selenium-Python-Example/Selenium-Python-Example/.venv/lib/python3.11/site-packages/selenium/webdriver/support/wait.py\", line 95, in until\n    raise TimeoutException(message, screen, stacktrace)\n","steps":[],"attachments":[],"parameters":[],"shouldDisplayMessage":true,"stepsCount":0,"attachmentsCount":0,"hasContent":true}],"attachments":[{"uid":"16e08d20d4daab42","name":"public ip address","source":"16e08d20d4daab42.txt","type":"text/plain","size":12},{"uid":"e7f6824542480f48","name":"Cookies","source":"e7f6824542480f48.json","type":"application/json","size":2018},{"uid":"c61872a2218b6bd5","name":"Session Storage","source":"c61872a2218b6bd5.json","type":"application/json","size":333},{"uid":"225687df2611e227","name":"Local Storage","source":"225687df2611e227.json","type":"application/json","size":208},{"uid":"a2df33bfddd3df81","name":"Console Logs","source":"a2df33bfddd3df81.json","type":"application/json","size":2},{"uid":"14fcbdc8a66db8f","name":"Full Page Screenshot","source":"14fcbdc8a66db8f.png","type":"image/png","size":497819},{"uid":"6e73d47a9ff5fbe5","name":"URL","source":"6e73d47a9ff5fbe5.uri","type":"text/uri-list","size":23},{"uid":"69ff28811cd7ed9a","name":"Network Logs","source":"69ff28811cd7ed9a.json","type":"application/json","size":26972}],"parameters":[],"shouldDisplayMessage":true,"stepsCount":1,"attachmentsCount":8,"hasContent":true},"afterStages":[],"labels":[{"name":"severity","value":"blocker"},{"name":"epic","value":"Security"},{"name":"tag","value":"Tagged test"},{"name":"feature","value":"Login"},{"name":"tag","value":"flaky(reruns=1)"},{"name":"tag","value":"security"},{"name":"parentSuite","value":"tests"},{"name":"suite","value":"login_test"},{"name":"subSuite","value":"TestLogin"},{"name":"host","value":"fv-az444-814"},{"name":"thread","value":"2168-MainThread"},{"name":"framework","value":"pytest"},{"name":"language","value":"cpython3"},{"name":"package","value":"tests.login_test"},{"name":"resultFormat","value":"allure2"}],"parameters":[],"links":[],"hidden":false,"retry":false,"extra":{"severity":"blocker","retries":[{"uid":"47932356928dce3e","status":"broken","statusDetails":"selenium.common.exceptions.TimeoutException: Message: \nStacktrace:\n#0 0x561fa9c526b3 <unknown>\n#1 0x561fa99281e7 <unknown>\n#2 0x561fa996f566 <unknown>\n#3 0x561fa996f651 <unknown>\n#4 0x561fa99aca74 <unknown>\n#5 0x561fa99910ed <unknown>\n#6 0x561fa99aa322 <unknown>\n#7 0x561fa9990e93 <unknown>\n#8 0x561fa9963934 <unknown>\n#9 0x561fa996471e <unknown>\n#10 0x561fa9c17cb8 <unknown>\n#11 0x561fa9c1bbf0 <unknown>\n#12 0x561fa9c2619c <unknown>\n#13 0x561fa9c1c808 <unknown>\n#14 0x561fa9be927f <unknown>\n#15 0x561fa9c40e88 <unknown>\n#16 0x561fa9c41059 <unknown>\n#17 0x561fa9c51843 <unknown>\n#18 0x7f6818494b43 <unknown>","time":{"start":1696295537581,"stop":1696295547882,"duration":10301}}],"categories":[{"name":"Test defects","matchedStatuses":[],"flaky":false}],"tags":["security","Tagged test","flaky(reruns=1)"]},"source":"418d5602ed85c684.json","parameterValues":[]}