{"uid":"3d8dece4d1da7abe","name":"Number of projects displayed in page test","fullName":"tests.workspaces_test.TestWorkspaces#test_number_of_existing_projects","historyId":"34e866e263d4a1ed453e065aefe8091d","time":{"start":1696900179195,"stop":1696900179195,"duration":0},"description":"Compare between the actual number of projects seen on page and the number shown in workspaces block","descriptionHtml":"<p>Compare between the actual number of projects seen on page and the number shown in workspaces block</p>\n","status":"broken","statusMessage":"selenium.common.exceptions.TimeoutException: Message: \nStacktrace:\n#0 0x560053d776b3 <unknown>\n#1 0x560053a4d1e7 <unknown>\n#2 0x560053a94566 <unknown>\n#3 0x560053a94651 <unknown>\n#4 0x560053ad1a74 <unknown>\n#5 0x560053ab60ed <unknown>\n#6 0x560053acf322 <unknown>\n#7 0x560053ab5e93 <unknown>\n#8 0x560053a88934 <unknown>\n#9 0x560053a8971e <unknown>\n#10 0x560053d3ccb8 <unknown>\n#11 0x560053d40bf0 <unknown>\n#12 0x560053d4b19c <unknown>\n#13 0x560053d41808 <unknown>\n#14 0x560053d0e27f <unknown>\n#15 0x560053d65e88 <unknown>\n#16 0x560053d66059 <unknown>\n#17 0x560053d76843 <unknown>\n#18 0x7fd156a94b43 <unknown>","statusTrace":"self = <tests.workspaces_test.TestWorkspaces object at 0x7f5b35438950>\n\n    @pytest.fixture(autouse=True)\n    def setup_method_fixture(self):\n>       login(self.about_page, self.login_page)\n\ntests/workspaces_test.py:24: \n_ _ _ _ _ _ _ _ _ _ _ _ _ _ _ _ _ _ _ _ _ _ _ _ _ _ _ _ _ _ _ _ _ _ _ _ _ _ _ _ \ntests/workspaces_test.py:14: in login\n    about_page.click_login_link()\npages/about_page.py:20: in click_login_link\n    self.click(self.LOGIN_LINK)\npages/base_page.py:38: in click\n    el: WebElement = self.wait.until(\n_ _ _ _ _ _ _ _ _ _ _ _ _ _ _ _ _ _ _ _ _ _ _ _ _ _ _ _ _ _ _ _ _ _ _ _ _ _ _ _ \n\nself = <selenium.webdriver.support.wait.WebDriverWait (session=\"73d63e4cdd3bb03835a81b58901e7f26\")>\nmethod = <function element_to_be_clickable.<locals>._predicate at 0x7f5b35510f40>\nmessage = ''\n\n    def until(self, method, message: str = \"\"):\n        \"\"\"Calls the method provided with the driver as an argument until the \\\n        return value does not evaluate to ``False``.\n    \n        :param method: callable(WebDriver)\n        :param message: optional message for :exc:`TimeoutException`\n        :returns: the result of the last call to `method`\n        :raises: :exc:`selenium.common.exceptions.TimeoutException` if timeout occurs\n        \"\"\"\n        screen = None\n        stacktrace = None\n    \n        end_time = time.monotonic() + self._timeout\n        while True:\n            try:\n                value = method(self._driver)\n                if value:\n                    return value\n            except self._ignored_exceptions as exc:\n                screen = getattr(exc, \"screen\", None)\n                stacktrace = getattr(exc, \"stacktrace\", None)\n            time.sleep(self._poll)\n            if time.monotonic() > end_time:\n                break\n>       raise TimeoutException(message, screen, stacktrace)\nE       selenium.common.exceptions.TimeoutException: Message: \nE       Stacktrace:\nE       #0 0x560053d776b3 <unknown>\nE       #1 0x560053a4d1e7 <unknown>\nE       #2 0x560053a94566 <unknown>\nE       #3 0x560053a94651 <unknown>\nE       #4 0x560053ad1a74 <unknown>\nE       #5 0x560053ab60ed <unknown>\nE       #6 0x560053acf322 <unknown>\nE       #7 0x560053ab5e93 <unknown>\nE       #8 0x560053a88934 <unknown>\nE       #9 0x560053a8971e <unknown>\nE       #10 0x560053d3ccb8 <unknown>\nE       #11 0x560053d40bf0 <unknown>\nE       #12 0x560053d4b19c <unknown>\nE       #13 0x560053d41808 <unknown>\nE       #14 0x560053d0e27f <unknown>\nE       #15 0x560053d65e88 <unknown>\nE       #16 0x560053d66059 <unknown>\nE       #17 0x560053d76843 <unknown>\nE       #18 0x7fd156a94b43 <unknown>\n\n.venv/lib/python3.11/site-packages/selenium/webdriver/support/wait.py:95: TimeoutException","flaky":false,"newFailed":false,"newBroken":false,"newPassed":false,"retriesCount":0,"retriesStatusChange":false,"beforeStages":[{"name":"_verify_url","time":{"start":1696900111224,"stop":1696900111224,"duration":0},"status":"passed","steps":[],"attachments":[],"parameters":[],"shouldDisplayMessage":false,"stepsCount":0,"attachmentsCount":0,"hasContent":false},{"name":"base_url","time":{"start":1696900111224,"stop":1696900111224,"duration":0},"status":"passed","steps":[],"attachments":[],"parameters":[],"shouldDisplayMessage":false,"stepsCount":0,"attachmentsCount":0,"hasContent":false},{"name":"setup_method_fixture","time":{"start":1696900182300,"stop":1696900192705,"duration":10405},"status":"broken","statusMessage":"selenium.common.exceptions.TimeoutException: Message: \nStacktrace:\n#0 0x560053d776b3 <unknown>\n#1 0x560053a4d1e7 <unknown>\n#2 0x560053a94566 <unknown>\n#3 0x560053a94651 <unknown>\n#4 0x560053ad1a74 <unknown>\n#5 0x560053ab60ed <unknown>\n#6 0x560053acf322 <unknown>\n#7 0x560053ab5e93 <unknown>\n#8 0x560053a88934 <unknown>\n#9 0x560053a8971e <unknown>\n#10 0x560053d3ccb8 <unknown>\n#11 0x560053d40bf0 <unknown>\n#12 0x560053d4b19c <unknown>\n#13 0x560053d41808 <unknown>\n#14 0x560053d0e27f <unknown>\n#15 0x560053d65e88 <unknown>\n#16 0x560053d66059 <unknown>\n#17 0x560053d76843 <unknown>\n#18 0x7fd156a94b43 <unknown>\n\n","statusTrace":"  File \"/home/runner/work/Selenium-Python-Example/Selenium-Python-Example/.venv/lib/python3.11/site-packages/pluggy/_callers.py\", line 80, in _multicall\n    res = hook_impl.function(*args)\n          ^^^^^^^^^^^^^^^^^^^^^^^^^\n  File \"/home/runner/work/Selenium-Python-Example/Selenium-Python-Example/.venv/lib/python3.11/site-packages/_pytest/fixtures.py\", line 1123, in pytest_fixture_setup\n    result = call_fixture_func(fixturefunc, request, kwargs)\n             ^^^^^^^^^^^^^^^^^^^^^^^^^^^^^^^^^^^^^^^^^^^^^^^\n  File \"/home/runner/work/Selenium-Python-Example/Selenium-Python-Example/.venv/lib/python3.11/site-packages/_pytest/fixtures.py\", line 902, in call_fixture_func\n    fixture_result = fixturefunc(**kwargs)\n                     ^^^^^^^^^^^^^^^^^^^^^\n  File \"/home/runner/work/Selenium-Python-Example/Selenium-Python-Example/tests/workspaces_test.py\", line 24, in setup_method_fixture\n    login(self.about_page, self.login_page)\n  File \"/home/runner/work/Selenium-Python-Example/Selenium-Python-Example/tests/workspaces_test.py\", line 14, in login\n    about_page.click_login_link()\n  File \"/home/runner/work/Selenium-Python-Example/Selenium-Python-Example/.venv/lib/python3.11/site-packages/allure_commons/_allure.py\", line 192, in impl\n    return func(*a, **kw)\n           ^^^^^^^^^^^^^^\n  File \"/home/runner/work/Selenium-Python-Example/Selenium-Python-Example/pages/about_page.py\", line 20, in click_login_link\n    self.click(self.LOGIN_LINK)\n  File \"/home/runner/work/Selenium-Python-Example/Selenium-Python-Example/pages/base_page.py\", line 38, in click\n    el: WebElement = self.wait.until(\n                     ^^^^^^^^^^^^^^^^\n  File \"/home/runner/work/Selenium-Python-Example/Selenium-Python-Example/.venv/lib/python3.11/site-packages/selenium/webdriver/support/wait.py\", line 95, in until\n    raise TimeoutException(message, screen, stacktrace)\n","steps":[{"name":"Click Login link","time":{"start":1696900182301,"stop":1696900192704,"duration":10403},"status":"broken","statusMessage":"selenium.common.exceptions.TimeoutException: Message: \nStacktrace:\n#0 0x560053d776b3 <unknown>\n#1 0x560053a4d1e7 <unknown>\n#2 0x560053a94566 <unknown>\n#3 0x560053a94651 <unknown>\n#4 0x560053ad1a74 <unknown>\n#5 0x560053ab60ed <unknown>\n#6 0x560053acf322 <unknown>\n#7 0x560053ab5e93 <unknown>\n#8 0x560053a88934 <unknown>\n#9 0x560053a8971e <unknown>\n#10 0x560053d3ccb8 <unknown>\n#11 0x560053d40bf0 <unknown>\n#12 0x560053d4b19c <unknown>\n#13 0x560053d41808 <unknown>\n#14 0x560053d0e27f <unknown>\n#15 0x560053d65e88 <unknown>\n#16 0x560053d66059 <unknown>\n#17 0x560053d76843 <unknown>\n#18 0x7fd156a94b43 <unknown>\n\n","statusTrace":"  File \"/home/runner/work/Selenium-Python-Example/Selenium-Python-Example/.venv/lib/python3.11/site-packages/allure_commons/_allure.py\", line 192, in impl\n    return func(*a, **kw)\n           ^^^^^^^^^^^^^^\n  File \"/home/runner/work/Selenium-Python-Example/Selenium-Python-Example/pages/about_page.py\", line 20, in click_login_link\n    self.click(self.LOGIN_LINK)\n  File \"/home/runner/work/Selenium-Python-Example/Selenium-Python-Example/pages/base_page.py\", line 38, in click\n    el: WebElement = self.wait.until(\n                     ^^^^^^^^^^^^^^^^\n  File \"/home/runner/work/Selenium-Python-Example/Selenium-Python-Example/.venv/lib/python3.11/site-packages/selenium/webdriver/support/wait.py\", line 95, in until\n    raise TimeoutException(message, screen, stacktrace)\n","steps":[],"attachments":[],"parameters":[],"shouldDisplayMessage":true,"stepsCount":0,"attachmentsCount":0,"hasContent":true}],"attachments":[],"parameters":[],"shouldDisplayMessage":false,"stepsCount":1,"attachmentsCount":0,"hasContent":true}],"testStage":{"description":"Compare between the actual number of projects seen on page and the number shown in workspaces block","status":"broken","statusMessage":"selenium.common.exceptions.TimeoutException: Message: \nStacktrace:\n#0 0x560053d776b3 <unknown>\n#1 0x560053a4d1e7 <unknown>\n#2 0x560053a94566 <unknown>\n#3 0x560053a94651 <unknown>\n#4 0x560053ad1a74 <unknown>\n#5 0x560053ab60ed <unknown>\n#6 0x560053acf322 <unknown>\n#7 0x560053ab5e93 <unknown>\n#8 0x560053a88934 <unknown>\n#9 0x560053a8971e <unknown>\n#10 0x560053d3ccb8 <unknown>\n#11 0x560053d40bf0 <unknown>\n#12 0x560053d4b19c <unknown>\n#13 0x560053d41808 <unknown>\n#14 0x560053d0e27f <unknown>\n#15 0x560053d65e88 <unknown>\n#16 0x560053d66059 <unknown>\n#17 0x560053d76843 <unknown>\n#18 0x7fd156a94b43 <unknown>","statusTrace":"self = <tests.workspaces_test.TestWorkspaces object at 0x7f5b35438950>\n\n    @pytest.fixture(autouse=True)\n    def setup_method_fixture(self):\n>       login(self.about_page, self.login_page)\n\ntests/workspaces_test.py:24: \n_ _ _ _ _ _ _ _ _ _ _ _ _ _ _ _ _ _ _ _ _ _ _ _ _ _ _ _ _ _ _ _ _ _ _ _ _ _ _ _ \ntests/workspaces_test.py:14: in login\n    about_page.click_login_link()\npages/about_page.py:20: in click_login_link\n    self.click(self.LOGIN_LINK)\npages/base_page.py:38: in click\n    el: WebElement = self.wait.until(\n_ _ _ _ _ _ _ _ _ _ _ _ _ _ _ _ _ _ _ _ _ _ _ _ _ _ _ _ _ _ _ _ _ _ _ _ _ _ _ _ \n\nself = <selenium.webdriver.support.wait.WebDriverWait (session=\"73d63e4cdd3bb03835a81b58901e7f26\")>\nmethod = <function element_to_be_clickable.<locals>._predicate at 0x7f5b35510f40>\nmessage = ''\n\n    def until(self, method, message: str = \"\"):\n        \"\"\"Calls the method provided with the driver as an argument until the \\\n        return value does not evaluate to ``False``.\n    \n        :param method: callable(WebDriver)\n        :param message: optional message for :exc:`TimeoutException`\n        :returns: the result of the last call to `method`\n        :raises: :exc:`selenium.common.exceptions.TimeoutException` if timeout occurs\n        \"\"\"\n        screen = None\n        stacktrace = None\n    \n        end_time = time.monotonic() + self._timeout\n        while True:\n            try:\n                value = method(self._driver)\n                if value:\n                    return value\n            except self._ignored_exceptions as exc:\n                screen = getattr(exc, \"screen\", None)\n                stacktrace = getattr(exc, \"stacktrace\", None)\n            time.sleep(self._poll)\n            if time.monotonic() > end_time:\n                break\n>       raise TimeoutException(message, screen, stacktrace)\nE       selenium.common.exceptions.TimeoutException: Message: \nE       Stacktrace:\nE       #0 0x560053d776b3 <unknown>\nE       #1 0x560053a4d1e7 <unknown>\nE       #2 0x560053a94566 <unknown>\nE       #3 0x560053a94651 <unknown>\nE       #4 0x560053ad1a74 <unknown>\nE       #5 0x560053ab60ed <unknown>\nE       #6 0x560053acf322 <unknown>\nE       #7 0x560053ab5e93 <unknown>\nE       #8 0x560053a88934 <unknown>\nE       #9 0x560053a8971e <unknown>\nE       #10 0x560053d3ccb8 <unknown>\nE       #11 0x560053d40bf0 <unknown>\nE       #12 0x560053d4b19c <unknown>\nE       #13 0x560053d41808 <unknown>\nE       #14 0x560053d0e27f <unknown>\nE       #15 0x560053d65e88 <unknown>\nE       #16 0x560053d66059 <unknown>\nE       #17 0x560053d76843 <unknown>\nE       #18 0x7fd156a94b43 <unknown>\n\n.venv/lib/python3.11/site-packages/selenium/webdriver/support/wait.py:95: TimeoutException","steps":[],"attachments":[{"uid":"73e3b9d7f9fbdf3d","name":"public ip address","source":"73e3b9d7f9fbdf3d.txt","type":"text/plain","size":12},{"uid":"6a61dee4257cbb6b","name":"Cookies","source":"6a61dee4257cbb6b.json","type":"application/json","size":2018},{"uid":"29b74d2d6bd766b7","name":"Session Storage","source":"29b74d2d6bd766b7.json","type":"application/json","size":333},{"uid":"25d3e923e41dd3b5","name":"Local Storage","source":"25d3e923e41dd3b5.json","type":"application/json","size":208},{"uid":"977d78b431aa40ea","name":"Console Logs","source":"977d78b431aa40ea.json","type":"application/json","size":2},{"uid":"52cee232f784fac9","name":"Full Page Screenshot","source":"52cee232f784fac9.png","type":"image/png","size":497819},{"uid":"2c4dc8c7062bb1f8","name":"URL","source":"2c4dc8c7062bb1f8.uri","type":"text/uri-list","size":23},{"uid":"40bd239328521d8c","name":"Network Logs","source":"40bd239328521d8c.json","type":"application/json","size":26749}],"parameters":[],"shouldDisplayMessage":true,"stepsCount":0,"attachmentsCount":8,"hasContent":true},"afterStages":[],"labels":[{"name":"epic","value":"Workspaces"},{"name":"story","value":"WorkSpaces Creation and Editing Functionality"},{"name":"severity","value":"normal"},{"name":"tag","value":"run(order=4)"},{"name":"parentSuite","value":"tests"},{"name":"suite","value":"workspaces_test"},{"name":"subSuite","value":"TestWorkspaces"},{"name":"host","value":"fv-az206-434"},{"name":"thread","value":"2188-MainThread"},{"name":"framework","value":"pytest"},{"name":"language","value":"cpython3"},{"name":"package","value":"tests.workspaces_test"},{"name":"resultFormat","value":"allure2"}],"parameters":[],"links":[],"hidden":false,"retry":false,"extra":{"severity":"normal","retries":[],"categories":[{"name":"Test defects","matchedStatuses":[],"flaky":false}],"tags":["run(order=4)"]},"source":"3d8dece4d1da7abe.json","parameterValues":[]}