{"uid":"7f811b966c260093","name":"Rename an existing workspace test","fullName":"tests.workspaces_test.TestWorkspaces#test_rename_workspace","historyId":"cd63adf5d11191c5904362b968c9e131","time":{"start":1726709269359,"stop":1726709269359,"duration":0},"description":"Rename an existing workspace","descriptionHtml":"<p>Rename an existing workspace</p>\n","status":"broken","statusMessage":"selenium.common.exceptions.TimeoutException: Message: \nStacktrace:\n#0 0x55b32279b2da <unknown>\n#1 0x55b322469200 <unknown>\n#2 0x55b3224b8aa2 <unknown>\n#3 0x55b3224b8d41 <unknown>\n#4 0x55b3224fe964 <unknown>\n#5 0x55b3224dd8fd <unknown>\n#6 0x55b3224fbdfd <unknown>\n#7 0x55b3224dd673 <unknown>\n#8 0x55b3224ab473 <unknown>\n#9 0x55b3224ac47e <unknown>\n#10 0x55b3227620db <unknown>\n#11 0x55b322766071 <unknown>\n#12 0x55b32274e9d5 <unknown>\n#13 0x55b322766bf2 <unknown>\n#14 0x55b322733b6f <unknown>\n#15 0x55b32278a248 <unknown>\n#16 0x55b32278a417 <unknown>\n#17 0x55b32279a0cc <unknown>\n#18 0x7f4331494ac3 <unknown>","statusTrace":"self = <tests.workspaces_test.TestWorkspaces object at 0x7f00d28b9a00>\n\n    @pytest.fixture(autouse=True)\n    def setup_method_fixture(self):\n>       login(self.about_page, self.login_page)\n\ntests/workspaces_test.py:25: \n_ _ _ _ _ _ _ _ _ _ _ _ _ _ _ _ _ _ _ _ _ _ _ _ _ _ _ _ _ _ _ _ _ _ _ _ _ _ _ _ \ntests/workspaces_test.py:15: in login\n    about_page.click_login_link()\npages/about_page.py:20: in click_login_link\n    self.click(self.LOGIN_LINK)\npages/base_page.py:60: in click\n    el: WebElement = self.wait.until(\n_ _ _ _ _ _ _ _ _ _ _ _ _ _ _ _ _ _ _ _ _ _ _ _ _ _ _ _ _ _ _ _ _ _ _ _ _ _ _ _ \n\nself = <selenium.webdriver.support.wait.WebDriverWait (session=\"1efd6b12380418450788ad794e1224bb\")>\nmethod = <function element_to_be_clickable.<locals>._predicate at 0x7f00d1d59080>\nmessage = ''\n\n    def until(self, method: Callable[[D], Union[Literal[False], T]], message: str = \"\") -> T:\n        \"\"\"Calls the method provided with the driver as an argument until the \\\n        return value does not evaluate to ``False``.\n    \n        :param method: callable(WebDriver)\n        :param message: optional message for :exc:`TimeoutException`\n        :returns: the result of the last call to `method`\n        :raises: :exc:`selenium.common.exceptions.TimeoutException` if timeout occurs\n        \"\"\"\n        screen = None\n        stacktrace = None\n    \n        end_time = time.monotonic() + self._timeout\n        while True:\n            try:\n                value = method(self._driver)\n                if value:\n                    return value\n            except self._ignored_exceptions as exc:\n                screen = getattr(exc, \"screen\", None)\n                stacktrace = getattr(exc, \"stacktrace\", None)\n            time.sleep(self._poll)\n            if time.monotonic() > end_time:\n                break\n>       raise TimeoutException(message, screen, stacktrace)\nE       selenium.common.exceptions.TimeoutException: Message: \nE       Stacktrace:\nE       #0 0x55b32279b2da <unknown>\nE       #1 0x55b322469200 <unknown>\nE       #2 0x55b3224b8aa2 <unknown>\nE       #3 0x55b3224b8d41 <unknown>\nE       #4 0x55b3224fe964 <unknown>\nE       #5 0x55b3224dd8fd <unknown>\nE       #6 0x55b3224fbdfd <unknown>\nE       #7 0x55b3224dd673 <unknown>\nE       #8 0x55b3224ab473 <unknown>\nE       #9 0x55b3224ac47e <unknown>\nE       #10 0x55b3227620db <unknown>\nE       #11 0x55b322766071 <unknown>\nE       #12 0x55b32274e9d5 <unknown>\nE       #13 0x55b322766bf2 <unknown>\nE       #14 0x55b322733b6f <unknown>\nE       #15 0x55b32278a248 <unknown>\nE       #16 0x55b32278a417 <unknown>\nE       #17 0x55b32279a0cc <unknown>\nE       #18 0x7f4331494ac3 <unknown>\n\n.venv/lib/python3.12/site-packages/selenium/webdriver/support/wait.py:105: TimeoutException","flaky":false,"newFailed":false,"newBroken":false,"newPassed":false,"retriesCount":0,"retriesStatusChange":false,"beforeStages":[{"name":"session_request","time":{"start":1726709256158,"stop":1726709256159,"duration":1},"status":"passed","steps":[],"attachments":[],"parameters":[],"shouldDisplayMessage":false,"stepsCount":0,"attachmentsCount":0,"hasContent":false,"attachmentStep":false},{"name":"_verify_url","time":{"start":1726709256158,"stop":1726709256158,"duration":0},"status":"passed","steps":[],"attachments":[],"parameters":[],"shouldDisplayMessage":false,"stepsCount":0,"attachmentsCount":0,"hasContent":false,"attachmentStep":false},{"name":"base_url","time":{"start":1726709256158,"stop":1726709256158,"duration":0},"status":"passed","steps":[],"attachments":[],"parameters":[],"shouldDisplayMessage":false,"stepsCount":0,"attachmentsCount":0,"hasContent":false,"attachmentStep":false},{"name":"data","time":{"start":1726709256159,"stop":1726709256160,"duration":1},"status":"passed","steps":[],"attachments":[],"parameters":[],"shouldDisplayMessage":false,"stepsCount":0,"attachmentsCount":0,"hasContent":false,"attachmentStep":false},{"name":"setup_method_fixture","time":{"start":1726709271505,"stop":1726709281832,"duration":10327},"status":"broken","statusMessage":"selenium.common.exceptions.TimeoutException: Message: \nStacktrace:\n#0 0x55b32279b2da <unknown>\n#1 0x55b322469200 <unknown>\n#2 0x55b3224b8aa2 <unknown>\n#3 0x55b3224b8d41 <unknown>\n#4 0x55b3224fe964 <unknown>\n#5 0x55b3224dd8fd <unknown>\n#6 0x55b3224fbdfd <unknown>\n#7 0x55b3224dd673 <unknown>\n#8 0x55b3224ab473 <unknown>\n#9 0x55b3224ac47e <unknown>\n#10 0x55b3227620db <unknown>\n#11 0x55b322766071 <unknown>\n#12 0x55b32274e9d5 <unknown>\n#13 0x55b322766bf2 <unknown>\n#14 0x55b322733b6f <unknown>\n#15 0x55b32278a248 <unknown>\n#16 0x55b32278a417 <unknown>\n#17 0x55b32279a0cc <unknown>\n#18 0x7f4331494ac3 <unknown>\n\n","statusTrace":"  File \"/home/runner/work/Selenium-Python-Example/Selenium-Python-Example/.venv/lib/python3.12/site-packages/pluggy/_callers.py\", line 167, in _multicall\n    teardown.throw(outcome._exception)\n  File \"/home/runner/work/Selenium-Python-Example/Selenium-Python-Example/.venv/lib/python3.12/site-packages/_pytest/setuponly.py\", line 36, in pytest_fixture_setup\n    return (yield)\n            ^^^^^\n  File \"/home/runner/work/Selenium-Python-Example/Selenium-Python-Example/.venv/lib/python3.12/site-packages/pluggy/_callers.py\", line 103, in _multicall\n    res = hook_impl.function(*args)\n          ^^^^^^^^^^^^^^^^^^^^^^^^^\n  File \"/home/runner/work/Selenium-Python-Example/Selenium-Python-Example/.venv/lib/python3.12/site-packages/_pytest/fixtures.py\", line 1139, in pytest_fixture_setup\n    result = call_fixture_func(fixturefunc, request, kwargs)\n             ^^^^^^^^^^^^^^^^^^^^^^^^^^^^^^^^^^^^^^^^^^^^^^^\n  File \"/home/runner/work/Selenium-Python-Example/Selenium-Python-Example/.venv/lib/python3.12/site-packages/_pytest/fixtures.py\", line 897, in call_fixture_func\n    fixture_result = fixturefunc(**kwargs)\n                     ^^^^^^^^^^^^^^^^^^^^^\n  File \"/home/runner/work/Selenium-Python-Example/Selenium-Python-Example/tests/workspaces_test.py\", line 25, in setup_method_fixture\n    login(self.about_page, self.login_page)\n  File \"/home/runner/work/Selenium-Python-Example/Selenium-Python-Example/tests/workspaces_test.py\", line 15, in login\n    about_page.click_login_link()\n  File \"/home/runner/work/Selenium-Python-Example/Selenium-Python-Example/.venv/lib/python3.12/site-packages/allure_commons/_allure.py\", line 192, in impl\n    return func(*a, **kw)\n           ^^^^^^^^^^^^^^\n  File \"/home/runner/work/Selenium-Python-Example/Selenium-Python-Example/pages/about_page.py\", line 20, in click_login_link\n    self.click(self.LOGIN_LINK)\n  File \"/home/runner/work/Selenium-Python-Example/Selenium-Python-Example/pages/base_page.py\", line 60, in click\n    el: WebElement = self.wait.until(\n                     ^^^^^^^^^^^^^^^^\n  File \"/home/runner/work/Selenium-Python-Example/Selenium-Python-Example/.venv/lib/python3.12/site-packages/selenium/webdriver/support/wait.py\", line 105, in until\n    raise TimeoutException(message, screen, stacktrace)\n","steps":[{"name":"Click Login link","time":{"start":1726709271505,"stop":1726709281831,"duration":10326},"status":"broken","statusMessage":"selenium.common.exceptions.TimeoutException: Message: \nStacktrace:\n#0 0x55b32279b2da <unknown>\n#1 0x55b322469200 <unknown>\n#2 0x55b3224b8aa2 <unknown>\n#3 0x55b3224b8d41 <unknown>\n#4 0x55b3224fe964 <unknown>\n#5 0x55b3224dd8fd <unknown>\n#6 0x55b3224fbdfd <unknown>\n#7 0x55b3224dd673 <unknown>\n#8 0x55b3224ab473 <unknown>\n#9 0x55b3224ac47e <unknown>\n#10 0x55b3227620db <unknown>\n#11 0x55b322766071 <unknown>\n#12 0x55b32274e9d5 <unknown>\n#13 0x55b322766bf2 <unknown>\n#14 0x55b322733b6f <unknown>\n#15 0x55b32278a248 <unknown>\n#16 0x55b32278a417 <unknown>\n#17 0x55b32279a0cc <unknown>\n#18 0x7f4331494ac3 <unknown>\n\n","statusTrace":"  File \"/home/runner/work/Selenium-Python-Example/Selenium-Python-Example/.venv/lib/python3.12/site-packages/allure_commons/_allure.py\", line 192, in impl\n    return func(*a, **kw)\n           ^^^^^^^^^^^^^^\n  File \"/home/runner/work/Selenium-Python-Example/Selenium-Python-Example/pages/about_page.py\", line 20, in click_login_link\n    self.click(self.LOGIN_LINK)\n  File \"/home/runner/work/Selenium-Python-Example/Selenium-Python-Example/pages/base_page.py\", line 60, in click\n    el: WebElement = self.wait.until(\n                     ^^^^^^^^^^^^^^^^\n  File \"/home/runner/work/Selenium-Python-Example/Selenium-Python-Example/.venv/lib/python3.12/site-packages/selenium/webdriver/support/wait.py\", line 105, in until\n    raise TimeoutException(message, screen, stacktrace)\n","steps":[],"attachments":[],"parameters":[],"shouldDisplayMessage":true,"stepsCount":0,"attachmentsCount":0,"hasContent":true,"attachmentStep":false}],"attachments":[],"parameters":[],"shouldDisplayMessage":false,"stepsCount":1,"attachmentsCount":0,"hasContent":true,"attachmentStep":false}],"testStage":{"description":"Rename an existing workspace","status":"broken","statusMessage":"selenium.common.exceptions.TimeoutException: Message: \nStacktrace:\n#0 0x55b32279b2da <unknown>\n#1 0x55b322469200 <unknown>\n#2 0x55b3224b8aa2 <unknown>\n#3 0x55b3224b8d41 <unknown>\n#4 0x55b3224fe964 <unknown>\n#5 0x55b3224dd8fd <unknown>\n#6 0x55b3224fbdfd <unknown>\n#7 0x55b3224dd673 <unknown>\n#8 0x55b3224ab473 <unknown>\n#9 0x55b3224ac47e <unknown>\n#10 0x55b3227620db <unknown>\n#11 0x55b322766071 <unknown>\n#12 0x55b32274e9d5 <unknown>\n#13 0x55b322766bf2 <unknown>\n#14 0x55b322733b6f <unknown>\n#15 0x55b32278a248 <unknown>\n#16 0x55b32278a417 <unknown>\n#17 0x55b32279a0cc <unknown>\n#18 0x7f4331494ac3 <unknown>","statusTrace":"self = <tests.workspaces_test.TestWorkspaces object at 0x7f00d28b9a00>\n\n    @pytest.fixture(autouse=True)\n    def setup_method_fixture(self):\n>       login(self.about_page, self.login_page)\n\ntests/workspaces_test.py:25: \n_ _ _ _ _ _ _ _ _ _ _ _ _ _ _ _ _ _ _ _ _ _ _ _ _ _ _ _ _ _ _ _ _ _ _ _ _ _ _ _ \ntests/workspaces_test.py:15: in login\n    about_page.click_login_link()\npages/about_page.py:20: in click_login_link\n    self.click(self.LOGIN_LINK)\npages/base_page.py:60: in click\n    el: WebElement = self.wait.until(\n_ _ _ _ _ _ _ _ _ _ _ _ _ _ _ _ _ _ _ _ _ _ _ _ _ _ _ _ _ _ _ _ _ _ _ _ _ _ _ _ \n\nself = <selenium.webdriver.support.wait.WebDriverWait (session=\"1efd6b12380418450788ad794e1224bb\")>\nmethod = <function element_to_be_clickable.<locals>._predicate at 0x7f00d1d59080>\nmessage = ''\n\n    def until(self, method: Callable[[D], Union[Literal[False], T]], message: str = \"\") -> T:\n        \"\"\"Calls the method provided with the driver as an argument until the \\\n        return value does not evaluate to ``False``.\n    \n        :param method: callable(WebDriver)\n        :param message: optional message for :exc:`TimeoutException`\n        :returns: the result of the last call to `method`\n        :raises: :exc:`selenium.common.exceptions.TimeoutException` if timeout occurs\n        \"\"\"\n        screen = None\n        stacktrace = None\n    \n        end_time = time.monotonic() + self._timeout\n        while True:\n            try:\n                value = method(self._driver)\n                if value:\n                    return value\n            except self._ignored_exceptions as exc:\n                screen = getattr(exc, \"screen\", None)\n                stacktrace = getattr(exc, \"stacktrace\", None)\n            time.sleep(self._poll)\n            if time.monotonic() > end_time:\n                break\n>       raise TimeoutException(message, screen, stacktrace)\nE       selenium.common.exceptions.TimeoutException: Message: \nE       Stacktrace:\nE       #0 0x55b32279b2da <unknown>\nE       #1 0x55b322469200 <unknown>\nE       #2 0x55b3224b8aa2 <unknown>\nE       #3 0x55b3224b8d41 <unknown>\nE       #4 0x55b3224fe964 <unknown>\nE       #5 0x55b3224dd8fd <unknown>\nE       #6 0x55b3224fbdfd <unknown>\nE       #7 0x55b3224dd673 <unknown>\nE       #8 0x55b3224ab473 <unknown>\nE       #9 0x55b3224ac47e <unknown>\nE       #10 0x55b3227620db <unknown>\nE       #11 0x55b322766071 <unknown>\nE       #12 0x55b32274e9d5 <unknown>\nE       #13 0x55b322766bf2 <unknown>\nE       #14 0x55b322733b6f <unknown>\nE       #15 0x55b32278a248 <unknown>\nE       #16 0x55b32278a417 <unknown>\nE       #17 0x55b32279a0cc <unknown>\nE       #18 0x7f4331494ac3 <unknown>\n\n.venv/lib/python3.12/site-packages/selenium/webdriver/support/wait.py:105: TimeoutException","steps":[{"name":"public ip address","time":{"start":1726709281844,"stop":1726709281861,"duration":17},"status":"passed","steps":[],"attachments":[{"uid":"1628bb236e0e140c","name":"HTTP logs of http://checkip.amazonaws.com/","source":"1628bb236e0e140c.txt","type":"text/plain","size":357}],"parameters":[],"shouldDisplayMessage":false,"stepsCount":0,"attachmentsCount":1,"hasContent":true,"attachmentStep":false}],"attachments":[{"uid":"86f2d59865aff8e","name":"Cookies","source":"86f2d59865aff8e.json","type":"application/json","size":3586},{"uid":"506d678aff67e0b5","name":"Session Storage","source":"506d678aff67e0b5.json","type":"application/json","size":358},{"uid":"fdf93f29d2adfa96","name":"Local Storage","source":"fdf93f29d2adfa96.json","type":"application/json","size":350},{"uid":"9ac48b737363f00c","name":"Console Logs","source":"9ac48b737363f00c.json","type":"application/json","size":236},{"uid":"40a1bbd41aa780e","name":"Full Page Screenshot","source":"40a1bbd41aa780e.png","type":"image/png","size":4643828},{"uid":"3505a91334be2d","name":"URL","source":"3505a91334be2d.uri","type":"text/uri-list","size":23},{"uid":"9c01bf93c6290b0c","name":"Network Logs","source":"9c01bf93c6290b0c.json","type":"application/json","size":66481}],"parameters":[],"shouldDisplayMessage":true,"stepsCount":1,"attachmentsCount":8,"hasContent":true,"attachmentStep":false},"afterStages":[{"name":"session_request::0","time":{"start":1726709424678,"stop":1726709424678,"duration":0},"status":"passed","steps":[],"attachments":[],"parameters":[],"shouldDisplayMessage":false,"stepsCount":0,"attachmentsCount":0,"hasContent":false,"attachmentStep":false}],"labels":[{"name":"story","value":"WorkSpaces Creation and Editing Functionality"},{"name":"severity","value":"normal"},{"name":"epic","value":"Workspaces"},{"name":"tag","value":"run(order=2)"},{"name":"parentSuite","value":"tests"},{"name":"suite","value":"workspaces_test"},{"name":"subSuite","value":"TestWorkspaces"},{"name":"host","value":"fv-az1984-731"},{"name":"thread","value":"1898-MainThread"},{"name":"framework","value":"pytest"},{"name":"language","value":"cpython3"},{"name":"package","value":"tests.workspaces_test"},{"name":"resultFormat","value":"allure2"}],"parameters":[],"links":[],"hidden":false,"retry":false,"extra":{"severity":"normal","retries":[],"categories":[{"name":"Test defects","matchedStatuses":[],"flaky":false}],"tags":["run(order=2)"]},"source":"7f811b966c260093.json","parameterValues":[]}