{"uid":"3ac9783d91459b49","name":"Search for existing project test","fullName":"tests.workspaces_test.TestWorkspaces#test_search_project","historyId":"89e36300939846c9ff65d6b54eed8329","time":{"start":1733795381122,"stop":1733795381122,"duration":0},"description":"Search for an existing project","descriptionHtml":"<p>Search for an existing project</p>\n","status":"broken","statusMessage":"selenium.common.exceptions.TimeoutException: Message: \nStacktrace:\n#0 0x55bd6a25c31a <unknown>\n#1 0x55bd69d726e0 <unknown>\n#2 0x55bd69dc13e6 <unknown>\n#3 0x55bd69dc1681 <unknown>\n#4 0x55bd69e06b04 <unknown>\n#5 0x55bd69de548d <unknown>\n#6 0x55bd69e03ed7 <unknown>\n#7 0x55bd69de5203 <unknown>\n#8 0x55bd69db3cc0 <unknown>\n#9 0x55bd69db4c9e <unknown>\n#10 0x55bd6a229d0b <unknown>\n#11 0x55bd6a22dc92 <unknown>\n#12 0x55bd6a216b3c <unknown>\n#13 0x55bd6a22e807 <unknown>\n#14 0x55bd6a1fc0df <unknown>\n#15 0x55bd6a24b578 <unknown>\n#16 0x55bd6a24b740 <unknown>\n#17 0x55bd6a25b196 <unknown>\n#18 0x7f0583a94ac3 <unknown>","statusTrace":"self = <tests.workspaces_test.TestWorkspaces object at 0x7f67cad9b5c0>\n\n    @pytest.fixture(autouse=True)\n    def setup_method_fixture(self):\n>       login(self.about_page, self.login_page)\n\ntests/workspaces_test.py:25: \n_ _ _ _ _ _ _ _ _ _ _ _ _ _ _ _ _ _ _ _ _ _ _ _ _ _ _ _ _ _ _ _ _ _ _ _ _ _ _ _ \ntests/workspaces_test.py:15: in login\n    about_page.click_login_link()\npages/about_page.py:20: in click_login_link\n    self.click(self.LOGIN_LINK)\npages/base_page.py:60: in click\n    el: WebElement = self.wait.until(\n_ _ _ _ _ _ _ _ _ _ _ _ _ _ _ _ _ _ _ _ _ _ _ _ _ _ _ _ _ _ _ _ _ _ _ _ _ _ _ _ \n\nself = <selenium.webdriver.support.wait.WebDriverWait (session=\"3f96fa4c0482aaf4edf48d518b408583\")>\nmethod = <function element_to_be_clickable.<locals>._predicate at 0x7f67caa8d1c0>\nmessage = ''\n\n    def until(self, method: Callable[[D], Union[Literal[False], T]], message: str = \"\") -> T:\n        \"\"\"Calls the method provided with the driver as an argument until the \\\n        return value does not evaluate to ``False``.\n    \n        :param method: callable(WebDriver)\n        :param message: optional message for :exc:`TimeoutException`\n        :returns: the result of the last call to `method`\n        :raises: :exc:`selenium.common.exceptions.TimeoutException` if timeout occurs\n        \"\"\"\n        screen = None\n        stacktrace = None\n    \n        end_time = time.monotonic() + self._timeout\n        while True:\n            try:\n                value = method(self._driver)\n                if value:\n                    return value\n            except self._ignored_exceptions as exc:\n                screen = getattr(exc, \"screen\", None)\n                stacktrace = getattr(exc, \"stacktrace\", None)\n            if time.monotonic() > end_time:\n                break\n            time.sleep(self._poll)\n>       raise TimeoutException(message, screen, stacktrace)\nE       selenium.common.exceptions.TimeoutException: Message: \nE       Stacktrace:\nE       #0 0x55bd6a25c31a <unknown>\nE       #1 0x55bd69d726e0 <unknown>\nE       #2 0x55bd69dc13e6 <unknown>\nE       #3 0x55bd69dc1681 <unknown>\nE       #4 0x55bd69e06b04 <unknown>\nE       #5 0x55bd69de548d <unknown>\nE       #6 0x55bd69e03ed7 <unknown>\nE       #7 0x55bd69de5203 <unknown>\nE       #8 0x55bd69db3cc0 <unknown>\nE       #9 0x55bd69db4c9e <unknown>\nE       #10 0x55bd6a229d0b <unknown>\nE       #11 0x55bd6a22dc92 <unknown>\nE       #12 0x55bd6a216b3c <unknown>\nE       #13 0x55bd6a22e807 <unknown>\nE       #14 0x55bd6a1fc0df <unknown>\nE       #15 0x55bd6a24b578 <unknown>\nE       #16 0x55bd6a24b740 <unknown>\nE       #17 0x55bd6a25b196 <unknown>\nE       #18 0x7f0583a94ac3 <unknown>\n\n.venv/lib/python3.12/site-packages/selenium/webdriver/support/wait.py:105: TimeoutException","flaky":false,"newFailed":false,"newBroken":false,"newPassed":false,"retriesCount":0,"retriesStatusChange":false,"beforeStages":[{"name":"base_url","time":{"start":1733795273916,"stop":1733795273917,"duration":1},"status":"passed","steps":[],"attachments":[],"parameters":[],"shouldDisplayMessage":false,"stepsCount":0,"attachmentsCount":0,"hasContent":false,"attachmentStep":false},{"name":"data","time":{"start":1733795273917,"stop":1733795273918,"duration":1},"status":"passed","steps":[],"attachments":[],"parameters":[],"shouldDisplayMessage":false,"stepsCount":0,"attachmentsCount":0,"hasContent":false,"attachmentStep":false},{"name":"_verify_url","time":{"start":1733795273917,"stop":1733795273917,"duration":0},"status":"passed","steps":[],"attachments":[],"parameters":[],"shouldDisplayMessage":false,"stepsCount":0,"attachmentsCount":0,"hasContent":false,"attachmentStep":false},{"name":"session_request","time":{"start":1733795273917,"stop":1733795273917,"duration":0},"status":"passed","steps":[],"attachments":[],"parameters":[],"shouldDisplayMessage":false,"stepsCount":0,"attachmentsCount":0,"hasContent":false,"attachmentStep":false},{"name":"setup_method_fixture","time":{"start":1733795383425,"stop":1733795393608,"duration":10183},"status":"broken","statusMessage":"selenium.common.exceptions.TimeoutException: Message: \nStacktrace:\n#0 0x55bd6a25c31a <unknown>\n#1 0x55bd69d726e0 <unknown>\n#2 0x55bd69dc13e6 <unknown>\n#3 0x55bd69dc1681 <unknown>\n#4 0x55bd69e06b04 <unknown>\n#5 0x55bd69de548d <unknown>\n#6 0x55bd69e03ed7 <unknown>\n#7 0x55bd69de5203 <unknown>\n#8 0x55bd69db3cc0 <unknown>\n#9 0x55bd69db4c9e <unknown>\n#10 0x55bd6a229d0b <unknown>\n#11 0x55bd6a22dc92 <unknown>\n#12 0x55bd6a216b3c <unknown>\n#13 0x55bd6a22e807 <unknown>\n#14 0x55bd6a1fc0df <unknown>\n#15 0x55bd6a24b578 <unknown>\n#16 0x55bd6a24b740 <unknown>\n#17 0x55bd6a25b196 <unknown>\n#18 0x7f0583a94ac3 <unknown>\n\n","statusTrace":"  File \"/home/runner/work/Selenium-Python-Example/Selenium-Python-Example/.venv/lib/python3.12/site-packages/pluggy/_callers.py\", line 167, in _multicall\n    teardown.throw(outcome._exception)\n  File \"/home/runner/work/Selenium-Python-Example/Selenium-Python-Example/.venv/lib/python3.12/site-packages/_pytest/setuponly.py\", line 36, in pytest_fixture_setup\n    return (yield)\n            ^^^^^\n  File \"/home/runner/work/Selenium-Python-Example/Selenium-Python-Example/.venv/lib/python3.12/site-packages/pluggy/_callers.py\", line 103, in _multicall\n    res = hook_impl.function(*args)\n          ^^^^^^^^^^^^^^^^^^^^^^^^^\n  File \"/home/runner/work/Selenium-Python-Example/Selenium-Python-Example/.venv/lib/python3.12/site-packages/_pytest/fixtures.py\", line 1140, in pytest_fixture_setup\n    result = call_fixture_func(fixturefunc, request, kwargs)\n             ^^^^^^^^^^^^^^^^^^^^^^^^^^^^^^^^^^^^^^^^^^^^^^^\n  File \"/home/runner/work/Selenium-Python-Example/Selenium-Python-Example/.venv/lib/python3.12/site-packages/_pytest/fixtures.py\", line 898, in call_fixture_func\n    fixture_result = fixturefunc(**kwargs)\n                     ^^^^^^^^^^^^^^^^^^^^^\n  File \"/home/runner/work/Selenium-Python-Example/Selenium-Python-Example/tests/workspaces_test.py\", line 25, in setup_method_fixture\n    login(self.about_page, self.login_page)\n  File \"/home/runner/work/Selenium-Python-Example/Selenium-Python-Example/tests/workspaces_test.py\", line 15, in login\n    about_page.click_login_link()\n  File \"/home/runner/work/Selenium-Python-Example/Selenium-Python-Example/.venv/lib/python3.12/site-packages/allure_commons/_allure.py\", line 192, in impl\n    return func(*a, **kw)\n           ^^^^^^^^^^^^^^\n  File \"/home/runner/work/Selenium-Python-Example/Selenium-Python-Example/pages/about_page.py\", line 20, in click_login_link\n    self.click(self.LOGIN_LINK)\n  File \"/home/runner/work/Selenium-Python-Example/Selenium-Python-Example/pages/base_page.py\", line 60, in click\n    el: WebElement = self.wait.until(\n                     ^^^^^^^^^^^^^^^^\n  File \"/home/runner/work/Selenium-Python-Example/Selenium-Python-Example/.venv/lib/python3.12/site-packages/selenium/webdriver/support/wait.py\", line 105, in until\n    raise TimeoutException(message, screen, stacktrace)\n","steps":[{"name":"Click Login link","time":{"start":1733795383425,"stop":1733795393608,"duration":10183},"status":"broken","statusMessage":"selenium.common.exceptions.TimeoutException: Message: \nStacktrace:\n#0 0x55bd6a25c31a <unknown>\n#1 0x55bd69d726e0 <unknown>\n#2 0x55bd69dc13e6 <unknown>\n#3 0x55bd69dc1681 <unknown>\n#4 0x55bd69e06b04 <unknown>\n#5 0x55bd69de548d <unknown>\n#6 0x55bd69e03ed7 <unknown>\n#7 0x55bd69de5203 <unknown>\n#8 0x55bd69db3cc0 <unknown>\n#9 0x55bd69db4c9e <unknown>\n#10 0x55bd6a229d0b <unknown>\n#11 0x55bd6a22dc92 <unknown>\n#12 0x55bd6a216b3c <unknown>\n#13 0x55bd6a22e807 <unknown>\n#14 0x55bd6a1fc0df <unknown>\n#15 0x55bd6a24b578 <unknown>\n#16 0x55bd6a24b740 <unknown>\n#17 0x55bd6a25b196 <unknown>\n#18 0x7f0583a94ac3 <unknown>\n\n","statusTrace":"  File \"/home/runner/work/Selenium-Python-Example/Selenium-Python-Example/.venv/lib/python3.12/site-packages/allure_commons/_allure.py\", line 192, in impl\n    return func(*a, **kw)\n           ^^^^^^^^^^^^^^\n  File \"/home/runner/work/Selenium-Python-Example/Selenium-Python-Example/pages/about_page.py\", line 20, in click_login_link\n    self.click(self.LOGIN_LINK)\n  File \"/home/runner/work/Selenium-Python-Example/Selenium-Python-Example/pages/base_page.py\", line 60, in click\n    el: WebElement = self.wait.until(\n                     ^^^^^^^^^^^^^^^^\n  File \"/home/runner/work/Selenium-Python-Example/Selenium-Python-Example/.venv/lib/python3.12/site-packages/selenium/webdriver/support/wait.py\", line 105, in until\n    raise TimeoutException(message, screen, stacktrace)\n","steps":[],"attachments":[],"parameters":[],"shouldDisplayMessage":true,"stepsCount":0,"attachmentsCount":0,"hasContent":true,"attachmentStep":false}],"attachments":[],"parameters":[],"shouldDisplayMessage":false,"stepsCount":1,"attachmentsCount":0,"hasContent":true,"attachmentStep":false}],"testStage":{"description":"Search for an existing project","status":"broken","statusMessage":"selenium.common.exceptions.TimeoutException: Message: \nStacktrace:\n#0 0x55bd6a25c31a <unknown>\n#1 0x55bd69d726e0 <unknown>\n#2 0x55bd69dc13e6 <unknown>\n#3 0x55bd69dc1681 <unknown>\n#4 0x55bd69e06b04 <unknown>\n#5 0x55bd69de548d <unknown>\n#6 0x55bd69e03ed7 <unknown>\n#7 0x55bd69de5203 <unknown>\n#8 0x55bd69db3cc0 <unknown>\n#9 0x55bd69db4c9e <unknown>\n#10 0x55bd6a229d0b <unknown>\n#11 0x55bd6a22dc92 <unknown>\n#12 0x55bd6a216b3c <unknown>\n#13 0x55bd6a22e807 <unknown>\n#14 0x55bd6a1fc0df <unknown>\n#15 0x55bd6a24b578 <unknown>\n#16 0x55bd6a24b740 <unknown>\n#17 0x55bd6a25b196 <unknown>\n#18 0x7f0583a94ac3 <unknown>","statusTrace":"self = <tests.workspaces_test.TestWorkspaces object at 0x7f67cad9b5c0>\n\n    @pytest.fixture(autouse=True)\n    def setup_method_fixture(self):\n>       login(self.about_page, self.login_page)\n\ntests/workspaces_test.py:25: \n_ _ _ _ _ _ _ _ _ _ _ _ _ _ _ _ _ _ _ _ _ _ _ _ _ _ _ _ _ _ _ _ _ _ _ _ _ _ _ _ \ntests/workspaces_test.py:15: in login\n    about_page.click_login_link()\npages/about_page.py:20: in click_login_link\n    self.click(self.LOGIN_LINK)\npages/base_page.py:60: in click\n    el: WebElement = self.wait.until(\n_ _ _ _ _ _ _ _ _ _ _ _ _ _ _ _ _ _ _ _ _ _ _ _ _ _ _ _ _ _ _ _ _ _ _ _ _ _ _ _ \n\nself = <selenium.webdriver.support.wait.WebDriverWait (session=\"3f96fa4c0482aaf4edf48d518b408583\")>\nmethod = <function element_to_be_clickable.<locals>._predicate at 0x7f67caa8d1c0>\nmessage = ''\n\n    def until(self, method: Callable[[D], Union[Literal[False], T]], message: str = \"\") -> T:\n        \"\"\"Calls the method provided with the driver as an argument until the \\\n        return value does not evaluate to ``False``.\n    \n        :param method: callable(WebDriver)\n        :param message: optional message for :exc:`TimeoutException`\n        :returns: the result of the last call to `method`\n        :raises: :exc:`selenium.common.exceptions.TimeoutException` if timeout occurs\n        \"\"\"\n        screen = None\n        stacktrace = None\n    \n        end_time = time.monotonic() + self._timeout\n        while True:\n            try:\n                value = method(self._driver)\n                if value:\n                    return value\n            except self._ignored_exceptions as exc:\n                screen = getattr(exc, \"screen\", None)\n                stacktrace = getattr(exc, \"stacktrace\", None)\n            if time.monotonic() > end_time:\n                break\n            time.sleep(self._poll)\n>       raise TimeoutException(message, screen, stacktrace)\nE       selenium.common.exceptions.TimeoutException: Message: \nE       Stacktrace:\nE       #0 0x55bd6a25c31a <unknown>\nE       #1 0x55bd69d726e0 <unknown>\nE       #2 0x55bd69dc13e6 <unknown>\nE       #3 0x55bd69dc1681 <unknown>\nE       #4 0x55bd69e06b04 <unknown>\nE       #5 0x55bd69de548d <unknown>\nE       #6 0x55bd69e03ed7 <unknown>\nE       #7 0x55bd69de5203 <unknown>\nE       #8 0x55bd69db3cc0 <unknown>\nE       #9 0x55bd69db4c9e <unknown>\nE       #10 0x55bd6a229d0b <unknown>\nE       #11 0x55bd6a22dc92 <unknown>\nE       #12 0x55bd6a216b3c <unknown>\nE       #13 0x55bd6a22e807 <unknown>\nE       #14 0x55bd6a1fc0df <unknown>\nE       #15 0x55bd6a24b578 <unknown>\nE       #16 0x55bd6a24b740 <unknown>\nE       #17 0x55bd6a25b196 <unknown>\nE       #18 0x7f0583a94ac3 <unknown>\n\n.venv/lib/python3.12/site-packages/selenium/webdriver/support/wait.py:105: TimeoutException","steps":[{"name":"public ip address","time":{"start":1733795393626,"stop":1733795393635,"duration":9},"status":"passed","steps":[],"attachments":[{"uid":"c3f24c989bbefc61","name":"HTTP logs of http://checkip.amazonaws.com/","source":"c3f24c989bbefc61.txt","type":"text/plain","size":357}],"parameters":[],"shouldDisplayMessage":false,"stepsCount":0,"attachmentsCount":1,"hasContent":true,"attachmentStep":false}],"attachments":[{"uid":"b16d05108082d6ef","name":"Cookies","source":"b16d05108082d6ef.json","type":"application/json","size":3586},{"uid":"38a39c0afa8fa715","name":"Session Storage","source":"38a39c0afa8fa715.json","type":"application/json","size":358},{"uid":"ea9a10afa6e3c64","name":"Local Storage","source":"ea9a10afa6e3c64.json","type":"application/json","size":791},{"uid":"f07262f96c9420de","name":"Console Logs","source":"f07262f96c9420de.json","type":"application/json","size":236},{"uid":"75f21390d8914d2f","name":"Full Page Screenshot","source":"75f21390d8914d2f.png","type":"image/png","size":4174224},{"uid":"efbf3307fed8c250","name":"URL","source":"efbf3307fed8c250.uri","type":"text/uri-list","size":23},{"uid":"b4dde0f7563ea514","name":"Network Logs","source":"b4dde0f7563ea514.json","type":"application/json","size":4211750}],"parameters":[],"shouldDisplayMessage":true,"stepsCount":1,"attachmentsCount":8,"hasContent":true,"attachmentStep":false},"afterStages":[{"name":"session_request::0","time":{"start":1733795442722,"stop":1733795442722,"duration":0},"status":"passed","steps":[],"attachments":[],"parameters":[],"shouldDisplayMessage":false,"stepsCount":0,"attachmentsCount":0,"hasContent":false,"attachmentStep":false}],"labels":[{"name":"epic","value":"Workspaces"},{"name":"story","value":"WorkSpaces Creation and Editing Functionality"},{"name":"severity","value":"normal"},{"name":"tag","value":"run(order=6)"},{"name":"parentSuite","value":"tests"},{"name":"suite","value":"workspaces_test"},{"name":"subSuite","value":"TestWorkspaces"},{"name":"host","value":"fv-az777-113"},{"name":"thread","value":"1919-MainThread"},{"name":"framework","value":"pytest"},{"name":"language","value":"cpython3"},{"name":"package","value":"tests.workspaces_test"},{"name":"resultFormat","value":"allure2"}],"parameters":[],"links":[],"hidden":false,"retry":false,"extra":{"severity":"normal","retries":[],"categories":[{"name":"Test defects","matchedStatuses":[],"flaky":false}],"tags":["run(order=6)"]},"source":"3ac9783d91459b49.json","parameterValues":[]}