{"uid":"cd09dd608d5c1071","name":"Cancel a project deletion","fullName":"tests.workspaces_test.TestWorkspaces#test_cancel_project_deletion","historyId":"4e88bda60b0c69cc538a06ace82098c3","time":{"start":1729906236793,"stop":1729906236793,"duration":0},"description":"Cancel project deletion","descriptionHtml":"<p>Cancel project deletion</p>\n","status":"broken","statusMessage":"selenium.common.exceptions.TimeoutException: Message: \nStacktrace:\n#0 0x559a3e27d0aa <unknown>\n#1 0x559a3dd941a0 <unknown>\n#2 0x559a3dde0d06 <unknown>\n#3 0x559a3dde0fa1 <unknown>\n#4 0x559a3de26344 <unknown>\n#5 0x559a3de04dad <unknown>\n#6 0x559a3de23866 <unknown>\n#7 0x559a3de04b23 <unknown>\n#8 0x559a3ddd3990 <unknown>\n#9 0x559a3ddd496e <unknown>\n#10 0x559a3e24916b <unknown>\n#11 0x559a3e24cf68 <unknown>\n#12 0x559a3e23664c <unknown>\n#13 0x559a3e24dae7 <unknown>\n#14 0x559a3e21b4af <unknown>\n#15 0x559a3e26b4f8 <unknown>\n#16 0x559a3e26b6c0 <unknown>\n#17 0x559a3e27bf26 <unknown>\n#18 0x7fe113894ac3 <unknown>","statusTrace":"self = <tests.workspaces_test.TestWorkspaces object at 0x7f96031cac90>\n\n    @pytest.fixture(autouse=True)\n    def setup_method_fixture(self):\n>       login(self.about_page, self.login_page)\n\ntests/workspaces_test.py:25: \n_ _ _ _ _ _ _ _ _ _ _ _ _ _ _ _ _ _ _ _ _ _ _ _ _ _ _ _ _ _ _ _ _ _ _ _ _ _ _ _ \ntests/workspaces_test.py:15: in login\n    about_page.click_login_link()\npages/about_page.py:20: in click_login_link\n    self.click(self.LOGIN_LINK)\npages/base_page.py:60: in click\n    el: WebElement = self.wait.until(\n_ _ _ _ _ _ _ _ _ _ _ _ _ _ _ _ _ _ _ _ _ _ _ _ _ _ _ _ _ _ _ _ _ _ _ _ _ _ _ _ \n\nself = <selenium.webdriver.support.wait.WebDriverWait (session=\"a1b1a4798d8bf24fabf34c0ed8669229\")>\nmethod = <function element_to_be_clickable.<locals>._predicate at 0x7f960275a200>\nmessage = ''\n\n    def until(self, method: Callable[[D], Union[Literal[False], T]], message: str = \"\") -> T:\n        \"\"\"Calls the method provided with the driver as an argument until the \\\n        return value does not evaluate to ``False``.\n    \n        :param method: callable(WebDriver)\n        :param message: optional message for :exc:`TimeoutException`\n        :returns: the result of the last call to `method`\n        :raises: :exc:`selenium.common.exceptions.TimeoutException` if timeout occurs\n        \"\"\"\n        screen = None\n        stacktrace = None\n    \n        end_time = time.monotonic() + self._timeout\n        while True:\n            try:\n                value = method(self._driver)\n                if value:\n                    return value\n            except self._ignored_exceptions as exc:\n                screen = getattr(exc, \"screen\", None)\n                stacktrace = getattr(exc, \"stacktrace\", None)\n            time.sleep(self._poll)\n            if time.monotonic() > end_time:\n                break\n>       raise TimeoutException(message, screen, stacktrace)\nE       selenium.common.exceptions.TimeoutException: Message: \nE       Stacktrace:\nE       #0 0x559a3e27d0aa <unknown>\nE       #1 0x559a3dd941a0 <unknown>\nE       #2 0x559a3dde0d06 <unknown>\nE       #3 0x559a3dde0fa1 <unknown>\nE       #4 0x559a3de26344 <unknown>\nE       #5 0x559a3de04dad <unknown>\nE       #6 0x559a3de23866 <unknown>\nE       #7 0x559a3de04b23 <unknown>\nE       #8 0x559a3ddd3990 <unknown>\nE       #9 0x559a3ddd496e <unknown>\nE       #10 0x559a3e24916b <unknown>\nE       #11 0x559a3e24cf68 <unknown>\nE       #12 0x559a3e23664c <unknown>\nE       #13 0x559a3e24dae7 <unknown>\nE       #14 0x559a3e21b4af <unknown>\nE       #15 0x559a3e26b4f8 <unknown>\nE       #16 0x559a3e26b6c0 <unknown>\nE       #17 0x559a3e27bf26 <unknown>\nE       #18 0x7fe113894ac3 <unknown>\n\n.venv/lib/python3.12/site-packages/selenium/webdriver/support/wait.py:105: TimeoutException","flaky":false,"newFailed":false,"newBroken":false,"newPassed":false,"retriesCount":0,"retriesStatusChange":false,"beforeStages":[{"name":"base_url","time":{"start":1729906099767,"stop":1729906099768,"duration":1},"status":"passed","steps":[],"attachments":[],"parameters":[],"shouldDisplayMessage":false,"stepsCount":0,"attachmentsCount":0,"hasContent":false,"attachmentStep":false},{"name":"_verify_url","time":{"start":1729906099768,"stop":1729906099768,"duration":0},"status":"passed","steps":[],"attachments":[],"parameters":[],"shouldDisplayMessage":false,"stepsCount":0,"attachmentsCount":0,"hasContent":false,"attachmentStep":false},{"name":"data","time":{"start":1729906099768,"stop":1729906099769,"duration":1},"status":"passed","steps":[],"attachments":[],"parameters":[],"shouldDisplayMessage":false,"stepsCount":0,"attachmentsCount":0,"hasContent":false,"attachmentStep":false},{"name":"session_request","time":{"start":1729906099768,"stop":1729906099768,"duration":0},"status":"passed","steps":[],"attachments":[],"parameters":[],"shouldDisplayMessage":false,"stepsCount":0,"attachmentsCount":0,"hasContent":false,"attachmentStep":false},{"name":"setup_method_fixture","time":{"start":1729906238805,"stop":1729906249171,"duration":10366},"status":"broken","statusMessage":"selenium.common.exceptions.TimeoutException: Message: \nStacktrace:\n#0 0x559a3e27d0aa <unknown>\n#1 0x559a3dd941a0 <unknown>\n#2 0x559a3dde0d06 <unknown>\n#3 0x559a3dde0fa1 <unknown>\n#4 0x559a3de26344 <unknown>\n#5 0x559a3de04dad <unknown>\n#6 0x559a3de23866 <unknown>\n#7 0x559a3de04b23 <unknown>\n#8 0x559a3ddd3990 <unknown>\n#9 0x559a3ddd496e <unknown>\n#10 0x559a3e24916b <unknown>\n#11 0x559a3e24cf68 <unknown>\n#12 0x559a3e23664c <unknown>\n#13 0x559a3e24dae7 <unknown>\n#14 0x559a3e21b4af <unknown>\n#15 0x559a3e26b4f8 <unknown>\n#16 0x559a3e26b6c0 <unknown>\n#17 0x559a3e27bf26 <unknown>\n#18 0x7fe113894ac3 <unknown>\n\n","statusTrace":"  File \"/home/runner/work/Selenium-Python-Example/Selenium-Python-Example/.venv/lib/python3.12/site-packages/pluggy/_callers.py\", line 167, in _multicall\n    teardown.throw(outcome._exception)\n  File \"/home/runner/work/Selenium-Python-Example/Selenium-Python-Example/.venv/lib/python3.12/site-packages/_pytest/setuponly.py\", line 36, in pytest_fixture_setup\n    return (yield)\n            ^^^^^\n  File \"/home/runner/work/Selenium-Python-Example/Selenium-Python-Example/.venv/lib/python3.12/site-packages/pluggy/_callers.py\", line 103, in _multicall\n    res = hook_impl.function(*args)\n          ^^^^^^^^^^^^^^^^^^^^^^^^^\n  File \"/home/runner/work/Selenium-Python-Example/Selenium-Python-Example/.venv/lib/python3.12/site-packages/_pytest/fixtures.py\", line 1140, in pytest_fixture_setup\n    result = call_fixture_func(fixturefunc, request, kwargs)\n             ^^^^^^^^^^^^^^^^^^^^^^^^^^^^^^^^^^^^^^^^^^^^^^^\n  File \"/home/runner/work/Selenium-Python-Example/Selenium-Python-Example/.venv/lib/python3.12/site-packages/_pytest/fixtures.py\", line 898, in call_fixture_func\n    fixture_result = fixturefunc(**kwargs)\n                     ^^^^^^^^^^^^^^^^^^^^^\n  File \"/home/runner/work/Selenium-Python-Example/Selenium-Python-Example/tests/workspaces_test.py\", line 25, in setup_method_fixture\n    login(self.about_page, self.login_page)\n  File \"/home/runner/work/Selenium-Python-Example/Selenium-Python-Example/tests/workspaces_test.py\", line 15, in login\n    about_page.click_login_link()\n  File \"/home/runner/work/Selenium-Python-Example/Selenium-Python-Example/.venv/lib/python3.12/site-packages/allure_commons/_allure.py\", line 192, in impl\n    return func(*a, **kw)\n           ^^^^^^^^^^^^^^\n  File \"/home/runner/work/Selenium-Python-Example/Selenium-Python-Example/pages/about_page.py\", line 20, in click_login_link\n    self.click(self.LOGIN_LINK)\n  File \"/home/runner/work/Selenium-Python-Example/Selenium-Python-Example/pages/base_page.py\", line 60, in click\n    el: WebElement = self.wait.until(\n                     ^^^^^^^^^^^^^^^^\n  File \"/home/runner/work/Selenium-Python-Example/Selenium-Python-Example/.venv/lib/python3.12/site-packages/selenium/webdriver/support/wait.py\", line 105, in until\n    raise TimeoutException(message, screen, stacktrace)\n","steps":[{"name":"Click Login link","time":{"start":1729906238805,"stop":1729906249170,"duration":10365},"status":"broken","statusMessage":"selenium.common.exceptions.TimeoutException: Message: \nStacktrace:\n#0 0x559a3e27d0aa <unknown>\n#1 0x559a3dd941a0 <unknown>\n#2 0x559a3dde0d06 <unknown>\n#3 0x559a3dde0fa1 <unknown>\n#4 0x559a3de26344 <unknown>\n#5 0x559a3de04dad <unknown>\n#6 0x559a3de23866 <unknown>\n#7 0x559a3de04b23 <unknown>\n#8 0x559a3ddd3990 <unknown>\n#9 0x559a3ddd496e <unknown>\n#10 0x559a3e24916b <unknown>\n#11 0x559a3e24cf68 <unknown>\n#12 0x559a3e23664c <unknown>\n#13 0x559a3e24dae7 <unknown>\n#14 0x559a3e21b4af <unknown>\n#15 0x559a3e26b4f8 <unknown>\n#16 0x559a3e26b6c0 <unknown>\n#17 0x559a3e27bf26 <unknown>\n#18 0x7fe113894ac3 <unknown>\n\n","statusTrace":"  File \"/home/runner/work/Selenium-Python-Example/Selenium-Python-Example/.venv/lib/python3.12/site-packages/allure_commons/_allure.py\", line 192, in impl\n    return func(*a, **kw)\n           ^^^^^^^^^^^^^^\n  File \"/home/runner/work/Selenium-Python-Example/Selenium-Python-Example/pages/about_page.py\", line 20, in click_login_link\n    self.click(self.LOGIN_LINK)\n  File \"/home/runner/work/Selenium-Python-Example/Selenium-Python-Example/pages/base_page.py\", line 60, in click\n    el: WebElement = self.wait.until(\n                     ^^^^^^^^^^^^^^^^\n  File \"/home/runner/work/Selenium-Python-Example/Selenium-Python-Example/.venv/lib/python3.12/site-packages/selenium/webdriver/support/wait.py\", line 105, in until\n    raise TimeoutException(message, screen, stacktrace)\n","steps":[],"attachments":[],"parameters":[],"shouldDisplayMessage":true,"stepsCount":0,"attachmentsCount":0,"hasContent":true,"attachmentStep":false}],"attachments":[],"parameters":[],"shouldDisplayMessage":false,"stepsCount":1,"attachmentsCount":0,"hasContent":true,"attachmentStep":false}],"testStage":{"description":"Cancel project deletion","status":"broken","statusMessage":"selenium.common.exceptions.TimeoutException: Message: \nStacktrace:\n#0 0x559a3e27d0aa <unknown>\n#1 0x559a3dd941a0 <unknown>\n#2 0x559a3dde0d06 <unknown>\n#3 0x559a3dde0fa1 <unknown>\n#4 0x559a3de26344 <unknown>\n#5 0x559a3de04dad <unknown>\n#6 0x559a3de23866 <unknown>\n#7 0x559a3de04b23 <unknown>\n#8 0x559a3ddd3990 <unknown>\n#9 0x559a3ddd496e <unknown>\n#10 0x559a3e24916b <unknown>\n#11 0x559a3e24cf68 <unknown>\n#12 0x559a3e23664c <unknown>\n#13 0x559a3e24dae7 <unknown>\n#14 0x559a3e21b4af <unknown>\n#15 0x559a3e26b4f8 <unknown>\n#16 0x559a3e26b6c0 <unknown>\n#17 0x559a3e27bf26 <unknown>\n#18 0x7fe113894ac3 <unknown>","statusTrace":"self = <tests.workspaces_test.TestWorkspaces object at 0x7f96031cac90>\n\n    @pytest.fixture(autouse=True)\n    def setup_method_fixture(self):\n>       login(self.about_page, self.login_page)\n\ntests/workspaces_test.py:25: \n_ _ _ _ _ _ _ _ _ _ _ _ _ _ _ _ _ _ _ _ _ _ _ _ _ _ _ _ _ _ _ _ _ _ _ _ _ _ _ _ \ntests/workspaces_test.py:15: in login\n    about_page.click_login_link()\npages/about_page.py:20: in click_login_link\n    self.click(self.LOGIN_LINK)\npages/base_page.py:60: in click\n    el: WebElement = self.wait.until(\n_ _ _ _ _ _ _ _ _ _ _ _ _ _ _ _ _ _ _ _ _ _ _ _ _ _ _ _ _ _ _ _ _ _ _ _ _ _ _ _ \n\nself = <selenium.webdriver.support.wait.WebDriverWait (session=\"a1b1a4798d8bf24fabf34c0ed8669229\")>\nmethod = <function element_to_be_clickable.<locals>._predicate at 0x7f960275a200>\nmessage = ''\n\n    def until(self, method: Callable[[D], Union[Literal[False], T]], message: str = \"\") -> T:\n        \"\"\"Calls the method provided with the driver as an argument until the \\\n        return value does not evaluate to ``False``.\n    \n        :param method: callable(WebDriver)\n        :param message: optional message for :exc:`TimeoutException`\n        :returns: the result of the last call to `method`\n        :raises: :exc:`selenium.common.exceptions.TimeoutException` if timeout occurs\n        \"\"\"\n        screen = None\n        stacktrace = None\n    \n        end_time = time.monotonic() + self._timeout\n        while True:\n            try:\n                value = method(self._driver)\n                if value:\n                    return value\n            except self._ignored_exceptions as exc:\n                screen = getattr(exc, \"screen\", None)\n                stacktrace = getattr(exc, \"stacktrace\", None)\n            time.sleep(self._poll)\n            if time.monotonic() > end_time:\n                break\n>       raise TimeoutException(message, screen, stacktrace)\nE       selenium.common.exceptions.TimeoutException: Message: \nE       Stacktrace:\nE       #0 0x559a3e27d0aa <unknown>\nE       #1 0x559a3dd941a0 <unknown>\nE       #2 0x559a3dde0d06 <unknown>\nE       #3 0x559a3dde0fa1 <unknown>\nE       #4 0x559a3de26344 <unknown>\nE       #5 0x559a3de04dad <unknown>\nE       #6 0x559a3de23866 <unknown>\nE       #7 0x559a3de04b23 <unknown>\nE       #8 0x559a3ddd3990 <unknown>\nE       #9 0x559a3ddd496e <unknown>\nE       #10 0x559a3e24916b <unknown>\nE       #11 0x559a3e24cf68 <unknown>\nE       #12 0x559a3e23664c <unknown>\nE       #13 0x559a3e24dae7 <unknown>\nE       #14 0x559a3e21b4af <unknown>\nE       #15 0x559a3e26b4f8 <unknown>\nE       #16 0x559a3e26b6c0 <unknown>\nE       #17 0x559a3e27bf26 <unknown>\nE       #18 0x7fe113894ac3 <unknown>\n\n.venv/lib/python3.12/site-packages/selenium/webdriver/support/wait.py:105: TimeoutException","steps":[{"name":"public ip address","time":{"start":1729906249182,"stop":1729906249199,"duration":17},"status":"passed","steps":[],"attachments":[{"uid":"1f08104c2dd63ce8","name":"HTTP logs of http://checkip.amazonaws.com/","source":"1f08104c2dd63ce8.txt","type":"text/plain","size":356}],"parameters":[],"shouldDisplayMessage":false,"stepsCount":0,"attachmentsCount":1,"hasContent":true,"attachmentStep":false}],"attachments":[{"uid":"87eb178a868edde1","name":"Cookies","source":"87eb178a868edde1.json","type":"application/json","size":3584},{"uid":"d85e29ec423c467","name":"Session Storage","source":"d85e29ec423c467.json","type":"application/json","size":359},{"uid":"cdf866d5382ddc6c","name":"Local Storage","source":"cdf866d5382ddc6c.json","type":"application/json","size":350},{"uid":"8a0b122d183d2fd3","name":"Console Logs","source":"8a0b122d183d2fd3.json","type":"application/json","size":236},{"uid":"702ec236bc817e4e","name":"Full Page Screenshot","source":"702ec236bc817e4e.png","type":"image/png","size":3642254},{"uid":"fca5fa3f033803d1","name":"URL","source":"fca5fa3f033803d1.uri","type":"text/uri-list","size":23},{"uid":"17a83078417524ac","name":"Network Logs","source":"17a83078417524ac.json","type":"application/json","size":67321}],"parameters":[],"shouldDisplayMessage":true,"stepsCount":1,"attachmentsCount":8,"hasContent":true,"attachmentStep":false},"afterStages":[{"name":"session_request::0","time":{"start":1729906267348,"stop":1729906267348,"duration":0},"status":"passed","steps":[],"attachments":[],"parameters":[],"shouldDisplayMessage":false,"stepsCount":0,"attachmentsCount":0,"hasContent":false,"attachmentStep":false}],"labels":[{"name":"severity","value":"normal"},{"name":"story","value":"WorkSpaces Creation and Editing Functionality"},{"name":"epic","value":"Workspaces"},{"name":"tag","value":"run(order=8)"},{"name":"parentSuite","value":"tests"},{"name":"suite","value":"workspaces_test"},{"name":"subSuite","value":"TestWorkspaces"},{"name":"host","value":"fv-az1382-939"},{"name":"thread","value":"1925-MainThread"},{"name":"framework","value":"pytest"},{"name":"language","value":"cpython3"},{"name":"package","value":"tests.workspaces_test"},{"name":"resultFormat","value":"allure2"}],"parameters":[],"links":[],"hidden":false,"retry":false,"extra":{"severity":"normal","retries":[],"categories":[{"name":"Test defects","matchedStatuses":[],"flaky":false}],"tags":["run(order=8)"]},"source":"cd09dd608d5c1071.json","parameterValues":[]}