{"uid":"3b57c4468c62067e","name":"Login with invalid credentials test","fullName":"tests.test_login.TestLogin#test_invalid_login","historyId":"ebd85894ef649ef37954355e1db2cb03","time":{"start":1692666492541,"stop":1692666502821,"duration":10280},"description":"invalid login","descriptionHtml":"<p>invalid login</p>\n","status":"broken","statusMessage":"selenium.common.exceptions.TimeoutException: Message: \nStacktrace:\n#0 0x55b408900613 <unknown>\n#1 0x55b40862c537 <unknown>\n#2 0x55b40866af53 <unknown>\n#3 0x55b40866b041 <unknown>\n#4 0x55b4086a62a4 <unknown>\n#5 0x55b40868ba5d <unknown>\n#6 0x55b4086a3d09 <unknown>\n#7 0x55b40868b803 <unknown>\n#8 0x55b40865f68b <unknown>\n#9 0x55b40866042e <unknown>\n#10 0x55b4088c1c28 <unknown>\n#11 0x55b4088c5af7 <unknown>\n#12 0x55b4088d001c <unknown>\n#13 0x55b4088c6723 <unknown>\n#14 0x55b408895457 <unknown>\n#15 0x55b4088ea628 <unknown>\n#16 0x55b4088ea7b7 <unknown>\n#17 0x55b4088f9483 <unknown>\n#18 0x7f337c525b43 <unknown>","statusTrace":"self = <tests.test_login.TestLogin object at 0x7f592202bd90>\nemail = 'elias@gmail.com', password = '12345Tr'\njson_data = {'forgot_password': {'error_message': \"We can't find a user with that e-mail address.\", 'success_message': 'A reset li...you page', 'name': 'test', 'new_name': 'another test', 'no_project_found_msg': 'No project matches the criteria', ...}}\n\n    @allure.description(\"invalid login\")\n    @allure.title(\"Login with invalid credentials test\")\n    @pytest.mark.parametrize(\"email, password\", users)\n    @pytest.mark.run(order=3)\n    def test_invalid_login(self, email: str, password: str, json_data: dict):\n>       self.about_page.click_login_link()\n\ntests/test_login.py:20: \n_ _ _ _ _ _ _ _ _ _ _ _ _ _ _ _ _ _ _ _ _ _ _ _ _ _ _ _ _ _ _ _ _ _ _ _ _ _ _ _ \npages/about_page.py:20: in click_login_link\n    self.click(self.LOGIN_LINK)\npages/base_page.py:38: in click\n    el: WebElement = self.wait.until(\n_ _ _ _ _ _ _ _ _ _ _ _ _ _ _ _ _ _ _ _ _ _ _ _ _ _ _ _ _ _ _ _ _ _ _ _ _ _ _ _ \n\nself = <selenium.webdriver.support.wait.WebDriverWait (session=\"7e9d16bf8781aaf754bd96963edfe746\")>\nmethod = <function element_to_be_clickable.<locals>._predicate at 0x7f5921a114e0>\nmessage = ''\n\n    def until(self, method, message: str = \"\"):\n        \"\"\"Calls the method provided with the driver as an argument until the \\\n        return value does not evaluate to ``False``.\n    \n        :param method: callable(WebDriver)\n        :param message: optional message for :exc:`TimeoutException`\n        :returns: the result of the last call to `method`\n        :raises: :exc:`selenium.common.exceptions.TimeoutException` if timeout occurs\n        \"\"\"\n        screen = None\n        stacktrace = None\n    \n        end_time = time.monotonic() + self._timeout\n        while True:\n            try:\n                value = method(self._driver)\n                if value:\n                    return value\n            except self._ignored_exceptions as exc:\n                screen = getattr(exc, \"screen\", None)\n                stacktrace = getattr(exc, \"stacktrace\", None)\n            time.sleep(self._poll)\n            if time.monotonic() > end_time:\n                break\n>       raise TimeoutException(message, screen, stacktrace)\nE       selenium.common.exceptions.TimeoutException: Message: \nE       Stacktrace:\nE       #0 0x55b408900613 <unknown>\nE       #1 0x55b40862c537 <unknown>\nE       #2 0x55b40866af53 <unknown>\nE       #3 0x55b40866b041 <unknown>\nE       #4 0x55b4086a62a4 <unknown>\nE       #5 0x55b40868ba5d <unknown>\nE       #6 0x55b4086a3d09 <unknown>\nE       #7 0x55b40868b803 <unknown>\nE       #8 0x55b40865f68b <unknown>\nE       #9 0x55b40866042e <unknown>\nE       #10 0x55b4088c1c28 <unknown>\nE       #11 0x55b4088c5af7 <unknown>\nE       #12 0x55b4088d001c <unknown>\nE       #13 0x55b4088c6723 <unknown>\nE       #14 0x55b408895457 <unknown>\nE       #15 0x55b4088ea628 <unknown>\nE       #16 0x55b4088ea7b7 <unknown>\nE       #17 0x55b4088f9483 <unknown>\nE       #18 0x7f337c525b43 <unknown>\n\n.venv/lib/python3.11/site-packages/selenium/webdriver/support/wait.py:95: TimeoutException","flaky":false,"newFailed":false,"newBroken":false,"newPassed":false,"retriesCount":0,"retriesStatusChange":false,"beforeStages":[{"name":"base_url","time":{"start":1692666413598,"stop":1692666413598,"duration":0},"status":"passed","steps":[],"attachments":[],"parameters":[],"stepsCount":0,"attachmentsCount":0,"shouldDisplayMessage":false,"hasContent":false},{"name":"_verify_url","time":{"start":1692666413598,"stop":1692666413598,"duration":0},"status":"passed","steps":[],"attachments":[],"parameters":[],"stepsCount":0,"attachmentsCount":0,"shouldDisplayMessage":false,"hasContent":false},{"name":"json_data","time":{"start":1692666413598,"stop":1692666413599,"duration":1},"status":"passed","steps":[],"attachments":[],"parameters":[],"stepsCount":0,"attachmentsCount":0,"shouldDisplayMessage":false,"hasContent":false}],"testStage":{"description":"invalid login","status":"broken","statusMessage":"selenium.common.exceptions.TimeoutException: Message: \nStacktrace:\n#0 0x55b408900613 <unknown>\n#1 0x55b40862c537 <unknown>\n#2 0x55b40866af53 <unknown>\n#3 0x55b40866b041 <unknown>\n#4 0x55b4086a62a4 <unknown>\n#5 0x55b40868ba5d <unknown>\n#6 0x55b4086a3d09 <unknown>\n#7 0x55b40868b803 <unknown>\n#8 0x55b40865f68b <unknown>\n#9 0x55b40866042e <unknown>\n#10 0x55b4088c1c28 <unknown>\n#11 0x55b4088c5af7 <unknown>\n#12 0x55b4088d001c <unknown>\n#13 0x55b4088c6723 <unknown>\n#14 0x55b408895457 <unknown>\n#15 0x55b4088ea628 <unknown>\n#16 0x55b4088ea7b7 <unknown>\n#17 0x55b4088f9483 <unknown>\n#18 0x7f337c525b43 <unknown>","statusTrace":"self = <tests.test_login.TestLogin object at 0x7f592202bd90>\nemail = 'elias@gmail.com', password = '12345Tr'\njson_data = {'forgot_password': {'error_message': \"We can't find a user with that e-mail address.\", 'success_message': 'A reset li...you page', 'name': 'test', 'new_name': 'another test', 'no_project_found_msg': 'No project matches the criteria', ...}}\n\n    @allure.description(\"invalid login\")\n    @allure.title(\"Login with invalid credentials test\")\n    @pytest.mark.parametrize(\"email, password\", users)\n    @pytest.mark.run(order=3)\n    def test_invalid_login(self, email: str, password: str, json_data: dict):\n>       self.about_page.click_login_link()\n\ntests/test_login.py:20: \n_ _ _ _ _ _ _ _ _ _ _ _ _ _ _ _ _ _ _ _ _ _ _ _ _ _ _ _ _ _ _ _ _ _ _ _ _ _ _ _ \npages/about_page.py:20: in click_login_link\n    self.click(self.LOGIN_LINK)\npages/base_page.py:38: in click\n    el: WebElement = self.wait.until(\n_ _ _ _ _ _ _ _ _ _ _ _ _ _ _ _ _ _ _ _ _ _ _ _ _ _ _ _ _ _ _ _ _ _ _ _ _ _ _ _ \n\nself = <selenium.webdriver.support.wait.WebDriverWait (session=\"7e9d16bf8781aaf754bd96963edfe746\")>\nmethod = <function element_to_be_clickable.<locals>._predicate at 0x7f5921a114e0>\nmessage = ''\n\n    def until(self, method, message: str = \"\"):\n        \"\"\"Calls the method provided with the driver as an argument until the \\\n        return value does not evaluate to ``False``.\n    \n        :param method: callable(WebDriver)\n        :param message: optional message for :exc:`TimeoutException`\n        :returns: the result of the last call to `method`\n        :raises: :exc:`selenium.common.exceptions.TimeoutException` if timeout occurs\n        \"\"\"\n        screen = None\n        stacktrace = None\n    \n        end_time = time.monotonic() + self._timeout\n        while True:\n            try:\n                value = method(self._driver)\n                if value:\n                    return value\n            except self._ignored_exceptions as exc:\n                screen = getattr(exc, \"screen\", None)\n                stacktrace = getattr(exc, \"stacktrace\", None)\n            time.sleep(self._poll)\n            if time.monotonic() > end_time:\n                break\n>       raise TimeoutException(message, screen, stacktrace)\nE       selenium.common.exceptions.TimeoutException: Message: \nE       Stacktrace:\nE       #0 0x55b408900613 <unknown>\nE       #1 0x55b40862c537 <unknown>\nE       #2 0x55b40866af53 <unknown>\nE       #3 0x55b40866b041 <unknown>\nE       #4 0x55b4086a62a4 <unknown>\nE       #5 0x55b40868ba5d <unknown>\nE       #6 0x55b4086a3d09 <unknown>\nE       #7 0x55b40868b803 <unknown>\nE       #8 0x55b40865f68b <unknown>\nE       #9 0x55b40866042e <unknown>\nE       #10 0x55b4088c1c28 <unknown>\nE       #11 0x55b4088c5af7 <unknown>\nE       #12 0x55b4088d001c <unknown>\nE       #13 0x55b4088c6723 <unknown>\nE       #14 0x55b408895457 <unknown>\nE       #15 0x55b4088ea628 <unknown>\nE       #16 0x55b4088ea7b7 <unknown>\nE       #17 0x55b4088f9483 <unknown>\nE       #18 0x7f337c525b43 <unknown>\n\n.venv/lib/python3.11/site-packages/selenium/webdriver/support/wait.py:95: TimeoutException","steps":[{"name":"Click Login link","time":{"start":1692666492541,"stop":1692666502821,"duration":10280},"status":"broken","statusMessage":"selenium.common.exceptions.TimeoutException: Message: \nStacktrace:\n#0 0x55b408900613 <unknown>\n#1 0x55b40862c537 <unknown>\n#2 0x55b40866af53 <unknown>\n#3 0x55b40866b041 <unknown>\n#4 0x55b4086a62a4 <unknown>\n#5 0x55b40868ba5d <unknown>\n#6 0x55b4086a3d09 <unknown>\n#7 0x55b40868b803 <unknown>\n#8 0x55b40865f68b <unknown>\n#9 0x55b40866042e <unknown>\n#10 0x55b4088c1c28 <unknown>\n#11 0x55b4088c5af7 <unknown>\n#12 0x55b4088d001c <unknown>\n#13 0x55b4088c6723 <unknown>\n#14 0x55b408895457 <unknown>\n#15 0x55b4088ea628 <unknown>\n#16 0x55b4088ea7b7 <unknown>\n#17 0x55b4088f9483 <unknown>\n#18 0x7f337c525b43 <unknown>\n\n","statusTrace":"  File \"/home/runner/work/Selenium-Python-Example/Selenium-Python-Example/.venv/lib/python3.11/site-packages/allure_commons/_allure.py\", line 192, in impl\n    return func(*a, **kw)\n           ^^^^^^^^^^^^^^\n  File \"/home/runner/work/Selenium-Python-Example/Selenium-Python-Example/pages/about_page.py\", line 20, in click_login_link\n    self.click(self.LOGIN_LINK)\n  File \"/home/runner/work/Selenium-Python-Example/Selenium-Python-Example/pages/base_page.py\", line 38, in click\n    el: WebElement = self.wait.until(\n                     ^^^^^^^^^^^^^^^^\n  File \"/home/runner/work/Selenium-Python-Example/Selenium-Python-Example/.venv/lib/python3.11/site-packages/selenium/webdriver/support/wait.py\", line 95, in until\n    raise TimeoutException(message, screen, stacktrace)\n","steps":[],"attachments":[],"parameters":[],"stepsCount":0,"attachmentsCount":0,"shouldDisplayMessage":true,"hasContent":true}],"attachments":[{"uid":"79d6f8992c43df5b","name":"public ip address","source":"79d6f8992c43df5b.txt","type":"text/plain","size":10},{"uid":"88820372d299328a","name":"Cookies","source":"88820372d299328a.json","type":"application/json","size":1237},{"uid":"66e61b50739c1d76","name":"Session Storage","source":"66e61b50739c1d76.json","type":"application/json","size":2},{"uid":"1faeb8db617f00f4","name":"Local Storage","source":"1faeb8db617f00f4.json","type":"application/json","size":208},{"uid":"6f940f5d05dcac4d","name":"Console Logs","source":"6f940f5d05dcac4d.json","type":"application/json","size":4954},{"uid":"19461a7cc825fd20","name":"Full Page Screenshot","source":"19461a7cc825fd20.png","type":"image/png","size":3231993},{"uid":"66be55b3dfc81e6f","name":"URL","source":"66be55b3dfc81e6f.uri","type":"text/uri-list","size":23},{"uid":"a8b13ff1f50df7d7","name":"Network Logs","source":"a8b13ff1f50df7d7.json","type":"application/json","size":28297}],"parameters":[],"stepsCount":1,"attachmentsCount":8,"shouldDisplayMessage":true,"hasContent":true},"afterStages":[],"labels":[{"name":"epic","value":"Security"},{"name":"severity","value":"blocker"},{"name":"feature","value":"Login"},{"name":"tag","value":"run(order=3)"},{"name":"tag","value":"security"},{"name":"parentSuite","value":"tests"},{"name":"suite","value":"test_login"},{"name":"subSuite","value":"TestLogin"},{"name":"host","value":"fv-az396-902"},{"name":"thread","value":"2217-MainThread"},{"name":"framework","value":"pytest"},{"name":"language","value":"cpython3"},{"name":"package","value":"tests.test_login"},{"name":"resultFormat","value":"allure2"}],"parameters":[{"name":"email","value":"'elias@gmail.com'"},{"name":"password","value":"'12345Tr'"}],"links":[],"hidden":false,"retry":false,"extra":{"severity":"blocker","retries":[],"categories":[{"name":"Test defects","matchedStatuses":[],"flaky":false}],"tags":["run(order=3)","security"]},"source":"3b57c4468c62067e.json","parameterValues":["'elias@gmail.com'","'12345Tr'"]}