{"uid":"e963a07fea78a01d","name":"Exception test","fullName":"tests.forgot_password_test.TestForgotPassword#test_expected_exception_on_page_title","historyId":"288cd0030c92ba34b4ff4b58ed8ec476","time":{"start":1695258765590,"stop":1695258775946,"duration":10356},"description":"Exception catching","descriptionHtml":"<p>Exception catching</p>\n","status":"broken","statusMessage":"selenium.common.exceptions.TimeoutException: Message: \nStacktrace:\n#0 0x564713fbee23 <unknown>\n#1 0x564713ce77a7 <unknown>\n#2 0x564713d261d3 <unknown>\n#3 0x564713d262c1 <unknown>\n#4 0x564713d61a04 <unknown>\n#5 0x564713d4703d <unknown>\n#6 0x564713d5f369 <unknown>\n#7 0x564713d46de3 <unknown>\n#8 0x564713d1aa7b <unknown>\n#9 0x564713d1b81e <unknown>\n#10 0x564713f80638 <unknown>\n#11 0x564713f84507 <unknown>\n#12 0x564713f8ec4c <unknown>\n#13 0x564713f85136 <unknown>\n#14 0x564713f539cf <unknown>\n#15 0x564713fa8b98 <unknown>\n#16 0x564713fa8d68 <unknown>\n#17 0x564713fb7cb3 <unknown>\n#18 0x7f48ea294b43 <unknown>","statusTrace":"self = <tests.forgot_password_test.TestForgotPassword object at 0x7f1554a44bd0>\n\n    @allure.description(\"Exception catching\")\n    @allure.title(\"Exception test\")\n    @allure.link(\"https://github.com/allure-examples/\", name=\"Allure Examples\")\n    @allure.issue(\n        \"https://github.com/allure-examples/allure-examples/issues/1\", name=\"ISSUE-1\"\n    )\n    @allure.testcase(\n        \"https://github.com/allure-examples/allure-examples/issues/2\", name=\"TESTCASE-2\"\n    )\n    def test_expected_exception_on_page_title(self):\n>       self.about_page.click_login_link()\n\ntests/forgot_password_test.py:49: \n_ _ _ _ _ _ _ _ _ _ _ _ _ _ _ _ _ _ _ _ _ _ _ _ _ _ _ _ _ _ _ _ _ _ _ _ _ _ _ _ \npages/about_page.py:20: in click_login_link\n    self.click(self.LOGIN_LINK)\npages/base_page.py:38: in click\n    el: WebElement = self.wait.until(\n_ _ _ _ _ _ _ _ _ _ _ _ _ _ _ _ _ _ _ _ _ _ _ _ _ _ _ _ _ _ _ _ _ _ _ _ _ _ _ _ \n\nself = <selenium.webdriver.support.wait.WebDriverWait (session=\"2cb19318bbda1d548a7a469d6bce37ea\")>\nmethod = <function element_to_be_clickable.<locals>._predicate at 0x7f1554835da0>\nmessage = ''\n\n    def until(self, method, message: str = \"\"):\n        \"\"\"Calls the method provided with the driver as an argument until the \\\n        return value does not evaluate to ``False``.\n    \n        :param method: callable(WebDriver)\n        :param message: optional message for :exc:`TimeoutException`\n        :returns: the result of the last call to `method`\n        :raises: :exc:`selenium.common.exceptions.TimeoutException` if timeout occurs\n        \"\"\"\n        screen = None\n        stacktrace = None\n    \n        end_time = time.monotonic() + self._timeout\n        while True:\n            try:\n                value = method(self._driver)\n                if value:\n                    return value\n            except self._ignored_exceptions as exc:\n                screen = getattr(exc, \"screen\", None)\n                stacktrace = getattr(exc, \"stacktrace\", None)\n            time.sleep(self._poll)\n            if time.monotonic() > end_time:\n                break\n>       raise TimeoutException(message, screen, stacktrace)\nE       selenium.common.exceptions.TimeoutException: Message: \nE       Stacktrace:\nE       #0 0x564713fbee23 <unknown>\nE       #1 0x564713ce77a7 <unknown>\nE       #2 0x564713d261d3 <unknown>\nE       #3 0x564713d262c1 <unknown>\nE       #4 0x564713d61a04 <unknown>\nE       #5 0x564713d4703d <unknown>\nE       #6 0x564713d5f369 <unknown>\nE       #7 0x564713d46de3 <unknown>\nE       #8 0x564713d1aa7b <unknown>\nE       #9 0x564713d1b81e <unknown>\nE       #10 0x564713f80638 <unknown>\nE       #11 0x564713f84507 <unknown>\nE       #12 0x564713f8ec4c <unknown>\nE       #13 0x564713f85136 <unknown>\nE       #14 0x564713f539cf <unknown>\nE       #15 0x564713fa8b98 <unknown>\nE       #16 0x564713fa8d68 <unknown>\nE       #17 0x564713fb7cb3 <unknown>\nE       #18 0x7f48ea294b43 <unknown>\n\n.venv/lib/python3.11/site-packages/selenium/webdriver/support/wait.py:95: TimeoutException","flaky":false,"newFailed":false,"newBroken":false,"newPassed":false,"retriesCount":0,"retriesStatusChange":false,"beforeStages":[{"name":"base_url","time":{"start":1695258503361,"stop":1695258503361,"duration":0},"status":"passed","steps":[],"attachments":[],"parameters":[],"shouldDisplayMessage":false,"stepsCount":0,"attachmentsCount":0,"hasContent":false},{"name":"_verify_url","time":{"start":1695258503361,"stop":1695258503361,"duration":0},"status":"passed","steps":[],"attachments":[],"parameters":[],"shouldDisplayMessage":false,"stepsCount":0,"attachmentsCount":0,"hasContent":false}],"testStage":{"description":"Exception catching","status":"broken","statusMessage":"selenium.common.exceptions.TimeoutException: Message: \nStacktrace:\n#0 0x564713fbee23 <unknown>\n#1 0x564713ce77a7 <unknown>\n#2 0x564713d261d3 <unknown>\n#3 0x564713d262c1 <unknown>\n#4 0x564713d61a04 <unknown>\n#5 0x564713d4703d <unknown>\n#6 0x564713d5f369 <unknown>\n#7 0x564713d46de3 <unknown>\n#8 0x564713d1aa7b <unknown>\n#9 0x564713d1b81e <unknown>\n#10 0x564713f80638 <unknown>\n#11 0x564713f84507 <unknown>\n#12 0x564713f8ec4c <unknown>\n#13 0x564713f85136 <unknown>\n#14 0x564713f539cf <unknown>\n#15 0x564713fa8b98 <unknown>\n#16 0x564713fa8d68 <unknown>\n#17 0x564713fb7cb3 <unknown>\n#18 0x7f48ea294b43 <unknown>","statusTrace":"self = <tests.forgot_password_test.TestForgotPassword object at 0x7f1554a44bd0>\n\n    @allure.description(\"Exception catching\")\n    @allure.title(\"Exception test\")\n    @allure.link(\"https://github.com/allure-examples/\", name=\"Allure Examples\")\n    @allure.issue(\n        \"https://github.com/allure-examples/allure-examples/issues/1\", name=\"ISSUE-1\"\n    )\n    @allure.testcase(\n        \"https://github.com/allure-examples/allure-examples/issues/2\", name=\"TESTCASE-2\"\n    )\n    def test_expected_exception_on_page_title(self):\n>       self.about_page.click_login_link()\n\ntests/forgot_password_test.py:49: \n_ _ _ _ _ _ _ _ _ _ _ _ _ _ _ _ _ _ _ _ _ _ _ _ _ _ _ _ _ _ _ _ _ _ _ _ _ _ _ _ \npages/about_page.py:20: in click_login_link\n    self.click(self.LOGIN_LINK)\npages/base_page.py:38: in click\n    el: WebElement = self.wait.until(\n_ _ _ _ _ _ _ _ _ _ _ _ _ _ _ _ _ _ _ _ _ _ _ _ _ _ _ _ _ _ _ _ _ _ _ _ _ _ _ _ \n\nself = <selenium.webdriver.support.wait.WebDriverWait (session=\"2cb19318bbda1d548a7a469d6bce37ea\")>\nmethod = <function element_to_be_clickable.<locals>._predicate at 0x7f1554835da0>\nmessage = ''\n\n    def until(self, method, message: str = \"\"):\n        \"\"\"Calls the method provided with the driver as an argument until the \\\n        return value does not evaluate to ``False``.\n    \n        :param method: callable(WebDriver)\n        :param message: optional message for :exc:`TimeoutException`\n        :returns: the result of the last call to `method`\n        :raises: :exc:`selenium.common.exceptions.TimeoutException` if timeout occurs\n        \"\"\"\n        screen = None\n        stacktrace = None\n    \n        end_time = time.monotonic() + self._timeout\n        while True:\n            try:\n                value = method(self._driver)\n                if value:\n                    return value\n            except self._ignored_exceptions as exc:\n                screen = getattr(exc, \"screen\", None)\n                stacktrace = getattr(exc, \"stacktrace\", None)\n            time.sleep(self._poll)\n            if time.monotonic() > end_time:\n                break\n>       raise TimeoutException(message, screen, stacktrace)\nE       selenium.common.exceptions.TimeoutException: Message: \nE       Stacktrace:\nE       #0 0x564713fbee23 <unknown>\nE       #1 0x564713ce77a7 <unknown>\nE       #2 0x564713d261d3 <unknown>\nE       #3 0x564713d262c1 <unknown>\nE       #4 0x564713d61a04 <unknown>\nE       #5 0x564713d4703d <unknown>\nE       #6 0x564713d5f369 <unknown>\nE       #7 0x564713d46de3 <unknown>\nE       #8 0x564713d1aa7b <unknown>\nE       #9 0x564713d1b81e <unknown>\nE       #10 0x564713f80638 <unknown>\nE       #11 0x564713f84507 <unknown>\nE       #12 0x564713f8ec4c <unknown>\nE       #13 0x564713f85136 <unknown>\nE       #14 0x564713f539cf <unknown>\nE       #15 0x564713fa8b98 <unknown>\nE       #16 0x564713fa8d68 <unknown>\nE       #17 0x564713fb7cb3 <unknown>\nE       #18 0x7f48ea294b43 <unknown>\n\n.venv/lib/python3.11/site-packages/selenium/webdriver/support/wait.py:95: TimeoutException","steps":[{"name":"Click Login link","time":{"start":1695258765590,"stop":1695258775946,"duration":10356},"status":"broken","statusMessage":"selenium.common.exceptions.TimeoutException: Message: \nStacktrace:\n#0 0x564713fbee23 <unknown>\n#1 0x564713ce77a7 <unknown>\n#2 0x564713d261d3 <unknown>\n#3 0x564713d262c1 <unknown>\n#4 0x564713d61a04 <unknown>\n#5 0x564713d4703d <unknown>\n#6 0x564713d5f369 <unknown>\n#7 0x564713d46de3 <unknown>\n#8 0x564713d1aa7b <unknown>\n#9 0x564713d1b81e <unknown>\n#10 0x564713f80638 <unknown>\n#11 0x564713f84507 <unknown>\n#12 0x564713f8ec4c <unknown>\n#13 0x564713f85136 <unknown>\n#14 0x564713f539cf <unknown>\n#15 0x564713fa8b98 <unknown>\n#16 0x564713fa8d68 <unknown>\n#17 0x564713fb7cb3 <unknown>\n#18 0x7f48ea294b43 <unknown>\n\n","statusTrace":"  File \"/home/runner/work/Selenium-Python-Example/Selenium-Python-Example/.venv/lib/python3.11/site-packages/allure_commons/_allure.py\", line 192, in impl\n    return func(*a, **kw)\n           ^^^^^^^^^^^^^^\n  File \"/home/runner/work/Selenium-Python-Example/Selenium-Python-Example/pages/about_page.py\", line 20, in click_login_link\n    self.click(self.LOGIN_LINK)\n  File \"/home/runner/work/Selenium-Python-Example/Selenium-Python-Example/pages/base_page.py\", line 38, in click\n    el: WebElement = self.wait.until(\n                     ^^^^^^^^^^^^^^^^\n  File \"/home/runner/work/Selenium-Python-Example/Selenium-Python-Example/.venv/lib/python3.11/site-packages/selenium/webdriver/support/wait.py\", line 95, in until\n    raise TimeoutException(message, screen, stacktrace)\n","steps":[],"attachments":[],"parameters":[],"shouldDisplayMessage":true,"stepsCount":0,"attachmentsCount":0,"hasContent":true}],"attachments":[{"uid":"851c4d9d41461d3c","name":"public ip address","source":"851c4d9d41461d3c.txt","type":"text/plain","size":11},{"uid":"9d7039b777f8807","name":"Cookies","source":"9d7039b777f8807.json","type":"application/json","size":2018},{"uid":"3f41502d7188bcda","name":"Session Storage","source":"3f41502d7188bcda.json","type":"application/json","size":333},{"uid":"c6e603a6638da66e","name":"Local Storage","source":"c6e603a6638da66e.json","type":"application/json","size":208},{"uid":"860ca3a6c98d6be3","name":"Console Logs","source":"860ca3a6c98d6be3.json","type":"application/json","size":4954},{"uid":"579075eca47845f4","name":"Full Page Screenshot","source":"579075eca47845f4.png","type":"image/png","size":3265110},{"uid":"ae71c14f7efc0d0a","name":"URL","source":"ae71c14f7efc0d0a.uri","type":"text/uri-list","size":23},{"uid":"9424febbeae1349f","name":"Network Logs","source":"9424febbeae1349f.json","type":"application/json","size":55223}],"parameters":[],"shouldDisplayMessage":true,"stepsCount":1,"attachmentsCount":8,"hasContent":true},"afterStages":[],"labels":[{"name":"severity","value":"critical"},{"name":"parentSuite","value":"Custom parent suite"},{"name":"suite","value":"Custom suite"},{"name":"epic","value":"Security"},{"name":"subSuite","value":"Custom sub suite"},{"name":"story","value":"Forgot Password Feature's Functionality"},{"name":"tag","value":"security"},{"name":"host","value":"fv-az256-826"},{"name":"thread","value":"2113-MainThread"},{"name":"framework","value":"pytest"},{"name":"language","value":"cpython3"},{"name":"package","value":"tests.forgot_password_test"},{"name":"resultFormat","value":"allure2"}],"parameters":[],"links":[{"name":"TESTCASE-2","url":"https://github.com/allure-examples/allure-examples/issues/2","type":"tms"},{"name":"ISSUE-1","url":"https://github.com/allure-examples/allure-examples/issues/1","type":"issue"},{"name":"Allure Examples","url":"https://github.com/allure-examples/","type":"link"}],"hidden":false,"retry":false,"extra":{"severity":"critical","retries":[],"categories":[{"name":"Test defects","matchedStatuses":[],"flaky":false}],"tags":["security"]},"source":"e963a07fea78a01d.json","parameterValues":[]}