{"uid":"f7ede691986d505e","name":"Search for non existing project","fullName":"tests.workspaces_test.TestWorkspaces#test_search_for_non_existing_project","historyId":"ed697c69c4643fc2c746342bc96c6608","time":{"start":1721092961209,"stop":1721092961209,"duration":0},"description":"Search for a non existing project","descriptionHtml":"<p>Search for a non existing project</p>\n","status":"broken","statusMessage":"selenium.common.exceptions.TimeoutException: Message: \nStacktrace:\n#0 0x55f05bc75c7a <unknown>\n#1 0x55f05b958e2c <unknown>\n#2 0x55f05b9a5661 <unknown>\n#3 0x55f05b9a5751 <unknown>\n#4 0x55f05b9e9f64 <unknown>\n#5 0x55f05b9c85ed <unknown>\n#6 0x55f05b9e7303 <unknown>\n#7 0x55f05b9c8363 <unknown>\n#8 0x55f05b998247 <unknown>\n#9 0x55f05b998b9e <unknown>\n#10 0x55f05bc3c24b <unknown>\n#11 0x55f05bc402f1 <unknown>\n#12 0x55f05bc27afe <unknown>\n#13 0x55f05bc40e52 <unknown>\n#14 0x55f05bc0c79f <unknown>\n#15 0x55f05bc65638 <unknown>\n#16 0x55f05bc65810 <unknown>\n#17 0x55f05bc74dac <unknown>\n#18 0x7ff717494ac3 <unknown>","statusTrace":"self = <tests.workspaces_test.TestWorkspaces object at 0x7f22821dde80>\n\n    @pytest.fixture(autouse=True)\n    def setup_method_fixture(self):\n>       login(self.about_page, self.login_page)\n\ntests/workspaces_test.py:25: \n_ _ _ _ _ _ _ _ _ _ _ _ _ _ _ _ _ _ _ _ _ _ _ _ _ _ _ _ _ _ _ _ _ _ _ _ _ _ _ _ \ntests/workspaces_test.py:15: in login\n    about_page.click_login_link()\npages/about_page.py:20: in click_login_link\n    self.click(self.LOGIN_LINK)\npages/base_page.py:60: in click\n    el: WebElement = self.wait.until(\n_ _ _ _ _ _ _ _ _ _ _ _ _ _ _ _ _ _ _ _ _ _ _ _ _ _ _ _ _ _ _ _ _ _ _ _ _ _ _ _ \n\nself = <selenium.webdriver.support.wait.WebDriverWait (session=\"e73a655b37c018eae2b22c276150903f\")>\nmethod = <function element_to_be_clickable.<locals>._predicate at 0x7f228175f240>\nmessage = ''\n\n    def until(self, method: Callable[[D], Union[Literal[False], T]], message: str = \"\") -> T:\n        \"\"\"Calls the method provided with the driver as an argument until the \\\n        return value does not evaluate to ``False``.\n    \n        :param method: callable(WebDriver)\n        :param message: optional message for :exc:`TimeoutException`\n        :returns: the result of the last call to `method`\n        :raises: :exc:`selenium.common.exceptions.TimeoutException` if timeout occurs\n        \"\"\"\n        screen = None\n        stacktrace = None\n    \n        end_time = time.monotonic() + self._timeout\n        while True:\n            try:\n                value = method(self._driver)\n                if value:\n                    return value\n            except self._ignored_exceptions as exc:\n                screen = getattr(exc, \"screen\", None)\n                stacktrace = getattr(exc, \"stacktrace\", None)\n            time.sleep(self._poll)\n            if time.monotonic() > end_time:\n                break\n>       raise TimeoutException(message, screen, stacktrace)\nE       selenium.common.exceptions.TimeoutException: Message: \nE       Stacktrace:\nE       #0 0x55f05bc75c7a <unknown>\nE       #1 0x55f05b958e2c <unknown>\nE       #2 0x55f05b9a5661 <unknown>\nE       #3 0x55f05b9a5751 <unknown>\nE       #4 0x55f05b9e9f64 <unknown>\nE       #5 0x55f05b9c85ed <unknown>\nE       #6 0x55f05b9e7303 <unknown>\nE       #7 0x55f05b9c8363 <unknown>\nE       #8 0x55f05b998247 <unknown>\nE       #9 0x55f05b998b9e <unknown>\nE       #10 0x55f05bc3c24b <unknown>\nE       #11 0x55f05bc402f1 <unknown>\nE       #12 0x55f05bc27afe <unknown>\nE       #13 0x55f05bc40e52 <unknown>\nE       #14 0x55f05bc0c79f <unknown>\nE       #15 0x55f05bc65638 <unknown>\nE       #16 0x55f05bc65810 <unknown>\nE       #17 0x55f05bc74dac <unknown>\nE       #18 0x7ff717494ac3 <unknown>\n\n.venv/lib/python3.12/site-packages/selenium/webdriver/support/wait.py:105: TimeoutException","flaky":false,"newFailed":false,"newBroken":false,"newPassed":false,"retriesCount":0,"retriesStatusChange":false,"beforeStages":[{"name":"setup_method_fixture","time":{"start":1721092963314,"stop":1721092973654,"duration":10340},"status":"broken","statusMessage":"selenium.common.exceptions.TimeoutException: Message: \nStacktrace:\n#0 0x55f05bc75c7a <unknown>\n#1 0x55f05b958e2c <unknown>\n#2 0x55f05b9a5661 <unknown>\n#3 0x55f05b9a5751 <unknown>\n#4 0x55f05b9e9f64 <unknown>\n#5 0x55f05b9c85ed <unknown>\n#6 0x55f05b9e7303 <unknown>\n#7 0x55f05b9c8363 <unknown>\n#8 0x55f05b998247 <unknown>\n#9 0x55f05b998b9e <unknown>\n#10 0x55f05bc3c24b <unknown>\n#11 0x55f05bc402f1 <unknown>\n#12 0x55f05bc27afe <unknown>\n#13 0x55f05bc40e52 <unknown>\n#14 0x55f05bc0c79f <unknown>\n#15 0x55f05bc65638 <unknown>\n#16 0x55f05bc65810 <unknown>\n#17 0x55f05bc74dac <unknown>\n#18 0x7ff717494ac3 <unknown>\n\n","statusTrace":"  File \"/home/runner/work/Selenium-Python-Example/Selenium-Python-Example/.venv/lib/python3.12/site-packages/pluggy/_callers.py\", line 167, in _multicall\n    teardown.throw(outcome._exception)\n  File \"/home/runner/work/Selenium-Python-Example/Selenium-Python-Example/.venv/lib/python3.12/site-packages/_pytest/setuponly.py\", line 36, in pytest_fixture_setup\n    return (yield)\n            ^^^^^\n  File \"/home/runner/work/Selenium-Python-Example/Selenium-Python-Example/.venv/lib/python3.12/site-packages/pluggy/_callers.py\", line 103, in _multicall\n    res = hook_impl.function(*args)\n          ^^^^^^^^^^^^^^^^^^^^^^^^^\n  File \"/home/runner/work/Selenium-Python-Example/Selenium-Python-Example/.venv/lib/python3.12/site-packages/_pytest/fixtures.py\", line 1125, in pytest_fixture_setup\n    result = call_fixture_func(fixturefunc, request, kwargs)\n             ^^^^^^^^^^^^^^^^^^^^^^^^^^^^^^^^^^^^^^^^^^^^^^^\n  File \"/home/runner/work/Selenium-Python-Example/Selenium-Python-Example/.venv/lib/python3.12/site-packages/_pytest/fixtures.py\", line 887, in call_fixture_func\n    fixture_result = fixturefunc(**kwargs)\n                     ^^^^^^^^^^^^^^^^^^^^^\n  File \"/home/runner/work/Selenium-Python-Example/Selenium-Python-Example/tests/workspaces_test.py\", line 25, in setup_method_fixture\n    login(self.about_page, self.login_page)\n  File \"/home/runner/work/Selenium-Python-Example/Selenium-Python-Example/tests/workspaces_test.py\", line 15, in login\n    about_page.click_login_link()\n  File \"/home/runner/work/Selenium-Python-Example/Selenium-Python-Example/.venv/lib/python3.12/site-packages/allure_commons/_allure.py\", line 192, in impl\n    return func(*a, **kw)\n           ^^^^^^^^^^^^^^\n  File \"/home/runner/work/Selenium-Python-Example/Selenium-Python-Example/pages/about_page.py\", line 20, in click_login_link\n    self.click(self.LOGIN_LINK)\n  File \"/home/runner/work/Selenium-Python-Example/Selenium-Python-Example/pages/base_page.py\", line 60, in click\n    el: WebElement = self.wait.until(\n                     ^^^^^^^^^^^^^^^^\n  File \"/home/runner/work/Selenium-Python-Example/Selenium-Python-Example/.venv/lib/python3.12/site-packages/selenium/webdriver/support/wait.py\", line 105, in until\n    raise TimeoutException(message, screen, stacktrace)\n","steps":[{"name":"Click Login link","time":{"start":1721092963314,"stop":1721092973654,"duration":10340},"status":"broken","statusMessage":"selenium.common.exceptions.TimeoutException: Message: \nStacktrace:\n#0 0x55f05bc75c7a <unknown>\n#1 0x55f05b958e2c <unknown>\n#2 0x55f05b9a5661 <unknown>\n#3 0x55f05b9a5751 <unknown>\n#4 0x55f05b9e9f64 <unknown>\n#5 0x55f05b9c85ed <unknown>\n#6 0x55f05b9e7303 <unknown>\n#7 0x55f05b9c8363 <unknown>\n#8 0x55f05b998247 <unknown>\n#9 0x55f05b998b9e <unknown>\n#10 0x55f05bc3c24b <unknown>\n#11 0x55f05bc402f1 <unknown>\n#12 0x55f05bc27afe <unknown>\n#13 0x55f05bc40e52 <unknown>\n#14 0x55f05bc0c79f <unknown>\n#15 0x55f05bc65638 <unknown>\n#16 0x55f05bc65810 <unknown>\n#17 0x55f05bc74dac <unknown>\n#18 0x7ff717494ac3 <unknown>\n\n","statusTrace":"  File \"/home/runner/work/Selenium-Python-Example/Selenium-Python-Example/.venv/lib/python3.12/site-packages/allure_commons/_allure.py\", line 192, in impl\n    return func(*a, **kw)\n           ^^^^^^^^^^^^^^\n  File \"/home/runner/work/Selenium-Python-Example/Selenium-Python-Example/pages/about_page.py\", line 20, in click_login_link\n    self.click(self.LOGIN_LINK)\n  File \"/home/runner/work/Selenium-Python-Example/Selenium-Python-Example/pages/base_page.py\", line 60, in click\n    el: WebElement = self.wait.until(\n                     ^^^^^^^^^^^^^^^^\n  File \"/home/runner/work/Selenium-Python-Example/Selenium-Python-Example/.venv/lib/python3.12/site-packages/selenium/webdriver/support/wait.py\", line 105, in until\n    raise TimeoutException(message, screen, stacktrace)\n","steps":[],"attachments":[],"parameters":[],"shouldDisplayMessage":true,"stepsCount":0,"attachmentsCount":0,"hasContent":true,"attachmentStep":false}],"attachments":[],"parameters":[],"shouldDisplayMessage":false,"stepsCount":1,"attachmentsCount":0,"hasContent":true,"attachmentStep":false}],"testStage":{"description":"Search for a non existing project","status":"broken","statusMessage":"selenium.common.exceptions.TimeoutException: Message: \nStacktrace:\n#0 0x55f05bc75c7a <unknown>\n#1 0x55f05b958e2c <unknown>\n#2 0x55f05b9a5661 <unknown>\n#3 0x55f05b9a5751 <unknown>\n#4 0x55f05b9e9f64 <unknown>\n#5 0x55f05b9c85ed <unknown>\n#6 0x55f05b9e7303 <unknown>\n#7 0x55f05b9c8363 <unknown>\n#8 0x55f05b998247 <unknown>\n#9 0x55f05b998b9e <unknown>\n#10 0x55f05bc3c24b <unknown>\n#11 0x55f05bc402f1 <unknown>\n#12 0x55f05bc27afe <unknown>\n#13 0x55f05bc40e52 <unknown>\n#14 0x55f05bc0c79f <unknown>\n#15 0x55f05bc65638 <unknown>\n#16 0x55f05bc65810 <unknown>\n#17 0x55f05bc74dac <unknown>\n#18 0x7ff717494ac3 <unknown>","statusTrace":"self = <tests.workspaces_test.TestWorkspaces object at 0x7f22821dde80>\n\n    @pytest.fixture(autouse=True)\n    def setup_method_fixture(self):\n>       login(self.about_page, self.login_page)\n\ntests/workspaces_test.py:25: \n_ _ _ _ _ _ _ _ _ _ _ _ _ _ _ _ _ _ _ _ _ _ _ _ _ _ _ _ _ _ _ _ _ _ _ _ _ _ _ _ \ntests/workspaces_test.py:15: in login\n    about_page.click_login_link()\npages/about_page.py:20: in click_login_link\n    self.click(self.LOGIN_LINK)\npages/base_page.py:60: in click\n    el: WebElement = self.wait.until(\n_ _ _ _ _ _ _ _ _ _ _ _ _ _ _ _ _ _ _ _ _ _ _ _ _ _ _ _ _ _ _ _ _ _ _ _ _ _ _ _ \n\nself = <selenium.webdriver.support.wait.WebDriverWait (session=\"e73a655b37c018eae2b22c276150903f\")>\nmethod = <function element_to_be_clickable.<locals>._predicate at 0x7f228175f240>\nmessage = ''\n\n    def until(self, method: Callable[[D], Union[Literal[False], T]], message: str = \"\") -> T:\n        \"\"\"Calls the method provided with the driver as an argument until the \\\n        return value does not evaluate to ``False``.\n    \n        :param method: callable(WebDriver)\n        :param message: optional message for :exc:`TimeoutException`\n        :returns: the result of the last call to `method`\n        :raises: :exc:`selenium.common.exceptions.TimeoutException` if timeout occurs\n        \"\"\"\n        screen = None\n        stacktrace = None\n    \n        end_time = time.monotonic() + self._timeout\n        while True:\n            try:\n                value = method(self._driver)\n                if value:\n                    return value\n            except self._ignored_exceptions as exc:\n                screen = getattr(exc, \"screen\", None)\n                stacktrace = getattr(exc, \"stacktrace\", None)\n            time.sleep(self._poll)\n            if time.monotonic() > end_time:\n                break\n>       raise TimeoutException(message, screen, stacktrace)\nE       selenium.common.exceptions.TimeoutException: Message: \nE       Stacktrace:\nE       #0 0x55f05bc75c7a <unknown>\nE       #1 0x55f05b958e2c <unknown>\nE       #2 0x55f05b9a5661 <unknown>\nE       #3 0x55f05b9a5751 <unknown>\nE       #4 0x55f05b9e9f64 <unknown>\nE       #5 0x55f05b9c85ed <unknown>\nE       #6 0x55f05b9e7303 <unknown>\nE       #7 0x55f05b9c8363 <unknown>\nE       #8 0x55f05b998247 <unknown>\nE       #9 0x55f05b998b9e <unknown>\nE       #10 0x55f05bc3c24b <unknown>\nE       #11 0x55f05bc402f1 <unknown>\nE       #12 0x55f05bc27afe <unknown>\nE       #13 0x55f05bc40e52 <unknown>\nE       #14 0x55f05bc0c79f <unknown>\nE       #15 0x55f05bc65638 <unknown>\nE       #16 0x55f05bc65810 <unknown>\nE       #17 0x55f05bc74dac <unknown>\nE       #18 0x7ff717494ac3 <unknown>\n\n.venv/lib/python3.12/site-packages/selenium/webdriver/support/wait.py:105: TimeoutException","steps":[{"name":"public ip address","time":{"start":1721092973667,"stop":1721092973701,"duration":34},"status":"passed","steps":[],"attachments":[{"uid":"618c5dd3d6f984d4","name":"HTTP logs of http://checkip.amazonaws.com/","source":"618c5dd3d6f984d4.txt","type":"text/plain","size":356}],"parameters":[],"shouldDisplayMessage":false,"stepsCount":0,"attachmentsCount":1,"hasContent":true,"attachmentStep":false}],"attachments":[{"uid":"2c7d959c0478159","name":"Cookies","source":"2c7d959c0478159.json","type":"application/json","size":3585},{"uid":"b8b3d222f69732ed","name":"Session Storage","source":"b8b3d222f69732ed.json","type":"application/json","size":359},{"uid":"393e54dfa7a69966","name":"Local Storage","source":"393e54dfa7a69966.json","type":"application/json","size":294},{"uid":"8aec86749b788761","name":"Console Logs","source":"8aec86749b788761.json","type":"application/json","size":236},{"uid":"7dff304de099b137","name":"Full Page Screenshot","source":"7dff304de099b137.png","type":"image/png","size":4647757},{"uid":"1625315f9c30110e","name":"URL","source":"1625315f9c30110e.uri","type":"text/uri-list","size":23},{"uid":"3f348e9bf922a2f9","name":"Network Logs","source":"3f348e9bf922a2f9.json","type":"application/json","size":66237}],"parameters":[],"shouldDisplayMessage":true,"stepsCount":1,"attachmentsCount":8,"hasContent":true,"attachmentStep":false},"afterStages":[],"labels":[{"name":"severity","value":"normal"},{"name":"epic","value":"Workspaces"},{"name":"story","value":"WorkSpaces Creation and Editing Functionality"},{"name":"tag","value":"run(order=7)"},{"name":"parentSuite","value":"tests"},{"name":"suite","value":"workspaces_test"},{"name":"subSuite","value":"TestWorkspaces"},{"name":"host","value":"fv-az661-2"},{"name":"thread","value":"2200-MainThread"},{"name":"framework","value":"pytest"},{"name":"language","value":"cpython3"},{"name":"package","value":"tests.workspaces_test"},{"name":"resultFormat","value":"allure2"}],"parameters":[],"links":[],"hidden":false,"retry":false,"extra":{"severity":"normal","retries":[],"categories":[{"name":"Test defects","matchedStatuses":[],"flaky":false}],"tags":["run(order=7)"]},"source":"f7ede691986d505e.json","parameterValues":[]}