{"uid":"c13321f135bd2b30","name":"Login with valid credentials test","fullName":"tests.login_test.TestLogin#test_valid_login","historyId":"18657c207d70aa57845e0b7f4751c290","time":{"start":1741916519503,"stop":1741916530032,"duration":10529},"description":"valid login","descriptionHtml":"<p>valid login</p>\n","status":"broken","statusMessage":"selenium.common.exceptions.TimeoutException: Message: \nStacktrace:\n#0 0x55e6783ba53a <unknown>\n#1 0x55e677eb5f00 <unknown>\n#2 0x55e677f05c0c <unknown>\n#3 0x55e677f05e31 <unknown>\n#4 0x55e677f4bbd4 <unknown>\n#5 0x55e677f2a5cd <unknown>\n#6 0x55e677f48f84 <unknown>\n#7 0x55e677f2a343 <unknown>\n#8 0x55e677ef778a <unknown>\n#9 0x55e677ef89de <unknown>\n#10 0x55e6783842cb <unknown>\n#11 0x55e678388242 <unknown>\n#12 0x55e6783717ac <unknown>\n#13 0x55e678388df7 <unknown>\n#14 0x55e678355b2f <unknown>\n#15 0x55e6783a91a8 <unknown>\n#16 0x55e6783a9370 <unknown>\n#17 0x55e6783b93b6 <unknown>\n#18 0x7f131c69caa4 <unknown>\n#19 0x7f131c729c3c <unknown>","statusTrace":"self = <tests.login_test.TestLogin object at 0x7f5291dc96d0>\ndata = Data(forgot_password=ForgotPassword(error_message=\"We can't find a user with that e-mail address.\", success_message='A...ct='Non Existing', page_title='My Workspace', project_name='test project', project_type='quiz', template_type='Blank'))\n\n    @allure.description(\"valid login\")\n    @allure.title(\"Login with valid credentials test\")\n    @allure.tag(\"Tagged test\")\n    @pytest.mark.flaky(reruns=1)\n    def test_valid_login(self, data: Data):\n        self.about_page.set_geo_location(30.3079823, -97.893803)\n>       self.about_page.click_login_link()\n\ntests/login_test.py:43: \n_ _ _ _ _ _ _ _ _ _ _ _ _ _ _ _ _ _ _ _ _ _ _ _ _ _ _ _ _ _ _ _ _ _ _ _ _ _ _ _ \npages/about_page.py:20: in click_login_link\n    self.click(self.LOGIN_LINK)\npages/base_page.py:60: in click\n    el: WebElement = self.wait.until(\n_ _ _ _ _ _ _ _ _ _ _ _ _ _ _ _ _ _ _ _ _ _ _ _ _ _ _ _ _ _ _ _ _ _ _ _ _ _ _ _ \n\nself = <selenium.webdriver.support.wait.WebDriverWait (session=\"aeb95a108833fce90be3ab2a594988a2\")>\nmethod = <function element_to_be_clickable.<locals>._predicate at 0x7f529167aac0>\nmessage = ''\n\n    def until(self, method: Callable[[D], Union[Literal[False], T]], message: str = \"\") -> T:\n        \"\"\"Wait until the method returns a value that is not False.\n    \n        Calls the method provided with the driver as an argument until the\n        return value does not evaluate to ``False``.\n    \n        Parameters:\n        ----------\n        method: callable(WebDriver)\n            - A callable object that takes a WebDriver instance as an argument.\n    \n        message: str\n            - Optional message for :exc:`TimeoutException`\n    \n        Return:\n        -------\n        object: T\n            - The result of the last call to `method`\n    \n        Raises:\n        -------\n        TimeoutException\n            - If 'method' does not return a truthy value within the WebDriverWait\n            object's timeout\n    \n        Example:\n        --------\n        >>> from selenium.webdriver.common.by import By\n        >>> from selenium.webdriver.support.ui import WebDriverWait\n        >>> from selenium.webdriver.support import expected_conditions as EC\n    \n        # Wait until an element is visible on the page\n        >>> wait = WebDriverWait(driver, 10)\n        >>> element = wait.until(EC.visibility_of_element_located((By.ID, \"exampleId\")))\n        >>> print(element.text)\n        \"\"\"\n        screen = None\n        stacktrace = None\n    \n        end_time = time.monotonic() + self._timeout\n        while True:\n            try:\n                value = method(self._driver)\n                if value:\n                    return value\n            except self._ignored_exceptions as exc:\n                screen = getattr(exc, \"screen\", None)\n                stacktrace = getattr(exc, \"stacktrace\", None)\n            if time.monotonic() > end_time:\n                break\n            time.sleep(self._poll)\n>       raise TimeoutException(message, screen, stacktrace)\nE       selenium.common.exceptions.TimeoutException: Message: \nE       Stacktrace:\nE       #0 0x55e6783ba53a <unknown>\nE       #1 0x55e677eb5f00 <unknown>\nE       #2 0x55e677f05c0c <unknown>\nE       #3 0x55e677f05e31 <unknown>\nE       #4 0x55e677f4bbd4 <unknown>\nE       #5 0x55e677f2a5cd <unknown>\nE       #6 0x55e677f48f84 <unknown>\nE       #7 0x55e677f2a343 <unknown>\nE       #8 0x55e677ef778a <unknown>\nE       #9 0x55e677ef89de <unknown>\nE       #10 0x55e6783842cb <unknown>\nE       #11 0x55e678388242 <unknown>\nE       #12 0x55e6783717ac <unknown>\nE       #13 0x55e678388df7 <unknown>\nE       #14 0x55e678355b2f <unknown>\nE       #15 0x55e6783a91a8 <unknown>\nE       #16 0x55e6783a9370 <unknown>\nE       #17 0x55e6783b93b6 <unknown>\nE       #18 0x7f131c69caa4 <unknown>\nE       #19 0x7f131c729c3c <unknown>\n\n.venv/lib/python3.12/site-packages/selenium/webdriver/support/wait.py:146: TimeoutException","flaky":false,"newFailed":false,"newBroken":false,"newPassed":false,"retriesCount":1,"retriesStatusChange":false,"beforeStages":[{"name":"session_request","time":{"start":1741916473093,"stop":1741916473093,"duration":0},"status":"passed","steps":[],"attachments":[],"parameters":[],"shouldDisplayMessage":false,"stepsCount":0,"attachmentsCount":0,"hasContent":false,"attachmentStep":false},{"name":"base_url","time":{"start":1741916473093,"stop":1741916473093,"duration":0},"status":"passed","steps":[],"attachments":[],"parameters":[],"shouldDisplayMessage":false,"stepsCount":0,"attachmentsCount":0,"hasContent":false,"attachmentStep":false},{"name":"data","time":{"start":1741916473093,"stop":1741916473094,"duration":1},"status":"passed","steps":[],"attachments":[],"parameters":[],"shouldDisplayMessage":false,"stepsCount":0,"attachmentsCount":0,"hasContent":false,"attachmentStep":false},{"name":"_verify_url","time":{"start":1741916473093,"stop":1741916473093,"duration":0},"status":"passed","steps":[],"attachments":[],"parameters":[],"shouldDisplayMessage":false,"stepsCount":0,"attachmentsCount":0,"hasContent":false,"attachmentStep":false}],"testStage":{"description":"valid login","status":"broken","statusMessage":"selenium.common.exceptions.TimeoutException: Message: \nStacktrace:\n#0 0x55e6783ba53a <unknown>\n#1 0x55e677eb5f00 <unknown>\n#2 0x55e677f05c0c <unknown>\n#3 0x55e677f05e31 <unknown>\n#4 0x55e677f4bbd4 <unknown>\n#5 0x55e677f2a5cd <unknown>\n#6 0x55e677f48f84 <unknown>\n#7 0x55e677f2a343 <unknown>\n#8 0x55e677ef778a <unknown>\n#9 0x55e677ef89de <unknown>\n#10 0x55e6783842cb <unknown>\n#11 0x55e678388242 <unknown>\n#12 0x55e6783717ac <unknown>\n#13 0x55e678388df7 <unknown>\n#14 0x55e678355b2f <unknown>\n#15 0x55e6783a91a8 <unknown>\n#16 0x55e6783a9370 <unknown>\n#17 0x55e6783b93b6 <unknown>\n#18 0x7f131c69caa4 <unknown>\n#19 0x7f131c729c3c <unknown>","statusTrace":"self = <tests.login_test.TestLogin object at 0x7f5291dc96d0>\ndata = Data(forgot_password=ForgotPassword(error_message=\"We can't find a user with that e-mail address.\", success_message='A...ct='Non Existing', page_title='My Workspace', project_name='test project', project_type='quiz', template_type='Blank'))\n\n    @allure.description(\"valid login\")\n    @allure.title(\"Login with valid credentials test\")\n    @allure.tag(\"Tagged test\")\n    @pytest.mark.flaky(reruns=1)\n    def test_valid_login(self, data: Data):\n        self.about_page.set_geo_location(30.3079823, -97.893803)\n>       self.about_page.click_login_link()\n\ntests/login_test.py:43: \n_ _ _ _ _ _ _ _ _ _ _ _ _ _ _ _ _ _ _ _ _ _ _ _ _ _ _ _ _ _ _ _ _ _ _ _ _ _ _ _ \npages/about_page.py:20: in click_login_link\n    self.click(self.LOGIN_LINK)\npages/base_page.py:60: in click\n    el: WebElement = self.wait.until(\n_ _ _ _ _ _ _ _ _ _ _ _ _ _ _ _ _ _ _ _ _ _ _ _ _ _ _ _ _ _ _ _ _ _ _ _ _ _ _ _ \n\nself = <selenium.webdriver.support.wait.WebDriverWait (session=\"aeb95a108833fce90be3ab2a594988a2\")>\nmethod = <function element_to_be_clickable.<locals>._predicate at 0x7f529167aac0>\nmessage = ''\n\n    def until(self, method: Callable[[D], Union[Literal[False], T]], message: str = \"\") -> T:\n        \"\"\"Wait until the method returns a value that is not False.\n    \n        Calls the method provided with the driver as an argument until the\n        return value does not evaluate to ``False``.\n    \n        Parameters:\n        ----------\n        method: callable(WebDriver)\n            - A callable object that takes a WebDriver instance as an argument.\n    \n        message: str\n            - Optional message for :exc:`TimeoutException`\n    \n        Return:\n        -------\n        object: T\n            - The result of the last call to `method`\n    \n        Raises:\n        -------\n        TimeoutException\n            - If 'method' does not return a truthy value within the WebDriverWait\n            object's timeout\n    \n        Example:\n        --------\n        >>> from selenium.webdriver.common.by import By\n        >>> from selenium.webdriver.support.ui import WebDriverWait\n        >>> from selenium.webdriver.support import expected_conditions as EC\n    \n        # Wait until an element is visible on the page\n        >>> wait = WebDriverWait(driver, 10)\n        >>> element = wait.until(EC.visibility_of_element_located((By.ID, \"exampleId\")))\n        >>> print(element.text)\n        \"\"\"\n        screen = None\n        stacktrace = None\n    \n        end_time = time.monotonic() + self._timeout\n        while True:\n            try:\n                value = method(self._driver)\n                if value:\n                    return value\n            except self._ignored_exceptions as exc:\n                screen = getattr(exc, \"screen\", None)\n                stacktrace = getattr(exc, \"stacktrace\", None)\n            if time.monotonic() > end_time:\n                break\n            time.sleep(self._poll)\n>       raise TimeoutException(message, screen, stacktrace)\nE       selenium.common.exceptions.TimeoutException: Message: \nE       Stacktrace:\nE       #0 0x55e6783ba53a <unknown>\nE       #1 0x55e677eb5f00 <unknown>\nE       #2 0x55e677f05c0c <unknown>\nE       #3 0x55e677f05e31 <unknown>\nE       #4 0x55e677f4bbd4 <unknown>\nE       #5 0x55e677f2a5cd <unknown>\nE       #6 0x55e677f48f84 <unknown>\nE       #7 0x55e677f2a343 <unknown>\nE       #8 0x55e677ef778a <unknown>\nE       #9 0x55e677ef89de <unknown>\nE       #10 0x55e6783842cb <unknown>\nE       #11 0x55e678388242 <unknown>\nE       #12 0x55e6783717ac <unknown>\nE       #13 0x55e678388df7 <unknown>\nE       #14 0x55e678355b2f <unknown>\nE       #15 0x55e6783a91a8 <unknown>\nE       #16 0x55e6783a9370 <unknown>\nE       #17 0x55e6783b93b6 <unknown>\nE       #18 0x7f131c69caa4 <unknown>\nE       #19 0x7f131c729c3c <unknown>\n\n.venv/lib/python3.12/site-packages/selenium/webdriver/support/wait.py:146: TimeoutException","steps":[{"name":"Click Login link","time":{"start":1741916519617,"stop":1741916530031,"duration":10414},"status":"broken","statusMessage":"selenium.common.exceptions.TimeoutException: Message: \nStacktrace:\n#0 0x55e6783ba53a <unknown>\n#1 0x55e677eb5f00 <unknown>\n#2 0x55e677f05c0c <unknown>\n#3 0x55e677f05e31 <unknown>\n#4 0x55e677f4bbd4 <unknown>\n#5 0x55e677f2a5cd <unknown>\n#6 0x55e677f48f84 <unknown>\n#7 0x55e677f2a343 <unknown>\n#8 0x55e677ef778a <unknown>\n#9 0x55e677ef89de <unknown>\n#10 0x55e6783842cb <unknown>\n#11 0x55e678388242 <unknown>\n#12 0x55e6783717ac <unknown>\n#13 0x55e678388df7 <unknown>\n#14 0x55e678355b2f <unknown>\n#15 0x55e6783a91a8 <unknown>\n#16 0x55e6783a9370 <unknown>\n#17 0x55e6783b93b6 <unknown>\n#18 0x7f131c69caa4 <unknown>\n#19 0x7f131c729c3c <unknown>\n\n","statusTrace":"  File \"/home/runner/work/Selenium-Python-Example/Selenium-Python-Example/.venv/lib/python3.12/site-packages/allure_commons/_allure.py\", line 192, in impl\n    return func(*a, **kw)\n           ^^^^^^^^^^^^^^\n  File \"/home/runner/work/Selenium-Python-Example/Selenium-Python-Example/pages/about_page.py\", line 20, in click_login_link\n    self.click(self.LOGIN_LINK)\n  File \"/home/runner/work/Selenium-Python-Example/Selenium-Python-Example/pages/base_page.py\", line 60, in click\n    el: WebElement = self.wait.until(\n                     ^^^^^^^^^^^^^^^^\n  File \"/home/runner/work/Selenium-Python-Example/Selenium-Python-Example/.venv/lib/python3.12/site-packages/selenium/webdriver/support/wait.py\", line 146, in until\n    raise TimeoutException(message, screen, stacktrace)\n","steps":[],"attachments":[],"parameters":[],"shouldDisplayMessage":true,"stepsCount":0,"attachmentsCount":0,"hasContent":true,"attachmentStep":false},{"name":"public ip address","time":{"start":1741916530040,"stop":1741916530189,"duration":149},"status":"passed","steps":[],"attachments":[{"uid":"5026632bcef78836","name":"HTTP logs of http://checkip.amazonaws.com/","source":"5026632bcef78836.txt","type":"text/plain","size":357}],"parameters":[],"shouldDisplayMessage":false,"stepsCount":0,"attachmentsCount":1,"hasContent":true,"attachmentStep":false}],"attachments":[{"uid":"6c0269087e225374","name":"Cookies","source":"6c0269087e225374.json","type":"application/json","size":4109},{"uid":"bb7fd916e20daaa0","name":"Session Storage","source":"bb7fd916e20daaa0.json","type":"application/json","size":359},{"uid":"42e063f5024fc8ee","name":"Local Storage","source":"42e063f5024fc8ee.json","type":"application/json","size":350},{"uid":"7b8f96822a89feb5","name":"Full Page Screenshot","source":"7b8f96822a89feb5.png","type":"image/png","size":1355713},{"uid":"89bce395a014ece7","name":"URL","source":"89bce395a014ece7.uri","type":"text/uri-list","size":23},{"uid":"ca9d1cf352a8b63","name":"Network Logs","source":"ca9d1cf352a8b63.json","type":"application/json","size":59511}],"parameters":[],"shouldDisplayMessage":true,"stepsCount":2,"attachmentsCount":7,"hasContent":true,"attachmentStep":false},"afterStages":[{"name":"session_request::0","time":{"start":1741916547335,"stop":1741916547335,"duration":0},"status":"passed","steps":[],"attachments":[],"parameters":[],"shouldDisplayMessage":false,"stepsCount":0,"attachmentsCount":0,"hasContent":false,"attachmentStep":false}],"labels":[{"name":"feature","value":"Login"},{"name":"severity","value":"blocker"},{"name":"epic","value":"Security"},{"name":"tag","value":"Tagged test"},{"name":"tag","value":"flaky(reruns=1)"},{"name":"tag","value":"security"},{"name":"parentSuite","value":"tests"},{"name":"suite","value":"login_test"},{"name":"subSuite","value":"TestLogin"},{"name":"host","value":"fv-az1372-378"},{"name":"thread","value":"2107-MainThread"},{"name":"framework","value":"pytest"},{"name":"language","value":"cpython3"},{"name":"package","value":"tests.login_test"},{"name":"resultFormat","value":"allure2"}],"parameters":[],"links":[],"hidden":false,"retry":false,"extra":{"severity":"blocker","retries":[{"uid":"a5c5b722a984e0fc","status":"broken","statusDetails":"selenium.common.exceptions.TimeoutException: Message: \nStacktrace:\n#0 0x55a59681053a <unknown>\n#1 0x55a59630bf00 <unknown>\n#2 0x55a59635bc0c <unknown>\n#3 0x55a59635be31 <unknown>\n#4 0x55a5963a1bd4 <unknown>\n#5 0x55a5963805cd <unknown>\n#6 0x55a59639ef84 <unknown>\n#7 0x55a596380343 <unknown>\n#8 0x55a59634d78a <unknown>\n#9 0x55a59634e9de <unknown>\n#10 0x55a5967da2cb <unknown>\n#11 0x55a5967de242 <unknown>\n#12 0x55a5967c77ac <unknown>\n#13 0x55a5967dedf7 <unknown>\n#14 0x55a5967abb2f <unknown>\n#15 0x55a5967ff1a8 <unknown>\n#16 0x55a5967ff370 <unknown>\n#17 0x55a59680f3b6 <unknown>\n#18 0x7f9e0649caa4 <unknown>\n#19 0x7f9e06529c3c <unknown>","time":{"start":1741916504615,"stop":1741916515126,"duration":10511}}],"categories":[{"name":"Test defects","matchedStatuses":[],"flaky":false}],"tags":["security","Tagged test","flaky(reruns=1)"]},"source":"c13321f135bd2b30.json","parameterValues":[]}