{"uid":"766131c78e4abed9","name":"Login with valid credentials test","fullName":"tests.login_test.TestLogin#test_valid_login","historyId":"18657c207d70aa57845e0b7f4751c290","time":{"start":1722216333623,"stop":1722216343985,"duration":10362},"description":"valid login","descriptionHtml":"<p>valid login</p>\n","status":"broken","statusMessage":"selenium.common.exceptions.TimeoutException: Message: \nStacktrace:\n#0 0x5645f609fc5a <unknown>\n#1 0x5645f5d82e2c <unknown>\n#2 0x5645f5dcf661 <unknown>\n#3 0x5645f5dcf751 <unknown>\n#4 0x5645f5e13f64 <unknown>\n#5 0x5645f5df25ed <unknown>\n#6 0x5645f5e11303 <unknown>\n#7 0x5645f5df2363 <unknown>\n#8 0x5645f5dc2247 <unknown>\n#9 0x5645f5dc2b9e <unknown>\n#10 0x5645f606622b <unknown>\n#11 0x5645f606a2d1 <unknown>\n#12 0x5645f6051ade <unknown>\n#13 0x5645f606ae32 <unknown>\n#14 0x5645f603677f <unknown>\n#15 0x5645f608f618 <unknown>\n#16 0x5645f608f7f0 <unknown>\n#17 0x5645f609ed8c <unknown>\n#18 0x7f95f9894ac3 <unknown>","statusTrace":"self = <tests.login_test.TestLogin object at 0x7fb062ec1a00>\ndata = Data(forgot_password=ForgotPassword(error_message=\"We can't find a user with that e-mail address.\", success_message='A...ct='Non Existing', page_title='My Workspace', project_name='test project', project_type='quiz', template_type='Blank'))\n\n    @allure.description(\"valid login\")\n    @allure.title(\"Login with valid credentials test\")\n    @allure.tag(\"Tagged test\")\n    @pytest.mark.flaky(reruns=1)\n    def test_valid_login(self, data: Data):\n        self.about_page.set_geo_location(30.3079823, -97.893803)\n>       self.about_page.click_login_link()\n\ntests/login_test.py:43: \n_ _ _ _ _ _ _ _ _ _ _ _ _ _ _ _ _ _ _ _ _ _ _ _ _ _ _ _ _ _ _ _ _ _ _ _ _ _ _ _ \npages/about_page.py:20: in click_login_link\n    self.click(self.LOGIN_LINK)\npages/base_page.py:60: in click\n    el: WebElement = self.wait.until(\n_ _ _ _ _ _ _ _ _ _ _ _ _ _ _ _ _ _ _ _ _ _ _ _ _ _ _ _ _ _ _ _ _ _ _ _ _ _ _ _ \n\nself = <selenium.webdriver.support.wait.WebDriverWait (session=\"85a8882ceda15e32adb3609140bb9ed2\")>\nmethod = <function element_to_be_clickable.<locals>._predicate at 0x7fb0621def20>\nmessage = ''\n\n    def until(self, method: Callable[[D], Union[Literal[False], T]], message: str = \"\") -> T:\n        \"\"\"Calls the method provided with the driver as an argument until the \\\n        return value does not evaluate to ``False``.\n    \n        :param method: callable(WebDriver)\n        :param message: optional message for :exc:`TimeoutException`\n        :returns: the result of the last call to `method`\n        :raises: :exc:`selenium.common.exceptions.TimeoutException` if timeout occurs\n        \"\"\"\n        screen = None\n        stacktrace = None\n    \n        end_time = time.monotonic() + self._timeout\n        while True:\n            try:\n                value = method(self._driver)\n                if value:\n                    return value\n            except self._ignored_exceptions as exc:\n                screen = getattr(exc, \"screen\", None)\n                stacktrace = getattr(exc, \"stacktrace\", None)\n            time.sleep(self._poll)\n            if time.monotonic() > end_time:\n                break\n>       raise TimeoutException(message, screen, stacktrace)\nE       selenium.common.exceptions.TimeoutException: Message: \nE       Stacktrace:\nE       #0 0x5645f609fc5a <unknown>\nE       #1 0x5645f5d82e2c <unknown>\nE       #2 0x5645f5dcf661 <unknown>\nE       #3 0x5645f5dcf751 <unknown>\nE       #4 0x5645f5e13f64 <unknown>\nE       #5 0x5645f5df25ed <unknown>\nE       #6 0x5645f5e11303 <unknown>\nE       #7 0x5645f5df2363 <unknown>\nE       #8 0x5645f5dc2247 <unknown>\nE       #9 0x5645f5dc2b9e <unknown>\nE       #10 0x5645f606622b <unknown>\nE       #11 0x5645f606a2d1 <unknown>\nE       #12 0x5645f6051ade <unknown>\nE       #13 0x5645f606ae32 <unknown>\nE       #14 0x5645f603677f <unknown>\nE       #15 0x5645f608f618 <unknown>\nE       #16 0x5645f608f7f0 <unknown>\nE       #17 0x5645f609ed8c <unknown>\nE       #18 0x7f95f9894ac3 <unknown>\n\n.venv/lib/python3.12/site-packages/selenium/webdriver/support/wait.py:105: TimeoutException","flaky":false,"newFailed":false,"newBroken":false,"newPassed":false,"retriesCount":0,"retriesStatusChange":false,"beforeStages":[],"testStage":{"description":"valid login","status":"broken","statusMessage":"selenium.common.exceptions.TimeoutException: Message: \nStacktrace:\n#0 0x5645f609fc5a <unknown>\n#1 0x5645f5d82e2c <unknown>\n#2 0x5645f5dcf661 <unknown>\n#3 0x5645f5dcf751 <unknown>\n#4 0x5645f5e13f64 <unknown>\n#5 0x5645f5df25ed <unknown>\n#6 0x5645f5e11303 <unknown>\n#7 0x5645f5df2363 <unknown>\n#8 0x5645f5dc2247 <unknown>\n#9 0x5645f5dc2b9e <unknown>\n#10 0x5645f606622b <unknown>\n#11 0x5645f606a2d1 <unknown>\n#12 0x5645f6051ade <unknown>\n#13 0x5645f606ae32 <unknown>\n#14 0x5645f603677f <unknown>\n#15 0x5645f608f618 <unknown>\n#16 0x5645f608f7f0 <unknown>\n#17 0x5645f609ed8c <unknown>\n#18 0x7f95f9894ac3 <unknown>","statusTrace":"self = <tests.login_test.TestLogin object at 0x7fb062ec1a00>\ndata = Data(forgot_password=ForgotPassword(error_message=\"We can't find a user with that e-mail address.\", success_message='A...ct='Non Existing', page_title='My Workspace', project_name='test project', project_type='quiz', template_type='Blank'))\n\n    @allure.description(\"valid login\")\n    @allure.title(\"Login with valid credentials test\")\n    @allure.tag(\"Tagged test\")\n    @pytest.mark.flaky(reruns=1)\n    def test_valid_login(self, data: Data):\n        self.about_page.set_geo_location(30.3079823, -97.893803)\n>       self.about_page.click_login_link()\n\ntests/login_test.py:43: \n_ _ _ _ _ _ _ _ _ _ _ _ _ _ _ _ _ _ _ _ _ _ _ _ _ _ _ _ _ _ _ _ _ _ _ _ _ _ _ _ \npages/about_page.py:20: in click_login_link\n    self.click(self.LOGIN_LINK)\npages/base_page.py:60: in click\n    el: WebElement = self.wait.until(\n_ _ _ _ _ _ _ _ _ _ _ _ _ _ _ _ _ _ _ _ _ _ _ _ _ _ _ _ _ _ _ _ _ _ _ _ _ _ _ _ \n\nself = <selenium.webdriver.support.wait.WebDriverWait (session=\"85a8882ceda15e32adb3609140bb9ed2\")>\nmethod = <function element_to_be_clickable.<locals>._predicate at 0x7fb0621def20>\nmessage = ''\n\n    def until(self, method: Callable[[D], Union[Literal[False], T]], message: str = \"\") -> T:\n        \"\"\"Calls the method provided with the driver as an argument until the \\\n        return value does not evaluate to ``False``.\n    \n        :param method: callable(WebDriver)\n        :param message: optional message for :exc:`TimeoutException`\n        :returns: the result of the last call to `method`\n        :raises: :exc:`selenium.common.exceptions.TimeoutException` if timeout occurs\n        \"\"\"\n        screen = None\n        stacktrace = None\n    \n        end_time = time.monotonic() + self._timeout\n        while True:\n            try:\n                value = method(self._driver)\n                if value:\n                    return value\n            except self._ignored_exceptions as exc:\n                screen = getattr(exc, \"screen\", None)\n                stacktrace = getattr(exc, \"stacktrace\", None)\n            time.sleep(self._poll)\n            if time.monotonic() > end_time:\n                break\n>       raise TimeoutException(message, screen, stacktrace)\nE       selenium.common.exceptions.TimeoutException: Message: \nE       Stacktrace:\nE       #0 0x5645f609fc5a <unknown>\nE       #1 0x5645f5d82e2c <unknown>\nE       #2 0x5645f5dcf661 <unknown>\nE       #3 0x5645f5dcf751 <unknown>\nE       #4 0x5645f5e13f64 <unknown>\nE       #5 0x5645f5df25ed <unknown>\nE       #6 0x5645f5e11303 <unknown>\nE       #7 0x5645f5df2363 <unknown>\nE       #8 0x5645f5dc2247 <unknown>\nE       #9 0x5645f5dc2b9e <unknown>\nE       #10 0x5645f606622b <unknown>\nE       #11 0x5645f606a2d1 <unknown>\nE       #12 0x5645f6051ade <unknown>\nE       #13 0x5645f606ae32 <unknown>\nE       #14 0x5645f603677f <unknown>\nE       #15 0x5645f608f618 <unknown>\nE       #16 0x5645f608f7f0 <unknown>\nE       #17 0x5645f609ed8c <unknown>\nE       #18 0x7f95f9894ac3 <unknown>\n\n.venv/lib/python3.12/site-packages/selenium/webdriver/support/wait.py:105: TimeoutException","steps":[{"name":"Click Login link","time":{"start":1722216333652,"stop":1722216343984,"duration":10332},"status":"broken","statusMessage":"selenium.common.exceptions.TimeoutException: Message: \nStacktrace:\n#0 0x5645f609fc5a <unknown>\n#1 0x5645f5d82e2c <unknown>\n#2 0x5645f5dcf661 <unknown>\n#3 0x5645f5dcf751 <unknown>\n#4 0x5645f5e13f64 <unknown>\n#5 0x5645f5df25ed <unknown>\n#6 0x5645f5e11303 <unknown>\n#7 0x5645f5df2363 <unknown>\n#8 0x5645f5dc2247 <unknown>\n#9 0x5645f5dc2b9e <unknown>\n#10 0x5645f606622b <unknown>\n#11 0x5645f606a2d1 <unknown>\n#12 0x5645f6051ade <unknown>\n#13 0x5645f606ae32 <unknown>\n#14 0x5645f603677f <unknown>\n#15 0x5645f608f618 <unknown>\n#16 0x5645f608f7f0 <unknown>\n#17 0x5645f609ed8c <unknown>\n#18 0x7f95f9894ac3 <unknown>\n\n","statusTrace":"  File \"/home/runner/work/Selenium-Python-Example/Selenium-Python-Example/.venv/lib/python3.12/site-packages/allure_commons/_allure.py\", line 192, in impl\n    return func(*a, **kw)\n           ^^^^^^^^^^^^^^\n  File \"/home/runner/work/Selenium-Python-Example/Selenium-Python-Example/pages/about_page.py\", line 20, in click_login_link\n    self.click(self.LOGIN_LINK)\n  File \"/home/runner/work/Selenium-Python-Example/Selenium-Python-Example/pages/base_page.py\", line 60, in click\n    el: WebElement = self.wait.until(\n                     ^^^^^^^^^^^^^^^^\n  File \"/home/runner/work/Selenium-Python-Example/Selenium-Python-Example/.venv/lib/python3.12/site-packages/selenium/webdriver/support/wait.py\", line 105, in until\n    raise TimeoutException(message, screen, stacktrace)\n","steps":[],"attachments":[],"parameters":[],"shouldDisplayMessage":true,"stepsCount":0,"attachmentsCount":0,"hasContent":true,"attachmentStep":false},{"name":"public ip address","time":{"start":1722216343994,"stop":1722216344038,"duration":44},"status":"passed","steps":[],"attachments":[{"uid":"61822050f0b58a24","name":"HTTP logs of http://checkip.amazonaws.com/","source":"61822050f0b58a24.txt","type":"text/plain","size":358}],"parameters":[],"shouldDisplayMessage":false,"stepsCount":0,"attachmentsCount":1,"hasContent":true,"attachmentStep":false}],"attachments":[{"uid":"cf67ef59b129ae79","name":"Cookies","source":"cf67ef59b129ae79.json","type":"application/json","size":3583},{"uid":"54766008ebca7dea","name":"Session Storage","source":"54766008ebca7dea.json","type":"application/json","size":359},{"uid":"c456c391c20465ba","name":"Local Storage","source":"c456c391c20465ba.json","type":"application/json","size":350},{"uid":"93009e257d8840d7","name":"Console Logs","source":"93009e257d8840d7.json","type":"application/json","size":236},{"uid":"5b7034e73204a9c4","name":"Full Page Screenshot","source":"5b7034e73204a9c4.png","type":"image/png","size":4647547},{"uid":"9e5b38fcc0e95ff3","name":"URL","source":"9e5b38fcc0e95ff3.uri","type":"text/uri-list","size":23},{"uid":"7b609f5189891f9e","name":"Network Logs","source":"7b609f5189891f9e.json","type":"application/json","size":66171}],"parameters":[],"shouldDisplayMessage":true,"stepsCount":2,"attachmentsCount":8,"hasContent":true,"attachmentStep":false},"afterStages":[],"labels":[{"name":"feature","value":"Login"},{"name":"severity","value":"blocker"},{"name":"tag","value":"Tagged test"},{"name":"epic","value":"Security"},{"name":"tag","value":"flaky(reruns=1)"},{"name":"tag","value":"security"},{"name":"parentSuite","value":"tests"},{"name":"suite","value":"login_test"},{"name":"subSuite","value":"TestLogin"},{"name":"host","value":"fv-az1530-944"},{"name":"thread","value":"2272-MainThread"},{"name":"framework","value":"pytest"},{"name":"language","value":"cpython3"},{"name":"package","value":"tests.login_test"},{"name":"resultFormat","value":"allure2"}],"parameters":[],"links":[],"hidden":true,"retry":true,"extra":{"categories":[],"tags":["security","Tagged test","flaky(reruns=1)"]},"source":"766131c78e4abed9.json","parameterValues":[]}