{"uid":"1d408dd6f6c3db16","name":"Delete existing project","fullName":"tests.workspaces_test.TestWorkspaces#test_delete_project","historyId":"01aedc61ee0cb37239b4ba1d780257ea","time":{"start":1735696062086,"stop":1735696062086,"duration":0},"description":"Deleting an existing project from workspace","descriptionHtml":"<p>Deleting an existing project from workspace</p>\n","status":"broken","statusMessage":"selenium.common.exceptions.TimeoutException: Message: \nStacktrace:\n#0 0x55f00583431a <unknown>\n#1 0x55f00534a6e0 <unknown>\n#2 0x55f0053993e6 <unknown>\n#3 0x55f005399681 <unknown>\n#4 0x55f0053deb04 <unknown>\n#5 0x55f0053bd48d <unknown>\n#6 0x55f0053dbed7 <unknown>\n#7 0x55f0053bd203 <unknown>\n#8 0x55f00538bcc0 <unknown>\n#9 0x55f00538cc9e <unknown>\n#10 0x55f005801d0b <unknown>\n#11 0x55f005805c92 <unknown>\n#12 0x55f0057eeb3c <unknown>\n#13 0x55f005806807 <unknown>\n#14 0x55f0057d40df <unknown>\n#15 0x55f005823578 <unknown>\n#16 0x55f005823740 <unknown>\n#17 0x55f005833196 <unknown>\n#18 0x7f0a4789ca94 <unknown>\n#19 0x7f0a47929c3c <unknown>","statusTrace":"self = <tests.workspaces_test.TestWorkspaces object at 0x7f4b2b964470>\n\n    @pytest.fixture(autouse=True)\n    def setup_method_fixture(self):\n>       login(self.about_page, self.login_page)\n\ntests/workspaces_test.py:25: \n_ _ _ _ _ _ _ _ _ _ _ _ _ _ _ _ _ _ _ _ _ _ _ _ _ _ _ _ _ _ _ _ _ _ _ _ _ _ _ _ \ntests/workspaces_test.py:15: in login\n    about_page.click_login_link()\npages/about_page.py:20: in click_login_link\n    self.click(self.LOGIN_LINK)\npages/base_page.py:60: in click\n    el: WebElement = self.wait.until(\n_ _ _ _ _ _ _ _ _ _ _ _ _ _ _ _ _ _ _ _ _ _ _ _ _ _ _ _ _ _ _ _ _ _ _ _ _ _ _ _ \n\nself = <selenium.webdriver.support.wait.WebDriverWait (session=\"ae6f6feb18a12e57184971ee9a34e026\")>\nmethod = <function element_to_be_clickable.<locals>._predicate at 0x7f4b2b2091c0>\nmessage = ''\n\n    def until(self, method: Callable[[D], Union[Literal[False], T]], message: str = \"\") -> T:\n        \"\"\"Calls the method provided with the driver as an argument until the \\\n        return value does not evaluate to ``False``.\n    \n        :param method: callable(WebDriver)\n        :param message: optional message for :exc:`TimeoutException`\n        :returns: the result of the last call to `method`\n        :raises: :exc:`selenium.common.exceptions.TimeoutException` if timeout occurs\n        \"\"\"\n        screen = None\n        stacktrace = None\n    \n        end_time = time.monotonic() + self._timeout\n        while True:\n            try:\n                value = method(self._driver)\n                if value:\n                    return value\n            except self._ignored_exceptions as exc:\n                screen = getattr(exc, \"screen\", None)\n                stacktrace = getattr(exc, \"stacktrace\", None)\n            if time.monotonic() > end_time:\n                break\n            time.sleep(self._poll)\n>       raise TimeoutException(message, screen, stacktrace)\nE       selenium.common.exceptions.TimeoutException: Message: \nE       Stacktrace:\nE       #0 0x55f00583431a <unknown>\nE       #1 0x55f00534a6e0 <unknown>\nE       #2 0x55f0053993e6 <unknown>\nE       #3 0x55f005399681 <unknown>\nE       #4 0x55f0053deb04 <unknown>\nE       #5 0x55f0053bd48d <unknown>\nE       #6 0x55f0053dbed7 <unknown>\nE       #7 0x55f0053bd203 <unknown>\nE       #8 0x55f00538bcc0 <unknown>\nE       #9 0x55f00538cc9e <unknown>\nE       #10 0x55f005801d0b <unknown>\nE       #11 0x55f005805c92 <unknown>\nE       #12 0x55f0057eeb3c <unknown>\nE       #13 0x55f005806807 <unknown>\nE       #14 0x55f0057d40df <unknown>\nE       #15 0x55f005823578 <unknown>\nE       #16 0x55f005823740 <unknown>\nE       #17 0x55f005833196 <unknown>\nE       #18 0x7f0a4789ca94 <unknown>\nE       #19 0x7f0a47929c3c <unknown>\n\n.venv/lib/python3.12/site-packages/selenium/webdriver/support/wait.py:105: TimeoutException","flaky":false,"newFailed":false,"newBroken":false,"newPassed":false,"retriesCount":0,"retriesStatusChange":false,"beforeStages":[{"name":"_verify_url","time":{"start":1735695906905,"stop":1735695906905,"duration":0},"status":"passed","steps":[],"attachments":[],"parameters":[],"shouldDisplayMessage":false,"stepsCount":0,"attachmentsCount":0,"hasContent":false,"attachmentStep":false},{"name":"base_url","time":{"start":1735695906905,"stop":1735695906905,"duration":0},"status":"passed","steps":[],"attachments":[],"parameters":[],"shouldDisplayMessage":false,"stepsCount":0,"attachmentsCount":0,"hasContent":false,"attachmentStep":false},{"name":"session_request","time":{"start":1735695906905,"stop":1735695906905,"duration":0},"status":"passed","steps":[],"attachments":[],"parameters":[],"shouldDisplayMessage":false,"stepsCount":0,"attachmentsCount":0,"hasContent":false,"attachmentStep":false},{"name":"data","time":{"start":1735695906906,"stop":1735695906906,"duration":0},"status":"passed","steps":[],"attachments":[],"parameters":[],"shouldDisplayMessage":false,"stepsCount":0,"attachmentsCount":0,"hasContent":false,"attachmentStep":false},{"name":"setup_method_fixture","time":{"start":1735696064200,"stop":1735696074343,"duration":10143},"status":"broken","statusMessage":"selenium.common.exceptions.TimeoutException: Message: \nStacktrace:\n#0 0x55f00583431a <unknown>\n#1 0x55f00534a6e0 <unknown>\n#2 0x55f0053993e6 <unknown>\n#3 0x55f005399681 <unknown>\n#4 0x55f0053deb04 <unknown>\n#5 0x55f0053bd48d <unknown>\n#6 0x55f0053dbed7 <unknown>\n#7 0x55f0053bd203 <unknown>\n#8 0x55f00538bcc0 <unknown>\n#9 0x55f00538cc9e <unknown>\n#10 0x55f005801d0b <unknown>\n#11 0x55f005805c92 <unknown>\n#12 0x55f0057eeb3c <unknown>\n#13 0x55f005806807 <unknown>\n#14 0x55f0057d40df <unknown>\n#15 0x55f005823578 <unknown>\n#16 0x55f005823740 <unknown>\n#17 0x55f005833196 <unknown>\n#18 0x7f0a4789ca94 <unknown>\n#19 0x7f0a47929c3c <unknown>\n\n","statusTrace":"  File \"/home/runner/work/Selenium-Python-Example/Selenium-Python-Example/.venv/lib/python3.12/site-packages/pluggy/_callers.py\", line 167, in _multicall\n    teardown.throw(outcome._exception)\n  File \"/home/runner/work/Selenium-Python-Example/Selenium-Python-Example/.venv/lib/python3.12/site-packages/_pytest/setuponly.py\", line 36, in pytest_fixture_setup\n    return (yield)\n            ^^^^^\n  File \"/home/runner/work/Selenium-Python-Example/Selenium-Python-Example/.venv/lib/python3.12/site-packages/pluggy/_callers.py\", line 103, in _multicall\n    res = hook_impl.function(*args)\n          ^^^^^^^^^^^^^^^^^^^^^^^^^\n  File \"/home/runner/work/Selenium-Python-Example/Selenium-Python-Example/.venv/lib/python3.12/site-packages/_pytest/fixtures.py\", line 1140, in pytest_fixture_setup\n    result = call_fixture_func(fixturefunc, request, kwargs)\n             ^^^^^^^^^^^^^^^^^^^^^^^^^^^^^^^^^^^^^^^^^^^^^^^\n  File \"/home/runner/work/Selenium-Python-Example/Selenium-Python-Example/.venv/lib/python3.12/site-packages/_pytest/fixtures.py\", line 898, in call_fixture_func\n    fixture_result = fixturefunc(**kwargs)\n                     ^^^^^^^^^^^^^^^^^^^^^\n  File \"/home/runner/work/Selenium-Python-Example/Selenium-Python-Example/tests/workspaces_test.py\", line 25, in setup_method_fixture\n    login(self.about_page, self.login_page)\n  File \"/home/runner/work/Selenium-Python-Example/Selenium-Python-Example/tests/workspaces_test.py\", line 15, in login\n    about_page.click_login_link()\n  File \"/home/runner/work/Selenium-Python-Example/Selenium-Python-Example/.venv/lib/python3.12/site-packages/allure_commons/_allure.py\", line 192, in impl\n    return func(*a, **kw)\n           ^^^^^^^^^^^^^^\n  File \"/home/runner/work/Selenium-Python-Example/Selenium-Python-Example/pages/about_page.py\", line 20, in click_login_link\n    self.click(self.LOGIN_LINK)\n  File \"/home/runner/work/Selenium-Python-Example/Selenium-Python-Example/pages/base_page.py\", line 60, in click\n    el: WebElement = self.wait.until(\n                     ^^^^^^^^^^^^^^^^\n  File \"/home/runner/work/Selenium-Python-Example/Selenium-Python-Example/.venv/lib/python3.12/site-packages/selenium/webdriver/support/wait.py\", line 105, in until\n    raise TimeoutException(message, screen, stacktrace)\n","steps":[{"name":"Click Login link","time":{"start":1735696064201,"stop":1735696074343,"duration":10142},"status":"broken","statusMessage":"selenium.common.exceptions.TimeoutException: Message: \nStacktrace:\n#0 0x55f00583431a <unknown>\n#1 0x55f00534a6e0 <unknown>\n#2 0x55f0053993e6 <unknown>\n#3 0x55f005399681 <unknown>\n#4 0x55f0053deb04 <unknown>\n#5 0x55f0053bd48d <unknown>\n#6 0x55f0053dbed7 <unknown>\n#7 0x55f0053bd203 <unknown>\n#8 0x55f00538bcc0 <unknown>\n#9 0x55f00538cc9e <unknown>\n#10 0x55f005801d0b <unknown>\n#11 0x55f005805c92 <unknown>\n#12 0x55f0057eeb3c <unknown>\n#13 0x55f005806807 <unknown>\n#14 0x55f0057d40df <unknown>\n#15 0x55f005823578 <unknown>\n#16 0x55f005823740 <unknown>\n#17 0x55f005833196 <unknown>\n#18 0x7f0a4789ca94 <unknown>\n#19 0x7f0a47929c3c <unknown>\n\n","statusTrace":"  File \"/home/runner/work/Selenium-Python-Example/Selenium-Python-Example/.venv/lib/python3.12/site-packages/allure_commons/_allure.py\", line 192, in impl\n    return func(*a, **kw)\n           ^^^^^^^^^^^^^^\n  File \"/home/runner/work/Selenium-Python-Example/Selenium-Python-Example/pages/about_page.py\", line 20, in click_login_link\n    self.click(self.LOGIN_LINK)\n  File \"/home/runner/work/Selenium-Python-Example/Selenium-Python-Example/pages/base_page.py\", line 60, in click\n    el: WebElement = self.wait.until(\n                     ^^^^^^^^^^^^^^^^\n  File \"/home/runner/work/Selenium-Python-Example/Selenium-Python-Example/.venv/lib/python3.12/site-packages/selenium/webdriver/support/wait.py\", line 105, in until\n    raise TimeoutException(message, screen, stacktrace)\n","steps":[],"attachments":[],"parameters":[],"shouldDisplayMessage":true,"stepsCount":0,"attachmentsCount":0,"hasContent":true,"attachmentStep":false}],"attachments":[],"parameters":[],"shouldDisplayMessage":false,"stepsCount":1,"attachmentsCount":0,"hasContent":true,"attachmentStep":false}],"testStage":{"description":"Deleting an existing project from workspace","status":"broken","statusMessage":"selenium.common.exceptions.TimeoutException: Message: \nStacktrace:\n#0 0x55f00583431a <unknown>\n#1 0x55f00534a6e0 <unknown>\n#2 0x55f0053993e6 <unknown>\n#3 0x55f005399681 <unknown>\n#4 0x55f0053deb04 <unknown>\n#5 0x55f0053bd48d <unknown>\n#6 0x55f0053dbed7 <unknown>\n#7 0x55f0053bd203 <unknown>\n#8 0x55f00538bcc0 <unknown>\n#9 0x55f00538cc9e <unknown>\n#10 0x55f005801d0b <unknown>\n#11 0x55f005805c92 <unknown>\n#12 0x55f0057eeb3c <unknown>\n#13 0x55f005806807 <unknown>\n#14 0x55f0057d40df <unknown>\n#15 0x55f005823578 <unknown>\n#16 0x55f005823740 <unknown>\n#17 0x55f005833196 <unknown>\n#18 0x7f0a4789ca94 <unknown>\n#19 0x7f0a47929c3c <unknown>","statusTrace":"self = <tests.workspaces_test.TestWorkspaces object at 0x7f4b2b964470>\n\n    @pytest.fixture(autouse=True)\n    def setup_method_fixture(self):\n>       login(self.about_page, self.login_page)\n\ntests/workspaces_test.py:25: \n_ _ _ _ _ _ _ _ _ _ _ _ _ _ _ _ _ _ _ _ _ _ _ _ _ _ _ _ _ _ _ _ _ _ _ _ _ _ _ _ \ntests/workspaces_test.py:15: in login\n    about_page.click_login_link()\npages/about_page.py:20: in click_login_link\n    self.click(self.LOGIN_LINK)\npages/base_page.py:60: in click\n    el: WebElement = self.wait.until(\n_ _ _ _ _ _ _ _ _ _ _ _ _ _ _ _ _ _ _ _ _ _ _ _ _ _ _ _ _ _ _ _ _ _ _ _ _ _ _ _ \n\nself = <selenium.webdriver.support.wait.WebDriverWait (session=\"ae6f6feb18a12e57184971ee9a34e026\")>\nmethod = <function element_to_be_clickable.<locals>._predicate at 0x7f4b2b2091c0>\nmessage = ''\n\n    def until(self, method: Callable[[D], Union[Literal[False], T]], message: str = \"\") -> T:\n        \"\"\"Calls the method provided with the driver as an argument until the \\\n        return value does not evaluate to ``False``.\n    \n        :param method: callable(WebDriver)\n        :param message: optional message for :exc:`TimeoutException`\n        :returns: the result of the last call to `method`\n        :raises: :exc:`selenium.common.exceptions.TimeoutException` if timeout occurs\n        \"\"\"\n        screen = None\n        stacktrace = None\n    \n        end_time = time.monotonic() + self._timeout\n        while True:\n            try:\n                value = method(self._driver)\n                if value:\n                    return value\n            except self._ignored_exceptions as exc:\n                screen = getattr(exc, \"screen\", None)\n                stacktrace = getattr(exc, \"stacktrace\", None)\n            if time.monotonic() > end_time:\n                break\n            time.sleep(self._poll)\n>       raise TimeoutException(message, screen, stacktrace)\nE       selenium.common.exceptions.TimeoutException: Message: \nE       Stacktrace:\nE       #0 0x55f00583431a <unknown>\nE       #1 0x55f00534a6e0 <unknown>\nE       #2 0x55f0053993e6 <unknown>\nE       #3 0x55f005399681 <unknown>\nE       #4 0x55f0053deb04 <unknown>\nE       #5 0x55f0053bd48d <unknown>\nE       #6 0x55f0053dbed7 <unknown>\nE       #7 0x55f0053bd203 <unknown>\nE       #8 0x55f00538bcc0 <unknown>\nE       #9 0x55f00538cc9e <unknown>\nE       #10 0x55f005801d0b <unknown>\nE       #11 0x55f005805c92 <unknown>\nE       #12 0x55f0057eeb3c <unknown>\nE       #13 0x55f005806807 <unknown>\nE       #14 0x55f0057d40df <unknown>\nE       #15 0x55f005823578 <unknown>\nE       #16 0x55f005823740 <unknown>\nE       #17 0x55f005833196 <unknown>\nE       #18 0x7f0a4789ca94 <unknown>\nE       #19 0x7f0a47929c3c <unknown>\n\n.venv/lib/python3.12/site-packages/selenium/webdriver/support/wait.py:105: TimeoutException","steps":[{"name":"public ip address","time":{"start":1735696074357,"stop":1735696074402,"duration":45},"status":"passed","steps":[],"attachments":[{"uid":"b63c17bc5170054b","name":"HTTP logs of http://checkip.amazonaws.com/","source":"b63c17bc5170054b.txt","type":"text/plain","size":355}],"parameters":[],"shouldDisplayMessage":false,"stepsCount":0,"attachmentsCount":1,"hasContent":true,"attachmentStep":false}],"attachments":[{"uid":"c58e285a51a88125","name":"Cookies","source":"c58e285a51a88125.json","type":"application/json","size":3581},{"uid":"17d99ffd97755b9d","name":"Session Storage","source":"17d99ffd97755b9d.json","type":"application/json","size":359},{"uid":"4ab82e07014bc29a","name":"Local Storage","source":"4ab82e07014bc29a.json","type":"application/json","size":790},{"uid":"e2b13af33ef548f0","name":"Console Logs","source":"e2b13af33ef548f0.json","type":"application/json","size":236},{"uid":"befef33d2ad2ce33","name":"Full Page Screenshot","source":"befef33d2ad2ce33.png","type":"image/png","size":4150736},{"uid":"8d6587db8e109cec","name":"URL","source":"8d6587db8e109cec.uri","type":"text/uri-list","size":23},{"uid":"6d3ef7e8fa276d79","name":"Network Logs","source":"6d3ef7e8fa276d79.json","type":"application/json","size":4214907}],"parameters":[],"shouldDisplayMessage":true,"stepsCount":1,"attachmentsCount":8,"hasContent":true,"attachmentStep":false},"afterStages":[{"name":"session_request::0","time":{"start":1735696077432,"stop":1735696077432,"duration":0},"status":"passed","steps":[],"attachments":[],"parameters":[],"shouldDisplayMessage":false,"stepsCount":0,"attachmentsCount":0,"hasContent":false,"attachmentStep":false}],"labels":[{"name":"epic","value":"Workspaces"},{"name":"story","value":"WorkSpaces Creation and Editing Functionality"},{"name":"severity","value":"normal"},{"name":"tag","value":"run(order=9)"},{"name":"parentSuite","value":"tests"},{"name":"suite","value":"workspaces_test"},{"name":"subSuite","value":"TestWorkspaces"},{"name":"host","value":"fv-az1690-300"},{"name":"thread","value":"2015-MainThread"},{"name":"framework","value":"pytest"},{"name":"language","value":"cpython3"},{"name":"package","value":"tests.workspaces_test"},{"name":"resultFormat","value":"allure2"}],"parameters":[],"links":[],"hidden":false,"retry":false,"extra":{"severity":"normal","retries":[],"categories":[{"name":"Test defects","matchedStatuses":[],"flaky":false}],"tags":["run(order=9)"]},"source":"1d408dd6f6c3db16.json","parameterValues":[]}