{"uid":"fe6ce9d4e47f3e0f","name":"Cancel a project deletion","fullName":"tests.workspaces_test.TestWorkspaces#test_cancel_project_deletion","historyId":"4e88bda60b0c69cc538a06ace82098c3","time":{"start":1719105815067,"stop":1719105815067,"duration":0},"description":"Cancel project deletion","descriptionHtml":"<p>Cancel project deletion</p>\n","status":"broken","statusMessage":"selenium.common.exceptions.TimeoutException: Message: \nStacktrace:\n#0 0x5623590ce6aa <unknown>\n#1 0x562358db10dc <unknown>\n#2 0x562358dfd931 <unknown>\n#3 0x562358dfda21 <unknown>\n#4 0x562358e42234 <unknown>\n#5 0x562358e2089d <unknown>\n#6 0x562358e3f5c3 <unknown>\n#7 0x562358e20613 <unknown>\n#8 0x562358df04f7 <unknown>\n#9 0x562358df0e4e <unknown>\n#10 0x56235909487b <unknown>\n#11 0x562359098921 <unknown>\n#12 0x56235908036e <unknown>\n#13 0x562359099482 <unknown>\n#14 0x562359064ccf <unknown>\n#15 0x5623590be0a8 <unknown>\n#16 0x5623590be280 <unknown>\n#17 0x5623590cd7dc <unknown>\n#18 0x7f3bf9494ac3 <unknown>","statusTrace":"self = <tests.workspaces_test.TestWorkspaces object at 0x7f123c9d21e0>\n\n    @pytest.fixture(autouse=True)\n    def setup_method_fixture(self):\n>       login(self.about_page, self.login_page)\n\ntests/workspaces_test.py:25: \n_ _ _ _ _ _ _ _ _ _ _ _ _ _ _ _ _ _ _ _ _ _ _ _ _ _ _ _ _ _ _ _ _ _ _ _ _ _ _ _ \ntests/workspaces_test.py:15: in login\n    about_page.click_login_link()\npages/about_page.py:20: in click_login_link\n    self.click(self.LOGIN_LINK)\npages/base_page.py:60: in click\n    el: WebElement = self.wait.until(\n_ _ _ _ _ _ _ _ _ _ _ _ _ _ _ _ _ _ _ _ _ _ _ _ _ _ _ _ _ _ _ _ _ _ _ _ _ _ _ _ \n\nself = <selenium.webdriver.support.wait.WebDriverWait (session=\"6a28bfcd990a4886ebd56df6b677cf89\")>\nmethod = <function element_to_be_clickable.<locals>._predicate at 0x7f123bf4b7e0>\nmessage = ''\n\n    def until(self, method: Callable[[D], Union[Literal[False], T]], message: str = \"\") -> T:\n        \"\"\"Calls the method provided with the driver as an argument until the \\\n        return value does not evaluate to ``False``.\n    \n        :param method: callable(WebDriver)\n        :param message: optional message for :exc:`TimeoutException`\n        :returns: the result of the last call to `method`\n        :raises: :exc:`selenium.common.exceptions.TimeoutException` if timeout occurs\n        \"\"\"\n        screen = None\n        stacktrace = None\n    \n        end_time = time.monotonic() + self._timeout\n        while True:\n            try:\n                value = method(self._driver)\n                if value:\n                    return value\n            except self._ignored_exceptions as exc:\n                screen = getattr(exc, \"screen\", None)\n                stacktrace = getattr(exc, \"stacktrace\", None)\n            time.sleep(self._poll)\n            if time.monotonic() > end_time:\n                break\n>       raise TimeoutException(message, screen, stacktrace)\nE       selenium.common.exceptions.TimeoutException: Message: \nE       Stacktrace:\nE       #0 0x5623590ce6aa <unknown>\nE       #1 0x562358db10dc <unknown>\nE       #2 0x562358dfd931 <unknown>\nE       #3 0x562358dfda21 <unknown>\nE       #4 0x562358e42234 <unknown>\nE       #5 0x562358e2089d <unknown>\nE       #6 0x562358e3f5c3 <unknown>\nE       #7 0x562358e20613 <unknown>\nE       #8 0x562358df04f7 <unknown>\nE       #9 0x562358df0e4e <unknown>\nE       #10 0x56235909487b <unknown>\nE       #11 0x562359098921 <unknown>\nE       #12 0x56235908036e <unknown>\nE       #13 0x562359099482 <unknown>\nE       #14 0x562359064ccf <unknown>\nE       #15 0x5623590be0a8 <unknown>\nE       #16 0x5623590be280 <unknown>\nE       #17 0x5623590cd7dc <unknown>\nE       #18 0x7f3bf9494ac3 <unknown>\n\n.venv/lib/python3.12/site-packages/selenium/webdriver/support/wait.py:105: TimeoutException","flaky":false,"newFailed":false,"newBroken":false,"newPassed":false,"retriesCount":0,"retriesStatusChange":false,"beforeStages":[{"name":"setup_method_fixture","time":{"start":1719105816785,"stop":1719105827058,"duration":10273},"status":"broken","statusMessage":"selenium.common.exceptions.TimeoutException: Message: \nStacktrace:\n#0 0x5623590ce6aa <unknown>\n#1 0x562358db10dc <unknown>\n#2 0x562358dfd931 <unknown>\n#3 0x562358dfda21 <unknown>\n#4 0x562358e42234 <unknown>\n#5 0x562358e2089d <unknown>\n#6 0x562358e3f5c3 <unknown>\n#7 0x562358e20613 <unknown>\n#8 0x562358df04f7 <unknown>\n#9 0x562358df0e4e <unknown>\n#10 0x56235909487b <unknown>\n#11 0x562359098921 <unknown>\n#12 0x56235908036e <unknown>\n#13 0x562359099482 <unknown>\n#14 0x562359064ccf <unknown>\n#15 0x5623590be0a8 <unknown>\n#16 0x5623590be280 <unknown>\n#17 0x5623590cd7dc <unknown>\n#18 0x7f3bf9494ac3 <unknown>\n\n","statusTrace":"  File \"/home/runner/work/Selenium-Python-Example/Selenium-Python-Example/.venv/lib/python3.12/site-packages/pluggy/_callers.py\", line 167, in _multicall\n    teardown.throw(outcome._exception)\n  File \"/home/runner/work/Selenium-Python-Example/Selenium-Python-Example/.venv/lib/python3.12/site-packages/_pytest/setuponly.py\", line 36, in pytest_fixture_setup\n    return (yield)\n            ^^^^^\n  File \"/home/runner/work/Selenium-Python-Example/Selenium-Python-Example/.venv/lib/python3.12/site-packages/pluggy/_callers.py\", line 103, in _multicall\n    res = hook_impl.function(*args)\n          ^^^^^^^^^^^^^^^^^^^^^^^^^\n  File \"/home/runner/work/Selenium-Python-Example/Selenium-Python-Example/.venv/lib/python3.12/site-packages/_pytest/fixtures.py\", line 1122, in pytest_fixture_setup\n    result = call_fixture_func(fixturefunc, request, kwargs)\n             ^^^^^^^^^^^^^^^^^^^^^^^^^^^^^^^^^^^^^^^^^^^^^^^\n  File \"/home/runner/work/Selenium-Python-Example/Selenium-Python-Example/.venv/lib/python3.12/site-packages/_pytest/fixtures.py\", line 884, in call_fixture_func\n    fixture_result = fixturefunc(**kwargs)\n                     ^^^^^^^^^^^^^^^^^^^^^\n  File \"/home/runner/work/Selenium-Python-Example/Selenium-Python-Example/tests/workspaces_test.py\", line 25, in setup_method_fixture\n    login(self.about_page, self.login_page)\n  File \"/home/runner/work/Selenium-Python-Example/Selenium-Python-Example/tests/workspaces_test.py\", line 15, in login\n    about_page.click_login_link()\n  File \"/home/runner/work/Selenium-Python-Example/Selenium-Python-Example/.venv/lib/python3.12/site-packages/allure_commons/_allure.py\", line 192, in impl\n    return func(*a, **kw)\n           ^^^^^^^^^^^^^^\n  File \"/home/runner/work/Selenium-Python-Example/Selenium-Python-Example/pages/about_page.py\", line 20, in click_login_link\n    self.click(self.LOGIN_LINK)\n  File \"/home/runner/work/Selenium-Python-Example/Selenium-Python-Example/pages/base_page.py\", line 60, in click\n    el: WebElement = self.wait.until(\n                     ^^^^^^^^^^^^^^^^\n  File \"/home/runner/work/Selenium-Python-Example/Selenium-Python-Example/.venv/lib/python3.12/site-packages/selenium/webdriver/support/wait.py\", line 105, in until\n    raise TimeoutException(message, screen, stacktrace)\n","steps":[{"name":"Click Login link","time":{"start":1719105816785,"stop":1719105827058,"duration":10273},"status":"broken","statusMessage":"selenium.common.exceptions.TimeoutException: Message: \nStacktrace:\n#0 0x5623590ce6aa <unknown>\n#1 0x562358db10dc <unknown>\n#2 0x562358dfd931 <unknown>\n#3 0x562358dfda21 <unknown>\n#4 0x562358e42234 <unknown>\n#5 0x562358e2089d <unknown>\n#6 0x562358e3f5c3 <unknown>\n#7 0x562358e20613 <unknown>\n#8 0x562358df04f7 <unknown>\n#9 0x562358df0e4e <unknown>\n#10 0x56235909487b <unknown>\n#11 0x562359098921 <unknown>\n#12 0x56235908036e <unknown>\n#13 0x562359099482 <unknown>\n#14 0x562359064ccf <unknown>\n#15 0x5623590be0a8 <unknown>\n#16 0x5623590be280 <unknown>\n#17 0x5623590cd7dc <unknown>\n#18 0x7f3bf9494ac3 <unknown>\n\n","statusTrace":"  File \"/home/runner/work/Selenium-Python-Example/Selenium-Python-Example/.venv/lib/python3.12/site-packages/allure_commons/_allure.py\", line 192, in impl\n    return func(*a, **kw)\n           ^^^^^^^^^^^^^^\n  File \"/home/runner/work/Selenium-Python-Example/Selenium-Python-Example/pages/about_page.py\", line 20, in click_login_link\n    self.click(self.LOGIN_LINK)\n  File \"/home/runner/work/Selenium-Python-Example/Selenium-Python-Example/pages/base_page.py\", line 60, in click\n    el: WebElement = self.wait.until(\n                     ^^^^^^^^^^^^^^^^\n  File \"/home/runner/work/Selenium-Python-Example/Selenium-Python-Example/.venv/lib/python3.12/site-packages/selenium/webdriver/support/wait.py\", line 105, in until\n    raise TimeoutException(message, screen, stacktrace)\n","steps":[],"attachments":[],"parameters":[],"shouldDisplayMessage":true,"stepsCount":0,"attachmentsCount":0,"hasContent":true,"attachmentStep":false}],"attachments":[],"parameters":[],"shouldDisplayMessage":false,"stepsCount":1,"attachmentsCount":0,"hasContent":true,"attachmentStep":false}],"testStage":{"description":"Cancel project deletion","status":"broken","statusMessage":"selenium.common.exceptions.TimeoutException: Message: \nStacktrace:\n#0 0x5623590ce6aa <unknown>\n#1 0x562358db10dc <unknown>\n#2 0x562358dfd931 <unknown>\n#3 0x562358dfda21 <unknown>\n#4 0x562358e42234 <unknown>\n#5 0x562358e2089d <unknown>\n#6 0x562358e3f5c3 <unknown>\n#7 0x562358e20613 <unknown>\n#8 0x562358df04f7 <unknown>\n#9 0x562358df0e4e <unknown>\n#10 0x56235909487b <unknown>\n#11 0x562359098921 <unknown>\n#12 0x56235908036e <unknown>\n#13 0x562359099482 <unknown>\n#14 0x562359064ccf <unknown>\n#15 0x5623590be0a8 <unknown>\n#16 0x5623590be280 <unknown>\n#17 0x5623590cd7dc <unknown>\n#18 0x7f3bf9494ac3 <unknown>","statusTrace":"self = <tests.workspaces_test.TestWorkspaces object at 0x7f123c9d21e0>\n\n    @pytest.fixture(autouse=True)\n    def setup_method_fixture(self):\n>       login(self.about_page, self.login_page)\n\ntests/workspaces_test.py:25: \n_ _ _ _ _ _ _ _ _ _ _ _ _ _ _ _ _ _ _ _ _ _ _ _ _ _ _ _ _ _ _ _ _ _ _ _ _ _ _ _ \ntests/workspaces_test.py:15: in login\n    about_page.click_login_link()\npages/about_page.py:20: in click_login_link\n    self.click(self.LOGIN_LINK)\npages/base_page.py:60: in click\n    el: WebElement = self.wait.until(\n_ _ _ _ _ _ _ _ _ _ _ _ _ _ _ _ _ _ _ _ _ _ _ _ _ _ _ _ _ _ _ _ _ _ _ _ _ _ _ _ \n\nself = <selenium.webdriver.support.wait.WebDriverWait (session=\"6a28bfcd990a4886ebd56df6b677cf89\")>\nmethod = <function element_to_be_clickable.<locals>._predicate at 0x7f123bf4b7e0>\nmessage = ''\n\n    def until(self, method: Callable[[D], Union[Literal[False], T]], message: str = \"\") -> T:\n        \"\"\"Calls the method provided with the driver as an argument until the \\\n        return value does not evaluate to ``False``.\n    \n        :param method: callable(WebDriver)\n        :param message: optional message for :exc:`TimeoutException`\n        :returns: the result of the last call to `method`\n        :raises: :exc:`selenium.common.exceptions.TimeoutException` if timeout occurs\n        \"\"\"\n        screen = None\n        stacktrace = None\n    \n        end_time = time.monotonic() + self._timeout\n        while True:\n            try:\n                value = method(self._driver)\n                if value:\n                    return value\n            except self._ignored_exceptions as exc:\n                screen = getattr(exc, \"screen\", None)\n                stacktrace = getattr(exc, \"stacktrace\", None)\n            time.sleep(self._poll)\n            if time.monotonic() > end_time:\n                break\n>       raise TimeoutException(message, screen, stacktrace)\nE       selenium.common.exceptions.TimeoutException: Message: \nE       Stacktrace:\nE       #0 0x5623590ce6aa <unknown>\nE       #1 0x562358db10dc <unknown>\nE       #2 0x562358dfd931 <unknown>\nE       #3 0x562358dfda21 <unknown>\nE       #4 0x562358e42234 <unknown>\nE       #5 0x562358e2089d <unknown>\nE       #6 0x562358e3f5c3 <unknown>\nE       #7 0x562358e20613 <unknown>\nE       #8 0x562358df04f7 <unknown>\nE       #9 0x562358df0e4e <unknown>\nE       #10 0x56235909487b <unknown>\nE       #11 0x562359098921 <unknown>\nE       #12 0x56235908036e <unknown>\nE       #13 0x562359099482 <unknown>\nE       #14 0x562359064ccf <unknown>\nE       #15 0x5623590be0a8 <unknown>\nE       #16 0x5623590be280 <unknown>\nE       #17 0x5623590cd7dc <unknown>\nE       #18 0x7f3bf9494ac3 <unknown>\n\n.venv/lib/python3.12/site-packages/selenium/webdriver/support/wait.py:105: TimeoutException","steps":[{"name":"public ip address","time":{"start":1719105827072,"stop":1719105827123,"duration":51},"status":"passed","steps":[],"attachments":[{"uid":"7a134f4b670de6d6","name":"HTTP logs of http://checkip.amazonaws.com/","source":"7a134f4b670de6d6.txt","type":"text/plain","size":358}],"parameters":[],"shouldDisplayMessage":false,"stepsCount":0,"attachmentsCount":1,"hasContent":true,"attachmentStep":false}],"attachments":[{"uid":"82e68be86a1f7fe4","name":"Cookies","source":"82e68be86a1f7fe4.json","type":"application/json","size":3582},{"uid":"e888804d43b10edb","name":"Session Storage","source":"e888804d43b10edb.json","type":"application/json","size":359},{"uid":"4e0c1f9fa6b845ac","name":"Local Storage","source":"4e0c1f9fa6b845ac.json","type":"application/json","size":294},{"uid":"619440042e98fe31","name":"Console Logs","source":"619440042e98fe31.json","type":"application/json","size":2},{"uid":"8fa39253a71a770f","name":"Full Page Screenshot","source":"8fa39253a71a770f.png","type":"image/png","size":5695915},{"uid":"3b822ec1e4d7e657","name":"URL","source":"3b822ec1e4d7e657.uri","type":"text/uri-list","size":23},{"uid":"362d66fec8e70616","name":"Network Logs","source":"362d66fec8e70616.json","type":"application/json","size":66029}],"parameters":[],"shouldDisplayMessage":true,"stepsCount":1,"attachmentsCount":8,"hasContent":true,"attachmentStep":false},"afterStages":[],"labels":[{"name":"epic","value":"Workspaces"},{"name":"severity","value":"normal"},{"name":"story","value":"WorkSpaces Creation and Editing Functionality"},{"name":"tag","value":"run(order=8)"},{"name":"parentSuite","value":"tests"},{"name":"suite","value":"workspaces_test"},{"name":"subSuite","value":"TestWorkspaces"},{"name":"host","value":"fv-az1383-388"},{"name":"thread","value":"2388-MainThread"},{"name":"framework","value":"pytest"},{"name":"language","value":"cpython3"},{"name":"package","value":"tests.workspaces_test"},{"name":"resultFormat","value":"allure2"}],"parameters":[],"links":[],"hidden":false,"retry":false,"extra":{"severity":"normal","retries":[],"categories":[{"name":"Test defects","matchedStatuses":[],"flaky":false}],"tags":["run(order=8)"]},"source":"fe6ce9d4e47f3e0f.json","parameterValues":[]}