{"uid":"58323c4e427e9fd","name":"Cancel a project deletion","fullName":"tests.workspaces_test.TestWorkspaces#test_cancel_project_deletion","historyId":"4e88bda60b0c69cc538a06ace82098c3","time":{"start":1720747237743,"stop":1720747237743,"duration":0},"description":"Cancel project deletion","descriptionHtml":"<p>Cancel project deletion</p>\n","status":"broken","statusMessage":"selenium.common.exceptions.TimeoutException: Message: \nStacktrace:\n#0 0x55f08879dc7a <unknown>\n#1 0x55f088480e2c <unknown>\n#2 0x55f0884cd661 <unknown>\n#3 0x55f0884cd751 <unknown>\n#4 0x55f088511f64 <unknown>\n#5 0x55f0884f05ed <unknown>\n#6 0x55f08850f303 <unknown>\n#7 0x55f0884f0363 <unknown>\n#8 0x55f0884c0247 <unknown>\n#9 0x55f0884c0b9e <unknown>\n#10 0x55f08876424b <unknown>\n#11 0x55f0887682f1 <unknown>\n#12 0x55f08874fafe <unknown>\n#13 0x55f088768e52 <unknown>\n#14 0x55f08873479f <unknown>\n#15 0x55f08878d638 <unknown>\n#16 0x55f08878d810 <unknown>\n#17 0x55f08879cdac <unknown>\n#18 0x7f4420e94ac3 <unknown>","statusTrace":"self = <tests.workspaces_test.TestWorkspaces object at 0x7fd4c7275f40>\n\n    @pytest.fixture(autouse=True)\n    def setup_method_fixture(self):\n>       login(self.about_page, self.login_page)\n\ntests/workspaces_test.py:25: \n_ _ _ _ _ _ _ _ _ _ _ _ _ _ _ _ _ _ _ _ _ _ _ _ _ _ _ _ _ _ _ _ _ _ _ _ _ _ _ _ \ntests/workspaces_test.py:15: in login\n    about_page.click_login_link()\npages/about_page.py:20: in click_login_link\n    self.click(self.LOGIN_LINK)\npages/base_page.py:60: in click\n    el: WebElement = self.wait.until(\n_ _ _ _ _ _ _ _ _ _ _ _ _ _ _ _ _ _ _ _ _ _ _ _ _ _ _ _ _ _ _ _ _ _ _ _ _ _ _ _ \n\nself = <selenium.webdriver.support.wait.WebDriverWait (session=\"7f826ebdfacdff06d7f1078aec1ebf9b\")>\nmethod = <function element_to_be_clickable.<locals>._predicate at 0x7fd4c675fa60>\nmessage = ''\n\n    def until(self, method: Callable[[D], Union[Literal[False], T]], message: str = \"\") -> T:\n        \"\"\"Calls the method provided with the driver as an argument until the \\\n        return value does not evaluate to ``False``.\n    \n        :param method: callable(WebDriver)\n        :param message: optional message for :exc:`TimeoutException`\n        :returns: the result of the last call to `method`\n        :raises: :exc:`selenium.common.exceptions.TimeoutException` if timeout occurs\n        \"\"\"\n        screen = None\n        stacktrace = None\n    \n        end_time = time.monotonic() + self._timeout\n        while True:\n            try:\n                value = method(self._driver)\n                if value:\n                    return value\n            except self._ignored_exceptions as exc:\n                screen = getattr(exc, \"screen\", None)\n                stacktrace = getattr(exc, \"stacktrace\", None)\n            time.sleep(self._poll)\n            if time.monotonic() > end_time:\n                break\n>       raise TimeoutException(message, screen, stacktrace)\nE       selenium.common.exceptions.TimeoutException: Message: \nE       Stacktrace:\nE       #0 0x55f08879dc7a <unknown>\nE       #1 0x55f088480e2c <unknown>\nE       #2 0x55f0884cd661 <unknown>\nE       #3 0x55f0884cd751 <unknown>\nE       #4 0x55f088511f64 <unknown>\nE       #5 0x55f0884f05ed <unknown>\nE       #6 0x55f08850f303 <unknown>\nE       #7 0x55f0884f0363 <unknown>\nE       #8 0x55f0884c0247 <unknown>\nE       #9 0x55f0884c0b9e <unknown>\nE       #10 0x55f08876424b <unknown>\nE       #11 0x55f0887682f1 <unknown>\nE       #12 0x55f08874fafe <unknown>\nE       #13 0x55f088768e52 <unknown>\nE       #14 0x55f08873479f <unknown>\nE       #15 0x55f08878d638 <unknown>\nE       #16 0x55f08878d810 <unknown>\nE       #17 0x55f08879cdac <unknown>\nE       #18 0x7f4420e94ac3 <unknown>\n\n.venv/lib/python3.12/site-packages/selenium/webdriver/support/wait.py:105: TimeoutException","flaky":false,"newFailed":false,"newBroken":false,"newPassed":false,"retriesCount":0,"retriesStatusChange":false,"beforeStages":[{"name":"setup_method_fixture","time":{"start":1720747239386,"stop":1720747249728,"duration":10342},"status":"broken","statusMessage":"selenium.common.exceptions.TimeoutException: Message: \nStacktrace:\n#0 0x55f08879dc7a <unknown>\n#1 0x55f088480e2c <unknown>\n#2 0x55f0884cd661 <unknown>\n#3 0x55f0884cd751 <unknown>\n#4 0x55f088511f64 <unknown>\n#5 0x55f0884f05ed <unknown>\n#6 0x55f08850f303 <unknown>\n#7 0x55f0884f0363 <unknown>\n#8 0x55f0884c0247 <unknown>\n#9 0x55f0884c0b9e <unknown>\n#10 0x55f08876424b <unknown>\n#11 0x55f0887682f1 <unknown>\n#12 0x55f08874fafe <unknown>\n#13 0x55f088768e52 <unknown>\n#14 0x55f08873479f <unknown>\n#15 0x55f08878d638 <unknown>\n#16 0x55f08878d810 <unknown>\n#17 0x55f08879cdac <unknown>\n#18 0x7f4420e94ac3 <unknown>\n\n","statusTrace":"  File \"/home/runner/work/Selenium-Python-Example/Selenium-Python-Example/.venv/lib/python3.12/site-packages/pluggy/_callers.py\", line 167, in _multicall\n    teardown.throw(outcome._exception)\n  File \"/home/runner/work/Selenium-Python-Example/Selenium-Python-Example/.venv/lib/python3.12/site-packages/_pytest/setuponly.py\", line 36, in pytest_fixture_setup\n    return (yield)\n            ^^^^^\n  File \"/home/runner/work/Selenium-Python-Example/Selenium-Python-Example/.venv/lib/python3.12/site-packages/pluggy/_callers.py\", line 103, in _multicall\n    res = hook_impl.function(*args)\n          ^^^^^^^^^^^^^^^^^^^^^^^^^\n  File \"/home/runner/work/Selenium-Python-Example/Selenium-Python-Example/.venv/lib/python3.12/site-packages/_pytest/fixtures.py\", line 1125, in pytest_fixture_setup\n    result = call_fixture_func(fixturefunc, request, kwargs)\n             ^^^^^^^^^^^^^^^^^^^^^^^^^^^^^^^^^^^^^^^^^^^^^^^\n  File \"/home/runner/work/Selenium-Python-Example/Selenium-Python-Example/.venv/lib/python3.12/site-packages/_pytest/fixtures.py\", line 887, in call_fixture_func\n    fixture_result = fixturefunc(**kwargs)\n                     ^^^^^^^^^^^^^^^^^^^^^\n  File \"/home/runner/work/Selenium-Python-Example/Selenium-Python-Example/tests/workspaces_test.py\", line 25, in setup_method_fixture\n    login(self.about_page, self.login_page)\n  File \"/home/runner/work/Selenium-Python-Example/Selenium-Python-Example/tests/workspaces_test.py\", line 15, in login\n    about_page.click_login_link()\n  File \"/home/runner/work/Selenium-Python-Example/Selenium-Python-Example/.venv/lib/python3.12/site-packages/allure_commons/_allure.py\", line 192, in impl\n    return func(*a, **kw)\n           ^^^^^^^^^^^^^^\n  File \"/home/runner/work/Selenium-Python-Example/Selenium-Python-Example/pages/about_page.py\", line 20, in click_login_link\n    self.click(self.LOGIN_LINK)\n  File \"/home/runner/work/Selenium-Python-Example/Selenium-Python-Example/pages/base_page.py\", line 60, in click\n    el: WebElement = self.wait.until(\n                     ^^^^^^^^^^^^^^^^\n  File \"/home/runner/work/Selenium-Python-Example/Selenium-Python-Example/.venv/lib/python3.12/site-packages/selenium/webdriver/support/wait.py\", line 105, in until\n    raise TimeoutException(message, screen, stacktrace)\n","steps":[{"name":"Click Login link","time":{"start":1720747239387,"stop":1720747249727,"duration":10340},"status":"broken","statusMessage":"selenium.common.exceptions.TimeoutException: Message: \nStacktrace:\n#0 0x55f08879dc7a <unknown>\n#1 0x55f088480e2c <unknown>\n#2 0x55f0884cd661 <unknown>\n#3 0x55f0884cd751 <unknown>\n#4 0x55f088511f64 <unknown>\n#5 0x55f0884f05ed <unknown>\n#6 0x55f08850f303 <unknown>\n#7 0x55f0884f0363 <unknown>\n#8 0x55f0884c0247 <unknown>\n#9 0x55f0884c0b9e <unknown>\n#10 0x55f08876424b <unknown>\n#11 0x55f0887682f1 <unknown>\n#12 0x55f08874fafe <unknown>\n#13 0x55f088768e52 <unknown>\n#14 0x55f08873479f <unknown>\n#15 0x55f08878d638 <unknown>\n#16 0x55f08878d810 <unknown>\n#17 0x55f08879cdac <unknown>\n#18 0x7f4420e94ac3 <unknown>\n\n","statusTrace":"  File \"/home/runner/work/Selenium-Python-Example/Selenium-Python-Example/.venv/lib/python3.12/site-packages/allure_commons/_allure.py\", line 192, in impl\n    return func(*a, **kw)\n           ^^^^^^^^^^^^^^\n  File \"/home/runner/work/Selenium-Python-Example/Selenium-Python-Example/pages/about_page.py\", line 20, in click_login_link\n    self.click(self.LOGIN_LINK)\n  File \"/home/runner/work/Selenium-Python-Example/Selenium-Python-Example/pages/base_page.py\", line 60, in click\n    el: WebElement = self.wait.until(\n                     ^^^^^^^^^^^^^^^^\n  File \"/home/runner/work/Selenium-Python-Example/Selenium-Python-Example/.venv/lib/python3.12/site-packages/selenium/webdriver/support/wait.py\", line 105, in until\n    raise TimeoutException(message, screen, stacktrace)\n","steps":[],"attachments":[],"parameters":[],"shouldDisplayMessage":true,"stepsCount":0,"attachmentsCount":0,"hasContent":true,"attachmentStep":false}],"attachments":[],"parameters":[],"shouldDisplayMessage":false,"stepsCount":1,"attachmentsCount":0,"hasContent":true,"attachmentStep":false}],"testStage":{"description":"Cancel project deletion","status":"broken","statusMessage":"selenium.common.exceptions.TimeoutException: Message: \nStacktrace:\n#0 0x55f08879dc7a <unknown>\n#1 0x55f088480e2c <unknown>\n#2 0x55f0884cd661 <unknown>\n#3 0x55f0884cd751 <unknown>\n#4 0x55f088511f64 <unknown>\n#5 0x55f0884f05ed <unknown>\n#6 0x55f08850f303 <unknown>\n#7 0x55f0884f0363 <unknown>\n#8 0x55f0884c0247 <unknown>\n#9 0x55f0884c0b9e <unknown>\n#10 0x55f08876424b <unknown>\n#11 0x55f0887682f1 <unknown>\n#12 0x55f08874fafe <unknown>\n#13 0x55f088768e52 <unknown>\n#14 0x55f08873479f <unknown>\n#15 0x55f08878d638 <unknown>\n#16 0x55f08878d810 <unknown>\n#17 0x55f08879cdac <unknown>\n#18 0x7f4420e94ac3 <unknown>","statusTrace":"self = <tests.workspaces_test.TestWorkspaces object at 0x7fd4c7275f40>\n\n    @pytest.fixture(autouse=True)\n    def setup_method_fixture(self):\n>       login(self.about_page, self.login_page)\n\ntests/workspaces_test.py:25: \n_ _ _ _ _ _ _ _ _ _ _ _ _ _ _ _ _ _ _ _ _ _ _ _ _ _ _ _ _ _ _ _ _ _ _ _ _ _ _ _ \ntests/workspaces_test.py:15: in login\n    about_page.click_login_link()\npages/about_page.py:20: in click_login_link\n    self.click(self.LOGIN_LINK)\npages/base_page.py:60: in click\n    el: WebElement = self.wait.until(\n_ _ _ _ _ _ _ _ _ _ _ _ _ _ _ _ _ _ _ _ _ _ _ _ _ _ _ _ _ _ _ _ _ _ _ _ _ _ _ _ \n\nself = <selenium.webdriver.support.wait.WebDriverWait (session=\"7f826ebdfacdff06d7f1078aec1ebf9b\")>\nmethod = <function element_to_be_clickable.<locals>._predicate at 0x7fd4c675fa60>\nmessage = ''\n\n    def until(self, method: Callable[[D], Union[Literal[False], T]], message: str = \"\") -> T:\n        \"\"\"Calls the method provided with the driver as an argument until the \\\n        return value does not evaluate to ``False``.\n    \n        :param method: callable(WebDriver)\n        :param message: optional message for :exc:`TimeoutException`\n        :returns: the result of the last call to `method`\n        :raises: :exc:`selenium.common.exceptions.TimeoutException` if timeout occurs\n        \"\"\"\n        screen = None\n        stacktrace = None\n    \n        end_time = time.monotonic() + self._timeout\n        while True:\n            try:\n                value = method(self._driver)\n                if value:\n                    return value\n            except self._ignored_exceptions as exc:\n                screen = getattr(exc, \"screen\", None)\n                stacktrace = getattr(exc, \"stacktrace\", None)\n            time.sleep(self._poll)\n            if time.monotonic() > end_time:\n                break\n>       raise TimeoutException(message, screen, stacktrace)\nE       selenium.common.exceptions.TimeoutException: Message: \nE       Stacktrace:\nE       #0 0x55f08879dc7a <unknown>\nE       #1 0x55f088480e2c <unknown>\nE       #2 0x55f0884cd661 <unknown>\nE       #3 0x55f0884cd751 <unknown>\nE       #4 0x55f088511f64 <unknown>\nE       #5 0x55f0884f05ed <unknown>\nE       #6 0x55f08850f303 <unknown>\nE       #7 0x55f0884f0363 <unknown>\nE       #8 0x55f0884c0247 <unknown>\nE       #9 0x55f0884c0b9e <unknown>\nE       #10 0x55f08876424b <unknown>\nE       #11 0x55f0887682f1 <unknown>\nE       #12 0x55f08874fafe <unknown>\nE       #13 0x55f088768e52 <unknown>\nE       #14 0x55f08873479f <unknown>\nE       #15 0x55f08878d638 <unknown>\nE       #16 0x55f08878d810 <unknown>\nE       #17 0x55f08879cdac <unknown>\nE       #18 0x7f4420e94ac3 <unknown>\n\n.venv/lib/python3.12/site-packages/selenium/webdriver/support/wait.py:105: TimeoutException","steps":[{"name":"public ip address","time":{"start":1720747249740,"stop":1720747249889,"duration":149},"status":"passed","steps":[],"attachments":[{"uid":"860565b4b7e333bd","name":"HTTP logs of http://checkip.amazonaws.com/","source":"860565b4b7e333bd.txt","type":"text/plain","size":355}],"parameters":[],"shouldDisplayMessage":false,"stepsCount":0,"attachmentsCount":1,"hasContent":true,"attachmentStep":false}],"attachments":[{"uid":"47be4c09ebfc525b","name":"Cookies","source":"47be4c09ebfc525b.json","type":"application/json","size":3585},{"uid":"66c47fc0a807a6d9","name":"Session Storage","source":"66c47fc0a807a6d9.json","type":"application/json","size":359},{"uid":"354266676ebf31ea","name":"Local Storage","source":"354266676ebf31ea.json","type":"application/json","size":294},{"uid":"b7910915307998e4","name":"Console Logs","source":"b7910915307998e4.json","type":"application/json","size":236},{"uid":"5b17fa9c2465967","name":"Full Page Screenshot","source":"5b17fa9c2465967.png","type":"image/png","size":5835405},{"uid":"adaf89bdfe7e88e1","name":"URL","source":"adaf89bdfe7e88e1.uri","type":"text/uri-list","size":23},{"uid":"609f927c241d968f","name":"Network Logs","source":"609f927c241d968f.json","type":"application/json","size":66393}],"parameters":[],"shouldDisplayMessage":true,"stepsCount":1,"attachmentsCount":8,"hasContent":true,"attachmentStep":false},"afterStages":[],"labels":[{"name":"severity","value":"normal"},{"name":"epic","value":"Workspaces"},{"name":"story","value":"WorkSpaces Creation and Editing Functionality"},{"name":"tag","value":"run(order=8)"},{"name":"parentSuite","value":"tests"},{"name":"suite","value":"workspaces_test"},{"name":"subSuite","value":"TestWorkspaces"},{"name":"host","value":"fv-az1148-616"},{"name":"thread","value":"2473-MainThread"},{"name":"framework","value":"pytest"},{"name":"language","value":"cpython3"},{"name":"package","value":"tests.workspaces_test"},{"name":"resultFormat","value":"allure2"}],"parameters":[],"links":[],"hidden":false,"retry":false,"extra":{"severity":"normal","retries":[],"categories":[{"name":"Test defects","matchedStatuses":[],"flaky":false}],"tags":["run(order=8)"]},"source":"58323c4e427e9fd.json","parameterValues":[]}