{"uid":"df0297157553b339","name":"Search for non existing project","fullName":"tests.workspaces_test.TestWorkspaces#test_search_for_non_existing_project","historyId":"ed697c69c4643fc2c746342bc96c6608","time":{"start":1698801297677,"stop":1698801297677,"duration":0},"description":"Search for a non existing project","descriptionHtml":"<p>Search for a non existing project</p>\n","status":"broken","statusMessage":"selenium.common.exceptions.TimeoutException: Message: \nStacktrace:\n#0 0x561d8509efb3 <unknown>\n#1 0x561d84d724a7 <unknown>\n#2 0x561d84db9dd6 <unknown>\n#3 0x561d84db9ec1 <unknown>\n#4 0x561d84df7354 <unknown>\n#5 0x561d84ddb96d <unknown>\n#6 0x561d84df4c02 <unknown>\n#7 0x561d84ddb713 <unknown>\n#8 0x561d84dae18b <unknown>\n#9 0x561d84daef7e <unknown>\n#10 0x561d850648d8 <unknown>\n#11 0x561d85068800 <unknown>\n#12 0x561d85072cfc <unknown>\n#13 0x561d85069418 <unknown>\n#14 0x561d8503642f <unknown>\n#15 0x561d8508d4e8 <unknown>\n#16 0x561d8508d6b4 <unknown>\n#17 0x561d8509e143 <unknown>\n#18 0x7f95c0894ac3 <unknown>","statusTrace":"self = <tests.workspaces_test.TestWorkspaces object at 0x7f63fc8bf850>\n\n    @pytest.fixture(autouse=True)\n    def setup_method_fixture(self):\n>       login(self.about_page, self.login_page)\n\ntests/workspaces_test.py:24: \n_ _ _ _ _ _ _ _ _ _ _ _ _ _ _ _ _ _ _ _ _ _ _ _ _ _ _ _ _ _ _ _ _ _ _ _ _ _ _ _ \ntests/workspaces_test.py:14: in login\n    about_page.click_login_link()\npages/about_page.py:20: in click_login_link\n    self.click(self.LOGIN_LINK)\npages/base_page.py:38: in click\n    el: WebElement = self.wait.until(\n_ _ _ _ _ _ _ _ _ _ _ _ _ _ _ _ _ _ _ _ _ _ _ _ _ _ _ _ _ _ _ _ _ _ _ _ _ _ _ _ \n\nself = <selenium.webdriver.support.wait.WebDriverWait (session=\"42566e1b5648006ab8bac7b1bce4241f\")>\nmethod = <function element_to_be_clickable.<locals>._predicate at 0x7f63fc7c1bc0>\nmessage = ''\n\n    def until(self, method, message: str = \"\"):\n        \"\"\"Calls the method provided with the driver as an argument until the \\\n        return value does not evaluate to ``False``.\n    \n        :param method: callable(WebDriver)\n        :param message: optional message for :exc:`TimeoutException`\n        :returns: the result of the last call to `method`\n        :raises: :exc:`selenium.common.exceptions.TimeoutException` if timeout occurs\n        \"\"\"\n        screen = None\n        stacktrace = None\n    \n        end_time = time.monotonic() + self._timeout\n        while True:\n            try:\n                value = method(self._driver)\n                if value:\n                    return value\n            except self._ignored_exceptions as exc:\n                screen = getattr(exc, \"screen\", None)\n                stacktrace = getattr(exc, \"stacktrace\", None)\n            time.sleep(self._poll)\n            if time.monotonic() > end_time:\n                break\n>       raise TimeoutException(message, screen, stacktrace)\nE       selenium.common.exceptions.TimeoutException: Message: \nE       Stacktrace:\nE       #0 0x561d8509efb3 <unknown>\nE       #1 0x561d84d724a7 <unknown>\nE       #2 0x561d84db9dd6 <unknown>\nE       #3 0x561d84db9ec1 <unknown>\nE       #4 0x561d84df7354 <unknown>\nE       #5 0x561d84ddb96d <unknown>\nE       #6 0x561d84df4c02 <unknown>\nE       #7 0x561d84ddb713 <unknown>\nE       #8 0x561d84dae18b <unknown>\nE       #9 0x561d84daef7e <unknown>\nE       #10 0x561d850648d8 <unknown>\nE       #11 0x561d85068800 <unknown>\nE       #12 0x561d85072cfc <unknown>\nE       #13 0x561d85069418 <unknown>\nE       #14 0x561d8503642f <unknown>\nE       #15 0x561d8508d4e8 <unknown>\nE       #16 0x561d8508d6b4 <unknown>\nE       #17 0x561d8509e143 <unknown>\nE       #18 0x7f95c0894ac3 <unknown>\n\n.venv/lib/python3.11/site-packages/selenium/webdriver/support/wait.py:95: TimeoutException","flaky":false,"newFailed":false,"newBroken":false,"newPassed":false,"retriesCount":0,"retriesStatusChange":false,"beforeStages":[{"name":"json_data","time":{"start":1698801188227,"stop":1698801188227,"duration":0},"status":"passed","steps":[],"attachments":[],"parameters":[],"shouldDisplayMessage":false,"stepsCount":0,"attachmentsCount":0,"hasContent":false},{"name":"base_url","time":{"start":1698801188227,"stop":1698801188227,"duration":0},"status":"passed","steps":[],"attachments":[],"parameters":[],"shouldDisplayMessage":false,"stepsCount":0,"attachmentsCount":0,"hasContent":false},{"name":"_verify_url","time":{"start":1698801188227,"stop":1698801188227,"duration":0},"status":"passed","steps":[],"attachments":[],"parameters":[],"shouldDisplayMessage":false,"stepsCount":0,"attachmentsCount":0,"hasContent":false},{"name":"setup_method_fixture","time":{"start":1698801299932,"stop":1698801310359,"duration":10427},"status":"broken","statusMessage":"selenium.common.exceptions.TimeoutException: Message: \nStacktrace:\n#0 0x561d8509efb3 <unknown>\n#1 0x561d84d724a7 <unknown>\n#2 0x561d84db9dd6 <unknown>\n#3 0x561d84db9ec1 <unknown>\n#4 0x561d84df7354 <unknown>\n#5 0x561d84ddb96d <unknown>\n#6 0x561d84df4c02 <unknown>\n#7 0x561d84ddb713 <unknown>\n#8 0x561d84dae18b <unknown>\n#9 0x561d84daef7e <unknown>\n#10 0x561d850648d8 <unknown>\n#11 0x561d85068800 <unknown>\n#12 0x561d85072cfc <unknown>\n#13 0x561d85069418 <unknown>\n#14 0x561d8503642f <unknown>\n#15 0x561d8508d4e8 <unknown>\n#16 0x561d8508d6b4 <unknown>\n#17 0x561d8509e143 <unknown>\n#18 0x7f95c0894ac3 <unknown>\n\n","statusTrace":"  File \"/home/runner/work/Selenium-Python-Example/Selenium-Python-Example/.venv/lib/python3.11/site-packages/pluggy/_callers.py\", line 80, in _multicall\n    res = hook_impl.function(*args)\n          ^^^^^^^^^^^^^^^^^^^^^^^^^\n  File \"/home/runner/work/Selenium-Python-Example/Selenium-Python-Example/.venv/lib/python3.11/site-packages/_pytest/fixtures.py\", line 1123, in pytest_fixture_setup\n    result = call_fixture_func(fixturefunc, request, kwargs)\n             ^^^^^^^^^^^^^^^^^^^^^^^^^^^^^^^^^^^^^^^^^^^^^^^\n  File \"/home/runner/work/Selenium-Python-Example/Selenium-Python-Example/.venv/lib/python3.11/site-packages/_pytest/fixtures.py\", line 902, in call_fixture_func\n    fixture_result = fixturefunc(**kwargs)\n                     ^^^^^^^^^^^^^^^^^^^^^\n  File \"/home/runner/work/Selenium-Python-Example/Selenium-Python-Example/tests/workspaces_test.py\", line 24, in setup_method_fixture\n    login(self.about_page, self.login_page)\n  File \"/home/runner/work/Selenium-Python-Example/Selenium-Python-Example/tests/workspaces_test.py\", line 14, in login\n    about_page.click_login_link()\n  File \"/home/runner/work/Selenium-Python-Example/Selenium-Python-Example/.venv/lib/python3.11/site-packages/allure_commons/_allure.py\", line 192, in impl\n    return func(*a, **kw)\n           ^^^^^^^^^^^^^^\n  File \"/home/runner/work/Selenium-Python-Example/Selenium-Python-Example/pages/about_page.py\", line 20, in click_login_link\n    self.click(self.LOGIN_LINK)\n  File \"/home/runner/work/Selenium-Python-Example/Selenium-Python-Example/pages/base_page.py\", line 38, in click\n    el: WebElement = self.wait.until(\n                     ^^^^^^^^^^^^^^^^\n  File \"/home/runner/work/Selenium-Python-Example/Selenium-Python-Example/.venv/lib/python3.11/site-packages/selenium/webdriver/support/wait.py\", line 95, in until\n    raise TimeoutException(message, screen, stacktrace)\n","steps":[{"name":"Click Login link","time":{"start":1698801299932,"stop":1698801310358,"duration":10426},"status":"broken","statusMessage":"selenium.common.exceptions.TimeoutException: Message: \nStacktrace:\n#0 0x561d8509efb3 <unknown>\n#1 0x561d84d724a7 <unknown>\n#2 0x561d84db9dd6 <unknown>\n#3 0x561d84db9ec1 <unknown>\n#4 0x561d84df7354 <unknown>\n#5 0x561d84ddb96d <unknown>\n#6 0x561d84df4c02 <unknown>\n#7 0x561d84ddb713 <unknown>\n#8 0x561d84dae18b <unknown>\n#9 0x561d84daef7e <unknown>\n#10 0x561d850648d8 <unknown>\n#11 0x561d85068800 <unknown>\n#12 0x561d85072cfc <unknown>\n#13 0x561d85069418 <unknown>\n#14 0x561d8503642f <unknown>\n#15 0x561d8508d4e8 <unknown>\n#16 0x561d8508d6b4 <unknown>\n#17 0x561d8509e143 <unknown>\n#18 0x7f95c0894ac3 <unknown>\n\n","statusTrace":"  File \"/home/runner/work/Selenium-Python-Example/Selenium-Python-Example/.venv/lib/python3.11/site-packages/allure_commons/_allure.py\", line 192, in impl\n    return func(*a, **kw)\n           ^^^^^^^^^^^^^^\n  File \"/home/runner/work/Selenium-Python-Example/Selenium-Python-Example/pages/about_page.py\", line 20, in click_login_link\n    self.click(self.LOGIN_LINK)\n  File \"/home/runner/work/Selenium-Python-Example/Selenium-Python-Example/pages/base_page.py\", line 38, in click\n    el: WebElement = self.wait.until(\n                     ^^^^^^^^^^^^^^^^\n  File \"/home/runner/work/Selenium-Python-Example/Selenium-Python-Example/.venv/lib/python3.11/site-packages/selenium/webdriver/support/wait.py\", line 95, in until\n    raise TimeoutException(message, screen, stacktrace)\n","steps":[],"attachments":[],"parameters":[],"shouldDisplayMessage":true,"stepsCount":0,"attachmentsCount":0,"hasContent":true}],"attachments":[],"parameters":[],"shouldDisplayMessage":false,"stepsCount":1,"attachmentsCount":0,"hasContent":true}],"testStage":{"description":"Search for a non existing project","status":"broken","statusMessage":"selenium.common.exceptions.TimeoutException: Message: \nStacktrace:\n#0 0x561d8509efb3 <unknown>\n#1 0x561d84d724a7 <unknown>\n#2 0x561d84db9dd6 <unknown>\n#3 0x561d84db9ec1 <unknown>\n#4 0x561d84df7354 <unknown>\n#5 0x561d84ddb96d <unknown>\n#6 0x561d84df4c02 <unknown>\n#7 0x561d84ddb713 <unknown>\n#8 0x561d84dae18b <unknown>\n#9 0x561d84daef7e <unknown>\n#10 0x561d850648d8 <unknown>\n#11 0x561d85068800 <unknown>\n#12 0x561d85072cfc <unknown>\n#13 0x561d85069418 <unknown>\n#14 0x561d8503642f <unknown>\n#15 0x561d8508d4e8 <unknown>\n#16 0x561d8508d6b4 <unknown>\n#17 0x561d8509e143 <unknown>\n#18 0x7f95c0894ac3 <unknown>","statusTrace":"self = <tests.workspaces_test.TestWorkspaces object at 0x7f63fc8bf850>\n\n    @pytest.fixture(autouse=True)\n    def setup_method_fixture(self):\n>       login(self.about_page, self.login_page)\n\ntests/workspaces_test.py:24: \n_ _ _ _ _ _ _ _ _ _ _ _ _ _ _ _ _ _ _ _ _ _ _ _ _ _ _ _ _ _ _ _ _ _ _ _ _ _ _ _ \ntests/workspaces_test.py:14: in login\n    about_page.click_login_link()\npages/about_page.py:20: in click_login_link\n    self.click(self.LOGIN_LINK)\npages/base_page.py:38: in click\n    el: WebElement = self.wait.until(\n_ _ _ _ _ _ _ _ _ _ _ _ _ _ _ _ _ _ _ _ _ _ _ _ _ _ _ _ _ _ _ _ _ _ _ _ _ _ _ _ \n\nself = <selenium.webdriver.support.wait.WebDriverWait (session=\"42566e1b5648006ab8bac7b1bce4241f\")>\nmethod = <function element_to_be_clickable.<locals>._predicate at 0x7f63fc7c1bc0>\nmessage = ''\n\n    def until(self, method, message: str = \"\"):\n        \"\"\"Calls the method provided with the driver as an argument until the \\\n        return value does not evaluate to ``False``.\n    \n        :param method: callable(WebDriver)\n        :param message: optional message for :exc:`TimeoutException`\n        :returns: the result of the last call to `method`\n        :raises: :exc:`selenium.common.exceptions.TimeoutException` if timeout occurs\n        \"\"\"\n        screen = None\n        stacktrace = None\n    \n        end_time = time.monotonic() + self._timeout\n        while True:\n            try:\n                value = method(self._driver)\n                if value:\n                    return value\n            except self._ignored_exceptions as exc:\n                screen = getattr(exc, \"screen\", None)\n                stacktrace = getattr(exc, \"stacktrace\", None)\n            time.sleep(self._poll)\n            if time.monotonic() > end_time:\n                break\n>       raise TimeoutException(message, screen, stacktrace)\nE       selenium.common.exceptions.TimeoutException: Message: \nE       Stacktrace:\nE       #0 0x561d8509efb3 <unknown>\nE       #1 0x561d84d724a7 <unknown>\nE       #2 0x561d84db9dd6 <unknown>\nE       #3 0x561d84db9ec1 <unknown>\nE       #4 0x561d84df7354 <unknown>\nE       #5 0x561d84ddb96d <unknown>\nE       #6 0x561d84df4c02 <unknown>\nE       #7 0x561d84ddb713 <unknown>\nE       #8 0x561d84dae18b <unknown>\nE       #9 0x561d84daef7e <unknown>\nE       #10 0x561d850648d8 <unknown>\nE       #11 0x561d85068800 <unknown>\nE       #12 0x561d85072cfc <unknown>\nE       #13 0x561d85069418 <unknown>\nE       #14 0x561d8503642f <unknown>\nE       #15 0x561d8508d4e8 <unknown>\nE       #16 0x561d8508d6b4 <unknown>\nE       #17 0x561d8509e143 <unknown>\nE       #18 0x7f95c0894ac3 <unknown>\n\n.venv/lib/python3.11/site-packages/selenium/webdriver/support/wait.py:95: TimeoutException","steps":[],"attachments":[{"uid":"34ec9f88b85dacb0","name":"public ip address","source":"34ec9f88b85dacb0.txt","type":"text/plain","size":11},{"uid":"aa5dc8568f3ca9dc","name":"Cookies","source":"aa5dc8568f3ca9dc.json","type":"application/json","size":3283},{"uid":"e6bd73524e24026d","name":"Session Storage","source":"e6bd73524e24026d.json","type":"application/json","size":333},{"uid":"26628df9bbebff9f","name":"Local Storage","source":"26628df9bbebff9f.json","type":"application/json","size":208},{"uid":"dfd9047594a63fb3","name":"Console Logs","source":"dfd9047594a63fb3.json","type":"application/json","size":2},{"uid":"76b30f04582b9330","name":"Full Page Screenshot","source":"76b30f04582b9330.png","type":"image/png","size":715470},{"uid":"53b607f9c14aa7ae","name":"URL","source":"53b607f9c14aa7ae.uri","type":"text/uri-list","size":23},{"uid":"6fbd28e1868b1ae4","name":"Network Logs","source":"6fbd28e1868b1ae4.json","type":"application/json","size":22760}],"parameters":[],"shouldDisplayMessage":true,"stepsCount":0,"attachmentsCount":8,"hasContent":true},"afterStages":[],"labels":[{"name":"severity","value":"normal"},{"name":"story","value":"WorkSpaces Creation and Editing Functionality"},{"name":"epic","value":"Workspaces"},{"name":"tag","value":"run(order=7)"},{"name":"parentSuite","value":"tests"},{"name":"suite","value":"workspaces_test"},{"name":"subSuite","value":"TestWorkspaces"},{"name":"host","value":"fv-az402-774"},{"name":"thread","value":"2365-MainThread"},{"name":"framework","value":"pytest"},{"name":"language","value":"cpython3"},{"name":"package","value":"tests.workspaces_test"},{"name":"resultFormat","value":"allure2"}],"parameters":[],"links":[],"hidden":false,"retry":false,"extra":{"severity":"normal","retries":[],"categories":[{"name":"Test defects","matchedStatuses":[],"flaky":false}],"tags":["run(order=7)"]},"source":"df0297157553b339.json","parameterValues":[]}