{"uid":"eb6d7f2f135144b6","name":"Exception test","fullName":"tests.forgot_password_test.TestForgotPassword#test_expected_exception_on_page_title","historyId":"288cd0030c92ba34b4ff4b58ed8ec476","time":{"start":1722907391105,"stop":1722907401474,"duration":10369},"description":"Exception catching","descriptionHtml":"<p>Exception catching</p>\n","status":"broken","statusMessage":"selenium.common.exceptions.TimeoutException: Message: \nStacktrace:\n#0 0x564f3d0d56ba <unknown>\n#1 0x564f3cda5730 <unknown>\n#2 0x564f3cdf4d9b <unknown>\n#3 0x564f3cdf5081 <unknown>\n#4 0x564f3ce38cd4 <unknown>\n#5 0x564f3ce17a7d <unknown>\n#6 0x564f3ce361ca <unknown>\n#7 0x564f3ce177f3 <unknown>\n#8 0x564f3cde7ec9 <unknown>\n#9 0x564f3cde891e <unknown>\n#10 0x564f3d09b9eb <unknown>\n#11 0x564f3d09f972 <unknown>\n#12 0x564f3d088e15 <unknown>\n#13 0x564f3d0a0502 <unknown>\n#14 0x564f3d06dd2f <unknown>\n#15 0x564f3d0c4578 <unknown>\n#16 0x564f3d0c4750 <unknown>\n#17 0x564f3d0d448c <unknown>\n#18 0x7f800aa94ac3 <unknown>","statusTrace":"self = <tests.forgot_password_test.TestForgotPassword object at 0x7f244f078140>\n\n    @allure.description(\"Exception catching\")\n    @allure.title(\"Exception test\")\n    @allure.link(\"github.com/allure-examples/\", name=\"Allure Examples\")\n    @allure.issue(\"github.com/allure-examples/allure-examples/issues/1\", name=\"ISSUE-1\")\n    @allure.testcase(\n        \"github.com/allure-examples/allure-examples/issues/2\", name=\"TESTCASE-2\"\n    )\n    def test_expected_exception_on_page_title(self):\n>       self.about_page.click_login_link()\n\ntests/forgot_password_test.py:53: \n_ _ _ _ _ _ _ _ _ _ _ _ _ _ _ _ _ _ _ _ _ _ _ _ _ _ _ _ _ _ _ _ _ _ _ _ _ _ _ _ \npages/about_page.py:20: in click_login_link\n    self.click(self.LOGIN_LINK)\npages/base_page.py:60: in click\n    el: WebElement = self.wait.until(\n_ _ _ _ _ _ _ _ _ _ _ _ _ _ _ _ _ _ _ _ _ _ _ _ _ _ _ _ _ _ _ _ _ _ _ _ _ _ _ _ \n\nself = <selenium.webdriver.support.wait.WebDriverWait (session=\"b2f2f5094a55ff0750509a2fb1594d15\")>\nmethod = <function element_to_be_clickable.<locals>._predicate at 0x7f244edd85e0>\nmessage = ''\n\n    def until(self, method: Callable[[D], Union[Literal[False], T]], message: str = \"\") -> T:\n        \"\"\"Calls the method provided with the driver as an argument until the \\\n        return value does not evaluate to ``False``.\n    \n        :param method: callable(WebDriver)\n        :param message: optional message for :exc:`TimeoutException`\n        :returns: the result of the last call to `method`\n        :raises: :exc:`selenium.common.exceptions.TimeoutException` if timeout occurs\n        \"\"\"\n        screen = None\n        stacktrace = None\n    \n        end_time = time.monotonic() + self._timeout\n        while True:\n            try:\n                value = method(self._driver)\n                if value:\n                    return value\n            except self._ignored_exceptions as exc:\n                screen = getattr(exc, \"screen\", None)\n                stacktrace = getattr(exc, \"stacktrace\", None)\n            time.sleep(self._poll)\n            if time.monotonic() > end_time:\n                break\n>       raise TimeoutException(message, screen, stacktrace)\nE       selenium.common.exceptions.TimeoutException: Message: \nE       Stacktrace:\nE       #0 0x564f3d0d56ba <unknown>\nE       #1 0x564f3cda5730 <unknown>\nE       #2 0x564f3cdf4d9b <unknown>\nE       #3 0x564f3cdf5081 <unknown>\nE       #4 0x564f3ce38cd4 <unknown>\nE       #5 0x564f3ce17a7d <unknown>\nE       #6 0x564f3ce361ca <unknown>\nE       #7 0x564f3ce177f3 <unknown>\nE       #8 0x564f3cde7ec9 <unknown>\nE       #9 0x564f3cde891e <unknown>\nE       #10 0x564f3d09b9eb <unknown>\nE       #11 0x564f3d09f972 <unknown>\nE       #12 0x564f3d088e15 <unknown>\nE       #13 0x564f3d0a0502 <unknown>\nE       #14 0x564f3d06dd2f <unknown>\nE       #15 0x564f3d0c4578 <unknown>\nE       #16 0x564f3d0c4750 <unknown>\nE       #17 0x564f3d0d448c <unknown>\nE       #18 0x7f800aa94ac3 <unknown>\n\n.venv/lib/python3.12/site-packages/selenium/webdriver/support/wait.py:105: TimeoutException","flaky":false,"newFailed":false,"newBroken":false,"newPassed":false,"retriesCount":0,"retriesStatusChange":false,"beforeStages":[],"testStage":{"description":"Exception catching","status":"broken","statusMessage":"selenium.common.exceptions.TimeoutException: Message: \nStacktrace:\n#0 0x564f3d0d56ba <unknown>\n#1 0x564f3cda5730 <unknown>\n#2 0x564f3cdf4d9b <unknown>\n#3 0x564f3cdf5081 <unknown>\n#4 0x564f3ce38cd4 <unknown>\n#5 0x564f3ce17a7d <unknown>\n#6 0x564f3ce361ca <unknown>\n#7 0x564f3ce177f3 <unknown>\n#8 0x564f3cde7ec9 <unknown>\n#9 0x564f3cde891e <unknown>\n#10 0x564f3d09b9eb <unknown>\n#11 0x564f3d09f972 <unknown>\n#12 0x564f3d088e15 <unknown>\n#13 0x564f3d0a0502 <unknown>\n#14 0x564f3d06dd2f <unknown>\n#15 0x564f3d0c4578 <unknown>\n#16 0x564f3d0c4750 <unknown>\n#17 0x564f3d0d448c <unknown>\n#18 0x7f800aa94ac3 <unknown>","statusTrace":"self = <tests.forgot_password_test.TestForgotPassword object at 0x7f244f078140>\n\n    @allure.description(\"Exception catching\")\n    @allure.title(\"Exception test\")\n    @allure.link(\"github.com/allure-examples/\", name=\"Allure Examples\")\n    @allure.issue(\"github.com/allure-examples/allure-examples/issues/1\", name=\"ISSUE-1\")\n    @allure.testcase(\n        \"github.com/allure-examples/allure-examples/issues/2\", name=\"TESTCASE-2\"\n    )\n    def test_expected_exception_on_page_title(self):\n>       self.about_page.click_login_link()\n\ntests/forgot_password_test.py:53: \n_ _ _ _ _ _ _ _ _ _ _ _ _ _ _ _ _ _ _ _ _ _ _ _ _ _ _ _ _ _ _ _ _ _ _ _ _ _ _ _ \npages/about_page.py:20: in click_login_link\n    self.click(self.LOGIN_LINK)\npages/base_page.py:60: in click\n    el: WebElement = self.wait.until(\n_ _ _ _ _ _ _ _ _ _ _ _ _ _ _ _ _ _ _ _ _ _ _ _ _ _ _ _ _ _ _ _ _ _ _ _ _ _ _ _ \n\nself = <selenium.webdriver.support.wait.WebDriverWait (session=\"b2f2f5094a55ff0750509a2fb1594d15\")>\nmethod = <function element_to_be_clickable.<locals>._predicate at 0x7f244edd85e0>\nmessage = ''\n\n    def until(self, method: Callable[[D], Union[Literal[False], T]], message: str = \"\") -> T:\n        \"\"\"Calls the method provided with the driver as an argument until the \\\n        return value does not evaluate to ``False``.\n    \n        :param method: callable(WebDriver)\n        :param message: optional message for :exc:`TimeoutException`\n        :returns: the result of the last call to `method`\n        :raises: :exc:`selenium.common.exceptions.TimeoutException` if timeout occurs\n        \"\"\"\n        screen = None\n        stacktrace = None\n    \n        end_time = time.monotonic() + self._timeout\n        while True:\n            try:\n                value = method(self._driver)\n                if value:\n                    return value\n            except self._ignored_exceptions as exc:\n                screen = getattr(exc, \"screen\", None)\n                stacktrace = getattr(exc, \"stacktrace\", None)\n            time.sleep(self._poll)\n            if time.monotonic() > end_time:\n                break\n>       raise TimeoutException(message, screen, stacktrace)\nE       selenium.common.exceptions.TimeoutException: Message: \nE       Stacktrace:\nE       #0 0x564f3d0d56ba <unknown>\nE       #1 0x564f3cda5730 <unknown>\nE       #2 0x564f3cdf4d9b <unknown>\nE       #3 0x564f3cdf5081 <unknown>\nE       #4 0x564f3ce38cd4 <unknown>\nE       #5 0x564f3ce17a7d <unknown>\nE       #6 0x564f3ce361ca <unknown>\nE       #7 0x564f3ce177f3 <unknown>\nE       #8 0x564f3cde7ec9 <unknown>\nE       #9 0x564f3cde891e <unknown>\nE       #10 0x564f3d09b9eb <unknown>\nE       #11 0x564f3d09f972 <unknown>\nE       #12 0x564f3d088e15 <unknown>\nE       #13 0x564f3d0a0502 <unknown>\nE       #14 0x564f3d06dd2f <unknown>\nE       #15 0x564f3d0c4578 <unknown>\nE       #16 0x564f3d0c4750 <unknown>\nE       #17 0x564f3d0d448c <unknown>\nE       #18 0x7f800aa94ac3 <unknown>\n\n.venv/lib/python3.12/site-packages/selenium/webdriver/support/wait.py:105: TimeoutException","steps":[{"name":"Click Login link","time":{"start":1722907391105,"stop":1722907401474,"duration":10369},"status":"broken","statusMessage":"selenium.common.exceptions.TimeoutException: Message: \nStacktrace:\n#0 0x564f3d0d56ba <unknown>\n#1 0x564f3cda5730 <unknown>\n#2 0x564f3cdf4d9b <unknown>\n#3 0x564f3cdf5081 <unknown>\n#4 0x564f3ce38cd4 <unknown>\n#5 0x564f3ce17a7d <unknown>\n#6 0x564f3ce361ca <unknown>\n#7 0x564f3ce177f3 <unknown>\n#8 0x564f3cde7ec9 <unknown>\n#9 0x564f3cde891e <unknown>\n#10 0x564f3d09b9eb <unknown>\n#11 0x564f3d09f972 <unknown>\n#12 0x564f3d088e15 <unknown>\n#13 0x564f3d0a0502 <unknown>\n#14 0x564f3d06dd2f <unknown>\n#15 0x564f3d0c4578 <unknown>\n#16 0x564f3d0c4750 <unknown>\n#17 0x564f3d0d448c <unknown>\n#18 0x7f800aa94ac3 <unknown>\n\n","statusTrace":"  File \"/home/runner/work/Selenium-Python-Example/Selenium-Python-Example/.venv/lib/python3.12/site-packages/allure_commons/_allure.py\", line 192, in impl\n    return func(*a, **kw)\n           ^^^^^^^^^^^^^^\n  File \"/home/runner/work/Selenium-Python-Example/Selenium-Python-Example/pages/about_page.py\", line 20, in click_login_link\n    self.click(self.LOGIN_LINK)\n  File \"/home/runner/work/Selenium-Python-Example/Selenium-Python-Example/pages/base_page.py\", line 60, in click\n    el: WebElement = self.wait.until(\n                     ^^^^^^^^^^^^^^^^\n  File \"/home/runner/work/Selenium-Python-Example/Selenium-Python-Example/.venv/lib/python3.12/site-packages/selenium/webdriver/support/wait.py\", line 105, in until\n    raise TimeoutException(message, screen, stacktrace)\n","steps":[],"attachments":[],"parameters":[],"shouldDisplayMessage":true,"stepsCount":0,"attachmentsCount":0,"hasContent":true,"attachmentStep":false},{"name":"public ip address","time":{"start":1722907401483,"stop":1722907401499,"duration":16},"status":"passed","steps":[],"attachments":[{"uid":"b0a1ef1fabbe8050","name":"HTTP logs of http://checkip.amazonaws.com/","source":"b0a1ef1fabbe8050.txt","type":"text/plain","size":359}],"parameters":[],"shouldDisplayMessage":false,"stepsCount":0,"attachmentsCount":1,"hasContent":true,"attachmentStep":false}],"attachments":[{"uid":"9985e3610d30a1fd","name":"Cookies","source":"9985e3610d30a1fd.json","type":"application/json","size":3587},{"uid":"a56610dd46748ab7","name":"Session Storage","source":"a56610dd46748ab7.json","type":"application/json","size":359},{"uid":"94263f30fdd2a6be","name":"Local Storage","source":"94263f30fdd2a6be.json","type":"application/json","size":350},{"uid":"9581161b9eca8b6a","name":"Console Logs","source":"9581161b9eca8b6a.json","type":"application/json","size":236},{"uid":"d40fa29bb612b10b","name":"Full Page Screenshot","source":"d40fa29bb612b10b.png","type":"image/png","size":4647547},{"uid":"a434340b13361f85","name":"URL","source":"a434340b13361f85.uri","type":"text/uri-list","size":23},{"uid":"7f691c0267fa189b","name":"Network Logs","source":"7f691c0267fa189b.json","type":"application/json","size":66917}],"parameters":[],"shouldDisplayMessage":true,"stepsCount":2,"attachmentsCount":8,"hasContent":true,"attachmentStep":false},"afterStages":[],"labels":[{"name":"story","value":"Forgot Password Feature's Functionality"},{"name":"epic","value":"Security"},{"name":"severity","value":"critical"},{"name":"parentSuite","value":"Custom parent suite"},{"name":"suite","value":"Custom suite"},{"name":"subSuite","value":"Custom sub suite"},{"name":"tag","value":"security"},{"name":"host","value":"fv-az1442-732"},{"name":"thread","value":"2210-MainThread"},{"name":"framework","value":"pytest"},{"name":"language","value":"cpython3"},{"name":"package","value":"tests.forgot_password_test"},{"name":"resultFormat","value":"allure2"}],"parameters":[],"links":[{"name":"TESTCASE-2","url":"https://github.com/allure-examples/allure-examples/issues/2","type":"tms"},{"name":"ISSUE-1","url":"https://github.com/allure-examples/allure-examples/issues/1","type":"issue"},{"name":"Allure Examples","url":"https://github.com/allure-examples/","type":"link"}],"hidden":false,"retry":false,"extra":{"severity":"critical","retries":[],"categories":[{"name":"Test defects","matchedStatuses":[],"flaky":false}],"tags":["security"]},"source":"eb6d7f2f135144b6.json","parameterValues":[]}