{"uid":"68e317767bdff7ff","name":"Login with invalid credentials test","fullName":"tests.login_test.TestLogin#test_invalid_login","historyId":"d8696551571014a71a874c85cadaf3fe","time":{"start":1714871810966,"stop":1714871821308,"duration":10342},"description":"invalid login","descriptionHtml":"<p>invalid login</p>\n","status":"broken","statusMessage":"selenium.common.exceptions.TimeoutException: Message: \nStacktrace:\n#0 0x5576692f2e33 <unknown>\n#1 0x557668fe2567 <unknown>\n#2 0x55766902d27d <unknown>\n#3 0x55766902d331 <unknown>\n#4 0x557669070624 <unknown>\n#5 0x55766904f38d <unknown>\n#6 0x55766906dae2 <unknown>\n#7 0x55766904f103 <unknown>\n#8 0x5576690201ba <unknown>\n#9 0x557669020b8e <unknown>\n#10 0x5576692b759b <unknown>\n#11 0x5576692bb34b <unknown>\n#12 0x5576692a3681 <unknown>\n#13 0x5576692bbeb2 <unknown>\n#14 0x5576692886af <unknown>\n#15 0x5576692e2428 <unknown>\n#16 0x5576692e2600 <unknown>\n#17 0x5576692f1f84 <unknown>\n#18 0x7f1d23894ac3 <unknown>","statusTrace":"self = <tests.login_test.TestLogin object at 0x7fc673942b70>\nemail = 'nirt236@gmail.com', password = '123456'\ndata = Data(forgot_password=ForgotPassword(error_message=\"We can't find a user with that e-mail address.\", success_message='A...ct='Non Existing', page_title='My Workspace', project_name='test project', project_type='quiz', template_type='Blank'))\n\n    @allure.description(\"invalid login\")\n    @allure.title(\"Login with invalid credentials test\")\n    @pytest.mark.parametrize(\"email, password\", users)\n    @pytest.mark.run(order=3)\n    def test_invalid_login(self, email: str, password: str, data: Data):\n>       self.about_page.click_login_link()\n\ntests/login_test.py:26: \n_ _ _ _ _ _ _ _ _ _ _ _ _ _ _ _ _ _ _ _ _ _ _ _ _ _ _ _ _ _ _ _ _ _ _ _ _ _ _ _ \npages/about_page.py:20: in click_login_link\n    self.click(self.LOGIN_LINK)\npages/base_page.py:60: in click\n    el: WebElement = self.wait.until(\n_ _ _ _ _ _ _ _ _ _ _ _ _ _ _ _ _ _ _ _ _ _ _ _ _ _ _ _ _ _ _ _ _ _ _ _ _ _ _ _ \n\nself = <selenium.webdriver.support.wait.WebDriverWait (session=\"b7df780d6e20abdf3052fc582f47b2b9\")>\nmethod = <function element_to_be_clickable.<locals>._predicate at 0x7fc672f816c0>\nmessage = ''\n\n    def until(self, method: Callable[[D], Union[Literal[False], T]], message: str = \"\") -> T:\n        \"\"\"Calls the method provided with the driver as an argument until the \\\n        return value does not evaluate to ``False``.\n    \n        :param method: callable(WebDriver)\n        :param message: optional message for :exc:`TimeoutException`\n        :returns: the result of the last call to `method`\n        :raises: :exc:`selenium.common.exceptions.TimeoutException` if timeout occurs\n        \"\"\"\n        screen = None\n        stacktrace = None\n    \n        end_time = time.monotonic() + self._timeout\n        while True:\n            try:\n                value = method(self._driver)\n                if value:\n                    return value\n            except self._ignored_exceptions as exc:\n                screen = getattr(exc, \"screen\", None)\n                stacktrace = getattr(exc, \"stacktrace\", None)\n            time.sleep(self._poll)\n            if time.monotonic() > end_time:\n                break\n>       raise TimeoutException(message, screen, stacktrace)\nE       selenium.common.exceptions.TimeoutException: Message: \nE       Stacktrace:\nE       #0 0x5576692f2e33 <unknown>\nE       #1 0x557668fe2567 <unknown>\nE       #2 0x55766902d27d <unknown>\nE       #3 0x55766902d331 <unknown>\nE       #4 0x557669070624 <unknown>\nE       #5 0x55766904f38d <unknown>\nE       #6 0x55766906dae2 <unknown>\nE       #7 0x55766904f103 <unknown>\nE       #8 0x5576690201ba <unknown>\nE       #9 0x557669020b8e <unknown>\nE       #10 0x5576692b759b <unknown>\nE       #11 0x5576692bb34b <unknown>\nE       #12 0x5576692a3681 <unknown>\nE       #13 0x5576692bbeb2 <unknown>\nE       #14 0x5576692886af <unknown>\nE       #15 0x5576692e2428 <unknown>\nE       #16 0x5576692e2600 <unknown>\nE       #17 0x5576692f1f84 <unknown>\nE       #18 0x7f1d23894ac3 <unknown>\n\n.venv/lib/python3.12/site-packages/selenium/webdriver/support/wait.py:105: TimeoutException","flaky":false,"newFailed":false,"newBroken":false,"newPassed":false,"retriesCount":0,"retriesStatusChange":false,"beforeStages":[],"testStage":{"description":"invalid login","status":"broken","statusMessage":"selenium.common.exceptions.TimeoutException: Message: \nStacktrace:\n#0 0x5576692f2e33 <unknown>\n#1 0x557668fe2567 <unknown>\n#2 0x55766902d27d <unknown>\n#3 0x55766902d331 <unknown>\n#4 0x557669070624 <unknown>\n#5 0x55766904f38d <unknown>\n#6 0x55766906dae2 <unknown>\n#7 0x55766904f103 <unknown>\n#8 0x5576690201ba <unknown>\n#9 0x557669020b8e <unknown>\n#10 0x5576692b759b <unknown>\n#11 0x5576692bb34b <unknown>\n#12 0x5576692a3681 <unknown>\n#13 0x5576692bbeb2 <unknown>\n#14 0x5576692886af <unknown>\n#15 0x5576692e2428 <unknown>\n#16 0x5576692e2600 <unknown>\n#17 0x5576692f1f84 <unknown>\n#18 0x7f1d23894ac3 <unknown>","statusTrace":"self = <tests.login_test.TestLogin object at 0x7fc673942b70>\nemail = 'nirt236@gmail.com', password = '123456'\ndata = Data(forgot_password=ForgotPassword(error_message=\"We can't find a user with that e-mail address.\", success_message='A...ct='Non Existing', page_title='My Workspace', project_name='test project', project_type='quiz', template_type='Blank'))\n\n    @allure.description(\"invalid login\")\n    @allure.title(\"Login with invalid credentials test\")\n    @pytest.mark.parametrize(\"email, password\", users)\n    @pytest.mark.run(order=3)\n    def test_invalid_login(self, email: str, password: str, data: Data):\n>       self.about_page.click_login_link()\n\ntests/login_test.py:26: \n_ _ _ _ _ _ _ _ _ _ _ _ _ _ _ _ _ _ _ _ _ _ _ _ _ _ _ _ _ _ _ _ _ _ _ _ _ _ _ _ \npages/about_page.py:20: in click_login_link\n    self.click(self.LOGIN_LINK)\npages/base_page.py:60: in click\n    el: WebElement = self.wait.until(\n_ _ _ _ _ _ _ _ _ _ _ _ _ _ _ _ _ _ _ _ _ _ _ _ _ _ _ _ _ _ _ _ _ _ _ _ _ _ _ _ \n\nself = <selenium.webdriver.support.wait.WebDriverWait (session=\"b7df780d6e20abdf3052fc582f47b2b9\")>\nmethod = <function element_to_be_clickable.<locals>._predicate at 0x7fc672f816c0>\nmessage = ''\n\n    def until(self, method: Callable[[D], Union[Literal[False], T]], message: str = \"\") -> T:\n        \"\"\"Calls the method provided with the driver as an argument until the \\\n        return value does not evaluate to ``False``.\n    \n        :param method: callable(WebDriver)\n        :param message: optional message for :exc:`TimeoutException`\n        :returns: the result of the last call to `method`\n        :raises: :exc:`selenium.common.exceptions.TimeoutException` if timeout occurs\n        \"\"\"\n        screen = None\n        stacktrace = None\n    \n        end_time = time.monotonic() + self._timeout\n        while True:\n            try:\n                value = method(self._driver)\n                if value:\n                    return value\n            except self._ignored_exceptions as exc:\n                screen = getattr(exc, \"screen\", None)\n                stacktrace = getattr(exc, \"stacktrace\", None)\n            time.sleep(self._poll)\n            if time.monotonic() > end_time:\n                break\n>       raise TimeoutException(message, screen, stacktrace)\nE       selenium.common.exceptions.TimeoutException: Message: \nE       Stacktrace:\nE       #0 0x5576692f2e33 <unknown>\nE       #1 0x557668fe2567 <unknown>\nE       #2 0x55766902d27d <unknown>\nE       #3 0x55766902d331 <unknown>\nE       #4 0x557669070624 <unknown>\nE       #5 0x55766904f38d <unknown>\nE       #6 0x55766906dae2 <unknown>\nE       #7 0x55766904f103 <unknown>\nE       #8 0x5576690201ba <unknown>\nE       #9 0x557669020b8e <unknown>\nE       #10 0x5576692b759b <unknown>\nE       #11 0x5576692bb34b <unknown>\nE       #12 0x5576692a3681 <unknown>\nE       #13 0x5576692bbeb2 <unknown>\nE       #14 0x5576692886af <unknown>\nE       #15 0x5576692e2428 <unknown>\nE       #16 0x5576692e2600 <unknown>\nE       #17 0x5576692f1f84 <unknown>\nE       #18 0x7f1d23894ac3 <unknown>\n\n.venv/lib/python3.12/site-packages/selenium/webdriver/support/wait.py:105: TimeoutException","steps":[{"name":"Click Login link","time":{"start":1714871810966,"stop":1714871821307,"duration":10341},"status":"broken","statusMessage":"selenium.common.exceptions.TimeoutException: Message: \nStacktrace:\n#0 0x5576692f2e33 <unknown>\n#1 0x557668fe2567 <unknown>\n#2 0x55766902d27d <unknown>\n#3 0x55766902d331 <unknown>\n#4 0x557669070624 <unknown>\n#5 0x55766904f38d <unknown>\n#6 0x55766906dae2 <unknown>\n#7 0x55766904f103 <unknown>\n#8 0x5576690201ba <unknown>\n#9 0x557669020b8e <unknown>\n#10 0x5576692b759b <unknown>\n#11 0x5576692bb34b <unknown>\n#12 0x5576692a3681 <unknown>\n#13 0x5576692bbeb2 <unknown>\n#14 0x5576692886af <unknown>\n#15 0x5576692e2428 <unknown>\n#16 0x5576692e2600 <unknown>\n#17 0x5576692f1f84 <unknown>\n#18 0x7f1d23894ac3 <unknown>\n\n","statusTrace":"  File \"/home/runner/work/Selenium-Python-Example/Selenium-Python-Example/.venv/lib/python3.12/site-packages/allure_commons/_allure.py\", line 192, in impl\n    return func(*a, **kw)\n           ^^^^^^^^^^^^^^\n  File \"/home/runner/work/Selenium-Python-Example/Selenium-Python-Example/pages/about_page.py\", line 20, in click_login_link\n    self.click(self.LOGIN_LINK)\n  File \"/home/runner/work/Selenium-Python-Example/Selenium-Python-Example/pages/base_page.py\", line 60, in click\n    el: WebElement = self.wait.until(\n                     ^^^^^^^^^^^^^^^^\n  File \"/home/runner/work/Selenium-Python-Example/Selenium-Python-Example/.venv/lib/python3.12/site-packages/selenium/webdriver/support/wait.py\", line 105, in until\n    raise TimeoutException(message, screen, stacktrace)\n","steps":[],"attachments":[],"parameters":[],"shouldDisplayMessage":true,"stepsCount":0,"attachmentsCount":0,"hasContent":true,"attachmentStep":false},{"name":"public ip address","time":{"start":1714871821318,"stop":1714871821364,"duration":46},"status":"passed","steps":[],"attachments":[{"uid":"a2fe66c311d916ab","name":"HTTP logs of http://checkip.amazonaws.com/","source":"a2fe66c311d916ab.txt","type":"text/plain","size":356}],"parameters":[],"shouldDisplayMessage":false,"stepsCount":0,"attachmentsCount":1,"hasContent":true,"attachmentStep":false}],"attachments":[{"uid":"8f160a6a5ce6e03a","name":"Cookies","source":"8f160a6a5ce6e03a.json","type":"application/json","size":3636},{"uid":"55d85bd5406157a","name":"Session Storage","source":"55d85bd5406157a.json","type":"application/json","size":359},{"uid":"497ff9332d911fde","name":"Local Storage","source":"497ff9332d911fde.json","type":"application/json","size":294},{"uid":"38a820f6ba30570e","name":"Console Logs","source":"38a820f6ba30570e.json","type":"application/json","size":7801},{"uid":"5da5474bdf50e09c","name":"Full Page Screenshot","source":"5da5474bdf50e09c.png","type":"image/png","size":6246649},{"uid":"2eeb903dad4b8ac","name":"URL","source":"2eeb903dad4b8ac.uri","type":"text/uri-list","size":23},{"uid":"5c2235b3f7f1bf6c","name":"Network Logs","source":"5c2235b3f7f1bf6c.json","type":"application/json","size":917515}],"parameters":[],"shouldDisplayMessage":true,"stepsCount":2,"attachmentsCount":8,"hasContent":true,"attachmentStep":false},"afterStages":[],"labels":[{"name":"epic","value":"Security"},{"name":"feature","value":"Login"},{"name":"severity","value":"blocker"},{"name":"tag","value":"run(order=3)"},{"name":"tag","value":"security"},{"name":"parentSuite","value":"tests"},{"name":"suite","value":"login_test"},{"name":"subSuite","value":"TestLogin"},{"name":"host","value":"fv-az736-70"},{"name":"thread","value":"2383-MainThread"},{"name":"framework","value":"pytest"},{"name":"language","value":"cpython3"},{"name":"package","value":"tests.login_test"},{"name":"resultFormat","value":"allure2"}],"parameters":[{"name":"email","value":"'nirt236@gmail.com'"},{"name":"password","value":"'123456'"}],"links":[],"hidden":false,"retry":false,"extra":{"severity":"blocker","retries":[],"categories":[{"name":"Test defects","matchedStatuses":[],"flaky":false}],"tags":["run(order=3)","security"]},"source":"68e317767bdff7ff.json","parameterValues":["'nirt236@gmail.com'","'123456'"]}