{"uid":"62abdadaae51dda6","name":"Create new workspace test","fullName":"tests.test_workspaces.TestWorkspaces#test_create_new_workspace","historyId":"e6e849a753ae10f50b3b38fac5a7fa8e","time":{"start":1692147942750,"stop":1692147942750,"duration":0},"description":"Create new Workspace","descriptionHtml":"<p>Create new Workspace</p>\n","status":"broken","statusMessage":"selenium.common.exceptions.TimeoutException: Message: \nStacktrace:\n#0 0x557ab3b09613 <unknown>\n#1 0x557ab3835537 <unknown>\n#2 0x557ab3873f53 <unknown>\n#3 0x557ab3874041 <unknown>\n#4 0x557ab38af2a4 <unknown>\n#5 0x557ab3894a5d <unknown>\n#6 0x557ab38acd09 <unknown>\n#7 0x557ab3894803 <unknown>\n#8 0x557ab386868b <unknown>\n#9 0x557ab386942e <unknown>\n#10 0x557ab3acac28 <unknown>\n#11 0x557ab3aceaf7 <unknown>\n#12 0x557ab3ad901c <unknown>\n#13 0x557ab3acf723 <unknown>\n#14 0x557ab3a9e457 <unknown>\n#15 0x557ab3af3628 <unknown>\n#16 0x557ab3af37b7 <unknown>\n#17 0x557ab3b02483 <unknown>\n#18 0x7ffa305b7b43 <unknown>","statusTrace":"self = <tests.test_workspaces.TestWorkspaces object at 0x7f8ecbd0f3d0>\nrequest = <SubRequest 'setup_method_fixture' for <Function test_create_new_workspace>>\n\n    @pytest.fixture(autouse=True)\n    def setup_method_fixture(self, request):\n>       login(request, self.about_page, self.login_page)\n\ntests/test_workspaces.py:26: \n_ _ _ _ _ _ _ _ _ _ _ _ _ _ _ _ _ _ _ _ _ _ _ _ _ _ _ _ _ _ _ _ _ _ _ _ _ _ _ _ \ntests/test_workspaces.py:16: in login\n    about_page.click_login_link()\npages/about_page.py:20: in click_login_link\n    self.click(self.LOGIN_LINK)\npages/base_page.py:38: in click\n    el: WebElement = self.wait.until(\n_ _ _ _ _ _ _ _ _ _ _ _ _ _ _ _ _ _ _ _ _ _ _ _ _ _ _ _ _ _ _ _ _ _ _ _ _ _ _ _ \n\nself = <selenium.webdriver.support.wait.WebDriverWait (session=\"044842236b23262772b1854b3559092c\")>\nmethod = <function element_to_be_clickable.<locals>._predicate at 0x7f8ecbd68ae0>\nmessage = ''\n\n    def until(self, method, message: str = \"\"):\n        \"\"\"Calls the method provided with the driver as an argument until the \\\n        return value does not evaluate to ``False``.\n    \n        :param method: callable(WebDriver)\n        :param message: optional message for :exc:`TimeoutException`\n        :returns: the result of the last call to `method`\n        :raises: :exc:`selenium.common.exceptions.TimeoutException` if timeout occurs\n        \"\"\"\n        screen = None\n        stacktrace = None\n    \n        end_time = time.monotonic() + self._timeout\n        while True:\n            try:\n                value = method(self._driver)\n                if value:\n                    return value\n            except self._ignored_exceptions as exc:\n                screen = getattr(exc, \"screen\", None)\n                stacktrace = getattr(exc, \"stacktrace\", None)\n            time.sleep(self._poll)\n            if time.monotonic() > end_time:\n                break\n>       raise TimeoutException(message, screen, stacktrace)\nE       selenium.common.exceptions.TimeoutException: Message: \nE       Stacktrace:\nE       #0 0x557ab3b09613 <unknown>\nE       #1 0x557ab3835537 <unknown>\nE       #2 0x557ab3873f53 <unknown>\nE       #3 0x557ab3874041 <unknown>\nE       #4 0x557ab38af2a4 <unknown>\nE       #5 0x557ab3894a5d <unknown>\nE       #6 0x557ab38acd09 <unknown>\nE       #7 0x557ab3894803 <unknown>\nE       #8 0x557ab386868b <unknown>\nE       #9 0x557ab386942e <unknown>\nE       #10 0x557ab3acac28 <unknown>\nE       #11 0x557ab3aceaf7 <unknown>\nE       #12 0x557ab3ad901c <unknown>\nE       #13 0x557ab3acf723 <unknown>\nE       #14 0x557ab3a9e457 <unknown>\nE       #15 0x557ab3af3628 <unknown>\nE       #16 0x557ab3af37b7 <unknown>\nE       #17 0x557ab3b02483 <unknown>\nE       #18 0x7ffa305b7b43 <unknown>\n\n.venv/lib/python3.11/site-packages/selenium/webdriver/support/wait.py:95: TimeoutException","flaky":false,"newFailed":false,"newBroken":false,"newPassed":false,"retriesCount":0,"retriesStatusChange":false,"beforeStages":[{"name":"_verify_url","time":{"start":1692147929713,"stop":1692147929713,"duration":0},"status":"passed","steps":[],"attachments":[],"parameters":[],"stepsCount":0,"attachmentsCount":0,"shouldDisplayMessage":false,"hasContent":false},{"name":"base_url","time":{"start":1692147929713,"stop":1692147929713,"duration":0},"status":"passed","steps":[],"attachments":[],"parameters":[],"stepsCount":0,"attachmentsCount":0,"shouldDisplayMessage":false,"hasContent":false},{"name":"json_data","time":{"start":1692147929713,"stop":1692147929713,"duration":0},"status":"passed","steps":[],"attachments":[],"parameters":[],"stepsCount":0,"attachmentsCount":0,"shouldDisplayMessage":false,"hasContent":false},{"name":"setup_method_fixture","time":{"start":1692147945384,"stop":1692147955628,"duration":10244},"status":"broken","statusMessage":"selenium.common.exceptions.TimeoutException: Message: \nStacktrace:\n#0 0x557ab3b09613 <unknown>\n#1 0x557ab3835537 <unknown>\n#2 0x557ab3873f53 <unknown>\n#3 0x557ab3874041 <unknown>\n#4 0x557ab38af2a4 <unknown>\n#5 0x557ab3894a5d <unknown>\n#6 0x557ab38acd09 <unknown>\n#7 0x557ab3894803 <unknown>\n#8 0x557ab386868b <unknown>\n#9 0x557ab386942e <unknown>\n#10 0x557ab3acac28 <unknown>\n#11 0x557ab3aceaf7 <unknown>\n#12 0x557ab3ad901c <unknown>\n#13 0x557ab3acf723 <unknown>\n#14 0x557ab3a9e457 <unknown>\n#15 0x557ab3af3628 <unknown>\n#16 0x557ab3af37b7 <unknown>\n#17 0x557ab3b02483 <unknown>\n#18 0x7ffa305b7b43 <unknown>\n\n","statusTrace":"  File \"/home/runner/work/Selenium-Python-Example/Selenium-Python-Example/.venv/lib/python3.11/site-packages/pluggy/_callers.py\", line 80, in _multicall\n    res = hook_impl.function(*args)\n          ^^^^^^^^^^^^^^^^^^^^^^^^^\n  File \"/home/runner/work/Selenium-Python-Example/Selenium-Python-Example/.venv/lib/python3.11/site-packages/_pytest/fixtures.py\", line 1123, in pytest_fixture_setup\n    result = call_fixture_func(fixturefunc, request, kwargs)\n             ^^^^^^^^^^^^^^^^^^^^^^^^^^^^^^^^^^^^^^^^^^^^^^^\n  File \"/home/runner/work/Selenium-Python-Example/Selenium-Python-Example/.venv/lib/python3.11/site-packages/_pytest/fixtures.py\", line 902, in call_fixture_func\n    fixture_result = fixturefunc(**kwargs)\n                     ^^^^^^^^^^^^^^^^^^^^^\n  File \"/home/runner/work/Selenium-Python-Example/Selenium-Python-Example/tests/test_workspaces.py\", line 26, in setup_method_fixture\n    login(request, self.about_page, self.login_page)\n  File \"/home/runner/work/Selenium-Python-Example/Selenium-Python-Example/tests/test_workspaces.py\", line 16, in login\n    about_page.click_login_link()\n  File \"/home/runner/work/Selenium-Python-Example/Selenium-Python-Example/.venv/lib/python3.11/site-packages/allure_commons/_allure.py\", line 192, in impl\n    return func(*a, **kw)\n           ^^^^^^^^^^^^^^\n  File \"/home/runner/work/Selenium-Python-Example/Selenium-Python-Example/pages/about_page.py\", line 20, in click_login_link\n    self.click(self.LOGIN_LINK)\n  File \"/home/runner/work/Selenium-Python-Example/Selenium-Python-Example/pages/base_page.py\", line 38, in click\n    el: WebElement = self.wait.until(\n                     ^^^^^^^^^^^^^^^^\n  File \"/home/runner/work/Selenium-Python-Example/Selenium-Python-Example/.venv/lib/python3.11/site-packages/selenium/webdriver/support/wait.py\", line 95, in until\n    raise TimeoutException(message, screen, stacktrace)\n","steps":[{"name":"Click Login link","time":{"start":1692147945384,"stop":1692147955628,"duration":10244},"status":"broken","statusMessage":"selenium.common.exceptions.TimeoutException: Message: \nStacktrace:\n#0 0x557ab3b09613 <unknown>\n#1 0x557ab3835537 <unknown>\n#2 0x557ab3873f53 <unknown>\n#3 0x557ab3874041 <unknown>\n#4 0x557ab38af2a4 <unknown>\n#5 0x557ab3894a5d <unknown>\n#6 0x557ab38acd09 <unknown>\n#7 0x557ab3894803 <unknown>\n#8 0x557ab386868b <unknown>\n#9 0x557ab386942e <unknown>\n#10 0x557ab3acac28 <unknown>\n#11 0x557ab3aceaf7 <unknown>\n#12 0x557ab3ad901c <unknown>\n#13 0x557ab3acf723 <unknown>\n#14 0x557ab3a9e457 <unknown>\n#15 0x557ab3af3628 <unknown>\n#16 0x557ab3af37b7 <unknown>\n#17 0x557ab3b02483 <unknown>\n#18 0x7ffa305b7b43 <unknown>\n\n","statusTrace":"  File \"/home/runner/work/Selenium-Python-Example/Selenium-Python-Example/.venv/lib/python3.11/site-packages/allure_commons/_allure.py\", line 192, in impl\n    return func(*a, **kw)\n           ^^^^^^^^^^^^^^\n  File \"/home/runner/work/Selenium-Python-Example/Selenium-Python-Example/pages/about_page.py\", line 20, in click_login_link\n    self.click(self.LOGIN_LINK)\n  File \"/home/runner/work/Selenium-Python-Example/Selenium-Python-Example/pages/base_page.py\", line 38, in click\n    el: WebElement = self.wait.until(\n                     ^^^^^^^^^^^^^^^^\n  File \"/home/runner/work/Selenium-Python-Example/Selenium-Python-Example/.venv/lib/python3.11/site-packages/selenium/webdriver/support/wait.py\", line 95, in until\n    raise TimeoutException(message, screen, stacktrace)\n","steps":[],"attachments":[],"parameters":[],"stepsCount":0,"attachmentsCount":0,"shouldDisplayMessage":true,"hasContent":true}],"attachments":[],"parameters":[],"stepsCount":1,"attachmentsCount":0,"shouldDisplayMessage":false,"hasContent":true}],"testStage":{"description":"Create new Workspace","status":"broken","statusMessage":"selenium.common.exceptions.TimeoutException: Message: \nStacktrace:\n#0 0x557ab3b09613 <unknown>\n#1 0x557ab3835537 <unknown>\n#2 0x557ab3873f53 <unknown>\n#3 0x557ab3874041 <unknown>\n#4 0x557ab38af2a4 <unknown>\n#5 0x557ab3894a5d <unknown>\n#6 0x557ab38acd09 <unknown>\n#7 0x557ab3894803 <unknown>\n#8 0x557ab386868b <unknown>\n#9 0x557ab386942e <unknown>\n#10 0x557ab3acac28 <unknown>\n#11 0x557ab3aceaf7 <unknown>\n#12 0x557ab3ad901c <unknown>\n#13 0x557ab3acf723 <unknown>\n#14 0x557ab3a9e457 <unknown>\n#15 0x557ab3af3628 <unknown>\n#16 0x557ab3af37b7 <unknown>\n#17 0x557ab3b02483 <unknown>\n#18 0x7ffa305b7b43 <unknown>","statusTrace":"self = <tests.test_workspaces.TestWorkspaces object at 0x7f8ecbd0f3d0>\nrequest = <SubRequest 'setup_method_fixture' for <Function test_create_new_workspace>>\n\n    @pytest.fixture(autouse=True)\n    def setup_method_fixture(self, request):\n>       login(request, self.about_page, self.login_page)\n\ntests/test_workspaces.py:26: \n_ _ _ _ _ _ _ _ _ _ _ _ _ _ _ _ _ _ _ _ _ _ _ _ _ _ _ _ _ _ _ _ _ _ _ _ _ _ _ _ \ntests/test_workspaces.py:16: in login\n    about_page.click_login_link()\npages/about_page.py:20: in click_login_link\n    self.click(self.LOGIN_LINK)\npages/base_page.py:38: in click\n    el: WebElement = self.wait.until(\n_ _ _ _ _ _ _ _ _ _ _ _ _ _ _ _ _ _ _ _ _ _ _ _ _ _ _ _ _ _ _ _ _ _ _ _ _ _ _ _ \n\nself = <selenium.webdriver.support.wait.WebDriverWait (session=\"044842236b23262772b1854b3559092c\")>\nmethod = <function element_to_be_clickable.<locals>._predicate at 0x7f8ecbd68ae0>\nmessage = ''\n\n    def until(self, method, message: str = \"\"):\n        \"\"\"Calls the method provided with the driver as an argument until the \\\n        return value does not evaluate to ``False``.\n    \n        :param method: callable(WebDriver)\n        :param message: optional message for :exc:`TimeoutException`\n        :returns: the result of the last call to `method`\n        :raises: :exc:`selenium.common.exceptions.TimeoutException` if timeout occurs\n        \"\"\"\n        screen = None\n        stacktrace = None\n    \n        end_time = time.monotonic() + self._timeout\n        while True:\n            try:\n                value = method(self._driver)\n                if value:\n                    return value\n            except self._ignored_exceptions as exc:\n                screen = getattr(exc, \"screen\", None)\n                stacktrace = getattr(exc, \"stacktrace\", None)\n            time.sleep(self._poll)\n            if time.monotonic() > end_time:\n                break\n>       raise TimeoutException(message, screen, stacktrace)\nE       selenium.common.exceptions.TimeoutException: Message: \nE       Stacktrace:\nE       #0 0x557ab3b09613 <unknown>\nE       #1 0x557ab3835537 <unknown>\nE       #2 0x557ab3873f53 <unknown>\nE       #3 0x557ab3874041 <unknown>\nE       #4 0x557ab38af2a4 <unknown>\nE       #5 0x557ab3894a5d <unknown>\nE       #6 0x557ab38acd09 <unknown>\nE       #7 0x557ab3894803 <unknown>\nE       #8 0x557ab386868b <unknown>\nE       #9 0x557ab386942e <unknown>\nE       #10 0x557ab3acac28 <unknown>\nE       #11 0x557ab3aceaf7 <unknown>\nE       #12 0x557ab3ad901c <unknown>\nE       #13 0x557ab3acf723 <unknown>\nE       #14 0x557ab3a9e457 <unknown>\nE       #15 0x557ab3af3628 <unknown>\nE       #16 0x557ab3af37b7 <unknown>\nE       #17 0x557ab3b02483 <unknown>\nE       #18 0x7ffa305b7b43 <unknown>\n\n.venv/lib/python3.11/site-packages/selenium/webdriver/support/wait.py:95: TimeoutException","steps":[],"attachments":[{"uid":"2e96d307da67baa9","name":"public ip address","source":"2e96d307da67baa9.txt","type":"text/plain","size":12},{"uid":"75040735d70f37a6","name":"Cookies","source":"75040735d70f37a6.json","type":"application/json","size":1237},{"uid":"2748e3fc1f8a103b","name":"Session Storage","source":"2748e3fc1f8a103b.json","type":"application/json","size":2},{"uid":"bd55473148fc5a4a","name":"Local Storage","source":"bd55473148fc5a4a.json","type":"application/json","size":208},{"uid":"2abd146aa3ee96bd","name":"Console Logs","source":"2abd146aa3ee96bd.json","type":"application/json","size":4954},{"uid":"ea58ad4c0c279c83","name":"Full Page Screenshot","source":"ea58ad4c0c279c83.png","type":"image/png","size":3231993},{"uid":"327c4281bc0e4003","name":"URL","source":"327c4281bc0e4003.uri","type":"text/uri-list","size":23},{"uid":"40dd0cf893240170","name":"Network Logs","source":"40dd0cf893240170.json","type":"application/json","size":28255}],"parameters":[],"stepsCount":0,"attachmentsCount":8,"shouldDisplayMessage":true,"hasContent":true},"afterStages":[],"labels":[{"name":"severity","value":"normal"},{"name":"story","value":"WorkSpaces Creation and Editing Functionality"},{"name":"epic","value":"Workspaces"},{"name":"tag","value":"run(order=1)"},{"name":"parentSuite","value":"tests"},{"name":"suite","value":"test_workspaces"},{"name":"subSuite","value":"TestWorkspaces"},{"name":"host","value":"fv-az442-854"},{"name":"thread","value":"2162-MainThread"},{"name":"framework","value":"pytest"},{"name":"language","value":"cpython3"},{"name":"package","value":"tests.test_workspaces"},{"name":"resultFormat","value":"allure2"}],"parameters":[],"links":[],"hidden":false,"retry":false,"extra":{"severity":"normal","retries":[],"categories":[{"name":"Test defects","matchedStatuses":[],"flaky":false}],"tags":["run(order=1)"]},"source":"62abdadaae51dda6.json","parameterValues":[]}