{"uid":"71340fbf97994366","name":"Delete existing project","fullName":"tests.test_workspaces.TestWorkspaces#test_delete_project","historyId":"ec4959b9902b11e4378ec1736393f0f6","time":{"start":1692148115969,"stop":1692148115969,"duration":0},"description":"Deleting an existing project from workspace","descriptionHtml":"<p>Deleting an existing project from workspace</p>\n","status":"broken","statusMessage":"selenium.common.exceptions.TimeoutException: Message: \nStacktrace:\n#0 0x55a2a262d613 <unknown>\n#1 0x55a2a2359537 <unknown>\n#2 0x55a2a2397f53 <unknown>\n#3 0x55a2a2398041 <unknown>\n#4 0x55a2a23d32a4 <unknown>\n#5 0x55a2a23b8a5d <unknown>\n#6 0x55a2a23d0d09 <unknown>\n#7 0x55a2a23b8803 <unknown>\n#8 0x55a2a238c68b <unknown>\n#9 0x55a2a238d42e <unknown>\n#10 0x55a2a25eec28 <unknown>\n#11 0x55a2a25f2af7 <unknown>\n#12 0x55a2a25fd01c <unknown>\n#13 0x55a2a25f3723 <unknown>\n#14 0x55a2a25c2457 <unknown>\n#15 0x55a2a2617628 <unknown>\n#16 0x55a2a26177b7 <unknown>\n#17 0x55a2a2626483 <unknown>\n#18 0x7f6cad993b43 <unknown>","statusTrace":"self = <tests.test_workspaces.TestWorkspaces object at 0x7f8ecbd14f50>\nrequest = <SubRequest 'setup_method_fixture' for <Function test_delete_project>>\n\n    @pytest.fixture(autouse=True)\n    def setup_method_fixture(self, request):\n>       login(request, self.about_page, self.login_page)\n\ntests/test_workspaces.py:26: \n_ _ _ _ _ _ _ _ _ _ _ _ _ _ _ _ _ _ _ _ _ _ _ _ _ _ _ _ _ _ _ _ _ _ _ _ _ _ _ _ \ntests/test_workspaces.py:16: in login\n    about_page.click_login_link()\npages/about_page.py:20: in click_login_link\n    self.click(self.LOGIN_LINK)\npages/base_page.py:38: in click\n    el: WebElement = self.wait.until(\n_ _ _ _ _ _ _ _ _ _ _ _ _ _ _ _ _ _ _ _ _ _ _ _ _ _ _ _ _ _ _ _ _ _ _ _ _ _ _ _ \n\nself = <selenium.webdriver.support.wait.WebDriverWait (session=\"55fbee5f1f91355c2e769c58c061f885\")>\nmethod = <function element_to_be_clickable.<locals>._predicate at 0x7f8ecbd698a0>\nmessage = ''\n\n    def until(self, method, message: str = \"\"):\n        \"\"\"Calls the method provided with the driver as an argument until the \\\n        return value does not evaluate to ``False``.\n    \n        :param method: callable(WebDriver)\n        :param message: optional message for :exc:`TimeoutException`\n        :returns: the result of the last call to `method`\n        :raises: :exc:`selenium.common.exceptions.TimeoutException` if timeout occurs\n        \"\"\"\n        screen = None\n        stacktrace = None\n    \n        end_time = time.monotonic() + self._timeout\n        while True:\n            try:\n                value = method(self._driver)\n                if value:\n                    return value\n            except self._ignored_exceptions as exc:\n                screen = getattr(exc, \"screen\", None)\n                stacktrace = getattr(exc, \"stacktrace\", None)\n            time.sleep(self._poll)\n            if time.monotonic() > end_time:\n                break\n>       raise TimeoutException(message, screen, stacktrace)\nE       selenium.common.exceptions.TimeoutException: Message: \nE       Stacktrace:\nE       #0 0x55a2a262d613 <unknown>\nE       #1 0x55a2a2359537 <unknown>\nE       #2 0x55a2a2397f53 <unknown>\nE       #3 0x55a2a2398041 <unknown>\nE       #4 0x55a2a23d32a4 <unknown>\nE       #5 0x55a2a23b8a5d <unknown>\nE       #6 0x55a2a23d0d09 <unknown>\nE       #7 0x55a2a23b8803 <unknown>\nE       #8 0x55a2a238c68b <unknown>\nE       #9 0x55a2a238d42e <unknown>\nE       #10 0x55a2a25eec28 <unknown>\nE       #11 0x55a2a25f2af7 <unknown>\nE       #12 0x55a2a25fd01c <unknown>\nE       #13 0x55a2a25f3723 <unknown>\nE       #14 0x55a2a25c2457 <unknown>\nE       #15 0x55a2a2617628 <unknown>\nE       #16 0x55a2a26177b7 <unknown>\nE       #17 0x55a2a2626483 <unknown>\nE       #18 0x7f6cad993b43 <unknown>\n\n.venv/lib/python3.11/site-packages/selenium/webdriver/support/wait.py:95: TimeoutException","flaky":false,"newFailed":false,"newBroken":false,"newPassed":false,"retriesCount":0,"retriesStatusChange":false,"beforeStages":[{"name":"_verify_url","time":{"start":1692147929713,"stop":1692147929713,"duration":0},"status":"passed","steps":[],"attachments":[],"parameters":[],"stepsCount":0,"attachmentsCount":0,"shouldDisplayMessage":false,"hasContent":false},{"name":"base_url","time":{"start":1692147929713,"stop":1692147929713,"duration":0},"status":"passed","steps":[],"attachments":[],"parameters":[],"stepsCount":0,"attachmentsCount":0,"shouldDisplayMessage":false,"hasContent":false},{"name":"json_data","time":{"start":1692147929713,"stop":1692147929713,"duration":0},"status":"passed","steps":[],"attachments":[],"parameters":[],"stepsCount":0,"attachmentsCount":0,"shouldDisplayMessage":false,"hasContent":false},{"name":"setup_method_fixture","time":{"start":1692148118513,"stop":1692148128742,"duration":10229},"status":"broken","statusMessage":"selenium.common.exceptions.TimeoutException: Message: \nStacktrace:\n#0 0x55a2a262d613 <unknown>\n#1 0x55a2a2359537 <unknown>\n#2 0x55a2a2397f53 <unknown>\n#3 0x55a2a2398041 <unknown>\n#4 0x55a2a23d32a4 <unknown>\n#5 0x55a2a23b8a5d <unknown>\n#6 0x55a2a23d0d09 <unknown>\n#7 0x55a2a23b8803 <unknown>\n#8 0x55a2a238c68b <unknown>\n#9 0x55a2a238d42e <unknown>\n#10 0x55a2a25eec28 <unknown>\n#11 0x55a2a25f2af7 <unknown>\n#12 0x55a2a25fd01c <unknown>\n#13 0x55a2a25f3723 <unknown>\n#14 0x55a2a25c2457 <unknown>\n#15 0x55a2a2617628 <unknown>\n#16 0x55a2a26177b7 <unknown>\n#17 0x55a2a2626483 <unknown>\n#18 0x7f6cad993b43 <unknown>\n\n","statusTrace":"  File \"/home/runner/work/Selenium-Python-Example/Selenium-Python-Example/.venv/lib/python3.11/site-packages/pluggy/_callers.py\", line 80, in _multicall\n    res = hook_impl.function(*args)\n          ^^^^^^^^^^^^^^^^^^^^^^^^^\n  File \"/home/runner/work/Selenium-Python-Example/Selenium-Python-Example/.venv/lib/python3.11/site-packages/_pytest/fixtures.py\", line 1123, in pytest_fixture_setup\n    result = call_fixture_func(fixturefunc, request, kwargs)\n             ^^^^^^^^^^^^^^^^^^^^^^^^^^^^^^^^^^^^^^^^^^^^^^^\n  File \"/home/runner/work/Selenium-Python-Example/Selenium-Python-Example/.venv/lib/python3.11/site-packages/_pytest/fixtures.py\", line 902, in call_fixture_func\n    fixture_result = fixturefunc(**kwargs)\n                     ^^^^^^^^^^^^^^^^^^^^^\n  File \"/home/runner/work/Selenium-Python-Example/Selenium-Python-Example/tests/test_workspaces.py\", line 26, in setup_method_fixture\n    login(request, self.about_page, self.login_page)\n  File \"/home/runner/work/Selenium-Python-Example/Selenium-Python-Example/tests/test_workspaces.py\", line 16, in login\n    about_page.click_login_link()\n  File \"/home/runner/work/Selenium-Python-Example/Selenium-Python-Example/.venv/lib/python3.11/site-packages/allure_commons/_allure.py\", line 192, in impl\n    return func(*a, **kw)\n           ^^^^^^^^^^^^^^\n  File \"/home/runner/work/Selenium-Python-Example/Selenium-Python-Example/pages/about_page.py\", line 20, in click_login_link\n    self.click(self.LOGIN_LINK)\n  File \"/home/runner/work/Selenium-Python-Example/Selenium-Python-Example/pages/base_page.py\", line 38, in click\n    el: WebElement = self.wait.until(\n                     ^^^^^^^^^^^^^^^^\n  File \"/home/runner/work/Selenium-Python-Example/Selenium-Python-Example/.venv/lib/python3.11/site-packages/selenium/webdriver/support/wait.py\", line 95, in until\n    raise TimeoutException(message, screen, stacktrace)\n","steps":[{"name":"Click Login link","time":{"start":1692148118513,"stop":1692148128741,"duration":10228},"status":"broken","statusMessage":"selenium.common.exceptions.TimeoutException: Message: \nStacktrace:\n#0 0x55a2a262d613 <unknown>\n#1 0x55a2a2359537 <unknown>\n#2 0x55a2a2397f53 <unknown>\n#3 0x55a2a2398041 <unknown>\n#4 0x55a2a23d32a4 <unknown>\n#5 0x55a2a23b8a5d <unknown>\n#6 0x55a2a23d0d09 <unknown>\n#7 0x55a2a23b8803 <unknown>\n#8 0x55a2a238c68b <unknown>\n#9 0x55a2a238d42e <unknown>\n#10 0x55a2a25eec28 <unknown>\n#11 0x55a2a25f2af7 <unknown>\n#12 0x55a2a25fd01c <unknown>\n#13 0x55a2a25f3723 <unknown>\n#14 0x55a2a25c2457 <unknown>\n#15 0x55a2a2617628 <unknown>\n#16 0x55a2a26177b7 <unknown>\n#17 0x55a2a2626483 <unknown>\n#18 0x7f6cad993b43 <unknown>\n\n","statusTrace":"  File \"/home/runner/work/Selenium-Python-Example/Selenium-Python-Example/.venv/lib/python3.11/site-packages/allure_commons/_allure.py\", line 192, in impl\n    return func(*a, **kw)\n           ^^^^^^^^^^^^^^\n  File \"/home/runner/work/Selenium-Python-Example/Selenium-Python-Example/pages/about_page.py\", line 20, in click_login_link\n    self.click(self.LOGIN_LINK)\n  File \"/home/runner/work/Selenium-Python-Example/Selenium-Python-Example/pages/base_page.py\", line 38, in click\n    el: WebElement = self.wait.until(\n                     ^^^^^^^^^^^^^^^^\n  File \"/home/runner/work/Selenium-Python-Example/Selenium-Python-Example/.venv/lib/python3.11/site-packages/selenium/webdriver/support/wait.py\", line 95, in until\n    raise TimeoutException(message, screen, stacktrace)\n","steps":[],"attachments":[],"parameters":[],"stepsCount":0,"attachmentsCount":0,"shouldDisplayMessage":true,"hasContent":true}],"attachments":[],"parameters":[],"stepsCount":1,"attachmentsCount":0,"shouldDisplayMessage":false,"hasContent":true}],"testStage":{"description":"Deleting an existing project from workspace","status":"broken","statusMessage":"selenium.common.exceptions.TimeoutException: Message: \nStacktrace:\n#0 0x55a2a262d613 <unknown>\n#1 0x55a2a2359537 <unknown>\n#2 0x55a2a2397f53 <unknown>\n#3 0x55a2a2398041 <unknown>\n#4 0x55a2a23d32a4 <unknown>\n#5 0x55a2a23b8a5d <unknown>\n#6 0x55a2a23d0d09 <unknown>\n#7 0x55a2a23b8803 <unknown>\n#8 0x55a2a238c68b <unknown>\n#9 0x55a2a238d42e <unknown>\n#10 0x55a2a25eec28 <unknown>\n#11 0x55a2a25f2af7 <unknown>\n#12 0x55a2a25fd01c <unknown>\n#13 0x55a2a25f3723 <unknown>\n#14 0x55a2a25c2457 <unknown>\n#15 0x55a2a2617628 <unknown>\n#16 0x55a2a26177b7 <unknown>\n#17 0x55a2a2626483 <unknown>\n#18 0x7f6cad993b43 <unknown>","statusTrace":"self = <tests.test_workspaces.TestWorkspaces object at 0x7f8ecbd14f50>\nrequest = <SubRequest 'setup_method_fixture' for <Function test_delete_project>>\n\n    @pytest.fixture(autouse=True)\n    def setup_method_fixture(self, request):\n>       login(request, self.about_page, self.login_page)\n\ntests/test_workspaces.py:26: \n_ _ _ _ _ _ _ _ _ _ _ _ _ _ _ _ _ _ _ _ _ _ _ _ _ _ _ _ _ _ _ _ _ _ _ _ _ _ _ _ \ntests/test_workspaces.py:16: in login\n    about_page.click_login_link()\npages/about_page.py:20: in click_login_link\n    self.click(self.LOGIN_LINK)\npages/base_page.py:38: in click\n    el: WebElement = self.wait.until(\n_ _ _ _ _ _ _ _ _ _ _ _ _ _ _ _ _ _ _ _ _ _ _ _ _ _ _ _ _ _ _ _ _ _ _ _ _ _ _ _ \n\nself = <selenium.webdriver.support.wait.WebDriverWait (session=\"55fbee5f1f91355c2e769c58c061f885\")>\nmethod = <function element_to_be_clickable.<locals>._predicate at 0x7f8ecbd698a0>\nmessage = ''\n\n    def until(self, method, message: str = \"\"):\n        \"\"\"Calls the method provided with the driver as an argument until the \\\n        return value does not evaluate to ``False``.\n    \n        :param method: callable(WebDriver)\n        :param message: optional message for :exc:`TimeoutException`\n        :returns: the result of the last call to `method`\n        :raises: :exc:`selenium.common.exceptions.TimeoutException` if timeout occurs\n        \"\"\"\n        screen = None\n        stacktrace = None\n    \n        end_time = time.monotonic() + self._timeout\n        while True:\n            try:\n                value = method(self._driver)\n                if value:\n                    return value\n            except self._ignored_exceptions as exc:\n                screen = getattr(exc, \"screen\", None)\n                stacktrace = getattr(exc, \"stacktrace\", None)\n            time.sleep(self._poll)\n            if time.monotonic() > end_time:\n                break\n>       raise TimeoutException(message, screen, stacktrace)\nE       selenium.common.exceptions.TimeoutException: Message: \nE       Stacktrace:\nE       #0 0x55a2a262d613 <unknown>\nE       #1 0x55a2a2359537 <unknown>\nE       #2 0x55a2a2397f53 <unknown>\nE       #3 0x55a2a2398041 <unknown>\nE       #4 0x55a2a23d32a4 <unknown>\nE       #5 0x55a2a23b8a5d <unknown>\nE       #6 0x55a2a23d0d09 <unknown>\nE       #7 0x55a2a23b8803 <unknown>\nE       #8 0x55a2a238c68b <unknown>\nE       #9 0x55a2a238d42e <unknown>\nE       #10 0x55a2a25eec28 <unknown>\nE       #11 0x55a2a25f2af7 <unknown>\nE       #12 0x55a2a25fd01c <unknown>\nE       #13 0x55a2a25f3723 <unknown>\nE       #14 0x55a2a25c2457 <unknown>\nE       #15 0x55a2a2617628 <unknown>\nE       #16 0x55a2a26177b7 <unknown>\nE       #17 0x55a2a2626483 <unknown>\nE       #18 0x7f6cad993b43 <unknown>\n\n.venv/lib/python3.11/site-packages/selenium/webdriver/support/wait.py:95: TimeoutException","steps":[],"attachments":[{"uid":"50d5fff84ddcbf3a","name":"public ip address","source":"50d5fff84ddcbf3a.txt","type":"text/plain","size":12},{"uid":"abc7d80773db4dd4","name":"Cookies","source":"abc7d80773db4dd4.json","type":"application/json","size":1237},{"uid":"7707d9f563ce9c8","name":"Session Storage","source":"7707d9f563ce9c8.json","type":"application/json","size":2},{"uid":"2e7460f7c2253845","name":"Local Storage","source":"2e7460f7c2253845.json","type":"application/json","size":208},{"uid":"4ae6885ba7a05483","name":"Console Logs","source":"4ae6885ba7a05483.json","type":"application/json","size":4954},{"uid":"bcdf6cc78f31053","name":"Full Page Screenshot","source":"bcdf6cc78f31053.png","type":"image/png","size":3231993},{"uid":"fd68781606ebcf9a","name":"URL","source":"fd68781606ebcf9a.uri","type":"text/uri-list","size":23},{"uid":"15882d1d99c764c0","name":"Network Logs","source":"15882d1d99c764c0.json","type":"application/json","size":28300}],"parameters":[],"stepsCount":0,"attachmentsCount":8,"shouldDisplayMessage":true,"hasContent":true},"afterStages":[],"labels":[{"name":"severity","value":"normal"},{"name":"story","value":"WorkSpaces Creation and Editing Functionality"},{"name":"epic","value":"Workspaces"},{"name":"tag","value":"run(order=9)"},{"name":"parentSuite","value":"tests"},{"name":"suite","value":"test_workspaces"},{"name":"subSuite","value":"TestWorkspaces"},{"name":"host","value":"fv-az442-854"},{"name":"thread","value":"2162-MainThread"},{"name":"framework","value":"pytest"},{"name":"language","value":"cpython3"},{"name":"package","value":"tests.test_workspaces"},{"name":"resultFormat","value":"allure2"}],"parameters":[],"links":[],"hidden":false,"retry":false,"extra":{"severity":"normal","retries":[],"categories":[{"name":"Test defects","matchedStatuses":[],"flaky":false}],"tags":["run(order=9)"]},"source":"71340fbf97994366.json","parameterValues":[]}