{"uid":"73e45109e680ab30","name":"Delete existing workspace","fullName":"tests.workspaces_test.TestWorkspaces#test_delete_workspace","historyId":"085ae9bea926da8512f07258dfb5df8c","time":{"start":1741569621863,"stop":1741569621863,"duration":0},"description":"Delete an existing workspace","descriptionHtml":"<p>Delete an existing workspace</p>\n","status":"broken","statusMessage":"selenium.common.exceptions.TimeoutException: Message: \nStacktrace:\n#0 0x55c3b670453a <unknown>\n#1 0x55c3b61fff00 <unknown>\n#2 0x55c3b624fc0c <unknown>\n#3 0x55c3b624fe31 <unknown>\n#4 0x55c3b6295bd4 <unknown>\n#5 0x55c3b62745cd <unknown>\n#6 0x55c3b6292f84 <unknown>\n#7 0x55c3b6274343 <unknown>\n#8 0x55c3b624178a <unknown>\n#9 0x55c3b62429de <unknown>\n#10 0x55c3b66ce2cb <unknown>\n#11 0x55c3b66d2242 <unknown>\n#12 0x55c3b66bb7ac <unknown>\n#13 0x55c3b66d2df7 <unknown>\n#14 0x55c3b669fb2f <unknown>\n#15 0x55c3b66f31a8 <unknown>\n#16 0x55c3b66f3370 <unknown>\n#17 0x55c3b67033b6 <unknown>\n#18 0x7f6df169caa4 <unknown>\n#19 0x7f6df1729c3c <unknown>","statusTrace":"self = <tests.workspaces_test.TestWorkspaces object at 0x7f38eb095910>\n\n    @pytest.fixture(autouse=True)\n    def setup_method_fixture(self):\n>       login(self.about_page, self.login_page)\n\ntests/workspaces_test.py:25: \n_ _ _ _ _ _ _ _ _ _ _ _ _ _ _ _ _ _ _ _ _ _ _ _ _ _ _ _ _ _ _ _ _ _ _ _ _ _ _ _ \ntests/workspaces_test.py:15: in login\n    about_page.click_login_link()\npages/about_page.py:20: in click_login_link\n    self.click(self.LOGIN_LINK)\npages/base_page.py:60: in click\n    el: WebElement = self.wait.until(\n_ _ _ _ _ _ _ _ _ _ _ _ _ _ _ _ _ _ _ _ _ _ _ _ _ _ _ _ _ _ _ _ _ _ _ _ _ _ _ _ \n\nself = <selenium.webdriver.support.wait.WebDriverWait (session=\"13b611d5006e139a0b07f370c95894e5\")>\nmethod = <function element_to_be_clickable.<locals>._predicate at 0x7f38ea15dbc0>\nmessage = ''\n\n    def until(self, method: Callable[[D], Union[Literal[False], T]], message: str = \"\") -> T:\n        \"\"\"Wait until the method returns a value that is not False.\n    \n        Calls the method provided with the driver as an argument until the\n        return value does not evaluate to ``False``.\n    \n        Parameters:\n        ----------\n        method: callable(WebDriver)\n            - A callable object that takes a WebDriver instance as an argument.\n    \n        message: str\n            - Optional message for :exc:`TimeoutException`\n    \n        Return:\n        -------\n        object: T\n            - The result of the last call to `method`\n    \n        Raises:\n        -------\n        TimeoutException\n            - If 'method' does not return a truthy value within the WebDriverWait\n            object's timeout\n    \n        Example:\n        --------\n        >>> from selenium.webdriver.common.by import By\n        >>> from selenium.webdriver.support.ui import WebDriverWait\n        >>> from selenium.webdriver.support import expected_conditions as EC\n    \n        # Wait until an element is visible on the page\n        >>> wait = WebDriverWait(driver, 10)\n        >>> element = wait.until(EC.visibility_of_element_located((By.ID, \"exampleId\")))\n        >>> print(element.text)\n        \"\"\"\n        screen = None\n        stacktrace = None\n    \n        end_time = time.monotonic() + self._timeout\n        while True:\n            try:\n                value = method(self._driver)\n                if value:\n                    return value\n            except self._ignored_exceptions as exc:\n                screen = getattr(exc, \"screen\", None)\n                stacktrace = getattr(exc, \"stacktrace\", None)\n            if time.monotonic() > end_time:\n                break\n            time.sleep(self._poll)\n>       raise TimeoutException(message, screen, stacktrace)\nE       selenium.common.exceptions.TimeoutException: Message: \nE       Stacktrace:\nE       #0 0x55c3b670453a <unknown>\nE       #1 0x55c3b61fff00 <unknown>\nE       #2 0x55c3b624fc0c <unknown>\nE       #3 0x55c3b624fe31 <unknown>\nE       #4 0x55c3b6295bd4 <unknown>\nE       #5 0x55c3b62745cd <unknown>\nE       #6 0x55c3b6292f84 <unknown>\nE       #7 0x55c3b6274343 <unknown>\nE       #8 0x55c3b624178a <unknown>\nE       #9 0x55c3b62429de <unknown>\nE       #10 0x55c3b66ce2cb <unknown>\nE       #11 0x55c3b66d2242 <unknown>\nE       #12 0x55c3b66bb7ac <unknown>\nE       #13 0x55c3b66d2df7 <unknown>\nE       #14 0x55c3b669fb2f <unknown>\nE       #15 0x55c3b66f31a8 <unknown>\nE       #16 0x55c3b66f3370 <unknown>\nE       #17 0x55c3b67033b6 <unknown>\nE       #18 0x7f6df169caa4 <unknown>\nE       #19 0x7f6df1729c3c <unknown>\n\n.venv/lib/python3.12/site-packages/selenium/webdriver/support/wait.py:146: TimeoutException","flaky":false,"newFailed":false,"newBroken":false,"newPassed":false,"retriesCount":0,"retriesStatusChange":false,"beforeStages":[{"name":"_verify_url","time":{"start":1741569564459,"stop":1741569564459,"duration":0},"status":"passed","steps":[],"attachments":[],"parameters":[],"shouldDisplayMessage":false,"stepsCount":0,"attachmentsCount":0,"hasContent":false,"attachmentStep":false},{"name":"base_url","time":{"start":1741569564459,"stop":1741569564459,"duration":0},"status":"passed","steps":[],"attachments":[],"parameters":[],"shouldDisplayMessage":false,"stepsCount":0,"attachmentsCount":0,"hasContent":false,"attachmentStep":false},{"name":"session_request","time":{"start":1741569564459,"stop":1741569564459,"duration":0},"status":"passed","steps":[],"attachments":[],"parameters":[],"shouldDisplayMessage":false,"stepsCount":0,"attachmentsCount":0,"hasContent":false,"attachmentStep":false},{"name":"setup_method_fixture","time":{"start":1741569624231,"stop":1741569634586,"duration":10355},"status":"broken","statusMessage":"selenium.common.exceptions.TimeoutException: Message: \nStacktrace:\n#0 0x55c3b670453a <unknown>\n#1 0x55c3b61fff00 <unknown>\n#2 0x55c3b624fc0c <unknown>\n#3 0x55c3b624fe31 <unknown>\n#4 0x55c3b6295bd4 <unknown>\n#5 0x55c3b62745cd <unknown>\n#6 0x55c3b6292f84 <unknown>\n#7 0x55c3b6274343 <unknown>\n#8 0x55c3b624178a <unknown>\n#9 0x55c3b62429de <unknown>\n#10 0x55c3b66ce2cb <unknown>\n#11 0x55c3b66d2242 <unknown>\n#12 0x55c3b66bb7ac <unknown>\n#13 0x55c3b66d2df7 <unknown>\n#14 0x55c3b669fb2f <unknown>\n#15 0x55c3b66f31a8 <unknown>\n#16 0x55c3b66f3370 <unknown>\n#17 0x55c3b67033b6 <unknown>\n#18 0x7f6df169caa4 <unknown>\n#19 0x7f6df1729c3c <unknown>\n\n","statusTrace":"  File \"/home/runner/work/Selenium-Python-Example/Selenium-Python-Example/.venv/lib/python3.12/site-packages/pluggy/_callers.py\", line 167, in _multicall\n    teardown.throw(outcome._exception)\n  File \"/home/runner/work/Selenium-Python-Example/Selenium-Python-Example/.venv/lib/python3.12/site-packages/_pytest/setuponly.py\", line 36, in pytest_fixture_setup\n    return (yield)\n            ^^^^^\n  File \"/home/runner/work/Selenium-Python-Example/Selenium-Python-Example/.venv/lib/python3.12/site-packages/pluggy/_callers.py\", line 103, in _multicall\n    res = hook_impl.function(*args)\n          ^^^^^^^^^^^^^^^^^^^^^^^^^\n  File \"/home/runner/work/Selenium-Python-Example/Selenium-Python-Example/.venv/lib/python3.12/site-packages/_pytest/fixtures.py\", line 1140, in pytest_fixture_setup\n    result = call_fixture_func(fixturefunc, request, kwargs)\n             ^^^^^^^^^^^^^^^^^^^^^^^^^^^^^^^^^^^^^^^^^^^^^^^\n  File \"/home/runner/work/Selenium-Python-Example/Selenium-Python-Example/.venv/lib/python3.12/site-packages/_pytest/fixtures.py\", line 898, in call_fixture_func\n    fixture_result = fixturefunc(**kwargs)\n                     ^^^^^^^^^^^^^^^^^^^^^\n  File \"/home/runner/work/Selenium-Python-Example/Selenium-Python-Example/tests/workspaces_test.py\", line 25, in setup_method_fixture\n    login(self.about_page, self.login_page)\n  File \"/home/runner/work/Selenium-Python-Example/Selenium-Python-Example/tests/workspaces_test.py\", line 15, in login\n    about_page.click_login_link()\n  File \"/home/runner/work/Selenium-Python-Example/Selenium-Python-Example/.venv/lib/python3.12/site-packages/allure_commons/_allure.py\", line 192, in impl\n    return func(*a, **kw)\n           ^^^^^^^^^^^^^^\n  File \"/home/runner/work/Selenium-Python-Example/Selenium-Python-Example/pages/about_page.py\", line 20, in click_login_link\n    self.click(self.LOGIN_LINK)\n  File \"/home/runner/work/Selenium-Python-Example/Selenium-Python-Example/pages/base_page.py\", line 60, in click\n    el: WebElement = self.wait.until(\n                     ^^^^^^^^^^^^^^^^\n  File \"/home/runner/work/Selenium-Python-Example/Selenium-Python-Example/.venv/lib/python3.12/site-packages/selenium/webdriver/support/wait.py\", line 146, in until\n    raise TimeoutException(message, screen, stacktrace)\n","steps":[{"name":"Click Login link","time":{"start":1741569624231,"stop":1741569634586,"duration":10355},"status":"broken","statusMessage":"selenium.common.exceptions.TimeoutException: Message: \nStacktrace:\n#0 0x55c3b670453a <unknown>\n#1 0x55c3b61fff00 <unknown>\n#2 0x55c3b624fc0c <unknown>\n#3 0x55c3b624fe31 <unknown>\n#4 0x55c3b6295bd4 <unknown>\n#5 0x55c3b62745cd <unknown>\n#6 0x55c3b6292f84 <unknown>\n#7 0x55c3b6274343 <unknown>\n#8 0x55c3b624178a <unknown>\n#9 0x55c3b62429de <unknown>\n#10 0x55c3b66ce2cb <unknown>\n#11 0x55c3b66d2242 <unknown>\n#12 0x55c3b66bb7ac <unknown>\n#13 0x55c3b66d2df7 <unknown>\n#14 0x55c3b669fb2f <unknown>\n#15 0x55c3b66f31a8 <unknown>\n#16 0x55c3b66f3370 <unknown>\n#17 0x55c3b67033b6 <unknown>\n#18 0x7f6df169caa4 <unknown>\n#19 0x7f6df1729c3c <unknown>\n\n","statusTrace":"  File \"/home/runner/work/Selenium-Python-Example/Selenium-Python-Example/.venv/lib/python3.12/site-packages/allure_commons/_allure.py\", line 192, in impl\n    return func(*a, **kw)\n           ^^^^^^^^^^^^^^\n  File \"/home/runner/work/Selenium-Python-Example/Selenium-Python-Example/pages/about_page.py\", line 20, in click_login_link\n    self.click(self.LOGIN_LINK)\n  File \"/home/runner/work/Selenium-Python-Example/Selenium-Python-Example/pages/base_page.py\", line 60, in click\n    el: WebElement = self.wait.until(\n                     ^^^^^^^^^^^^^^^^\n  File \"/home/runner/work/Selenium-Python-Example/Selenium-Python-Example/.venv/lib/python3.12/site-packages/selenium/webdriver/support/wait.py\", line 146, in until\n    raise TimeoutException(message, screen, stacktrace)\n","steps":[],"attachments":[],"parameters":[],"shouldDisplayMessage":true,"stepsCount":0,"attachmentsCount":0,"hasContent":true,"attachmentStep":false}],"attachments":[],"parameters":[],"shouldDisplayMessage":false,"stepsCount":1,"attachmentsCount":0,"hasContent":true,"attachmentStep":false}],"testStage":{"description":"Delete an existing workspace","status":"broken","statusMessage":"selenium.common.exceptions.TimeoutException: Message: \nStacktrace:\n#0 0x55c3b670453a <unknown>\n#1 0x55c3b61fff00 <unknown>\n#2 0x55c3b624fc0c <unknown>\n#3 0x55c3b624fe31 <unknown>\n#4 0x55c3b6295bd4 <unknown>\n#5 0x55c3b62745cd <unknown>\n#6 0x55c3b6292f84 <unknown>\n#7 0x55c3b6274343 <unknown>\n#8 0x55c3b624178a <unknown>\n#9 0x55c3b62429de <unknown>\n#10 0x55c3b66ce2cb <unknown>\n#11 0x55c3b66d2242 <unknown>\n#12 0x55c3b66bb7ac <unknown>\n#13 0x55c3b66d2df7 <unknown>\n#14 0x55c3b669fb2f <unknown>\n#15 0x55c3b66f31a8 <unknown>\n#16 0x55c3b66f3370 <unknown>\n#17 0x55c3b67033b6 <unknown>\n#18 0x7f6df169caa4 <unknown>\n#19 0x7f6df1729c3c <unknown>","statusTrace":"self = <tests.workspaces_test.TestWorkspaces object at 0x7f38eb095910>\n\n    @pytest.fixture(autouse=True)\n    def setup_method_fixture(self):\n>       login(self.about_page, self.login_page)\n\ntests/workspaces_test.py:25: \n_ _ _ _ _ _ _ _ _ _ _ _ _ _ _ _ _ _ _ _ _ _ _ _ _ _ _ _ _ _ _ _ _ _ _ _ _ _ _ _ \ntests/workspaces_test.py:15: in login\n    about_page.click_login_link()\npages/about_page.py:20: in click_login_link\n    self.click(self.LOGIN_LINK)\npages/base_page.py:60: in click\n    el: WebElement = self.wait.until(\n_ _ _ _ _ _ _ _ _ _ _ _ _ _ _ _ _ _ _ _ _ _ _ _ _ _ _ _ _ _ _ _ _ _ _ _ _ _ _ _ \n\nself = <selenium.webdriver.support.wait.WebDriverWait (session=\"13b611d5006e139a0b07f370c95894e5\")>\nmethod = <function element_to_be_clickable.<locals>._predicate at 0x7f38ea15dbc0>\nmessage = ''\n\n    def until(self, method: Callable[[D], Union[Literal[False], T]], message: str = \"\") -> T:\n        \"\"\"Wait until the method returns a value that is not False.\n    \n        Calls the method provided with the driver as an argument until the\n        return value does not evaluate to ``False``.\n    \n        Parameters:\n        ----------\n        method: callable(WebDriver)\n            - A callable object that takes a WebDriver instance as an argument.\n    \n        message: str\n            - Optional message for :exc:`TimeoutException`\n    \n        Return:\n        -------\n        object: T\n            - The result of the last call to `method`\n    \n        Raises:\n        -------\n        TimeoutException\n            - If 'method' does not return a truthy value within the WebDriverWait\n            object's timeout\n    \n        Example:\n        --------\n        >>> from selenium.webdriver.common.by import By\n        >>> from selenium.webdriver.support.ui import WebDriverWait\n        >>> from selenium.webdriver.support import expected_conditions as EC\n    \n        # Wait until an element is visible on the page\n        >>> wait = WebDriverWait(driver, 10)\n        >>> element = wait.until(EC.visibility_of_element_located((By.ID, \"exampleId\")))\n        >>> print(element.text)\n        \"\"\"\n        screen = None\n        stacktrace = None\n    \n        end_time = time.monotonic() + self._timeout\n        while True:\n            try:\n                value = method(self._driver)\n                if value:\n                    return value\n            except self._ignored_exceptions as exc:\n                screen = getattr(exc, \"screen\", None)\n                stacktrace = getattr(exc, \"stacktrace\", None)\n            if time.monotonic() > end_time:\n                break\n            time.sleep(self._poll)\n>       raise TimeoutException(message, screen, stacktrace)\nE       selenium.common.exceptions.TimeoutException: Message: \nE       Stacktrace:\nE       #0 0x55c3b670453a <unknown>\nE       #1 0x55c3b61fff00 <unknown>\nE       #2 0x55c3b624fc0c <unknown>\nE       #3 0x55c3b624fe31 <unknown>\nE       #4 0x55c3b6295bd4 <unknown>\nE       #5 0x55c3b62745cd <unknown>\nE       #6 0x55c3b6292f84 <unknown>\nE       #7 0x55c3b6274343 <unknown>\nE       #8 0x55c3b624178a <unknown>\nE       #9 0x55c3b62429de <unknown>\nE       #10 0x55c3b66ce2cb <unknown>\nE       #11 0x55c3b66d2242 <unknown>\nE       #12 0x55c3b66bb7ac <unknown>\nE       #13 0x55c3b66d2df7 <unknown>\nE       #14 0x55c3b669fb2f <unknown>\nE       #15 0x55c3b66f31a8 <unknown>\nE       #16 0x55c3b66f3370 <unknown>\nE       #17 0x55c3b67033b6 <unknown>\nE       #18 0x7f6df169caa4 <unknown>\nE       #19 0x7f6df1729c3c <unknown>\n\n.venv/lib/python3.12/site-packages/selenium/webdriver/support/wait.py:146: TimeoutException","steps":[{"name":"public ip address","time":{"start":1741569634600,"stop":1741569634641,"duration":41},"status":"passed","steps":[],"attachments":[{"uid":"d9ba71efd2d6b0be","name":"HTTP logs of http://checkip.amazonaws.com/","source":"d9ba71efd2d6b0be.txt","type":"text/plain","size":357}],"parameters":[],"shouldDisplayMessage":false,"stepsCount":0,"attachmentsCount":1,"hasContent":true,"attachmentStep":false}],"attachments":[{"uid":"9c0c1095b719c213","name":"Cookies","source":"9c0c1095b719c213.json","type":"application/json","size":4111},{"uid":"f1a63fa610205a1c","name":"Session Storage","source":"f1a63fa610205a1c.json","type":"application/json","size":358},{"uid":"f8a59f3c1c09b023","name":"Local Storage","source":"f8a59f3c1c09b023.json","type":"application/json","size":350},{"uid":"6ffd600fc58e387b","name":"Full Page Screenshot","source":"6ffd600fc58e387b.png","type":"image/png","size":2268092},{"uid":"97f9e97cab7ea66b","name":"URL","source":"97f9e97cab7ea66b.uri","type":"text/uri-list","size":23},{"uid":"52e62a793ccd3330","name":"Network Logs","source":"52e62a793ccd3330.json","type":"application/json","size":59792}],"parameters":[],"shouldDisplayMessage":true,"stepsCount":1,"attachmentsCount":7,"hasContent":true,"attachmentStep":false},"afterStages":[{"name":"session_request::0","time":{"start":1741569725040,"stop":1741569725040,"duration":0},"status":"passed","steps":[],"attachments":[],"parameters":[],"shouldDisplayMessage":false,"stepsCount":0,"attachmentsCount":0,"hasContent":false,"attachmentStep":false}],"labels":[{"name":"severity","value":"normal"},{"name":"story","value":"WorkSpaces Creation and Editing Functionality"},{"name":"epic","value":"Workspaces"},{"name":"tag","value":"run(order=3)"},{"name":"parentSuite","value":"tests"},{"name":"suite","value":"workspaces_test"},{"name":"subSuite","value":"TestWorkspaces"},{"name":"host","value":"fv-az1660-13"},{"name":"thread","value":"2045-MainThread"},{"name":"framework","value":"pytest"},{"name":"language","value":"cpython3"},{"name":"package","value":"tests.workspaces_test"},{"name":"resultFormat","value":"allure2"}],"parameters":[],"links":[],"hidden":false,"retry":false,"extra":{"severity":"normal","retries":[],"categories":[{"name":"Test defects","matchedStatuses":[],"flaky":false}],"tags":["run(order=3)"]},"source":"73e45109e680ab30.json","parameterValues":[]}