{"uid":"9ce197f8a2a941f4","name":"Rename an existing workspace test","fullName":"tests.workspaces_test.TestWorkspaces#test_rename_workspace","historyId":"cd63adf5d11191c5904362b968c9e131","time":{"start":1728178975155,"stop":1728178975155,"duration":0},"description":"Rename an existing workspace","descriptionHtml":"<p>Rename an existing workspace</p>\n","status":"broken","statusMessage":"selenium.common.exceptions.TimeoutException: Message: \nStacktrace:\n#0 0x560229c6a13a <unknown>\n#1 0x5602299505e0 <unknown>\n#2 0x56022999fbe8 <unknown>\n#3 0x56022999fe81 <unknown>\n#4 0x5602299e68c4 <unknown>\n#5 0x5602299c4b4d <unknown>\n#6 0x5602299e3d7d <unknown>\n#7 0x5602299c48c3 <unknown>\n#8 0x5602299926b3 <unknown>\n#9 0x56022999368e <unknown>\n#10 0x560229c34b3b <unknown>\n#11 0x560229c38ac1 <unknown>\n#12 0x560229c21335 <unknown>\n#13 0x560229c39642 <unknown>\n#14 0x560229c0649f <unknown>\n#15 0x560229c59038 <unknown>\n#16 0x560229c59203 <unknown>\n#17 0x560229c68f8c <unknown>\n#18 0x7f02f0294ac3 <unknown>","statusTrace":"self = <tests.workspaces_test.TestWorkspaces object at 0x7fdd92681a90>\n\n    @pytest.fixture(autouse=True)\n    def setup_method_fixture(self):\n>       login(self.about_page, self.login_page)\n\ntests/workspaces_test.py:25: \n_ _ _ _ _ _ _ _ _ _ _ _ _ _ _ _ _ _ _ _ _ _ _ _ _ _ _ _ _ _ _ _ _ _ _ _ _ _ _ _ \ntests/workspaces_test.py:15: in login\n    about_page.click_login_link()\npages/about_page.py:20: in click_login_link\n    self.click(self.LOGIN_LINK)\npages/base_page.py:60: in click\n    el: WebElement = self.wait.until(\n_ _ _ _ _ _ _ _ _ _ _ _ _ _ _ _ _ _ _ _ _ _ _ _ _ _ _ _ _ _ _ _ _ _ _ _ _ _ _ _ \n\nself = <selenium.webdriver.support.wait.WebDriverWait (session=\"cbb4af0c3c055486446deb819d2c5599\")>\nmethod = <function element_to_be_clickable.<locals>._predicate at 0x7fdd91b58fe0>\nmessage = ''\n\n    def until(self, method: Callable[[D], Union[Literal[False], T]], message: str = \"\") -> T:\n        \"\"\"Calls the method provided with the driver as an argument until the \\\n        return value does not evaluate to ``False``.\n    \n        :param method: callable(WebDriver)\n        :param message: optional message for :exc:`TimeoutException`\n        :returns: the result of the last call to `method`\n        :raises: :exc:`selenium.common.exceptions.TimeoutException` if timeout occurs\n        \"\"\"\n        screen = None\n        stacktrace = None\n    \n        end_time = time.monotonic() + self._timeout\n        while True:\n            try:\n                value = method(self._driver)\n                if value:\n                    return value\n            except self._ignored_exceptions as exc:\n                screen = getattr(exc, \"screen\", None)\n                stacktrace = getattr(exc, \"stacktrace\", None)\n            time.sleep(self._poll)\n            if time.monotonic() > end_time:\n                break\n>       raise TimeoutException(message, screen, stacktrace)\nE       selenium.common.exceptions.TimeoutException: Message: \nE       Stacktrace:\nE       #0 0x560229c6a13a <unknown>\nE       #1 0x5602299505e0 <unknown>\nE       #2 0x56022999fbe8 <unknown>\nE       #3 0x56022999fe81 <unknown>\nE       #4 0x5602299e68c4 <unknown>\nE       #5 0x5602299c4b4d <unknown>\nE       #6 0x5602299e3d7d <unknown>\nE       #7 0x5602299c48c3 <unknown>\nE       #8 0x5602299926b3 <unknown>\nE       #9 0x56022999368e <unknown>\nE       #10 0x560229c34b3b <unknown>\nE       #11 0x560229c38ac1 <unknown>\nE       #12 0x560229c21335 <unknown>\nE       #13 0x560229c39642 <unknown>\nE       #14 0x560229c0649f <unknown>\nE       #15 0x560229c59038 <unknown>\nE       #16 0x560229c59203 <unknown>\nE       #17 0x560229c68f8c <unknown>\nE       #18 0x7f02f0294ac3 <unknown>\n\n.venv/lib/python3.12/site-packages/selenium/webdriver/support/wait.py:105: TimeoutException","flaky":false,"newFailed":false,"newBroken":false,"newPassed":false,"retriesCount":0,"retriesStatusChange":false,"beforeStages":[{"name":"base_url","time":{"start":1728178961791,"stop":1728178961791,"duration":0},"status":"passed","steps":[],"attachments":[],"parameters":[],"shouldDisplayMessage":false,"stepsCount":0,"attachmentsCount":0,"hasContent":false,"attachmentStep":false},{"name":"data","time":{"start":1728178961792,"stop":1728178961793,"duration":1},"status":"passed","steps":[],"attachments":[],"parameters":[],"shouldDisplayMessage":false,"stepsCount":0,"attachmentsCount":0,"hasContent":false,"attachmentStep":false},{"name":"_verify_url","time":{"start":1728178961792,"stop":1728178961792,"duration":0},"status":"passed","steps":[],"attachments":[],"parameters":[],"shouldDisplayMessage":false,"stepsCount":0,"attachmentsCount":0,"hasContent":false,"attachmentStep":false},{"name":"session_request","time":{"start":1728178961792,"stop":1728178961792,"duration":0},"status":"passed","steps":[],"attachments":[],"parameters":[],"shouldDisplayMessage":false,"stepsCount":0,"attachmentsCount":0,"hasContent":false,"attachmentStep":false},{"name":"setup_method_fixture","time":{"start":1728178976905,"stop":1728178987277,"duration":10372},"status":"broken","statusMessage":"selenium.common.exceptions.TimeoutException: Message: \nStacktrace:\n#0 0x560229c6a13a <unknown>\n#1 0x5602299505e0 <unknown>\n#2 0x56022999fbe8 <unknown>\n#3 0x56022999fe81 <unknown>\n#4 0x5602299e68c4 <unknown>\n#5 0x5602299c4b4d <unknown>\n#6 0x5602299e3d7d <unknown>\n#7 0x5602299c48c3 <unknown>\n#8 0x5602299926b3 <unknown>\n#9 0x56022999368e <unknown>\n#10 0x560229c34b3b <unknown>\n#11 0x560229c38ac1 <unknown>\n#12 0x560229c21335 <unknown>\n#13 0x560229c39642 <unknown>\n#14 0x560229c0649f <unknown>\n#15 0x560229c59038 <unknown>\n#16 0x560229c59203 <unknown>\n#17 0x560229c68f8c <unknown>\n#18 0x7f02f0294ac3 <unknown>\n\n","statusTrace":"  File \"/home/runner/work/Selenium-Python-Example/Selenium-Python-Example/.venv/lib/python3.12/site-packages/pluggy/_callers.py\", line 167, in _multicall\n    teardown.throw(outcome._exception)\n  File \"/home/runner/work/Selenium-Python-Example/Selenium-Python-Example/.venv/lib/python3.12/site-packages/_pytest/setuponly.py\", line 36, in pytest_fixture_setup\n    return (yield)\n            ^^^^^\n  File \"/home/runner/work/Selenium-Python-Example/Selenium-Python-Example/.venv/lib/python3.12/site-packages/pluggy/_callers.py\", line 103, in _multicall\n    res = hook_impl.function(*args)\n          ^^^^^^^^^^^^^^^^^^^^^^^^^\n  File \"/home/runner/work/Selenium-Python-Example/Selenium-Python-Example/.venv/lib/python3.12/site-packages/_pytest/fixtures.py\", line 1140, in pytest_fixture_setup\n    result = call_fixture_func(fixturefunc, request, kwargs)\n             ^^^^^^^^^^^^^^^^^^^^^^^^^^^^^^^^^^^^^^^^^^^^^^^\n  File \"/home/runner/work/Selenium-Python-Example/Selenium-Python-Example/.venv/lib/python3.12/site-packages/_pytest/fixtures.py\", line 898, in call_fixture_func\n    fixture_result = fixturefunc(**kwargs)\n                     ^^^^^^^^^^^^^^^^^^^^^\n  File \"/home/runner/work/Selenium-Python-Example/Selenium-Python-Example/tests/workspaces_test.py\", line 25, in setup_method_fixture\n    login(self.about_page, self.login_page)\n  File \"/home/runner/work/Selenium-Python-Example/Selenium-Python-Example/tests/workspaces_test.py\", line 15, in login\n    about_page.click_login_link()\n  File \"/home/runner/work/Selenium-Python-Example/Selenium-Python-Example/.venv/lib/python3.12/site-packages/allure_commons/_allure.py\", line 192, in impl\n    return func(*a, **kw)\n           ^^^^^^^^^^^^^^\n  File \"/home/runner/work/Selenium-Python-Example/Selenium-Python-Example/pages/about_page.py\", line 20, in click_login_link\n    self.click(self.LOGIN_LINK)\n  File \"/home/runner/work/Selenium-Python-Example/Selenium-Python-Example/pages/base_page.py\", line 60, in click\n    el: WebElement = self.wait.until(\n                     ^^^^^^^^^^^^^^^^\n  File \"/home/runner/work/Selenium-Python-Example/Selenium-Python-Example/.venv/lib/python3.12/site-packages/selenium/webdriver/support/wait.py\", line 105, in until\n    raise TimeoutException(message, screen, stacktrace)\n","steps":[{"name":"Click Login link","time":{"start":1728178976905,"stop":1728178987277,"duration":10372},"status":"broken","statusMessage":"selenium.common.exceptions.TimeoutException: Message: \nStacktrace:\n#0 0x560229c6a13a <unknown>\n#1 0x5602299505e0 <unknown>\n#2 0x56022999fbe8 <unknown>\n#3 0x56022999fe81 <unknown>\n#4 0x5602299e68c4 <unknown>\n#5 0x5602299c4b4d <unknown>\n#6 0x5602299e3d7d <unknown>\n#7 0x5602299c48c3 <unknown>\n#8 0x5602299926b3 <unknown>\n#9 0x56022999368e <unknown>\n#10 0x560229c34b3b <unknown>\n#11 0x560229c38ac1 <unknown>\n#12 0x560229c21335 <unknown>\n#13 0x560229c39642 <unknown>\n#14 0x560229c0649f <unknown>\n#15 0x560229c59038 <unknown>\n#16 0x560229c59203 <unknown>\n#17 0x560229c68f8c <unknown>\n#18 0x7f02f0294ac3 <unknown>\n\n","statusTrace":"  File \"/home/runner/work/Selenium-Python-Example/Selenium-Python-Example/.venv/lib/python3.12/site-packages/allure_commons/_allure.py\", line 192, in impl\n    return func(*a, **kw)\n           ^^^^^^^^^^^^^^\n  File \"/home/runner/work/Selenium-Python-Example/Selenium-Python-Example/pages/about_page.py\", line 20, in click_login_link\n    self.click(self.LOGIN_LINK)\n  File \"/home/runner/work/Selenium-Python-Example/Selenium-Python-Example/pages/base_page.py\", line 60, in click\n    el: WebElement = self.wait.until(\n                     ^^^^^^^^^^^^^^^^\n  File \"/home/runner/work/Selenium-Python-Example/Selenium-Python-Example/.venv/lib/python3.12/site-packages/selenium/webdriver/support/wait.py\", line 105, in until\n    raise TimeoutException(message, screen, stacktrace)\n","steps":[],"attachments":[],"parameters":[],"shouldDisplayMessage":true,"stepsCount":0,"attachmentsCount":0,"hasContent":true,"attachmentStep":false}],"attachments":[],"parameters":[],"shouldDisplayMessage":false,"stepsCount":1,"attachmentsCount":0,"hasContent":true,"attachmentStep":false}],"testStage":{"description":"Rename an existing workspace","status":"broken","statusMessage":"selenium.common.exceptions.TimeoutException: Message: \nStacktrace:\n#0 0x560229c6a13a <unknown>\n#1 0x5602299505e0 <unknown>\n#2 0x56022999fbe8 <unknown>\n#3 0x56022999fe81 <unknown>\n#4 0x5602299e68c4 <unknown>\n#5 0x5602299c4b4d <unknown>\n#6 0x5602299e3d7d <unknown>\n#7 0x5602299c48c3 <unknown>\n#8 0x5602299926b3 <unknown>\n#9 0x56022999368e <unknown>\n#10 0x560229c34b3b <unknown>\n#11 0x560229c38ac1 <unknown>\n#12 0x560229c21335 <unknown>\n#13 0x560229c39642 <unknown>\n#14 0x560229c0649f <unknown>\n#15 0x560229c59038 <unknown>\n#16 0x560229c59203 <unknown>\n#17 0x560229c68f8c <unknown>\n#18 0x7f02f0294ac3 <unknown>","statusTrace":"self = <tests.workspaces_test.TestWorkspaces object at 0x7fdd92681a90>\n\n    @pytest.fixture(autouse=True)\n    def setup_method_fixture(self):\n>       login(self.about_page, self.login_page)\n\ntests/workspaces_test.py:25: \n_ _ _ _ _ _ _ _ _ _ _ _ _ _ _ _ _ _ _ _ _ _ _ _ _ _ _ _ _ _ _ _ _ _ _ _ _ _ _ _ \ntests/workspaces_test.py:15: in login\n    about_page.click_login_link()\npages/about_page.py:20: in click_login_link\n    self.click(self.LOGIN_LINK)\npages/base_page.py:60: in click\n    el: WebElement = self.wait.until(\n_ _ _ _ _ _ _ _ _ _ _ _ _ _ _ _ _ _ _ _ _ _ _ _ _ _ _ _ _ _ _ _ _ _ _ _ _ _ _ _ \n\nself = <selenium.webdriver.support.wait.WebDriverWait (session=\"cbb4af0c3c055486446deb819d2c5599\")>\nmethod = <function element_to_be_clickable.<locals>._predicate at 0x7fdd91b58fe0>\nmessage = ''\n\n    def until(self, method: Callable[[D], Union[Literal[False], T]], message: str = \"\") -> T:\n        \"\"\"Calls the method provided with the driver as an argument until the \\\n        return value does not evaluate to ``False``.\n    \n        :param method: callable(WebDriver)\n        :param message: optional message for :exc:`TimeoutException`\n        :returns: the result of the last call to `method`\n        :raises: :exc:`selenium.common.exceptions.TimeoutException` if timeout occurs\n        \"\"\"\n        screen = None\n        stacktrace = None\n    \n        end_time = time.monotonic() + self._timeout\n        while True:\n            try:\n                value = method(self._driver)\n                if value:\n                    return value\n            except self._ignored_exceptions as exc:\n                screen = getattr(exc, \"screen\", None)\n                stacktrace = getattr(exc, \"stacktrace\", None)\n            time.sleep(self._poll)\n            if time.monotonic() > end_time:\n                break\n>       raise TimeoutException(message, screen, stacktrace)\nE       selenium.common.exceptions.TimeoutException: Message: \nE       Stacktrace:\nE       #0 0x560229c6a13a <unknown>\nE       #1 0x5602299505e0 <unknown>\nE       #2 0x56022999fbe8 <unknown>\nE       #3 0x56022999fe81 <unknown>\nE       #4 0x5602299e68c4 <unknown>\nE       #5 0x5602299c4b4d <unknown>\nE       #6 0x5602299e3d7d <unknown>\nE       #7 0x5602299c48c3 <unknown>\nE       #8 0x5602299926b3 <unknown>\nE       #9 0x56022999368e <unknown>\nE       #10 0x560229c34b3b <unknown>\nE       #11 0x560229c38ac1 <unknown>\nE       #12 0x560229c21335 <unknown>\nE       #13 0x560229c39642 <unknown>\nE       #14 0x560229c0649f <unknown>\nE       #15 0x560229c59038 <unknown>\nE       #16 0x560229c59203 <unknown>\nE       #17 0x560229c68f8c <unknown>\nE       #18 0x7f02f0294ac3 <unknown>\n\n.venv/lib/python3.12/site-packages/selenium/webdriver/support/wait.py:105: TimeoutException","steps":[{"name":"public ip address","time":{"start":1728178987290,"stop":1728178987336,"duration":46},"status":"passed","steps":[],"attachments":[{"uid":"8682b3c10d9a8c33","name":"HTTP logs of http://checkip.amazonaws.com/","source":"8682b3c10d9a8c33.txt","type":"text/plain","size":358}],"parameters":[],"shouldDisplayMessage":false,"stepsCount":0,"attachmentsCount":1,"hasContent":true,"attachmentStep":false}],"attachments":[{"uid":"2ea995ca0b3d5778","name":"Cookies","source":"2ea995ca0b3d5778.json","type":"application/json","size":3584},{"uid":"8c59b92dc14ba5a1","name":"Session Storage","source":"8c59b92dc14ba5a1.json","type":"application/json","size":359},{"uid":"335afef2d0c273a1","name":"Local Storage","source":"335afef2d0c273a1.json","type":"application/json","size":350},{"uid":"3296c79b1aa34c16","name":"Console Logs","source":"3296c79b1aa34c16.json","type":"application/json","size":236},{"uid":"7b89d9080a7b6909","name":"Full Page Screenshot","source":"7b89d9080a7b6909.png","type":"image/png","size":4626709},{"uid":"299629a1e88cec4f","name":"URL","source":"299629a1e88cec4f.uri","type":"text/uri-list","size":23},{"uid":"73979f45ed1706a2","name":"Network Logs","source":"73979f45ed1706a2.json","type":"application/json","size":66281}],"parameters":[],"shouldDisplayMessage":true,"stepsCount":1,"attachmentsCount":8,"hasContent":true,"attachmentStep":false},"afterStages":[{"name":"session_request::0","time":{"start":1728179129232,"stop":1728179129232,"duration":0},"status":"passed","steps":[],"attachments":[],"parameters":[],"shouldDisplayMessage":false,"stepsCount":0,"attachmentsCount":0,"hasContent":false,"attachmentStep":false}],"labels":[{"name":"story","value":"WorkSpaces Creation and Editing Functionality"},{"name":"severity","value":"normal"},{"name":"epic","value":"Workspaces"},{"name":"tag","value":"run(order=2)"},{"name":"parentSuite","value":"tests"},{"name":"suite","value":"workspaces_test"},{"name":"subSuite","value":"TestWorkspaces"},{"name":"host","value":"fv-az881-897"},{"name":"thread","value":"1905-MainThread"},{"name":"framework","value":"pytest"},{"name":"language","value":"cpython3"},{"name":"package","value":"tests.workspaces_test"},{"name":"resultFormat","value":"allure2"}],"parameters":[],"links":[],"hidden":false,"retry":false,"extra":{"severity":"normal","retries":[],"categories":[{"name":"Test defects","matchedStatuses":[],"flaky":false}],"tags":["run(order=2)"]},"source":"9ce197f8a2a941f4.json","parameterValues":[]}